[14:46:20:096]	[OPER] ----- Initialize -----
[14:46:20:096]	[SEND] RESET
[14:46:20:139]	[RECV] A
[14:46:20:142]	[RECV] O
[14:46:20:147]	[SEND] HOM
[14:46:20:188]	[RECV] A
[14:46:37:899]	[RECV] O
[14:46:37:902]	[SEND] STATUS
[14:46:37:954]	[RECV] A
[14:46:37:955]	[RECV] S4150142B
[14:46:37:956]	[OPER] ----- Result : Completed, Description : 
[14:46:37:957]	[OPER] ----- ChangeToFoup -----
[14:46:37:957]	[SEND] RESET
[14:46:37:999]	[RECV] A
[14:46:38:000]	[RECV] O
[14:46:38:003]	[SEND] OC_MODE OFF
[14:46:38:051]	[RECV] A
[14:46:38:052]	[RECV] O
[14:46:38:055]	[SEND] STATUS
[14:46:38:107]	[RECV] A
[14:46:38:108]	[RECV] S4150142B
[14:46:38:109]	[OPER] ----- Result : Completed, Description : 
[15:00:35:735]	[OPER] ----- Initialize -----
[15:00:35:735]	[SEND] RESET
[15:00:35:778]	[RECV] A
[15:00:35:781]	[RECV] O
[15:00:35:785]	[SEND] HOM
[15:00:35:827]	[RECV] A
[15:00:52:969]	[RECV] O
[15:00:52:973]	[SEND] STATUS
[15:00:53:026]	[RECV] A
[15:00:53:027]	[RECV] S4150142B
[15:00:53:029]	[OPER] ----- Result : Completed, Description : 
[15:00:53:031]	[OPER] ----- ChangeToFoup -----
[15:00:53:031]	[SEND] RESET
[15:00:53:073]	[RECV] A
[15:00:53:074]	[RECV] O
[15:00:53:077]	[SEND] OC_MODE OFF
[15:00:53:125]	[RECV] A
[15:00:53:126]	[RECV] O
[15:00:53:129]	[SEND] STATUS
[15:00:53:181]	[RECV] A
[15:00:53:182]	[RECV] S4150142B
[15:00:53:183]	[OPER] ----- Result : Completed, Description : 
[15:27:04:060]	[RECV] C00010000
[15:27:04:061]	[RECV] C00000020
[15:27:24:523]	[OPER] ----- Initialize -----
[15:27:24:523]	[SEND] RESET
[15:27:24:568]	[RECV] A
[15:27:24:569]	[RECV] O
[15:27:24:573]	[SEND] HOM
[15:27:24:612]	[RECV] A
[15:27:42:269]	[RECV] O
[15:27:42:272]	[SEND] STATUS
[15:27:42:324]	[RECV] A
[15:27:42:325]	[RECV] S4150142B
[15:27:42:326]	[OPER] ----- Result : Completed, Description : 
[15:27:42:327]	[OPER] ----- ChangeToFoup -----
[15:27:42:327]	[SEND] RESET
[15:27:42:370]	[RECV] A
[15:27:42:371]	[RECV] O
[15:27:42:375]	[SEND] OC_MODE OFF
[15:27:42:424]	[RECV] A
[15:27:42:425]	[RECV] O
[15:27:42:429]	[SEND] STATUS
[15:27:42:482]	[RECV] A
[15:27:42:483]	[RECV] S4150142B
[15:27:42:484]	[OPER] ----- Result : Completed, Description : 
[15:30:00:810]	[OPER] ----- Initialize -----
[15:30:00:810]	[SEND] RESET
[15:30:00:855]	[RECV] A
[15:30:00:856]	[RECV] O
[15:30:00:860]	[SEND] HOM
[15:30:00:903]	[RECV] A
[15:30:18:034]	[RECV] O
[15:30:18:037]	[SEND] STATUS
[15:30:18:089]	[RECV] A
[15:30:18:090]	[RECV] S4150142B
[15:30:18:091]	[OPER] ----- Result : Completed, Description : 
[15:30:18:092]	[OPER] ----- ChangeToFoup -----
[15:30:18:092]	[SEND] RESET
[15:30:18:134]	[RECV] A
[15:30:18:135]	[RECV] O
[15:30:18:139]	[SEND] OC_MODE OFF
[15:30:18:187]	[RECV] A
[15:30:18:188]	[RECV] O
[15:30:18:191]	[SEND] STATUS
[15:30:18:244]	[RECV] A
[15:30:18:245]	[RECV] S4150142B
[15:30:18:247]	[OPER] ----- Result : Completed, Description : 
