[09:47:59:804]	[RECV] C01000000
[10:36:28:687]	[OPER] ----- Initialize -----
[10:36:28:687]	[SEND] RESET
[10:36:28:733]	[RECV] A
[10:36:28:734]	[RECV] O
[10:36:28:738]	[SEND] HOM
[10:36:28:779]	[RECV] A
[10:36:45:923]	[RECV] O
[10:36:45:926]	[SEND] STATUS
[10:36:45:978]	[RECV] A
[10:36:45:979]	[RECV] S4150142B
[10:36:45:980]	[OPER] ----- Result : Completed, Description : 
[10:36:45:981]	[OPER] ----- ChangeToFoup -----
[10:36:45:981]	[SEND] RESET
[10:36:46:023]	[RECV] A
[10:36:46:024]	[RECV] O
[10:36:46:027]	[SEND] OC_MODE OFF
[10:36:46:075]	[RECV] A
[10:36:46:076]	[RECV] O
[10:36:46:079]	[SEND] STATUS
[10:36:46:131]	[RECV] A
[10:36:46:132]	[RECV] S4150142B
[10:36:46:134]	[OPER] ----- Result : Completed, Description : 
[10:42:11:012]	[RECV] C01000000
[10:49:27:915]	[OPER] ----- Initialize -----
[10:49:27:915]	[SEND] RESET
[10:49:27:958]	[RECV] A
[10:49:27:959]	[RECV] O
[10:49:27:962]	[SEND] HOM
[10:49:28:002]	[RECV] A
[10:49:45:921]	[RECV] O
[10:49:45:925]	[SEND] STATUS
[10:49:45:979]	[RECV] A
[10:49:45:980]	[RECV] S4150142B
[10:49:45:981]	[OPER] ----- Result : Completed, Description : 
[10:49:45:982]	[OPER] ----- ChangeToFoup -----
[10:49:45:982]	[SEND] RESET
[10:49:46:025]	[RECV] A
[10:49:46:026]	[RECV] O
[10:49:46:030]	[SEND] OC_MODE OFF
[10:49:46:078]	[RECV] A
[10:49:46:079]	[RECV] O
[10:49:46:082]	[SEND] STATUS
[10:49:46:136]	[RECV] A
[10:49:46:137]	[RECV] S4150142B
[10:49:46:139]	[OPER] ----- Result : Completed, Description : 
[10:51:40:002]	[RECV] C01000000
[11:46:38:808]	[RECV] C00010000
[11:46:38:809]	[RECV] C00000020
[11:58:22:314]	[OPER] ----- Initialize -----
[11:58:22:314]	[SEND] RESET
[11:58:22:358]	[RECV] A
[11:58:22:359]	[RECV] O
[11:58:22:362]	[SEND] HOM
[11:58:22:402]	[RECV] A
[11:58:40:029]	[RECV] O
[11:58:40:032]	[SEND] STATUS
[11:58:40:083]	[RECV] A
[11:58:40:084]	[RECV] S4150142B
[11:58:40:086]	[OPER] ----- Result : Completed, Description : 
[11:58:40:087]	[OPER] ----- ChangeToFoup -----
[11:58:40:087]	[SEND] RESET
[11:58:40:130]	[RECV] A
[11:58:40:131]	[RECV] O
[11:58:40:135]	[SEND] OC_MODE OFF
[11:58:40:185]	[RECV] A
[11:58:40:186]	[RECV] O
[11:58:40:189]	[SEND] STATUS
[11:58:40:241]	[RECV] A
[11:58:40:242]	[RECV] S4150142B
[11:58:40:243]	[OPER] ----- Result : Completed, Description : 
[13:47:52:789]	[RECV] C01000000
[14:13:43:199]	[OPER] ----- Initialize -----
[14:13:43:199]	[SEND] RESET
[14:13:43:244]	[RECV] A
[14:13:43:245]	[RECV] O
[14:13:43:246]	[SEND] HOM
[14:13:43:285]	[RECV] A
[14:14:00:398]	[RECV] O
[14:14:00:402]	[SEND] STATUS
[14:14:00:453]	[RECV] A
[14:14:00:454]	[RECV] S4150142B
[14:14:00:455]	[OPER] ----- Result : Completed, Description : 
[14:14:00:456]	[OPER] ----- ChangeToFoup -----
[14:14:00:456]	[SEND] RESET
[14:14:00:499]	[RECV] A
[14:14:00:500]	[RECV] O
[14:14:00:503]	[SEND] OC_MODE OFF
[14:14:00:552]	[RECV] A
[14:14:00:553]	[RECV] O
[14:14:00:557]	[SEND] STATUS
[14:14:00:610]	[RECV] A
[14:14:00:611]	[RECV] S4150142B
[14:14:00:613]	[OPER] ----- Result : Completed, Description : 
[14:16:23:757]	[OPER] ----- Initialize -----
[14:16:23:757]	[SEND] RESET
[14:16:23:800]	[RECV] A
[14:16:23:801]	[RECV] O
[14:16:23:805]	[SEND] HOM
[14:16:23:844]	[RECV] A
[14:16:40:942]	[RECV] O
[14:16:40:945]	[SEND] STATUS
[14:16:40:997]	[RECV] A
[14:16:40:998]	[RECV] S4150142B
[14:16:40:999]	[OPER] ----- Result : Completed, Description : 
[14:16:41:000]	[OPER] ----- ChangeToFoup -----
[14:16:41:000]	[SEND] RESET
[14:16:41:043]	[RECV] A
[14:16:41:044]	[RECV] O
[14:16:41:048]	[SEND] OC_MODE OFF
[14:16:41:097]	[RECV] A
[14:16:41:098]	[RECV] O
[14:16:41:102]	[SEND] STATUS
[14:16:41:154]	[RECV] A
[14:16:41:155]	[RECV] S4150142B
[14:16:41:156]	[OPER] ----- Result : Completed, Description : 
[14:45:45:423]	[OPER] ----- Initialize -----
[14:45:45:423]	[SEND] RESET
[14:45:45:468]	[RECV] A
[14:45:45:469]	[RECV] O
[14:45:45:472]	[SEND] HOM
[14:45:45:513]	[RECV] A
[14:46:02:609]	[RECV] O
[14:46:02:612]	[SEND] STATUS
[14:46:02:664]	[RECV] A
[14:46:02:665]	[RECV] S4150142B
[14:46:02:667]	[OPER] ----- Result : Completed, Description : 
[14:46:02:668]	[OPER] ----- ChangeToFoup -----
[14:46:02:668]	[SEND] RESET
[14:46:02:710]	[RECV] A
[14:46:02:711]	[RECV] O
[14:46:02:714]	[SEND] OC_MODE OFF
[14:46:02:761]	[RECV] A
[14:46:02:762]	[RECV] O
[14:46:02:765]	[SEND] STATUS
[14:46:02:817]	[RECV] A
[14:46:02:818]	[RECV] S4150142B
[14:46:02:819]	[OPER] ----- Result : Completed, Description : 
[15:19:27:712]	[OPER] ----- Initialize -----
[15:19:27:712]	[SEND] RESET
[15:19:27:756]	[RECV] A
[15:19:27:757]	[RECV] O
[15:19:27:760]	[SEND] HOM
[15:19:27:798]	[RECV] A
[15:19:44:856]	[RECV] O
[15:19:44:859]	[SEND] STATUS
[15:19:44:910]	[RECV] A
[15:19:44:911]	[RECV] S4150142B
[15:19:44:913]	[OPER] ----- Result : Completed, Description : 
[15:19:44:914]	[OPER] ----- ChangeToFoup -----
[15:19:44:914]	[SEND] RESET
[15:19:44:956]	[RECV] A
[15:19:44:957]	[RECV] O
[15:19:44:961]	[SEND] OC_MODE OFF
[15:19:45:008]	[RECV] A
[15:19:45:009]	[RECV] O
[15:19:45:013]	[SEND] STATUS
[15:19:45:065]	[RECV] A
[15:19:45:066]	[RECV] S4150142B
[15:19:45:067]	[OPER] ----- Result : Completed, Description : 
[15:20:29:978]	[OPER] ----- Initialize -----
[15:20:29:978]	[SEND] RESET
[15:20:30:023]	[RECV] A
[15:20:30:024]	[RECV] O
[15:20:30:027]	[SEND] HOM
[15:20:30:068]	[RECV] A
[15:20:47:110]	[RECV] O
[15:20:47:114]	[SEND] STATUS
[15:20:47:166]	[RECV] A
[15:20:47:167]	[RECV] S4150142B
[15:20:47:168]	[OPER] ----- Result : Completed, Description : 
[15:20:47:169]	[OPER] ----- ChangeToFoup -----
[15:20:47:169]	[SEND] RESET
[15:20:47:211]	[RECV] A
[15:20:47:212]	[RECV] O
[15:20:47:216]	[SEND] OC_MODE OFF
[15:20:47:265]	[RECV] A
[15:20:47:266]	[RECV] O
[15:20:47:270]	[SEND] STATUS
[15:20:47:322]	[RECV] A
[15:20:47:323]	[RECV] S4150142B
[15:20:47:324]	[OPER] ----- Result : Completed, Description : 
[15:34:23:690]	[OPER] ----- Initialize -----
[15:34:23:690]	[SEND] RESET
[15:34:23:735]	[RECV] A
[15:34:23:736]	[RECV] O
[15:34:23:741]	[SEND] HOM
[15:34:23:778]	[RECV] A
[15:34:40:827]	[RECV] O
[15:34:40:831]	[SEND] STATUS
[15:34:40:882]	[RECV] A
[15:34:40:883]	[RECV] S4150142B
[15:34:40:884]	[OPER] ----- Result : Completed, Description : 
[15:34:40:885]	[OPER] ----- ChangeToFoup -----
[15:34:40:885]	[SEND] RESET
[15:34:40:927]	[RECV] A
[15:34:40:928]	[RECV] O
[15:34:40:931]	[SEND] OC_MODE OFF
[15:34:40:979]	[RECV] A
[15:34:40:980]	[RECV] O
[15:34:40:984]	[SEND] STATUS
[15:34:41:035]	[RECV] A
[15:34:41:036]	[RECV] S4150142B
[15:34:41:038]	[OPER] ----- Result : Completed, Description : 
[15:48:00:258]	[OPER] ----- Initialize -----
[15:48:00:258]	[SEND] RESET
[15:48:00:304]	[RECV] A
[15:48:00:305]	[RECV] O
[15:48:00:308]	[SEND] HOM
[15:48:00:348]	[RECV] A
[15:48:17:415]	[RECV] O
[15:48:17:419]	[SEND] STATUS
[15:48:17:471]	[RECV] A
[15:48:17:472]	[RECV] S4150142B
[15:48:17:473]	[OPER] ----- Result : Completed, Description : 
[15:48:17:474]	[OPER] ----- ChangeToFoup -----
[15:48:17:474]	[SEND] RESET
[15:48:17:516]	[RECV] A
[15:48:17:517]	[RECV] O
[15:48:17:520]	[SEND] OC_MODE OFF
[15:48:17:569]	[RECV] A
[15:48:17:570]	[RECV] O
[15:48:17:573]	[SEND] STATUS
[15:48:17:625]	[RECV] A
[15:48:17:627]	[RECV] S4150142B
[15:48:17:629]	[OPER] ----- Result : Completed, Description : 
[17:34:06:677]	[OPER] ----- Initialize -----
[17:34:06:677]	[SEND] RESET
[17:34:06:725]	[RECV] A
[17:34:06:726]	[RECV] O
[17:34:06:729]	[SEND] HOM
[17:34:06:771]	[RECV] A
[17:34:23:770]	[RECV] O
[17:34:23:774]	[SEND] STATUS
[17:34:23:824]	[RECV] A
[17:34:23:825]	[RECV] S4150142B
[17:34:23:827]	[OPER] ----- Result : Completed, Description : 
[17:34:23:828]	[OPER] ----- ChangeToFoup -----
[17:34:23:828]	[SEND] RESET
[17:34:23:871]	[RECV] A
[17:34:23:872]	[RECV] O
[17:34:23:876]	[SEND] OC_MODE OFF
[17:34:23:925]	[RECV] A
[17:34:23:926]	[RECV] O
[17:34:23:930]	[SEND] STATUS
[17:34:23:981]	[RECV] A
[17:34:23:982]	[RECV] S4150142B
[17:34:23:984]	[OPER] ----- Result : Completed, Description : 
[17:40:09:691]	[OPER] ----- Initialize -----
[17:40:09:691]	[SEND] RESET
[17:40:09:737]	[RECV] A
[17:40:09:738]	[RECV] O
[17:40:09:741]	[SEND] HOM
[17:40:09:782]	[RECV] A
[17:40:26:817]	[RECV] O
[17:40:26:821]	[SEND] STATUS
[17:40:26:872]	[RECV] A
[17:40:26:873]	[RECV] S4150142B
[17:40:26:875]	[OPER] ----- Result : Completed, Description : 
[17:40:26:876]	[OPER] ----- ChangeToFoup -----
[17:40:26:876]	[SEND] RESET
[17:40:26:919]	[RECV] A
[17:40:26:920]	[RECV] O
[17:40:26:923]	[SEND] OC_MODE OFF
[17:40:26:972]	[RECV] A
[17:40:26:973]	[RECV] O
[17:40:26:977]	[SEND] STATUS
[17:40:27:029]	[RECV] A
[17:40:27:031]	[RECV] S4150142B
[17:40:27:033]	[OPER] ----- Result : Completed, Description : 
[17:43:20:940]	[OPER] ----- Initialize -----
[17:43:20:940]	[SEND] RESET
[17:43:20:987]	[RECV] A
[17:43:20:988]	[RECV] O
[17:43:20:992]	[SEND] HOM
[17:43:21:032]	[RECV] A
[17:43:38:065]	[RECV] O
[17:43:38:068]	[SEND] STATUS
[17:43:38:119]	[RECV] A
[17:43:38:120]	[RECV] S4150142B
[17:43:38:121]	[OPER] ----- Result : Completed, Description : 
[17:43:38:122]	[OPER] ----- ChangeToFoup -----
[17:43:38:122]	[SEND] RESET
[17:43:38:167]	[RECV] A
[17:43:38:168]	[RECV] O
[17:43:38:172]	[SEND] OC_MODE OFF
[17:43:38:221]	[RECV] A
[17:43:38:222]	[RECV] O
[17:43:38:226]	[SEND] STATUS
[17:43:38:278]	[RECV] A
[17:43:38:279]	[RECV] S4150142B
[17:43:38:280]	[OPER] ----- Result : Completed, Description : 
[18:41:10:975]	[OPER] ----- Initialize -----
[18:41:10:975]	[SEND] RESET
[18:41:11:021]	[RECV] A
[18:41:11:022]	[RECV] O
[18:41:11:026]	[SEND] HOM
[18:41:11:064]	[RECV] A
[18:41:28:154]	[RECV] O
[18:41:28:158]	[SEND] STATUS
[18:41:28:210]	[RECV] A
[18:41:28:211]	[RECV] S4150142B
[18:41:28:212]	[OPER] ----- Result : Completed, Description : 
[18:41:28:213]	[OPER] ----- ChangeToFoup -----
[18:41:28:213]	[SEND] RESET
[18:41:28:255]	[RECV] A
[18:41:28:256]	[RECV] O
[18:41:28:259]	[SEND] OC_MODE OFF
[18:41:28:307]	[RECV] A
[18:41:28:308]	[RECV] O
[18:41:28:311]	[SEND] STATUS
[18:41:28:362]	[RECV] A
[18:41:28:363]	[RECV] S4150142B
[18:41:28:364]	[OPER] ----- Result : Completed, Description : 
[18:55:16:624]	[RECV] C01000000
[18:57:26:845]	[OPER] ----- Initialize -----
[18:57:26:845]	[SEND] RESET
[18:57:26:890]	[RECV] A
[18:57:26:891]	[RECV] O
[18:57:26:895]	[SEND] HOM
[18:57:26:934]	[RECV] A
[18:57:44:024]	[RECV] O
[18:57:44:028]	[SEND] STATUS
[18:57:44:079]	[RECV] A
[18:57:44:080]	[RECV] S4150142B
[18:57:44:082]	[OPER] ----- Result : Completed, Description : 
[18:57:44:083]	[OPER] ----- ChangeToFoup -----
[18:57:44:083]	[SEND] RESET
[18:57:44:126]	[RECV] A
[18:57:44:127]	[RECV] O
[18:57:44:131]	[SEND] OC_MODE OFF
[18:57:44:178]	[RECV] A
[18:57:44:179]	[RECV] O
[18:57:44:182]	[SEND] STATUS
[18:57:44:234]	[RECV] A
[18:57:44:235]	[RECV] S4150142B
[18:57:44:237]	[OPER] ----- Result : Completed, Description : 
