[17:11:50:979]	[RECV] C01000000
[20:51:44:434]	[OPER] ----- Initialize -----
[20:51:44:434]	[SEND] RESET
[20:51:44:480]	[RECV] A
[20:51:44:481]	[RECV] O
[20:51:44:484]	[SEND] HOM
[20:51:44:524]	[RECV] A
[20:52:02:167]	[RECV] O
[20:52:02:171]	[SEND] STATUS
[20:52:02:222]	[RECV] A
[20:52:02:223]	[RECV] S4150142B
[20:52:02:225]	[OPER] ----- Result : Completed, Description : 
[20:52:02:227]	[OPER] ----- ChangeToFoup -----
[20:52:02:228]	[SEND] RESET
[20:52:02:270]	[RECV] A
[20:52:02:271]	[RECV] O
[20:52:02:275]	[SEND] OC_MODE OFF
[20:52:02:326]	[RECV] A
[20:52:02:327]	[RECV] O
[20:52:02:330]	[SEND] STATUS
[20:52:02:382]	[RECV] A
[20:52:02:383]	[RECV] S4150142B
[20:52:02:386]	[OPER] ----- Result : Completed, Description : 
[20:56:07:310]	[RECV] C01000000
[21:01:49:152]	[OPER] ----- Initialize -----
[21:01:49:152]	[SEND] RESET
[21:01:49:198]	[RECV] A
[21:01:49:199]	[RECV] O
[21:01:49:202]	[SEND] HOM
[21:01:49:241]	[RECV] A
[21:02:06:332]	[RECV] O
[21:02:06:335]	[SEND] STATUS
[21:02:06:386]	[RECV] A
[21:02:06:387]	[RECV] S4150142B
[21:02:06:389]	[OPER] ----- Result : Completed, Description : 
[21:02:06:390]	[OPER] ----- ChangeToFoup -----
[21:02:06:390]	[SEND] RESET
[21:02:06:433]	[RECV] A
[21:02:06:434]	[RECV] O
[21:02:06:438]	[SEND] OC_MODE OFF
[21:02:06:487]	[RECV] A
[21:02:06:488]	[RECV] O
[21:02:06:492]	[SEND] STATUS
[21:02:06:544]	[RECV] A
[21:02:06:545]	[RECV] S4150142B
[21:02:06:547]	[OPER] ----- Result : Completed, Description : 
[21:08:52:851]	[OPER] ----- Initialize -----
[21:08:52:851]	[SEND] RESET
[21:08:52:896]	[RECV] A
[21:08:52:897]	[RECV] O
[21:08:52:900]	[SEND] HOM
[21:08:52:942]	[RECV] A
[21:09:10:023]	[RECV] O
[21:09:10:027]	[SEND] STATUS
[21:09:10:078]	[RECV] A
[21:09:10:079]	[RECV] S4150142B
[21:09:10:081]	[OPER] ----- Result : Completed, Description : 
[21:09:10:082]	[OPER] ----- ChangeToFoup -----
[21:09:10:082]	[SEND] RESET
[21:09:10:123]	[RECV] A
[21:09:10:124]	[RECV] O
[21:09:10:127]	[SEND] OC_MODE OFF
[21:09:10:176]	[RECV] A
[21:09:10:177]	[RECV] O
[21:09:10:181]	[SEND] STATUS
[21:09:10:233]	[RECV] A
[21:09:10:234]	[RECV] S4150142B
[21:09:10:235]	[OPER] ----- Result : Completed, Description : 
[21:12:39:248]	[OPER] ----- Unload -----
[21:12:39:248]	[SEND] RESET
[21:12:39:292]	[RECV] A
[21:12:39:293]	[RECV] O
[21:12:39:297]	[SEND] CFG_SLOTS
[21:12:39:349]	[RECV] A
[21:12:39:350]	[RECV] 13
[21:12:39:353]	[SEND] UNLOAD M
[21:12:39:429]	[RECV] A
[21:12:39:430]	[RECV] M00000000,00000000,00000000
[21:12:39:434]	[SEND] STATUS
[21:12:39:485]	[RECV] A
[21:12:39:486]	[RECV] S4150142B
[21:12:39:488]	[OPER] ----- Result : Completed, Description : 
[21:15:52:293]	[OPER] ----- Initialize -----
[21:15:52:293]	[SEND] RESET
[21:15:52:339]	[RECV] A
[21:15:52:340]	[RECV] O
[21:15:52:343]	[SEND] HOM
[21:15:52:384]	[RECV] A
[21:16:09:498]	[RECV] O
[21:16:09:500]	[SEND] STATUS
[21:16:09:552]	[RECV] A
[21:16:09:553]	[RECV] S4150142B
[21:16:09:554]	[OPER] ----- Result : Completed, Description : 
[21:16:09:555]	[OPER] ----- ChangeToFoup -----
[21:16:09:555]	[SEND] RESET
[21:16:09:598]	[RECV] A
[21:16:09:599]	[RECV] O
[21:16:09:602]	[SEND] OC_MODE OFF
[21:16:09:652]	[RECV] A
[21:16:09:653]	[RECV] O
[21:16:09:656]	[SEND] STATUS
[21:16:09:718]	[RECV] A
[21:16:09:719]	[RECV] S4150142B
[21:16:09:720]	[OPER] ----- Result : Completed, Description : 
[21:17:39:657]	[OPER] ----- Unload -----
[21:17:39:657]	[SEND] RESET
[21:17:39:704]	[RECV] A
[21:17:39:705]	[RECV] O
[21:17:39:708]	[SEND] CFG_SLOTS
[21:17:39:758]	[RECV] A
[21:17:39:759]	[RECV] 13
[21:17:39:763]	[SEND] UNLOAD M
[21:17:39:838]	[RECV] A
[21:17:39:839]	[RECV] M00000000,00000000,00000000
[21:17:39:843]	[SEND] STATUS
[21:17:39:895]	[RECV] A
[21:17:39:896]	[RECV] S4150142B
[21:17:39:898]	[OPER] ----- Result : Completed, Description : 
