[09:19:59:101]	[OPER] ----- Initialize -----
[09:19:59:101]	[SEND] RESET
[09:19:59:148]	[RECV] A
[09:19:59:149]	[RECV] O
[09:19:59:153]	[SEND] HOM
[09:19:59:193]	[RECV] A
[09:20:16:294]	[RECV] O
[09:20:16:298]	[SEND] STATUS
[09:20:16:349]	[RECV] A
[09:20:16:350]	[RECV] S4150142B
[09:20:16:351]	[OPER] ----- Result : Completed, Description : 
[09:20:16:352]	[OPER] ----- ChangeToFoup -----
[09:20:16:352]	[SEND] RESET
[09:20:16:393]	[RECV] A
[09:20:16:394]	[RECV] O
[09:20:16:398]	[SEND] OC_MODE OFF
[09:20:16:445]	[RECV] A
[09:20:16:446]	[RECV] O
[09:20:16:450]	[SEND] STATUS
[09:20:16:501]	[RECV] A
[09:20:16:502]	[RECV] S4150142B
[09:20:16:503]	[OPER] ----- Result : Completed, Description : 
[14:10:50:667]	[RECV] C01000000
[14:54:32:336]	[OPER] ----- Initialize -----
[14:54:32:336]	[SEND] RESET
[14:54:32:380]	[RECV] A
[14:54:32:381]	[RECV] O
[14:54:32:384]	[SEND] HOM
[14:54:32:422]	[RECV] A
[14:54:49:483]	[RECV] O
[14:54:49:486]	[SEND] STATUS
[14:54:49:537]	[RECV] A
[14:54:49:538]	[RECV] S4150142B
[14:54:49:540]	[OPER] ----- Result : Completed, Description : 
[14:54:49:541]	[OPER] ----- ChangeToFoup -----
[14:54:49:541]	[SEND] RESET
[14:54:49:582]	[RECV] A
[14:54:49:583]	[RECV] O
[14:54:49:586]	[SEND] OC_MODE OFF
[14:54:49:634]	[RECV] A
[14:54:49:635]	[RECV] O
[14:54:49:638]	[SEND] STATUS
[14:54:49:690]	[RECV] A
[14:54:49:691]	[RECV] S4150142B
[14:54:49:692]	[OPER] ----- Result : Completed, Description : 
[14:57:07:743]	[RECV] C01000000
[14:59:36:005]	[OPER] ----- Initialize -----
[14:59:36:005]	[SEND] RESET
[14:59:36:050]	[RECV] A
[14:59:36:051]	[RECV] O
[14:59:36:055]	[SEND] HOM
[14:59:36:095]	[RECV] A
[14:59:53:134]	[RECV] O
[14:59:53:137]	[SEND] STATUS
[14:59:53:189]	[RECV] A
[14:59:53:190]	[RECV] S4150142B
[14:59:53:191]	[OPER] ----- Result : Completed, Description : 
[14:59:53:192]	[OPER] ----- ChangeToFoup -----
[14:59:53:192]	[SEND] RESET
[14:59:53:234]	[RECV] A
[14:59:53:235]	[RECV] O
[14:59:53:239]	[SEND] OC_MODE OFF
[14:59:53:286]	[RECV] A
[14:59:53:287]	[RECV] O
[14:59:53:290]	[SEND] STATUS
[14:59:53:342]	[RECV] A
[14:59:53:343]	[RECV] S4150142B
[14:59:53:344]	[OPER] ----- Result : Completed, Description : 
[15:00:25:003]	[RECV] C01000000
[15:01:15:139]	[OPER] ----- Initialize -----
[15:01:15:139]	[SEND] RESET
[15:01:15:185]	[RECV] A
[15:01:15:186]	[RECV] O
[15:01:15:189]	[SEND] HOM
[15:01:15:228]	[RECV] A
[15:01:32:271]	[RECV] O
[15:01:32:275]	[SEND] STATUS
[15:01:32:325]	[RECV] A
[15:01:32:326]	[RECV] S4150142B
[15:01:32:327]	[OPER] ----- Result : Completed, Description : 
[15:01:32:328]	[OPER] ----- ChangeToFoup -----
[15:01:32:328]	[SEND] RESET
[15:01:32:370]	[RECV] A
[15:01:32:371]	[RECV] O
[15:01:32:374]	[SEND] OC_MODE OFF
[15:01:32:423]	[RECV] A
[15:01:32:424]	[RECV] O
[15:01:32:428]	[SEND] STATUS
[15:01:32:479]	[RECV] A
[15:01:32:480]	[RECV] S4150142B
[15:01:32:482]	[OPER] ----- Result : Completed, Description : 
[15:42:23:397]	[OPER] ----- Initialize -----
[15:42:23:397]	[SEND] RESET
[15:42:23:444]	[RECV] A
[15:42:23:445]	[RECV] O
[15:42:23:449]	[SEND] HOM
[15:42:23:488]	[RECV] A
[15:42:40:515]	[RECV] O
[15:42:40:518]	[SEND] STATUS
[15:42:40:569]	[RECV] A
[15:42:40:570]	[RECV] S4150142B
[15:42:40:571]	[OPER] ----- Result : Completed, Description : 
[15:42:40:572]	[OPER] ----- ChangeToFoup -----
[15:42:40:572]	[SEND] RESET
[15:42:40:614]	[RECV] A
[15:42:40:615]	[RECV] O
[15:42:40:618]	[SEND] OC_MODE OFF
[15:42:40:665]	[RECV] A
[15:42:40:666]	[RECV] O
[15:42:40:669]	[SEND] STATUS
[15:42:40:720]	[RECV] A
[15:42:40:721]	[RECV] S4150142B
[15:42:40:723]	[OPER] ----- Result : Completed, Description : 
[15:44:35:873]	[RECV] C01000000
[15:48:17:243]	[OPER] ----- Initialize -----
[15:48:17:243]	[SEND] RESET
[15:48:17:287]	[RECV] A
[15:48:17:288]	[RECV] O
[15:48:17:291]	[SEND] HOM
[15:48:17:329]	[RECV] A
[15:48:34:363]	[RECV] O
[15:48:34:367]	[SEND] STATUS
[15:48:34:419]	[RECV] A
[15:48:34:420]	[RECV] S4150142B
[15:48:34:421]	[OPER] ----- Result : Completed, Description : 
[15:48:34:422]	[OPER] ----- ChangeToFoup -----
[15:48:34:422]	[SEND] RESET
[15:48:34:464]	[RECV] A
[15:48:34:465]	[RECV] O
[15:48:34:469]	[SEND] OC_MODE OFF
[15:48:34:518]	[RECV] A
[15:48:34:519]	[RECV] O
[15:48:34:523]	[SEND] STATUS
[15:48:34:573]	[RECV] A
[15:48:34:574]	[RECV] S4150142B
[15:48:34:576]	[OPER] ----- Result : Completed, Description : 
[16:05:49:326]	[RECV] C01000000
[16:06:56:038]	[OPER] ----- Initialize -----
[16:06:56:038]	[SEND] RESET
[16:06:56:082]	[RECV] A
[16:06:56:083]	[RECV] O
[16:06:56:086]	[SEND] HOM
[16:06:56:124]	[RECV] A
[16:07:13:143]	[RECV] O
[16:07:13:147]	[SEND] STATUS
[16:07:13:199]	[RECV] A
[16:07:13:200]	[RECV] S4150142B
[16:07:13:202]	[OPER] ----- Result : Completed, Description : 
[16:07:13:203]	[OPER] ----- ChangeToFoup -----
[16:07:13:203]	[SEND] RESET
[16:07:13:245]	[RECV] A
[16:07:13:246]	[RECV] O
[16:07:13:249]	[SEND] OC_MODE OFF
[16:07:13:296]	[RECV] A
[16:07:13:297]	[RECV] O
[16:07:13:301]	[SEND] STATUS
[16:07:13:352]	[RECV] A
[16:07:13:353]	[RECV] S4150142B
[16:07:13:355]	[OPER] ----- Result : Completed, Description : 
[17:02:27:749]	[OPER] ----- Initialize -----
[17:02:27:749]	[SEND] RESET
[17:02:27:794]	[RECV] A
[17:02:27:795]	[RECV] O
[17:02:27:798]	[SEND] HOM
[17:02:27:837]	[RECV] A
[17:02:44:868]	[RECV] O
[17:02:44:872]	[SEND] STATUS
[17:02:44:924]	[RECV] A
[17:02:44:925]	[RECV] S4150142B
[17:02:44:926]	[OPER] ----- Result : Completed, Description : 
[17:02:44:927]	[OPER] ----- ChangeToFoup -----
[17:02:44:927]	[SEND] RESET
[17:02:44:969]	[RECV] A
[17:02:44:970]	[RECV] O
[17:02:44:973]	[SEND] OC_MODE OFF
[17:02:45:019]	[RECV] A
[17:02:45:020]	[RECV] O
[17:02:45:024]	[SEND] STATUS
[17:02:45:075]	[RECV] A
[17:02:45:076]	[RECV] S4150142B
[17:02:45:078]	[OPER] ----- Result : Completed, Description : 
[17:43:22:855]	[OPER] ----- Initialize -----
[17:43:22:855]	[SEND] RESET
[17:43:22:901]	[RECV] A
[17:43:22:902]	[RECV] O
[17:43:22:905]	[SEND] HOM
[17:43:22:946]	[RECV] A
[17:43:39:975]	[RECV] O
[17:43:39:978]	[SEND] STATUS
[17:43:40:030]	[RECV] A
[17:43:40:031]	[RECV] S4150142B
[17:43:40:032]	[OPER] ----- Result : Completed, Description : 
[17:43:40:033]	[OPER] ----- ChangeToFoup -----
[17:43:40:033]	[SEND] RESET
[17:43:40:075]	[RECV] A
[17:43:40:076]	[RECV] O
[17:43:40:079]	[SEND] OC_MODE OFF
[17:43:40:127]	[RECV] A
[17:43:40:128]	[RECV] O
[17:43:40:131]	[SEND] STATUS
[17:43:40:184]	[RECV] A
[17:43:40:185]	[RECV] S4150142B
[17:43:40:187]	[OPER] ----- Result : Completed, Description : 
[17:55:16:570]	[OPER] ----- Initialize -----
[17:55:16:570]	[SEND] RESET
[17:55:16:617]	[RECV] A
[17:55:16:618]	[RECV] O
[17:55:16:622]	[SEND] HOM
[17:55:16:663]	[RECV] A
[17:55:33:680]	[RECV] O
[17:55:33:683]	[SEND] STATUS
[17:55:33:735]	[RECV] A
[17:55:33:736]	[RECV] S4150142B
[17:55:33:737]	[OPER] ----- Result : Completed, Description : 
[17:55:33:738]	[OPER] ----- ChangeToFoup -----
[17:55:33:738]	[SEND] RESET
[17:55:33:781]	[RECV] A
[17:55:33:782]	[RECV] O
[17:55:33:785]	[SEND] OC_MODE OFF
[17:55:33:835]	[RECV] A
[17:55:33:836]	[RECV] O
[17:55:33:839]	[SEND] STATUS
[17:55:33:891]	[RECV] A
[17:55:33:892]	[RECV] S4150142B
[17:55:33:893]	[OPER] ----- Result : Completed, Description : 
[18:01:51:005]	[OPER] ----- Initialize -----
[18:01:51:005]	[SEND] RESET
[18:01:51:050]	[RECV] A
[18:01:51:051]	[RECV] O
[18:01:51:055]	[SEND] HOM
[18:01:51:097]	[RECV] A
[18:02:08:198]	[RECV] O
[18:02:08:201]	[SEND] STATUS
[18:02:08:253]	[RECV] A
[18:02:08:254]	[RECV] S4150142B
[18:02:08:255]	[OPER] ----- Result : Completed, Description : 
[18:02:08:256]	[OPER] ----- ChangeToFoup -----
[18:02:08:256]	[SEND] RESET
[18:02:08:299]	[RECV] A
[18:02:08:300]	[RECV] O
[18:02:08:304]	[SEND] OC_MODE OFF
[18:02:08:353]	[RECV] A
[18:02:08:354]	[RECV] O
[18:02:08:358]	[SEND] STATUS
[18:02:08:409]	[RECV] A
[18:02:08:410]	[RECV] S4150142B
[18:02:08:412]	[OPER] ----- Result : Completed, Description : 
