[00:29:10:511]	[OPER] ----- Initialize -----
[00:29:10:511]	[SEND] RESET
[00:29:10:557]	[RECV] A
[00:29:10:560]	[RECV] O
[00:29:10:564]	[SEND] HOM
[00:29:10:603]	[RECV] A
[00:29:27:733]	[RECV] O
[00:29:27:736]	[SEND] STATUS
[00:29:27:787]	[RECV] A
[00:29:27:788]	[RECV] S4150142B
[00:29:27:790]	[OPER] ----- Result : Completed, Description : 
[00:29:27:791]	[OPER] ----- ChangeToFoup -----
[00:29:27:791]	[SEND] RESET
[00:29:27:833]	[RECV] A
[00:29:27:834]	[RECV] O
[00:29:27:837]	[SEND] OC_MODE OFF
[00:29:27:886]	[RECV] A
[00:29:27:887]	[RECV] O
[00:29:27:890]	[SEND] STATUS
[00:29:27:941]	[RECV] A
[00:29:27:942]	[RECV] S4150142B
[00:29:27:944]	[OPER] ----- Result : Completed, Description : 
[00:43:25:154]	[OPER] ----- Initialize -----
[00:43:25:154]	[SEND] RESET
[00:43:25:200]	[RECV] A
[00:43:25:203]	[RECV] O
[00:43:25:208]	[SEND] HOM
[00:43:25:248]	[RECV] A
[00:43:42:355]	[RECV] O
[00:43:42:359]	[SEND] STATUS
[00:43:42:410]	[RECV] A
[00:43:42:411]	[RECV] S4150142B
[00:43:42:413]	[OPER] ----- Result : Completed, Description : 
[00:43:42:414]	[OPER] ----- ChangeToFoup -----
[00:43:42:414]	[SEND] RESET
[00:43:42:458]	[RECV] A
[00:43:42:459]	[RECV] O
[00:43:42:462]	[SEND] OC_MODE OFF
[00:43:42:510]	[RECV] A
[00:43:42:511]	[RECV] O
[00:43:42:514]	[SEND] STATUS
[00:43:42:565]	[RECV] A
[00:43:42:566]	[RECV] S4150142B
[00:43:42:568]	[OPER] ----- Result : Completed, Description : 
[00:47:38:412]	[OPER] ----- Initialize -----
[00:47:38:412]	[SEND] RESET
[00:47:38:458]	[RECV] A
[00:47:38:460]	[RECV] O
[00:47:38:463]	[SEND] HOM
[00:47:38:505]	[RECV] A
[00:47:55:614]	[RECV] O
[00:47:55:617]	[SEND] STATUS
[00:47:55:669]	[RECV] A
[00:47:55:670]	[RECV] S4150142B
[00:47:55:672]	[OPER] ----- Result : Completed, Description : 
[00:47:55:673]	[OPER] ----- ChangeToFoup -----
[00:47:55:673]	[SEND] RESET
[00:47:55:715]	[RECV] A
[00:47:55:716]	[RECV] O
[00:47:55:719]	[SEND] OC_MODE OFF
[00:47:55:769]	[RECV] A
[00:47:55:770]	[RECV] O
[00:47:55:773]	[SEND] STATUS
[00:47:55:825]	[RECV] A
[00:47:55:826]	[RECV] S4150142B
[00:47:55:827]	[OPER] ----- Result : Completed, Description : 
[00:59:43:485]	[OPER] ----- Initialize -----
[00:59:43:485]	[SEND] RESET
[00:59:43:532]	[RECV] A
[00:59:43:533]	[RECV] O
[00:59:43:537]	[SEND] HOM
[00:59:43:578]	[RECV] A
[01:00:00:695]	[RECV] O
[01:00:00:698]	[SEND] STATUS
[01:00:00:750]	[RECV] A
[01:00:00:751]	[RECV] S4150142B
[01:00:00:752]	[OPER] ----- Result : Completed, Description : 
[01:00:00:753]	[OPER] ----- ChangeToFoup -----
[01:00:00:753]	[SEND] RESET
[01:00:00:796]	[RECV] A
[01:00:00:797]	[RECV] O
[01:00:00:802]	[SEND] OC_MODE OFF
[01:00:00:851]	[RECV] A
[01:00:00:852]	[RECV] O
[01:00:00:856]	[SEND] STATUS
[01:00:00:908]	[RECV] A
[01:00:00:909]	[RECV] S4150142B
[01:00:00:910]	[OPER] ----- Result : Completed, Description : 
[01:06:56:379]	[RECV] C01000000
[01:55:20:665]	[OPER] ----- Initialize -----
[01:55:20:665]	[SEND] RESET
[01:55:20:713]	[RECV] A
[01:55:20:714]	[RECV] O
[01:55:20:717]	[SEND] HOM
[01:55:20:760]	[RECV] A
[01:55:37:881]	[RECV] O
[01:55:37:885]	[SEND] STATUS
[01:55:37:937]	[RECV] A
[01:55:37:938]	[RECV] S4150142B
[01:55:37:939]	[OPER] ----- Result : Completed, Description : 
[01:55:37:940]	[OPER] ----- ChangeToFoup -----
[01:55:37:940]	[SEND] RESET
[01:55:37:982]	[RECV] A
[01:55:37:983]	[RECV] O
[01:55:37:986]	[SEND] OC_MODE OFF
[01:55:38:035]	[RECV] A
[01:55:38:036]	[RECV] O
[01:55:38:040]	[SEND] STATUS
[01:55:38:091]	[RECV] A
[01:55:38:092]	[RECV] S4150142B
[01:55:38:093]	[OPER] ----- Result : Completed, Description : 
[10:19:36:415]	[RECV] C01000000
[19:56:57:824]	[OPER] ----- Initialize -----
[19:56:57:824]	[SEND] RESET
[19:56:57:867]	[RECV] A
[19:56:57:870]	[RECV] O
[19:56:57:875]	[SEND] HOM
[19:56:57:915]	[RECV] A
[19:57:15:622]	[RECV] O
[19:57:15:626]	[SEND] STATUS
[19:57:15:677]	[RECV] A
[19:57:15:678]	[RECV] S4150142B
[19:57:15:680]	[OPER] ----- Result : Completed, Description : 
[19:57:15:681]	[OPER] ----- ChangeToFoup -----
[19:57:15:681]	[SEND] RESET
[19:57:15:722]	[RECV] A
[19:57:15:723]	[RECV] O
[19:57:15:727]	[SEND] OC_MODE OFF
[19:57:15:776]	[RECV] A
[19:57:15:777]	[RECV] O
[19:57:15:781]	[SEND] STATUS
[19:57:15:834]	[RECV] A
[19:57:15:835]	[RECV] S4150142B
[19:57:15:836]	[OPER] ----- Result : Completed, Description : 
[19:58:30:825]	[OPER] ----- Unload -----
[19:58:30:825]	[SEND] RESET
[19:58:30:871]	[RECV] A
[19:58:30:872]	[RECV] O
[19:58:30:875]	[SEND] CFG_SLOTS
[19:58:30:926]	[RECV] A
[19:58:30:927]	[RECV] 13
[19:58:30:931]	[SEND] UNLOAD M
[19:58:31:005]	[RECV] A
[19:58:31:006]	[RECV] M00000000,00000000,00000000
[19:58:31:009]	[SEND] STATUS
[19:58:31:062]	[RECV] A
[19:58:31:063]	[RECV] S4150142B
[19:58:31:065]	[OPER] ----- Result : Completed, Description : 
