[10:50:32:175]	[RECV] C00000010
[10:55:13:713]	[RECV] C00000001
[10:55:56:777]	[RECV] M00000000,00000000,00000000
[10:56:02:739]	[RECV] C00020000
[10:56:40:099]	[RECV] C00000020
[10:56:50:955]	[RECV] C00000002
[11:52:30:402]	[RECV] C00000010
[11:52:57:147]	[RECV] C00000020
[11:58:10:502]	[RECV] C00000010
[11:58:17:391]	[RECV] C00000001
[11:58:36:279]	[RECV] M0000154F,00000000,00000000
[12:03:05:922]	[RECV] C00000020
[12:03:10:074]	[RECV] C00000002
[12:14:46:810]	[RECV] C00000001
[12:15:09:785]	[RECV] C00000010
[12:15:34:598]	[RECV] M00000AAA,00000000,00000000
[12:16:48:027]	[RECV] C00000002
[12:18:13:460]	[RECV] C00000020
[12:29:10:468]	[RECV] C00000100
[12:29:30:319]	[RECV] C00000200
[12:40:13:916]	[RECV] C00000001
[12:40:13:967]	[RECV] C00000002
[12:40:13:968]	[RECV] C00000001
[12:40:13:969]	[RECV] C00000002
[12:40:13:970]	[RECV] C00000001
[12:40:13:989]	[RECV] C00000002
[12:40:14:084]	[RECV] C00000001
[12:40:29:811]	[RECV] C00000002
[14:05:45:824]	[OPER] ----- Initialize -----
[14:05:45:824]	[SEND] RESET
[14:05:45:870]	[RECV] A
[14:05:45:871]	[RECV] O
[14:05:45:874]	[SEND] HOM
[14:05:45:912]	[RECV] A
[14:06:02:963]	[RECV] O
[14:06:02:966]	[SEND] STATUS
[14:06:03:017]	[RECV] A
[14:06:03:018]	[RECV] S4150142B
[14:06:03:020]	[OPER] ----- Result : Completed, Description : 
[14:06:03:023]	[OPER] ----- ChangeToFoup -----
[14:06:03:023]	[SEND] RESET
[14:06:03:065]	[RECV] A
[14:06:03:066]	[RECV] O
[14:06:03:069]	[SEND] OC_MODE OFF
[14:06:03:118]	[RECV] A
[14:06:03:119]	[RECV] O
[14:06:03:123]	[SEND] STATUS
[14:06:03:174]	[RECV] A
[14:06:03:175]	[RECV] S4150142B
[14:06:03:177]	[OPER] ----- Result : Completed, Description : 
[14:06:51:989]	[RECV] C01000000
[14:23:09:424]	[RECV] C00000010
[14:23:53:609]	[RECV] C00000001
[14:24:47:232]	[RECV] M0000154F,00000000,00000000
[14:33:41:464]	[RECV] M0000154F,00000000,00000000
[14:33:43:393]	[RECV] C00000002
[14:34:02:922]	[RECV] C00000020
[15:09:40:474]	[OPER] ----- Initialize -----
[15:09:40:474]	[SEND] RESET
[15:09:40:514]	[RECV] A
[15:09:40:515]	[RECV] O
[15:09:40:675]	[SEND] HOM
[15:09:40:712]	[RECV] A
[15:09:57:711]	[RECV] O
[15:09:57:906]	[SEND] STATUS
[15:09:57:959]	[RECV] A
[15:09:57:960]	[RECV] S4150142B
[15:09:58:007]	[OPER] ----- Result : Completed, Description : 
[15:10:06:797]	[OPER] ----- ChangeToCassette -----
[15:10:06:797]	[SEND] RESET
[15:10:06:840]	[RECV] A
[15:10:06:841]	[RECV] O
[15:10:06:845]	[SEND] OC_MODE ON
[15:10:06:890]	[RECV] A
[15:10:10:071]	[RECV] O
[15:10:10:075]	[SEND] STATUS
[15:10:10:126]	[RECV] A
[15:10:10:127]	[RECV] S4350142B
[15:10:10:129]	[OPER] ----- Result : Completed, Description : 
[15:56:32:320]	[RECV] C00000010
[15:56:40:753]	[RECV] C00000001
[15:56:55:769]	[RECV] M00000AAA,00000000,00000000
[16:03:40:954]	[RECV] M00000AAA,00000000,00000000
[16:03:45:855]	[RECV] C00000020
[16:03:53:686]	[RECV] C00000002
[17:48:00:796]	[RECV] C00000001
[17:48:18:048]	[RECV] C00000002
[17:50:25:513]	[OPER] ----- Initialize -----
[17:50:25:513]	[SEND] RESET
[17:50:25:555]	[RECV] A
[17:50:25:556]	[RECV] O
[17:50:25:715]	[SEND] HOM
[17:50:25:753]	[RECV] A
[17:50:45:547]	[RECV] O
[17:50:45:659]	[SEND] STATUS
[17:50:45:710]	[RECV] A
[17:50:45:711]	[RECV] S4150142B
[17:50:45:760]	[OPER] ----- Result : Completed, Description : 
[17:50:52:874]	[OPER] ----- ChangeToFoup -----
[17:50:52:874]	[SEND] RESET
[17:50:52:916]	[RECV] A
[17:50:52:917]	[RECV] O
[17:50:52:920]	[SEND] OC_MODE OFF
[17:50:52:967]	[RECV] A
[17:50:52:968]	[RECV] O
[17:50:52:971]	[SEND] STATUS
[17:50:53:022]	[RECV] A
[17:50:53:023]	[RECV] S4150142B
[17:50:53:025]	[OPER] ----- Result : Completed, Description : 
[17:52:16:209]	[OPER] ----- Initialize -----
[17:52:16:209]	[SEND] RESET
[17:52:16:254]	[RECV] A
[17:52:16:255]	[RECV] O
[17:52:16:259]	[SEND] HOM
[17:52:16:298]	[RECV] A
[17:52:33:316]	[RECV] O
[17:52:33:319]	[SEND] STATUS
[17:52:33:370]	[RECV] A
[17:52:33:371]	[RECV] S4150142B
[17:52:33:373]	[OPER] ----- Result : Completed, Description : 
[17:52:33:374]	[OPER] ----- ChangeToFoup -----
[17:52:33:374]	[SEND] RESET
[17:52:33:416]	[RECV] A
[17:52:33:417]	[RECV] O
[17:52:33:421]	[SEND] OC_MODE OFF
[17:52:33:469]	[RECV] A
[17:52:33:470]	[RECV] O
[17:52:33:473]	[SEND] STATUS
[17:52:33:525]	[RECV] A
[17:52:33:526]	[RECV] S4150142B
[17:52:33:527]	[OPER] ----- Result : Completed, Description : 
[17:57:44:002]	[OPER] ----- Initialize -----
[17:57:44:002]	[SEND] RESET
[17:57:44:046]	[RECV] A
[17:57:44:047]	[RECV] O
[17:57:44:050]	[SEND] HOM
[17:57:44:089]	[RECV] A
[17:58:01:119]	[RECV] O
[17:58:01:123]	[SEND] STATUS
[17:58:01:175]	[RECV] A
[17:58:01:176]	[RECV] S4150142B
[17:58:01:177]	[OPER] ----- Result : Completed, Description : 
[17:58:01:177]	[OPER] ----- ChangeToFoup -----
[17:58:01:177]	[SEND] RESET
[17:58:01:220]	[RECV] A
[17:58:01:221]	[RECV] O
[17:58:01:225]	[SEND] OC_MODE OFF
[17:58:01:274]	[RECV] A
[17:58:01:275]	[RECV] O
[17:58:01:279]	[SEND] STATUS
[17:58:01:332]	[RECV] A
[17:58:01:333]	[RECV] S4150142B
[17:58:01:333]	[OPER] ----- Result : Completed, Description : 
[18:01:31:467]	[OPER] ----- Initialize -----
[18:01:31:467]	[SEND] RESET
[18:01:31:510]	[RECV] A
[18:01:31:511]	[RECV] O
[18:01:31:514]	[SEND] HOM
[18:01:31:553]	[RECV] A
[18:01:48:581]	[RECV] O
[18:01:48:585]	[SEND] STATUS
[18:01:48:637]	[RECV] A
[18:01:48:638]	[RECV] S4150142B
[18:01:48:639]	[OPER] ----- Result : Completed, Description : 
[18:01:48:640]	[OPER] ----- ChangeToFoup -----
[18:01:48:640]	[SEND] RESET
[18:01:48:683]	[RECV] A
[18:01:48:684]	[RECV] O
[18:01:48:688]	[SEND] OC_MODE OFF
[18:01:48:736]	[RECV] A
[18:01:48:737]	[RECV] O
[18:01:48:741]	[SEND] STATUS
[18:01:48:793]	[RECV] A
[18:01:48:795]	[RECV] S4150142B
[18:01:48:797]	[OPER] ----- Result : Completed, Description : 
[18:02:25:693]	[RECV] C01000000
