[10:00:16:374]	[OPER] ----- Initialize -----
[10:00:16:374]	[SEND] RESET
[10:00:16:428]	[RECV] A
[10:00:16:429]	[RECV] O
[10:00:16:434]	[SEND] HOM
[10:00:16:476]	[RECV] A
[10:00:34:179]	[RECV] O
[10:00:34:183]	[SEND] STATUS
[10:00:34:235]	[RECV] A
[10:00:34:236]	[RECV] S4150142B
[10:00:34:237]	[OPER] ----- Result : Completed, Description : 
[10:00:34:238]	[OPER] ----- ChangeToFoup -----
[10:00:34:238]	[SEND] RESET
[10:00:34:280]	[RECV] A
[10:00:34:281]	[RECV] O
[10:00:34:284]	[SEND] OC_MODE OFF
[10:00:34:333]	[RECV] A
[10:00:34:334]	[RECV] O
[10:00:34:337]	[SEND] STATUS
[10:00:34:389]	[RECV] A
[10:00:34:389]	[RECV] S4150142B
[10:00:34:390]	[OPER] ----- Result : Completed, Description : 
[10:22:19:941]	[OPER] ----- Unload -----
[10:22:19:941]	[SEND] RESET
[10:22:19:986]	[RECV] A
[10:22:19:987]	[RECV] O
[10:22:19:990]	[SEND] CFG_SLOTS
[10:22:20:041]	[RECV] A
[10:22:20:042]	[RECV] 13
[10:22:20:045]	[SEND] UNLOAD M
[10:22:20:121]	[RECV] A
[10:22:20:122]	[RECV] M00000000,00000000,00000000
[10:22:20:125]	[SEND] STATUS
[10:22:20:178]	[RECV] A
[10:22:20:179]	[RECV] S4150142B
[10:22:20:181]	[OPER] ----- Result : Completed, Description : 
[10:29:03:618]	[RECV] C01000000
[10:44:10:646]	[RECV] C00000010
[10:44:15:509]	[RECV] C00000020
[17:17:23:442]	[RECV] C00010000
[17:17:23:443]	[RECV] C00000020
[20:54:15:471]	[OPER] ----- Initialize -----
[20:54:15:471]	[SEND] RESET
[20:54:15:518]	[RECV] A
[20:54:15:519]	[RECV] O
[20:54:15:523]	[SEND] HOM
[20:54:15:567]	[RECV] A
[20:54:33:230]	[RECV] O
[20:56:32:825]	[OPER] ----- Initialize -----
[20:56:32:825]	[SEND] RESET
[20:56:32:872]	[RECV] A
[20:56:32:873]	[RECV] O
[20:56:32:876]	[SEND] HOM
[20:56:32:916]	[RECV] A
[20:56:50:032]	[RECV] O
[20:56:50:036]	[SEND] STATUS
[20:56:50:087]	[RECV] A
[20:56:50:088]	[RECV] S4150142B
[20:56:50:089]	[OPER] ----- Result : Completed, Description : 
[20:56:50:090]	[OPER] ----- ChangeToFoup -----
[20:56:50:090]	[SEND] RESET
[20:56:50:133]	[RECV] A
[20:56:50:134]	[RECV] O
[20:56:50:138]	[SEND] OC_MODE OFF
[20:56:50:187]	[RECV] A
[20:56:50:188]	[RECV] O
[20:56:50:191]	[SEND] STATUS
[20:56:50:243]	[RECV] A
[20:56:50:244]	[RECV] S4150142B
[20:56:50:245]	[OPER] ----- Result : Completed, Description : 
[20:57:24:761]	[RECV] C01000000
[21:06:07:231]	[OPER] ----- Initialize -----
[21:06:07:231]	[SEND] RESET
[21:06:07:277]	[RECV] A
[21:06:07:281]	[RECV] O
[21:06:07:285]	[SEND] HOM
[21:06:07:326]	[RECV] A
[21:06:24:449]	[RECV] O
[21:06:24:453]	[SEND] STATUS
[21:06:24:504]	[RECV] A
[21:06:24:505]	[RECV] S4150142B
[21:06:24:506]	[OPER] ----- Result : Completed, Description : 
[21:06:24:507]	[OPER] ----- ChangeToFoup -----
[21:06:24:507]	[SEND] RESET
[21:06:24:552]	[RECV] A
[21:06:24:553]	[RECV] O
[21:06:24:556]	[SEND] OC_MODE OFF
[21:06:24:605]	[RECV] A
[21:06:24:606]	[RECV] O
[21:06:24:609]	[SEND] STATUS
[21:06:24:660]	[RECV] A
[21:06:24:661]	[RECV] S4150142B
[21:06:24:663]	[OPER] ----- Result : Completed, Description : 
[21:06:32:189]	[RECV] C01000000
[21:07:29:614]	[OPER] ----- Initialize -----
[21:07:29:614]	[SEND] RESET
[21:07:29:657]	[RECV] A
[21:07:29:658]	[RECV] O
[21:07:29:661]	[SEND] HOM
[21:07:29:701]	[RECV] A
[21:07:46:810]	[RECV] O
[21:07:46:813]	[SEND] STATUS
[21:07:46:864]	[RECV] A
[21:07:46:865]	[RECV] S4150142B
[21:07:46:866]	[OPER] ----- Result : Completed, Description : 
[21:07:46:867]	[OPER] ----- ChangeToFoup -----
[21:07:46:867]	[SEND] RESET
[21:07:46:910]	[RECV] A
[21:07:46:911]	[RECV] O
[21:07:46:915]	[SEND] OC_MODE OFF
[21:07:46:964]	[RECV] A
[21:07:46:965]	[RECV] O
[21:07:46:969]	[SEND] STATUS
[21:07:47:021]	[RECV] A
[21:07:47:022]	[RECV] S4150142B
[21:07:47:023]	[OPER] ----- Result : Completed, Description : 
[21:08:59:677]	[RECV] C01000000
[21:09:27:124]	[OPER] ----- Initialize -----
[21:09:27:124]	[SEND] RESET
[21:09:27:169]	[RECV] A
[21:09:27:170]	[RECV] O
[21:09:27:174]	[SEND] HOM
[21:09:27:212]	[RECV] A
[21:09:44:329]	[RECV] O
[21:09:44:332]	[SEND] STATUS
[21:09:44:384]	[RECV] A
[21:09:44:385]	[RECV] S4150142B
[21:09:44:386]	[OPER] ----- Result : Completed, Description : 
[21:09:44:387]	[OPER] ----- ChangeToFoup -----
[21:09:44:387]	[SEND] RESET
[21:09:44:429]	[RECV] A
[21:09:44:430]	[RECV] O
[21:09:44:434]	[SEND] OC_MODE OFF
[21:09:44:483]	[RECV] A
[21:09:44:484]	[RECV] O
[21:09:44:488]	[SEND] STATUS
[21:09:44:539]	[RECV] A
[21:09:44:540]	[RECV] S4150142B
[21:09:44:542]	[OPER] ----- Result : Completed, Description : 
