[12:26:15:387]	[RECV] C01000000
[13:40:51:922]	[OPER] ----- Initialize -----
[13:40:51:922]	[SEND] RESET
[13:40:51:967]	[RECV] A
[13:40:51:968]	[RECV] O
[13:40:51:972]	[SEND] HOM
[13:40:52:010]	[RECV] A
[13:41:09:104]	[RECV] O
[13:41:09:107]	[SEND] STATUS
[13:41:09:160]	[RECV] A
[13:41:09:161]	[RECV] S4150142B
[13:41:09:162]	[OPER] ----- Result : Completed, Description : 
[13:41:09:163]	[OPER] ----- ChangeToFoup -----
[13:41:09:163]	[SEND] RESET
[13:41:09:206]	[RECV] A
[13:41:09:207]	[RECV] O
[13:41:09:211]	[SEND] OC_MODE OFF
[13:41:09:260]	[RECV] A
[13:41:09:261]	[RECV] O
[13:41:09:265]	[SEND] STATUS
[13:41:09:317]	[RECV] A
[13:41:09:318]	[RECV] S4150142B
[13:41:09:320]	[OPER] ----- Result : Completed, Description : 
[14:45:21:377]	[RECV] C01000000
[14:56:50:866]	[OPER] ----- Initialize -----
[14:56:50:866]	[SEND] RESET
[14:56:50:911]	[RECV] A
[14:56:50:912]	[RECV] O
[14:56:50:916]	[SEND] HOM
[14:56:50:955]	[RECV] A
[14:57:08:063]	[RECV] O
[14:57:08:067]	[SEND] STATUS
[14:57:08:118]	[RECV] A
[14:57:08:119]	[RECV] S4150142B
[14:57:08:121]	[OPER] ----- Result : Completed, Description : 
[14:57:08:122]	[OPER] ----- ChangeToFoup -----
[14:57:08:122]	[SEND] RESET
[14:57:08:165]	[RECV] A
[14:57:08:166]	[RECV] O
[14:57:08:169]	[SEND] OC_MODE OFF
[14:57:08:218]	[RECV] A
[14:57:08:219]	[RECV] O
[14:57:08:223]	[SEND] STATUS
[14:57:08:274]	[RECV] A
[14:57:08:275]	[RECV] S4150142B
[14:57:08:276]	[OPER] ----- Result : Completed, Description : 
[22:30:03:260]	[OPER] ----- Initialize -----
[22:30:03:260]	[SEND] RESET
[22:30:03:305]	[RECV] A
[22:30:03:306]	[RECV] O
[22:30:03:310]	[SEND] HOM
[22:30:03:351]	[RECV] A
[22:30:21:022]	[RECV] O
[22:30:21:026]	[SEND] STATUS
[22:30:21:077]	[RECV] A
[22:30:21:078]	[RECV] S4150142B
[22:30:21:079]	[OPER] ----- Result : Completed, Description : 
[22:30:21:080]	[OPER] ----- ChangeToFoup -----
[22:30:21:080]	[SEND] RESET
[22:30:21:122]	[RECV] A
[22:30:21:123]	[RECV] O
[22:30:21:126]	[SEND] OC_MODE OFF
[22:30:21:175]	[RECV] A
[22:30:21:176]	[RECV] O
[22:30:21:179]	[SEND] STATUS
[22:30:21:231]	[RECV] A
[22:30:21:232]	[RECV] S4150142B
[22:30:21:233]	[OPER] ----- Result : Completed, Description : 
[22:47:06:394]	[RECV] C01000000
