[16:15:53:565]	[OPER] Start> Initialize
[16:15:53:565]	[SEND] RESET
[16:15:53:612]	[RECV] A
[16:15:53:613]	[RECV] O
[16:15:53:616]	[SEND] HOM
[16:15:53:657]	[RECV] A
[16:16:10:763]	[RECV] O
[16:16:10:766]	[SEND] STATUS
[16:16:10:816]	[RECV] A
[16:16:10:817]	[RECV] S4150142B
[16:16:10:818]	[OPER] End> Initialize, Result : Completed
[16:16:10:819]	[OPER] Start> ChangeToFoup
[16:16:10:819]	[SEND] RESET
[16:16:10:862]	[RECV] A
[16:16:10:863]	[RECV] O
[16:16:10:867]	[SEND] OC_MODE OFF
[16:16:10:916]	[RECV] A
[16:16:10:917]	[RECV] O
[16:16:10:921]	[SEND] STATUS
[16:16:10:972]	[RECV] A
[16:16:10:973]	[RECV] S4150142B
[16:16:10:975]	[OPER] End> ChangeToFoup, Result : Completed
[16:42:36:233]	[OPER] Start> Unload
[16:42:36:233]	[SEND] RESET
[16:42:36:279]	[RECV] A
[16:42:36:280]	[RECV] O
[16:42:36:283]	[SEND] CFG_SLOTS
[16:42:36:333]	[RECV] A
[16:42:36:334]	[RECV] 13
[16:42:36:337]	[SEND] UNLOAD M
[16:42:36:412]	[RECV] A
[16:42:36:413]	[RECV] M00000000,00000000,00000000
[16:42:36:417]	[SEND] STATUS
[16:42:36:470]	[RECV] A
[16:42:36:471]	[RECV] S4150142B
[16:42:36:473]	[OPER] End> Unload, Result : Completed
[16:45:06:328]	[OPER] Start> Initialize
[16:45:06:328]	[SEND] RESET
[16:45:06:373]	[RECV] A
[16:45:06:376]	[RECV] O
[16:45:06:381]	[SEND] HOM
[16:45:06:422]	[RECV] A
[16:45:23:532]	[RECV] O
[16:45:23:535]	[SEND] STATUS
[16:45:23:587]	[RECV] A
[16:45:23:588]	[RECV] S4150142B
[16:45:23:589]	[OPER] End> Initialize, Result : Completed
[16:45:23:590]	[OPER] Start> ChangeToFoup
[16:45:23:590]	[SEND] RESET
[16:45:23:633]	[RECV] A
[16:45:23:634]	[RECV] O
[16:45:23:637]	[SEND] OC_MODE OFF
[16:45:23:685]	[RECV] A
[16:45:23:686]	[RECV] O
[16:45:23:690]	[SEND] STATUS
[16:45:23:742]	[RECV] A
[16:45:23:743]	[RECV] S4150142B
[16:45:23:744]	[OPER] End> ChangeToFoup, Result : Completed
