[15:53:37:815]	[OPER] ----- Initialize -----
[15:53:38:816]	[OPER] ----- Result : Completed, Description : 
[15:53:38:819]	[OPER] ----- ChangeToFoup -----
[15:53:39:819]	[OPER] ----- Result : Completed, Description : 
[15:55:42:257]	[OPER] ----- Clamp -----
[15:55:43:257]	[OPER] ----- Result : Completed, Description : 
[15:55:43:265]	[OPER] ----- Load -----
[15:55:50:868]	[OPER] ----- Result : Completed, Description : 
[15:56:44:389]	[OPER] ----- Initialize -----
[15:56:45:390]	[OPER] ----- Result : Completed, Description : 
[15:56:45:392]	[OPER] ----- ChangeToFoup -----
[15:56:46:394]	[OPER] ----- Result : Completed, Description : 
[20:44:27:034]	[RECV] C00010000
[20:44:27:039]	[RECV] C00000020
[20:44:27:040]	[RECV] C01000000
[20:51:44:672]	[OPER] ----- Initialize -----
[20:51:44:673]	[SEND] RESET
[20:51:44:720]	[RECV] A
[20:51:44:721]	[RECV] O
[20:51:44:725]	[SEND] HOM
[20:51:44:767]	[RECV] A
[20:52:02:408]	[RECV] O
[20:52:02:411]	[SEND] STATUS
[20:52:02:462]	[RECV] A
[20:52:02:463]	[RECV] S4150142B
[20:52:02:465]	[OPER] ----- Result : Completed, Description : 
[20:52:02:466]	[OPER] ----- ChangeToFoup -----
[20:52:02:466]	[SEND] RESET
[20:52:02:508]	[RECV] A
[20:52:02:509]	[RECV] O
[20:52:02:513]	[SEND] OC_MODE OFF
[20:52:02:562]	[RECV] A
[20:52:02:563]	[RECV] O
[20:52:02:567]	[SEND] STATUS
[20:52:02:619]	[RECV] A
[20:52:02:620]	[RECV] S4150142B
[20:52:02:622]	[OPER] ----- Result : Completed, Description : 
