[08:35:32:164]	[OPER] Start> Unload
[08:35:32:164]	[SEND] RESET
[08:35:32:209]	[RECV] A
[08:35:32:210]	[RECV] O
[08:35:32:213]	[SEND] CFG_SLOTS
[08:35:32:263]	[RECV] A
[08:35:32:264]	[RECV] 13
[08:35:32:268]	[SEND] UNLOAD M
[08:35:32:342]	[RECV] A
[08:35:32:343]	[RECV] M00000000,00000000,00000000
[08:35:32:347]	[SEND] STATUS
[08:35:32:400]	[RECV] A
[08:35:32:401]	[RECV] S4150142B
[08:35:32:403]	[OPER] End> Unload, Result : Completed
[16:00:14:523]	[OPER] ----- Initialize -----
[16:00:14:523]	[SEND] RESET
[16:00:14:567]	[RECV] A
[16:00:14:568]	[RECV] O
[16:00:14:572]	[SEND] HOM
[16:00:14:612]	[RECV] A
[16:00:32:250]	[RECV] O
[16:00:32:253]	[SEND] STATUS
[16:00:32:303]	[RECV] A
[16:00:32:304]	[RECV] S4150142B
[16:00:32:306]	[OPER] ----- Result : Completed, Description : 
[16:00:32:307]	[OPER] ----- ChangeToFoup -----
[16:00:32:307]	[SEND] RESET
[16:00:32:349]	[RECV] A
[16:00:32:350]	[RECV] O
[16:00:32:353]	[SEND] OC_MODE OFF
[16:00:32:402]	[RECV] A
[16:00:32:403]	[RECV] O
[16:00:32:407]	[SEND] STATUS
[16:00:32:459]	[RECV] A
[16:00:32:460]	[RECV] S4150142B
[16:00:32:462]	[OPER] ----- Result : Completed, Description : 
[16:10:54:846]	[RECV] C00010000
[16:10:54:847]	[RECV] C00000020
[16:18:00:093]	[RECV] C00010000
[16:18:00:094]	[RECV] C00000020
[16:18:43:607]	[RECV] C00010000
[16:18:43:608]	[RECV] C00000020
