[11:01:09:503]	[OPER] ----- Initialize -----
[11:01:09:503]	[SEND] RESET
[11:01:09:548]	[RECV] A
[11:01:09:551]	[RECV] O
[11:01:09:556]	[SEND] HOM
[11:01:09:597]	[RECV] A
[11:01:26:719]	[RECV] O
[11:01:26:723]	[SEND] STATUS
[11:01:26:775]	[RECV] A
[11:01:26:776]	[RECV] S4150142B
[11:01:26:778]	[OPER] ----- Result : Completed, Description : 
[11:01:26:779]	[OPER] ----- ChangeToFoup -----
[11:01:26:779]	[SEND] RESET
[11:01:26:821]	[RECV] A
[11:01:26:822]	[RECV] O
[11:01:26:825]	[SEND] OC_MODE OFF
[11:01:26:874]	[RECV] A
[11:01:26:875]	[RECV] O
[11:01:26:879]	[SEND] STATUS
[11:01:26:931]	[RECV] A
[11:01:26:932]	[RECV] S4150142B
[11:01:26:933]	[OPER] ----- Result : Completed, Description : 
[16:30:45:260]	[OPER] ----- Initialize -----
[16:30:45:260]	[SEND] RESET
[16:30:45:307]	[RECV] A
[16:30:45:308]	[RECV] O
[16:30:45:312]	[SEND] HOM
[16:30:45:352]	[RECV] A
[16:31:02:938]	[RECV] O
[16:38:08:905]	[RECV] C01000000
[16:42:04:266]	[OPER] ----- Initialize -----
[16:42:04:266]	[SEND] RESET
[16:42:04:312]	[RECV] A
[16:42:04:313]	[RECV] O
[16:42:04:317]	[SEND] HOM
[16:42:04:354]	[RECV] A
[16:42:21:389]	[RECV] O
[16:42:21:391]	[SEND] STATUS
[16:42:21:443]	[RECV] A
[16:42:21:444]	[RECV] S4150142B
[16:42:21:446]	[OPER] ----- Result : Completed, Description : 
[16:42:21:447]	[OPER] ----- ChangeToFoup -----
[16:42:21:447]	[SEND] RESET
[16:42:21:490]	[RECV] A
[16:42:21:491]	[RECV] O
[16:42:21:495]	[SEND] OC_MODE OFF
[16:42:21:543]	[RECV] A
[16:42:21:544]	[RECV] O
[16:42:21:548]	[SEND] STATUS
[16:42:21:600]	[RECV] A
[16:42:21:601]	[RECV] S4150142B
[16:42:21:602]	[OPER] ----- Result : Completed, Description : 
[16:45:36:186]	[OPER] ----- Initialize -----
[16:45:36:186]	[SEND] RESET
[16:45:36:234]	[RECV] A
[16:45:36:235]	[RECV] O
[16:45:36:238]	[SEND] HOM
[16:45:36:278]	[RECV] A
[16:45:53:304]	[RECV] O
[16:45:53:307]	[SEND] STATUS
[16:45:53:359]	[RECV] A
[16:45:53:360]	[RECV] S4150142B
[16:45:53:361]	[OPER] ----- Result : Completed, Description : 
[16:45:53:362]	[OPER] ----- ChangeToFoup -----
[16:45:53:362]	[SEND] RESET
[16:45:53:405]	[RECV] A
[16:45:53:406]	[RECV] O
[16:45:53:410]	[SEND] OC_MODE OFF
[16:45:53:459]	[RECV] A
[16:45:53:460]	[RECV] O
[16:45:53:464]	[SEND] STATUS
[16:45:53:517]	[RECV] A
[16:45:53:518]	[RECV] S4150142B
[16:45:53:519]	[OPER] ----- Result : Completed, Description : 
[16:46:32:433]	[OPER] ----- Unload -----
[16:46:32:433]	[SEND] RESET
[16:46:32:480]	[RECV] A
[16:46:32:481]	[RECV] O
[16:46:32:485]	[SEND] CFG_SLOTS
[16:46:32:534]	[RECV] A
[16:46:32:535]	[RECV] 13
[16:46:32:539]	[SEND] UNLOAD M
[16:46:32:615]	[RECV] A
[16:46:32:616]	[RECV] M00000000,00000000,00000000
[16:46:32:619]	[SEND] STATUS
[16:46:32:671]	[RECV] A
[16:46:32:672]	[RECV] S4150142B
[16:46:32:673]	[OPER] ----- Result : Completed, Description : 
[16:47:20:242]	[OPER] ----- Unload -----
[16:47:20:242]	[SEND] RESET
[16:47:20:294]	[RECV] A
[16:47:20:295]	[RECV] O
[16:47:20:298]	[SEND] CFG_SLOTS
[16:47:20:348]	[RECV] A
[16:47:20:350]	[RECV] 13
[16:47:20:353]	[SEND] UNLOAD M
[16:47:20:429]	[RECV] A
[16:47:20:430]	[RECV] M00000000,00000000,00000000
[16:47:20:433]	[SEND] STATUS
[16:47:20:486]	[RECV] A
[16:47:20:487]	[RECV] S4150142B
[16:47:20:489]	[OPER] ----- Result : Completed, Description : 
[16:51:27:835]	[OPER] ----- Unload -----
[16:51:27:835]	[SEND] RESET
[16:51:27:884]	[RECV] A
[16:51:27:886]	[RECV] O
[16:51:27:889]	[SEND] CFG_SLOTS
[16:51:27:939]	[RECV] A
[16:51:27:940]	[RECV] 13
[16:51:27:943]	[SEND] UNLOAD M
[16:51:28:018]	[RECV] A
[16:51:28:019]	[RECV] M00000000,00000000,00000000
[16:51:28:022]	[SEND] STATUS
[16:51:28:074]	[RECV] A
[16:51:28:075]	[RECV] S4150142B
[16:51:28:076]	[OPER] ----- Result : Completed, Description : 
[16:53:47:682]	[OPER] ----- Initialize -----
[16:53:47:682]	[SEND] RESET
[16:53:47:728]	[RECV] A
[16:53:47:729]	[RECV] O
[16:53:47:732]	[SEND] HOM
[16:53:47:771]	[RECV] A
[16:54:04:792]	[RECV] O
[16:54:04:796]	[SEND] STATUS
[16:54:04:848]	[RECV] A
[16:54:04:849]	[RECV] S4150142B
[16:54:04:850]	[OPER] ----- Result : Completed, Description : 
[16:54:04:851]	[OPER] ----- ChangeToFoup -----
[16:54:04:851]	[SEND] RESET
[16:54:04:893]	[RECV] A
[16:54:04:894]	[RECV] O
[16:54:04:897]	[SEND] OC_MODE OFF
[16:54:04:946]	[RECV] A
[16:54:04:947]	[RECV] O
[16:54:04:951]	[SEND] STATUS
[16:54:05:002]	[RECV] A
[16:54:05:003]	[RECV] S4150142B
[16:54:05:004]	[OPER] ----- Result : Completed, Description : 
[16:55:35:452]	[OPER] ----- Unload -----
[16:55:35:452]	[SEND] RESET
[16:55:35:500]	[RECV] A
[16:55:35:501]	[RECV] O
[16:55:35:503]	[SEND] CFG_SLOTS
[16:55:35:553]	[RECV] A
[16:55:35:554]	[RECV] 13
[16:55:35:558]	[SEND] UNLOAD M
[16:55:35:633]	[RECV] A
[16:55:35:634]	[RECV] M00000000,00000000,00000000
[16:55:35:638]	[SEND] STATUS
[16:55:35:690]	[RECV] A
[16:55:35:691]	[RECV] S4150142B
[16:55:35:692]	[OPER] ----- Result : Completed, Description : 
[16:56:25:976]	[OPER] ----- Unload -----
[16:56:25:976]	[SEND] RESET
[16:56:26:022]	[RECV] A
[16:56:26:023]	[RECV] O
[16:56:26:026]	[SEND] CFG_SLOTS
[16:56:26:075]	[RECV] A
[16:56:26:076]	[RECV] 13
[16:56:26:079]	[SEND] UNLOAD M
[16:56:26:154]	[RECV] A
[16:56:26:155]	[RECV] M00000000,00000000,00000000
[16:56:26:159]	[SEND] STATUS
[16:56:26:211]	[RECV] A
[16:56:26:212]	[RECV] S4150142B
[16:56:26:213]	[OPER] ----- Result : Completed, Description : 
[16:57:19:536]	[OPER] ----- Unload -----
[16:57:19:536]	[SEND] RESET
[16:57:19:585]	[RECV] A
[16:57:19:586]	[RECV] O
[16:57:19:590]	[SEND] CFG_SLOTS
[16:57:19:641]	[RECV] A
[16:57:19:642]	[RECV] 13
[16:57:19:645]	[SEND] UNLOAD M
[16:57:19:724]	[RECV] A
[16:57:19:725]	[RECV] M00000000,00000000,00000000
[16:57:19:728]	[SEND] STATUS
[16:57:19:781]	[RECV] A
[16:57:19:782]	[RECV] S4150142B
[16:57:19:783]	[OPER] ----- Result : Completed, Description : 
[16:58:33:469]	[OPER] ----- Unload -----
[16:58:33:469]	[SEND] RESET
[16:58:33:524]	[RECV] A
[16:58:33:525]	[RECV] O
[16:58:33:529]	[SEND] CFG_SLOTS
[16:58:33:583]	[RECV] A
[16:58:33:584]	[RECV] 13
[16:58:33:587]	[SEND] UNLOAD M
[16:58:33:662]	[RECV] A
[16:58:33:663]	[RECV] M00000000,00000000,00000000
[16:58:33:666]	[SEND] STATUS
[16:58:33:719]	[RECV] A
[16:58:33:720]	[RECV] S4150142B
[16:58:33:722]	[OPER] ----- Result : Completed, Description : 
[17:02:16:322]	[OPER] ----- Initialize -----
[17:02:16:322]	[SEND] RESET
[17:02:16:369]	[RECV] A
[17:02:16:370]	[RECV] O
[17:02:16:374]	[SEND] HOM
[17:02:16:415]	[RECV] A
[17:02:33:435]	[RECV] O
[17:02:33:438]	[SEND] STATUS
[17:02:33:490]	[RECV] A
[17:02:33:491]	[RECV] S4150142B
[17:02:33:492]	[OPER] ----- Result : Completed, Description : 
[17:02:33:493]	[OPER] ----- ChangeToFoup -----
[17:02:33:493]	[SEND] RESET
[17:02:33:534]	[RECV] A
[17:02:33:535]	[RECV] O
[17:02:33:538]	[SEND] OC_MODE OFF
[17:02:33:587]	[RECV] A
[17:02:33:588]	[RECV] O
[17:02:33:591]	[SEND] STATUS
[17:02:33:644]	[RECV] A
[17:02:33:645]	[RECV] S4150142B
[17:02:33:646]	[OPER] ----- Result : Completed, Description : 
[17:06:30:899]	[OPER] ----- Initialize -----
[17:06:30:899]	[SEND] RESET
[17:06:30:943]	[RECV] A
[17:06:30:946]	[RECV] O
[17:06:30:951]	[SEND] HOM
[17:06:30:991]	[RECV] A
[17:06:48:012]	[RECV] O
[17:06:48:015]	[SEND] STATUS
[17:06:48:066]	[RECV] A
[17:06:48:067]	[RECV] S4150142B
[17:06:48:069]	[OPER] ----- Result : Completed, Description : 
[17:06:48:070]	[OPER] ----- ChangeToFoup -----
[17:06:48:070]	[SEND] RESET
[17:06:48:113]	[RECV] A
[17:06:48:114]	[RECV] O
[17:06:48:118]	[SEND] OC_MODE OFF
[17:06:48:166]	[RECV] A
[17:06:48:167]	[RECV] O
[17:06:48:170]	[SEND] STATUS
[17:06:48:223]	[RECV] A
[17:06:48:224]	[RECV] S4150142B
[17:06:48:226]	[OPER] ----- Result : Completed, Description : 
[17:08:25:930]	[OPER] ----- Unload -----
[17:08:25:930]	[SEND] RESET
[17:08:25:977]	[RECV] A
[17:08:25:978]	[RECV] O
[17:08:25:981]	[SEND] CFG_SLOTS
[17:08:26:045]	[RECV] A
[17:08:26:046]	[RECV] 13
[17:08:26:049]	[SEND] UNLOAD M
[17:08:26:125]	[RECV] A
[17:08:26:126]	[RECV] M00000000,00000000,00000000
[17:08:26:129]	[SEND] STATUS
[17:08:26:181]	[RECV] A
[17:08:26:182]	[RECV] S4150142B
[17:08:26:184]	[OPER] ----- Result : Completed, Description : 
[17:09:51:099]	[OPER] ----- Initialize -----
[17:09:51:099]	[SEND] RESET
[17:09:51:144]	[RECV] A
[17:09:51:148]	[RECV] O
[17:09:51:153]	[SEND] HOM
[17:09:51:194]	[RECV] A
[17:10:08:207]	[RECV] O
[17:10:08:210]	[SEND] STATUS
[17:10:08:262]	[RECV] A
[17:10:08:263]	[RECV] S4150142B
[17:10:08:264]	[OPER] ----- Result : Completed, Description : 
[17:10:08:265]	[OPER] ----- ChangeToFoup -----
[17:10:08:265]	[SEND] RESET
[17:10:08:307]	[RECV] A
[17:10:08:308]	[RECV] O
[17:10:08:311]	[SEND] OC_MODE OFF
[17:10:08:359]	[RECV] A
[17:10:08:360]	[RECV] O
[17:10:08:363]	[SEND] STATUS
[17:10:08:416]	[RECV] A
[17:10:08:417]	[RECV] S4150142B
[17:10:08:419]	[OPER] ----- Result : Completed, Description : 
[17:13:27:343]	[OPER] ----- Initialize -----
[17:13:27:343]	[SEND] RESET
[17:13:27:387]	[RECV] A
[17:13:27:390]	[RECV] O
[17:13:27:395]	[SEND] HOM
[17:13:27:435]	[RECV] A
[17:13:44:444]	[RECV] O
[17:13:44:448]	[SEND] STATUS
[17:13:44:498]	[RECV] A
[17:13:44:499]	[RECV] S4150142B
[17:13:44:500]	[OPER] ----- Result : Completed, Description : 
[17:13:44:501]	[OPER] ----- ChangeToFoup -----
[17:13:44:501]	[SEND] RESET
[17:13:44:543]	[RECV] A
[17:13:44:544]	[RECV] O
[17:13:44:548]	[SEND] OC_MODE OFF
[17:13:44:597]	[RECV] A
[17:13:44:598]	[RECV] O
[17:13:44:602]	[SEND] STATUS
[17:13:44:655]	[RECV] A
[17:13:44:656]	[RECV] S4150142B
[17:13:44:658]	[OPER] ----- Result : Completed, Description : 
[17:14:21:412]	[OPER] ----- Unload -----
[17:14:21:412]	[SEND] RESET
[17:14:21:456]	[RECV] A
[17:14:21:457]	[RECV] O
[17:14:21:460]	[SEND] CFG_SLOTS
[17:14:21:510]	[RECV] A
[17:14:21:511]	[RECV] 13
[17:14:21:515]	[SEND] UNLOAD M
[17:14:21:591]	[RECV] A
[17:14:21:592]	[RECV] M00000000,00000000,00000000
[17:14:21:595]	[SEND] STATUS
[17:14:21:648]	[RECV] A
[17:14:21:649]	[RECV] S4150142B
[17:14:21:651]	[OPER] ----- Result : Completed, Description : 
[17:16:37:014]	[OPER] ----- Unload -----
[17:16:37:014]	[SEND] RESET
[17:16:37:060]	[RECV] A
[17:16:37:062]	[RECV] O
[17:16:37:065]	[SEND] CFG_SLOTS
[17:16:37:114]	[RECV] A
[17:16:37:115]	[RECV] 13
[17:16:37:119]	[SEND] UNLOAD M
[17:16:37:193]	[RECV] A
[17:16:37:194]	[RECV] M00000000,00000000,00000000
[17:16:37:197]	[SEND] STATUS
[17:16:37:250]	[RECV] A
[17:16:37:251]	[RECV] S4150142B
[17:16:37:253]	[OPER] ----- Result : Completed, Description : 
[17:17:46:971]	[OPER] ----- Unload -----
[17:17:46:971]	[SEND] RESET
[17:17:47:016]	[RECV] A
[17:17:47:017]	[RECV] O
[17:17:47:020]	[SEND] CFG_SLOTS
[17:17:47:069]	[RECV] A
[17:17:47:070]	[RECV] 13
[17:17:47:072]	[SEND] UNLOAD M
[17:17:47:147]	[RECV] A
[17:17:47:148]	[RECV] M00000000,00000000,00000000
[17:17:47:152]	[SEND] STATUS
[17:17:47:206]	[RECV] A
[17:17:47:207]	[RECV] S4150142B
[17:17:47:208]	[OPER] ----- Result : Completed, Description : 
[17:22:50:764]	[OPER] ----- Unload -----
[17:22:50:764]	[SEND] RESET
[17:22:50:809]	[RECV] A
[17:22:50:810]	[RECV] O
[17:22:50:813]	[SEND] CFG_SLOTS
[17:22:50:864]	[RECV] A
[17:22:50:865]	[RECV] 13
[17:22:50:869]	[SEND] UNLOAD M
[17:22:50:945]	[RECV] A
[17:22:50:946]	[RECV] M00000000,00000000,00000000
[17:22:50:949]	[SEND] STATUS
[17:22:51:001]	[RECV] A
[17:22:51:002]	[RECV] S4150142B
[17:22:51:003]	[OPER] ----- Result : Completed, Description : 
[17:23:44:800]	[OPER] ----- Unload -----
[17:23:44:800]	[SEND] RESET
[17:23:44:845]	[RECV] A
[17:23:44:846]	[RECV] O
[17:23:44:849]	[SEND] CFG_SLOTS
[17:23:44:901]	[RECV] A
[17:23:44:902]	[RECV] 13
[17:23:44:906]	[SEND] UNLOAD M
[17:23:44:980]	[RECV] A
[17:23:44:981]	[RECV] M00000000,00000000,00000000
[17:23:44:984]	[SEND] STATUS
[17:23:45:036]	[RECV] A
[17:23:45:037]	[RECV] S4150142B
[17:23:45:038]	[OPER] ----- Result : Completed, Description : 
[17:25:25:404]	[OPER] ----- Unload -----
[17:25:25:404]	[SEND] RESET
[17:25:25:448]	[RECV] A
[17:25:25:449]	[RECV] O
[17:25:25:452]	[SEND] CFG_SLOTS
[17:25:25:502]	[RECV] A
[17:25:25:504]	[RECV] 13
[17:25:25:506]	[SEND] UNLOAD M
[17:25:25:580]	[RECV] A
[17:25:25:581]	[RECV] M00000000,00000000,00000000
[17:25:29:767]	[SEND] STATUS
[17:25:30:804]	[RECV] A
[17:25:30:806]	[RECV] S4150142B
[17:25:30:809]	[OPER] ----- Result : Completed, Description : 
[17:27:23:135]	[OPER] ----- Unload -----
[17:27:23:135]	[SEND] RESET
[17:27:23:181]	[RECV] A
[17:27:23:182]	[RECV] O
[17:27:23:185]	[SEND] CFG_SLOTS
[17:27:23:233]	[RECV] A
[17:27:23:234]	[RECV] 13
[17:27:23:237]	[SEND] UNLOAD M
[17:27:23:313]	[RECV] A
[17:27:23:759]	[RECV] M00000000,00000000,00000000
[17:28:21:353]	[OPER] ----- Result : Timeout, Description : 
[17:32:56:618]	[OPER] ----- Unload -----
[17:32:56:618]	[SEND] RESET
[17:33:27:336]	[OPER] ----- Result : Timeout, Description : 
[17:33:27:337]	[RECV] A
[17:33:27:339]	[RECV] O
[17:34:48:847]	[OPER] ----- Initialize -----
[17:34:48:847]	[SEND] RESET
[17:34:48:891]	[RECV] A
[17:34:48:892]	[RECV] O
[17:34:48:895]	[SEND] HOM
[17:34:48:934]	[RECV] A
[17:35:05:949]	[RECV] O
[17:35:05:953]	[SEND] STATUS
[17:35:06:004]	[RECV] A
[17:35:06:005]	[RECV] S4150142B
[17:35:06:007]	[OPER] ----- Result : Completed, Description : 
[17:35:06:008]	[OPER] ----- ChangeToFoup -----
[17:35:06:008]	[SEND] RESET
[17:35:06:051]	[RECV] A
[17:35:06:052]	[RECV] O
[17:35:06:056]	[SEND] OC_MODE OFF
[17:35:06:104]	[RECV] A
[17:35:06:105]	[RECV] O
[17:35:06:108]	[SEND] STATUS
[17:35:06:160]	[RECV] A
[17:35:06:161]	[RECV] S4150142B
[17:35:06:162]	[OPER] ----- Result : Completed, Description : 
[17:36:54:992]	[OPER] ----- Initialize -----
[17:36:54:992]	[SEND] RESET
[17:36:55:036]	[RECV] A
[17:36:55:039]	[RECV] O
[17:36:55:045]	[SEND] HOM
[17:36:55:085]	[RECV] A
[17:37:12:090]	[RECV] O
[17:37:12:093]	[SEND] STATUS
[17:37:12:145]	[RECV] A
[17:37:12:146]	[RECV] S4150142B
[17:37:12:148]	[OPER] ----- Result : Completed, Description : 
[17:37:12:149]	[OPER] ----- ChangeToFoup -----
[17:37:12:149]	[SEND] RESET
[17:37:12:192]	[RECV] A
[17:37:12:193]	[RECV] O
[17:37:12:197]	[SEND] OC_MODE OFF
[17:37:12:245]	[RECV] A
[17:37:12:246]	[RECV] O
[17:37:12:249]	[SEND] STATUS
[17:37:12:301]	[RECV] A
[17:37:12:302]	[RECV] S4150142B
[17:37:12:303]	[OPER] ----- Result : Completed, Description : 
[17:37:50:663]	[OPER] ----- Unload -----
[17:37:50:663]	[SEND] RESET
[17:37:50:708]	[RECV] A
[17:37:50:709]	[RECV] O
[17:37:50:712]	[SEND] CFG_SLOTS
[17:37:50:760]	[RECV] A
[17:37:50:761]	[RECV] 13
[17:37:50:764]	[SEND] UNLOAD M
[17:37:50:837]	[RECV] A
[17:37:50:838]	[RECV] M00000000,00000000,00000000
[17:37:50:841]	[SEND] STATUS
[17:37:50:896]	[RECV] A
[17:37:50:897]	[RECV] S4150142B
[17:37:50:899]	[OPER] ----- Result : Completed, Description : 
[17:38:18:370]	[OPER] ----- Unload -----
[17:38:18:370]	[SEND] RESET
[17:38:18:416]	[RECV] A
[17:38:18:417]	[RECV] O
[17:38:18:420]	[SEND] CFG_SLOTS
[17:38:18:468]	[RECV] A
[17:38:18:469]	[RECV] 13
[17:38:18:472]	[SEND] UNLOAD M
[17:38:18:547]	[RECV] A
[17:38:18:548]	[RECV] M00000000,00000000,00000000
[17:38:18:551]	[SEND] STATUS
[17:38:18:605]	[RECV] A
[17:38:18:606]	[RECV] S4150142B
[17:38:18:608]	[OPER] ----- Result : Completed, Description : 
[17:39:47:259]	[OPER] ----- Unload -----
[17:39:47:259]	[SEND] RESET
[17:39:47:305]	[RECV] A
[17:39:47:306]	[RECV] O
[17:39:47:309]	[SEND] CFG_SLOTS
[17:39:47:358]	[RECV] A
[17:39:47:359]	[RECV] 13
[17:39:47:363]	[SEND] UNLOAD M
[17:39:47:436]	[RECV] A
[17:39:47:437]	[RECV] M00000000,00000000,00000000
[17:39:47:440]	[SEND] STATUS
[17:39:47:492]	[RECV] A
[17:39:48:914]	[RECV] S4150142B
[17:39:48:916]	[OPER] ----- Result : Completed, Description : 
[17:42:37:429]	[OPER] ----- Unload -----
[17:42:37:429]	[SEND] RESET
[17:42:37:477]	[RECV] A
[17:42:37:478]	[RECV] O
[17:42:37:481]	[SEND] CFG_SLOTS
[17:42:37:531]	[RECV] A
[17:42:37:532]	[RECV] 13
[17:42:37:535]	[SEND] UNLOAD M
[17:42:37:612]	[RECV] A
[17:42:37:613]	[RECV] M00000000,00000000,00000000
[17:42:37:616]	[SEND] STATUS
[17:42:37:670]	[RECV] A
[17:42:37:671]	[RECV] S4150142B
[17:42:37:672]	[OPER] ----- Result : Completed, Description : 
[17:43:56:303]	[OPER] ----- Unload -----
[17:43:56:303]	[SEND] RESET
[17:43:56:347]	[RECV] A
[17:43:56:348]	[RECV] O
[17:43:56:352]	[SEND] CFG_SLOTS
[17:43:56:403]	[RECV] A
[17:43:56:404]	[RECV] 13
[17:43:56:408]	[SEND] UNLOAD M
[17:43:56:482]	[RECV] A
[17:43:56:483]	[RECV] M00000000,00000000,00000000
[17:43:56:486]	[SEND] STATUS
[17:43:56:541]	[RECV] A
[17:43:56:542]	[RECV] S4150142B
[17:43:56:543]	[OPER] ----- Result : Completed, Description : 
[17:44:32:396]	[OPER] ----- Unload -----
[17:44:32:396]	[SEND] RESET
[17:44:32:440]	[RECV] A
[17:44:32:441]	[RECV] O
[17:44:32:445]	[SEND] CFG_SLOTS
[17:44:32:493]	[RECV] A
[17:44:32:494]	[RECV] 13
[17:44:32:497]	[SEND] UNLOAD M
[17:44:32:572]	[RECV] A
[17:44:32:573]	[RECV] M00000000,00000000,00000000
[17:44:32:577]	[SEND] STATUS
[17:44:32:632]	[RECV] A
[17:44:32:633]	[RECV] S4150142B
[17:44:32:634]	[OPER] ----- Result : Completed, Description : 
[17:46:20:711]	[OPER] ----- Unload -----
[17:46:20:711]	[SEND] RESET
[17:46:20:756]	[RECV] A
[17:46:20:757]	[RECV] O
[17:46:20:760]	[SEND] CFG_SLOTS
[17:46:20:809]	[RECV] A
[17:46:20:810]	[RECV] 13
[17:46:20:814]	[SEND] UNLOAD M
[17:46:20:887]	[RECV] A
[17:46:20:888]	[RECV] M00000000,00000000,00000000
[17:46:20:891]	[SEND] STATUS
[17:46:20:945]	[RECV] A
[17:46:20:946]	[RECV] S4150142B
[17:46:20:947]	[OPER] ----- Result : Completed, Description : 
[17:50:02:800]	[OPER] ----- Initialize -----
[17:50:02:800]	[SEND] RESET
[17:50:02:844]	[RECV] A
[17:50:02:848]	[RECV] O
[17:50:02:852]	[SEND] HOM
[17:50:02:893]	[RECV] A
[17:50:19:901]	[RECV] O
[17:50:19:904]	[SEND] STATUS
[17:50:19:956]	[RECV] A
[17:50:19:957]	[RECV] S4150142B
[17:50:19:958]	[OPER] ----- Result : Completed, Description : 
[17:50:19:959]	[OPER] ----- ChangeToFoup -----
[17:50:19:959]	[SEND] RESET
[17:50:20:002]	[RECV] A
[17:50:20:003]	[RECV] O
[17:50:20:007]	[SEND] OC_MODE OFF
[17:50:20:056]	[RECV] A
[17:50:20:057]	[RECV] O
[17:50:20:061]	[SEND] STATUS
[17:50:20:113]	[RECV] A
[17:50:20:114]	[RECV] S4150142B
[17:50:20:115]	[OPER] ----- Result : Completed, Description : 
[17:51:25:077]	[OPER] ----- Unload -----
[17:51:25:077]	[SEND] RESET
[17:51:25:125]	[RECV] A
[17:51:25:126]	[RECV] O
[17:51:25:129]	[SEND] CFG_SLOTS
[17:51:25:178]	[RECV] A
[17:51:25:179]	[RECV] 13
[17:51:25:182]	[SEND] UNLOAD M
[17:51:25:255]	[RECV] A
[17:51:25:256]	[RECV] M00000000,00000000,00000000
[17:51:25:260]	[SEND] STATUS
[17:51:25:313]	[RECV] A
[17:51:25:314]	[RECV] S4150142B
[17:51:25:316]	[OPER] ----- Result : Completed, Description : 
