[17:11:50:978]	[RECV] C01000000
[20:51:44:434]	[OPER] ----- Initialize -----
[20:51:44:434]	[SEND] RESET
[20:51:44:485]	[RECV] A
[20:51:44:486]	[RECV] O
[20:51:44:490]	[SEND] HOM
[20:51:44:530]	[RECV] A
[20:52:03:626]	[RECV] E67 Door Close Error
[20:52:03:628]	[OPER] ----- Result : Error, Description : E67 Door Close Error
[20:52:48:107]	[RECV] A
[20:52:48:108]	[RECV] O
[20:52:54:911]	[RECV] A
[20:52:54:912]	[RECV] E79 Unknown Command
[20:53:47:265]	[RECV] A
[20:53:47:266]	[RECV] E9 Error Not Cleared
[20:53:51:401]	[RECV] A
[20:53:51:402]	[RECV] O
[20:53:55:219]	[RECV] A
[20:53:55:731]	[RECV] O
[20:54:02:746]	[RECV] A
[20:54:07:775]	[RECV] E17 Vacuum On Error
[20:54:18:886]	[RECV] A
[20:54:18:887]	[RECV] E9 Error Not Cleared
[20:54:21:841]	[RECV] A
[20:54:21:842]	[RECV] O
[20:54:27:152]	[RECV] A
[20:54:27:659]	[RECV] O
[20:54:35:762]	[RECV] A
[20:54:36:274]	[RECV] O
[20:55:31:176]	[RECV] A
[20:55:31:651]	[RECV] O
[20:55:36:778]	[RECV] C00000020
[20:56:07:308]	[RECV] C01000000
[20:58:40:277]	[RECV] A
[20:58:40:278]	[RECV] N
[20:59:41:414]	[RECV] A
[20:59:41:415]	[RECV] N
[20:59:49:678]	[RECV] A
[20:59:52:831]	[RECV] E153 ERR_SideDoorOpend
[21:01:49:152]	[OPER] ----- Initialize -----
[21:01:49:152]	[SEND] RESET
[21:01:49:203]	[RECV] A
[21:01:49:204]	[RECV] O
[21:01:49:206]	[SEND] HOM
[21:01:49:245]	[RECV] A
[21:02:07:178]	[RECV] O
[21:02:07:182]	[SEND] STATUS
[21:02:07:234]	[RECV] A
[21:02:07:235]	[RECV] S4150142B
[21:02:07:236]	[OPER] ----- Result : Completed, Description : 
[21:02:07:237]	[OPER] ----- ChangeToFoup -----
[21:02:07:237]	[SEND] RESET
[21:02:07:278]	[RECV] A
[21:02:07:279]	[RECV] O
[21:02:07:282]	[SEND] OC_MODE OFF
[21:02:07:331]	[RECV] A
[21:02:07:332]	[RECV] O
[21:02:07:336]	[SEND] STATUS
[21:02:07:386]	[RECV] A
[21:02:07:387]	[RECV] S4150142B
[21:02:07:389]	[OPER] ----- Result : Completed, Description : 
[21:08:52:851]	[OPER] ----- Initialize -----
[21:08:52:851]	[SEND] RESET
[21:08:52:898]	[RECV] A
[21:08:52:899]	[RECV] O
[21:08:52:902]	[SEND] HOM
[21:08:52:947]	[RECV] A
[21:09:10:180]	[RECV] O
[21:09:10:184]	[SEND] STATUS
[21:09:10:235]	[RECV] A
[21:09:10:236]	[RECV] S4150142B
[21:09:10:238]	[OPER] ----- Result : Completed, Description : 
[21:09:10:239]	[OPER] ----- ChangeToFoup -----
[21:09:10:239]	[SEND] RESET
[21:09:10:281]	[RECV] A
[21:09:10:282]	[RECV] O
[21:09:10:286]	[SEND] OC_MODE OFF
[21:09:10:334]	[RECV] A
[21:09:10:335]	[RECV] O
[21:09:10:338]	[SEND] STATUS
[21:09:10:389]	[RECV] A
[21:09:10:390]	[RECV] S4150142B
[21:09:10:392]	[OPER] ----- Result : Completed, Description : 
[21:12:39:249]	[OPER] ----- Unload -----
[21:12:39:249]	[SEND] RESET
[21:12:39:323]	[RECV] A
[21:12:39:324]	[RECV] O
[21:12:39:327]	[SEND] CFG_SLOTS
[21:12:39:375]	[RECV] A
[21:12:39:376]	[RECV] 13
[21:12:39:379]	[SEND] UNLOAD M
[21:12:39:452]	[RECV] A
[21:12:39:453]	[RECV] M00000000,00000000,00000000
[21:12:39:456]	[SEND] STATUS
[21:12:39:508]	[RECV] A
[21:12:39:509]	[RECV] S4150142B
[21:12:39:510]	[OPER] ----- Result : Completed, Description : 
[21:15:52:293]	[OPER] ----- Initialize -----
[21:15:52:293]	[SEND] RESET
[21:15:52:342]	[RECV] A
[21:15:52:343]	[RECV] O
[21:15:52:347]	[SEND] HOM
[21:15:52:388]	[RECV] A
[21:16:09:625]	[RECV] O
[21:16:09:629]	[SEND] STATUS
[21:16:09:695]	[RECV] A
[21:16:09:696]	[RECV] S4150142B
[21:16:09:697]	[OPER] ----- Result : Completed, Description : 
[21:16:09:698]	[OPER] ----- ChangeToFoup -----
[21:16:09:698]	[SEND] RESET
[21:16:09:740]	[RECV] A
[21:16:09:741]	[RECV] O
[21:16:09:744]	[SEND] OC_MODE OFF
[21:16:09:794]	[RECV] A
[21:16:09:795]	[RECV] O
[21:16:09:798]	[SEND] STATUS
[21:16:09:850]	[RECV] A
[21:16:09:851]	[RECV] S4150142B
[21:16:09:853]	[OPER] ----- Result : Completed, Description : 
[21:17:39:657]	[OPER] ----- Unload -----
[21:17:39:657]	[SEND] RESET
[21:17:39:707]	[RECV] A
[21:17:39:708]	[RECV] O
[21:17:39:712]	[SEND] CFG_SLOTS
[21:17:39:764]	[RECV] A
[21:17:39:765]	[RECV] 13
[21:17:39:769]	[SEND] UNLOAD M
[21:17:39:844]	[RECV] A
[21:17:39:845]	[RECV] M00000000,00000000,00000000
[21:17:39:849]	[SEND] STATUS
[21:17:39:901]	[RECV] A
[21:17:39:902]	[RECV] S4150142B
[21:17:39:904]	[OPER] ----- Result : Completed, Description : 
