[09:19:59:101]	[OPER] ----- Initialize -----
[09:19:59:101]	[SEND] RESET
[09:19:59:156]	[RECV] A
[09:19:59:157]	[RECV] O
[09:19:59:161]	[SEND] HOM
[09:19:59:199]	[RECV] A
[09:20:16:469]	[RECV] O
[09:20:16:472]	[SEND] STATUS
[09:20:16:524]	[RECV] A
[09:20:16:525]	[RECV] S4150142B
[09:20:16:526]	[OPER] ----- Result : Completed, Description : 
[09:20:16:527]	[OPER] ----- ChangeToFoup -----
[09:20:16:527]	[SEND] RESET
[09:20:16:571]	[RECV] A
[09:20:16:572]	[RECV] O
[09:20:16:575]	[SEND] OC_MODE OFF
[09:20:16:623]	[RECV] A
[09:20:16:624]	[RECV] O
[09:20:16:627]	[SEND] STATUS
[09:20:16:679]	[RECV] A
[09:20:16:680]	[RECV] S4150142B
[09:20:16:681]	[OPER] ----- Result : Completed, Description : 
[14:10:50:665]	[RECV] C01000000
[14:54:32:336]	[OPER] ----- Initialize -----
[14:54:32:336]	[SEND] RESET
[14:54:32:387]	[RECV] A
[14:54:32:388]	[RECV] O
[14:54:32:392]	[SEND] HOM
[14:54:32:430]	[RECV] A
[14:54:49:650]	[RECV] O
[14:54:49:653]	[SEND] STATUS
[14:54:49:705]	[RECV] A
[14:54:49:706]	[RECV] S4150142B
[14:54:49:707]	[OPER] ----- Result : Completed, Description : 
[14:54:49:708]	[OPER] ----- ChangeToFoup -----
[14:54:49:708]	[SEND] RESET
[14:54:49:750]	[RECV] A
[14:54:49:751]	[RECV] O
[14:54:49:754]	[SEND] OC_MODE OFF
[14:54:49:803]	[RECV] A
[14:54:49:804]	[RECV] O
[14:54:49:808]	[SEND] STATUS
[14:54:49:859]	[RECV] A
[14:54:49:860]	[RECV] S4150142B
[14:54:49:861]	[OPER] ----- Result : Completed, Description : 
[14:57:07:740]	[RECV] C01000000
[14:59:36:005]	[OPER] ----- Initialize -----
[14:59:36:005]	[SEND] RESET
[14:59:36:057]	[RECV] A
[14:59:36:058]	[RECV] O
[14:59:36:061]	[SEND] HOM
[14:59:36:099]	[RECV] A
[14:59:53:318]	[RECV] O
[14:59:53:321]	[SEND] STATUS
[14:59:53:373]	[RECV] A
[14:59:53:374]	[RECV] S4150142B
[14:59:53:375]	[OPER] ----- Result : Completed, Description : 
[14:59:53:376]	[OPER] ----- ChangeToFoup -----
[14:59:53:376]	[SEND] RESET
[14:59:53:418]	[RECV] A
[14:59:53:419]	[RECV] O
[14:59:53:422]	[SEND] OC_MODE OFF
[14:59:53:471]	[RECV] A
[14:59:53:472]	[RECV] O
[14:59:53:476]	[SEND] STATUS
[14:59:53:528]	[RECV] A
[14:59:53:529]	[RECV] S4150142B
[14:59:53:530]	[OPER] ----- Result : Completed, Description : 
[15:00:24:998]	[RECV] C01000000
[15:01:15:139]	[OPER] ----- Initialize -----
[15:01:15:139]	[SEND] RESET
[15:01:15:190]	[RECV] A
[15:01:15:191]	[RECV] O
[15:01:15:193]	[SEND] HOM
[15:01:15:234]	[RECV] A
[15:01:32:456]	[RECV] O
[15:01:32:459]	[SEND] STATUS
[15:01:32:511]	[RECV] A
[15:01:32:512]	[RECV] S4150142B
[15:01:32:513]	[OPER] ----- Result : Completed, Description : 
[15:01:32:514]	[OPER] ----- ChangeToFoup -----
[15:01:32:514]	[SEND] RESET
[15:01:32:557]	[RECV] A
[15:01:32:558]	[RECV] O
[15:01:32:562]	[SEND] OC_MODE OFF
[15:01:32:611]	[RECV] A
[15:01:32:612]	[RECV] O
[15:01:32:616]	[SEND] STATUS
[15:01:32:668]	[RECV] A
[15:01:32:669]	[RECV] S4150142B
[15:01:32:671]	[OPER] ----- Result : Completed, Description : 
[15:42:23:397]	[OPER] ----- Initialize -----
[15:42:23:397]	[SEND] RESET
[15:42:23:445]	[RECV] A
[15:42:23:446]	[RECV] O
[15:42:23:449]	[SEND] HOM
[15:42:23:493]	[RECV] A
[15:42:40:694]	[RECV] O
[15:42:40:698]	[SEND] STATUS
[15:42:40:750]	[RECV] A
[15:42:40:751]	[RECV] S4150142B
[15:42:40:752]	[OPER] ----- Result : Completed, Description : 
[15:42:40:753]	[OPER] ----- ChangeToFoup -----
[15:42:40:753]	[SEND] RESET
[15:42:40:795]	[RECV] A
[15:42:40:796]	[RECV] O
[15:42:40:799]	[SEND] OC_MODE OFF
[15:42:40:847]	[RECV] A
[15:42:40:848]	[RECV] O
[15:42:40:851]	[SEND] STATUS
[15:42:40:903]	[RECV] A
[15:42:40:904]	[RECV] S4150142B
[15:42:40:905]	[OPER] ----- Result : Completed, Description : 
[15:44:35:870]	[RECV] C01000000
[15:48:17:243]	[OPER] ----- Initialize -----
[15:48:17:243]	[SEND] RESET
[15:48:17:292]	[RECV] A
[15:48:17:293]	[RECV] O
[15:48:17:297]	[SEND] HOM
[15:48:17:337]	[RECV] A
[15:48:34:552]	[RECV] O
[15:48:34:555]	[SEND] STATUS
[15:48:34:607]	[RECV] A
[15:48:34:608]	[RECV] S4150142B
[15:48:34:609]	[OPER] ----- Result : Completed, Description : 
[15:48:34:610]	[OPER] ----- ChangeToFoup -----
[15:48:34:610]	[SEND] RESET
[15:48:34:652]	[RECV] A
[15:48:34:653]	[RECV] O
[15:48:34:656]	[SEND] OC_MODE OFF
[15:48:34:705]	[RECV] A
[15:48:34:706]	[RECV] O
[15:48:34:710]	[SEND] STATUS
[15:48:34:761]	[RECV] A
[15:48:34:762]	[RECV] S4150142B
[15:48:34:764]	[OPER] ----- Result : Completed, Description : 
[16:05:49:332]	[RECV] C01000000
[16:06:56:038]	[OPER] ----- Initialize -----
[16:06:56:038]	[SEND] RESET
[16:06:56:088]	[RECV] A
[16:06:56:089]	[RECV] O
[16:06:56:092]	[SEND] HOM
[16:06:56:131]	[RECV] A
[16:07:13:311]	[RECV] O
[16:07:13:314]	[SEND] STATUS
[16:07:13:366]	[RECV] A
[16:07:13:367]	[RECV] S4150142B
[16:07:13:368]	[OPER] ----- Result : Completed, Description : 
[16:07:13:369]	[OPER] ----- ChangeToFoup -----
[16:07:13:369]	[SEND] RESET
[16:07:13:413]	[RECV] A
[16:07:13:414]	[RECV] O
[16:07:13:417]	[SEND] OC_MODE OFF
[16:07:13:466]	[RECV] A
[16:07:13:467]	[RECV] O
[16:07:13:471]	[SEND] STATUS
[16:07:13:523]	[RECV] A
[16:07:13:524]	[RECV] S4150142B
[16:07:13:526]	[OPER] ----- Result : Completed, Description : 
[17:02:27:749]	[OPER] ----- Initialize -----
[17:02:27:749]	[SEND] RESET
[17:02:27:797]	[RECV] A
[17:02:27:798]	[RECV] O
[17:02:27:802]	[SEND] HOM
[17:02:27:844]	[RECV] A
[17:02:45:058]	[RECV] O
[17:02:45:061]	[SEND] STATUS
[17:02:45:113]	[RECV] A
[17:02:45:114]	[RECV] S4150142B
[17:02:45:115]	[OPER] ----- Result : Completed, Description : 
[17:02:45:116]	[OPER] ----- ChangeToFoup -----
[17:02:45:116]	[SEND] RESET
[17:02:45:158]	[RECV] A
[17:02:45:159]	[RECV] O
[17:02:45:162]	[SEND] OC_MODE OFF
[17:02:45:211]	[RECV] A
[17:02:45:212]	[RECV] O
[17:02:45:215]	[SEND] STATUS
[17:02:45:267]	[RECV] A
[17:02:45:268]	[RECV] S4150142B
[17:02:45:269]	[OPER] ----- Result : Completed, Description : 
[17:43:22:855]	[OPER] ----- Initialize -----
[17:43:22:855]	[SEND] RESET
[17:43:22:904]	[RECV] A
[17:43:22:907]	[RECV] O
[17:43:22:909]	[SEND] HOM
[17:43:22:950]	[RECV] A
[17:43:40:154]	[RECV] O
[17:43:40:158]	[SEND] STATUS
[17:43:40:210]	[RECV] A
[17:43:40:211]	[RECV] S4150142B
[17:43:40:212]	[OPER] ----- Result : Completed, Description : 
[17:43:40:214]	[OPER] ----- ChangeToFoup -----
[17:43:40:214]	[SEND] RESET
[17:43:40:256]	[RECV] A
[17:43:40:257]	[RECV] O
[17:43:40:260]	[SEND] OC_MODE OFF
[17:43:40:309]	[RECV] A
[17:43:40:310]	[RECV] O
[17:43:40:314]	[SEND] STATUS
[17:43:40:365]	[RECV] A
[17:43:40:366]	[RECV] S4150142B
[17:43:40:367]	[OPER] ----- Result : Completed, Description : 
[17:55:16:570]	[OPER] ----- Initialize -----
[17:55:16:570]	[SEND] RESET
[17:55:16:621]	[RECV] A
[17:55:16:622]	[RECV] O
[17:55:16:626]	[SEND] HOM
[17:55:16:667]	[RECV] A
[17:55:33:867]	[RECV] O
[17:55:33:870]	[SEND] STATUS
[17:55:33:922]	[RECV] A
[17:55:33:923]	[RECV] S4150142B
[17:55:33:925]	[OPER] ----- Result : Completed, Description : 
[17:55:33:926]	[OPER] ----- ChangeToFoup -----
[17:55:33:926]	[SEND] RESET
[17:55:33:968]	[RECV] A
[17:55:33:969]	[RECV] O
[17:55:33:972]	[SEND] OC_MODE OFF
[17:55:34:022]	[RECV] A
[17:55:34:023]	[RECV] O
[17:55:34:026]	[SEND] STATUS
[17:55:34:078]	[RECV] A
[17:55:34:079]	[RECV] S4150142B
[17:55:34:080]	[OPER] ----- Result : Completed, Description : 
[18:01:51:005]	[OPER] ----- Initialize -----
[18:01:51:005]	[SEND] RESET
[18:01:51:054]	[RECV] A
[18:01:51:055]	[RECV] O
[18:01:51:057]	[SEND] HOM
[18:01:51:101]	[RECV] A
[18:02:08:380]	[RECV] O
[18:02:08:383]	[SEND] STATUS
[18:02:08:435]	[RECV] A
[18:02:08:436]	[RECV] S4150142B
[18:02:08:437]	[OPER] ----- Result : Completed, Description : 
[18:02:08:438]	[OPER] ----- ChangeToFoup -----
[18:02:08:438]	[SEND] RESET
[18:02:08:480]	[RECV] A
[18:02:08:481]	[RECV] O
[18:02:08:485]	[SEND] OC_MODE OFF
[18:02:08:533]	[RECV] A
[18:02:08:534]	[RECV] O
[18:02:08:538]	[SEND] STATUS
[18:02:08:589]	[RECV] A
[18:02:08:590]	[RECV] S4150142B
[18:02:08:592]	[OPER] ----- Result : Completed, Description : 
