[23:44:04:829]	[OPER] ----- Initialize -----
[23:44:04:829]	[SEND] RESET
[23:44:04:879]	[RECV] A
[23:44:04:880]	[RECV] O
[23:44:04:882]	[SEND] HOM
[23:44:04:927]	[RECV] A
[23:44:22:250]	[RECV] O
[23:44:22:254]	[SEND] STATUS
[23:44:22:307]	[RECV] A
[23:44:22:308]	[RECV] S7150142B
[23:44:22:310]	[OPER] ----- Result : Completed, Description : 
[23:44:22:311]	[OPER] ----- ChangeToFoup -----
[23:44:22:311]	[SEND] RESET
[23:44:22:353]	[RECV] A
[23:44:22:354]	[RECV] O
[23:44:22:357]	[SEND] OC_MODE OFF
[23:44:22:406]	[RECV] A
[23:44:22:407]	[RECV] O
[23:44:22:411]	[SEND] STATUS
[23:44:22:462]	[RECV] A
[23:44:22:463]	[RECV] S7150142B
[23:44:22:465]	[OPER] ----- Result : Completed, Description : 
