[12:26:15:395]	[RECV] C01000000
[13:40:51:922]	[OPER] ----- Initialize -----
[13:40:51:922]	[SEND] RESET
[13:40:51:973]	[RECV] A
[13:40:51:974]	[RECV] O
[13:40:51:978]	[SEND] HOM
[13:40:52:018]	[RECV] A
[13:41:09:282]	[RECV] O
[13:41:09:286]	[SEND] STATUS
[13:41:09:338]	[RECV] A
[13:41:09:339]	[RECV] S4150142B
[13:41:09:341]	[OPER] ----- Result : Completed, Description : 
[13:41:09:342]	[OPER] ----- ChangeToFoup -----
[13:41:09:342]	[SEND] RESET
[13:41:09:384]	[RECV] A
[13:41:09:385]	[RECV] O
[13:41:09:388]	[SEND] OC_MODE OFF
[13:41:09:435]	[RECV] A
[13:41:09:436]	[RECV] O
[13:41:09:439]	[SEND] STATUS
[13:41:09:491]	[RECV] A
[13:41:09:492]	[RECV] S4150142B
[13:41:09:493]	[OPER] ----- Result : Completed, Description : 
[14:45:21:373]	[RECV] C01000000
[14:56:50:866]	[OPER] ----- Initialize -----
[14:56:50:866]	[SEND] RESET
[14:56:50:917]	[RECV] A
[14:56:50:918]	[RECV] O
[14:56:50:922]	[SEND] HOM
[14:56:50:961]	[RECV] A
[14:57:08:236]	[RECV] O
[14:57:08:240]	[SEND] STATUS
[14:57:08:293]	[RECV] A
[14:57:08:294]	[RECV] S4150142B
[14:57:08:295]	[OPER] ----- Result : Completed, Description : 
[14:57:08:296]	[OPER] ----- ChangeToFoup -----
[14:57:08:296]	[SEND] RESET
[14:57:08:339]	[RECV] A
[14:57:08:340]	[RECV] O
[14:57:08:344]	[SEND] OC_MODE OFF
[14:57:08:394]	[RECV] A
[14:57:08:395]	[RECV] O
[14:57:08:398]	[SEND] STATUS
[14:57:08:451]	[RECV] A
[14:57:08:452]	[RECV] S4150142B
[14:57:08:454]	[OPER] ----- Result : Completed, Description : 
[22:30:03:260]	[OPER] ----- Initialize -----
[22:30:03:260]	[SEND] RESET
[22:30:03:309]	[RECV] A
[22:30:03:310]	[RECV] O
[22:30:03:314]	[SEND] HOM
[22:30:03:355]	[RECV] A
[22:30:21:174]	[RECV] O
[22:30:21:178]	[SEND] STATUS
[22:30:21:230]	[RECV] A
[22:30:21:231]	[RECV] S4150142B
[22:30:21:232]	[OPER] ----- Result : Completed, Description : 
[22:30:21:233]	[OPER] ----- ChangeToFoup -----
[22:30:21:233]	[SEND] RESET
[22:30:21:277]	[RECV] A
[22:30:21:278]	[RECV] O
[22:30:21:281]	[SEND] OC_MODE OFF
[22:30:21:329]	[RECV] A
[22:30:21:330]	[RECV] O
[22:30:21:333]	[SEND] STATUS
[22:30:21:385]	[RECV] A
[22:30:21:386]	[RECV] S4150142B
[22:30:21:387]	[OPER] ----- Result : Completed, Description : 
[22:47:06:394]	[RECV] C01000000
