[14:46:20:096]	[OPER] ----- Initialize -----
[14:46:20:096]	[SEND] RESET
[14:46:20:143]	[RECV] A
[14:46:20:144]	[RECV] O
[14:46:20:147]	[SEND] HOM
[14:46:20:193]	[RECV] A
[14:46:38:060]	[RECV] O
[14:46:38:064]	[SEND] STATUS
[14:46:38:115]	[RECV] A
[14:46:38:116]	[RECV] S7150142B
[14:46:38:118]	[OPER] ----- Result : Completed, Description : 
[14:46:38:119]	[OPER] ----- ChangeToFoup -----
[14:46:38:119]	[SEND] RESET
[14:46:38:161]	[RECV] A
[14:46:38:162]	[RECV] O
[14:46:38:165]	[SEND] OC_MODE OFF
[14:46:38:213]	[RECV] A
[14:46:38:214]	[RECV] O
[14:46:38:217]	[SEND] STATUS
[14:46:38:268]	[RECV] A
[14:46:38:269]	[RECV] S7150142B
[14:46:38:271]	[OPER] ----- Result : Completed, Description : 
[15:00:35:735]	[OPER] ----- Initialize -----
[15:00:35:735]	[SEND] RESET
[15:00:35:784]	[RECV] A
[15:00:35:787]	[RECV] O
[15:00:35:789]	[SEND] HOM
[15:00:35:829]	[RECV] A
[15:00:53:154]	[RECV] O
[15:00:53:158]	[SEND] STATUS
[15:00:53:209]	[RECV] A
[15:00:53:210]	[RECV] S7150142B
[15:00:53:211]	[OPER] ----- Result : Completed, Description : 
[15:00:53:212]	[OPER] ----- ChangeToFoup -----
[15:00:53:212]	[SEND] RESET
[15:00:53:255]	[RECV] A
[15:00:53:256]	[RECV] O
[15:00:53:260]	[SEND] OC_MODE OFF
[15:00:53:309]	[RECV] A
[15:00:53:310]	[RECV] O
[15:00:53:314]	[SEND] STATUS
[15:00:53:366]	[RECV] A
[15:00:53:367]	[RECV] S7150142B
[15:00:53:368]	[OPER] ----- Result : Completed, Description : 
[15:27:04:063]	[RECV] C00010000
[15:27:04:064]	[RECV] C00000010
[15:27:24:523]	[OPER] ----- Initialize -----
[15:27:24:523]	[SEND] RESET
[15:27:24:573]	[RECV] A
[15:27:24:574]	[RECV] O
[15:27:24:577]	[SEND] HOM
[15:27:24:618]	[RECV] A
[15:27:42:446]	[RECV] O
[15:27:42:450]	[SEND] STATUS
[15:27:42:502]	[RECV] A
[15:27:42:503]	[RECV] S7150142B
[15:27:42:505]	[OPER] ----- Result : Completed, Description : 
[15:27:42:506]	[OPER] ----- ChangeToFoup -----
[15:27:42:506]	[SEND] RESET
[15:27:42:548]	[RECV] A
[15:27:42:549]	[RECV] O
[15:27:42:552]	[SEND] OC_MODE OFF
[15:27:42:602]	[RECV] A
[15:27:42:603]	[RECV] O
[15:27:42:606]	[SEND] STATUS
[15:27:42:657]	[RECV] A
[15:27:42:658]	[RECV] S7150142B
[15:27:42:659]	[OPER] ----- Result : Completed, Description : 
[15:30:00:810]	[OPER] ----- Initialize -----
[15:30:00:810]	[SEND] RESET
[15:30:00:861]	[RECV] A
[15:30:00:862]	[RECV] O
[15:30:00:866]	[SEND] HOM
[15:30:00:905]	[RECV] A
[15:30:18:226]	[RECV] O
[15:30:18:230]	[SEND] STATUS
[15:30:18:282]	[RECV] A
[15:30:18:283]	[RECV] S7150142B
[15:30:18:284]	[OPER] ----- Result : Completed, Description : 
[15:30:18:285]	[OPER] ----- ChangeToFoup -----
[15:30:18:285]	[SEND] RESET
[15:30:18:327]	[RECV] A
[15:30:18:328]	[RECV] O
[15:30:18:332]	[SEND] OC_MODE OFF
[15:30:18:381]	[RECV] A
[15:30:18:382]	[RECV] O
[15:30:18:386]	[SEND] STATUS
[15:30:18:438]	[RECV] A
[15:30:18:439]	[RECV] S7150142B
[15:30:18:440]	[OPER] ----- Result : Completed, Description : 
