[15:53:37:815]	[OPER] ----- Initialize -----
[15:53:38:816]	[OPER] ----- Result : Completed, Description : 
[15:53:38:819]	[OPER] ----- ChangeToFoup -----
[15:53:39:819]	[OPER] ----- Result : Completed, Description : 
[15:55:42:258]	[OPER] ----- Clamp -----
[15:55:43:260]	[OPER] ----- Result : Completed, Description : 
[15:55:43:267]	[OPER] ----- Load -----
[15:55:51:072]	[OPER] ----- Result : Completed, Description : 
[15:56:44:390]	[OPER] ----- Initialize -----
[15:56:45:390]	[OPER] ----- Result : Completed, Description : 
[15:56:45:393]	[OPER] ----- ChangeToFoup -----
[15:56:46:394]	[OPER] ----- Result : Completed, Description : 
[20:44:27:043]	[RECV] C00010000
[20:44:27:044]	[RECV] C00000020
[20:44:27:045]	[RECV] C01000000
[20:51:44:673]	[OPER] ----- Initialize -----
[20:51:44:673]	[SEND] RESET
[20:51:44:723]	[RECV] A
[20:51:44:724]	[RECV] O
[20:51:44:727]	[SEND] HOM
[20:51:44:770]	[RECV] A
[20:52:02:529]	[RECV] O
[20:52:02:532]	[SEND] STATUS
[20:52:02:583]	[RECV] A
[20:52:02:584]	[RECV] S4150142B
[20:52:02:586]	[OPER] ----- Result : Completed, Description : 
[20:52:02:587]	[OPER] ----- ChangeToFoup -----
[20:52:02:587]	[SEND] RESET
[20:52:02:628]	[RECV] A
[20:52:02:629]	[RECV] O
[20:52:02:632]	[SEND] OC_MODE OFF
[20:52:02:681]	[RECV] A
[20:52:02:682]	[RECV] O
[20:52:02:686]	[SEND] STATUS
[20:52:02:737]	[RECV] A
[20:52:02:738]	[RECV] S4150142B
[20:52:02:740]	[OPER] ----- Result : Completed, Description : 
