[16:15:53:565]	[OPER] Start> Initialize
[16:15:53:565]	[SEND] RESET
[16:15:53:615]	[RECV] A
[16:15:53:616]	[RECV] O
[16:15:53:620]	[SEND] HOM
[16:15:53:663]	[RECV] A
[16:16:10:915]	[RECV] O
[16:16:10:918]	[SEND] STATUS
[16:16:10:970]	[RECV] A
[16:16:10:971]	[RECV] S4150142B
[16:16:10:972]	[OPER] End> Initialize, Result : Completed
[16:16:10:973]	[OPER] Start> ChangeToFoup
[16:16:10:973]	[SEND] RESET
[16:16:11:016]	[RECV] A
[16:16:11:017]	[RECV] O
[16:16:11:021]	[SEND] OC_MODE OFF
[16:16:11:070]	[RECV] A
[16:16:11:071]	[RECV] O
[16:16:11:075]	[SEND] STATUS
[16:16:11:128]	[RECV] A
[16:16:11:129]	[RECV] S4150142B
[16:16:11:131]	[OPER] End> ChangeToFoup, Result : Completed
[16:42:36:233]	[OPER] Start> Unload
[16:42:36:233]	[SEND] RESET
[16:42:36:283]	[RECV] A
[16:42:36:284]	[RECV] O
[16:42:36:287]	[SEND] CFG_SLOTS
[16:42:36:341]	[RECV] A
[16:42:36:342]	[RECV] 13
[16:42:36:345]	[SEND] UNLOAD M
[16:42:36:421]	[RECV] A
[16:42:36:422]	[RECV] M00000000,00000000,00000000
[16:42:36:425]	[SEND] STATUS
[16:42:36:477]	[RECV] A
[16:42:36:478]	[RECV] S4150142B
[16:42:36:479]	[OPER] End> Unload, Result : Completed
[16:45:06:328]	[OPER] Start> Initialize
[16:45:06:328]	[SEND] RESET
[16:45:06:378]	[RECV] A
[16:45:06:379]	[RECV] O
[16:45:06:383]	[SEND] HOM
[16:45:06:424]	[RECV] A
[16:45:23:676]	[RECV] O
[16:45:23:679]	[SEND] STATUS
[16:45:23:731]	[RECV] A
[16:45:23:732]	[RECV] S4150142B
[16:45:23:733]	[OPER] End> Initialize, Result : Completed
[16:45:23:734]	[OPER] Start> ChangeToFoup
[16:45:23:734]	[SEND] RESET
[16:45:23:777]	[RECV] A
[16:45:23:778]	[RECV] O
[16:45:23:780]	[SEND] OC_MODE OFF
[16:45:23:828]	[RECV] A
[16:45:23:829]	[RECV] O
[16:45:23:832]	[SEND] STATUS
[16:45:23:884]	[RECV] A
[16:45:23:885]	[RECV] S4150142B
[16:45:23:886]	[OPER] End> ChangeToFoup, Result : Completed
