[10:37:47:714]	[RECV] C00000020
[10:38:26:779]	[OPER] ----- Initialize -----
[10:38:26:779]	[SEND] RESET
[10:38:26:821]	[RECV] A
[10:38:26:822]	[RECV] O
[10:38:26:825]	[SEND] HOM
[10:38:26:862]	[RECV] A
[10:38:44:184]	[RECV] O
[10:38:44:188]	[SEND] STATUS
[10:38:44:240]	[RECV] A
[10:38:44:241]	[RECV] S4150142B
[10:38:44:242]	[OPER] ----- Result : Completed, Description : 
[10:38:44:243]	[OPER] ----- ChangeToFoup -----
[10:38:44:243]	[SEND] RESET
[10:38:44:286]	[RECV] A
[10:38:44:287]	[RECV] O
[10:38:44:291]	[SEND] OC_MODE OFF
[10:38:44:340]	[RECV] A
[10:38:44:341]	[RECV] O
[10:38:44:343]	[SEND] STATUS
[10:38:44:396]	[RECV] A
[10:38:44:397]	[RECV] S4150142B
[10:38:44:399]	[OPER] ----- Result : Completed, Description : 
[10:38:52:168]	[OPER] ----- ChangeToCassette -----
[10:38:52:168]	[SEND] RESET
[10:38:52:212]	[RECV] A
[10:38:52:213]	[RECV] O
[10:38:52:216]	[SEND] OC_MODE ON
[10:38:52:261]	[RECV] A
[10:38:55:612]	[RECV] O
[10:38:55:615]	[SEND] STATUS
[10:38:55:668]	[RECV] A
[10:38:55:669]	[RECV] S4350142B
[10:38:55:670]	[OPER] ----- Result : Completed, Description : 
[10:39:06:667]	[RECV] C00000010
[10:39:10:053]	[RECV] C00000004
[10:39:11:746]	[OPER] ----- Clamp -----
[10:39:11:746]	[SEND] RESET
[10:39:11:789]	[RECV] A
[10:39:11:790]	[RECV] O
[10:39:11:794]	[SEND] POD_LOCK ON
[10:39:11:846]	[RECV] A
[10:39:11:847]	[RECV] O
[10:39:11:850]	[SEND] STATUS
[10:39:11:902]	[RECV] A
[10:39:11:903]	[RECV] S7350142B
[10:39:11:904]	[OPER] ----- Result : Completed, Description : 
[10:39:12:495]	[OPER] ----- Load -----
[10:39:12:495]	[SEND] RESET
[10:39:12:538]	[RECV] A
[10:39:12:539]	[RECV] O
[10:39:12:543]	[SEND] CFG_SLOTS
[10:39:12:591]	[RECV] A
[10:39:12:592]	[RECV] 13
[10:39:12:595]	[SEND] LOAD O
[10:39:12:636]	[RECV] A
[10:39:25:027]	[RECV] M00000008,00000000,00000000
[10:39:25:031]	[SEND] STATUS
[10:39:25:084]	[RECV] A
[10:39:25:085]	[RECV] S33500C27
[10:39:25:087]	[OPER] ----- Result : Completed, Description : 
[10:39:47:462]	[RECV] C00000008
[10:39:49:150]	[OPER] ----- Unload -----
[10:39:49:150]	[SEND] RESET
[10:39:49:193]	[RECV] A
[10:39:49:194]	[RECV] O
[10:39:49:198]	[SEND] CFG_SLOTS
[10:39:49:246]	[RECV] A
[10:39:49:247]	[RECV] 13
[10:39:49:250]	[SEND] UNLOAD O
[10:39:49:294]	[RECV] A
[10:39:56:599]	[RECV] M00000008,00000000,00000000
[10:39:56:602]	[SEND] STATUS
[10:39:56:654]	[RECV] A
[10:39:56:655]	[RECV] S7350142B
[10:39:56:656]	[OPER] ----- Result : Completed, Description : 
[10:39:58:179]	[RECV] C00000020
[10:48:28:349]	[OPER] ----- Initialize -----
[10:48:28:349]	[SEND] RESET
[10:48:28:394]	[RECV] A
[10:48:28:395]	[RECV] O
[10:48:28:399]	[SEND] HOM
[10:48:28:439]	[RECV] A
[10:48:48:441]	[RECV] O
[10:48:48:444]	[SEND] STATUS
[10:48:48:496]	[RECV] A
[10:48:48:497]	[RECV] S4150142B
[10:48:48:498]	[OPER] ----- Result : Completed, Description : 
[10:48:48:499]	[OPER] ----- ChangeToFoup -----
[10:48:48:499]	[SEND] RESET
[10:48:48:541]	[RECV] A
[10:48:48:542]	[RECV] O
[10:48:48:545]	[SEND] OC_MODE OFF
[10:48:48:593]	[RECV] A
[10:48:48:594]	[RECV] O
[10:48:48:597]	[SEND] STATUS
[10:48:48:650]	[RECV] A
[10:48:48:651]	[RECV] S4150142B
[10:48:48:653]	[OPER] ----- Result : Completed, Description : 
[10:50:08:950]	[OPER] ----- Initialize -----
[10:50:08:950]	[SEND] RESET
[10:50:08:997]	[RECV] A
[10:50:08:998]	[RECV] O
[10:50:09:002]	[SEND] HOM
[10:50:09:043]	[RECV] A
[10:50:26:322]	[RECV] O
[10:50:26:325]	[SEND] STATUS
[10:50:26:377]	[RECV] A
[10:50:26:378]	[RECV] S4150142B
[10:50:26:379]	[OPER] ----- Result : Completed, Description : 
[10:50:26:381]	[OPER] ----- ChangeToFoup -----
[10:50:26:382]	[SEND] RESET
[10:50:26:424]	[RECV] A
[10:50:26:425]	[RECV] O
[10:50:26:428]	[SEND] OC_MODE OFF
[10:50:26:477]	[RECV] A
[10:50:26:478]	[RECV] O
[10:50:26:481]	[SEND] STATUS
[10:50:26:533]	[RECV] A
[10:50:26:534]	[RECV] S4150142B
[10:50:26:535]	[OPER] ----- Result : Completed, Description : 
