[11:01:09:503]	[OPER] ----- Initialize -----
[11:01:09:503]	[SEND] RESET
[11:01:09:553]	[RECV] A
[11:01:09:554]	[RECV] O
[11:01:09:556]	[SEND] HOM
[11:01:09:602]	[RECV] A
[11:01:26:840]	[RECV] O
[11:01:26:844]	[SEND] STATUS
[11:01:26:897]	[RECV] A
[11:01:26:898]	[RECV] S4150142B
[11:01:26:900]	[OPER] ----- Result : Completed, Description : 
[11:01:26:901]	[OPER] ----- ChangeToFoup -----
[11:01:26:901]	[SEND] RESET
[11:01:26:943]	[RECV] A
[11:01:26:944]	[RECV] O
[11:01:26:947]	[SEND] OC_MODE OFF
[11:01:26:996]	[RECV] A
[11:01:26:997]	[RECV] O
[11:01:27:001]	[SEND] STATUS
[11:01:27:053]	[RECV] A
[11:01:27:054]	[RECV] S4150142B
[11:01:27:055]	[OPER] ----- Result : Completed, Description : 
[16:30:45:260]	[OPER] ----- Initialize -----
[16:30:45:260]	[SEND] RESET
[16:30:45:309]	[RECV] A
[16:30:45:310]	[RECV] O
[16:30:45:312]	[SEND] HOM
[16:30:45:358]	[RECV] A
[16:31:03:043]	[RECV] O
[16:38:08:907]	[RECV] C01000000
[16:42:04:266]	[OPER] ----- Initialize -----
[16:42:04:266]	[SEND] RESET
[16:42:04:314]	[RECV] A
[16:42:04:315]	[RECV] O
[16:42:04:319]	[SEND] HOM
[16:42:04:362]	[RECV] A
[16:42:21:524]	[RECV] O
[16:42:21:526]	[SEND] STATUS
[16:42:21:578]	[RECV] A
[16:42:21:579]	[RECV] S4150142B
[16:42:21:581]	[OPER] ----- Result : Completed, Description : 
[16:42:21:582]	[OPER] ----- ChangeToFoup -----
[16:42:21:582]	[SEND] RESET
[16:42:21:624]	[RECV] A
[16:42:21:625]	[RECV] O
[16:42:21:628]	[SEND] OC_MODE OFF
[16:42:21:677]	[RECV] A
[16:42:21:678]	[RECV] O
[16:42:21:682]	[SEND] STATUS
[16:42:21:736]	[RECV] A
[16:42:21:737]	[RECV] S4150142B
[16:42:21:738]	[OPER] ----- Result : Completed, Description : 
[16:45:36:186]	[OPER] ----- Initialize -----
[16:45:36:186]	[SEND] RESET
[16:45:36:236]	[RECV] A
[16:45:36:237]	[RECV] O
[16:45:36:240]	[SEND] HOM
[16:45:36:283]	[RECV] A
[16:45:53:434]	[RECV] O
[16:45:53:437]	[SEND] STATUS
[16:45:53:488]	[RECV] A
[16:45:53:489]	[RECV] S4150142B
[16:45:53:491]	[OPER] ----- Result : Completed, Description : 
[16:45:53:492]	[OPER] ----- ChangeToFoup -----
[16:45:53:492]	[SEND] RESET
[16:45:53:534]	[RECV] A
[16:45:53:535]	[RECV] O
[16:45:53:538]	[SEND] OC_MODE OFF
[16:45:53:587]	[RECV] A
[16:45:53:588]	[RECV] O
[16:45:53:592]	[SEND] STATUS
[16:45:53:643]	[RECV] A
[16:45:53:644]	[RECV] S4150142B
[16:45:53:646]	[OPER] ----- Result : Completed, Description : 
[16:46:32:433]	[OPER] ----- Unload -----
[16:46:32:433]	[SEND] RESET
[16:46:32:484]	[RECV] A
[16:46:32:485]	[RECV] O
[16:46:32:489]	[SEND] CFG_SLOTS
[16:46:32:539]	[RECV] A
[16:46:32:540]	[RECV] 13
[16:46:32:543]	[SEND] UNLOAD M
[16:46:32:619]	[RECV] A
[16:46:32:620]	[RECV] M00000000,00000000,00000000
[16:46:32:623]	[SEND] STATUS
[16:46:32:676]	[RECV] A
[16:46:32:677]	[RECV] S4150142B
[16:46:32:679]	[OPER] ----- Result : Completed, Description : 
[16:47:20:242]	[OPER] ----- Unload -----
[16:47:20:242]	[SEND] RESET
[16:47:20:297]	[RECV] A
[16:47:20:298]	[RECV] O
[16:47:20:302]	[SEND] CFG_SLOTS
[16:47:20:356]	[RECV] A
[16:47:20:358]	[RECV] 13
[16:47:20:362]	[SEND] UNLOAD M
[16:47:20:438]	[RECV] A
[16:47:20:439]	[RECV] M00000000,00000000,00000000
[16:47:20:453]	[SEND] STATUS
[16:47:20:505]	[RECV] A
[16:47:20:506]	[RECV] S4150142B
[16:47:20:507]	[OPER] ----- Result : Completed, Description : 
[16:51:27:835]	[OPER] ----- Unload -----
[16:51:27:835]	[SEND] RESET
[16:51:27:894]	[RECV] A
[16:51:27:896]	[RECV] O
[16:51:27:900]	[SEND] CFG_SLOTS
[16:51:27:952]	[RECV] A
[16:51:27:953]	[RECV] 13
[16:51:27:956]	[SEND] UNLOAD M
[16:51:28:031]	[RECV] A
[16:51:28:032]	[RECV] M00000000,00000000,00000000
[16:51:28:036]	[SEND] STATUS
[16:51:28:089]	[RECV] A
[16:51:28:090]	[RECV] S4150142B
[16:51:28:092]	[OPER] ----- Result : Completed, Description : 
[16:53:47:682]	[OPER] ----- Initialize -----
[16:53:47:682]	[SEND] RESET
[16:53:47:731]	[RECV] A
[16:53:47:732]	[RECV] O
[16:53:47:736]	[SEND] HOM
[16:53:47:777]	[RECV] A
[16:54:04:925]	[RECV] O
[16:54:04:928]	[SEND] STATUS
[16:54:04:980]	[RECV] A
[16:54:04:981]	[RECV] S4150142B
[16:54:04:983]	[OPER] ----- Result : Completed, Description : 
[16:54:04:984]	[OPER] ----- ChangeToFoup -----
[16:54:04:984]	[SEND] RESET
[16:54:05:027]	[RECV] A
[16:54:05:028]	[RECV] O
[16:54:05:032]	[SEND] OC_MODE OFF
[16:54:05:081]	[RECV] A
[16:54:05:082]	[RECV] O
[16:54:05:086]	[SEND] STATUS
[16:54:05:137]	[RECV] A
[16:54:05:138]	[RECV] S4150142B
[16:54:05:139]	[OPER] ----- Result : Completed, Description : 
[16:55:35:452]	[OPER] ----- Unload -----
[16:55:35:453]	[SEND] RESET
[16:55:35:509]	[RECV] A
[16:55:35:510]	[RECV] O
[16:55:35:513]	[SEND] CFG_SLOTS
[16:55:35:565]	[RECV] A
[16:55:35:566]	[RECV] 13
[16:55:35:570]	[SEND] UNLOAD M
[16:55:35:644]	[RECV] A
[16:55:35:645]	[RECV] M00000000,00000000,00000000
[16:55:35:648]	[SEND] STATUS
[16:55:35:702]	[RECV] A
[16:55:35:703]	[RECV] S4150142B
[16:55:35:704]	[OPER] ----- Result : Completed, Description : 
[16:56:25:976]	[OPER] ----- Unload -----
[16:56:25:976]	[SEND] RESET
[16:56:26:029]	[RECV] A
[16:56:26:030]	[RECV] O
[16:56:26:034]	[SEND] CFG_SLOTS
[16:56:26:084]	[RECV] A
[16:56:26:085]	[RECV] 13
[16:56:26:089]	[SEND] UNLOAD M
[16:56:26:164]	[RECV] A
[16:56:26:165]	[RECV] M00000000,00000000,00000000
[16:56:26:169]	[SEND] STATUS
[16:56:26:221]	[RECV] A
[16:56:26:222]	[RECV] S4150142B
[16:56:26:223]	[OPER] ----- Result : Completed, Description : 
[16:57:19:536]	[OPER] ----- Unload -----
[16:57:19:536]	[SEND] RESET
[16:57:19:590]	[RECV] A
[16:57:19:591]	[RECV] O
[16:57:19:594]	[SEND] CFG_SLOTS
[16:57:19:651]	[RECV] A
[16:57:19:652]	[RECV] 13
[16:57:19:655]	[SEND] UNLOAD M
[16:57:19:730]	[RECV] A
[16:57:19:731]	[RECV] M00000000,00000000,00000000
[16:57:19:734]	[SEND] STATUS
[16:57:19:786]	[RECV] A
[16:57:19:787]	[RECV] S4150142B
[16:57:19:789]	[OPER] ----- Result : Completed, Description : 
[16:58:33:469]	[OPER] ----- Unload -----
[16:58:33:469]	[SEND] RESET
[16:58:33:524]	[RECV] A
[16:58:33:525]	[RECV] O
[16:58:33:529]	[SEND] CFG_SLOTS
[16:58:33:585]	[RECV] A
[16:58:33:586]	[RECV] 13
[16:58:33:589]	[SEND] UNLOAD M
[16:58:33:665]	[RECV] A
[16:58:33:665]	[RECV] M00000000,00000000,00000000
[16:58:33:668]	[SEND] STATUS
[16:58:33:720]	[RECV] A
[16:58:33:721]	[RECV] S4150142B
[16:58:33:722]	[OPER] ----- Result : Completed, Description : 
[17:02:16:322]	[OPER] ----- Initialize -----
[17:02:16:322]	[SEND] RESET
[17:02:16:372]	[RECV] A
[17:02:16:373]	[RECV] O
[17:02:16:376]	[SEND] HOM
[17:02:16:419]	[RECV] A
[17:02:33:565]	[RECV] O
[17:02:33:568]	[SEND] STATUS
[17:02:33:619]	[RECV] A
[17:02:33:620]	[RECV] S4150142B
[17:02:33:622]	[OPER] ----- Result : Completed, Description : 
[17:02:33:623]	[OPER] ----- ChangeToFoup -----
[17:02:33:623]	[SEND] RESET
[17:02:33:666]	[RECV] A
[17:02:33:667]	[RECV] O
[17:02:33:670]	[SEND] OC_MODE OFF
[17:02:33:719]	[RECV] A
[17:02:33:720]	[RECV] O
[17:02:33:724]	[SEND] STATUS
[17:02:33:775]	[RECV] A
[17:02:33:776]	[RECV] S4150142B
[17:02:33:778]	[OPER] ----- Result : Completed, Description : 
[17:06:30:899]	[OPER] ----- Initialize -----
[17:06:30:899]	[SEND] RESET
[17:06:30:949]	[RECV] A
[17:06:30:950]	[RECV] O
[17:06:30:953]	[SEND] HOM
[17:06:30:996]	[RECV] A
[17:06:48:143]	[RECV] O
[17:06:48:147]	[SEND] STATUS
[17:06:48:199]	[RECV] A
[17:06:48:200]	[RECV] S4150142B
[17:06:48:201]	[OPER] ----- Result : Completed, Description : 
[17:06:48:202]	[OPER] ----- ChangeToFoup -----
[17:06:48:202]	[SEND] RESET
[17:06:48:243]	[RECV] A
[17:06:48:244]	[RECV] O
[17:06:48:247]	[SEND] OC_MODE OFF
[17:06:48:296]	[RECV] A
[17:06:48:297]	[RECV] O
[17:06:48:301]	[SEND] STATUS
[17:06:48:352]	[RECV] A
[17:06:48:353]	[RECV] S4150142B
[17:06:48:354]	[OPER] ----- Result : Completed, Description : 
[17:08:25:930]	[OPER] ----- Unload -----
[17:08:25:930]	[SEND] RESET
[17:08:25:990]	[RECV] A
[17:08:25:991]	[RECV] O
[17:08:25:994]	[SEND] CFG_SLOTS
[17:08:26:045]	[RECV] A
[17:08:26:046]	[RECV] 13
[17:08:26:049]	[SEND] UNLOAD M
[17:08:26:130]	[RECV] A
[17:08:26:131]	[RECV] M00000000,00000000,00000000
[17:08:26:135]	[SEND] STATUS
[17:08:26:186]	[RECV] A
[17:08:26:187]	[RECV] S4150142B
[17:08:26:188]	[OPER] ----- Result : Completed, Description : 
[17:09:51:099]	[OPER] ----- Initialize -----
[17:09:51:099]	[SEND] RESET
[17:09:51:148]	[RECV] A
[17:09:51:149]	[RECV] O
[17:09:51:153]	[SEND] HOM
[17:09:51:198]	[RECV] A
[17:10:08:342]	[RECV] O
[17:10:08:346]	[SEND] STATUS
[17:10:08:397]	[RECV] A
[17:10:08:398]	[RECV] S4150142B
[17:10:08:399]	[OPER] ----- Result : Completed, Description : 
[17:10:08:400]	[OPER] ----- ChangeToFoup -----
[17:10:08:400]	[SEND] RESET
[17:10:08:443]	[RECV] A
[17:10:08:444]	[RECV] O
[17:10:08:447]	[SEND] OC_MODE OFF
[17:10:08:497]	[RECV] A
[17:10:08:498]	[RECV] O
[17:10:08:501]	[SEND] STATUS
[17:10:08:553]	[RECV] A
[17:10:08:554]	[RECV] S4150142B
[17:10:08:555]	[OPER] ----- Result : Completed, Description : 
[17:13:27:343]	[OPER] ----- Initialize -----
[17:13:27:343]	[SEND] RESET
[17:13:27:392]	[RECV] A
[17:13:27:393]	[RECV] O
[17:13:27:395]	[SEND] HOM
[17:13:27:440]	[RECV] A
[17:13:44:584]	[RECV] O
[17:13:44:587]	[SEND] STATUS
[17:13:44:638]	[RECV] A
[17:13:44:639]	[RECV] S4150142B
[17:13:44:641]	[OPER] ----- Result : Completed, Description : 
[17:13:44:642]	[OPER] ----- ChangeToFoup -----
[17:13:44:642]	[SEND] RESET
[17:13:44:685]	[RECV] A
[17:13:44:686]	[RECV] O
[17:13:44:690]	[SEND] OC_MODE OFF
[17:13:44:738]	[RECV] A
[17:13:44:739]	[RECV] O
[17:13:44:742]	[SEND] STATUS
[17:13:44:793]	[RECV] A
[17:13:44:794]	[RECV] S4150142B
[17:13:44:796]	[OPER] ----- Result : Completed, Description : 
[17:14:21:412]	[OPER] ----- Unload -----
[17:14:21:412]	[SEND] RESET
[17:14:21:459]	[RECV] A
[17:14:21:460]	[RECV] O
[17:14:21:464]	[SEND] CFG_SLOTS
[17:14:21:512]	[RECV] A
[17:14:21:513]	[RECV] 13
[17:14:21:517]	[SEND] UNLOAD M
[17:14:21:592]	[RECV] A
[17:14:21:593]	[RECV] M00000000,00000000,00000000
[17:14:21:597]	[SEND] STATUS
[17:14:21:649]	[RECV] A
[17:14:21:650]	[RECV] S4150142B
[17:14:21:651]	[OPER] ----- Result : Completed, Description : 
[17:16:37:014]	[OPER] ----- Unload -----
[17:16:37:014]	[SEND] RESET
[17:16:37:062]	[RECV] A
[17:16:37:063]	[RECV] O
[17:16:37:067]	[SEND] CFG_SLOTS
[17:16:37:119]	[RECV] A
[17:16:37:120]	[RECV] 13
[17:16:37:123]	[SEND] UNLOAD M
[17:16:37:199]	[RECV] A
[17:16:37:200]	[RECV] M00000000,00000000,00000000
[17:16:37:203]	[SEND] STATUS
[17:16:37:255]	[RECV] A
[17:16:37:256]	[RECV] S4150142B
[17:16:37:257]	[OPER] ----- Result : Completed, Description : 
[17:17:46:971]	[OPER] ----- Unload -----
[17:17:46:971]	[SEND] RESET
[17:17:47:017]	[RECV] A
[17:17:47:018]	[RECV] O
[17:17:47:022]	[SEND] CFG_SLOTS
[17:17:47:070]	[RECV] A
[17:17:47:071]	[RECV] 13
[17:17:47:074]	[SEND] UNLOAD M
[17:17:47:148]	[RECV] A
[17:17:47:149]	[RECV] M00000000,00000000,00000000
[17:17:47:152]	[SEND] STATUS
[17:17:47:206]	[RECV] A
[17:17:47:207]	[RECV] S4150142B
[17:17:47:208]	[OPER] ----- Result : Completed, Description : 
[17:22:50:764]	[OPER] ----- Unload -----
[17:22:50:764]	[SEND] RESET
[17:22:50:818]	[RECV] A
[17:22:50:819]	[RECV] O
[17:22:50:822]	[SEND] CFG_SLOTS
[17:22:50:871]	[RECV] A
[17:22:50:872]	[RECV] 13
[17:22:50:875]	[SEND] UNLOAD M
[17:22:50:954]	[RECV] A
[17:22:50:955]	[RECV] M00000000,00000000,00000000
[17:22:50:958]	[SEND] STATUS
[17:22:51:010]	[RECV] A
[17:22:51:011]	[RECV] S4150142B
[17:22:51:013]	[OPER] ----- Result : Completed, Description : 
[17:23:44:800]	[OPER] ----- Unload -----
[17:23:44:800]	[SEND] RESET
[17:23:44:851]	[RECV] A
[17:23:44:852]	[RECV] O
[17:23:44:855]	[SEND] CFG_SLOTS
[17:23:44:906]	[RECV] A
[17:23:44:907]	[RECV] 13
[17:23:44:910]	[SEND] UNLOAD M
[17:23:44:986]	[RECV] A
[17:23:44:987]	[RECV] M00000000,00000000,00000000
[17:23:44:990]	[SEND] STATUS
[17:23:45:042]	[RECV] A
[17:23:45:043]	[RECV] S4150142B
[17:23:45:044]	[OPER] ----- Result : Completed, Description : 
[17:25:25:404]	[OPER] ----- Unload -----
[17:25:25:404]	[SEND] RESET
[17:25:25:453]	[RECV] A
[17:25:25:454]	[RECV] O
[17:25:25:458]	[SEND] CFG_SLOTS
[17:25:25:509]	[RECV] A
[17:25:25:510]	[RECV] 13
[17:25:25:514]	[SEND] UNLOAD M
[17:25:30:803]	[RECV] A
[17:25:30:805]	[RECV] M00000000,00000000,00000000
[17:25:30:811]	[SEND] STATUS
[17:25:30:862]	[RECV] A
[17:25:30:863]	[RECV] S4150142B
[17:25:30:864]	[OPER] ----- Result : Completed, Description : 
[17:27:23:135]	[OPER] ----- Unload -----
[17:27:23:135]	[SEND] RESET
[17:27:23:185]	[RECV] A
[17:27:23:186]	[RECV] O
[17:27:23:189]	[SEND] CFG_SLOTS
[17:27:23:242]	[RECV] A
[17:27:23:243]	[RECV] 13
[17:27:23:247]	[SEND] UNLOAD M
[17:28:21:353]	[OPER] ----- Result : Timeout, Description : 
[17:28:21:354]	[RECV] A
[17:28:32:691]	[RECV] M00000000,00000000,00000000
[17:32:56:618]	[OPER] ----- Unload -----
[17:32:56:618]	[SEND] RESET
[17:33:27:336]	[RECV] A
[17:33:27:336]	[OPER] ----- Result : Timeout, Description : 
[17:33:27:337]	[RECV] O
[17:34:48:847]	[OPER] ----- Initialize -----
[17:34:48:847]	[SEND] RESET
[17:34:48:896]	[RECV] A
[17:34:48:897]	[RECV] O
[17:34:48:901]	[SEND] HOM
[17:34:48:941]	[RECV] A
[17:35:06:084]	[RECV] O
[17:35:06:087]	[SEND] STATUS
[17:35:06:138]	[RECV] A
[17:35:06:139]	[RECV] S4150142B
[17:35:06:141]	[OPER] ----- Result : Completed, Description : 
[17:35:06:142]	[OPER] ----- ChangeToFoup -----
[17:35:06:142]	[SEND] RESET
[17:35:06:185]	[RECV] A
[17:35:06:186]	[RECV] O
[17:35:06:190]	[SEND] OC_MODE OFF
[17:35:06:239]	[RECV] A
[17:35:06:240]	[RECV] O
[17:35:06:244]	[SEND] STATUS
[17:35:06:295]	[RECV] A
[17:35:06:296]	[RECV] S4150142B
[17:35:06:298]	[OPER] ----- Result : Completed, Description : 
[17:36:54:992]	[OPER] ----- Initialize -----
[17:36:54:992]	[SEND] RESET
[17:36:55:041]	[RECV] A
[17:36:55:042]	[RECV] O
[17:36:55:045]	[SEND] HOM
[17:36:55:091]	[RECV] A
[17:37:12:235]	[RECV] O
[17:37:12:238]	[SEND] STATUS
[17:37:12:289]	[RECV] A
[17:37:12:290]	[RECV] S4150142B
[17:37:12:292]	[OPER] ----- Result : Completed, Description : 
[17:37:12:293]	[OPER] ----- ChangeToFoup -----
[17:37:12:293]	[SEND] RESET
[17:37:12:335]	[RECV] A
[17:37:12:336]	[RECV] O
[17:37:12:340]	[SEND] OC_MODE OFF
[17:37:12:389]	[RECV] A
[17:37:12:390]	[RECV] O
[17:37:12:394]	[SEND] STATUS
[17:37:12:445]	[RECV] A
[17:37:12:446]	[RECV] S4150142B
[17:37:12:448]	[OPER] ----- Result : Completed, Description : 
[17:37:50:663]	[OPER] ----- Unload -----
[17:37:50:663]	[SEND] RESET
[17:37:50:709]	[RECV] A
[17:37:50:710]	[RECV] O
[17:37:50:714]	[SEND] CFG_SLOTS
[17:37:50:763]	[RECV] A
[17:37:50:764]	[RECV] 13
[17:37:50:768]	[SEND] UNLOAD M
[17:37:50:840]	[RECV] A
[17:37:50:841]	[RECV] M00000000,00000000,00000000
[17:37:50:845]	[SEND] STATUS
[17:37:50:898]	[RECV] A
[17:37:50:899]	[RECV] S4150142B
[17:37:50:901]	[OPER] ----- Result : Completed, Description : 
[17:38:18:370]	[OPER] ----- Unload -----
[17:38:18:370]	[SEND] RESET
[17:38:18:420]	[RECV] A
[17:38:18:421]	[RECV] O
[17:38:18:424]	[SEND] CFG_SLOTS
[17:38:18:478]	[RECV] A
[17:38:18:479]	[RECV] 13
[17:38:18:482]	[SEND] UNLOAD M
[17:38:18:557]	[RECV] A
[17:38:18:558]	[RECV] M00000000,00000000,00000000
[17:38:18:562]	[SEND] STATUS
[17:38:18:613]	[RECV] A
[17:38:18:614]	[RECV] S4150142B
[17:38:18:616]	[OPER] ----- Result : Completed, Description : 
[17:39:47:259]	[OPER] ----- Unload -----
[17:39:47:259]	[SEND] RESET
[17:39:47:307]	[RECV] A
[17:39:47:308]	[RECV] O
[17:39:47:311]	[SEND] CFG_SLOTS
[17:39:47:360]	[RECV] A
[17:39:47:361]	[RECV] 13
[17:39:47:365]	[SEND] UNLOAD M
[17:39:47:438]	[RECV] A
[17:39:47:439]	[RECV] M00000000,00000000,00000000
[17:39:47:442]	[SEND] STATUS
[17:39:48:916]	[RECV] A
[17:39:50:425]	[RECV] S4150142B
[17:39:50:427]	[OPER] ----- Result : Completed, Description : 
[17:42:37:430]	[OPER] ----- Unload -----
[17:42:37:430]	[SEND] RESET
[17:42:37:482]	[RECV] A
[17:42:37:483]	[RECV] O
[17:42:37:487]	[SEND] CFG_SLOTS
[17:42:37:537]	[RECV] A
[17:42:37:538]	[RECV] 13
[17:42:37:541]	[SEND] UNLOAD M
[17:42:37:617]	[RECV] A
[17:42:37:618]	[RECV] M00000000,00000000,00000000
[17:42:37:622]	[SEND] STATUS
[17:42:37:674]	[RECV] A
[17:42:37:675]	[RECV] S4150142B
[17:42:37:676]	[OPER] ----- Result : Completed, Description : 
[17:43:56:303]	[OPER] ----- Unload -----
[17:43:56:303]	[SEND] RESET
[17:43:56:349]	[RECV] A
[17:43:56:350]	[RECV] O
[17:43:56:354]	[SEND] CFG_SLOTS
[17:43:56:405]	[RECV] A
[17:43:56:406]	[RECV] 13
[17:43:56:410]	[SEND] UNLOAD M
[17:43:56:485]	[RECV] A
[17:43:56:486]	[RECV] M00000000,00000000,00000000
[17:43:56:490]	[SEND] STATUS
[17:43:56:542]	[RECV] A
[17:43:56:543]	[RECV] S4150142B
[17:43:56:545]	[OPER] ----- Result : Completed, Description : 
[17:44:32:396]	[OPER] ----- Unload -----
[17:44:32:396]	[SEND] RESET
[17:44:32:441]	[RECV] A
[17:44:32:442]	[RECV] O
[17:44:32:445]	[SEND] CFG_SLOTS
[17:44:32:496]	[RECV] A
[17:44:32:497]	[RECV] 13
[17:44:32:499]	[SEND] UNLOAD M
[17:44:32:573]	[RECV] A
[17:44:32:574]	[RECV] M00000000,00000000,00000000
[17:44:32:577]	[SEND] STATUS
[17:44:32:632]	[RECV] A
[17:44:32:633]	[RECV] S4150142B
[17:44:32:634]	[OPER] ----- Result : Completed, Description : 
[17:46:20:711]	[OPER] ----- Unload -----
[17:46:20:711]	[SEND] RESET
[17:46:20:756]	[RECV] A
[17:46:20:757]	[RECV] O
[17:46:20:760]	[SEND] CFG_SLOTS
[17:46:20:810]	[RECV] A
[17:46:20:811]	[RECV] 13
[17:46:20:814]	[SEND] UNLOAD M
[17:46:20:890]	[RECV] A
[17:46:20:891]	[RECV] M00000000,00000000,00000000
[17:46:20:895]	[SEND] STATUS
[17:46:20:947]	[RECV] A
[17:46:20:948]	[RECV] S4150142B
[17:46:20:949]	[OPER] ----- Result : Completed, Description : 
[17:50:02:800]	[OPER] ----- Initialize -----
[17:50:02:800]	[SEND] RESET
[17:50:02:848]	[RECV] A
[17:50:02:849]	[RECV] O
[17:50:02:852]	[SEND] HOM
[17:50:02:897]	[RECV] A
[17:50:20:038]	[RECV] O
[17:50:20:042]	[SEND] STATUS
[17:50:20:094]	[RECV] A
[17:50:20:095]	[RECV] S4150142B
[17:50:20:096]	[OPER] ----- Result : Completed, Description : 
[17:50:20:097]	[OPER] ----- ChangeToFoup -----
[17:50:20:097]	[SEND] RESET
[17:50:20:140]	[RECV] A
[17:50:20:141]	[RECV] O
[17:50:20:145]	[SEND] OC_MODE OFF
[17:50:20:193]	[RECV] A
[17:50:20:194]	[RECV] O
[17:50:20:199]	[SEND] STATUS
[17:50:20:250]	[RECV] A
[17:50:20:251]	[RECV] S4150142B
[17:50:20:253]	[OPER] ----- Result : Completed, Description : 
[17:51:25:077]	[OPER] ----- Unload -----
[17:51:25:077]	[SEND] RESET
[17:51:25:129]	[RECV] A
[17:51:25:130]	[RECV] O
[17:51:25:133]	[SEND] CFG_SLOTS
[17:51:25:185]	[RECV] A
[17:51:25:186]	[RECV] 13
[17:51:25:190]	[SEND] UNLOAD M
[17:51:25:264]	[RECV] A
[17:51:25:265]	[RECV] M00000000,00000000,00000000
[17:51:25:268]	[SEND] STATUS
[17:51:25:320]	[RECV] A
[17:51:25:321]	[RECV] S4150142B
[17:51:25:322]	[OPER] ----- Result : Completed, Description : 
