[08:35:32:164]	[OPER] Start> Unload
[08:35:32:164]	[SEND] RESET
[08:35:32:214]	[RECV] A
[08:35:32:215]	[RECV] O
[08:35:32:219]	[SEND] CFG_SLOTS
[08:35:32:268]	[RECV] A
[08:35:32:269]	[RECV] 13
[08:35:32:272]	[SEND] UNLOAD M
[08:35:32:348]	[RECV] A
[08:35:32:349]	[RECV] M00000000,00000000,00000000
[08:35:32:353]	[SEND] STATUS
[08:35:32:405]	[RECV] A
[08:35:32:406]	[RECV] S4150142B
[08:35:32:407]	[OPER] End> Unload, Result : Completed
[15:58:24:936]	[RECV] C01000000
[16:00:14:523]	[OPER] ----- Initialize -----
[16:00:14:524]	[SEND] RESET
[16:00:14:573]	[RECV] A
[16:00:14:574]	[RECV] O
[16:00:14:578]	[SEND] HOM
[16:00:14:617]	[RECV] A
[16:00:32:385]	[RECV] O
[16:00:32:388]	[SEND] STATUS
[16:00:32:440]	[RECV] A
[16:00:32:441]	[RECV] S4150142B
[16:00:32:443]	[OPER] ----- Result : Completed, Description : 
[16:00:32:444]	[OPER] ----- ChangeToFoup -----
[16:00:32:444]	[SEND] RESET
[16:00:32:487]	[RECV] A
[16:00:32:488]	[RECV] O
[16:00:32:492]	[SEND] OC_MODE OFF
[16:00:32:541]	[RECV] A
[16:00:32:542]	[RECV] O
[16:00:32:545]	[SEND] STATUS
[16:00:32:597]	[RECV] A
[16:00:32:598]	[RECV] S4150142B
[16:00:32:599]	[OPER] ----- Result : Completed, Description : 
[16:06:53:014]	[RECV] C01000000
[16:10:54:913]	[RECV] C00010000
[16:10:54:914]	[RECV] C00000020
[16:17:07:221]	[RECV] C01000000
[16:18:00:098]	[RECV] C00010000
[16:18:00:099]	[RECV] C00000020
[16:18:43:609]	[RECV] C00010000
[16:18:43:610]	[RECV] C00000020
