[10:00:16:374]	[OPER] ----- Initialize -----
[10:00:16:374]	[SEND] RESET
[10:00:16:431]	[RECV] A
[10:00:16:433]	[RECV] O
[10:00:16:436]	[SEND] HOM
[10:00:16:477]	[RECV] A
[10:00:34:324]	[RECV] O
[10:00:34:328]	[SEND] STATUS
[10:00:34:380]	[RECV] A
[10:00:34:381]	[RECV] S4150142B
[10:00:34:382]	[OPER] ----- Result : Completed, Description : 
[10:00:34:383]	[OPER] ----- ChangeToFoup -----
[10:00:34:383]	[SEND] RESET
[10:00:34:427]	[RECV] A
[10:00:34:428]	[RECV] O
[10:00:34:432]	[SEND] OC_MODE OFF
[10:00:34:482]	[RECV] A
[10:00:34:483]	[RECV] O
[10:00:34:486]	[SEND] STATUS
[10:00:34:538]	[RECV] A
[10:00:34:539]	[RECV] S4150142B
[10:00:34:540]	[OPER] ----- Result : Completed, Description : 
[10:22:19:941]	[OPER] ----- Unload -----
[10:22:19:941]	[SEND] RESET
[10:22:19:990]	[RECV] A
[10:22:19:991]	[RECV] O
[10:22:19:994]	[SEND] CFG_SLOTS
[10:22:20:045]	[RECV] A
[10:22:20:046]	[RECV] 13
[10:22:20:049]	[SEND] UNLOAD M
[10:22:20:128]	[RECV] A
[10:22:20:129]	[RECV] M00000000,00000000,00000000
[10:22:20:133]	[SEND] STATUS
[10:22:20:185]	[RECV] A
[10:22:20:186]	[RECV] S4150142B
[10:22:20:187]	[OPER] ----- Result : Completed, Description : 
[10:29:03:614]	[RECV] C01000000
[10:29:23:749]	[RECV] C00000010
[17:17:23:445]	[RECV] C00010000
[17:17:23:446]	[RECV] C00000010
[20:54:15:471]	[OPER] ----- Initialize -----
[20:54:15:471]	[SEND] RESET
[20:54:15:520]	[RECV] A
[20:54:15:521]	[RECV] O
[20:54:15:523]	[SEND] HOM
[20:54:15:569]	[RECV] A
[20:54:33:433]	[RECV] O
[20:56:32:825]	[OPER] ----- Initialize -----
[20:56:32:825]	[SEND] RESET
[20:56:32:876]	[RECV] A
[20:56:32:877]	[RECV] O
[20:56:32:879]	[SEND] HOM
[20:56:32:921]	[RECV] A
[20:56:50:251]	[RECV] O
[20:56:50:254]	[SEND] STATUS
[20:56:50:306]	[RECV] A
[20:56:50:307]	[RECV] S7150142B
[20:56:50:308]	[OPER] ----- Result : Completed, Description : 
[20:56:50:309]	[OPER] ----- ChangeToFoup -----
[20:56:50:309]	[SEND] RESET
[20:56:50:352]	[RECV] A
[20:56:50:353]	[RECV] O
[20:56:50:357]	[SEND] OC_MODE OFF
[20:56:50:405]	[RECV] A
[20:56:50:406]	[RECV] O
[20:56:50:409]	[SEND] STATUS
[20:56:50:460]	[RECV] A
[20:56:50:461]	[RECV] S7150142B
[20:56:50:462]	[OPER] ----- Result : Completed, Description : 
[20:57:24:762]	[RECV] C01000000
[21:06:07:231]	[OPER] ----- Initialize -----
[21:06:07:231]	[SEND] RESET
[21:06:07:281]	[RECV] A
[21:06:07:282]	[RECV] O
[21:06:07:285]	[SEND] HOM
[21:06:07:330]	[RECV] A
[21:06:24:669]	[RECV] O
[21:06:24:672]	[SEND] STATUS
[21:06:24:724]	[RECV] A
[21:06:24:725]	[RECV] S7150142B
[21:06:24:726]	[OPER] ----- Result : Completed, Description : 
[21:06:24:727]	[OPER] ----- ChangeToFoup -----
[21:06:24:727]	[SEND] RESET
[21:06:24:769]	[RECV] A
[21:06:24:771]	[RECV] O
[21:06:24:776]	[SEND] OC_MODE OFF
[21:06:24:826]	[RECV] A
[21:06:24:827]	[RECV] O
[21:06:24:830]	[SEND] STATUS
[21:06:24:883]	[RECV] A
[21:06:24:884]	[RECV] S7150142B
[21:06:24:885]	[OPER] ----- Result : Completed, Description : 
[21:06:32:189]	[RECV] C01000000
[21:07:29:614]	[OPER] ----- Initialize -----
[21:07:29:614]	[SEND] RESET
[21:07:29:666]	[RECV] A
[21:07:29:667]	[RECV] O
[21:07:29:671]	[SEND] HOM
[21:07:29:710]	[RECV] A
[21:07:47:037]	[RECV] O
[21:07:47:040]	[SEND] STATUS
[21:07:47:092]	[RECV] A
[21:07:47:093]	[RECV] S7150142B
[21:07:47:095]	[OPER] ----- Result : Completed, Description : 
[21:07:47:096]	[OPER] ----- ChangeToFoup -----
[21:07:47:096]	[SEND] RESET
[21:07:47:138]	[RECV] A
[21:07:47:139]	[RECV] O
[21:07:47:142]	[SEND] OC_MODE OFF
[21:07:47:191]	[RECV] A
[21:07:47:192]	[RECV] O
[21:07:47:196]	[SEND] STATUS
[21:07:47:247]	[RECV] A
[21:07:47:248]	[RECV] S7150142B
[21:07:47:249]	[OPER] ----- Result : Completed, Description : 
[21:08:59:678]	[RECV] C01000000
[21:09:27:124]	[OPER] ----- Initialize -----
[21:09:27:124]	[SEND] RESET
[21:09:27:173]	[RECV] A
[21:09:27:174]	[RECV] O
[21:09:27:178]	[SEND] HOM
[21:09:27:217]	[RECV] A
[21:09:44:551]	[RECV] O
[21:09:44:555]	[SEND] STATUS
[21:09:44:607]	[RECV] A
[21:09:44:608]	[RECV] S7150142B
[21:09:44:609]	[OPER] ----- Result : Completed, Description : 
[21:09:44:610]	[OPER] ----- ChangeToFoup -----
[21:09:44:610]	[SEND] RESET
[21:09:44:652]	[RECV] A
[21:09:44:653]	[RECV] O
[21:09:44:657]	[SEND] OC_MODE OFF
[21:09:44:707]	[RECV] A
[21:09:44:708]	[RECV] O
[21:09:44:711]	[SEND] STATUS
[21:09:44:763]	[RECV] A
[21:09:44:764]	[RECV] S7150142B
[21:09:44:765]	[OPER] ----- Result : Completed, Description : 
