[01:51:52:588]	[OPER] ----- Initialize -----
[01:51:52:588]	[SEND] RESET
[01:51:52:639]	[RECV] A
[01:51:52:640]	[RECV] O
[01:51:52:644]	[SEND] HOM
[01:51:52:683]	[RECV] A
[01:52:10:004]	[RECV] O
[01:52:10:007]	[SEND] STATUS
[01:52:10:058]	[RECV] A
[01:52:10:059]	[RECV] S7150142B
[01:52:10:061]	[OPER] ----- Result : Completed, Description : 
[01:52:10:062]	[OPER] ----- ChangeToFoup -----
[01:52:10:062]	[SEND] RESET
[01:52:10:105]	[RECV] A
[01:52:10:106]	[RECV] O
[01:52:10:110]	[SEND] OC_MODE OFF
[01:52:10:158]	[RECV] A
[01:52:10:159]	[RECV] O
[01:52:10:162]	[SEND] STATUS
[01:52:10:215]	[RECV] A
[01:52:10:216]	[RECV] S7150142B
[01:52:10:218]	[OPER] ----- Result : Completed, Description : 
[02:14:05:854]	[OPER] ----- Clamp -----
[02:14:05:854]	[SEND] RESET
[02:14:05:901]	[RECV] A
[02:14:05:902]	[RECV] O
[02:14:05:905]	[SEND] POD_LOCK ON
[02:14:05:952]	[RECV] A
[02:14:06:463]	[RECV] O
[02:14:06:467]	[SEND] STATUS
[02:14:06:518]	[RECV] A
[02:14:06:519]	[RECV] S7150122B
[02:14:06:521]	[OPER] ----- Result : Completed, Description : 
[02:14:07:199]	[OPER] ----- Load -----
[02:14:07:199]	[SEND] RESET
[02:14:07:243]	[RECV] A
[02:14:07:244]	[RECV] O
[02:14:07:248]	[SEND] CFG_SLOTS
[02:14:07:295]	[RECV] A
[02:14:07:296]	[RECV] 13
[02:14:07:299]	[SEND] LOAD M
[02:14:07:341]	[RECV] A
[02:14:21:503]	[RECV] M00000000,00000000,00000000
[02:14:21:507]	[SEND] STATUS
[02:14:21:558]	[RECV] A
[02:14:21:559]	[RECV] S31500A27
[02:14:21:559]	[OPER] ----- Result : Completed, Description : 
[02:14:21:570]	[OPER] ----- Unload -----
[02:14:21:570]	[SEND] RESET
[02:14:21:614]	[RECV] A
[02:14:21:615]	[RECV] O
[02:14:21:619]	[SEND] CFG_SLOTS
[02:14:21:667]	[RECV] A
[02:14:21:668]	[RECV] 13
[02:14:21:672]	[SEND] UNLOAD M
[02:14:21:715]	[RECV] A
[02:14:31:066]	[RECV] M00000000,00000000,00000000
[02:14:31:071]	[SEND] STATUS
[02:14:31:122]	[RECV] A
[02:14:31:123]	[RECV] S7150142B
[02:14:31:125]	[OPER] ----- Result : Completed, Description : 
[15:59:46:567]	[RECV] C01000000
[16:14:25:931]	[OPER] ----- Initialize -----
[16:14:25:931]	[SEND] RESET
[16:14:25:980]	[RECV] A
[16:14:25:981]	[RECV] O
[16:14:25:984]	[SEND] HOM
[16:14:26:028]	[RECV] A
[16:14:43:321]	[RECV] O
[16:14:43:325]	[SEND] STATUS
[16:14:43:377]	[RECV] A
[16:14:43:378]	[RECV] S7150142B
[16:14:43:379]	[OPER] ----- Result : Completed, Description : 
[16:14:43:380]	[OPER] ----- ChangeToFoup -----
[16:14:43:380]	[SEND] RESET
[16:14:43:422]	[RECV] A
[16:14:43:423]	[RECV] O
[16:14:43:426]	[SEND] OC_MODE OFF
[16:14:43:475]	[RECV] A
[16:14:43:476]	[RECV] O
[16:14:43:480]	[SEND] STATUS
[16:14:43:531]	[RECV] A
[16:14:43:532]	[RECV] S7150142B
[16:14:43:533]	[OPER] ----- Result : Completed, Description : 
[16:28:14:822]	[OPER] ----- Initialize -----
[16:28:14:822]	[SEND] RESET
[16:28:14:867]	[RECV] A
[16:28:14:870]	[RECV] O
[16:28:14:875]	[SEND] HOM
[16:28:14:917]	[RECV] A
[16:28:32:214]	[RECV] O
[16:28:32:218]	[SEND] STATUS
[16:28:32:270]	[RECV] A
[16:28:32:271]	[RECV] S7150142B
[16:28:32:272]	[OPER] ----- Result : Completed, Description : 
[16:28:32:273]	[OPER] ----- ChangeToFoup -----
[16:28:32:273]	[SEND] RESET
[16:28:32:316]	[RECV] A
[16:28:32:317]	[RECV] O
[16:28:32:321]	[SEND] OC_MODE OFF
[16:28:32:370]	[RECV] A
[16:28:32:371]	[RECV] O
[16:28:32:374]	[SEND] STATUS
[16:28:32:425]	[RECV] A
[16:28:32:426]	[RECV] S7150142B
[16:28:32:427]	[OPER] ----- Result : Completed, Description : 
