[09:47:59:805]	[RECV] C01000000
[10:36:28:687]	[OPER] ----- Initialize -----
[10:36:28:687]	[SEND] RESET
[10:36:28:735]	[RECV] A
[10:36:28:736]	[RECV] O
[10:36:28:738]	[SEND] HOM
[10:36:28:783]	[RECV] A
[10:36:46:032]	[RECV] O
[10:36:46:036]	[SEND] STATUS
[10:36:46:087]	[RECV] A
[10:36:46:088]	[RECV] S4150142B
[10:36:46:090]	[OPER] ----- Result : Completed, Description : 
[10:36:46:091]	[OPER] ----- ChangeToFoup -----
[10:36:46:091]	[SEND] RESET
[10:36:46:132]	[RECV] A
[10:36:46:133]	[RECV] O
[10:36:46:136]	[SEND] OC_MODE OFF
[10:36:46:184]	[RECV] A
[10:36:46:185]	[RECV] O
[10:36:46:188]	[SEND] STATUS
[10:36:46:239]	[RECV] A
[10:36:46:240]	[RECV] S4150142B
[10:36:46:242]	[OPER] ----- Result : Completed, Description : 
[10:39:00:108]	[OPER] ----- ChangeToCassette -----
[10:39:00:108]	[SEND] RESET
[10:39:00:151]	[RECV] A
[10:39:00:152]	[RECV] O
[10:39:00:156]	[SEND] OC_MODE ON
[10:39:00:200]	[RECV] A
[10:39:03:421]	[RECV] O
[10:39:03:425]	[SEND] STATUS
[10:39:03:477]	[RECV] A
[10:39:03:478]	[RECV] S4350142B
[10:39:03:479]	[OPER] ----- Result : Completed, Description : 
[10:39:16:672]	[OPER] ----- ChangeToFoup -----
[10:39:16:672]	[SEND] RESET
[10:39:16:714]	[RECV] A
[10:39:16:715]	[RECV] O
[10:39:16:718]	[SEND] OC_MODE OFF
[10:39:16:763]	[RECV] A
[10:39:19:525]	[RECV] O
[10:39:19:529]	[SEND] STATUS
[10:39:19:581]	[RECV] A
[10:39:19:582]	[RECV] S4150142B
[10:39:19:583]	[OPER] ----- Result : Completed, Description : 
[10:42:11:013]	[RECV] C01000000
[10:49:27:915]	[OPER] ----- Initialize -----
[10:49:27:915]	[SEND] RESET
[10:49:27:963]	[RECV] A
[10:49:27:964]	[RECV] O
[10:49:27:968]	[SEND] HOM
[10:49:28:006]	[RECV] A
[10:49:45:921]	[RECV] O
[10:49:45:925]	[SEND] STATUS
[10:49:45:981]	[RECV] A
[10:49:45:982]	[RECV] S4150142B
[10:49:45:983]	[OPER] ----- Result : Completed, Description : 
[10:49:45:984]	[OPER] ----- ChangeToFoup -----
[10:49:45:984]	[SEND] RESET
[10:49:46:027]	[RECV] A
[10:49:46:028]	[RECV] O
[10:49:46:032]	[SEND] OC_MODE OFF
[10:49:46:082]	[RECV] A
[10:49:46:083]	[RECV] O
[10:49:46:086]	[SEND] STATUS
[10:49:46:139]	[RECV] A
[10:49:46:140]	[RECV] S4150142B
[10:49:46:141]	[OPER] ----- Result : Completed, Description : 
[10:51:40:003]	[RECV] C01000000
[11:46:38:808]	[RECV] C00010000
[11:46:38:809]	[RECV] C00000020
[11:58:22:314]	[OPER] ----- Initialize -----
[11:58:22:314]	[SEND] RESET
[11:58:22:362]	[RECV] A
[11:58:22:363]	[RECV] O
[11:58:22:366]	[SEND] HOM
[11:58:22:407]	[RECV] A
[11:58:40:176]	[RECV] O
[11:58:40:180]	[SEND] STATUS
[11:58:40:232]	[RECV] A
[11:58:40:233]	[RECV] S4150142B
[11:58:40:234]	[OPER] ----- Result : Completed, Description : 
[11:58:40:235]	[OPER] ----- ChangeToFoup -----
[11:58:40:235]	[SEND] RESET
[11:58:40:277]	[RECV] A
[11:58:40:278]	[RECV] O
[11:58:40:281]	[SEND] OC_MODE OFF
[11:58:40:329]	[RECV] A
[11:58:40:330]	[RECV] O
[11:58:40:333]	[SEND] STATUS
[11:58:40:384]	[RECV] A
[11:58:40:385]	[RECV] S4150142B
[11:58:40:387]	[OPER] ----- Result : Completed, Description : 
[13:47:52:790]	[RECV] C01000000
[14:13:43:199]	[OPER] ----- Initialize -----
[14:13:43:199]	[SEND] RESET
[14:13:43:248]	[RECV] A
[14:13:43:249]	[RECV] O
[14:13:43:252]	[SEND] HOM
[14:13:43:292]	[RECV] A
[14:14:00:550]	[RECV] O
[14:14:00:554]	[SEND] STATUS
[14:14:00:605]	[RECV] A
[14:14:00:606]	[RECV] S4150142B
[14:14:00:608]	[OPER] ----- Result : Completed, Description : 
[14:14:00:609]	[OPER] ----- ChangeToFoup -----
[14:14:00:609]	[SEND] RESET
[14:14:00:651]	[RECV] A
[14:14:00:652]	[RECV] O
[14:14:00:656]	[SEND] OC_MODE OFF
[14:14:00:704]	[RECV] A
[14:14:00:705]	[RECV] O
[14:14:00:708]	[SEND] STATUS
[14:14:00:759]	[RECV] A
[14:14:00:760]	[RECV] S4150142B
[14:14:00:762]	[OPER] ----- Result : Completed, Description : 
[14:16:23:757]	[OPER] ----- Initialize -----
[14:16:23:757]	[SEND] RESET
[14:16:23:806]	[RECV] A
[14:16:23:807]	[RECV] O
[14:16:23:811]	[SEND] HOM
[14:16:23:850]	[RECV] A
[14:16:41:117]	[RECV] O
[14:16:41:121]	[SEND] STATUS
[14:16:41:173]	[RECV] A
[14:16:41:174]	[RECV] S4150142B
[14:16:41:175]	[OPER] ----- Result : Completed, Description : 
[14:16:41:176]	[OPER] ----- ChangeToFoup -----
[14:16:41:176]	[SEND] RESET
[14:16:41:219]	[RECV] A
[14:16:41:220]	[RECV] O
[14:16:41:224]	[SEND] OC_MODE OFF
[14:16:41:274]	[RECV] A
[14:16:41:275]	[RECV] O
[14:16:41:279]	[SEND] STATUS
[14:16:41:331]	[RECV] A
[14:16:41:332]	[RECV] S4150142B
[14:16:41:334]	[OPER] ----- Result : Completed, Description : 
[14:45:45:423]	[OPER] ----- Initialize -----
[14:45:45:423]	[SEND] RESET
[14:45:45:474]	[RECV] A
[14:45:45:475]	[RECV] O
[14:45:45:478]	[SEND] HOM
[14:45:45:517]	[RECV] A
[14:46:02:799]	[RECV] O
[14:46:02:802]	[SEND] STATUS
[14:46:02:854]	[RECV] A
[14:46:02:855]	[RECV] S4150142B
[14:46:02:856]	[OPER] ----- Result : Completed, Description : 
[14:46:02:857]	[OPER] ----- ChangeToFoup -----
[14:46:02:857]	[SEND] RESET
[14:46:02:899]	[RECV] A
[14:46:02:900]	[RECV] O
[14:46:02:903]	[SEND] OC_MODE OFF
[14:46:02:953]	[RECV] A
[14:46:02:954]	[RECV] O
[14:46:02:957]	[SEND] STATUS
[14:46:03:009]	[RECV] A
[14:46:03:010]	[RECV] S4150142B
[14:46:03:011]	[OPER] ----- Result : Completed, Description : 
[15:19:27:712]	[OPER] ----- Initialize -----
[15:19:27:712]	[SEND] RESET
[15:19:27:762]	[RECV] A
[15:19:27:763]	[RECV] O
[15:19:27:766]	[SEND] HOM
[15:19:27:806]	[RECV] A
[15:19:45:049]	[RECV] O
[15:19:45:052]	[SEND] STATUS
[15:19:45:105]	[RECV] A
[15:19:45:106]	[RECV] S4150142B
[15:19:45:108]	[OPER] ----- Result : Completed, Description : 
[15:19:45:109]	[OPER] ----- ChangeToFoup -----
[15:19:45:109]	[SEND] RESET
[15:19:45:152]	[RECV] A
[15:19:45:153]	[RECV] O
[15:19:45:157]	[SEND] OC_MODE OFF
[15:19:45:207]	[RECV] A
[15:19:45:208]	[RECV] O
[15:19:45:211]	[SEND] STATUS
[15:19:45:264]	[RECV] A
[15:19:45:265]	[RECV] S4150142B
[15:19:45:267]	[OPER] ----- Result : Completed, Description : 
[15:20:29:978]	[OPER] ----- Initialize -----
[15:20:29:978]	[SEND] RESET
[15:20:30:025]	[RECV] A
[15:20:30:026]	[RECV] O
[15:20:30:029]	[SEND] HOM
[15:20:30:073]	[RECV] A
[15:20:47:304]	[RECV] O
[15:20:47:307]	[SEND] STATUS
[15:20:47:358]	[RECV] A
[15:20:47:359]	[RECV] S4150142B
[15:20:47:361]	[OPER] ----- Result : Completed, Description : 
[15:20:47:362]	[OPER] ----- ChangeToFoup -----
[15:20:47:362]	[SEND] RESET
[15:20:47:404]	[RECV] A
[15:20:47:405]	[RECV] O
[15:20:47:408]	[SEND] OC_MODE OFF
[15:20:47:457]	[RECV] A
[15:20:47:458]	[RECV] O
[15:20:47:463]	[SEND] STATUS
[15:20:47:515]	[RECV] A
[15:20:47:516]	[RECV] S4150142B
[15:20:47:517]	[OPER] ----- Result : Completed, Description : 
[15:34:23:690]	[OPER] ----- Initialize -----
[15:34:23:690]	[SEND] RESET
[15:34:23:741]	[RECV] A
[15:34:23:742]	[RECV] O
[15:34:23:746]	[SEND] HOM
[15:34:23:786]	[RECV] A
[15:34:41:038]	[RECV] O
[15:34:41:041]	[SEND] STATUS
[15:34:41:094]	[RECV] A
[15:34:41:095]	[RECV] S4150142B
[15:34:41:097]	[OPER] ----- Result : Completed, Description : 
[15:34:41:098]	[OPER] ----- ChangeToFoup -----
[15:34:41:098]	[SEND] RESET
[15:34:41:141]	[RECV] A
[15:34:41:142]	[RECV] O
[15:34:41:146]	[SEND] OC_MODE OFF
[15:34:41:198]	[RECV] A
[15:34:41:199]	[RECV] O
[15:34:41:203]	[SEND] STATUS
[15:34:41:255]	[RECV] A
[15:34:41:256]	[RECV] S4150142B
[15:34:41:257]	[OPER] ----- Result : Completed, Description : 
[15:48:00:258]	[OPER] ----- Initialize -----
[15:48:00:258]	[SEND] RESET
[15:48:00:308]	[RECV] A
[15:48:00:311]	[RECV] O
[15:48:00:314]	[SEND] HOM
[15:48:00:355]	[RECV] A
[15:48:17:630]	[RECV] O
[15:48:17:634]	[SEND] STATUS
[15:48:17:684]	[RECV] A
[15:48:17:685]	[RECV] S4150142B
[15:48:17:687]	[OPER] ----- Result : Completed, Description : 
[15:48:17:688]	[OPER] ----- ChangeToFoup -----
[15:48:17:688]	[SEND] RESET
[15:48:17:730]	[RECV] A
[15:48:17:731]	[RECV] O
[15:48:17:734]	[SEND] OC_MODE OFF
[15:48:17:783]	[RECV] A
[15:48:17:784]	[RECV] O
[15:48:17:788]	[SEND] STATUS
[15:48:17:840]	[RECV] A
[15:48:17:841]	[RECV] S4150142B
[15:48:17:842]	[OPER] ----- Result : Completed, Description : 
[17:34:06:677]	[OPER] ----- Initialize -----
[17:34:06:677]	[SEND] RESET
[17:34:06:725]	[RECV] A
[17:34:06:726]	[RECV] O
[17:34:06:729]	[SEND] HOM
[17:34:06:774]	[RECV] A
[17:34:24:047]	[RECV] O
[17:34:24:050]	[SEND] STATUS
[17:34:24:102]	[RECV] A
[17:34:24:103]	[RECV] S4150142B
[17:34:24:104]	[OPER] ----- Result : Completed, Description : 
[17:34:24:105]	[OPER] ----- ChangeToFoup -----
[17:34:24:105]	[SEND] RESET
[17:34:24:150]	[RECV] A
[17:34:24:151]	[RECV] O
[17:34:24:155]	[SEND] OC_MODE OFF
[17:34:24:203]	[RECV] A
[17:34:24:204]	[RECV] O
[17:34:24:208]	[SEND] STATUS
[17:34:24:261]	[RECV] A
[17:34:24:262]	[RECV] S4150142B
[17:34:24:264]	[OPER] ----- Result : Completed, Description : 
[17:40:09:691]	[OPER] ----- Initialize -----
[17:40:09:691]	[SEND] RESET
[17:40:09:740]	[RECV] A
[17:40:09:741]	[RECV] O
[17:40:09:745]	[SEND] HOM
[17:40:09:786]	[RECV] A
[17:40:27:055]	[RECV] O
[17:40:27:058]	[SEND] STATUS
[17:40:27:111]	[RECV] A
[17:40:27:112]	[RECV] S4150142B
[17:40:27:114]	[OPER] ----- Result : Completed, Description : 
[17:40:27:115]	[OPER] ----- ChangeToFoup -----
[17:40:27:115]	[SEND] RESET
[17:40:27:157]	[RECV] A
[17:40:27:158]	[RECV] O
[17:40:27:161]	[SEND] OC_MODE OFF
[17:40:27:210]	[RECV] A
[17:40:27:211]	[RECV] O
[17:40:27:214]	[SEND] STATUS
[17:40:27:265]	[RECV] A
[17:40:27:266]	[RECV] S4150142B
[17:40:27:267]	[OPER] ----- Result : Completed, Description : 
[17:43:20:940]	[OPER] ----- Initialize -----
[17:43:20:940]	[SEND] RESET
[17:43:20:989]	[RECV] A
[17:43:20:990]	[RECV] O
[17:43:20:992]	[SEND] HOM
[17:43:21:038]	[RECV] A
[17:43:38:305]	[RECV] O
[17:43:38:309]	[SEND] STATUS
[17:43:38:361]	[RECV] A
[17:43:38:362]	[RECV] S4150142B
[17:43:38:363]	[OPER] ----- Result : Completed, Description : 
[17:43:38:364]	[OPER] ----- ChangeToFoup -----
[17:43:38:364]	[SEND] RESET
[17:43:38:406]	[RECV] A
[17:43:38:407]	[RECV] O
[17:43:38:409]	[SEND] OC_MODE OFF
[17:43:38:459]	[RECV] A
[17:43:38:460]	[RECV] O
[17:43:38:463]	[SEND] STATUS
[17:43:38:513]	[RECV] A
[17:43:38:514]	[RECV] S4150142B
[17:43:38:516]	[OPER] ----- Result : Completed, Description : 
[18:41:10:975]	[OPER] ----- Initialize -----
[18:41:10:975]	[SEND] RESET
[18:41:11:026]	[RECV] A
[18:41:11:027]	[RECV] O
[18:41:11:030]	[SEND] HOM
[18:41:11:070]	[RECV] A
[18:41:28:334]	[RECV] O
[18:41:28:338]	[SEND] STATUS
[18:41:28:390]	[RECV] A
[18:41:28:391]	[RECV] S4150142B
[18:41:28:393]	[OPER] ----- Result : Completed, Description : 
[18:41:28:394]	[OPER] ----- ChangeToFoup -----
[18:41:28:394]	[SEND] RESET
[18:41:28:435]	[RECV] A
[18:41:28:436]	[RECV] O
[18:41:28:439]	[SEND] OC_MODE OFF
[18:41:28:488]	[RECV] A
[18:41:28:489]	[RECV] O
[18:41:28:493]	[SEND] STATUS
[18:41:28:545]	[RECV] A
[18:41:28:546]	[RECV] S4150142B
[18:41:28:548]	[OPER] ----- Result : Completed, Description : 
[18:55:16:624]	[RECV] C01000000
[18:57:26:845]	[OPER] ----- Initialize -----
[18:57:26:845]	[SEND] RESET
[18:57:26:894]	[RECV] A
[18:57:26:895]	[RECV] O
[18:57:26:899]	[SEND] HOM
[18:57:26:938]	[RECV] A
[18:57:44:206]	[RECV] O
[18:57:44:209]	[SEND] STATUS
[18:57:44:261]	[RECV] A
[18:57:44:262]	[RECV] S4150142B
[18:57:44:264]	[OPER] ----- Result : Completed, Description : 
[18:57:44:265]	[OPER] ----- ChangeToFoup -----
[18:57:44:265]	[SEND] RESET
[18:57:44:309]	[RECV] A
[18:57:44:310]	[RECV] O
[18:57:44:313]	[SEND] OC_MODE OFF
[18:57:44:362]	[RECV] A
[18:57:44:363]	[RECV] O
[18:57:44:367]	[SEND] STATUS
[18:57:44:419]	[RECV] A
[18:57:44:420]	[RECV] S4150142B
[18:57:44:421]	[OPER] ----- Result : Completed, Description : 
