[11:10:44:171]	[RECV] C00000010
[11:10:48:779]	[RECV] C00000001
[11:16:29:440]	[RECV] C00000020
[11:16:37:687]	[RECV] C00000002
[11:26:32:798]	[RECV] C00000001
[11:36:22:766]	[RECV] C00000010
[11:36:41:046]	[RECV] M0000154F,00000000,00000000
[11:37:02:719]	[RECV] C00020000
[11:44:57:369]	[RECV] C00000020
[11:45:07:938]	[RECV] C00000002
[12:26:58:450]	[RECV] C00000001
[12:26:58:451]	[RECV] C00000002
[12:26:58:489]	[RECV] C00000001
[12:26:58:490]	[RECV] C00000002
[12:26:58:491]	[RECV] C00000001
[12:27:16:625]	[RECV] C00000010
[12:27:47:798]	[RECV] M00000AAA,00000000,00000000
[12:29:27:365]	[RECV] C00000020
[12:29:37:213]	[RECV] C00000002
[12:29:37:766]	[RECV] C00000100
[12:29:57:688]	[RECV] C00000200
[12:41:35:095]	[RECV] C00000001
[12:41:50:417]	[RECV] C00000002
[14:05:45:824]	[OPER] ----- Initialize -----
[14:05:45:824]	[SEND] RESET
[14:05:45:874]	[RECV] A
[14:05:45:875]	[RECV] O
[14:05:45:878]	[SEND] HOM
[14:05:45:920]	[RECV] A
[14:06:03:143]	[RECV] O
[14:06:03:146]	[SEND] STATUS
[14:06:03:198]	[RECV] A
[14:06:03:199]	[RECV] S4150142B
[14:06:03:200]	[OPER] ----- Result : Completed, Description : 
[14:06:03:201]	[OPER] ----- ChangeToFoup -----
[14:06:03:201]	[SEND] RESET
[14:06:03:243]	[RECV] A
[14:06:03:244]	[RECV] O
[14:06:03:248]	[SEND] OC_MODE OFF
[14:06:03:297]	[RECV] A
[14:06:03:298]	[RECV] O
[14:06:03:302]	[SEND] STATUS
[14:06:03:352]	[RECV] A
[14:06:03:353]	[RECV] S4150142B
[14:06:03:355]	[OPER] ----- Result : Completed, Description : 
[14:06:09:132]	[OPER] ----- ChangeToFoup -----
[14:06:09:132]	[SEND] RESET
[14:06:09:174]	[RECV] A
[14:06:09:175]	[RECV] O
[14:06:09:178]	[SEND] OC_MODE OFF
[14:06:09:226]	[RECV] A
[14:06:09:227]	[RECV] O
[14:06:09:231]	[SEND] STATUS
[14:06:09:282]	[RECV] A
[14:06:09:283]	[RECV] S4150142B
[14:06:09:285]	[OPER] ----- Result : Completed, Description : 
[14:06:10:494]	[OPER] ----- ChangeToCassette -----
[14:06:10:494]	[SEND] RESET
[14:06:10:537]	[RECV] A
[14:06:10:538]	[RECV] O
[14:06:10:542]	[SEND] OC_MODE ON
[14:06:10:588]	[RECV] A
[14:06:13:709]	[RECV] O
[14:06:13:713]	[SEND] STATUS
[14:06:13:764]	[RECV] A
[14:06:13:765]	[RECV] S4350142B
[14:06:13:767]	[OPER] ----- Result : Completed, Description : 
[14:06:18:105]	[OPER] ----- ChangeToFoup -----
[14:06:18:105]	[SEND] RESET
[14:06:18:148]	[RECV] A
[14:06:18:149]	[RECV] O
[14:06:18:153]	[SEND] OC_MODE OFF
[14:06:18:200]	[RECV] A
[14:06:20:940]	[RECV] O
[14:06:20:943]	[SEND] STATUS
[14:06:20:995]	[RECV] A
[14:06:20:996]	[RECV] S4150142B
[14:06:20:997]	[OPER] ----- Result : Completed, Description : 
[14:06:51:988]	[RECV] C01000000
[15:00:56:545]	[RECV] C00000010
[15:01:08:008]	[RECV] C00000001
[15:02:36:256]	[RECV] M0000154F,00000000,00000000
[15:08:49:087]	[RECV] M0000154F,00000000,00000000
[15:09:35:077]	[RECV] C00000002
[15:09:46:028]	[OPER] ----- Initialize -----
[15:09:46:028]	[SEND] RESET
[15:09:46:070]	[RECV] A
[15:09:46:071]	[RECV] O
[15:09:46:229]	[SEND] HOM
[15:09:46:724]	[RECV] A
[15:10:03:411]	[RECV] O
[15:10:03:556]	[SEND] STATUS
[15:10:03:607]	[RECV] A
[15:10:03:608]	[RECV] S7150142B
[15:10:03:657]	[OPER] ----- Result : Completed, Description : 
[15:10:10:639]	[RECV] C00000020
[15:10:24:705]	[OPER] ----- ChangeToCassette -----
[15:10:24:705]	[SEND] RESET
[15:10:24:747]	[RECV] A
[15:10:24:748]	[RECV] O
[15:10:24:751]	[SEND] OC_MODE ON
[15:10:24:796]	[RECV] A
[15:10:27:847]	[RECV] O
[15:10:27:851]	[SEND] STATUS
[15:10:27:902]	[RECV] A
[15:10:27:903]	[RECV] S4350142B
[15:10:27:904]	[OPER] ----- Result : Completed, Description : 
[15:10:48:175]	[RECV] C00000010
[15:11:05:126]	[RECV] C00000001
[15:11:19:455]	[RECV] M00000AAA,00000000,00000000
[15:31:49:032]	[RECV] M00000AAA,00000000,00000000
[15:31:49:413]	[RECV] C00000020
[15:32:00:892]	[RECV] C00000002
[17:49:30:946]	[RECV] C00000001
[17:49:42:099]	[RECV] C00000002
[17:50:30:523]	[OPER] ----- Initialize -----
[17:50:30:523]	[SEND] RESET
[17:50:31:224]	[RECV] A
[17:50:31:225]	[RECV] O
[17:50:31:329]	[SEND] HOM
[17:50:31:367]	[RECV] A
[17:50:51:349]	[RECV] O
[17:50:51:475]	[SEND] STATUS
[17:50:51:527]	[RECV] A
[17:50:51:528]	[RECV] S4150142B
[17:50:51:576]	[OPER] ----- Result : Completed, Description : 
[17:50:58:333]	[OPER] ----- ChangeToFoup -----
[17:50:58:333]	[SEND] RESET
[17:50:58:376]	[RECV] A
[17:50:58:377]	[RECV] O
[17:50:58:380]	[SEND] OC_MODE OFF
[17:50:58:429]	[RECV] A
[17:50:58:430]	[RECV] O
[17:50:58:434]	[SEND] STATUS
[17:50:58:485]	[RECV] A
[17:50:58:486]	[RECV] S4150142B
[17:50:58:488]	[OPER] ----- Result : Completed, Description : 
[17:51:56:149]	[RECV] C00000010
[17:52:16:209]	[OPER] ----- Initialize -----
[17:52:16:209]	[SEND] RESET
[17:52:16:259]	[RECV] A
[17:52:16:260]	[RECV] O
[17:52:16:263]	[SEND] HOM
[17:52:16:303]	[RECV] A
[17:52:33:525]	[RECV] O
[17:52:33:528]	[SEND] STATUS
[17:52:33:580]	[RECV] A
[17:52:33:581]	[RECV] S7150142B
[17:52:33:582]	[OPER] ----- Result : Completed, Description : 
[17:52:33:583]	[OPER] ----- ChangeToFoup -----
[17:52:33:583]	[SEND] RESET
[17:52:33:626]	[RECV] A
[17:52:33:627]	[RECV] O
[17:52:33:630]	[SEND] OC_MODE OFF
[17:52:33:680]	[RECV] A
[17:52:33:681]	[RECV] O
[17:52:33:684]	[SEND] STATUS
[17:52:33:736]	[RECV] A
[17:52:33:737]	[RECV] S7150142B
[17:52:33:738]	[OPER] ----- Result : Completed, Description : 
[17:52:38:976]	[RECV] C00000004
[17:52:40:681]	[OPER] ----- Clamp -----
[17:52:40:681]	[SEND] RESET
[17:52:40:725]	[RECV] A
[17:52:40:726]	[RECV] O
[17:52:40:729]	[SEND] POD_LOCK ON
[17:52:40:784]	[RECV] A
[17:52:40:785]	[RECV] O
[17:52:40:788]	[SEND] STATUS
[17:52:40:840]	[RECV] A
[17:52:40:841]	[RECV] S7150122B
[17:52:40:842]	[OPER] ----- Result : Completed, Description : 
[17:52:41:526]	[OPER] ----- Load -----
[17:52:41:528]	[SEND] RESET
[17:52:41:570]	[RECV] A
[17:52:41:571]	[RECV] O
[17:52:41:574]	[SEND] CFG_SLOTS
[17:52:41:621]	[RECV] A
[17:52:41:622]	[RECV] 13
[17:52:41:625]	[SEND] LOAD M
[17:52:41:666]	[RECV] A
[17:52:55:693]	[RECV] M0000154F,00000000,00000000
[17:52:55:696]	[SEND] STATUS
[17:52:55:747]	[RECV] A
[17:52:55:748]	[RECV] S31500A27
[17:52:55:749]	[OPER] ----- Result : Completed, Description : 
[17:57:44:002]	[OPER] ----- Initialize -----
[17:57:44:002]	[SEND] RESET
[17:57:44:052]	[RECV] A
[17:57:44:053]	[RECV] O
[17:57:44:056]	[SEND] HOM
[17:57:44:097]	[RECV] A
[17:58:05:181]	[RECV] E67 Door Close Error
[17:58:05:182]	[OPER] ----- Result : Error, Description : E67 Door Close Error
[18:01:31:467]	[OPER] ----- Initialize -----
[18:01:31:467]	[SEND] RESET
[18:01:31:517]	[RECV] A
[18:01:31:518]	[RECV] O
[18:01:31:522]	[SEND] HOM
[18:01:31:561]	[RECV] A
[18:01:49:274]	[RECV] E67 Door Close Error
[18:01:49:276]	[OPER] ----- Result : Error, Description : E67 Door Close Error
[18:02:25:694]	[RECV] C01000000
