[00:29:10:512]	[OPER] ----- Initialize -----
[00:29:10:512]	[SEND] RESET
[00:29:10:562]	[RECV] A
[00:29:10:563]	[RECV] O
[00:29:10:566]	[SEND] HOM
[00:29:10:608]	[RECV] A
[00:29:27:906]	[RECV] O
[00:29:27:909]	[SEND] STATUS
[00:29:27:960]	[RECV] A
[00:29:27:961]	[RECV] S4150142B
[00:29:27:962]	[OPER] ----- Result : Completed, Description : 
[00:29:27:963]	[OPER] ----- ChangeToFoup -----
[00:29:27:963]	[SEND] RESET
[00:29:28:005]	[RECV] A
[00:29:28:006]	[RECV] O
[00:29:28:009]	[SEND] OC_MODE OFF
[00:29:28:058]	[RECV] A
[00:29:28:059]	[RECV] O
[00:29:28:063]	[SEND] STATUS
[00:29:28:117]	[RECV] A
[00:29:28:118]	[RECV] S4150142B
[00:29:28:119]	[OPER] ----- Result : Completed, Description : 
[00:43:25:154]	[OPER] ----- Initialize -----
[00:43:25:154]	[SEND] RESET
[00:43:25:203]	[RECV] A
[00:43:25:204]	[RECV] O
[00:43:25:208]	[SEND] HOM
[00:43:25:253]	[RECV] A
[00:43:42:545]	[RECV] O
[00:43:42:549]	[SEND] STATUS
[00:43:42:600]	[RECV] A
[00:43:42:601]	[RECV] S4150142B
[00:43:42:603]	[OPER] ----- Result : Completed, Description : 
[00:43:42:604]	[OPER] ----- ChangeToFoup -----
[00:43:42:604]	[SEND] RESET
[00:43:42:646]	[RECV] A
[00:43:42:647]	[RECV] O
[00:43:42:650]	[SEND] OC_MODE OFF
[00:43:42:700]	[RECV] A
[00:43:42:701]	[RECV] O
[00:43:42:704]	[SEND] STATUS
[00:43:42:757]	[RECV] A
[00:43:42:758]	[RECV] S4150142B
[00:43:42:760]	[OPER] ----- Result : Completed, Description : 
[00:47:38:412]	[OPER] ----- Initialize -----
[00:47:38:412]	[SEND] RESET
[00:47:38:461]	[RECV] A
[00:47:38:462]	[RECV] O
[00:47:38:465]	[SEND] HOM
[00:47:38:507]	[RECV] A
[00:47:55:798]	[RECV] O
[00:47:55:802]	[SEND] STATUS
[00:47:55:855]	[RECV] A
[00:47:55:856]	[RECV] S4150142B
[00:47:55:858]	[OPER] ----- Result : Completed, Description : 
[00:47:55:859]	[OPER] ----- ChangeToFoup -----
[00:47:55:859]	[SEND] RESET
[00:47:55:901]	[RECV] A
[00:47:55:902]	[RECV] O
[00:47:55:906]	[SEND] OC_MODE OFF
[00:47:55:955]	[RECV] A
[00:47:55:956]	[RECV] O
[00:47:55:960]	[SEND] STATUS
[00:47:56:010]	[RECV] A
[00:47:56:011]	[RECV] S4150142B
[00:47:56:013]	[OPER] ----- Result : Completed, Description : 
[00:59:43:485]	[OPER] ----- Initialize -----
[00:59:43:485]	[SEND] RESET
[00:59:43:536]	[RECV] A
[00:59:43:537]	[RECV] O
[00:59:43:539]	[SEND] HOM
[00:59:43:583]	[RECV] A
[01:00:00:884]	[RECV] O
[01:00:00:887]	[SEND] STATUS
[01:00:00:939]	[RECV] A
[01:00:00:940]	[RECV] S4150142B
[01:00:00:941]	[OPER] ----- Result : Completed, Description : 
[01:00:00:942]	[OPER] ----- ChangeToFoup -----
[01:00:00:942]	[SEND] RESET
[01:00:00:983]	[RECV] A
[01:00:00:984]	[RECV] O
[01:00:00:987]	[SEND] OC_MODE OFF
[01:00:01:036]	[RECV] A
[01:00:01:037]	[RECV] O
[01:00:01:041]	[SEND] STATUS
[01:00:01:093]	[RECV] A
[01:00:01:094]	[RECV] S4150142B
[01:00:01:095]	[OPER] ----- Result : Completed, Description : 
[01:06:56:386]	[RECV] C01000000
[01:55:20:665]	[OPER] ----- Initialize -----
[01:55:20:665]	[SEND] RESET
[01:55:20:715]	[RECV] A
[01:55:20:716]	[RECV] O
[01:55:20:719]	[SEND] HOM
[01:55:20:761]	[RECV] A
[01:55:38:068]	[RECV] O
[01:55:38:072]	[SEND] STATUS
[01:55:38:123]	[RECV] A
[01:55:38:124]	[RECV] S4150142B
[01:55:38:125]	[OPER] ----- Result : Completed, Description : 
[01:55:38:126]	[OPER] ----- ChangeToFoup -----
[01:55:38:126]	[SEND] RESET
[01:55:38:170]	[RECV] A
[01:55:38:171]	[RECV] O
[01:55:38:174]	[SEND] OC_MODE OFF
[01:55:38:223]	[RECV] A
[01:55:38:224]	[RECV] O
[01:55:38:228]	[SEND] STATUS
[01:55:38:280]	[RECV] A
[01:55:38:281]	[RECV] S4150142B
[01:55:38:282]	[OPER] ----- Result : Completed, Description : 
[10:19:36:414]	[RECV] C01000000
[19:56:57:824]	[OPER] ----- Initialize -----
[19:56:57:824]	[SEND] RESET
[19:56:57:873]	[RECV] A
[19:56:57:874]	[RECV] O
[19:56:57:877]	[SEND] HOM
[19:56:57:921]	[RECV] A
[19:57:15:774]	[RECV] O
[19:57:15:778]	[SEND] STATUS
[19:57:15:831]	[RECV] A
[19:57:15:832]	[RECV] S4150142B
[19:57:15:833]	[OPER] ----- Result : Completed, Description : 
[19:57:15:834]	[OPER] ----- ChangeToFoup -----
[19:57:15:834]	[SEND] RESET
[19:57:15:877]	[RECV] A
[19:57:15:878]	[RECV] O
[19:57:15:881]	[SEND] OC_MODE OFF
[19:57:15:930]	[RECV] A
[19:57:15:931]	[RECV] O
[19:57:15:935]	[SEND] STATUS
[19:57:15:987]	[RECV] A
[19:57:15:994]	[RECV] S4150142B
[19:57:15:995]	[OPER] ----- Result : Completed, Description : 
[19:58:30:825]	[OPER] ----- Unload -----
[19:58:30:825]	[SEND] RESET
[19:58:30:876]	[RECV] A
[19:58:30:878]	[RECV] O
[19:58:30:882]	[SEND] CFG_SLOTS
[19:58:30:933]	[RECV] A
[19:58:30:934]	[RECV] 13
[19:58:30:937]	[SEND] UNLOAD M
[19:58:31:014]	[RECV] A
[19:58:31:015]	[RECV] M00000000,00000000,00000000
[19:58:31:019]	[SEND] STATUS
[19:58:31:071]	[RECV] A
[19:58:31:072]	[RECV] S4150142B
[19:58:31:073]	[OPER] ----- Result : Completed, Description : 
