[17:11:50:978]	[RECV] C01000000
[20:51:44:434]	[OPER] ----- Initialize -----
[20:51:44:434]	[SEND] RESET
[20:51:44:481]	[RECV] A
[20:51:44:482]	[RECV] O
[20:51:44:484]	[SEND] HOM
[20:51:44:528]	[RECV] A
[20:52:02:380]	[RECV] O
[20:52:02:383]	[SEND] STATUS
[20:52:02:436]	[RECV] A
[20:52:02:437]	[RECV] S4150142B
[20:52:02:438]	[OPER] ----- Result : Completed, Description : 
[20:52:02:439]	[OPER] ----- ChangeToFoup -----
[20:52:02:439]	[SEND] RESET
[20:52:02:482]	[RECV] A
[20:52:02:483]	[RECV] O
[20:52:02:486]	[SEND] OC_MODE OFF
[20:52:02:534]	[RECV] A
[20:52:02:535]	[RECV] O
[20:52:02:538]	[SEND] STATUS
[20:52:02:590]	[RECV] A
[20:52:02:591]	[RECV] S4150142B
[20:52:02:592]	[OPER] ----- Result : Completed, Description : 
[20:56:07:308]	[RECV] C01000000
[21:01:49:152]	[OPER] ----- Initialize -----
[21:01:49:152]	[SEND] RESET
[21:01:49:200]	[RECV] A
[21:01:49:201]	[RECV] O
[21:01:49:204]	[SEND] HOM
[21:01:49:244]	[RECV] A
[21:02:06:577]	[RECV] O
[21:02:06:580]	[SEND] STATUS
[21:02:06:631]	[RECV] A
[21:02:06:632]	[RECV] S4150142B
[21:02:06:633]	[OPER] ----- Result : Completed, Description : 
[21:02:06:634]	[OPER] ----- ChangeToFoup -----
[21:02:06:634]	[SEND] RESET
[21:02:06:676]	[RECV] A
[21:02:06:677]	[RECV] O
[21:02:06:681]	[SEND] OC_MODE OFF
[21:02:06:730]	[RECV] A
[21:02:06:731]	[RECV] O
[21:02:06:735]	[SEND] STATUS
[21:02:06:787]	[RECV] A
[21:02:06:788]	[RECV] S4150142B
[21:02:06:789]	[OPER] ----- Result : Completed, Description : 
[21:03:06:298]	[OPER] ----- ChangeToCassette -----
[21:03:06:298]	[SEND] RESET
[21:03:06:340]	[RECV] A
[21:03:06:341]	[RECV] O
[21:03:06:344]	[SEND] OC_MODE ON
[21:03:06:389]	[RECV] A
[21:03:09:300]	[RECV] O
[21:03:09:304]	[SEND] STATUS
[21:03:09:355]	[RECV] A
[21:03:09:356]	[RECV] S4350142B
[21:03:09:358]	[OPER] ----- Result : Completed, Description : 
[21:03:19:198]	[RECV] C00000010
[21:03:21:121]	[RECV] C00000004
[21:03:22:834]	[OPER] ----- Clamp -----
[21:03:22:835]	[SEND] RESET
[21:03:22:877]	[RECV] A
[21:03:22:878]	[RECV] O
[21:03:22:882]	[SEND] POD_LOCK ON
[21:03:22:934]	[RECV] A
[21:03:22:935]	[RECV] O
[21:03:22:938]	[SEND] STATUS
[21:03:22:989]	[RECV] A
[21:03:22:990]	[RECV] S7350142B
[21:03:22:992]	[OPER] ----- Result : Completed, Description : 
[21:03:23:578]	[OPER] ----- Load -----
[21:03:23:580]	[SEND] RESET
[21:03:23:623]	[RECV] A
[21:03:23:624]	[RECV] O
[21:03:23:627]	[SEND] CFG_SLOTS
[21:03:23:675]	[RECV] A
[21:03:23:676]	[RECV] 13
[21:03:23:679]	[SEND] LOAD O
[21:03:23:720]	[RECV] A
[21:03:35:885]	[RECV] M00000000,00000000,00000000
[21:03:35:894]	[SEND] STATUS
[21:03:35:946]	[RECV] A
[21:03:35:948]	[RECV] S33500C27
[21:03:35:950]	[OPER] ----- Result : Completed, Description : 
[21:08:52:851]	[OPER] ----- Initialize -----
[21:08:52:851]	[SEND] RESET
[21:08:52:898]	[RECV] A
[21:08:52:899]	[RECV] O
[21:08:52:902]	[SEND] HOM
[21:08:52:945]	[RECV] A
[21:09:08:337]	[RECV] O
[21:09:08:340]	[SEND] STATUS
[21:09:08:391]	[RECV] A
[21:09:08:392]	[RECV] S7350142B
[21:09:08:393]	[OPER] ----- Result : Completed, Description : 
[21:09:08:394]	[OPER] ----- ChangeToCassette -----
[21:09:08:394]	[SEND] RESET
[21:09:08:436]	[RECV] A
[21:09:08:437]	[RECV] O
[21:09:08:441]	[SEND] OC_MODE ON
[21:09:08:489]	[RECV] A
[21:09:08:490]	[RECV] O
[21:09:08:493]	[SEND] STATUS
[21:09:08:544]	[RECV] A
[21:09:08:545]	[RECV] S7350142B
[21:09:08:547]	[OPER] ----- Result : Completed, Description : 
[21:12:15:575]	[OPER] ----- Clamp -----
[21:12:15:575]	[SEND] RESET
[21:12:15:620]	[RECV] A
[21:12:15:621]	[RECV] O
[21:12:15:623]	[SEND] POD_LOCK ON
[21:12:15:677]	[RECV] A
[21:12:15:678]	[RECV] O
[21:12:15:681]	[SEND] STATUS
[21:12:15:731]	[RECV] A
[21:12:15:732]	[RECV] S7350142B
[21:12:15:734]	[OPER] ----- Result : Completed, Description : 
[21:12:16:657]	[OPER] ----- Load -----
[21:12:16:658]	[SEND] RESET
[21:12:16:701]	[RECV] A
[21:12:16:702]	[RECV] O
[21:12:16:705]	[SEND] CFG_SLOTS
[21:12:16:754]	[RECV] A
[21:12:16:755]	[RECV] 13
[21:12:16:758]	[SEND] LOAD O
[21:12:16:801]	[RECV] A
[21:12:28:927]	[RECV] M00000000,00000000,00000000
[21:12:28:936]	[SEND] STATUS
[21:12:28:988]	[RECV] A
[21:12:28:990]	[RECV] S33500C27
[21:12:28:992]	[OPER] ----- Result : Completed, Description : 
[21:12:39:248]	[OPER] ----- Unload -----
[21:12:39:248]	[SEND] RESET
[21:12:39:296]	[RECV] A
[21:12:39:297]	[RECV] O
[21:12:39:301]	[SEND] CFG_SLOTS
[21:12:39:355]	[RECV] A
[21:12:39:356]	[RECV] 13
[21:12:39:359]	[SEND] UNLOAD O
[21:12:39:402]	[RECV] A
[21:12:46:772]	[RECV] M00000000,00000000,00000000
[21:12:46:775]	[SEND] STATUS
[21:12:46:827]	[RECV] A
[21:12:46:828]	[RECV] S7350142B
[21:12:46:829]	[OPER] ----- Result : Completed, Description : 
[21:15:52:293]	[OPER] ----- Initialize -----
[21:15:52:293]	[SEND] RESET
[21:15:52:342]	[RECV] A
[21:15:52:343]	[RECV] O
[21:15:52:347]	[SEND] HOM
[21:15:52:387]	[RECV] A
[21:16:03:645]	[RECV] O
[21:16:03:648]	[SEND] STATUS
[21:16:03:699]	[RECV] A
[21:16:03:700]	[RECV] S7350142B
[21:16:03:702]	[OPER] ----- Result : Completed, Description : 
[21:16:03:703]	[OPER] ----- ChangeToCassette -----
[21:16:03:703]	[SEND] RESET
[21:16:03:745]	[RECV] A
[21:16:03:746]	[RECV] O
[21:16:03:749]	[SEND] OC_MODE ON
[21:16:03:797]	[RECV] A
[21:16:03:798]	[RECV] O
[21:16:03:801]	[SEND] STATUS
[21:16:03:851]	[RECV] A
[21:16:03:852]	[RECV] S7350142B
[21:16:03:854]	[OPER] ----- Result : Completed, Description : 
[21:16:26:918]	[OPER] ----- Clamp -----
[21:16:26:918]	[SEND] RESET
[21:16:26:963]	[RECV] A
[21:16:26:964]	[RECV] O
[21:16:26:968]	[SEND] POD_LOCK ON
[21:16:27:022]	[RECV] A
[21:16:27:023]	[RECV] O
[21:16:27:027]	[SEND] STATUS
[21:16:27:078]	[RECV] A
[21:16:27:079]	[RECV] S7350142B
[21:16:27:080]	[OPER] ----- Result : Completed, Description : 
[21:16:28:013]	[OPER] ----- Load -----
[21:16:28:014]	[SEND] RESET
[21:16:28:059]	[RECV] A
[21:16:28:060]	[RECV] O
[21:16:28:064]	[SEND] CFG_SLOTS
[21:16:28:114]	[RECV] A
[21:16:28:115]	[RECV] 13
[21:16:28:118]	[SEND] LOAD O
[21:16:28:161]	[RECV] A
[21:16:40:292]	[RECV] M00000000,00000000,00000000
[21:16:40:299]	[SEND] STATUS
[21:16:40:350]	[RECV] A
[21:16:40:351]	[RECV] S33500C27
[21:16:40:353]	[OPER] ----- Result : Completed, Description : 
[21:17:39:657]	[OPER] ----- Unload -----
[21:17:39:657]	[SEND] RESET
[21:17:39:705]	[RECV] A
[21:17:39:706]	[RECV] O
[21:17:39:710]	[SEND] CFG_SLOTS
[21:17:39:761]	[RECV] A
[21:17:39:762]	[RECV] 13
[21:17:39:765]	[SEND] UNLOAD O
[21:17:39:809]	[RECV] A
[21:17:47:198]	[RECV] M00000000,00000000,00000000
[21:17:47:202]	[SEND] STATUS
[21:17:47:254]	[RECV] A
[21:17:47:255]	[RECV] S7350142B
[21:17:47:257]	[OPER] ----- Result : Completed, Description : 
