[09:19:59:101]	[OPER] ----- Initialize -----
[09:19:59:101]	[SEND] RESET
[09:19:59:151]	[RECV] A
[09:19:59:152]	[RECV] O
[09:19:59:155]	[SEND] HOM
[09:19:59:195]	[RECV] A
[09:20:10:466]	[RECV] O
[09:20:10:469]	[SEND] STATUS
[09:20:10:519]	[RECV] A
[09:20:10:520]	[RECV] S7350142B
[09:20:10:522]	[OPER] ----- Result : Completed, Description : 
[09:20:10:523]	[OPER] ----- ChangeToCassette -----
[09:20:10:523]	[SEND] RESET
[09:20:10:566]	[RECV] A
[09:20:10:567]	[RECV] O
[09:20:10:571]	[SEND] OC_MODE ON
[09:20:10:619]	[RECV] A
[09:20:10:620]	[RECV] O
[09:20:10:623]	[SEND] STATUS
[09:20:10:675]	[RECV] A
[09:20:10:676]	[RECV] S7350142B
[09:20:10:677]	[OPER] ----- Result : Completed, Description : 
[14:10:50:668]	[RECV] C01000000
[14:54:32:336]	[OPER] ----- Initialize -----
[14:54:32:336]	[SEND] RESET
[14:54:32:384]	[RECV] A
[14:54:32:385]	[RECV] O
[14:54:32:388]	[SEND] HOM
[14:54:32:427]	[RECV] A
[14:54:43:763]	[RECV] O
[14:54:43:766]	[SEND] STATUS
[14:54:43:818]	[RECV] A
[14:54:43:819]	[RECV] S7350142B
[14:54:43:820]	[OPER] ----- Result : Completed, Description : 
[14:54:43:821]	[OPER] ----- ChangeToCassette -----
[14:54:43:821]	[SEND] RESET
[14:54:43:863]	[RECV] A
[14:54:43:864]	[RECV] O
[14:54:43:868]	[SEND] OC_MODE ON
[14:54:43:915]	[RECV] A
[14:54:43:916]	[RECV] O
[14:54:43:920]	[SEND] STATUS
[14:54:43:970]	[RECV] A
[14:54:43:971]	[RECV] S7350142B
[14:54:43:973]	[OPER] ----- Result : Completed, Description : 
[14:57:07:743]	[RECV] C01000000
[14:59:36:005]	[OPER] ----- Initialize -----
[14:59:36:005]	[SEND] RESET
[14:59:36:052]	[RECV] A
[14:59:36:053]	[RECV] O
[14:59:36:055]	[SEND] HOM
[14:59:36:098]	[RECV] A
[14:59:47:434]	[RECV] O
[14:59:47:437]	[SEND] STATUS
[14:59:47:490]	[RECV] A
[14:59:47:491]	[RECV] S7350142B
[14:59:47:493]	[OPER] ----- Result : Completed, Description : 
[14:59:47:494]	[OPER] ----- ChangeToCassette -----
[14:59:47:494]	[SEND] RESET
[14:59:47:538]	[RECV] A
[14:59:47:539]	[RECV] O
[14:59:47:542]	[SEND] OC_MODE ON
[14:59:47:589]	[RECV] A
[14:59:47:590]	[RECV] O
[14:59:47:594]	[SEND] STATUS
[14:59:47:646]	[RECV] A
[14:59:47:647]	[RECV] S7350142B
[14:59:47:649]	[OPER] ----- Result : Completed, Description : 
[15:00:25:003]	[RECV] C01000000
[15:01:15:139]	[OPER] ----- Initialize -----
[15:01:15:139]	[SEND] RESET
[15:01:15:188]	[RECV] A
[15:01:15:189]	[RECV] O
[15:01:15:191]	[SEND] HOM
[15:01:15:233]	[RECV] A
[15:01:26:572]	[RECV] O
[15:01:26:576]	[SEND] STATUS
[15:01:26:629]	[RECV] A
[15:01:26:630]	[RECV] S7350142B
[15:01:26:632]	[OPER] ----- Result : Completed, Description : 
[15:01:26:633]	[OPER] ----- ChangeToCassette -----
[15:01:26:633]	[SEND] RESET
[15:01:26:675]	[RECV] A
[15:01:26:676]	[RECV] O
[15:01:26:680]	[SEND] OC_MODE ON
[15:01:26:727]	[RECV] A
[15:01:26:728]	[RECV] O
[15:01:26:731]	[SEND] STATUS
[15:01:26:783]	[RECV] A
[15:01:26:784]	[RECV] S7350142B
[15:01:26:785]	[OPER] ----- Result : Completed, Description : 
[15:04:45:930]	[OPER] ----- Clamp -----
[15:04:45:930]	[SEND] RESET
[15:04:45:976]	[RECV] A
[15:04:45:977]	[RECV] O
[15:04:45:982]	[SEND] POD_LOCK ON
[15:04:46:035]	[RECV] A
[15:04:46:036]	[RECV] O
[15:04:46:039]	[SEND] STATUS
[15:04:46:092]	[RECV] A
[15:04:46:093]	[RECV] S7350142B
[15:04:46:096]	[OPER] ----- Result : Completed, Description : 
[15:04:47:076]	[OPER] ----- Load -----
[15:04:47:076]	[SEND] RESET
[15:04:47:120]	[RECV] A
[15:04:47:121]	[RECV] O
[15:04:47:124]	[SEND] CFG_SLOTS
[15:04:47:172]	[RECV] A
[15:04:47:173]	[RECV] 13
[15:04:47:175]	[SEND] LOAD O
[15:04:47:217]	[RECV] A
[15:04:59:576]	[RECV] M00000000,00000000,00000000
[15:04:59:578]	[SEND] STATUS
[15:04:59:629]	[RECV] A
[15:04:59:630]	[RECV] S33500C27
[15:04:59:631]	[OPER] ----- Result : Completed, Description : 
[15:04:59:643]	[OPER] ----- Unload -----
[15:04:59:643]	[SEND] RESET
[15:04:59:686]	[RECV] A
[15:04:59:687]	[RECV] O
[15:04:59:690]	[SEND] CFG_SLOTS
[15:04:59:738]	[RECV] A
[15:04:59:739]	[RECV] 13
[15:04:59:742]	[SEND] UNLOAD O
[15:04:59:787]	[RECV] A
[15:05:07:204]	[RECV] M00000000,00000000,00000000
[15:05:07:208]	[SEND] STATUS
[15:05:07:259]	[RECV] A
[15:05:07:260]	[RECV] S7350142B
[15:05:07:262]	[OPER] ----- Result : Completed, Description : 
[15:42:23:397]	[OPER] ----- Initialize -----
[15:42:23:397]	[SEND] RESET
[15:42:23:444]	[RECV] A
[15:42:23:445]	[RECV] O
[15:42:23:449]	[SEND] HOM
[15:42:23:492]	[RECV] A
[15:42:34:806]	[RECV] O
[15:42:34:809]	[SEND] STATUS
[15:42:34:859]	[RECV] A
[15:42:34:860]	[RECV] S7350142B
[15:42:34:862]	[OPER] ----- Result : Completed, Description : 
[15:42:34:865]	[OPER] ----- ChangeToCassette -----
[15:42:34:865]	[SEND] RESET
[15:42:34:907]	[RECV] A
[15:42:34:908]	[RECV] O
[15:42:34:911]	[SEND] OC_MODE ON
[15:42:34:958]	[RECV] A
[15:42:34:959]	[RECV] O
[15:42:34:963]	[SEND] STATUS
[15:42:35:015]	[RECV] A
[15:42:35:016]	[RECV] S7350142B
[15:42:35:017]	[OPER] ----- Result : Completed, Description : 
[15:44:35:873]	[RECV] C01000000
[15:48:17:243]	[OPER] ----- Initialize -----
[15:48:17:243]	[SEND] RESET
[15:48:17:290]	[RECV] A
[15:48:17:291]	[RECV] O
[15:48:17:295]	[SEND] HOM
[15:48:17:335]	[RECV] A
[15:48:28:668]	[RECV] O
[15:48:28:672]	[SEND] STATUS
[15:48:28:724]	[RECV] A
[15:48:28:725]	[RECV] S7350142B
[15:48:28:726]	[OPER] ----- Result : Completed, Description : 
[15:48:28:727]	[OPER] ----- ChangeToCassette -----
[15:48:28:727]	[SEND] RESET
[15:48:28:770]	[RECV] A
[15:48:28:771]	[RECV] O
[15:48:28:775]	[SEND] OC_MODE ON
[15:48:28:823]	[RECV] A
[15:48:28:824]	[RECV] O
[15:48:28:827]	[SEND] STATUS
[15:48:28:878]	[RECV] A
[15:48:28:879]	[RECV] S7350142B
[15:48:28:880]	[OPER] ----- Result : Completed, Description : 
[16:05:49:334]	[RECV] C01000000
[16:06:56:038]	[OPER] ----- Initialize -----
[16:06:56:038]	[SEND] RESET
[16:06:56:084]	[RECV] A
[16:06:56:085]	[RECV] O
[16:06:56:088]	[SEND] HOM
[16:06:56:127]	[RECV] A
[16:07:07:418]	[RECV] O
[16:07:07:422]	[SEND] STATUS
[16:07:07:475]	[RECV] A
[16:07:07:476]	[RECV] S7350142B
[16:07:07:478]	[OPER] ----- Result : Completed, Description : 
[16:07:07:479]	[OPER] ----- ChangeToCassette -----
[16:07:07:479]	[SEND] RESET
[16:07:07:522]	[RECV] A
[16:07:07:523]	[RECV] O
[16:07:07:526]	[SEND] OC_MODE ON
[16:07:07:573]	[RECV] A
[16:07:07:574]	[RECV] O
[16:07:07:578]	[SEND] STATUS
[16:07:07:629]	[RECV] A
[16:07:07:630]	[RECV] S7350142B
[16:07:07:631]	[OPER] ----- Result : Completed, Description : 
[16:11:52:133]	[OPER] ----- Clamp -----
[16:11:52:133]	[SEND] RESET
[16:11:52:178]	[RECV] A
[16:11:52:179]	[RECV] O
[16:11:52:182]	[SEND] POD_LOCK ON
[16:11:52:233]	[RECV] A
[16:11:52:234]	[RECV] O
[16:11:52:236]	[SEND] STATUS
[16:11:52:287]	[RECV] A
[16:11:52:288]	[RECV] S7350142B
[16:11:52:288]	[OPER] ----- Result : Completed, Description : 
[16:11:53:251]	[OPER] ----- Load -----
[16:11:53:251]	[SEND] RESET
[16:11:53:297]	[RECV] A
[16:11:53:298]	[RECV] O
[16:11:53:301]	[SEND] CFG_SLOTS
[16:11:53:352]	[RECV] A
[16:11:53:353]	[RECV] 13
[16:11:53:356]	[SEND] LOAD O
[16:11:53:397]	[RECV] A
[16:12:05:566]	[RECV] M00000000,00000000,00000000
[16:12:05:570]	[SEND] STATUS
[16:12:05:621]	[RECV] A
[16:12:05:622]	[RECV] S33500C27
[16:12:05:622]	[OPER] ----- Result : Completed, Description : 
[16:12:05:636]	[OPER] ----- Unload -----
[16:12:05:636]	[SEND] RESET
[16:12:05:678]	[RECV] A
[16:12:05:679]	[RECV] O
[16:12:05:682]	[SEND] CFG_SLOTS
[16:12:05:729]	[RECV] A
[16:12:05:730]	[RECV] 13
[16:12:05:732]	[SEND] UNLOAD O
[16:12:05:775]	[RECV] A
[16:12:13:126]	[RECV] M00000000,00000000,00000000
[16:12:13:129]	[SEND] STATUS
[16:12:13:179]	[RECV] A
[16:12:13:180]	[RECV] S7350142B
[16:12:13:182]	[OPER] ----- Result : Completed, Description : 
[17:02:27:749]	[OPER] ----- Initialize -----
[17:02:27:749]	[SEND] RESET
[17:02:27:795]	[RECV] A
[17:02:27:796]	[RECV] O
[17:02:27:798]	[SEND] HOM
[17:02:27:842]	[RECV] A
[17:02:39:159]	[RECV] O
[17:02:39:162]	[SEND] STATUS
[17:02:39:213]	[RECV] A
[17:02:39:214]	[RECV] S7350142B
[17:02:39:215]	[OPER] ----- Result : Completed, Description : 
[17:02:39:218]	[OPER] ----- ChangeToCassette -----
[17:02:39:218]	[SEND] RESET
[17:02:39:262]	[RECV] A
[17:02:39:263]	[RECV] O
[17:02:39:266]	[SEND] OC_MODE ON
[17:02:39:314]	[RECV] A
[17:02:39:315]	[RECV] O
[17:02:39:318]	[SEND] STATUS
[17:02:39:369]	[RECV] A
[17:02:39:370]	[RECV] S7350142B
[17:02:39:371]	[OPER] ----- Result : Completed, Description : 
[17:03:01:025]	[OPER] ----- Clamp -----
[17:03:01:025]	[SEND] RESET
[17:03:01:069]	[RECV] A
[17:03:01:070]	[RECV] O
[17:03:01:074]	[SEND] POD_LOCK ON
[17:03:01:126]	[RECV] A
[17:03:01:127]	[RECV] O
[17:03:01:131]	[SEND] STATUS
[17:03:01:182]	[RECV] A
[17:03:01:183]	[RECV] S7350142B
[17:03:01:184]	[OPER] ----- Result : Completed, Description : 
[17:03:02:155]	[OPER] ----- Load -----
[17:03:02:155]	[SEND] RESET
[17:03:02:197]	[RECV] A
[17:03:02:198]	[RECV] O
[17:03:02:201]	[SEND] CFG_SLOTS
[17:03:02:250]	[RECV] A
[17:03:02:251]	[RECV] 13
[17:03:02:254]	[SEND] LOAD O
[17:03:02:295]	[RECV] A
[17:03:14:594]	[RECV] M00000000,00000000,00000000
[17:03:14:597]	[SEND] STATUS
[17:03:14:649]	[RECV] A
[17:03:14:650]	[RECV] S33500C27
[17:03:14:651]	[OPER] ----- Result : Completed, Description : 
[17:03:14:662]	[OPER] ----- Unload -----
[17:03:14:662]	[SEND] RESET
[17:03:14:706]	[RECV] A
[17:03:14:707]	[RECV] O
[17:03:14:710]	[SEND] CFG_SLOTS
[17:03:14:758]	[RECV] A
[17:03:14:759]	[RECV] 13
[17:03:14:761]	[SEND] UNLOAD O
[17:03:14:805]	[RECV] A
[17:03:22:203]	[RECV] M00000000,00000000,00000000
[17:03:22:206]	[SEND] STATUS
[17:03:22:257]	[RECV] A
[17:03:22:258]	[RECV] S7350142B
[17:03:22:260]	[OPER] ----- Result : Completed, Description : 
[17:43:22:855]	[OPER] ----- Initialize -----
[17:43:22:855]	[SEND] RESET
[17:43:22:904]	[RECV] A
[17:43:22:905]	[RECV] O
[17:43:22:907]	[SEND] HOM
[17:43:22:949]	[RECV] A
[17:43:34:249]	[RECV] O
[17:43:34:252]	[SEND] STATUS
[17:43:34:304]	[RECV] A
[17:43:34:305]	[RECV] S7350142B
[17:43:34:306]	[OPER] ----- Result : Completed, Description : 
[17:43:34:308]	[OPER] ----- ChangeToCassette -----
[17:43:34:309]	[SEND] RESET
[17:43:34:351]	[RECV] A
[17:43:34:352]	[RECV] O
[17:43:34:355]	[SEND] OC_MODE ON
[17:43:34:402]	[RECV] A
[17:43:34:403]	[RECV] O
[17:43:34:406]	[SEND] STATUS
[17:43:34:458]	[RECV] A
[17:43:34:459]	[RECV] S7350142B
[17:43:34:460]	[OPER] ----- Result : Completed, Description : 
[17:43:45:977]	[OPER] ----- Clamp -----
[17:43:45:977]	[SEND] RESET
[17:43:46:024]	[RECV] A
[17:43:46:025]	[RECV] O
[17:43:46:028]	[SEND] POD_LOCK ON
[17:43:46:081]	[RECV] A
[17:43:46:082]	[RECV] O
[17:43:46:084]	[SEND] STATUS
[17:43:46:135]	[RECV] A
[17:43:46:136]	[RECV] S7350142B
[17:43:46:136]	[OPER] ----- Result : Completed, Description : 
[17:43:47:098]	[OPER] ----- Load -----
[17:43:47:098]	[SEND] RESET
[17:43:47:142]	[RECV] A
[17:43:47:143]	[RECV] O
[17:43:47:147]	[SEND] CFG_SLOTS
[17:43:47:195]	[RECV] A
[17:43:47:196]	[RECV] 13
[17:43:47:199]	[SEND] LOAD O
[17:43:47:241]	[RECV] A
[17:43:59:492]	[RECV] M00000000,00000000,00000000
[17:43:59:495]	[SEND] STATUS
[17:43:59:548]	[RECV] A
[17:43:59:549]	[RECV] S33500C27
[17:43:59:549]	[OPER] ----- Result : Completed, Description : 
[17:43:59:563]	[OPER] ----- Unload -----
[17:43:59:563]	[SEND] RESET
[17:43:59:609]	[RECV] A
[17:43:59:611]	[RECV] O
[17:43:59:616]	[SEND] CFG_SLOTS
[17:43:59:665]	[RECV] A
[17:43:59:666]	[RECV] 13
[17:43:59:670]	[SEND] UNLOAD O
[17:43:59:714]	[RECV] A
[17:44:07:095]	[RECV] M00000000,00000000,00000000
[17:44:07:097]	[SEND] STATUS
[17:44:07:149]	[RECV] A
[17:44:07:150]	[RECV] S7350142B
[17:44:07:151]	[OPER] ----- Result : Completed, Description : 
[17:55:16:570]	[OPER] ----- Initialize -----
[17:55:16:570]	[SEND] RESET
[17:55:16:619]	[RECV] A
[17:55:16:620]	[RECV] O
[17:55:16:624]	[SEND] HOM
[17:55:16:666]	[RECV] A
[17:55:27:952]	[RECV] O
[17:55:27:956]	[SEND] STATUS
[17:55:28:007]	[RECV] A
[17:55:28:008]	[RECV] S7350142B
[17:55:28:010]	[OPER] ----- Result : Completed, Description : 
[17:55:28:011]	[OPER] ----- ChangeToCassette -----
[17:55:28:011]	[SEND] RESET
[17:55:28:054]	[RECV] A
[17:55:28:055]	[RECV] O
[17:55:28:059]	[SEND] OC_MODE ON
[17:55:28:107]	[RECV] A
[17:55:28:108]	[RECV] O
[17:55:28:111]	[SEND] STATUS
[17:55:28:163]	[RECV] A
[17:55:28:164]	[RECV] S7350142B
[17:55:28:166]	[OPER] ----- Result : Completed, Description : 
[18:01:51:005]	[OPER] ----- Initialize -----
[18:01:51:005]	[SEND] RESET
[18:01:51:052]	[RECV] A
[18:01:51:053]	[RECV] O
[18:01:51:055]	[SEND] HOM
[18:01:51:100]	[RECV] A
[18:02:02:370]	[RECV] O
[18:02:02:373]	[SEND] STATUS
[18:02:02:424]	[RECV] A
[18:02:02:425]	[RECV] S7350142B
[18:02:02:427]	[OPER] ----- Result : Completed, Description : 
[18:02:02:428]	[OPER] ----- ChangeToCassette -----
[18:02:02:428]	[SEND] RESET
[18:02:02:471]	[RECV] A
[18:02:02:472]	[RECV] O
[18:02:02:476]	[SEND] OC_MODE ON
[18:02:02:524]	[RECV] A
[18:02:02:525]	[RECV] O
[18:02:02:528]	[SEND] STATUS
[18:02:02:580]	[RECV] A
[18:02:02:581]	[RECV] S7350142B
[18:02:02:582]	[OPER] ----- Result : Completed, Description : 
