[00:01:29:738]	[OPER] Start> Unload
[00:01:29:738]	[SEND] RESET
[00:01:29:780]	[RECV] A
[00:01:29:781]	[RECV] O
[00:01:29:785]	[SEND] CFG_SLOTS
[00:01:29:834]	[RECV] A
[00:01:29:835]	[RECV] 13
[00:01:29:840]	[SEND] UNLOAD M
[00:01:29:883]	[RECV] A
[00:01:39:280]	[RECV] M00000000,00000000,00000000
[00:01:39:284]	[SEND] STATUS
[00:01:39:337]	[RECV] A
[00:01:39:338]	[RECV] S7150142B
[00:01:39:339]	[OPER] End> Unload, Result : Completed
[00:01:41:357]	[OPER] Start> Clamp
[00:01:41:357]	[SEND] RESET
[00:01:41:399]	[RECV] A
[00:01:41:400]	[RECV] O
[00:01:41:403]	[SEND] POD_LOCK ON
[00:01:41:452]	[RECV] A
[00:01:41:914]	[RECV] O
[00:01:41:917]	[SEND] STATUS
[00:01:41:969]	[RECV] A
[00:01:41:970]	[RECV] S7150122B
[00:01:41:971]	[OPER] End> Clamp, Result : Completed
[00:01:42:247]	[OPER] Start> Load
[00:01:42:247]	[SEND] RESET
[00:01:42:290]	[RECV] A
[00:01:42:291]	[RECV] O
[00:01:42:294]	[SEND] CFG_SLOTS
[00:01:42:344]	[RECV] A
[00:01:42:345]	[RECV] 13
[00:01:42:349]	[SEND] LOAD M
[00:01:42:391]	[RECV] A
[00:01:56:082]	[RECV] M00000000,00000000,00000000
[00:01:56:085]	[SEND] STATUS
[00:01:56:137]	[RECV] A
[00:01:56:138]	[RECV] S31500A27
[00:01:56:139]	[OPER] End> Load, Result : Completed
[00:13:58:972]	[OPER] Start> Unload
[00:13:58:972]	[SEND] RESET
[00:13:59:015]	[RECV] A
[00:13:59:016]	[RECV] O
[00:13:59:020]	[SEND] CFG_SLOTS
[00:13:59:068]	[RECV] A
[00:13:59:069]	[RECV] 13
[00:13:59:072]	[SEND] UNLOAD M
[00:13:59:116]	[RECV] A
[00:14:08:519]	[RECV] M00000000,00000000,00000000
[00:14:08:523]	[SEND] STATUS
[00:14:08:576]	[RECV] A
[00:14:08:577]	[RECV] S7150142B
[00:14:08:578]	[OPER] End> Unload, Result : Completed
[00:14:10:594]	[OPER] Start> Clamp
[00:14:10:594]	[SEND] RESET
[00:14:10:635]	[RECV] A
[00:14:10:636]	[RECV] O
[00:14:10:639]	[SEND] POD_LOCK ON
[00:14:10:687]	[RECV] A
[00:14:11:154]	[RECV] O
[00:14:11:157]	[SEND] STATUS
[00:14:11:209]	[RECV] A
[00:14:11:210]	[RECV] S7150122B
[00:14:11:211]	[OPER] End> Clamp, Result : Completed
[00:14:11:486]	[OPER] Start> Load
[00:14:11:486]	[SEND] RESET
[00:14:11:528]	[RECV] A
[00:14:11:529]	[RECV] O
[00:14:11:532]	[SEND] CFG_SLOTS
[00:14:11:579]	[RECV] A
[00:14:11:580]	[RECV] 13
[00:14:11:584]	[SEND] LOAD M
[00:14:11:626]	[RECV] A
[00:14:25:288]	[RECV] M00000000,00000000,00000000
[00:14:25:290]	[SEND] STATUS
[00:14:25:342]	[RECV] A
[00:14:25:343]	[RECV] S31500A27
[00:14:25:343]	[OPER] End> Load, Result : Completed
[00:26:27:546]	[OPER] Start> Unload
[00:26:27:546]	[SEND] RESET
[00:26:27:590]	[RECV] A
[00:26:27:591]	[RECV] O
[00:26:27:595]	[SEND] CFG_SLOTS
[00:26:27:645]	[RECV] A
[00:26:27:646]	[RECV] 13
[00:26:27:650]	[SEND] UNLOAD M
[00:26:27:694]	[RECV] A
[00:26:37:090]	[RECV] M00000000,00000000,00000000
[00:26:37:093]	[SEND] STATUS
[00:26:37:145]	[RECV] A
[00:26:37:146]	[RECV] S7150142B
[00:26:37:147]	[OPER] End> Unload, Result : Completed
[00:26:39:164]	[OPER] Start> Clamp
[00:26:39:164]	[SEND] RESET
[00:26:39:207]	[RECV] A
[00:26:39:208]	[RECV] O
[00:26:39:211]	[SEND] POD_LOCK ON
[00:26:39:261]	[RECV] A
[00:26:39:723]	[RECV] O
[00:26:39:727]	[SEND] STATUS
[00:26:39:779]	[RECV] A
[00:26:39:780]	[RECV] S7150122B
[00:26:39:782]	[OPER] End> Clamp, Result : Completed
[00:26:40:060]	[OPER] Start> Load
[00:26:40:060]	[SEND] RESET
[00:26:40:102]	[RECV] A
[00:26:40:103]	[RECV] O
[00:26:40:107]	[SEND] CFG_SLOTS
[00:26:40:155]	[RECV] A
[00:26:40:156]	[RECV] 13
[00:26:40:159]	[SEND] LOAD M
[00:26:40:201]	[RECV] A
[00:26:53:870]	[RECV] M00000000,00000000,00000000
[00:26:53:874]	[SEND] STATUS
[00:26:53:927]	[RECV] A
[00:26:53:928]	[RECV] S31500A27
[00:26:53:928]	[OPER] End> Load, Result : Completed
[00:38:44:025]	[OPER] Start> Unload
[00:38:44:025]	[SEND] RESET
[00:38:44:069]	[RECV] A
[00:38:44:070]	[RECV] O
[00:38:44:072]	[SEND] CFG_SLOTS
[00:38:44:120]	[RECV] A
[00:38:44:121]	[RECV] 13
[00:38:44:123]	[SEND] UNLOAD M
[00:38:44:165]	[RECV] A
[00:38:53:565]	[RECV] M00000000,00000000,00000000
[00:38:53:568]	[SEND] STATUS
[00:38:53:621]	[RECV] A
[00:38:53:622]	[RECV] S7150142B
[00:38:53:624]	[OPER] End> Unload, Result : Completed
[00:38:55:641]	[OPER] Start> Clamp
[00:38:55:641]	[SEND] RESET
[00:38:55:682]	[RECV] A
[00:38:55:683]	[RECV] O
[00:38:55:686]	[SEND] POD_LOCK ON
[00:38:55:732]	[RECV] A
[00:38:56:196]	[RECV] O
[00:38:56:198]	[SEND] STATUS
[00:38:56:250]	[RECV] A
[00:38:56:251]	[RECV] S7150122B
[00:38:56:252]	[OPER] End> Clamp, Result : Completed
[00:38:56:527]	[OPER] Start> Load
[00:38:56:527]	[SEND] RESET
[00:38:56:570]	[RECV] A
[00:38:56:571]	[RECV] O
[00:38:56:573]	[SEND] CFG_SLOTS
[00:38:56:621]	[RECV] A
[00:38:56:622]	[RECV] 13
[00:38:56:626]	[SEND] LOAD M
[00:38:56:667]	[RECV] A
[00:39:10:332]	[RECV] M00000000,00000000,00000000
[00:39:10:336]	[SEND] STATUS
[00:39:10:388]	[RECV] A
[00:39:10:389]	[RECV] S31500A27
[00:39:10:390]	[OPER] End> Load, Result : Completed
[00:51:00:005]	[OPER] Start> Unload
[00:51:00:005]	[SEND] RESET
[00:51:00:048]	[RECV] A
[00:51:00:049]	[RECV] O
[00:51:00:052]	[SEND] CFG_SLOTS
[00:51:00:101]	[RECV] A
[00:51:00:102]	[RECV] 13
[00:51:00:105]	[SEND] UNLOAD M
[00:51:00:148]	[RECV] A
[00:51:09:543]	[RECV] M00000000,00000000,00000000
[00:51:09:545]	[SEND] STATUS
[00:51:09:597]	[RECV] A
[00:51:09:598]	[RECV] S7150142B
[00:51:09:599]	[OPER] End> Unload, Result : Completed
[00:51:11:615]	[OPER] Start> Clamp
[00:51:11:615]	[SEND] RESET
[00:51:11:657]	[RECV] A
[00:51:11:658]	[RECV] O
[00:51:11:661]	[SEND] POD_LOCK ON
[00:51:11:709]	[RECV] A
[00:51:12:172]	[RECV] O
[00:51:12:176]	[SEND] STATUS
[00:51:12:228]	[RECV] A
[00:51:12:229]	[RECV] S7150122B
[00:51:12:231]	[OPER] End> Clamp, Result : Completed
[00:51:12:506]	[OPER] Start> Load
[00:51:12:506]	[SEND] RESET
[00:51:12:549]	[RECV] A
[00:51:12:550]	[RECV] O
[00:51:12:554]	[SEND] CFG_SLOTS
[00:51:12:602]	[RECV] A
[00:51:12:603]	[RECV] 13
[00:51:12:606]	[SEND] LOAD M
[00:51:12:648]	[RECV] A
[00:51:26:334]	[RECV] M00000000,00000000,00000000
[00:51:26:337]	[SEND] STATUS
[00:51:26:388]	[RECV] A
[00:51:26:389]	[RECV] S31500A27
[00:51:26:391]	[OPER] End> Load, Result : Completed
[01:03:23:203]	[OPER] Start> Unload
[01:03:23:203]	[SEND] RESET
[01:03:23:246]	[RECV] A
[01:03:23:247]	[RECV] O
[01:03:23:251]	[SEND] CFG_SLOTS
[01:03:23:298]	[RECV] A
[01:03:23:299]	[RECV] 13
[01:03:23:302]	[SEND] UNLOAD M
[01:03:23:345]	[RECV] A
[01:03:32:741]	[RECV] M00000000,00000000,00000000
[01:03:32:745]	[SEND] STATUS
[01:03:32:797]	[RECV] A
[01:03:32:798]	[RECV] S7150142B
[01:03:32:799]	[OPER] End> Unload, Result : Completed
[01:03:34:815]	[OPER] Start> Clamp
[01:03:34:815]	[SEND] RESET
[01:03:34:858]	[RECV] A
[01:03:34:859]	[RECV] O
[01:03:34:862]	[SEND] POD_LOCK ON
[01:03:34:907]	[RECV] A
[01:03:35:372]	[RECV] O
[01:03:35:375]	[SEND] STATUS
[01:03:35:427]	[RECV] A
[01:03:35:428]	[RECV] S7150122B
[01:03:35:430]	[OPER] End> Clamp, Result : Completed
[01:03:35:702]	[OPER] Start> Load
[01:03:35:702]	[SEND] RESET
[01:03:35:744]	[RECV] A
[01:03:35:745]	[RECV] O
[01:03:35:748]	[SEND] CFG_SLOTS
[01:03:35:795]	[RECV] A
[01:03:35:796]	[RECV] 13
[01:03:35:800]	[SEND] LOAD M
[01:03:35:842]	[RECV] A
[01:03:49:506]	[RECV] M00000000,00000000,00000000
[01:03:49:509]	[SEND] STATUS
[01:03:49:561]	[RECV] A
[01:03:49:562]	[RECV] S31500A27
[01:03:49:563]	[OPER] End> Load, Result : Completed
[01:15:38:204]	[OPER] Start> Unload
[01:15:38:204]	[SEND] RESET
[01:15:38:247]	[RECV] A
[01:15:38:248]	[RECV] O
[01:15:38:252]	[SEND] CFG_SLOTS
[01:15:38:301]	[RECV] A
[01:15:38:302]	[RECV] 13
[01:15:38:306]	[SEND] UNLOAD M
[01:15:38:351]	[RECV] A
[01:15:47:748]	[RECV] M00000000,00000000,00000000
[01:15:47:752]	[SEND] STATUS
[01:15:47:803]	[RECV] A
[01:15:47:804]	[RECV] S7150142B
[01:15:47:804]	[OPER] End> Unload, Result : Completed
[01:15:49:819]	[OPER] Start> Clamp
[01:15:49:819]	[SEND] RESET
[01:15:49:862]	[RECV] A
[01:15:49:863]	[RECV] O
[01:15:49:866]	[SEND] POD_LOCK ON
[01:15:49:913]	[RECV] A
[01:15:50:377]	[RECV] O
[01:15:50:380]	[SEND] STATUS
[01:15:50:432]	[RECV] A
[01:15:50:433]	[RECV] S7150122B
[01:15:50:434]	[OPER] End> Clamp, Result : Completed
[01:15:50:709]	[OPER] Start> Load
[01:15:50:709]	[SEND] RESET
[01:15:50:752]	[RECV] A
[01:15:50:753]	[RECV] O
[01:15:50:756]	[SEND] CFG_SLOTS
[01:15:50:804]	[RECV] A
[01:15:50:805]	[RECV] 13
[01:15:50:808]	[SEND] LOAD M
[01:15:50:850]	[RECV] A
[01:16:04:542]	[RECV] M00000000,00000000,00000000
[01:16:04:546]	[SEND] STATUS
[01:16:04:597]	[RECV] A
[01:16:04:598]	[RECV] S31500A27
[01:16:04:598]	[OPER] End> Load, Result : Completed
[01:27:55:171]	[OPER] Start> Unload
[01:27:55:171]	[SEND] RESET
[01:27:55:215]	[RECV] A
[01:27:55:216]	[RECV] O
[01:27:55:219]	[SEND] CFG_SLOTS
[01:27:55:267]	[RECV] A
[01:27:55:268]	[RECV] 13
[01:27:55:272]	[SEND] UNLOAD M
[01:27:55:314]	[RECV] A
[01:28:04:712]	[RECV] M00000000,00000000,00000000
[01:28:04:716]	[SEND] STATUS
[01:28:04:767]	[RECV] A
[01:28:04:768]	[RECV] S7150142B
[01:28:04:769]	[OPER] End> Unload, Result : Completed
[01:28:06:785]	[OPER] Start> Clamp
[01:28:06:785]	[SEND] RESET
[01:28:06:827]	[RECV] A
[01:28:06:828]	[RECV] O
[01:28:06:831]	[SEND] POD_LOCK ON
[01:28:06:878]	[RECV] A
[01:28:07:341]	[RECV] O
[01:28:07:344]	[SEND] STATUS
[01:28:07:395]	[RECV] A
[01:28:07:396]	[RECV] S7150122B
[01:28:07:397]	[OPER] End> Clamp, Result : Completed
[01:28:07:672]	[OPER] Start> Load
[01:28:07:672]	[SEND] RESET
[01:28:07:714]	[RECV] A
[01:28:07:715]	[RECV] O
[01:28:07:718]	[SEND] CFG_SLOTS
[01:28:07:766]	[RECV] A
[01:28:07:767]	[RECV] 13
[01:28:07:770]	[SEND] LOAD M
[01:28:07:811]	[RECV] A
[01:28:21:485]	[RECV] M00000000,00000000,00000000
[01:28:21:489]	[SEND] STATUS
[01:28:21:540]	[RECV] A
[01:28:21:541]	[RECV] S31500A27
[01:28:21:542]	[OPER] End> Load, Result : Completed
[01:40:04:335]	[OPER] Start> Unload
[01:40:04:335]	[SEND] RESET
[01:40:04:380]	[RECV] A
[01:40:04:381]	[RECV] O
[01:40:04:385]	[SEND] CFG_SLOTS
[01:40:04:433]	[RECV] A
[01:40:04:434]	[RECV] 13
[01:40:04:437]	[SEND] UNLOAD M
[01:40:04:481]	[RECV] A
[01:40:13:874]	[RECV] M00000000,00000000,00000000
[01:40:13:877]	[SEND] STATUS
[01:40:13:930]	[RECV] A
[01:40:13:931]	[RECV] S7150142B
[01:40:13:932]	[OPER] End> Unload, Result : Completed
[01:40:15:948]	[OPER] Start> Clamp
[01:40:15:948]	[SEND] RESET
[01:40:15:991]	[RECV] A
[01:40:15:992]	[RECV] O
[01:40:15:994]	[SEND] POD_LOCK ON
[01:40:16:041]	[RECV] A
[01:40:16:506]	[RECV] O
[01:40:16:510]	[SEND] STATUS
[01:40:16:562]	[RECV] A
[01:40:16:563]	[RECV] S7150122B
[01:40:16:565]	[OPER] End> Clamp, Result : Completed
[01:40:16:839]	[OPER] Start> Load
[01:40:16:839]	[SEND] RESET
[01:40:16:882]	[RECV] A
[01:40:16:883]	[RECV] O
[01:40:16:886]	[SEND] CFG_SLOTS
[01:40:16:934]	[RECV] A
[01:40:16:935]	[RECV] 13
[01:40:16:939]	[SEND] LOAD M
[01:40:16:980]	[RECV] A
[01:40:30:678]	[RECV] M00000000,00000000,00000000
[01:40:30:682]	[SEND] STATUS
[01:40:30:735]	[RECV] A
[01:40:30:736]	[RECV] S31500A27
[01:40:30:736]	[OPER] End> Load, Result : Completed
[01:52:24:418]	[OPER] Start> Unload
[01:52:24:418]	[SEND] RESET
[01:52:24:460]	[RECV] A
[01:52:24:461]	[RECV] O
[01:52:24:465]	[SEND] CFG_SLOTS
[01:52:24:513]	[RECV] A
[01:52:24:514]	[RECV] 13
[01:52:24:517]	[SEND] UNLOAD M
[01:52:24:560]	[RECV] A
[01:52:33:959]	[RECV] M00000000,00000000,00000000
[01:52:33:962]	[SEND] STATUS
[01:52:34:015]	[RECV] A
[01:52:34:016]	[RECV] S7150142B
[01:52:34:017]	[OPER] End> Unload, Result : Completed
[01:52:36:034]	[OPER] Start> Clamp
[01:52:36:034]	[SEND] RESET
[01:52:36:077]	[RECV] A
[01:52:36:078]	[RECV] O
[01:52:36:080]	[SEND] POD_LOCK ON
[01:52:36:129]	[RECV] A
[01:52:36:592]	[RECV] O
[01:52:36:596]	[SEND] STATUS
[01:52:36:649]	[RECV] A
[01:52:36:650]	[RECV] S7150122B
[01:52:36:650]	[OPER] End> Clamp, Result : Completed
[01:52:36:925]	[OPER] Start> Load
[01:52:36:925]	[SEND] RESET
[01:52:36:968]	[RECV] A
[01:52:36:969]	[RECV] O
[01:52:36:973]	[SEND] CFG_SLOTS
[01:52:37:021]	[RECV] A
[01:52:37:022]	[RECV] 13
[01:52:37:025]	[SEND] LOAD M
[01:52:37:067]	[RECV] A
[01:52:50:736]	[RECV] M00000000,00000000,00000000
[01:52:50:739]	[SEND] STATUS
[01:52:50:792]	[RECV] A
[01:52:50:793]	[RECV] S31500A27
[01:52:50:794]	[OPER] End> Load, Result : Completed
[02:04:37:657]	[OPER] Start> Unload
[02:04:37:657]	[SEND] RESET
[02:04:37:700]	[RECV] A
[02:04:37:701]	[RECV] O
[02:04:37:704]	[SEND] CFG_SLOTS
[02:04:37:751]	[RECV] A
[02:04:37:752]	[RECV] 13
[02:04:37:756]	[SEND] UNLOAD M
[02:04:37:799]	[RECV] A
[02:04:47:196]	[RECV] M00000000,00000000,00000000
[02:04:47:198]	[SEND] STATUS
[02:04:47:251]	[RECV] A
[02:04:47:252]	[RECV] S7150142B
[02:04:47:252]	[OPER] End> Unload, Result : Completed
[02:04:49:268]	[OPER] Start> Clamp
[02:04:49:268]	[SEND] RESET
[02:04:49:312]	[RECV] A
[02:04:49:313]	[RECV] O
[02:04:49:317]	[SEND] POD_LOCK ON
[02:04:49:363]	[RECV] A
[02:04:49:827]	[RECV] O
[02:04:49:829]	[SEND] STATUS
[02:04:49:881]	[RECV] A
[02:04:49:882]	[RECV] S7150122B
[02:04:49:882]	[OPER] End> Clamp, Result : Completed
[02:04:50:158]	[OPER] Start> Load
[02:04:50:158]	[SEND] RESET
[02:04:50:202]	[RECV] A
[02:04:50:203]	[RECV] O
[02:04:50:207]	[SEND] CFG_SLOTS
[02:04:50:255]	[RECV] A
[02:04:50:256]	[RECV] 13
[02:04:50:260]	[SEND] LOAD M
[02:04:50:302]	[RECV] A
[02:05:03:995]	[RECV] M00000000,00000000,00000000
[02:05:03:998]	[SEND] STATUS
[02:05:04:050]	[RECV] A
[02:05:04:051]	[RECV] S31500A27
[02:05:04:052]	[OPER] End> Load, Result : Completed
[02:17:03:429]	[OPER] Start> Unload
[02:17:03:429]	[SEND] RESET
[02:17:03:472]	[RECV] A
[02:17:03:473]	[RECV] O
[02:17:03:477]	[SEND] CFG_SLOTS
[02:17:03:524]	[RECV] A
[02:17:03:525]	[RECV] 13
[02:17:03:528]	[SEND] UNLOAD M
[02:17:03:571]	[RECV] A
[02:17:12:980]	[RECV] M00000000,00000000,00000000
[02:17:12:983]	[SEND] STATUS
[02:17:13:035]	[RECV] A
[02:17:13:036]	[RECV] S7150142B
[02:17:13:037]	[OPER] End> Unload, Result : Completed
[02:17:15:054]	[OPER] Start> Clamp
[02:17:15:054]	[SEND] RESET
[02:17:15:096]	[RECV] A
[02:17:15:097]	[RECV] O
[02:17:15:100]	[SEND] POD_LOCK ON
[02:17:15:147]	[RECV] A
[02:17:15:611]	[RECV] O
[02:17:15:614]	[SEND] STATUS
[02:17:15:666]	[RECV] A
[02:17:15:667]	[RECV] S7150122B
[02:17:15:668]	[OPER] End> Clamp, Result : Completed
[02:17:15:945]	[OPER] Start> Load
[02:17:15:945]	[SEND] RESET
[02:17:15:987]	[RECV] A
[02:17:15:988]	[RECV] O
[02:17:15:991]	[SEND] CFG_SLOTS
[02:17:16:039]	[RECV] A
[02:17:16:040]	[RECV] 13
[02:17:16:043]	[SEND] LOAD M
[02:17:16:084]	[RECV] A
[02:17:29:743]	[RECV] M00000000,00000000,00000000
[02:17:29:746]	[SEND] STATUS
[02:17:29:798]	[RECV] A
[02:17:29:799]	[RECV] S31500A27
[02:17:29:800]	[OPER] End> Load, Result : Completed
[02:29:20:189]	[OPER] Start> Unload
[02:29:20:189]	[SEND] RESET
[02:29:20:232]	[RECV] A
[02:29:20:233]	[RECV] O
[02:29:20:236]	[SEND] CFG_SLOTS
[02:29:20:283]	[RECV] A
[02:29:20:284]	[RECV] 13
[02:29:20:287]	[SEND] UNLOAD M
[02:29:20:330]	[RECV] A
[02:29:29:729]	[RECV] M00000000,00000000,00000000
[02:29:29:732]	[SEND] STATUS
[02:29:29:783]	[RECV] A
[02:29:29:784]	[RECV] S7150142B
[02:29:29:784]	[OPER] End> Unload, Result : Completed
[02:29:31:801]	[OPER] Start> Clamp
[02:29:31:801]	[SEND] RESET
[02:29:31:843]	[RECV] A
[02:29:31:844]	[RECV] O
[02:29:31:848]	[SEND] POD_LOCK ON
[02:29:31:895]	[RECV] A
[02:29:32:359]	[RECV] O
[02:29:32:362]	[SEND] STATUS
[02:29:32:413]	[RECV] A
[02:29:32:414]	[RECV] S7150122B
[02:29:32:416]	[OPER] End> Clamp, Result : Completed
[02:29:32:690]	[OPER] Start> Load
[02:29:32:690]	[SEND] RESET
[02:29:32:734]	[RECV] A
[02:29:32:735]	[RECV] O
[02:29:32:738]	[SEND] CFG_SLOTS
[02:29:32:786]	[RECV] A
[02:29:32:787]	[RECV] 13
[02:29:32:790]	[SEND] LOAD M
[02:29:32:831]	[RECV] A
[02:29:46:522]	[RECV] M00000000,00000000,00000000
[02:29:46:525]	[SEND] STATUS
[02:29:46:577]	[RECV] A
[02:29:46:578]	[RECV] S31500A27
[02:29:46:580]	[OPER] End> Load, Result : Completed
[02:41:53:265]	[OPER] Start> Unload
[02:41:53:265]	[SEND] RESET
[02:41:53:307]	[RECV] A
[02:41:53:308]	[RECV] O
[02:41:53:311]	[SEND] CFG_SLOTS
[02:41:53:358]	[RECV] A
[02:41:53:360]	[RECV] 13
[02:41:53:364]	[SEND] UNLOAD M
[02:41:53:409]	[RECV] A
[02:42:02:815]	[RECV] M00000000,00000000,00000000
[02:42:02:818]	[SEND] STATUS
[02:42:02:870]	[RECV] A
[02:42:02:871]	[RECV] S7150142B
[02:42:02:872]	[OPER] End> Unload, Result : Completed
[02:42:04:888]	[OPER] Start> Clamp
[02:42:04:888]	[SEND] RESET
[02:42:04:931]	[RECV] A
[02:42:04:932]	[RECV] O
[02:42:04:936]	[SEND] POD_LOCK ON
[02:42:04:982]	[RECV] A
[02:42:05:452]	[RECV] O
[02:42:05:455]	[SEND] STATUS
[02:42:05:507]	[RECV] A
[02:42:05:508]	[RECV] S7150122B
[02:42:05:510]	[OPER] End> Clamp, Result : Completed
[02:42:05:786]	[OPER] Start> Load
[02:42:05:786]	[SEND] RESET
[02:42:05:828]	[RECV] A
[02:42:05:829]	[RECV] O
[02:42:05:833]	[SEND] CFG_SLOTS
[02:42:05:880]	[RECV] A
[02:42:05:881]	[RECV] 13
[02:42:05:884]	[SEND] LOAD M
[02:42:05:926]	[RECV] A
[02:42:19:593]	[RECV] M00000000,00000000,00000000
[02:42:19:596]	[SEND] STATUS
[02:42:19:649]	[RECV] A
[02:42:19:651]	[RECV] S31500A27
[02:42:19:651]	[OPER] End> Load, Result : Completed
[02:54:27:811]	[OPER] Start> Unload
[02:54:27:811]	[SEND] RESET
[02:54:27:852]	[RECV] A
[02:54:27:853]	[RECV] O
[02:54:27:857]	[SEND] CFG_SLOTS
[02:54:27:905]	[RECV] A
[02:54:27:906]	[RECV] 13
[02:54:27:909]	[SEND] UNLOAD M
[02:54:27:953]	[RECV] A
[02:54:37:354]	[RECV] M00000000,00000000,00000000
[02:54:37:358]	[SEND] STATUS
[02:54:37:410]	[RECV] A
[02:54:37:411]	[RECV] S7150142B
[02:54:37:412]	[OPER] End> Unload, Result : Completed
[02:54:39:429]	[OPER] Start> Clamp
[02:54:39:429]	[SEND] RESET
[02:54:39:471]	[RECV] A
[02:54:39:472]	[RECV] O
[02:54:39:476]	[SEND] POD_LOCK ON
[02:54:39:523]	[RECV] A
[02:54:39:988]	[RECV] O
[02:54:39:991]	[SEND] STATUS
[02:54:40:044]	[RECV] A
[02:54:40:045]	[RECV] S7150122B
[02:54:40:047]	[OPER] End> Clamp, Result : Completed
[02:54:40:320]	[OPER] Start> Load
[02:54:40:320]	[SEND] RESET
[02:54:40:363]	[RECV] A
[02:54:40:364]	[RECV] O
[02:54:40:367]	[SEND] CFG_SLOTS
[02:54:40:416]	[RECV] A
[02:54:40:417]	[RECV] 13
[02:54:40:421]	[SEND] LOAD M
[02:54:40:463]	[RECV] A
[02:54:54:131]	[RECV] M00000000,00000000,00000000
[02:54:54:134]	[SEND] STATUS
[02:54:54:185]	[RECV] A
[02:54:54:186]	[RECV] S31500A27
[02:54:54:188]	[OPER] End> Load, Result : Completed
[03:06:53:278]	[OPER] Start> Unload
[03:06:53:278]	[SEND] RESET
[03:06:53:321]	[RECV] A
[03:06:53:322]	[RECV] O
[03:06:53:325]	[SEND] CFG_SLOTS
[03:06:53:372]	[RECV] A
[03:06:53:373]	[RECV] 13
[03:06:53:377]	[SEND] UNLOAD M
[03:06:53:420]	[RECV] A
[03:07:02:824]	[RECV] M00000000,00000000,00000000
[03:07:02:827]	[SEND] STATUS
[03:07:02:878]	[RECV] A
[03:07:02:879]	[RECV] S7150142B
[03:07:02:880]	[OPER] End> Unload, Result : Completed
[03:07:04:895]	[OPER] Start> Clamp
[03:07:04:895]	[SEND] RESET
[03:07:04:939]	[RECV] A
[03:07:04:940]	[RECV] O
[03:07:04:942]	[SEND] POD_LOCK ON
[03:07:04:988]	[RECV] A
[03:07:05:453]	[RECV] O
[03:07:05:457]	[SEND] STATUS
[03:07:05:509]	[RECV] A
[03:07:05:510]	[RECV] S7150122B
[03:07:05:511]	[OPER] End> Clamp, Result : Completed
[03:07:05:788]	[OPER] Start> Load
[03:07:05:788]	[SEND] RESET
[03:07:05:830]	[RECV] A
[03:07:05:831]	[RECV] O
[03:07:05:834]	[SEND] CFG_SLOTS
[03:07:05:882]	[RECV] A
[03:07:05:883]	[RECV] 13
[03:07:05:886]	[SEND] LOAD M
[03:07:05:927]	[RECV] A
[03:07:19:589]	[RECV] M00000000,00000000,00000000
[03:07:19:591]	[SEND] STATUS
[03:07:19:642]	[RECV] A
[03:07:19:643]	[RECV] S31500A27
[03:07:19:643]	[OPER] End> Load, Result : Completed
[03:19:19:021]	[OPER] Start> Unload
[03:19:19:021]	[SEND] RESET
[03:19:19:064]	[RECV] A
[03:19:19:065]	[RECV] O
[03:19:19:069]	[SEND] CFG_SLOTS
[03:19:19:117]	[RECV] A
[03:19:19:118]	[RECV] 13
[03:19:19:121]	[SEND] UNLOAD M
[03:19:19:165]	[RECV] A
[03:19:28:565]	[RECV] M00000000,00000000,00000000
[03:19:28:568]	[SEND] STATUS
[03:19:28:620]	[RECV] A
[03:19:28:621]	[RECV] S7150142B
[03:19:28:622]	[OPER] End> Unload, Result : Completed
[03:19:30:638]	[OPER] Start> Clamp
[03:19:30:638]	[SEND] RESET
[03:19:30:682]	[RECV] A
[03:19:30:683]	[RECV] O
[03:19:30:686]	[SEND] POD_LOCK ON
[03:19:30:733]	[RECV] A
[03:19:31:197]	[RECV] O
[03:19:31:200]	[SEND] STATUS
[03:19:31:252]	[RECV] A
[03:19:31:253]	[RECV] S7150122B
[03:19:31:255]	[OPER] End> Clamp, Result : Completed
[03:19:31:531]	[OPER] Start> Load
[03:19:31:531]	[SEND] RESET
[03:19:31:574]	[RECV] A
[03:19:31:575]	[RECV] O
[03:19:31:578]	[SEND] CFG_SLOTS
[03:19:31:628]	[RECV] A
[03:19:31:629]	[RECV] 13
[03:19:31:632]	[SEND] LOAD M
[03:19:31:675]	[RECV] A
[03:19:45:363]	[RECV] M00000000,00000000,00000000
[03:19:45:366]	[SEND] STATUS
[03:19:45:418]	[RECV] A
[03:19:45:419]	[RECV] S31500A27
[03:19:45:420]	[OPER] End> Load, Result : Completed
[03:31:54:128]	[OPER] Start> Unload
[03:31:54:128]	[SEND] RESET
[03:31:54:170]	[RECV] A
[03:31:54:171]	[RECV] O
[03:31:54:175]	[SEND] CFG_SLOTS
[03:31:54:222]	[RECV] A
[03:31:54:223]	[RECV] 13
[03:31:54:226]	[SEND] UNLOAD M
[03:31:54:270]	[RECV] A
[03:32:03:677]	[RECV] M00000000,00000000,00000000
[03:32:03:679]	[SEND] STATUS
[03:32:03:731]	[RECV] A
[03:32:03:732]	[RECV] S7150142B
[03:32:03:733]	[OPER] End> Unload, Result : Completed
[03:32:05:749]	[OPER] Start> Clamp
[03:32:05:749]	[SEND] RESET
[03:32:05:791]	[RECV] A
[03:32:05:792]	[RECV] O
[03:32:05:794]	[SEND] POD_LOCK ON
[03:32:05:840]	[RECV] A
[03:32:06:305]	[RECV] O
[03:32:06:308]	[SEND] STATUS
[03:32:06:360]	[RECV] A
[03:32:06:361]	[RECV] S7150122B
[03:32:06:362]	[OPER] End> Clamp, Result : Completed
[03:32:06:637]	[OPER] Start> Load
[03:32:06:637]	[SEND] RESET
[03:32:06:680]	[RECV] A
[03:32:06:681]	[RECV] O
[03:32:06:683]	[SEND] CFG_SLOTS
[03:32:06:731]	[RECV] A
[03:32:06:732]	[RECV] 13
[03:32:06:736]	[SEND] LOAD M
[03:32:06:777]	[RECV] A
[03:32:20:444]	[RECV] M00000000,00000000,00000000
[03:32:20:447]	[SEND] STATUS
[03:32:20:499]	[RECV] A
[03:32:20:500]	[RECV] S31500A27
[03:32:20:502]	[OPER] End> Load, Result : Completed
[03:44:23:042]	[OPER] Start> Unload
[03:44:23:042]	[SEND] RESET
[03:44:23:085]	[RECV] A
[03:44:23:086]	[RECV] O
[03:44:23:089]	[SEND] CFG_SLOTS
[03:44:23:137]	[RECV] A
[03:44:23:138]	[RECV] 13
[03:44:23:142]	[SEND] UNLOAD M
[03:44:23:188]	[RECV] A
[03:44:32:594]	[RECV] M00000000,00000000,00000000
[03:44:32:597]	[SEND] STATUS
[03:44:32:649]	[RECV] A
[03:44:32:650]	[RECV] S7150142B
[03:44:32:651]	[OPER] End> Unload, Result : Completed
[03:44:34:668]	[OPER] Start> Clamp
[03:44:34:668]	[SEND] RESET
[03:44:34:711]	[RECV] A
[03:44:34:712]	[RECV] O
[03:44:34:715]	[SEND] POD_LOCK ON
[03:44:34:763]	[RECV] A
[03:44:35:225]	[RECV] O
[03:44:35:229]	[SEND] STATUS
[03:44:35:282]	[RECV] A
[03:44:35:283]	[RECV] S7150122B
[03:44:35:284]	[OPER] End> Clamp, Result : Completed
[03:44:35:559]	[OPER] Start> Load
[03:44:35:559]	[SEND] RESET
[03:44:35:603]	[RECV] A
[03:44:35:604]	[RECV] O
[03:44:35:608]	[SEND] CFG_SLOTS
[03:44:35:656]	[RECV] A
[03:44:35:657]	[RECV] 13
[03:44:35:660]	[SEND] LOAD M
[03:44:35:703]	[RECV] A
[03:44:49:403]	[RECV] M00000000,00000000,00000000
[03:44:49:407]	[SEND] STATUS
[03:44:49:459]	[RECV] A
[03:44:49:461]	[RECV] S31500A27
[03:44:49:463]	[OPER] End> Load, Result : Completed
[03:56:59:315]	[OPER] Start> Unload
[03:56:59:315]	[SEND] RESET
[03:56:59:357]	[RECV] A
[03:56:59:358]	[RECV] O
[03:56:59:362]	[SEND] CFG_SLOTS
[03:56:59:408]	[RECV] A
[03:56:59:410]	[RECV] 13
[03:56:59:413]	[SEND] UNLOAD M
[03:56:59:456]	[RECV] A
[03:57:08:866]	[RECV] M00000000,00000000,00000000
[03:57:08:869]	[SEND] STATUS
[03:57:08:921]	[RECV] A
[03:57:08:922]	[RECV] S7150142B
[03:57:08:924]	[OPER] End> Unload, Result : Completed
[03:57:10:940]	[OPER] Start> Clamp
[03:57:10:940]	[SEND] RESET
[03:57:10:982]	[RECV] A
[03:57:10:983]	[RECV] O
[03:57:10:988]	[SEND] POD_LOCK ON
[03:57:11:033]	[RECV] A
[03:57:11:498]	[RECV] O
[03:57:11:501]	[SEND] STATUS
[03:57:11:555]	[RECV] A
[03:57:11:556]	[RECV] S7150122B
[03:57:11:557]	[OPER] End> Clamp, Result : Completed
[03:57:11:831]	[OPER] Start> Load
[03:57:11:831]	[SEND] RESET
[03:57:11:873]	[RECV] A
[03:57:11:874]	[RECV] O
[03:57:11:877]	[SEND] CFG_SLOTS
[03:57:11:925]	[RECV] A
[03:57:11:926]	[RECV] 13
[03:57:11:929]	[SEND] LOAD M
[03:57:11:971]	[RECV] A
[03:57:25:643]	[RECV] M00000000,00000000,00000000
[03:57:25:647]	[SEND] STATUS
[03:57:25:700]	[RECV] A
[03:57:25:701]	[RECV] S31500A27
[03:57:25:703]	[OPER] End> Load, Result : Completed
[04:09:28:356]	[OPER] Start> Unload
[04:09:28:356]	[SEND] RESET
[04:09:28:400]	[RECV] A
[04:09:28:401]	[RECV] O
[04:09:28:403]	[SEND] CFG_SLOTS
[04:09:28:452]	[RECV] A
[04:09:28:453]	[RECV] 13
[04:09:28:457]	[SEND] UNLOAD M
[04:09:28:502]	[RECV] A
[04:09:37:902]	[RECV] M00000000,00000000,00000000
[04:09:37:905]	[SEND] STATUS
[04:09:37:956]	[RECV] A
[04:09:37:957]	[RECV] S7150142B
[04:09:37:957]	[OPER] End> Unload, Result : Completed
[04:09:39:974]	[OPER] Start> Clamp
[04:09:39:974]	[SEND] RESET
[04:09:40:017]	[RECV] A
[04:09:40:018]	[RECV] O
[04:09:40:022]	[SEND] POD_LOCK ON
[04:09:40:069]	[RECV] A
[04:09:40:535]	[RECV] O
[04:09:40:539]	[SEND] STATUS
[04:09:40:591]	[RECV] A
[04:09:40:592]	[RECV] S7150122B
[04:09:40:594]	[OPER] End> Clamp, Result : Completed
[04:09:40:869]	[OPER] Start> Load
[04:09:40:869]	[SEND] RESET
[04:09:40:912]	[RECV] A
[04:09:40:913]	[RECV] O
[04:09:40:917]	[SEND] CFG_SLOTS
[04:09:40:966]	[RECV] A
[04:09:40:967]	[RECV] 13
[04:09:40:971]	[SEND] LOAD M
[04:09:41:013]	[RECV] A
[04:09:54:699]	[RECV] M00000000,00000000,00000000
[04:09:54:703]	[SEND] STATUS
[04:09:54:755]	[RECV] A
[04:09:54:756]	[RECV] S31500A27
[04:09:54:758]	[OPER] End> Load, Result : Completed
[04:21:54:441]	[OPER] Start> Unload
[04:21:54:441]	[SEND] RESET
[04:21:54:483]	[RECV] A
[04:21:54:484]	[RECV] O
[04:21:54:487]	[SEND] CFG_SLOTS
[04:21:54:534]	[RECV] A
[04:21:54:535]	[RECV] 13
[04:21:54:537]	[SEND] UNLOAD M
[04:21:54:580]	[RECV] A
[04:22:03:983]	[RECV] M00000000,00000000,00000000
[04:22:03:986]	[SEND] STATUS
[04:22:04:038]	[RECV] A
[04:22:04:039]	[RECV] S7150142B
[04:22:04:041]	[OPER] End> Unload, Result : Completed
[04:22:06:057]	[OPER] Start> Clamp
[04:22:06:057]	[SEND] RESET
[04:22:06:099]	[RECV] A
[04:22:06:100]	[RECV] O
[04:22:06:104]	[SEND] POD_LOCK ON
[04:22:06:151]	[RECV] A
[04:22:06:617]	[RECV] O
[04:22:06:620]	[SEND] STATUS
[04:22:06:672]	[RECV] A
[04:22:06:673]	[RECV] S7150122B
[04:22:06:674]	[OPER] End> Clamp, Result : Completed
[04:22:06:949]	[OPER] Start> Load
[04:22:06:949]	[SEND] RESET
[04:22:06:991]	[RECV] A
[04:22:06:992]	[RECV] O
[04:22:06:996]	[SEND] CFG_SLOTS
[04:22:07:045]	[RECV] A
[04:22:07:046]	[RECV] 13
[04:22:07:050]	[SEND] LOAD M
[04:22:07:092]	[RECV] A
[04:22:20:766]	[RECV] M00000000,00000000,00000000
[04:22:20:768]	[SEND] STATUS
[04:22:20:820]	[RECV] A
[04:22:20:821]	[RECV] S31500A27
[04:22:20:822]	[OPER] End> Load, Result : Completed
[04:34:14:712]	[OPER] Start> Unload
[04:34:14:712]	[SEND] RESET
[04:34:14:755]	[RECV] A
[04:34:14:756]	[RECV] O
[04:34:14:758]	[SEND] CFG_SLOTS
[04:34:14:806]	[RECV] A
[04:34:14:807]	[RECV] 13
[04:34:14:811]	[SEND] UNLOAD M
[04:34:14:856]	[RECV] A
[04:34:24:262]	[RECV] M00000000,00000000,00000000
[04:34:24:266]	[SEND] STATUS
[04:34:24:318]	[RECV] A
[04:34:24:319]	[RECV] S7150142B
[04:34:24:320]	[OPER] End> Unload, Result : Completed
[04:34:26:336]	[OPER] Start> Clamp
[04:34:26:336]	[SEND] RESET
[04:34:26:379]	[RECV] A
[04:34:26:380]	[RECV] O
[04:34:26:383]	[SEND] POD_LOCK ON
[04:34:26:430]	[RECV] A
[04:34:26:895]	[RECV] O
[04:34:26:899]	[SEND] STATUS
[04:34:26:952]	[RECV] A
[04:34:26:953]	[RECV] S7150122B
[04:34:26:955]	[OPER] End> Clamp, Result : Completed
[04:34:27:231]	[OPER] Start> Load
[04:34:27:231]	[SEND] RESET
[04:34:27:275]	[RECV] A
[04:34:27:276]	[RECV] O
[04:34:27:279]	[SEND] CFG_SLOTS
[04:34:27:328]	[RECV] A
[04:34:27:329]	[RECV] 13
[04:34:27:331]	[SEND] LOAD M
[04:34:27:372]	[RECV] A
[04:34:41:075]	[RECV] M00000000,00000000,00000000
[04:34:41:079]	[SEND] STATUS
[04:34:41:131]	[RECV] A
[04:34:41:132]	[RECV] S31500A27
[04:34:41:133]	[OPER] End> Load, Result : Completed
[04:46:40:161]	[OPER] Start> Unload
[04:46:40:161]	[SEND] RESET
[04:46:40:205]	[RECV] A
[04:46:40:206]	[RECV] O
[04:46:40:209]	[SEND] CFG_SLOTS
[04:46:40:256]	[RECV] A
[04:46:40:257]	[RECV] 13
[04:46:40:260]	[SEND] UNLOAD M
[04:46:40:305]	[RECV] A
[04:46:49:720]	[RECV] M00000000,00000000,00000000
[04:46:49:723]	[SEND] STATUS
[04:46:49:775]	[RECV] A
[04:46:49:776]	[RECV] S7150142B
[04:46:49:777]	[OPER] End> Unload, Result : Completed
[04:46:51:793]	[OPER] Start> Clamp
[04:46:51:793]	[SEND] RESET
[04:46:51:836]	[RECV] A
[04:46:51:837]	[RECV] O
[04:46:51:841]	[SEND] POD_LOCK ON
[04:46:51:887]	[RECV] A
[04:46:52:355]	[RECV] O
[04:46:52:359]	[SEND] STATUS
[04:46:52:410]	[RECV] A
[04:46:52:411]	[RECV] S7150122B
[04:46:52:413]	[OPER] End> Clamp, Result : Completed
[04:46:52:687]	[OPER] Start> Load
[04:46:52:687]	[SEND] RESET
[04:46:52:731]	[RECV] A
[04:46:52:732]	[RECV] O
[04:46:52:734]	[SEND] CFG_SLOTS
[04:46:52:782]	[RECV] A
[04:46:52:783]	[RECV] 13
[04:46:52:787]	[SEND] LOAD M
[04:46:52:828]	[RECV] A
[04:47:06:495]	[RECV] M00000000,00000000,00000000
[04:47:06:498]	[SEND] STATUS
[04:47:06:550]	[RECV] A
[04:47:06:551]	[RECV] S31500A27
[04:47:06:552]	[OPER] End> Load, Result : Completed
[04:59:00:309]	[OPER] Start> Unload
[04:59:00:309]	[SEND] RESET
[04:59:00:352]	[RECV] A
[04:59:00:353]	[RECV] O
[04:59:00:357]	[SEND] CFG_SLOTS
[04:59:00:404]	[RECV] A
[04:59:00:405]	[RECV] 13
[04:59:00:408]	[SEND] UNLOAD M
[04:59:00:452]	[RECV] A
[04:59:09:854]	[RECV] M00000000,00000000,00000000
[04:59:09:858]	[SEND] STATUS
[04:59:09:910]	[RECV] A
[04:59:09:911]	[RECV] S7150142B
[04:59:09:913]	[OPER] End> Unload, Result : Completed
[04:59:11:930]	[OPER] Start> Clamp
[04:59:11:930]	[SEND] RESET
[04:59:11:973]	[RECV] A
[04:59:11:974]	[RECV] O
[04:59:11:977]	[SEND] POD_LOCK ON
[04:59:12:024]	[RECV] A
[04:59:12:488]	[RECV] O
[04:59:12:492]	[SEND] STATUS
[04:59:12:544]	[RECV] A
[04:59:12:545]	[RECV] S7150122B
[04:59:12:546]	[OPER] End> Clamp, Result : Completed
[04:59:12:819]	[OPER] Start> Load
[04:59:12:819]	[SEND] RESET
[04:59:12:861]	[RECV] A
[04:59:12:862]	[RECV] O
[04:59:12:865]	[SEND] CFG_SLOTS
[04:59:12:912]	[RECV] A
[04:59:12:913]	[RECV] 13
[04:59:12:917]	[SEND] LOAD M
[04:59:12:958]	[RECV] A
[04:59:26:642]	[RECV] M00000000,00000000,00000000
[04:59:26:646]	[SEND] STATUS
[04:59:26:697]	[RECV] A
[04:59:26:698]	[RECV] S31500A27
[04:59:26:700]	[OPER] End> Load, Result : Completed
[05:11:25:771]	[OPER] Start> Unload
[05:11:25:771]	[SEND] RESET
[05:11:25:813]	[RECV] A
[05:11:25:814]	[RECV] O
[05:11:25:817]	[SEND] CFG_SLOTS
[05:11:25:866]	[RECV] A
[05:11:25:867]	[RECV] 13
[05:11:25:869]	[SEND] UNLOAD M
[05:11:25:914]	[RECV] A
[05:11:35:322]	[RECV] M00000000,00000000,00000000
[05:11:35:325]	[SEND] STATUS
[05:11:35:376]	[RECV] A
[05:11:35:377]	[RECV] S7150142B
[05:11:35:377]	[OPER] End> Unload, Result : Completed
[05:11:37:392]	[OPER] Start> Clamp
[05:11:37:392]	[SEND] RESET
[05:11:37:435]	[RECV] A
[05:11:37:436]	[RECV] O
[05:11:37:439]	[SEND] POD_LOCK ON
[05:11:37:487]	[RECV] A
[05:11:37:957]	[RECV] O
[05:11:37:960]	[SEND] STATUS
[05:11:38:011]	[RECV] A
[05:11:38:012]	[RECV] S7150122B
[05:11:38:014]	[OPER] End> Clamp, Result : Completed
[05:11:38:290]	[OPER] Start> Load
[05:11:38:290]	[SEND] RESET
[05:11:38:334]	[RECV] A
[05:11:38:335]	[RECV] O
[05:11:38:339]	[SEND] CFG_SLOTS
[05:11:38:386]	[RECV] A
[05:11:38:387]	[RECV] 13
[05:11:38:391]	[SEND] LOAD M
[05:11:38:432]	[RECV] A
[05:11:52:108]	[RECV] M00000000,00000000,00000000
[05:11:52:112]	[SEND] STATUS
[05:11:52:164]	[RECV] A
[05:11:52:165]	[RECV] S31500A27
[05:11:52:166]	[OPER] End> Load, Result : Completed
[05:23:54:374]	[OPER] Start> Unload
[05:23:54:374]	[SEND] RESET
[05:23:54:415]	[RECV] A
[05:23:54:417]	[RECV] O
[05:23:54:420]	[SEND] CFG_SLOTS
[05:23:54:468]	[RECV] A
[05:23:54:469]	[RECV] 13
[05:23:54:473]	[SEND] UNLOAD M
[05:23:54:516]	[RECV] A
[05:24:03:919]	[RECV] M00000000,00000000,00000000
[05:24:03:922]	[SEND] STATUS
[05:24:03:975]	[RECV] A
[05:24:03:976]	[RECV] S7150142B
[05:24:03:978]	[OPER] End> Unload, Result : Completed
[05:24:05:994]	[OPER] Start> Clamp
[05:24:05:994]	[SEND] RESET
[05:24:06:036]	[RECV] A
[05:24:06:037]	[RECV] O
[05:24:06:041]	[SEND] POD_LOCK ON
[05:24:06:088]	[RECV] A
[05:24:06:555]	[RECV] O
[05:24:06:559]	[SEND] STATUS
[05:24:06:612]	[RECV] A
[05:24:06:613]	[RECV] S7150122B
[05:24:06:613]	[OPER] End> Clamp, Result : Completed
[05:24:06:891]	[OPER] Start> Load
[05:24:06:891]	[SEND] RESET
[05:24:06:933]	[RECV] A
[05:24:06:934]	[RECV] O
[05:24:06:938]	[SEND] CFG_SLOTS
[05:24:06:986]	[RECV] A
[05:24:06:987]	[RECV] 13
[05:24:06:991]	[SEND] LOAD M
[05:24:07:032]	[RECV] A
[05:24:20:697]	[RECV] M00000000,00000000,00000000
[05:24:20:701]	[SEND] STATUS
[05:24:20:753]	[RECV] A
[05:24:20:754]	[RECV] S31500A27
[05:24:20:755]	[OPER] End> Load, Result : Completed
[05:36:15:282]	[OPER] Start> Unload
[05:36:15:282]	[SEND] RESET
[05:36:15:324]	[RECV] A
[05:36:15:325]	[RECV] O
[05:36:15:327]	[SEND] CFG_SLOTS
[05:36:15:375]	[RECV] A
[05:36:15:376]	[RECV] 13
[05:36:15:379]	[SEND] UNLOAD M
[05:36:15:423]	[RECV] A
[05:36:24:831]	[RECV] M00000000,00000000,00000000
[05:36:24:834]	[SEND] STATUS
[05:36:24:886]	[RECV] A
[05:36:24:887]	[RECV] S7150142B
[05:36:24:888]	[OPER] End> Unload, Result : Completed
[05:36:26:904]	[OPER] Start> Clamp
[05:36:26:904]	[SEND] RESET
[05:36:26:948]	[RECV] A
[05:36:26:949]	[RECV] O
[05:36:26:952]	[SEND] POD_LOCK ON
[05:36:27:000]	[RECV] A
[05:36:27:467]	[RECV] O
[05:36:27:471]	[SEND] STATUS
[05:36:27:523]	[RECV] A
[05:36:27:524]	[RECV] S7150122B
[05:36:27:525]	[OPER] End> Clamp, Result : Completed
[05:36:27:802]	[OPER] Start> Load
[05:36:27:802]	[SEND] RESET
[05:36:27:845]	[RECV] A
[05:36:27:846]	[RECV] O
[05:36:27:848]	[SEND] CFG_SLOTS
[05:36:27:896]	[RECV] A
[05:36:27:897]	[RECV] 13
[05:36:27:901]	[SEND] LOAD M
[05:36:27:943]	[RECV] A
[05:36:41:601]	[RECV] M00000000,00000000,00000000
[05:36:41:604]	[SEND] STATUS
[05:36:41:656]	[RECV] A
[05:36:41:657]	[RECV] S31500A27
[05:36:41:659]	[OPER] End> Load, Result : Completed
[05:48:38:224]	[OPER] Start> Unload
[05:48:38:224]	[SEND] RESET
[05:48:38:267]	[RECV] A
[05:48:38:268]	[RECV] O
[05:48:38:271]	[SEND] CFG_SLOTS
[05:48:38:319]	[RECV] A
[05:48:38:320]	[RECV] 13
[05:48:38:325]	[SEND] UNLOAD M
[05:48:38:368]	[RECV] A
[05:48:47:770]	[RECV] M00000000,00000000,00000000
[05:48:47:773]	[SEND] STATUS
[05:48:47:826]	[RECV] A
[05:48:47:827]	[RECV] S7150142B
[05:48:47:828]	[OPER] End> Unload, Result : Completed
[05:48:49:844]	[OPER] Start> Clamp
[05:48:49:844]	[SEND] RESET
[05:48:49:888]	[RECV] A
[05:48:49:889]	[RECV] O
[05:48:49:892]	[SEND] POD_LOCK ON
[05:48:49:939]	[RECV] A
[05:48:50:405]	[RECV] O
[05:48:50:408]	[SEND] STATUS
[05:48:50:460]	[RECV] A
[05:48:50:461]	[RECV] S7150122B
[05:48:50:462]	[OPER] End> Clamp, Result : Completed
[05:48:50:737]	[OPER] Start> Load
[05:48:50:737]	[SEND] RESET
[05:48:50:778]	[RECV] A
[05:48:50:779]	[RECV] O
[05:48:50:782]	[SEND] CFG_SLOTS
[05:48:50:829]	[RECV] A
[05:48:50:831]	[RECV] 13
[05:48:50:833]	[SEND] LOAD M
[05:48:50:874]	[RECV] A
[05:49:04:548]	[RECV] M00000000,00000000,00000000
[05:49:04:551]	[SEND] STATUS
[05:49:04:603]	[RECV] A
[05:49:04:604]	[RECV] S31500A27
[05:49:04:606]	[OPER] End> Load, Result : Completed
[06:01:02:174]	[OPER] Start> Unload
[06:01:02:174]	[SEND] RESET
[06:01:02:218]	[RECV] A
[06:01:02:219]	[RECV] O
[06:01:02:222]	[SEND] CFG_SLOTS
[06:01:02:271]	[RECV] A
[06:01:02:272]	[RECV] 13
[06:01:02:276]	[SEND] UNLOAD M
[06:01:02:318]	[RECV] A
[06:01:11:724]	[RECV] M00000000,00000000,00000000
[06:01:11:727]	[SEND] STATUS
[06:01:11:780]	[RECV] A
[06:01:11:781]	[RECV] S7150142B
[06:01:11:781]	[OPER] End> Unload, Result : Completed
[06:01:13:797]	[OPER] Start> Clamp
[06:01:13:797]	[SEND] RESET
[06:01:13:840]	[RECV] A
[06:01:13:841]	[RECV] O
[06:01:13:845]	[SEND] POD_LOCK ON
[06:01:13:890]	[RECV] A
[06:01:14:359]	[RECV] O
[06:01:14:362]	[SEND] STATUS
[06:01:14:415]	[RECV] A
[06:01:14:416]	[RECV] S7150122B
[06:01:14:416]	[OPER] End> Clamp, Result : Completed
[06:01:14:689]	[OPER] Start> Load
[06:01:14:689]	[SEND] RESET
[06:01:14:732]	[RECV] A
[06:01:14:733]	[RECV] O
[06:01:14:738]	[SEND] CFG_SLOTS
[06:01:14:786]	[RECV] A
[06:01:14:787]	[RECV] 13
[06:01:14:790]	[SEND] LOAD M
[06:01:14:832]	[RECV] A
[06:01:28:487]	[RECV] M00000000,00000000,00000000
[06:01:28:491]	[SEND] STATUS
[06:01:28:543]	[RECV] A
[06:01:28:544]	[RECV] S31500A27
[06:01:28:545]	[OPER] End> Load, Result : Completed
[06:13:20:200]	[OPER] Start> Unload
[06:13:20:200]	[SEND] RESET
[06:13:20:242]	[RECV] A
[06:13:20:243]	[RECV] O
[06:13:20:246]	[SEND] CFG_SLOTS
[06:13:20:294]	[RECV] A
[06:13:20:295]	[RECV] 13
[06:13:20:298]	[SEND] UNLOAD M
[06:13:20:343]	[RECV] A
[06:13:29:747]	[RECV] M00000000,00000000,00000000
[06:13:29:750]	[SEND] STATUS
[06:13:29:802]	[RECV] A
[06:13:29:803]	[RECV] S7150142B
[06:13:29:804]	[OPER] End> Unload, Result : Completed
[06:13:31:820]	[OPER] Start> Clamp
[06:13:31:820]	[SEND] RESET
[06:13:31:863]	[RECV] A
[06:13:31:864]	[RECV] O
[06:13:31:868]	[SEND] POD_LOCK ON
[06:13:31:915]	[RECV] A
[06:13:32:382]	[RECV] O
[06:13:32:386]	[SEND] STATUS
[06:13:32:438]	[RECV] A
[06:13:32:439]	[RECV] S7150122B
[06:13:32:440]	[OPER] End> Clamp, Result : Completed
[06:13:32:715]	[OPER] Start> Load
[06:13:32:715]	[SEND] RESET
[06:13:32:758]	[RECV] A
[06:13:32:759]	[RECV] O
[06:13:32:762]	[SEND] CFG_SLOTS
[06:13:32:810]	[RECV] A
[06:13:32:811]	[RECV] 13
[06:13:32:813]	[SEND] LOAD M
[06:13:32:855]	[RECV] A
[06:13:46:544]	[RECV] M00000000,00000000,00000000
[06:13:46:549]	[SEND] STATUS
[06:13:46:601]	[RECV] A
[06:13:46:602]	[RECV] S31500A27
[06:13:46:603]	[OPER] End> Load, Result : Completed
[06:25:44:585]	[OPER] Start> Unload
[06:25:44:585]	[SEND] RESET
[06:25:44:628]	[RECV] A
[06:25:44:629]	[RECV] O
[06:25:44:633]	[SEND] CFG_SLOTS
[06:25:44:681]	[RECV] A
[06:25:44:682]	[RECV] 13
[06:25:44:685]	[SEND] UNLOAD M
[06:25:44:729]	[RECV] A
[06:25:54:132]	[RECV] M00000000,00000000,00000000
[06:25:54:135]	[SEND] STATUS
[06:25:54:186]	[RECV] A
[06:25:54:187]	[RECV] S7150142B
[06:25:54:188]	[OPER] End> Unload, Result : Completed
[06:25:56:205]	[OPER] Start> Clamp
[06:25:56:205]	[SEND] RESET
[06:25:56:247]	[RECV] A
[06:25:56:248]	[RECV] O
[06:25:56:252]	[SEND] POD_LOCK ON
[06:25:56:299]	[RECV] A
[06:25:56:765]	[RECV] O
[06:25:56:768]	[SEND] STATUS
[06:25:56:820]	[RECV] A
[06:25:56:821]	[RECV] S7150122B
[06:25:56:822]	[OPER] End> Clamp, Result : Completed
[06:25:57:098]	[OPER] Start> Load
[06:25:57:098]	[SEND] RESET
[06:25:57:141]	[RECV] A
[06:25:57:141]	[RECV] O
[06:25:57:144]	[SEND] CFG_SLOTS
[06:25:57:192]	[RECV] A
[06:25:57:193]	[RECV] 13
[06:25:57:197]	[SEND] LOAD M
[06:25:57:239]	[RECV] A
[06:26:10:887]	[RECV] M00000000,00000000,00000000
[06:26:10:890]	[SEND] STATUS
[06:26:10:942]	[RECV] A
[06:26:10:943]	[RECV] S31500A27
[06:26:10:944]	[OPER] End> Load, Result : Completed
[06:38:07:851]	[OPER] Start> Unload
[06:38:07:851]	[SEND] RESET
[06:38:07:894]	[RECV] A
[06:38:07:895]	[RECV] O
[06:38:07:898]	[SEND] CFG_SLOTS
[06:38:07:945]	[RECV] A
[06:38:07:946]	[RECV] 13
[06:38:07:949]	[SEND] UNLOAD M
[06:38:07:992]	[RECV] A
[06:38:17:391]	[RECV] M00000000,00000000,00000000
[06:38:17:396]	[SEND] STATUS
[06:38:17:448]	[RECV] A
[06:38:17:449]	[RECV] S7150142B
[06:38:17:450]	[OPER] End> Unload, Result : Completed
[06:38:19:466]	[OPER] Start> Clamp
[06:38:19:466]	[SEND] RESET
[06:38:19:508]	[RECV] A
[06:38:19:509]	[RECV] O
[06:38:19:513]	[SEND] POD_LOCK ON
[06:38:19:559]	[RECV] A
[06:38:20:027]	[RECV] O
[06:38:20:031]	[SEND] STATUS
[06:38:20:083]	[RECV] A
[06:38:20:084]	[RECV] S7150122B
[06:38:20:086]	[OPER] End> Clamp, Result : Completed
[06:38:20:360]	[OPER] Start> Load
[06:38:20:360]	[SEND] RESET
[06:38:20:403]	[RECV] A
[06:38:20:404]	[RECV] O
[06:38:20:407]	[SEND] CFG_SLOTS
[06:38:20:456]	[RECV] A
[06:38:20:457]	[RECV] 13
[06:38:20:459]	[SEND] LOAD M
[06:38:20:502]	[RECV] A
[06:38:34:187]	[RECV] M00000000,00000000,00000000
[06:38:34:190]	[SEND] STATUS
[06:38:34:241]	[RECV] A
[06:38:34:242]	[RECV] S31500A27
[06:38:34:243]	[OPER] End> Load, Result : Completed
[06:50:36:640]	[OPER] Start> Unload
[06:50:36:640]	[SEND] RESET
[06:50:36:681]	[RECV] A
[06:50:36:682]	[RECV] O
[06:50:36:685]	[SEND] CFG_SLOTS
[06:50:36:733]	[RECV] A
[06:50:36:734]	[RECV] 13
[06:50:36:737]	[SEND] UNLOAD M
[06:50:36:781]	[RECV] A
[06:50:46:180]	[RECV] M00000000,00000000,00000000
[06:50:46:184]	[SEND] STATUS
[06:50:46:236]	[RECV] A
[06:50:46:237]	[RECV] S7150142B
[06:50:46:238]	[OPER] End> Unload, Result : Completed
[06:50:48:254]	[OPER] Start> Clamp
[06:50:48:254]	[SEND] RESET
[06:50:48:296]	[RECV] A
[06:50:48:297]	[RECV] O
[06:50:48:300]	[SEND] POD_LOCK ON
[06:50:48:347]	[RECV] A
[06:50:48:814]	[RECV] O
[06:50:48:818]	[SEND] STATUS
[06:50:48:870]	[RECV] A
[06:50:48:871]	[RECV] S7150122B
[06:50:48:872]	[OPER] End> Clamp, Result : Completed
[06:50:49:149]	[OPER] Start> Load
[06:50:49:149]	[SEND] RESET
[06:50:49:192]	[RECV] A
[06:50:49:193]	[RECV] O
[06:50:49:196]	[SEND] CFG_SLOTS
[06:50:49:243]	[RECV] A
[06:50:49:244]	[RECV] 13
[06:50:49:248]	[SEND] LOAD M
[06:50:49:290]	[RECV] A
[06:51:02:948]	[RECV] M00000000,00000000,00000000
[06:51:02:951]	[SEND] STATUS
[06:51:03:004]	[RECV] A
[06:51:03:005]	[RECV] S31500A27
[06:51:03:007]	[OPER] End> Load, Result : Completed
[07:02:51:226]	[OPER] Start> Unload
[07:02:51:226]	[SEND] RESET
[07:02:51:269]	[RECV] A
[07:02:51:270]	[RECV] O
[07:02:51:273]	[SEND] CFG_SLOTS
[07:02:51:322]	[RECV] A
[07:02:51:323]	[RECV] 13
[07:02:51:325]	[SEND] UNLOAD M
[07:02:51:368]	[RECV] A
[07:03:00:772]	[RECV] M00000000,00000000,00000000
[07:03:00:776]	[SEND] STATUS
[07:03:00:828]	[RECV] A
[07:03:00:830]	[RECV] S7150142B
[07:03:00:831]	[OPER] End> Unload, Result : Completed
[07:03:02:846]	[OPER] Start> Clamp
[07:03:02:846]	[SEND] RESET
[07:03:02:890]	[RECV] A
[07:03:02:891]	[RECV] O
[07:03:02:894]	[SEND] POD_LOCK ON
[07:03:02:942]	[RECV] A
[07:03:03:409]	[RECV] O
[07:03:03:413]	[SEND] STATUS
[07:03:03:466]	[RECV] A
[07:03:03:467]	[RECV] S7150122B
[07:03:03:469]	[OPER] End> Clamp, Result : Completed
[07:03:03:745]	[OPER] Start> Load
[07:03:03:745]	[SEND] RESET
[07:03:03:788]	[RECV] A
[07:03:03:789]	[RECV] O
[07:03:03:793]	[SEND] CFG_SLOTS
[07:03:03:841]	[RECV] A
[07:03:03:842]	[RECV] 13
[07:03:03:846]	[SEND] LOAD M
[07:03:03:888]	[RECV] A
[07:03:17:566]	[RECV] M00000000,00000000,00000000
[07:03:17:569]	[SEND] STATUS
[07:03:17:621]	[RECV] A
[07:03:17:622]	[RECV] S31500A27
[07:03:17:624]	[OPER] End> Load, Result : Completed
[07:15:12:344]	[OPER] Start> Unload
[07:15:12:344]	[SEND] RESET
[07:15:12:387]	[RECV] A
[07:15:12:388]	[RECV] O
[07:15:12:392]	[SEND] CFG_SLOTS
[07:15:12:439]	[RECV] A
[07:15:12:440]	[RECV] 13
[07:15:12:444]	[SEND] UNLOAD M
[07:15:12:488]	[RECV] A
[07:15:21:894]	[RECV] M00000000,00000000,00000000
[07:15:21:897]	[SEND] STATUS
[07:15:21:948]	[RECV] A
[07:15:21:949]	[RECV] S7150142B
[07:15:21:950]	[OPER] End> Unload, Result : Completed
[07:15:23:967]	[OPER] Start> Clamp
[07:15:23:967]	[SEND] RESET
[07:15:24:011]	[RECV] A
[07:15:24:012]	[RECV] O
[07:15:24:016]	[SEND] POD_LOCK ON
[07:15:24:063]	[RECV] A
[07:15:24:527]	[RECV] O
[07:15:24:529]	[SEND] STATUS
[07:15:24:581]	[RECV] A
[07:15:24:582]	[RECV] S7150122B
[07:15:24:584]	[OPER] End> Clamp, Result : Completed
[07:15:24:860]	[OPER] Start> Load
[07:15:24:860]	[SEND] RESET
[07:15:24:902]	[RECV] A
[07:15:24:903]	[RECV] O
[07:15:24:907]	[SEND] CFG_SLOTS
[07:15:24:955]	[RECV] A
[07:15:24:956]	[RECV] 13
[07:15:24:959]	[SEND] LOAD M
[07:15:25:001]	[RECV] A
[07:15:38:645]	[RECV] M00000000,00000000,00000000
[07:15:38:649]	[SEND] STATUS
[07:15:38:701]	[RECV] A
[07:15:38:702]	[RECV] S31500A27
[07:15:38:704]	[OPER] End> Load, Result : Completed
[07:27:28:992]	[OPER] Start> Unload
[07:27:28:992]	[SEND] RESET
[07:27:29:035]	[RECV] A
[07:27:29:036]	[RECV] O
[07:27:29:039]	[SEND] CFG_SLOTS
[07:27:29:088]	[RECV] A
[07:27:29:089]	[RECV] 13
[07:27:29:092]	[SEND] UNLOAD M
[07:27:29:136]	[RECV] A
[07:27:38:531]	[RECV] M00000000,00000000,00000000
[07:27:38:535]	[SEND] STATUS
[07:27:38:586]	[RECV] A
[07:27:38:587]	[RECV] S7150142B
[07:27:38:588]	[OPER] End> Unload, Result : Completed
[07:27:40:605]	[OPER] Start> Clamp
[07:27:40:605]	[SEND] RESET
[07:27:40:647]	[RECV] A
[07:27:40:648]	[RECV] O
[07:27:40:652]	[SEND] POD_LOCK ON
[07:27:40:699]	[RECV] A
[07:27:41:163]	[RECV] O
[07:27:41:167]	[SEND] STATUS
[07:27:41:219]	[RECV] A
[07:27:41:220]	[RECV] S7150122B
[07:27:41:222]	[OPER] End> Clamp, Result : Completed
[07:27:41:496]	[OPER] Start> Load
[07:27:41:496]	[SEND] RESET
[07:27:41:538]	[RECV] A
[07:27:41:539]	[RECV] O
[07:27:41:543]	[SEND] CFG_SLOTS
[07:27:41:589]	[RECV] A
[07:27:41:590]	[RECV] 13
[07:27:41:593]	[SEND] LOAD M
[07:27:41:634]	[RECV] A
[07:27:55:310]	[RECV] M00000000,00000000,00000000
[07:27:55:314]	[SEND] STATUS
[07:27:55:366]	[RECV] A
[07:27:55:367]	[RECV] S31500A27
[07:27:55:369]	[OPER] End> Load, Result : Completed
[07:39:54:195]	[OPER] Start> Unload
[07:39:54:195]	[SEND] RESET
[07:39:54:238]	[RECV] A
[07:39:54:240]	[RECV] O
[07:39:54:244]	[SEND] CFG_SLOTS
[07:39:54:294]	[RECV] A
[07:39:54:295]	[RECV] 13
[07:39:54:299]	[SEND] UNLOAD M
[07:39:54:343]	[RECV] A
[07:40:03:755]	[RECV] M00000000,00000000,00000000
[07:40:03:758]	[SEND] STATUS
[07:40:03:810]	[RECV] A
[07:40:03:811]	[RECV] S7150142B
[07:40:03:812]	[OPER] End> Unload, Result : Completed
[07:40:05:827]	[OPER] Start> Clamp
[07:40:05:827]	[SEND] RESET
[07:40:05:870]	[RECV] A
[07:40:05:871]	[RECV] O
[07:40:05:874]	[SEND] POD_LOCK ON
[07:40:05:923]	[RECV] A
[07:40:06:393]	[RECV] O
[07:40:06:397]	[SEND] STATUS
[07:40:06:449]	[RECV] A
[07:40:06:450]	[RECV] S7150122B
[07:40:06:452]	[OPER] End> Clamp, Result : Completed
[07:40:06:730]	[OPER] Start> Load
[07:40:06:730]	[SEND] RESET
[07:40:06:773]	[RECV] A
[07:40:06:774]	[RECV] O
[07:40:06:778]	[SEND] CFG_SLOTS
[07:40:06:827]	[RECV] A
[07:40:06:828]	[RECV] 13
[07:40:06:832]	[SEND] LOAD M
[07:40:06:874]	[RECV] A
[07:40:20:527]	[RECV] M00000000,00000000,00000000
[07:40:20:530]	[SEND] STATUS
[07:40:20:582]	[RECV] A
[07:40:20:583]	[RECV] S31500A27
[07:40:20:583]	[OPER] End> Load, Result : Completed
[07:52:19:752]	[OPER] Start> Unload
[07:52:19:753]	[SEND] RESET
[07:52:19:796]	[RECV] A
[07:52:19:797]	[RECV] O
[07:52:19:800]	[SEND] CFG_SLOTS
[07:52:19:849]	[RECV] A
[07:52:19:850]	[RECV] 13
[07:52:19:854]	[SEND] UNLOAD M
[07:52:19:898]	[RECV] A
[07:52:29:298]	[RECV] M00000000,00000000,00000000
[07:52:29:301]	[SEND] STATUS
[07:52:29:352]	[RECV] A
[07:52:29:353]	[RECV] S7150142B
[07:52:29:355]	[OPER] End> Unload, Result : Completed
[07:52:31:372]	[OPER] Start> Clamp
[07:52:31:372]	[SEND] RESET
[07:52:31:416]	[RECV] A
[07:52:31:417]	[RECV] O
[07:52:31:421]	[SEND] POD_LOCK ON
[07:52:31:468]	[RECV] A
[07:52:31:935]	[RECV] O
[07:52:31:940]	[SEND] STATUS
[07:52:31:991]	[RECV] A
[07:52:31:992]	[RECV] S7150122B
[07:52:31:993]	[OPER] End> Clamp, Result : Completed
[07:52:32:267]	[OPER] Start> Load
[07:52:32:267]	[SEND] RESET
[07:52:32:308]	[RECV] A
[07:52:32:309]	[RECV] O
[07:52:32:312]	[SEND] CFG_SLOTS
[07:52:32:361]	[RECV] A
[07:52:32:362]	[RECV] 13
[07:52:32:366]	[SEND] LOAD M
[07:52:32:408]	[RECV] A
[07:52:46:082]	[RECV] M00000000,00000000,00000000
[07:52:46:085]	[SEND] STATUS
[07:52:46:138]	[RECV] A
[07:52:46:139]	[RECV] S31500A27
[07:52:46:140]	[OPER] End> Load, Result : Completed
[08:04:34:968]	[OPER] Start> Unload
[08:04:34:968]	[SEND] RESET
[08:04:35:013]	[RECV] A
[08:04:35:014]	[RECV] O
[08:04:35:018]	[SEND] CFG_SLOTS
[08:04:35:066]	[RECV] A
[08:04:35:067]	[RECV] 13
[08:04:35:070]	[SEND] UNLOAD M
[08:04:35:113]	[RECV] A
[08:04:44:510]	[RECV] M00000000,00000000,00000000
[08:04:44:514]	[SEND] STATUS
[08:04:44:566]	[RECV] A
[08:04:44:567]	[RECV] S7150142B
[08:04:44:568]	[OPER] End> Unload, Result : Completed
[08:04:46:584]	[OPER] Start> Clamp
[08:04:46:584]	[SEND] RESET
[08:04:46:626]	[RECV] A
[08:04:46:627]	[RECV] O
[08:04:46:630]	[SEND] POD_LOCK ON
[08:04:46:677]	[RECV] A
[08:04:47:144]	[RECV] O
[08:04:47:147]	[SEND] STATUS
[08:04:47:198]	[RECV] A
[08:04:47:199]	[RECV] S7150122B
[08:04:47:201]	[OPER] End> Clamp, Result : Completed
[08:04:47:476]	[OPER] Start> Load
[08:04:47:476]	[SEND] RESET
[08:04:47:518]	[RECV] A
[08:04:47:519]	[RECV] O
[08:04:47:524]	[SEND] CFG_SLOTS
[08:04:47:572]	[RECV] A
[08:04:47:573]	[RECV] 13
[08:04:47:577]	[SEND] LOAD M
[08:04:47:618]	[RECV] A
[08:05:01:273]	[RECV] M00000000,00000000,00000000
[08:05:01:276]	[SEND] STATUS
[08:05:01:328]	[RECV] A
[08:05:01:329]	[RECV] S31500A27
[08:05:01:331]	[OPER] End> Load, Result : Completed
[08:16:41:658]	[OPER] Start> Unload
[08:16:41:658]	[SEND] RESET
[08:16:41:701]	[RECV] A
[08:16:41:702]	[RECV] O
[08:16:41:706]	[SEND] CFG_SLOTS
[08:16:41:754]	[RECV] A
[08:16:41:755]	[RECV] 13
[08:16:41:759]	[SEND] UNLOAD M
[08:16:41:803]	[RECV] A
[08:16:51:199]	[RECV] M00000000,00000000,00000000
[08:16:51:203]	[SEND] STATUS
[08:16:51:254]	[RECV] A
[08:16:51:255]	[RECV] S7150142B
[08:16:51:256]	[OPER] End> Unload, Result : Completed
[08:16:53:273]	[OPER] Start> Clamp
[08:16:53:273]	[SEND] RESET
[08:16:53:317]	[RECV] A
[08:16:53:318]	[RECV] O
[08:16:53:320]	[SEND] POD_LOCK ON
[08:16:53:368]	[RECV] A
[08:16:53:835]	[RECV] O
[08:16:53:839]	[SEND] STATUS
[08:16:53:890]	[RECV] A
[08:16:53:891]	[RECV] S7150122B
[08:16:53:893]	[OPER] End> Clamp, Result : Completed
[08:16:54:169]	[OPER] Start> Load
[08:16:54:169]	[SEND] RESET
[08:16:54:212]	[RECV] A
[08:16:54:213]	[RECV] O
[08:16:54:216]	[SEND] CFG_SLOTS
[08:16:54:263]	[RECV] A
[08:16:54:265]	[RECV] 13
[08:16:54:268]	[SEND] LOAD M
[08:16:54:310]	[RECV] A
[08:17:07:983]	[RECV] M00000000,00000000,00000000
[08:17:07:987]	[SEND] STATUS
[08:17:08:039]	[RECV] A
[08:17:08:040]	[RECV] S31500A27
[08:17:08:041]	[OPER] End> Load, Result : Completed
[08:28:55:279]	[OPER] Start> Unload
[08:28:55:279]	[SEND] RESET
[08:28:55:320]	[RECV] A
[08:28:55:321]	[RECV] O
[08:28:55:325]	[SEND] CFG_SLOTS
[08:28:55:373]	[RECV] A
[08:28:55:374]	[RECV] 13
[08:28:55:377]	[SEND] UNLOAD M
[08:28:55:420]	[RECV] A
[08:29:04:819]	[RECV] M00000000,00000000,00000000
[08:29:04:823]	[SEND] STATUS
[08:29:04:875]	[RECV] A
[08:29:04:876]	[RECV] S7150142B
[08:29:04:876]	[OPER] End> Unload, Result : Completed
[08:29:06:892]	[OPER] Start> Clamp
[08:29:06:892]	[SEND] RESET
[08:29:06:934]	[RECV] A
[08:29:06:935]	[RECV] O
[08:29:06:939]	[SEND] POD_LOCK ON
[08:29:06:985]	[RECV] A
[08:29:07:452]	[RECV] O
[08:29:07:455]	[SEND] STATUS
[08:29:07:507]	[RECV] A
[08:29:07:508]	[RECV] S7150122B
[08:29:07:508]	[OPER] End> Clamp, Result : Completed
[08:29:07:784]	[OPER] Start> Load
[08:29:07:784]	[SEND] RESET
[08:29:07:827]	[RECV] A
[08:29:07:828]	[RECV] O
[08:29:07:831]	[SEND] CFG_SLOTS
[08:29:07:879]	[RECV] A
[08:29:07:880]	[RECV] 13
[08:29:07:882]	[SEND] LOAD M
[08:29:07:923]	[RECV] A
[08:29:21:577]	[RECV] M00000000,00000000,00000000
[08:29:21:580]	[SEND] STATUS
[08:29:21:633]	[RECV] A
[08:29:21:634]	[RECV] S31500A27
[08:29:21:635]	[OPER] End> Load, Result : Completed
[08:35:32:164]	[OPER] Start> Unload
[08:35:32:164]	[SEND] RESET
[08:35:32:213]	[RECV] A
[08:35:32:214]	[RECV] O
[08:35:32:217]	[SEND] CFG_SLOTS
[08:35:32:266]	[RECV] A
[08:35:32:267]	[RECV] 13
[08:35:32:270]	[SEND] UNLOAD M
[08:35:32:315]	[RECV] A
[08:35:41:722]	[RECV] M00000000,00000000,00000000
[08:35:41:725]	[SEND] STATUS
[08:35:41:777]	[RECV] A
[08:35:41:778]	[RECV] S7150142B
[08:35:41:779]	[OPER] End> Unload, Result : Completed
[15:58:24:934]	[RECV] C01000000
[16:00:14:523]	[OPER] ----- Initialize -----
[16:00:14:523]	[SEND] RESET
[16:00:14:572]	[RECV] A
[16:00:14:573]	[RECV] O
[16:00:14:576]	[SEND] HOM
[16:00:14:615]	[RECV] A
[16:00:32:514]	[RECV] O
[16:00:32:518]	[SEND] STATUS
[16:00:32:569]	[RECV] A
[16:00:32:570]	[RECV] S7150142B
[16:00:32:572]	[OPER] ----- Result : Completed, Description : 
[16:00:32:573]	[OPER] ----- ChangeToFoup -----
[16:00:32:573]	[SEND] RESET
[16:00:32:615]	[RECV] A
[16:00:32:616]	[RECV] O
[16:00:32:619]	[SEND] OC_MODE OFF
[16:00:32:667]	[RECV] A
[16:00:32:668]	[RECV] O
[16:00:32:672]	[SEND] STATUS
[16:00:32:724]	[RECV] A
[16:00:32:725]	[RECV] S7150142B
[16:00:32:726]	[OPER] ----- Result : Completed, Description : 
[16:06:53:018]	[RECV] C01000000
[16:10:54:915]	[RECV] C00010000
[16:10:54:916]	[RECV] C00000010
[16:17:07:223]	[RECV] C01000000
[16:18:00:101]	[RECV] C00010000
[16:18:00:102]	[RECV] C00000010
[16:18:43:610]	[RECV] C00010000
[16:18:43:611]	[RECV] C00000010
