[00:29:10:512]	[OPER] ----- Initialize -----
[00:29:10:512]	[SEND] RESET
[00:29:10:561]	[RECV] A
[00:29:10:562]	[RECV] O
[00:29:10:564]	[SEND] HOM
[00:29:10:607]	[RECV] A
[00:29:21:948]	[RECV] O
[00:29:21:951]	[SEND] STATUS
[00:29:22:002]	[RECV] A
[00:29:22:003]	[RECV] S7350142B
[00:29:22:005]	[OPER] ----- Result : Completed, Description : 
[00:29:22:006]	[OPER] ----- ChangeToCassette -----
[00:29:22:006]	[SEND] RESET
[00:29:22:048]	[RECV] A
[00:29:22:049]	[RECV] O
[00:29:22:052]	[SEND] OC_MODE ON
[00:29:22:101]	[RECV] A
[00:29:22:102]	[RECV] O
[00:29:22:106]	[SEND] STATUS
[00:29:22:157]	[RECV] A
[00:29:22:158]	[RECV] S7350142B
[00:29:22:160]	[OPER] ----- Result : Completed, Description : 
[00:39:55:714]	[OPER] ----- Clamp -----
[00:39:55:714]	[SEND] RESET
[00:39:55:759]	[RECV] A
[00:39:55:760]	[RECV] O
[00:39:55:764]	[SEND] POD_LOCK ON
[00:39:55:816]	[RECV] A
[00:39:55:817]	[RECV] O
[00:39:55:820]	[SEND] STATUS
[00:39:55:874]	[RECV] A
[00:39:55:875]	[RECV] S7350142B
[00:39:55:877]	[OPER] ----- Result : Completed, Description : 
[00:39:57:190]	[OPER] ----- Load -----
[00:39:57:190]	[SEND] RESET
[00:39:57:235]	[RECV] A
[00:39:57:236]	[RECV] O
[00:39:57:240]	[SEND] CFG_SLOTS
[00:39:57:287]	[RECV] A
[00:39:57:288]	[RECV] 13
[00:39:57:292]	[SEND] LOAD O
[00:39:57:334]	[RECV] A
[00:43:25:154]	[OPER] ----- Initialize -----
[00:43:25:154]	[SEND] RESET
[00:43:25:203]	[RECV] A
[00:43:25:204]	[RECV] O
[00:43:25:208]	[SEND] HOM
[00:43:25:251]	[RECV] A
[00:43:40:788]	[RECV] O
[00:43:40:791]	[SEND] STATUS
[00:43:40:842]	[RECV] A
[00:43:40:843]	[RECV] S7350142B
[00:43:40:844]	[OPER] ----- Result : Completed, Description : 
[00:43:40:845]	[OPER] ----- ChangeToCassette -----
[00:43:40:845]	[SEND] RESET
[00:43:40:889]	[RECV] A
[00:43:40:890]	[RECV] O
[00:43:40:894]	[SEND] OC_MODE ON
[00:43:40:942]	[RECV] A
[00:43:40:943]	[RECV] O
[00:43:40:946]	[SEND] STATUS
[00:43:40:998]	[RECV] A
[00:43:40:999]	[RECV] S7350142B
[00:43:41:000]	[OPER] ----- Result : Completed, Description : 
[00:43:44:856]	[OPER] ----- Clamp -----
[00:43:44:856]	[SEND] RESET
[00:43:44:901]	[RECV] A
[00:43:44:902]	[RECV] O
[00:43:44:904]	[SEND] POD_LOCK ON
[00:43:44:956]	[RECV] A
[00:43:44:957]	[RECV] O
[00:43:44:962]	[SEND] STATUS
[00:43:45:014]	[RECV] A
[00:43:45:015]	[RECV] S7350142B
[00:43:45:016]	[OPER] ----- Result : Completed, Description : 
[00:43:45:982]	[OPER] ----- Load -----
[00:43:45:982]	[SEND] RESET
[00:43:46:025]	[RECV] A
[00:43:46:026]	[RECV] O
[00:43:46:029]	[SEND] CFG_SLOTS
[00:43:46:077]	[RECV] A
[00:43:46:078]	[RECV] 13
[00:43:46:082]	[SEND] LOAD O
[00:43:46:123]	[RECV] A
[00:43:58:365]	[RECV] M00000000,00000000,00000000
[00:43:58:369]	[SEND] STATUS
[00:43:58:420]	[RECV] A
[00:43:58:421]	[RECV] S33500C27
[00:43:58:423]	[OPER] ----- Result : Completed, Description : 
[00:43:58:434]	[OPER] ----- Unload -----
[00:43:58:434]	[SEND] RESET
[00:43:58:479]	[RECV] A
[00:43:58:480]	[RECV] O
[00:43:58:483]	[SEND] CFG_SLOTS
[00:43:58:531]	[RECV] A
[00:43:58:532]	[RECV] 13
[00:43:58:535]	[SEND] UNLOAD O
[00:43:58:580]	[RECV] A
[00:44:06:041]	[RECV] M00000000,00000000,00000000
[00:44:06:045]	[SEND] STATUS
[00:44:06:097]	[RECV] A
[00:44:06:098]	[RECV] S7350142B
[00:44:06:099]	[OPER] ----- Result : Completed, Description : 
[00:47:38:412]	[OPER] ----- Initialize -----
[00:47:38:412]	[SEND] RESET
[00:47:38:458]	[RECV] A
[00:47:38:460]	[RECV] O
[00:47:38:463]	[SEND] HOM
[00:47:38:506]	[RECV] A
[00:47:49:835]	[RECV] O
[00:47:49:838]	[SEND] STATUS
[00:47:49:890]	[RECV] A
[00:47:49:891]	[RECV] S7350142B
[00:47:49:893]	[OPER] ----- Result : Completed, Description : 
[00:47:49:895]	[OPER] ----- ChangeToCassette -----
[00:47:49:896]	[SEND] RESET
[00:47:49:939]	[RECV] A
[00:47:49:940]	[RECV] O
[00:47:49:944]	[SEND] OC_MODE ON
[00:47:49:992]	[RECV] A
[00:47:49:993]	[RECV] O
[00:47:49:996]	[SEND] STATUS
[00:47:50:047]	[RECV] A
[00:47:50:048]	[RECV] S7350142B
[00:47:50:049]	[OPER] ----- Result : Completed, Description : 
[00:55:31:772]	[OPER] ----- Clamp -----
[00:55:31:772]	[SEND] RESET
[00:55:31:817]	[RECV] A
[00:55:31:818]	[RECV] O
[00:55:31:821]	[SEND] POD_LOCK ON
[00:55:31:875]	[RECV] A
[00:55:31:876]	[RECV] O
[00:55:31:879]	[SEND] STATUS
[00:55:31:930]	[RECV] A
[00:55:31:931]	[RECV] S7350142B
[00:55:31:932]	[OPER] ----- Result : Completed, Description : 
[00:55:32:918]	[OPER] ----- Load -----
[00:55:32:918]	[SEND] RESET
[00:55:32:960]	[RECV] A
[00:55:32:961]	[RECV] O
[00:55:32:963]	[SEND] CFG_SLOTS
[00:55:33:013]	[RECV] A
[00:55:33:013]	[RECV] 13
[00:55:33:016]	[SEND] LOAD O
[00:55:33:057]	[RECV] A
[00:55:45:346]	[RECV] M00000000,00000000,00000000
[00:55:45:349]	[SEND] STATUS
[00:55:45:402]	[RECV] A
[00:55:45:403]	[RECV] S33500C27
[00:55:45:404]	[OPER] ----- Result : Completed, Description : 
[00:55:45:416]	[OPER] ----- Unload -----
[00:55:45:416]	[SEND] RESET
[00:55:45:459]	[RECV] A
[00:55:45:460]	[RECV] O
[00:55:45:464]	[SEND] CFG_SLOTS
[00:55:45:512]	[RECV] A
[00:55:45:513]	[RECV] 13
[00:55:45:517]	[SEND] UNLOAD O
[00:55:45:559]	[RECV] A
[00:55:53:018]	[RECV] M00000000,00000000,00000000
[00:55:53:021]	[SEND] STATUS
[00:55:53:072]	[RECV] A
[00:55:53:073]	[RECV] S7350142B
[00:55:53:073]	[OPER] ----- Result : Completed, Description : 
[00:59:43:485]	[OPER] ----- Initialize -----
[00:59:43:485]	[SEND] RESET
[00:59:43:533]	[RECV] A
[00:59:43:534]	[RECV] O
[00:59:43:537]	[SEND] HOM
[00:59:43:580]	[RECV] A
[00:59:54:917]	[RECV] O
[00:59:54:921]	[SEND] STATUS
[00:59:54:972]	[RECV] A
[00:59:54:973]	[RECV] S7350142B
[00:59:54:975]	[OPER] ----- Result : Completed, Description : 
[00:59:54:977]	[OPER] ----- ChangeToCassette -----
[00:59:54:978]	[SEND] RESET
[00:59:55:021]	[RECV] A
[00:59:55:022]	[RECV] O
[00:59:55:025]	[SEND] OC_MODE ON
[00:59:55:073]	[RECV] A
[00:59:55:074]	[RECV] O
[00:59:55:077]	[SEND] STATUS
[00:59:55:128]	[RECV] A
[00:59:55:129]	[RECV] S7350142B
[00:59:55:131]	[OPER] ----- Result : Completed, Description : 
[01:00:40:887]	[OPER] ----- Clamp -----
[01:00:40:887]	[SEND] RESET
[01:00:40:932]	[RECV] A
[01:00:40:933]	[RECV] O
[01:00:40:937]	[SEND] POD_LOCK ON
[01:00:40:988]	[RECV] A
[01:00:40:989]	[RECV] O
[01:00:40:992]	[SEND] STATUS
[01:00:41:043]	[RECV] A
[01:00:41:044]	[RECV] S7350142B
[01:00:41:045]	[OPER] ----- Result : Completed, Description : 
[01:00:42:014]	[OPER] ----- Load -----
[01:00:42:014]	[SEND] RESET
[01:00:42:057]	[RECV] A
[01:00:42:058]	[RECV] O
[01:00:42:062]	[SEND] CFG_SLOTS
[01:00:42:110]	[RECV] A
[01:00:42:111]	[RECV] 13
[01:00:42:115]	[SEND] LOAD O
[01:00:42:158]	[RECV] A
[01:00:54:451]	[RECV] M00000000,00000000,00000000
[01:00:54:454]	[SEND] STATUS
[01:00:54:506]	[RECV] A
[01:00:54:507]	[RECV] S33500C27
[01:00:54:508]	[OPER] ----- Result : Completed, Description : 
[01:00:54:520]	[OPER] ----- Unload -----
[01:00:54:520]	[SEND] RESET
[01:00:54:564]	[RECV] A
[01:00:54:565]	[RECV] O
[01:00:54:568]	[SEND] CFG_SLOTS
[01:00:54:616]	[RECV] A
[01:00:54:617]	[RECV] 13
[01:00:54:621]	[SEND] UNLOAD O
[01:00:54:665]	[RECV] A
[01:01:02:123]	[RECV] M00000000,00000000,00000000
[01:01:02:127]	[SEND] STATUS
[01:01:02:179]	[RECV] A
[01:01:02:180]	[RECV] S7350142B
[01:01:02:182]	[OPER] ----- Result : Completed, Description : 
[01:06:56:386]	[RECV] C01000000
[01:55:20:665]	[OPER] ----- Initialize -----
[01:55:20:665]	[SEND] RESET
[01:55:20:713]	[RECV] A
[01:55:20:714]	[RECV] O
[01:55:20:717]	[SEND] HOM
[01:55:20:760]	[RECV] A
[01:55:32:108]	[RECV] O
[01:55:32:111]	[SEND] STATUS
[01:55:32:161]	[RECV] A
[01:55:32:162]	[RECV] S7350142B
[01:55:32:164]	[OPER] ----- Result : Completed, Description : 
[01:55:32:167]	[OPER] ----- ChangeToCassette -----
[01:55:32:167]	[SEND] RESET
[01:55:32:211]	[RECV] A
[01:55:32:212]	[RECV] O
[01:55:32:215]	[SEND] OC_MODE ON
[01:55:32:262]	[RECV] A
[01:55:32:263]	[RECV] O
[01:55:32:267]	[SEND] STATUS
[01:55:32:320]	[RECV] A
[01:55:32:321]	[RECV] S7350142B
[01:55:32:323]	[OPER] ----- Result : Completed, Description : 
[01:56:26:074]	[OPER] ----- Clamp -----
[01:56:26:074]	[SEND] RESET
[01:56:26:121]	[RECV] A
[01:56:26:122]	[RECV] O
[01:56:26:124]	[SEND] POD_LOCK ON
[01:56:26:177]	[RECV] A
[01:56:26:178]	[RECV] O
[01:56:26:180]	[SEND] STATUS
[01:56:26:233]	[RECV] A
[01:56:26:235]	[RECV] S7350142B
[01:56:26:237]	[OPER] ----- Result : Completed, Description : 
[01:56:27:204]	[OPER] ----- Load -----
[01:56:27:204]	[SEND] RESET
[01:56:27:247]	[RECV] A
[01:56:27:248]	[RECV] O
[01:56:27:252]	[SEND] CFG_SLOTS
[01:56:27:301]	[RECV] A
[01:56:27:302]	[RECV] 13
[01:56:27:305]	[SEND] LOAD O
[01:56:27:348]	[RECV] A
[01:56:39:677]	[RECV] M00000000,00000000,00000000
[01:56:39:681]	[SEND] STATUS
[01:56:39:733]	[RECV] A
[01:56:39:734]	[RECV] S33500C27
[01:56:39:735]	[OPER] ----- Result : Completed, Description : 
[01:56:39:747]	[OPER] ----- Unload -----
[01:56:39:747]	[SEND] RESET
[01:56:39:792]	[RECV] A
[01:56:39:793]	[RECV] O
[01:56:39:795]	[SEND] CFG_SLOTS
[01:56:39:843]	[RECV] A
[01:56:39:844]	[RECV] 13
[01:56:39:848]	[SEND] UNLOAD O
[01:56:39:892]	[RECV] A
[01:56:47:350]	[RECV] M00000000,00000000,00000000
[01:56:47:353]	[SEND] STATUS
[01:56:47:405]	[RECV] A
[01:56:47:406]	[RECV] S7350142B
[01:56:47:407]	[OPER] ----- Result : Completed, Description : 
[10:19:36:409]	[RECV] C01000000
[11:15:18:589]	[RECV] C00000020
[11:15:21:622]	[RECV] C00000010
[19:56:57:824]	[OPER] ----- Initialize -----
[19:56:57:824]	[SEND] RESET
[19:56:57:872]	[RECV] A
[19:56:57:873]	[RECV] O
[19:56:57:875]	[SEND] HOM
[19:56:57:919]	[RECV] A
[19:57:09:785]	[RECV] O
[19:57:09:789]	[SEND] STATUS
[19:57:09:840]	[RECV] A
[19:57:09:841]	[RECV] S7350142B
[19:57:09:842]	[OPER] ----- Result : Completed, Description : 
[19:57:09:843]	[OPER] ----- ChangeToCassette -----
[19:57:09:843]	[SEND] RESET
[19:57:09:886]	[RECV] A
[19:57:09:887]	[RECV] O
[19:57:09:891]	[SEND] OC_MODE ON
[19:57:09:938]	[RECV] A
[19:57:09:939]	[RECV] O
[19:57:09:942]	[SEND] STATUS
[19:57:09:994]	[RECV] A
[19:57:09:995]	[RECV] S7350142B
[19:57:09:996]	[OPER] ----- Result : Completed, Description : 
[19:57:29:998]	[OPER] ----- Clamp -----
[19:57:29:998]	[SEND] RESET
[19:57:30:044]	[RECV] A
[19:57:30:045]	[RECV] O
[19:57:30:049]	[SEND] POD_LOCK ON
[19:57:30:101]	[RECV] A
[19:57:30:102]	[RECV] O
[19:57:30:104]	[SEND] STATUS
[19:57:30:155]	[RECV] A
[19:57:30:156]	[RECV] S7350142B
[19:57:30:157]	[OPER] ----- Result : Completed, Description : 
[19:57:31:472]	[OPER] ----- Load -----
[19:57:31:472]	[SEND] RESET
[19:57:31:516]	[RECV] A
[19:57:31:517]	[RECV] O
[19:57:31:521]	[SEND] CFG_SLOTS
[19:57:31:569]	[RECV] A
[19:57:31:570]	[RECV] 13
[19:57:31:573]	[SEND] LOAD O
[19:57:31:614]	[RECV] A
[19:57:43:965]	[RECV] M00000000,00000000,00000000
[19:57:43:968]	[SEND] STATUS
[19:57:44:022]	[RECV] A
[19:57:44:023]	[RECV] S33500C27
[19:57:44:023]	[OPER] ----- Result : Completed, Description : 
[19:58:30:825]	[OPER] ----- Unload -----
[19:58:30:825]	[SEND] RESET
[19:58:30:875]	[RECV] A
[19:58:30:876]	[RECV] O
[19:58:30:880]	[SEND] CFG_SLOTS
[19:58:30:931]	[RECV] A
[19:58:30:932]	[RECV] 13
[19:58:30:935]	[SEND] UNLOAD O
[19:58:30:978]	[RECV] A
[19:58:38:485]	[RECV] M00000000,00000000,00000000
[19:58:38:488]	[SEND] STATUS
[19:58:38:540]	[RECV] A
[19:58:38:541]	[RECV] S7350142B
[19:58:38:542]	[OPER] ----- Result : Completed, Description : 
