[11:01:09:503]	[OPER] ----- Initialize -----
[11:01:09:503]	[SEND] RESET
[11:01:09:551]	[RECV] A
[11:01:09:552]	[RECV] O
[11:01:09:556]	[SEND] HOM
[11:01:09:599]	[RECV] A
[11:01:20:892]	[RECV] O
[11:01:20:895]	[SEND] STATUS
[11:01:20:948]	[RECV] A
[11:01:20:949]	[RECV] S7350142B
[11:01:20:951]	[OPER] ----- Result : Completed, Description : 
[11:01:20:952]	[OPER] ----- ChangeToCassette -----
[11:01:20:952]	[SEND] RESET
[11:01:20:994]	[RECV] A
[11:01:20:995]	[RECV] O
[11:01:20:998]	[SEND] OC_MODE ON
[11:01:21:045]	[RECV] A
[11:01:21:046]	[RECV] O
[11:01:21:050]	[SEND] STATUS
[11:01:21:101]	[RECV] A
[11:01:21:102]	[RECV] S7350142B
[11:01:21:103]	[OPER] ----- Result : Completed, Description : 
[11:01:32:785]	[OPER] ----- Clamp -----
[11:01:32:785]	[SEND] RESET
[11:01:32:831]	[RECV] A
[11:01:32:832]	[RECV] O
[11:01:32:835]	[SEND] POD_LOCK ON
[11:01:32:887]	[RECV] A
[11:01:32:888]	[RECV] O
[11:01:32:892]	[SEND] STATUS
[11:01:32:945]	[RECV] A
[11:01:32:946]	[RECV] S7350142B
[11:01:32:948]	[OPER] ----- Result : Completed, Description : 
[11:01:33:872]	[OPER] ----- Load -----
[11:01:33:873]	[SEND] RESET
[11:01:33:915]	[RECV] A
[11:01:33:916]	[RECV] O
[11:01:33:919]	[SEND] CFG_SLOTS
[11:01:33:967]	[RECV] A
[11:01:33:968]	[RECV] 13
[11:01:33:971]	[SEND] LOAD O
[11:01:34:013]	[RECV] A
[11:01:46:186]	[RECV] M00000000,00000000,00000000
[11:01:46:194]	[SEND] STATUS
[11:01:46:247]	[RECV] A
[11:01:46:248]	[RECV] S33500C27
[11:01:46:249]	[OPER] ----- Result : Completed, Description : 
[11:06:50:163]	[OPER] ----- Unload -----
[11:06:50:163]	[SEND] RESET
[11:06:50:206]	[RECV] A
[11:06:50:207]	[RECV] O
[11:06:50:211]	[SEND] CFG_SLOTS
[11:06:50:259]	[RECV] A
[11:06:50:260]	[RECV] 13
[11:06:50:263]	[SEND] UNLOAD O
[11:06:50:306]	[RECV] A
[11:06:57:661]	[RECV] M00000000,00000000,00000000
[11:06:57:664]	[SEND] STATUS
[11:06:57:715]	[RECV] A
[11:06:57:716]	[RECV] S7350142B
[11:06:57:718]	[OPER] ----- Result : Completed, Description : 
[11:06:59:733]	[OPER] ----- Clamp -----
[11:06:59:733]	[SEND] RESET
[11:06:59:776]	[RECV] A
[11:06:59:777]	[RECV] O
[11:06:59:781]	[SEND] POD_LOCK ON
[11:06:59:833]	[RECV] A
[11:06:59:834]	[RECV] O
[11:06:59:838]	[SEND] STATUS
[11:06:59:891]	[RECV] A
[11:06:59:892]	[RECV] S7350142B
[11:06:59:894]	[OPER] ----- Result : Completed, Description : 
[11:07:00:080]	[OPER] ----- Load -----
[11:07:00:080]	[SEND] RESET
[11:07:00:121]	[RECV] A
[11:07:00:122]	[RECV] O
[11:07:00:125]	[SEND] CFG_SLOTS
[11:07:00:173]	[RECV] A
[11:07:00:174]	[RECV] 13
[11:07:00:176]	[SEND] LOAD O
[11:07:00:218]	[RECV] A
[11:07:12:275]	[RECV] M00000000,00000000,00000000
[11:07:12:278]	[SEND] STATUS
[11:07:12:330]	[RECV] A
[11:07:12:331]	[RECV] S33500C27
[11:07:12:332]	[OPER] ----- Result : Completed, Description : 
[11:12:07:875]	[OPER] ----- Unload -----
[11:12:07:875]	[SEND] RESET
[11:12:07:918]	[RECV] A
[11:12:07:919]	[RECV] O
[11:12:07:923]	[SEND] CFG_SLOTS
[11:12:07:972]	[RECV] A
[11:12:07:973]	[RECV] 13
[11:12:07:975]	[SEND] UNLOAD O
[11:12:08:020]	[RECV] A
[11:12:15:376]	[RECV] M00000000,00000000,00000000
[11:12:15:380]	[SEND] STATUS
[11:12:15:433]	[RECV] A
[11:12:15:434]	[RECV] S7350142B
[11:12:15:434]	[OPER] ----- Result : Completed, Description : 
[11:12:17:455]	[OPER] ----- Clamp -----
[11:12:17:455]	[SEND] RESET
[11:12:17:497]	[RECV] A
[11:12:17:498]	[RECV] O
[11:12:17:502]	[SEND] POD_LOCK ON
[11:12:17:554]	[RECV] A
[11:12:17:555]	[RECV] O
[11:12:17:558]	[SEND] STATUS
[11:12:17:610]	[RECV] A
[11:12:17:611]	[RECV] S7350142B
[11:12:17:612]	[OPER] ----- Result : Completed, Description : 
[11:12:17:798]	[OPER] ----- Load -----
[11:12:17:798]	[SEND] RESET
[11:12:17:840]	[RECV] A
[11:12:17:841]	[RECV] O
[11:12:17:844]	[SEND] CFG_SLOTS
[11:12:17:894]	[RECV] A
[11:12:17:895]	[RECV] 13
[11:12:17:899]	[SEND] LOAD O
[11:12:17:940]	[RECV] A
[11:12:29:987]	[RECV] M00000000,00000000,00000000
[11:12:29:990]	[SEND] STATUS
[11:12:30:042]	[RECV] A
[11:12:30:043]	[RECV] S33500C27
[11:12:30:045]	[OPER] ----- Result : Completed, Description : 
[11:17:19:931]	[OPER] ----- Unload -----
[11:17:19:931]	[SEND] RESET
[11:17:19:974]	[RECV] A
[11:17:19:975]	[RECV] O
[11:17:19:978]	[SEND] CFG_SLOTS
[11:17:20:026]	[RECV] A
[11:17:20:027]	[RECV] 13
[11:17:20:030]	[SEND] UNLOAD O
[11:17:20:075]	[RECV] A
[11:17:27:420]	[RECV] M00000000,00000000,00000000
[11:17:27:423]	[SEND] STATUS
[11:17:27:474]	[RECV] A
[11:17:27:475]	[RECV] S7350142B
[11:17:27:477]	[OPER] ----- Result : Completed, Description : 
[11:17:29:492]	[OPER] ----- Clamp -----
[11:17:29:492]	[SEND] RESET
[11:17:29:535]	[RECV] A
[11:17:29:536]	[RECV] O
[11:17:29:540]	[SEND] POD_LOCK ON
[11:17:29:592]	[RECV] A
[11:17:29:593]	[RECV] O
[11:17:29:597]	[SEND] STATUS
[11:17:29:648]	[RECV] A
[11:17:29:649]	[RECV] S7350142B
[11:17:29:651]	[OPER] ----- Result : Completed, Description : 
[11:17:29:836]	[OPER] ----- Load -----
[11:17:29:836]	[SEND] RESET
[11:17:29:878]	[RECV] A
[11:17:29:879]	[RECV] O
[11:17:29:883]	[SEND] CFG_SLOTS
[11:17:29:931]	[RECV] A
[11:17:29:932]	[RECV] 13
[11:17:29:935]	[SEND] LOAD O
[11:17:29:976]	[RECV] A
[11:17:42:028]	[RECV] M00000000,00000000,00000000
[11:17:42:031]	[SEND] STATUS
[11:17:42:083]	[RECV] A
[11:17:42:084]	[RECV] S33500C27
[11:17:42:085]	[OPER] ----- Result : Completed, Description : 
[16:30:45:260]	[OPER] ----- Initialize -----
[16:30:45:260]	[SEND] RESET
[16:30:45:307]	[RECV] A
[16:30:45:308]	[RECV] O
[16:30:45:312]	[SEND] HOM
[16:30:45:357]	[RECV] A
[16:31:01:294]	[RECV] O
[16:38:08:908]	[RECV] C01000000
[16:42:04:266]	[OPER] ----- Initialize -----
[16:42:04:266]	[SEND] RESET
[16:42:04:312]	[RECV] A
[16:42:04:313]	[RECV] O
[16:42:04:317]	[SEND] HOM
[16:42:04:358]	[RECV] A
[16:42:15:625]	[RECV] O
[16:42:15:627]	[SEND] STATUS
[16:42:15:678]	[RECV] A
[16:42:15:679]	[RECV] S7350142B
[16:42:15:681]	[OPER] ----- Result : Completed, Description : 
[16:42:15:682]	[OPER] ----- ChangeToCassette -----
[16:42:15:682]	[SEND] RESET
[16:42:15:724]	[RECV] A
[16:42:15:725]	[RECV] O
[16:42:15:728]	[SEND] OC_MODE ON
[16:42:15:776]	[RECV] A
[16:42:15:777]	[RECV] O
[16:42:15:780]	[SEND] STATUS
[16:42:15:831]	[RECV] A
[16:42:15:832]	[RECV] S7350142B
[16:42:15:835]	[OPER] ----- Result : Completed, Description : 
[16:43:14:707]	[OPER] ----- Clamp -----
[16:43:14:707]	[SEND] RESET
[16:43:14:752]	[RECV] A
[16:43:14:753]	[RECV] O
[16:43:14:756]	[SEND] POD_LOCK ON
[16:43:14:808]	[RECV] A
[16:43:14:809]	[RECV] O
[16:43:14:812]	[SEND] STATUS
[16:43:14:864]	[RECV] A
[16:43:14:865]	[RECV] S7350142B
[16:43:14:866]	[OPER] ----- Result : Completed, Description : 
[16:43:15:451]	[OPER] ----- Load -----
[16:43:15:451]	[SEND] RESET
[16:43:15:493]	[RECV] A
[16:43:15:494]	[RECV] O
[16:43:15:497]	[SEND] CFG_SLOTS
[16:43:15:546]	[RECV] A
[16:43:15:547]	[RECV] 13
[16:43:15:551]	[SEND] LOAD O
[16:43:15:593]	[RECV] A
[16:43:27:752]	[RECV] M00000000,00000000,00000000
[16:43:27:756]	[SEND] STATUS
[16:43:27:808]	[RECV] A
[16:43:27:809]	[RECV] S33500C27
[16:43:27:810]	[OPER] ----- Result : Completed, Description : 
[16:43:27:832]	[OPER] ----- Unload -----
[16:43:27:832]	[SEND] RESET
[16:43:27:874]	[RECV] A
[16:43:27:875]	[RECV] O
[16:43:27:878]	[SEND] CFG_SLOTS
[16:43:27:927]	[RECV] A
[16:43:27:928]	[RECV] 13
[16:43:27:932]	[SEND] UNLOAD O
[16:43:27:976]	[RECV] A
[16:45:36:186]	[OPER] ----- Initialize -----
[16:45:36:186]	[SEND] RESET
[16:45:36:235]	[RECV] A
[16:45:36:236]	[RECV] O
[16:45:36:238]	[SEND] HOM
[16:45:36:282]	[RECV] A
[16:45:47:550]	[RECV] O
[16:45:47:553]	[SEND] STATUS
[16:45:47:605]	[RECV] A
[16:45:47:606]	[RECV] S7350142B
[16:45:47:609]	[OPER] ----- Result : Completed, Description : 
[16:45:47:611]	[OPER] ----- ChangeToCassette -----
[16:45:47:612]	[SEND] RESET
[16:45:47:654]	[RECV] A
[16:45:47:655]	[RECV] O
[16:45:47:658]	[SEND] OC_MODE ON
[16:45:47:705]	[RECV] A
[16:45:47:706]	[RECV] O
[16:45:47:710]	[SEND] STATUS
[16:45:47:761]	[RECV] A
[16:45:47:762]	[RECV] S7350142B
[16:45:47:764]	[OPER] ----- Result : Completed, Description : 
[16:46:09:401]	[OPER] ----- Clamp -----
[16:46:09:401]	[SEND] RESET
[16:46:09:446]	[RECV] A
[16:46:09:447]	[RECV] O
[16:46:09:449]	[SEND] POD_LOCK ON
[16:46:09:503]	[RECV] A
[16:46:09:504]	[RECV] O
[16:46:09:509]	[SEND] STATUS
[16:46:09:561]	[RECV] A
[16:46:09:562]	[RECV] S7350142B
[16:46:09:563]	[OPER] ----- Result : Completed, Description : 
[16:46:10:032]	[OPER] ----- Load -----
[16:46:10:033]	[SEND] RESET
[16:46:10:328]	[RECV] A
[16:46:10:329]	[RECV] O
[16:46:10:331]	[SEND] CFG_SLOTS
[16:46:10:379]	[RECV] A
[16:46:10:380]	[RECV] 13
[16:46:10:383]	[SEND] LOAD O
[16:46:10:425]	[RECV] A
[16:46:22:572]	[RECV] M00000000,00000000,00000000
[16:46:22:579]	[SEND] STATUS
[16:46:22:631]	[RECV] A
[16:46:22:632]	[RECV] S33500C27
[16:46:22:633]	[OPER] ----- Result : Completed, Description : 
[16:46:22:657]	[OPER] ----- Unload -----
[16:46:22:657]	[SEND] RESET
[16:46:22:699]	[RECV] A
[16:46:22:700]	[RECV] O
[16:46:22:704]	[SEND] CFG_SLOTS
[16:46:22:751]	[RECV] A
[16:46:22:752]	[RECV] 13
[16:46:22:756]	[SEND] UNLOAD O
[16:46:22:800]	[RECV] A
[16:46:30:167]	[RECV] M00000000,00000000,00000000
[16:46:32:435]	[SEND] STATUS
[16:46:32:495]	[RECV] A
[16:46:32:500]	[RECV] S7350142B
[16:46:32:501]	[OPER] ----- Result : Completed, Description : 
[16:46:56:023]	[OPER] ----- Clamp -----
[16:46:56:023]	[SEND] RESET
[16:46:56:068]	[RECV] A
[16:46:56:069]	[RECV] O
[16:46:56:072]	[SEND] POD_LOCK ON
[16:46:56:124]	[RECV] A
[16:46:56:125]	[RECV] O
[16:46:56:128]	[SEND] STATUS
[16:46:56:180]	[RECV] A
[16:46:56:181]	[RECV] S7350142B
[16:46:56:182]	[OPER] ----- Result : Completed, Description : 
[16:46:56:367]	[OPER] ----- Load -----
[16:46:56:367]	[SEND] RESET
[16:46:56:409]	[RECV] A
[16:46:56:411]	[RECV] O
[16:46:56:415]	[SEND] CFG_SLOTS
[16:46:56:464]	[RECV] A
[16:46:56:465]	[RECV] 13
[16:46:56:468]	[SEND] LOAD O
[16:46:56:509]	[RECV] A
[16:47:08:647]	[RECV] M00000000,00000000,00000000
[16:47:08:651]	[SEND] STATUS
[16:47:08:703]	[RECV] A
[16:47:08:704]	[RECV] S33500C27
[16:47:08:705]	[OPER] ----- Result : Completed, Description : 
[16:47:08:718]	[OPER] ----- Unload -----
[16:47:08:718]	[SEND] RESET
[16:47:08:761]	[RECV] A
[16:47:08:762]	[RECV] O
[16:47:08:766]	[SEND] CFG_SLOTS
[16:47:08:815]	[RECV] A
[16:47:08:816]	[RECV] 13
[16:47:08:820]	[SEND] UNLOAD O
[16:47:08:864]	[RECV] A
[16:47:16:239]	[RECV] M00000000,00000000,00000000
[16:47:20:248]	[SEND] STATUS
[16:47:20:311]	[RECV] A
[16:47:20:313]	[RECV] S7350142B
[16:47:20:314]	[OPER] ----- Result : Completed, Description : 
[16:49:34:935]	[OPER] ----- Clamp -----
[16:49:34:935]	[SEND] RESET
[16:49:34:979]	[RECV] A
[16:49:34:980]	[RECV] O
[16:49:34:984]	[SEND] POD_LOCK ON
[16:49:35:038]	[RECV] A
[16:49:35:039]	[RECV] O
[16:49:35:044]	[SEND] STATUS
[16:49:35:097]	[RECV] A
[16:49:35:098]	[RECV] S7350142B
[16:49:35:099]	[OPER] ----- Result : Completed, Description : 
[16:49:35:284]	[OPER] ----- Load -----
[16:49:35:284]	[SEND] RESET
[16:49:35:327]	[RECV] A
[16:49:35:328]	[RECV] O
[16:49:35:332]	[SEND] CFG_SLOTS
[16:49:35:380]	[RECV] A
[16:49:35:381]	[RECV] 13
[16:49:35:384]	[SEND] LOAD O
[16:49:35:426]	[RECV] A
[16:49:47:579]	[RECV] M00000000,00000000,00000000
[16:49:47:582]	[SEND] STATUS
[16:49:47:633]	[RECV] A
[16:49:47:634]	[RECV] S33500C27
[16:49:47:634]	[OPER] ----- Result : Completed, Description : 
[16:49:47:648]	[OPER] ----- Unload -----
[16:49:47:648]	[SEND] RESET
[16:49:47:691]	[RECV] A
[16:49:47:692]	[RECV] O
[16:49:47:695]	[SEND] CFG_SLOTS
[16:49:47:743]	[RECV] A
[16:49:47:744]	[RECV] 13
[16:49:47:747]	[SEND] UNLOAD O
[16:49:47:791]	[RECV] A
[16:50:00:463]	[RECV] M00000000,00000000,00000000
[16:51:27:835]	[SEND] STATUS
[16:51:27:837]	[OPER] ----- Result : Timeout, Description : 
[16:51:27:898]	[RECV] A
[16:51:27:899]	[RECV] S7350142B
[16:53:47:682]	[OPER] ----- Initialize -----
[16:53:47:682]	[SEND] RESET
[16:53:47:729]	[RECV] A
[16:53:47:730]	[RECV] O
[16:53:47:732]	[SEND] HOM
[16:53:47:773]	[RECV] A
[16:53:59:045]	[RECV] O
[16:53:59:049]	[SEND] STATUS
[16:53:59:102]	[RECV] A
[16:53:59:103]	[RECV] S7350142B
[16:53:59:105]	[OPER] ----- Result : Completed, Description : 
[16:53:59:106]	[OPER] ----- ChangeToCassette -----
[16:53:59:106]	[SEND] RESET
[16:53:59:148]	[RECV] A
[16:53:59:149]	[RECV] O
[16:53:59:153]	[SEND] OC_MODE ON
[16:53:59:200]	[RECV] A
[16:53:59:201]	[RECV] O
[16:53:59:205]	[SEND] STATUS
[16:53:59:256]	[RECV] A
[16:53:59:257]	[RECV] S7350142B
[16:53:59:259]	[OPER] ----- Result : Completed, Description : 
[16:54:30:692]	[OPER] ----- Clamp -----
[16:54:30:692]	[SEND] RESET
[16:54:30:738]	[RECV] A
[16:54:30:739]	[RECV] O
[16:54:30:742]	[SEND] POD_LOCK ON
[16:54:30:794]	[RECV] A
[16:54:30:795]	[RECV] O
[16:54:30:799]	[SEND] STATUS
[16:54:30:852]	[RECV] A
[16:54:30:853]	[RECV] S7350142B
[16:54:30:855]	[OPER] ----- Result : Completed, Description : 
[16:54:31:337]	[OPER] ----- Load -----
[16:54:31:338]	[SEND] RESET
[16:54:31:621]	[RECV] A
[16:54:31:622]	[RECV] O
[16:54:31:625]	[SEND] CFG_SLOTS
[16:54:31:673]	[RECV] A
[16:54:31:674]	[RECV] 13
[16:54:31:678]	[SEND] LOAD O
[16:54:31:721]	[RECV] A
[16:54:43:895]	[RECV] M00000000,00000000,00000000
[16:54:43:903]	[SEND] STATUS
[16:55:29:203]	[OPER] ----- Result : Timeout, Description : 
[16:55:29:371]	[RECV] A
[16:55:29:372]	[RECV] S33500C27
[16:55:35:452]	[OPER] ----- Unload -----
[16:55:35:452]	[SEND] RESET
[16:55:35:505]	[RECV] A
[16:55:35:506]	[RECV] O
[16:55:35:509]	[SEND] CFG_SLOTS
[16:55:35:557]	[RECV] A
[16:55:35:558]	[RECV] 13
[16:55:35:560]	[SEND] UNLOAD O
[16:55:35:605]	[RECV] A
[16:55:42:989]	[RECV] M00000000,00000000,00000000
[16:55:42:993]	[SEND] STATUS
[16:55:43:045]	[RECV] A
[16:55:43:046]	[RECV] S7350142B
[16:55:43:047]	[OPER] ----- Result : Completed, Description : 
[16:55:58:898]	[OPER] ----- Clamp -----
[16:55:58:898]	[SEND] RESET
[16:55:58:943]	[RECV] A
[16:55:58:944]	[RECV] O
[16:55:58:948]	[SEND] POD_LOCK ON
[16:55:58:998]	[RECV] A
[16:55:58:999]	[RECV] O
[16:55:59:003]	[SEND] STATUS
[16:55:59:055]	[RECV] A
[16:55:59:056]	[RECV] S7350142B
[16:55:59:057]	[OPER] ----- Result : Completed, Description : 
[16:55:59:246]	[OPER] ----- Load -----
[16:55:59:246]	[SEND] RESET
[16:55:59:293]	[RECV] A
[16:55:59:294]	[RECV] O
[16:55:59:299]	[SEND] CFG_SLOTS
[16:55:59:348]	[RECV] A
[16:55:59:349]	[RECV] 13
[16:55:59:353]	[SEND] LOAD O
[16:55:59:393]	[RECV] A
[16:56:11:538]	[RECV] M00000000,00000000,00000000
[16:56:11:543]	[SEND] STATUS
[16:56:11:596]	[RECV] A
[16:56:11:597]	[RECV] S33500C27
[16:56:11:599]	[OPER] ----- Result : Completed, Description : 
[16:56:11:620]	[OPER] ----- Unload -----
[16:56:11:620]	[SEND] RESET
[16:56:11:664]	[RECV] A
[16:56:11:665]	[RECV] O
[16:56:11:668]	[SEND] CFG_SLOTS
[16:56:11:716]	[RECV] A
[16:56:11:717]	[RECV] 13
[16:56:11:721]	[SEND] UNLOAD O
[16:56:11:765]	[RECV] A
[16:56:19:140]	[RECV] M00000000,00000000,00000000
[16:56:25:978]	[SEND] STATUS
[16:56:26:043]	[RECV] A
[16:56:26:044]	[RECV] S7350142B
[16:56:26:045]	[OPER] ----- Result : Completed, Description : 
[16:56:48:310]	[OPER] ----- Clamp -----
[16:56:48:310]	[SEND] RESET
[16:56:48:354]	[RECV] A
[16:56:48:355]	[RECV] O
[16:56:48:359]	[SEND] POD_LOCK ON
[16:56:48:412]	[RECV] A
[16:56:48:413]	[RECV] O
[16:56:48:416]	[SEND] STATUS
[16:56:48:467]	[RECV] A
[16:56:48:468]	[RECV] S7350142B
[16:56:48:470]	[OPER] ----- Result : Completed, Description : 
[16:56:48:655]	[OPER] ----- Load -----
[16:56:48:655]	[SEND] RESET
[16:56:48:697]	[RECV] A
[16:56:48:698]	[RECV] O
[16:56:48:701]	[SEND] CFG_SLOTS
[16:56:48:750]	[RECV] A
[16:56:48:751]	[RECV] 13
[16:56:48:754]	[SEND] LOAD O
[16:56:48:795]	[RECV] A
[16:57:00:944]	[RECV] M00000000,00000000,00000000
[16:57:00:948]	[SEND] STATUS
[16:57:01:000]	[RECV] A
[16:57:01:001]	[RECV] S33500C27
[16:57:01:002]	[OPER] ----- Result : Completed, Description : 
[16:57:01:015]	[OPER] ----- Unload -----
[16:57:01:015]	[SEND] RESET
[16:57:01:058]	[RECV] A
[16:57:01:059]	[RECV] O
[16:57:01:062]	[SEND] CFG_SLOTS
[16:57:01:110]	[RECV] A
[16:57:01:111]	[RECV] 13
[16:57:01:114]	[SEND] UNLOAD O
[16:57:01:158]	[RECV] A
[16:57:08:529]	[RECV] M00000000,00000000,00000000
[16:57:19:538]	[SEND] STATUS
[16:57:19:600]	[RECV] A
[16:57:19:601]	[RECV] S7350142B
[16:57:19:602]	[OPER] ----- Result : Completed, Description : 
[16:57:58:520]	[OPER] ----- Clamp -----
[16:57:58:520]	[SEND] RESET
[16:57:58:565]	[RECV] A
[16:57:58:566]	[RECV] O
[16:57:58:568]	[SEND] POD_LOCK ON
[16:57:58:623]	[RECV] A
[16:57:58:624]	[RECV] O
[16:57:58:628]	[SEND] STATUS
[16:57:58:679]	[RECV] A
[16:57:58:680]	[RECV] S7350142B
[16:57:58:681]	[OPER] ----- Result : Completed, Description : 
[16:57:58:870]	[OPER] ----- Load -----
[16:57:58:870]	[SEND] RESET
[16:57:58:911]	[RECV] A
[16:57:58:912]	[RECV] O
[16:57:58:915]	[SEND] CFG_SLOTS
[16:57:58:963]	[RECV] A
[16:57:58:964]	[RECV] 13
[16:57:58:967]	[SEND] LOAD O
[16:57:59:010]	[RECV] A
[16:58:11:159]	[RECV] M00000000,00000000,00000000
[16:58:11:162]	[SEND] STATUS
[16:58:11:214]	[RECV] A
[16:58:11:215]	[RECV] S33500C27
[16:58:11:217]	[OPER] ----- Result : Completed, Description : 
[16:58:11:232]	[OPER] ----- Unload -----
[16:58:11:232]	[SEND] RESET
[16:58:11:275]	[RECV] A
[16:58:11:276]	[RECV] O
[16:58:11:280]	[SEND] CFG_SLOTS
[16:58:11:329]	[RECV] A
[16:58:11:330]	[RECV] 13
[16:58:11:333]	[SEND] UNLOAD O
[16:58:11:377]	[RECV] A
[16:58:18:827]	[RECV] M00000000,00000000,00000000
[16:58:33:471]	[SEND] STATUS
[16:58:33:550]	[RECV] A
[16:58:33:551]	[RECV] S7350142B
[16:58:33:552]	[OPER] ----- Result : Completed, Description : 
[17:02:16:322]	[OPER] ----- Initialize -----
[17:02:16:322]	[SEND] RESET
[17:02:16:370]	[RECV] A
[17:02:16:371]	[RECV] O
[17:02:16:374]	[SEND] HOM
[17:02:16:418]	[RECV] A
[17:02:27:686]	[RECV] O
[17:02:27:689]	[SEND] STATUS
[17:02:27:741]	[RECV] A
[17:02:27:742]	[RECV] S7350142B
[17:02:27:743]	[OPER] ----- Result : Completed, Description : 
[17:02:27:744]	[OPER] ----- ChangeToCassette -----
[17:02:27:744]	[SEND] RESET
[17:02:27:786]	[RECV] A
[17:02:27:787]	[RECV] O
[17:02:27:790]	[SEND] OC_MODE ON
[17:02:27:839]	[RECV] A
[17:02:27:840]	[RECV] O
[17:02:27:844]	[SEND] STATUS
[17:02:27:895]	[RECV] A
[17:02:27:896]	[RECV] S7350142B
[17:02:27:897]	[OPER] ----- Result : Completed, Description : 
[17:02:54:354]	[OPER] ----- Clamp -----
[17:02:54:354]	[SEND] RESET
[17:02:54:399]	[RECV] A
[17:02:54:400]	[RECV] O
[17:02:54:403]	[SEND] POD_LOCK ON
[17:02:54:455]	[RECV] A
[17:02:54:456]	[RECV] O
[17:02:54:458]	[SEND] STATUS
[17:02:54:509]	[RECV] A
[17:02:54:510]	[RECV] S7350142B
[17:02:54:511]	[OPER] ----- Result : Completed, Description : 
[17:02:54:977]	[OPER] ----- Load -----
[17:02:54:978]	[SEND] RESET
[17:02:55:280]	[RECV] A
[17:02:55:281]	[RECV] O
[17:02:55:284]	[SEND] CFG_SLOTS
[17:02:55:331]	[RECV] A
[17:02:55:332]	[RECV] 13
[17:02:55:335]	[SEND] LOAD O
[17:02:55:390]	[RECV] A
[17:03:07:541]	[RECV] M00000000,00000000,00000000
[17:03:07:550]	[SEND] STATUS
[17:03:07:600]	[RECV] A
[17:03:07:601]	[RECV] S33500C27
[17:03:07:602]	[OPER] ----- Result : Completed, Description : 
[17:03:07:624]	[OPER] ----- Unload -----
[17:03:07:624]	[SEND] RESET
[17:03:07:669]	[RECV] A
[17:03:07:670]	[RECV] O
[17:03:07:674]	[SEND] CFG_SLOTS
[17:03:07:722]	[RECV] A
[17:03:07:723]	[RECV] 13
[17:03:07:727]	[SEND] UNLOAD O
[17:03:07:772]	[RECV] A
[17:03:15:635]	[RECV] M00000000,00000000,00000000
[17:06:30:899]	[OPER] ----- Initialize -----
[17:06:30:899]	[SEND] RESET
[17:06:30:946]	[RECV] A
[17:06:30:947]	[RECV] O
[17:06:30:951]	[SEND] HOM
[17:06:30:994]	[RECV] A
[17:06:42:260]	[RECV] O
[17:06:42:264]	[SEND] STATUS
[17:06:42:316]	[RECV] A
[17:06:42:317]	[RECV] S7350142B
[17:06:42:318]	[OPER] ----- Result : Completed, Description : 
[17:06:42:320]	[OPER] ----- ChangeToCassette -----
[17:06:42:321]	[SEND] RESET
[17:06:42:363]	[RECV] A
[17:06:42:364]	[RECV] O
[17:06:42:367]	[SEND] OC_MODE ON
[17:06:42:414]	[RECV] A
[17:06:42:415]	[RECV] O
[17:06:42:418]	[SEND] STATUS
[17:06:42:469]	[RECV] A
[17:06:42:470]	[RECV] S7350142B
[17:06:42:472]	[OPER] ----- Result : Completed, Description : 
[17:07:12:225]	[OPER] ----- Clamp -----
[17:07:12:225]	[SEND] RESET
[17:07:12:270]	[RECV] A
[17:07:12:271]	[RECV] O
[17:07:12:274]	[SEND] POD_LOCK ON
[17:07:12:328]	[RECV] A
[17:07:12:329]	[RECV] O
[17:07:12:333]	[SEND] STATUS
[17:07:12:385]	[RECV] A
[17:07:12:386]	[RECV] S7350142B
[17:07:12:387]	[OPER] ----- Result : Completed, Description : 
[17:07:12:856]	[OPER] ----- Load -----
[17:07:12:857]	[SEND] RESET
[17:07:13:156]	[RECV] A
[17:07:13:157]	[RECV] O
[17:07:13:160]	[SEND] CFG_SLOTS
[17:07:13:208]	[RECV] A
[17:07:13:209]	[RECV] 13
[17:07:13:212]	[SEND] LOAD O
[17:07:13:254]	[RECV] A
[17:07:25:429]	[RECV] M00000000,00000000,00000000
[17:07:25:437]	[SEND] STATUS
[17:07:25:489]	[RECV] A
[17:07:25:490]	[RECV] S33500C27
[17:07:25:491]	[OPER] ----- Result : Completed, Description : 
[17:07:25:514]	[OPER] ----- Unload -----
[17:07:25:514]	[SEND] RESET
[17:07:25:557]	[RECV] A
[17:07:25:558]	[RECV] O
[17:07:25:561]	[SEND] CFG_SLOTS
[17:07:25:610]	[RECV] A
[17:07:25:611]	[RECV] 13
[17:07:25:614]	[SEND] UNLOAD O
[17:07:25:657]	[RECV] A
[17:07:33:023]	[RECV] M00000000,00000000,00000000
[17:07:33:027]	[SEND] STATUS
[17:07:33:080]	[RECV] A
[17:07:33:081]	[RECV] S7350142B
[17:07:33:083]	[OPER] ----- Result : Completed, Description : 
[17:07:35:104]	[OPER] ----- Clamp -----
[17:07:35:104]	[SEND] RESET
[17:07:35:147]	[RECV] A
[17:07:35:148]	[RECV] O
[17:07:35:151]	[SEND] POD_LOCK ON
[17:07:35:203]	[RECV] A
[17:07:35:204]	[RECV] O
[17:07:35:207]	[SEND] STATUS
[17:07:35:259]	[RECV] A
[17:07:35:260]	[RECV] S7350142B
[17:07:35:261]	[OPER] ----- Result : Completed, Description : 
[17:07:35:444]	[OPER] ----- Load -----
[17:07:35:444]	[SEND] RESET
[17:07:35:487]	[RECV] A
[17:07:35:488]	[RECV] O
[17:07:35:492]	[SEND] CFG_SLOTS
[17:07:35:541]	[RECV] A
[17:07:35:542]	[RECV] 13
[17:07:35:546]	[SEND] LOAD O
[17:07:35:589]	[RECV] A
[17:07:47:720]	[RECV] M00000000,00000000,00000000
[17:07:47:723]	[SEND] STATUS
[17:07:47:775]	[RECV] A
[17:07:47:776]	[RECV] S33500C27
[17:07:47:777]	[OPER] ----- Result : Completed, Description : 
[17:07:49:804]	[OPER] ----- Unload -----
[17:07:49:804]	[SEND] RESET
[17:07:49:848]	[RECV] A
[17:07:49:849]	[RECV] O
[17:07:49:853]	[SEND] CFG_SLOTS
[17:07:49:902]	[RECV] A
[17:07:49:903]	[RECV] 13
[17:07:49:906]	[SEND] UNLOAD O
[17:07:49:950]	[RECV] A
[17:07:57:325]	[RECV] M00000000,00000000,00000000
[17:07:57:329]	[SEND] STATUS
[17:07:57:381]	[RECV] A
[17:07:57:382]	[RECV] S7350142B
[17:07:57:383]	[OPER] ----- Result : Completed, Description : 
[17:07:59:405]	[OPER] ----- Clamp -----
[17:07:59:405]	[SEND] RESET
[17:07:59:449]	[RECV] A
[17:07:59:450]	[RECV] O
[17:07:59:453]	[SEND] POD_LOCK ON
[17:07:59:505]	[RECV] A
[17:07:59:506]	[RECV] O
[17:07:59:509]	[SEND] STATUS
[17:07:59:562]	[RECV] A
[17:07:59:563]	[RECV] S7350142B
[17:07:59:565]	[OPER] ----- Result : Completed, Description : 
[17:07:59:751]	[OPER] ----- Load -----
[17:07:59:751]	[SEND] RESET
[17:07:59:794]	[RECV] A
[17:07:59:795]	[RECV] O
[17:07:59:798]	[SEND] CFG_SLOTS
[17:07:59:846]	[RECV] A
[17:07:59:847]	[RECV] 13
[17:07:59:850]	[SEND] LOAD O
[17:07:59:892]	[RECV] A
[17:08:12:025]	[RECV] M00000000,00000000,00000000
[17:08:12:029]	[SEND] STATUS
[17:08:12:081]	[RECV] A
[17:08:12:082]	[RECV] S33500C27
[17:08:12:083]	[OPER] ----- Result : Completed, Description : 
[17:08:25:930]	[OPER] ----- Unload -----
[17:08:25:930]	[SEND] RESET
[17:08:25:983]	[RECV] A
[17:08:25:984]	[RECV] O
[17:08:25:987]	[SEND] CFG_SLOTS
[17:08:26:045]	[RECV] A
[17:08:26:046]	[RECV] 13
[17:08:26:049]	[SEND] UNLOAD O
[17:08:26:098]	[RECV] A
[17:08:33:474]	[RECV] M00000000,00000000,00000000
[17:08:33:478]	[SEND] STATUS
[17:08:33:530]	[RECV] A
[17:08:33:531]	[RECV] S7350142B
[17:08:33:532]	[OPER] ----- Result : Completed, Description : 
[17:09:51:099]	[OPER] ----- Initialize -----
[17:09:51:099]	[SEND] RESET
[17:09:51:148]	[RECV] A
[17:09:51:149]	[RECV] O
[17:09:51:153]	[SEND] HOM
[17:09:51:196]	[RECV] A
[17:10:02:463]	[RECV] O
[17:10:02:466]	[SEND] STATUS
[17:10:02:517]	[RECV] A
[17:10:02:518]	[RECV] S7350142B
[17:10:02:519]	[OPER] ----- Result : Completed, Description : 
[17:10:02:520]	[OPER] ----- ChangeToCassette -----
[17:10:02:520]	[SEND] RESET
[17:10:02:563]	[RECV] A
[17:10:02:564]	[RECV] O
[17:10:02:568]	[SEND] OC_MODE ON
[17:10:02:615]	[RECV] A
[17:10:02:616]	[RECV] O
[17:10:02:619]	[SEND] STATUS
[17:10:02:671]	[RECV] A
[17:10:02:672]	[RECV] S7350142B
[17:10:02:673]	[OPER] ----- Result : Completed, Description : 
[17:13:27:343]	[OPER] ----- Initialize -----
[17:13:27:343]	[SEND] RESET
[17:13:27:390]	[RECV] A
[17:13:27:391]	[RECV] O
[17:13:27:395]	[SEND] HOM
[17:13:27:438]	[RECV] A
[17:13:38:714]	[RECV] O
[17:13:38:717]	[SEND] STATUS
[17:13:38:769]	[RECV] A
[17:13:38:770]	[RECV] S7350142B
[17:13:38:771]	[OPER] ----- Result : Completed, Description : 
[17:13:38:772]	[OPER] ----- ChangeToCassette -----
[17:13:38:772]	[SEND] RESET
[17:13:38:814]	[RECV] A
[17:13:38:815]	[RECV] O
[17:13:38:818]	[SEND] OC_MODE ON
[17:13:38:865]	[RECV] A
[17:13:38:866]	[RECV] O
[17:13:38:869]	[SEND] STATUS
[17:13:38:919]	[RECV] A
[17:13:38:920]	[RECV] S7350142B
[17:13:38:922]	[OPER] ----- Result : Completed, Description : 
[17:14:03:525]	[OPER] ----- Clamp -----
[17:14:03:525]	[SEND] RESET
[17:14:03:569]	[RECV] A
[17:14:03:570]	[RECV] O
[17:14:03:573]	[SEND] POD_LOCK ON
[17:14:03:626]	[RECV] A
[17:14:03:627]	[RECV] O
[17:14:03:631]	[SEND] STATUS
[17:14:03:682]	[RECV] A
[17:14:03:683]	[RECV] S7350142B
[17:14:03:685]	[OPER] ----- Result : Completed, Description : 
[17:14:04:155]	[OPER] ----- Load -----
[17:14:04:156]	[SEND] RESET
[17:14:04:459]	[RECV] A
[17:14:04:460]	[RECV] O
[17:14:04:462]	[SEND] CFG_SLOTS
[17:14:04:510]	[RECV] A
[17:14:04:511]	[RECV] 13
[17:14:04:514]	[SEND] LOAD O
[17:14:04:557]	[RECV] A
[17:14:16:750]	[RECV] M00000000,00000000,00000000
[17:14:16:757]	[SEND] STATUS
[17:14:16:809]	[RECV] A
[17:14:16:810]	[RECV] S33500C27
[17:14:16:811]	[OPER] ----- Result : Completed, Description : 
[17:14:16:833]	[OPER] ----- Unload -----
[17:14:16:833]	[SEND] RESET
[17:14:16:877]	[RECV] A
[17:14:16:878]	[RECV] O
[17:14:16:882]	[SEND] CFG_SLOTS
[17:14:16:932]	[RECV] A
[17:14:16:933]	[RECV] 13
[17:14:16:936]	[SEND] UNLOAD O
[17:14:16:980]	[RECV] A
[17:14:24:358]	[RECV] M00000000,00000000,00000000
[17:14:24:362]	[SEND] STATUS
[17:14:24:414]	[RECV] A
[17:14:24:415]	[RECV] S7350142B
[17:14:24:416]	[OPER] ----- Result : Completed, Description : 
[17:16:10:064]	[OPER] ----- Clamp -----
[17:16:10:064]	[SEND] RESET
[17:16:10:108]	[RECV] A
[17:16:10:109]	[RECV] O
[17:16:10:113]	[SEND] POD_LOCK ON
[17:16:10:166]	[RECV] A
[17:16:10:168]	[RECV] O
[17:16:10:171]	[SEND] STATUS
[17:16:10:223]	[RECV] A
[17:16:10:224]	[RECV] S7350142B
[17:16:10:225]	[OPER] ----- Result : Completed, Description : 
[17:16:10:409]	[OPER] ----- Load -----
[17:16:10:409]	[SEND] RESET
[17:16:10:452]	[RECV] A
[17:16:10:453]	[RECV] O
[17:16:10:457]	[SEND] CFG_SLOTS
[17:16:10:504]	[RECV] A
[17:16:10:505]	[RECV] 13
[17:16:10:508]	[SEND] LOAD O
[17:16:10:551]	[RECV] A
[17:16:22:732]	[RECV] M00000000,00000000,00000000
[17:16:22:736]	[SEND] STATUS
[17:16:22:788]	[RECV] A
[17:16:22:789]	[RECV] S33500C27
[17:16:22:791]	[OPER] ----- Result : Completed, Description : 
[17:16:22:805]	[OPER] ----- Unload -----
[17:16:22:805]	[SEND] RESET
[17:16:22:848]	[RECV] A
[17:16:22:849]	[RECV] O
[17:16:22:853]	[SEND] CFG_SLOTS
[17:16:22:901]	[RECV] A
[17:16:22:902]	[RECV] 13
[17:16:22:905]	[SEND] UNLOAD O
[17:16:22:949]	[RECV] A
[17:16:30:327]	[RECV] M00000000,00000000,00000000
[17:16:37:016]	[SEND] STATUS
[17:16:37:075]	[RECV] A
[17:16:37:076]	[RECV] S7350142B
[17:16:37:077]	[OPER] ----- Result : Completed, Description : 
[17:17:30:806]	[OPER] ----- Clamp -----
[17:17:30:806]	[SEND] RESET
[17:17:30:852]	[RECV] A
[17:17:30:853]	[RECV] O
[17:17:30:855]	[SEND] POD_LOCK ON
[17:17:30:908]	[RECV] A
[17:17:30:909]	[RECV] O
[17:17:30:913]	[SEND] STATUS
[17:17:30:963]	[RECV] A
[17:17:30:964]	[RECV] S7350142B
[17:17:30:965]	[OPER] ----- Result : Completed, Description : 
[17:17:31:150]	[OPER] ----- Load -----
[17:17:31:150]	[SEND] RESET
[17:17:31:194]	[RECV] A
[17:17:31:195]	[RECV] O
[17:17:31:198]	[SEND] CFG_SLOTS
[17:17:31:247]	[RECV] A
[17:17:31:248]	[RECV] 13
[17:17:31:251]	[SEND] LOAD O
[17:17:31:294]	[RECV] A
[17:17:43:471]	[RECV] M00000000,00000000,00000000
[17:17:43:474]	[SEND] STATUS
[17:17:43:525]	[RECV] A
[17:17:43:526]	[RECV] S33500C27
[17:17:43:528]	[OPER] ----- Result : Completed, Description : 
[17:17:43:541]	[OPER] ----- Unload -----
[17:17:43:541]	[SEND] RESET
[17:17:43:583]	[RECV] A
[17:17:43:584]	[RECV] O
[17:17:43:587]	[SEND] CFG_SLOTS
[17:17:43:635]	[RECV] A
[17:17:43:636]	[RECV] 13
[17:17:43:641]	[SEND] UNLOAD O
[17:17:43:684]	[RECV] A
[17:17:51:056]	[RECV] M00000000,00000000,00000000
[17:17:51:059]	[SEND] STATUS
[17:17:51:111]	[RECV] A
[17:17:51:112]	[RECV] S7350142B
[17:17:51:113]	[OPER] ----- Result : Completed, Description : 
[17:22:50:764]	[OPER] ----- Unload -----
[17:22:50:764]	[SEND] RESET
[17:22:50:815]	[RECV] A
[17:22:50:817]	[RECV] O
[17:22:50:820]	[SEND] CFG_SLOTS
[17:22:50:870]	[RECV] A
[17:22:50:871]	[RECV] 13
[17:22:50:875]	[SEND] UNLOAD O
[17:22:50:951]	[RECV] A
[17:22:50:952]	[RECV] M00000000,00000000,00000000
[17:22:50:956]	[SEND] STATUS
[17:22:51:008]	[RECV] A
[17:22:51:009]	[RECV] S7350142B
[17:22:51:011]	[OPER] ----- Result : Completed, Description : 
[17:23:44:800]	[OPER] ----- Unload -----
[17:23:44:800]	[SEND] RESET
[17:23:44:850]	[RECV] A
[17:23:44:851]	[RECV] O
[17:23:44:855]	[SEND] CFG_SLOTS
[17:23:44:903]	[RECV] A
[17:23:44:904]	[RECV] 13
[17:23:44:908]	[SEND] UNLOAD O
[17:23:44:984]	[RECV] A
[17:23:44:985]	[RECV] M00000000,00000000,00000000
[17:23:44:988]	[SEND] STATUS
[17:23:45:041]	[RECV] A
[17:23:45:042]	[RECV] S7350142B
[17:23:45:044]	[OPER] ----- Result : Completed, Description : 
[17:25:25:404]	[OPER] ----- Unload -----
[17:25:25:404]	[SEND] RESET
[17:25:25:452]	[RECV] A
[17:25:25:453]	[RECV] O
[17:25:25:456]	[SEND] CFG_SLOTS
[17:25:25:506]	[RECV] A
[17:25:25:507]	[RECV] 13
[17:25:25:510]	[SEND] UNLOAD O
[17:25:29:766]	[RECV] A
[17:25:29:767]	[RECV] M00000000,00000000,00000000
[17:25:30:809]	[SEND] STATUS
[17:25:30:860]	[RECV] A
[17:25:30:861]	[RECV] S7350142B
[17:25:30:862]	[OPER] ----- Result : Completed, Description : 
[17:27:23:135]	[OPER] ----- Unload -----
[17:27:23:135]	[SEND] RESET
[17:27:23:185]	[RECV] A
[17:27:23:186]	[RECV] O
[17:27:23:189]	[SEND] CFG_SLOTS
[17:27:23:238]	[RECV] A
[17:27:23:239]	[RECV] 13
[17:27:23:243]	[SEND] UNLOAD O
[17:27:46:779]	[RECV] A
[17:28:21:353]	[OPER] ----- Result : Timeout, Description : 
[17:28:31:017]	[RECV] M00000000,00000000,00000000
[17:32:56:618]	[OPER] ----- Unload -----
[17:32:56:618]	[SEND] RESET
[17:33:27:336]	[OPER] ----- Result : Timeout, Description : 
[17:33:27:337]	[RECV] A
[17:33:27:339]	[RECV] O
[17:34:48:847]	[OPER] ----- Initialize -----
[17:34:48:847]	[SEND] RESET
[17:34:48:895]	[RECV] A
[17:34:48:896]	[RECV] O
[17:34:48:899]	[SEND] HOM
[17:34:48:939]	[RECV] A
[17:35:00:217]	[RECV] O
[17:35:00:220]	[SEND] STATUS
[17:35:00:272]	[RECV] A
[17:35:00:273]	[RECV] S7350142B
[17:35:00:274]	[OPER] ----- Result : Completed, Description : 
[17:35:00:275]	[OPER] ----- ChangeToCassette -----
[17:35:00:275]	[SEND] RESET
[17:35:00:317]	[RECV] A
[17:35:00:318]	[RECV] O
[17:35:00:321]	[SEND] OC_MODE ON
[17:35:00:368]	[RECV] A
[17:35:00:369]	[RECV] O
[17:35:00:373]	[SEND] STATUS
[17:35:00:424]	[RECV] A
[17:35:00:425]	[RECV] S7350142B
[17:35:00:427]	[OPER] ----- Result : Completed, Description : 
[17:36:54:992]	[OPER] ----- Initialize -----
[17:36:54:992]	[SEND] RESET
[17:36:55:039]	[RECV] A
[17:36:55:040]	[RECV] O
[17:36:55:045]	[SEND] HOM
[17:36:55:089]	[RECV] A
[17:37:06:360]	[RECV] O
[17:37:06:363]	[SEND] STATUS
[17:37:06:415]	[RECV] A
[17:37:06:416]	[RECV] S7350142B
[17:37:06:418]	[OPER] ----- Result : Completed, Description : 
[17:37:06:419]	[OPER] ----- ChangeToCassette -----
[17:37:06:419]	[SEND] RESET
[17:37:06:462]	[RECV] A
[17:37:06:463]	[RECV] O
[17:37:06:467]	[SEND] OC_MODE ON
[17:37:06:515]	[RECV] A
[17:37:06:516]	[RECV] O
[17:37:06:520]	[SEND] STATUS
[17:37:06:573]	[RECV] A
[17:37:06:574]	[RECV] S7350142B
[17:37:06:576]	[OPER] ----- Result : Completed, Description : 
[17:37:24:086]	[OPER] ----- Clamp -----
[17:37:24:086]	[SEND] RESET
[17:37:24:132]	[RECV] A
[17:37:24:133]	[RECV] O
[17:37:24:136]	[SEND] POD_LOCK ON
[17:37:24:188]	[RECV] A
[17:37:24:189]	[RECV] O
[17:37:24:192]	[SEND] STATUS
[17:37:24:244]	[RECV] A
[17:37:24:245]	[RECV] S7350142B
[17:37:24:246]	[OPER] ----- Result : Completed, Description : 
[17:37:25:160]	[OPER] ----- Load -----
[17:37:25:161]	[SEND] RESET
[17:37:25:204]	[RECV] A
[17:37:25:205]	[RECV] O
[17:37:25:208]	[SEND] CFG_SLOTS
[17:37:25:257]	[RECV] A
[17:37:25:258]	[RECV] 13
[17:37:25:261]	[SEND] LOAD O
[17:37:25:303]	[RECV] A
[17:37:41:119]	[RECV] M00000000,00000000,00000000
[17:37:41:124]	[SEND] STATUS
[17:37:41:179]	[RECV] A
[17:37:41:180]	[RECV] S33500C27
[17:37:41:182]	[OPER] ----- Result : Completed, Description : 
[17:37:41:211]	[OPER] ----- Unload -----
[17:37:41:211]	[SEND] RESET
[17:37:41:256]	[RECV] A
[17:37:41:257]	[RECV] O
[17:37:41:261]	[SEND] CFG_SLOTS
[17:37:41:311]	[RECV] A
[17:37:41:312]	[RECV] 13
[17:37:41:316]	[SEND] UNLOAD O
[17:37:41:361]	[RECV] A
[17:37:48:742]	[RECV] M00000000,00000000,00000000
[17:37:50:665]	[SEND] STATUS
[17:37:50:722]	[RECV] A
[17:37:50:723]	[RECV] S7350142B
[17:37:50:724]	[OPER] ----- Result : Completed, Description : 
[17:38:03:464]	[OPER] ----- Clamp -----
[17:38:03:464]	[SEND] RESET
[17:38:03:510]	[RECV] A
[17:38:03:511]	[RECV] O
[17:38:03:513]	[SEND] POD_LOCK ON
[17:38:03:565]	[RECV] A
[17:38:03:566]	[RECV] O
[17:38:03:569]	[SEND] STATUS
[17:38:03:622]	[RECV] A
[17:38:03:623]	[RECV] S7350142B
[17:38:03:625]	[OPER] ----- Result : Completed, Description : 
[17:38:03:814]	[OPER] ----- Load -----
[17:38:03:814]	[SEND] RESET
[17:38:03:857]	[RECV] A
[17:38:03:858]	[RECV] O
[17:38:03:861]	[SEND] CFG_SLOTS
[17:38:03:910]	[RECV] A
[17:38:03:913]	[RECV] 13
[17:38:03:916]	[SEND] LOAD O
[17:38:03:957]	[RECV] A
[17:38:16:137]	[RECV] M00000000,00000000,00000000
[17:38:16:140]	[SEND] STATUS
[17:38:16:194]	[RECV] A
[17:38:16:195]	[RECV] S33500C27
[17:38:16:196]	[OPER] ----- Result : Completed, Description : 
[17:38:18:370]	[OPER] ----- Unload -----
[17:38:18:370]	[SEND] RESET
[17:38:18:419]	[RECV] A
[17:38:18:420]	[RECV] O
[17:38:18:424]	[SEND] CFG_SLOTS
[17:38:18:476]	[RECV] A
[17:38:18:477]	[RECV] 13
[17:38:18:480]	[SEND] UNLOAD O
[17:38:18:523]	[RECV] A
[17:38:25:905]	[RECV] M00000000,00000000,00000000
[17:38:25:909]	[SEND] STATUS
[17:38:25:962]	[RECV] A
[17:38:25:963]	[RECV] S7350142B
[17:38:25:965]	[OPER] ----- Result : Completed, Description : 
[17:39:28:808]	[OPER] ----- Clamp -----
[17:39:28:808]	[SEND] RESET
[17:39:28:855]	[RECV] A
[17:39:28:856]	[RECV] O
[17:39:28:858]	[SEND] POD_LOCK ON
[17:39:28:909]	[RECV] A
[17:39:28:910]	[RECV] O
[17:39:28:914]	[SEND] STATUS
[17:39:28:967]	[RECV] A
[17:39:28:968]	[RECV] S7350142B
[17:39:28:970]	[OPER] ----- Result : Completed, Description : 
[17:39:29:159]	[OPER] ----- Load -----
[17:39:29:159]	[SEND] RESET
[17:39:29:203]	[RECV] A
[17:39:29:204]	[RECV] O
[17:39:29:208]	[SEND] CFG_SLOTS
[17:39:29:256]	[RECV] A
[17:39:29:257]	[RECV] 13
[17:39:29:260]	[SEND] LOAD O
[17:39:29:301]	[RECV] A
[17:39:41:476]	[RECV] M00000000,00000000,00000000
[17:39:41:480]	[SEND] STATUS
[17:39:41:532]	[RECV] A
[17:39:41:533]	[RECV] S33500C27
[17:39:41:535]	[OPER] ----- Result : Completed, Description : 
[17:39:41:549]	[OPER] ----- Unload -----
[17:39:41:549]	[SEND] RESET
[17:39:41:592]	[RECV] A
[17:39:41:593]	[RECV] O
[17:39:41:596]	[SEND] CFG_SLOTS
[17:39:41:644]	[RECV] A
[17:39:41:645]	[RECV] 13
[17:39:41:648]	[SEND] UNLOAD O
[17:39:41:691]	[RECV] A
[17:39:50:427]	[RECV] M00000000,00000000,00000000
[17:39:50:431]	[SEND] STATUS
[17:39:50:484]	[RECV] A
[17:39:50:485]	[RECV] S7350142B
[17:39:50:487]	[OPER] ----- Result : Completed, Description : 
[17:42:37:429]	[OPER] ----- Unload -----
[17:42:37:429]	[SEND] RESET
[17:42:37:481]	[RECV] A
[17:42:37:482]	[RECV] O
[17:42:37:485]	[SEND] CFG_SLOTS
[17:42:37:535]	[RECV] A
[17:42:37:536]	[RECV] 13
[17:42:37:539]	[SEND] UNLOAD O
[17:42:37:615]	[RECV] A
[17:42:37:616]	[RECV] M00000000,00000000,00000000
[17:42:37:620]	[SEND] STATUS
[17:42:37:673]	[RECV] A
[17:42:37:674]	[RECV] S7350142B
[17:42:37:676]	[OPER] ----- Result : Completed, Description : 
[17:43:31:386]	[OPER] ----- Clamp -----
[17:43:31:386]	[SEND] RESET
[17:43:31:431]	[RECV] A
[17:43:31:432]	[RECV] O
[17:43:31:436]	[SEND] POD_LOCK ON
[17:43:31:486]	[RECV] A
[17:43:31:487]	[RECV] O
[17:43:31:490]	[SEND] STATUS
[17:43:31:542]	[RECV] A
[17:43:31:543]	[RECV] S7350142B
[17:43:31:543]	[OPER] ----- Result : Completed, Description : 
[17:43:31:732]	[OPER] ----- Load -----
[17:43:31:732]	[SEND] RESET
[17:43:31:774]	[RECV] A
[17:43:31:775]	[RECV] O
[17:43:31:778]	[SEND] CFG_SLOTS
[17:43:31:827]	[RECV] A
[17:43:31:828]	[RECV] 13
[17:43:31:831]	[SEND] LOAD O
[17:43:31:871]	[RECV] A
[17:43:48:060]	[RECV] M00000000,00000000,00000000
[17:43:48:080]	[SEND] STATUS
[17:43:48:135]	[RECV] A
[17:43:48:136]	[RECV] S33500C27
[17:43:48:137]	[OPER] ----- Result : Completed, Description : 
[17:43:48:151]	[OPER] ----- Unload -----
[17:43:48:151]	[SEND] RESET
[17:43:48:195]	[RECV] A
[17:43:48:196]	[RECV] O
[17:43:48:199]	[SEND] CFG_SLOTS
[17:43:48:247]	[RECV] A
[17:43:48:248]	[RECV] 13
[17:43:48:252]	[SEND] UNLOAD O
[17:43:48:295]	[RECV] A
[17:43:55:663]	[RECV] M00000000,00000000,00000000
[17:43:56:305]	[SEND] STATUS
[17:43:56:361]	[RECV] A
[17:43:56:362]	[RECV] S7350142B
[17:43:56:364]	[OPER] ----- Result : Completed, Description : 
[17:44:10:193]	[OPER] ----- Clamp -----
[17:44:10:193]	[SEND] RESET
[17:44:10:238]	[RECV] A
[17:44:10:239]	[RECV] O
[17:44:10:243]	[SEND] POD_LOCK ON
[17:44:10:295]	[RECV] A
[17:44:10:296]	[RECV] O
[17:44:10:299]	[SEND] STATUS
[17:44:10:351]	[RECV] A
[17:44:10:352]	[RECV] S7350142B
[17:44:10:354]	[OPER] ----- Result : Completed, Description : 
[17:44:10:545]	[OPER] ----- Load -----
[17:44:10:545]	[SEND] RESET
[17:44:10:589]	[RECV] A
[17:44:10:590]	[RECV] O
[17:44:10:594]	[SEND] CFG_SLOTS
[17:44:10:642]	[RECV] A
[17:44:10:643]	[RECV] 13
[17:44:10:646]	[SEND] LOAD O
[17:44:10:688]	[RECV] A
[17:44:26:292]	[RECV] M00000000,00000000,00000000
[17:44:26:296]	[SEND] STATUS
[17:44:26:352]	[RECV] A
[17:44:26:353]	[RECV] S33500C27
[17:44:26:354]	[OPER] ----- Result : Completed, Description : 
[17:44:26:368]	[OPER] ----- Unload -----
[17:44:26:368]	[SEND] RESET
[17:44:26:412]	[RECV] A
[17:44:26:413]	[RECV] O
[17:44:26:416]	[SEND] CFG_SLOTS
[17:44:26:463]	[RECV] A
[17:44:26:464]	[RECV] 13
[17:44:26:467]	[SEND] UNLOAD O
[17:44:26:513]	[RECV] A
[17:44:33:880]	[RECV] M00000000,00000000,00000000
[17:44:33:884]	[SEND] STATUS
[17:44:33:936]	[RECV] A
[17:44:33:937]	[RECV] S7350142B
[17:44:33:939]	[OPER] ----- Result : Completed, Description : 
[17:46:01:242]	[OPER] ----- Clamp -----
[17:46:01:242]	[SEND] RESET
[17:46:01:286]	[RECV] A
[17:46:01:287]	[RECV] O
[17:46:01:291]	[SEND] POD_LOCK ON
[17:46:01:343]	[RECV] A
[17:46:01:344]	[RECV] O
[17:46:01:348]	[SEND] STATUS
[17:46:01:399]	[RECV] A
[17:46:01:400]	[RECV] S7350142B
[17:46:01:401]	[OPER] ----- Result : Completed, Description : 
[17:46:01:586]	[OPER] ----- Load -----
[17:46:01:586]	[SEND] RESET
[17:46:01:629]	[RECV] A
[17:46:01:630]	[RECV] O
[17:46:01:634]	[SEND] CFG_SLOTS
[17:46:01:682]	[RECV] A
[17:46:01:683]	[RECV] 13
[17:46:01:687]	[SEND] LOAD O
[17:46:01:729]	[RECV] A
[17:46:13:909]	[RECV] M00000000,00000000,00000000
[17:46:13:913]	[SEND] STATUS
[17:46:13:965]	[RECV] A
[17:46:13:966]	[RECV] S33500C27
[17:46:13:967]	[OPER] ----- Result : Completed, Description : 
[17:46:13:980]	[OPER] ----- Unload -----
[17:46:13:980]	[SEND] RESET
[17:46:14:023]	[RECV] A
[17:46:14:024]	[RECV] O
[17:46:14:028]	[SEND] CFG_SLOTS
[17:46:14:077]	[RECV] A
[17:46:14:078]	[RECV] 13
[17:46:14:081]	[SEND] UNLOAD O
[17:46:14:123]	[RECV] A
[17:46:21:490]	[RECV] M00000000,00000000,00000000
[17:46:21:493]	[SEND] STATUS
[17:46:21:545]	[RECV] A
[17:46:21:546]	[RECV] S7350142B
[17:46:21:548]	[OPER] ----- Result : Completed, Description : 
[17:50:02:800]	[OPER] ----- Initialize -----
[17:50:02:800]	[SEND] RESET
[17:50:02:848]	[RECV] A
[17:50:02:849]	[RECV] O
[17:50:02:852]	[SEND] HOM
[17:50:02:896]	[RECV] A
[17:50:14:159]	[RECV] O
[17:50:14:162]	[SEND] STATUS
[17:50:14:213]	[RECV] A
[17:50:14:214]	[RECV] S7350142B
[17:50:14:216]	[OPER] ----- Result : Completed, Description : 
[17:50:14:217]	[OPER] ----- ChangeToCassette -----
[17:50:14:217]	[SEND] RESET
[17:50:14:259]	[RECV] A
[17:50:14:260]	[RECV] O
[17:50:14:263]	[SEND] OC_MODE ON
[17:50:14:310]	[RECV] A
[17:50:14:311]	[RECV] O
[17:50:14:315]	[SEND] STATUS
[17:50:14:367]	[RECV] A
[17:50:14:368]	[RECV] S7350142B
[17:50:14:369]	[OPER] ----- Result : Completed, Description : 
[17:50:51:248]	[OPER] ----- Clamp -----
[17:50:51:248]	[SEND] RESET
[17:50:51:293]	[RECV] A
[17:50:51:294]	[RECV] O
[17:50:51:298]	[SEND] POD_LOCK ON
[17:50:51:350]	[RECV] A
[17:50:51:351]	[RECV] O
[17:50:51:354]	[SEND] STATUS
[17:50:51:406]	[RECV] A
[17:50:51:407]	[RECV] S7350142B
[17:50:51:408]	[OPER] ----- Result : Completed, Description : 
[17:50:52:348]	[OPER] ----- Load -----
[17:50:52:349]	[SEND] RESET
[17:50:52:393]	[RECV] A
[17:50:52:394]	[RECV] O
[17:50:52:397]	[SEND] CFG_SLOTS
[17:50:52:444]	[RECV] A
[17:50:52:445]	[RECV] 13
[17:50:52:449]	[SEND] LOAD O
[17:50:52:491]	[RECV] A
[17:51:04:663]	[RECV] M00000000,00000000,00000000
[17:51:04:666]	[SEND] STATUS
[17:51:04:718]	[RECV] A
[17:51:04:719]	[RECV] S33500C27
[17:51:07:578]	[OPER] ----- Result : Completed, Description : 
[17:51:25:077]	[OPER] ----- Unload -----
[17:51:25:077]	[SEND] RESET
[17:51:25:126]	[RECV] A
[17:51:25:127]	[RECV] O
[17:51:25:131]	[SEND] CFG_SLOTS
[17:51:25:179]	[RECV] A
[17:51:25:180]	[RECV] 13
[17:51:25:184]	[SEND] UNLOAD O
[17:51:25:228]	[RECV] A
[17:51:32:597]	[RECV] M00000000,00000000,00000000
[17:51:32:601]	[SEND] STATUS
[17:51:32:654]	[RECV] A
[17:51:32:655]	[RECV] S7350142B
[17:51:32:657]	[OPER] ----- Result : Completed, Description : 
