[12:26:15:389]	[RECV] C01000000
[13:40:51:922]	[OPER] ----- Initialize -----
[13:40:51:922]	[SEND] RESET
[13:40:51:971]	[RECV] A
[13:40:51:972]	[RECV] O
[13:40:51:976]	[SEND] HOM
[13:40:52:014]	[RECV] A
[13:41:03:391]	[RECV] O
[13:41:03:395]	[SEND] STATUS
[13:41:03:447]	[RECV] A
[13:41:03:448]	[RECV] S7350142B
[13:41:03:450]	[OPER] ----- Result : Completed, Description : 
[13:41:03:451]	[OPER] ----- ChangeToCassette -----
[13:41:03:451]	[SEND] RESET
[13:41:03:495]	[RECV] A
[13:41:03:496]	[RECV] O
[13:41:03:500]	[SEND] OC_MODE ON
[13:41:03:547]	[RECV] A
[13:41:03:548]	[RECV] O
[13:41:03:551]	[SEND] STATUS
[13:41:03:602]	[RECV] A
[13:41:03:603]	[RECV] S7350142B
[13:41:03:605]	[OPER] ----- Result : Completed, Description : 
[14:45:21:375]	[RECV] C01000000
[14:56:50:866]	[OPER] ----- Initialize -----
[14:56:50:866]	[SEND] RESET
[14:56:50:914]	[RECV] A
[14:56:50:915]	[RECV] O
[14:56:50:918]	[SEND] HOM
[14:56:50:959]	[RECV] A
[14:57:02:366]	[RECV] O
[14:57:02:369]	[SEND] STATUS
[14:57:02:422]	[RECV] A
[14:57:02:423]	[RECV] S7350142B
[14:57:02:425]	[OPER] ----- Result : Completed, Description : 
[14:57:02:426]	[OPER] ----- ChangeToCassette -----
[14:57:02:426]	[SEND] RESET
[14:57:02:468]	[RECV] A
[14:57:02:469]	[RECV] O
[14:57:02:472]	[SEND] OC_MODE ON
[14:57:02:520]	[RECV] A
[14:57:02:521]	[RECV] O
[14:57:02:525]	[SEND] STATUS
[14:57:02:576]	[RECV] A
[14:57:02:577]	[RECV] S7350142B
[14:57:02:578]	[OPER] ----- Result : Completed, Description : 
[22:30:03:260]	[OPER] ----- Initialize -----
[22:30:03:260]	[SEND] RESET
[22:30:03:306]	[RECV] A
[22:30:03:307]	[RECV] O
[22:30:03:310]	[SEND] HOM
[22:30:03:355]	[RECV] A
[22:30:15:200]	[RECV] O
[22:30:15:204]	[SEND] STATUS
[22:30:15:258]	[RECV] A
[22:30:15:259]	[RECV] S7350142B
[22:30:15:260]	[OPER] ----- Result : Completed, Description : 
[22:30:15:261]	[OPER] ----- ChangeToCassette -----
[22:30:15:261]	[SEND] RESET
[22:30:15:303]	[RECV] A
[22:30:15:304]	[RECV] O
[22:30:15:307]	[SEND] OC_MODE ON
[22:30:15:354]	[RECV] A
[22:30:15:355]	[RECV] O
[22:30:15:359]	[SEND] STATUS
[22:30:15:410]	[RECV] A
[22:30:15:411]	[RECV] S7350142B
[22:30:15:413]	[OPER] ----- Result : Completed, Description : 
[22:47:06:394]	[RECV] C01000000
