[09:47:59:807]	[RECV] C01000000
[10:36:28:687]	[OPER] ----- Initialize -----
[10:36:28:687]	[SEND] RESET
[10:36:28:733]	[RECV] A
[10:36:28:734]	[RECV] O
[10:36:28:738]	[SEND] HOM
[10:36:28:783]	[RECV] A
[10:36:40:073]	[RECV] O
[10:36:40:076]	[SEND] STATUS
[10:36:40:128]	[RECV] A
[10:36:40:129]	[RECV] S7350142B
[10:36:40:131]	[OPER] ----- Result : Completed, Description : 
[10:36:40:132]	[OPER] ----- ChangeToCassette -----
[10:36:40:132]	[SEND] RESET
[10:36:40:176]	[RECV] A
[10:36:40:177]	[RECV] O
[10:36:40:180]	[SEND] OC_MODE ON
[10:36:40:227]	[RECV] A
[10:36:40:228]	[RECV] O
[10:36:40:232]	[SEND] STATUS
[10:36:40:284]	[RECV] A
[10:36:40:285]	[RECV] S7350142B
[10:36:40:286]	[OPER] ----- Result : Completed, Description : 
[10:42:11:015]	[RECV] C01000000
[10:49:27:915]	[OPER] ----- Initialize -----
[10:49:27:915]	[SEND] RESET
[10:49:27:962]	[RECV] A
[10:49:27:963]	[RECV] O
[10:49:27:966]	[SEND] HOM
[10:49:28:004]	[RECV] A
[10:49:39:280]	[RECV] O
[10:49:39:284]	[SEND] STATUS
[10:49:39:337]	[RECV] A
[10:49:39:338]	[RECV] S7350142B
[10:49:39:340]	[OPER] ----- Result : Completed, Description : 
[10:49:39:341]	[OPER] ----- ChangeToCassette -----
[10:49:39:341]	[SEND] RESET
[10:49:39:383]	[RECV] A
[10:49:39:384]	[RECV] O
[10:49:39:387]	[SEND] OC_MODE ON
[10:49:39:436]	[RECV] A
[10:49:39:437]	[RECV] O
[10:49:39:441]	[SEND] STATUS
[10:49:39:494]	[RECV] A
[10:49:39:495]	[RECV] S7350142B
[10:49:39:497]	[OPER] ----- Result : Completed, Description : 
[10:51:40:004]	[RECV] C01000000
[11:46:38:808]	[RECV] C00010000
[11:46:38:809]	[RECV] C00000010
[11:58:22:314]	[OPER] ----- Initialize -----
[11:58:22:314]	[SEND] RESET
[11:58:22:362]	[RECV] A
[11:58:22:363]	[RECV] O
[11:58:22:366]	[SEND] HOM
[11:58:22:404]	[RECV] A
[11:58:34:188]	[RECV] O
[11:58:34:191]	[SEND] STATUS
[11:58:34:243]	[RECV] A
[11:58:34:244]	[RECV] S7350142B
[11:58:34:245]	[OPER] ----- Result : Completed, Description : 
[11:58:34:246]	[OPER] ----- ChangeToCassette -----
[11:58:34:246]	[SEND] RESET
[11:58:34:287]	[RECV] A
[11:58:34:288]	[RECV] O
[11:58:34:292]	[SEND] OC_MODE ON
[11:58:34:339]	[RECV] A
[11:58:34:340]	[RECV] O
[11:58:34:344]	[SEND] STATUS
[11:58:34:396]	[RECV] A
[11:58:34:397]	[RECV] S7350142B
[11:58:34:398]	[OPER] ----- Result : Completed, Description : 
[13:47:52:790]	[RECV] C01000000
[14:13:43:199]	[OPER] ----- Initialize -----
[14:13:43:199]	[SEND] RESET
[14:13:43:245]	[RECV] A
[14:13:43:246]	[RECV] O
[14:13:43:248]	[SEND] HOM
[14:13:43:288]	[RECV] A
[14:13:54:570]	[RECV] O
[14:13:54:573]	[SEND] STATUS
[14:13:54:625]	[RECV] A
[14:13:54:626]	[RECV] S7350142B
[14:13:54:627]	[OPER] ----- Result : Completed, Description : 
[14:13:54:628]	[OPER] ----- ChangeToCassette -----
[14:13:54:628]	[SEND] RESET
[14:13:54:669]	[RECV] A
[14:13:54:670]	[RECV] O
[14:13:54:674]	[SEND] OC_MODE ON
[14:13:54:721]	[RECV] A
[14:13:54:722]	[RECV] O
[14:13:54:726]	[SEND] STATUS
[14:13:54:777]	[RECV] A
[14:13:54:778]	[RECV] S7350142B
[14:13:54:780]	[OPER] ----- Result : Completed, Description : 
[14:16:23:757]	[OPER] ----- Initialize -----
[14:16:23:757]	[SEND] RESET
[14:16:23:804]	[RECV] A
[14:16:23:805]	[RECV] O
[14:16:23:809]	[SEND] HOM
[14:16:23:848]	[RECV] A
[14:16:35:120]	[RECV] O
[14:16:35:123]	[SEND] STATUS
[14:16:35:175]	[RECV] A
[14:16:35:176]	[RECV] S7350142B
[14:16:35:177]	[OPER] ----- Result : Completed, Description : 
[14:16:35:178]	[OPER] ----- ChangeToCassette -----
[14:16:35:178]	[SEND] RESET
[14:16:35:220]	[RECV] A
[14:16:35:221]	[RECV] O
[14:16:35:224]	[SEND] OC_MODE ON
[14:16:35:271]	[RECV] A
[14:16:35:272]	[RECV] O
[14:16:35:276]	[SEND] STATUS
[14:16:35:326]	[RECV] A
[14:16:35:327]	[RECV] S7350142B
[14:16:35:328]	[OPER] ----- Result : Completed, Description : 
[14:45:45:423]	[OPER] ----- Initialize -----
[14:45:45:423]	[SEND] RESET
[14:45:45:469]	[RECV] A
[14:45:45:470]	[RECV] O
[14:45:45:472]	[SEND] HOM
[14:45:45:515]	[RECV] A
[14:45:56:793]	[RECV] O
[14:45:56:797]	[SEND] STATUS
[14:45:56:850]	[RECV] A
[14:45:56:851]	[RECV] S7350142B
[14:45:56:852]	[OPER] ----- Result : Completed, Description : 
[14:45:56:853]	[OPER] ----- ChangeToCassette -----
[14:45:56:853]	[SEND] RESET
[14:45:56:895]	[RECV] A
[14:45:56:896]	[RECV] O
[14:45:56:899]	[SEND] OC_MODE ON
[14:45:56:946]	[RECV] A
[14:45:56:947]	[RECV] O
[14:45:56:951]	[SEND] STATUS
[14:45:57:003]	[RECV] A
[14:45:57:004]	[RECV] S7350142B
[14:45:57:005]	[OPER] ----- Result : Completed, Description : 
[15:19:27:712]	[OPER] ----- Initialize -----
[15:19:27:712]	[SEND] RESET
[15:19:27:759]	[RECV] A
[15:19:27:760]	[RECV] O
[15:19:27:764]	[SEND] HOM
[15:19:27:802]	[RECV] A
[15:19:39:147]	[RECV] O
[15:19:39:151]	[SEND] STATUS
[15:19:39:202]	[RECV] A
[15:19:39:203]	[RECV] S7350142B
[15:19:39:205]	[OPER] ----- Result : Completed, Description : 
[15:19:39:206]	[OPER] ----- ChangeToCassette -----
[15:19:39:206]	[SEND] RESET
[15:19:39:249]	[RECV] A
[15:19:39:250]	[RECV] O
[15:19:39:254]	[SEND] OC_MODE ON
[15:19:39:968]	[RECV] A
[15:19:39:969]	[RECV] O
[15:19:39:972]	[SEND] STATUS
[15:19:40:023]	[RECV] A
[15:19:40:024]	[RECV] S7350142B
[15:19:40:026]	[OPER] ----- Result : Completed, Description : 
[15:20:29:978]	[OPER] ----- Initialize -----
[15:20:29:978]	[SEND] RESET
[15:20:30:024]	[RECV] A
[15:20:30:025]	[RECV] O
[15:20:30:027]	[SEND] HOM
[15:20:30:073]	[RECV] A
[15:20:41:408]	[RECV] O
[15:20:41:411]	[SEND] STATUS
[15:20:41:462]	[RECV] A
[15:20:41:463]	[RECV] S7350142B
[15:20:41:465]	[OPER] ----- Result : Completed, Description : 
[15:20:41:466]	[OPER] ----- ChangeToCassette -----
[15:20:41:466]	[SEND] RESET
[15:20:41:508]	[RECV] A
[15:20:41:509]	[RECV] O
[15:20:41:513]	[SEND] OC_MODE ON
[15:20:41:561]	[RECV] A
[15:20:41:562]	[RECV] O
[15:20:41:565]	[SEND] STATUS
[15:20:41:616]	[RECV] A
[15:20:41:617]	[RECV] S7350142B
[15:20:41:618]	[OPER] ----- Result : Completed, Description : 
[15:34:23:690]	[OPER] ----- Initialize -----
[15:34:23:690]	[SEND] RESET
[15:34:23:738]	[RECV] A
[15:34:23:740]	[RECV] O
[15:34:23:744]	[SEND] HOM
[15:34:23:782]	[RECV] A
[15:34:35:137]	[RECV] O
[15:34:35:141]	[SEND] STATUS
[15:34:35:194]	[RECV] A
[15:34:35:195]	[RECV] S7350142B
[15:34:35:197]	[OPER] ----- Result : Completed, Description : 
[15:34:35:198]	[OPER] ----- ChangeToCassette -----
[15:34:35:198]	[SEND] RESET
[15:34:35:240]	[RECV] A
[15:34:35:241]	[RECV] O
[15:34:35:244]	[SEND] OC_MODE ON
[15:34:35:292]	[RECV] A
[15:34:35:293]	[RECV] O
[15:34:35:297]	[SEND] STATUS
[15:34:35:349]	[RECV] A
[15:34:35:350]	[RECV] S7350142B
[15:34:35:351]	[OPER] ----- Result : Completed, Description : 
[15:48:00:258]	[OPER] ----- Initialize -----
[15:48:00:258]	[SEND] RESET
[15:48:00:305]	[RECV] A
[15:48:00:306]	[RECV] O
[15:48:00:308]	[SEND] HOM
[15:48:00:352]	[RECV] A
[15:48:11:726]	[RECV] O
[15:48:11:729]	[SEND] STATUS
[15:48:11:781]	[RECV] A
[15:48:11:782]	[RECV] S7350142B
[15:48:11:783]	[OPER] ----- Result : Completed, Description : 
[15:48:11:786]	[OPER] ----- ChangeToCassette -----
[15:48:11:786]	[SEND] RESET
[15:48:11:829]	[RECV] A
[15:48:11:830]	[RECV] O
[15:48:11:834]	[SEND] OC_MODE ON
[15:48:11:882]	[RECV] A
[15:48:11:883]	[RECV] O
[15:48:11:886]	[SEND] STATUS
[15:48:11:939]	[RECV] A
[15:48:11:940]	[RECV] S7350142B
[15:48:11:942]	[OPER] ----- Result : Completed, Description : 
[17:34:06:677]	[OPER] ----- Initialize -----
[17:34:06:677]	[SEND] RESET
[17:34:06:725]	[RECV] A
[17:34:06:726]	[RECV] O
[17:34:06:729]	[SEND] HOM
[17:34:06:773]	[RECV] A
[17:34:18:051]	[RECV] O
[17:34:18:055]	[SEND] STATUS
[17:34:18:107]	[RECV] A
[17:34:18:108]	[RECV] S7350142B
[17:34:18:109]	[OPER] ----- Result : Completed, Description : 
[17:34:18:110]	[OPER] ----- ChangeToCassette -----
[17:34:18:110]	[SEND] RESET
[17:34:18:152]	[RECV] A
[17:34:18:153]	[RECV] O
[17:34:18:156]	[SEND] OC_MODE ON
[17:34:18:202]	[RECV] A
[17:34:18:203]	[RECV] O
[17:34:18:207]	[SEND] STATUS
[17:34:18:259]	[RECV] A
[17:34:18:260]	[RECV] S7350142B
[17:34:18:261]	[OPER] ----- Result : Completed, Description : 
[17:40:09:691]	[OPER] ----- Initialize -----
[17:40:09:691]	[SEND] RESET
[17:40:09:739]	[RECV] A
[17:40:09:740]	[RECV] O
[17:40:09:743]	[SEND] HOM
[17:40:09:784]	[RECV] A
[17:40:21:045]	[RECV] O
[17:40:21:048]	[SEND] STATUS
[17:40:21:099]	[RECV] A
[17:40:21:100]	[RECV] S7350142B
[17:40:21:102]	[OPER] ----- Result : Completed, Description : 
[17:40:21:105]	[OPER] ----- ChangeToCassette -----
[17:40:21:106]	[SEND] RESET
[17:40:21:148]	[RECV] A
[17:40:21:149]	[RECV] O
[17:40:21:152]	[SEND] OC_MODE ON
[17:40:21:198]	[RECV] A
[17:40:21:199]	[RECV] O
[17:40:21:203]	[SEND] STATUS
[17:40:21:255]	[RECV] A
[17:40:21:256]	[RECV] S7350142B
[17:40:21:257]	[OPER] ----- Result : Completed, Description : 
[17:43:20:940]	[OPER] ----- Initialize -----
[17:43:20:940]	[SEND] RESET
[17:43:20:987]	[RECV] A
[17:43:20:988]	[RECV] O
[17:43:20:992]	[SEND] HOM
[17:43:21:036]	[RECV] A
[17:43:32:293]	[RECV] O
[17:43:32:297]	[SEND] STATUS
[17:43:32:348]	[RECV] A
[17:43:32:349]	[RECV] S7350142B
[17:43:32:351]	[OPER] ----- Result : Completed, Description : 
[17:43:32:354]	[OPER] ----- ChangeToCassette -----
[17:43:32:354]	[SEND] RESET
[17:43:32:397]	[RECV] A
[17:43:32:398]	[RECV] O
[17:43:32:402]	[SEND] OC_MODE ON
[17:43:32:449]	[RECV] A
[17:43:32:450]	[RECV] O
[17:43:32:453]	[SEND] STATUS
[17:43:32:504]	[RECV] A
[17:43:32:505]	[RECV] S7350142B
[17:43:32:506]	[OPER] ----- Result : Completed, Description : 
[18:41:10:975]	[OPER] ----- Initialize -----
[18:41:10:975]	[SEND] RESET
[18:41:11:022]	[RECV] A
[18:41:11:023]	[RECV] O
[18:41:11:026]	[SEND] HOM
[18:41:11:067]	[RECV] A
[18:41:22:337]	[RECV] O
[18:41:22:340]	[SEND] STATUS
[18:41:22:391]	[RECV] A
[18:41:22:392]	[RECV] S7350142B
[18:41:22:394]	[OPER] ----- Result : Completed, Description : 
[18:41:22:395]	[OPER] ----- ChangeToCassette -----
[18:41:22:395]	[SEND] RESET
[18:41:22:438]	[RECV] A
[18:41:22:439]	[RECV] O
[18:41:22:442]	[SEND] OC_MODE ON
[18:41:22:489]	[RECV] A
[18:41:22:490]	[RECV] O
[18:41:22:494]	[SEND] STATUS
[18:41:22:547]	[RECV] A
[18:41:22:548]	[RECV] S7350142B
[18:41:22:549]	[OPER] ----- Result : Completed, Description : 
[18:46:01:389]	[RECV] C00000020
[18:46:24:950]	[RECV] C00000010
[18:46:37:183]	[RECV] C00000004
[18:46:38:894]	[OPER] ----- Clamp -----
[18:46:38:894]	[SEND] RESET
[18:46:38:936]	[RECV] A
[18:46:38:937]	[RECV] O
[18:46:38:941]	[SEND] POD_LOCK ON
[18:46:38:992]	[RECV] A
[18:46:38:993]	[RECV] O
[18:46:38:997]	[SEND] STATUS
[18:46:39:048]	[RECV] A
[18:46:39:049]	[RECV] S7350142B
[18:46:39:051]	[OPER] ----- Result : Completed, Description : 
[18:46:39:643]	[OPER] ----- Load -----
[18:46:39:643]	[SEND] RESET
[18:46:39:686]	[RECV] A
[18:46:39:687]	[RECV] O
[18:46:39:690]	[SEND] CFG_SLOTS
[18:46:39:738]	[RECV] A
[18:46:39:739]	[RECV] 13
[18:46:39:742]	[SEND] LOAD O
[18:46:39:783]	[RECV] A
[18:46:51:967]	[RECV] M00000004,00000000,00000000
[18:46:51:970]	[SEND] STATUS
[18:46:52:021]	[RECV] A
[18:46:52:022]	[RECV] S33500C27
[18:46:52:023]	[OPER] ----- Result : Completed, Description : 
[18:55:16:624]	[RECV] C01000000
[18:57:26:845]	[OPER] ----- Initialize -----
[18:57:26:845]	[SEND] RESET
[18:57:26:893]	[RECV] A
[18:57:26:894]	[RECV] O
[18:57:26:897]	[SEND] HOM
[18:57:26:936]	[RECV] A
[18:57:42:316]	[RECV] O
[18:57:42:319]	[SEND] STATUS
[18:57:42:372]	[RECV] A
[18:57:42:373]	[RECV] S7350142B
[18:57:42:374]	[OPER] ----- Result : Completed, Description : 
[18:57:42:375]	[OPER] ----- ChangeToCassette -----
[18:57:42:375]	[SEND] RESET
[18:57:42:417]	[RECV] A
[18:57:42:418]	[RECV] O
[18:57:42:421]	[SEND] OC_MODE ON
[18:57:42:469]	[RECV] A
[18:57:42:470]	[RECV] O
[18:57:42:473]	[SEND] STATUS
[18:57:42:526]	[RECV] A
[18:57:42:527]	[RECV] S7350142B
[18:57:42:529]	[OPER] ----- Result : Completed, Description : 
[18:57:51:094]	[RECV] C00000004
[18:57:51:934]	[OPER] ----- Clamp -----
[18:57:51:934]	[SEND] RESET
[18:57:51:976]	[RECV] A
[18:57:51:977]	[RECV] O
[18:57:51:980]	[SEND] POD_LOCK ON
[18:57:52:030]	[RECV] A
[18:57:52:031]	[RECV] O
[18:57:52:035]	[SEND] STATUS
[18:57:52:087]	[RECV] A
[18:57:52:088]	[RECV] S7350142B
[18:57:52:090]	[OPER] ----- Result : Completed, Description : 
[18:57:52:275]	[OPER] ----- Load -----
[18:57:52:275]	[SEND] RESET
[18:57:52:317]	[RECV] A
[18:57:52:318]	[RECV] O
[18:57:52:321]	[SEND] CFG_SLOTS
[18:57:52:368]	[RECV] A
[18:57:52:369]	[RECV] 13
[18:57:52:372]	[SEND] LOAD O
[18:57:52:413]	[RECV] A
[18:58:04:488]	[RECV] M00000000,00000000,00000000
[18:58:04:491]	[SEND] STATUS
[18:58:04:542]	[RECV] A
[18:58:04:543]	[RECV] S33500C27
[18:58:04:545]	[OPER] ----- Result : Completed, Description : 
[19:07:42:459]	[RECV] C00000008
[19:07:44:168]	[OPER] ----- Unload -----
[19:07:44:168]	[SEND] RESET
[19:07:44:212]	[RECV] A
[19:07:44:213]	[RECV] O
[19:07:44:216]	[SEND] CFG_SLOTS
[19:07:44:264]	[RECV] A
[19:07:44:265]	[RECV] 13
[19:07:44:268]	[SEND] UNLOAD O
[19:07:44:312]	[RECV] A
[19:07:51:672]	[RECV] M00000000,00000000,00000000
[19:07:51:675]	[SEND] STATUS
[19:07:51:726]	[RECV] A
[19:07:51:727]	[RECV] S7350142B
[19:07:51:729]	[OPER] ----- Result : Completed, Description : 
[19:07:58:426]	[RECV] C00000020
[19:08:14:474]	[RECV] C00000010
[19:08:17:612]	[RECV] C00000004
[19:08:19:313]	[OPER] ----- Clamp -----
[19:08:19:313]	[SEND] RESET
[19:08:19:355]	[RECV] A
[19:08:19:356]	[RECV] O
[19:08:19:359]	[SEND] POD_LOCK ON
[19:08:19:411]	[RECV] A
[19:08:19:412]	[RECV] O
[19:08:19:415]	[SEND] STATUS
[19:08:19:467]	[RECV] A
[19:08:19:468]	[RECV] S7350142B
[19:08:19:469]	[OPER] ----- Result : Completed, Description : 
[19:08:19:654]	[OPER] ----- Load -----
[19:08:19:654]	[SEND] RESET
[19:08:19:697]	[RECV] A
[19:08:19:698]	[RECV] O
[19:08:19:702]	[SEND] CFG_SLOTS
[19:08:19:749]	[RECV] A
[19:08:19:750]	[RECV] 13
[19:08:19:754]	[SEND] LOAD O
[19:08:19:795]	[RECV] A
[19:08:31:868]	[RECV] M00000020,00000000,00000000
[19:08:31:871]	[SEND] STATUS
[19:08:31:923]	[RECV] A
[19:08:31:924]	[RECV] S33500C27
[19:08:31:926]	[OPER] ----- Result : Completed, Description : 
[19:32:56:851]	[RECV] C00000008
[19:32:58:559]	[OPER] ----- Unload -----
[19:32:58:559]	[SEND] RESET
[19:32:58:601]	[RECV] A
[19:32:58:602]	[RECV] O
[19:32:58:605]	[SEND] CFG_SLOTS
[19:32:58:653]	[RECV] A
[19:32:58:654]	[RECV] 13
[19:32:58:657]	[SEND] UNLOAD O
[19:32:58:700]	[RECV] A
[19:33:06:063]	[RECV] M00000020,00000000,00000000
[19:33:06:066]	[SEND] STATUS
[19:33:06:118]	[RECV] A
[19:33:06:119]	[RECV] S7350142B
[19:33:06:120]	[OPER] ----- Result : Completed, Description : 
[19:33:11:073]	[RECV] C00000020
[19:39:51:244]	[RECV] C00000010
[19:39:54:270]	[RECV] C00000004
[19:39:55:974]	[OPER] ----- Clamp -----
[19:39:55:974]	[SEND] RESET
[19:39:56:017]	[RECV] A
[19:39:56:018]	[RECV] O
[19:39:56:022]	[SEND] POD_LOCK ON
[19:39:56:074]	[RECV] A
[19:39:56:075]	[RECV] O
[19:39:56:078]	[SEND] STATUS
[19:39:56:130]	[RECV] A
[19:39:56:131]	[RECV] S7350142B
[19:39:56:132]	[OPER] ----- Result : Completed, Description : 
[19:39:56:319]	[OPER] ----- Load -----
[19:39:56:319]	[SEND] RESET
[19:39:56:362]	[RECV] A
[19:39:56:363]	[RECV] O
[19:39:56:367]	[SEND] CFG_SLOTS
[19:39:56:415]	[RECV] A
[19:39:56:416]	[RECV] 13
[19:39:56:419]	[SEND] LOAD O
[19:39:56:461]	[RECV] A
[19:40:08:566]	[RECV] M00000000,00000000,00000000
[19:40:08:570]	[SEND] STATUS
[19:40:08:621]	[RECV] A
[19:40:08:622]	[RECV] S33500C27
[19:40:08:624]	[OPER] ----- Result : Completed, Description : 
[20:13:17:675]	[RECV] C00000008
[20:13:19:366]	[OPER] ----- Unload -----
[20:13:19:366]	[SEND] RESET
[20:13:19:410]	[RECV] A
[20:13:19:411]	[RECV] O
[20:13:19:414]	[SEND] CFG_SLOTS
[20:13:19:463]	[RECV] A
[20:13:19:464]	[RECV] 13
[20:13:19:467]	[SEND] UNLOAD O
[20:13:19:512]	[RECV] A
[20:13:26:870]	[RECV] M00000000,00000000,00000000
[20:13:26:873]	[SEND] STATUS
[20:13:26:925]	[RECV] A
[20:13:26:926]	[RECV] S7350142B
[20:13:26:927]	[OPER] ----- Result : Completed, Description : 
