[23:44:04:829]	[OPER] ----- Initialize -----
[23:44:04:829]	[SEND] RESET
[23:44:04:878]	[RECV] A
[23:44:04:879]	[RECV] O
[23:44:04:882]	[SEND] HOM
[23:44:04:924]	[RECV] A
[23:44:16:295]	[RECV] O
[23:44:16:299]	[SEND] STATUS
[23:44:16:351]	[RECV] A
[23:44:16:352]	[RECV] S7350142B
[23:44:16:353]	[OPER] ----- Result : Completed, Description : 
[23:44:16:354]	[OPER] ----- ChangeToCassette -----
[23:44:16:354]	[SEND] RESET
[23:44:16:396]	[RECV] A
[23:44:16:397]	[RECV] O
[23:44:16:400]	[SEND] OC_MODE ON
[23:44:16:448]	[RECV] A
[23:44:16:449]	[RECV] O
[23:44:16:452]	[SEND] STATUS
[23:44:16:504]	[RECV] A
[23:44:16:505]	[RECV] S7350142B
[23:44:16:506]	[OPER] ----- Result : Completed, Description : 
[23:56:28:127]	[RECV] C00000020
[23:56:46:759]	[RECV] C00000010
[23:56:51:522]	[RECV] C00000004
[23:56:53:215]	[OPER] ----- Clamp -----
[23:56:53:215]	[SEND] RESET
[23:56:53:258]	[RECV] A
[23:56:53:259]	[RECV] O
[23:56:53:263]	[SEND] POD_LOCK ON
[23:56:53:315]	[RECV] A
[23:56:53:316]	[RECV] O
[23:56:53:319]	[SEND] STATUS
[23:56:53:370]	[RECV] A
[23:56:53:371]	[RECV] S7350142B
[23:56:53:373]	[OPER] ----- Result : Completed, Description : 
[23:56:53:837]	[OPER] ----- Load -----
[23:56:53:837]	[SEND] RESET
[23:56:53:879]	[RECV] A
[23:56:53:880]	[RECV] O
[23:56:53:884]	[SEND] CFG_SLOTS
[23:56:53:932]	[RECV] A
[23:56:53:933]	[RECV] 13
[23:56:53:936]	[SEND] LOAD O
[23:56:53:978]	[RECV] A
[23:57:06:352]	[RECV] M00000200,00000000,00000000
[23:57:06:356]	[SEND] STATUS
[23:57:06:408]	[RECV] A
[23:57:06:409]	[RECV] S33500C27
[23:57:06:410]	[OPER] ----- Result : Completed, Description : 
