[16:15:53:565]	[OPER] Start> Initialize
[16:15:53:565]	[SEND] RESET
[16:15:53:612]	[RECV] A
[16:15:53:613]	[RECV] O
[16:15:53:616]	[SEND] HOM
[16:15:53:660]	[RECV] A
[16:16:10:947]	[RECV] O
[16:16:10:950]	[SEND] STATUS
[16:16:11:002]	[RECV] A
[16:16:11:003]	[RECV] S7150142B
[16:16:11:004]	[OPER] End> Initialize, Result : Completed
[16:16:11:005]	[OPER] Start> ChangeToFoup
[16:16:11:005]	[SEND] RESET
[16:16:11:048]	[RECV] A
[16:16:11:049]	[RECV] O
[16:16:11:053]	[SEND] OC_MODE OFF
[16:16:11:102]	[RECV] A
[16:16:11:103]	[RECV] O
[16:16:11:107]	[SEND] STATUS
[16:16:11:159]	[RECV] A
[16:16:11:160]	[RECV] S7150142B
[16:16:11:162]	[OPER] End> ChangeToFoup, Result : Completed
[16:16:17:989]	[OPER] Start> Clamp
[16:16:17:989]	[SEND] RESET
[16:16:18:035]	[RECV] A
[16:16:18:036]	[RECV] O
[16:16:18:039]	[SEND] POD_LOCK ON
[16:16:18:088]	[RECV] A
[16:16:18:731]	[RECV] O
[16:16:18:736]	[SEND] STATUS
[16:16:18:791]	[RECV] A
[16:16:18:792]	[RECV] S7150122B
[16:16:18:794]	[OPER] End> Clamp, Result : Completed
[16:16:19:362]	[OPER] Start> Load
[16:16:19:362]	[SEND] RESET
[16:16:19:404]	[RECV] A
[16:16:19:406]	[RECV] O
[16:16:19:409]	[SEND] CFG_SLOTS
[16:16:19:456]	[RECV] A
[16:16:19:458]	[RECV] 13
[16:16:19:461]	[SEND] LOAD M
[16:16:19:504]	[RECV] A
[16:16:33:189]	[RECV] M00000000,00000000,00000000
[16:16:33:192]	[SEND] STATUS
[16:16:33:244]	[RECV] A
[16:16:33:245]	[RECV] S31500A27
[16:16:33:246]	[OPER] End> Load, Result : Completed
[16:29:31:452]	[OPER] Start> Unload
[16:29:31:452]	[SEND] RESET
[16:29:31:496]	[RECV] A
[16:29:31:497]	[RECV] O
[16:29:31:500]	[SEND] CFG_SLOTS
[16:29:31:546]	[RECV] A
[16:29:31:547]	[RECV] 13
[16:29:31:552]	[SEND] UNLOAD M
[16:29:31:595]	[RECV] A
[16:29:40:980]	[RECV] M00000000,00000000,00000000
[16:29:40:984]	[SEND] STATUS
[16:29:41:037]	[RECV] A
[16:29:41:038]	[RECV] S7150142B
[16:29:41:039]	[OPER] End> Unload, Result : Completed
[16:29:43:056]	[OPER] Start> Clamp
[16:29:43:056]	[SEND] RESET
[16:29:43:098]	[RECV] A
[16:29:43:099]	[RECV] O
[16:29:43:102]	[SEND] POD_LOCK ON
[16:29:43:147]	[RECV] A
[16:29:43:612]	[RECV] O
[16:29:43:615]	[SEND] STATUS
[16:29:43:667]	[RECV] A
[16:29:43:668]	[RECV] S7150122B
[16:29:43:670]	[OPER] End> Clamp, Result : Completed
[16:29:43:947]	[OPER] Start> Load
[16:29:43:947]	[SEND] RESET
[16:29:43:990]	[RECV] A
[16:29:43:991]	[RECV] O
[16:29:43:993]	[SEND] CFG_SLOTS
[16:29:44:042]	[RECV] A
[16:29:44:043]	[RECV] 13
[16:29:44:047]	[SEND] LOAD M
[16:29:44:089]	[RECV] A
[16:29:57:728]	[RECV] M00000000,00000000,00000000
[16:29:57:732]	[SEND] STATUS
[16:29:57:785]	[RECV] A
[16:29:57:786]	[RECV] S31500A27
[16:29:57:787]	[OPER] End> Load, Result : Completed
[16:41:48:122]	[OPER] Start> Unload
[16:41:48:122]	[SEND] RESET
[16:41:48:165]	[RECV] A
[16:41:48:166]	[RECV] O
[16:41:48:169]	[SEND] CFG_SLOTS
[16:41:48:218]	[RECV] A
[16:41:48:219]	[RECV] 13
[16:41:48:222]	[SEND] UNLOAD M
[16:41:48:266]	[RECV] A
[16:41:57:647]	[RECV] M00000000,00000000,00000000
[16:41:57:649]	[SEND] STATUS
[16:41:57:701]	[RECV] A
[16:41:57:702]	[RECV] S7150142B
[16:41:57:704]	[OPER] End> Unload, Result : Completed
[16:41:59:721]	[OPER] Start> Clamp
[16:41:59:721]	[SEND] RESET
[16:41:59:765]	[RECV] A
[16:41:59:766]	[RECV] O
[16:41:59:769]	[SEND] POD_LOCK ON
[16:41:59:817]	[RECV] A
[16:42:00:280]	[RECV] O
[16:42:00:283]	[SEND] STATUS
[16:42:00:336]	[RECV] A
[16:42:00:337]	[RECV] S7150122B
[16:42:00:338]	[OPER] End> Clamp, Result : Completed
[16:42:00:613]	[OPER] Start> Load
[16:42:00:613]	[SEND] RESET
[16:42:00:655]	[RECV] A
[16:42:00:656]	[RECV] O
[16:42:00:660]	[SEND] CFG_SLOTS
[16:42:00:709]	[RECV] A
[16:42:00:710]	[RECV] 13
[16:42:00:714]	[SEND] LOAD M
[16:42:00:757]	[RECV] A
[16:42:14:412]	[RECV] M00000000,00000000,00000000
[16:42:14:416]	[SEND] STATUS
[16:42:14:468]	[RECV] A
[16:42:14:469]	[RECV] S31500A27
[16:42:14:470]	[OPER] End> Load, Result : Completed
[16:42:36:233]	[OPER] Start> Unload
[16:42:36:233]	[SEND] RESET
[16:42:36:282]	[RECV] A
[16:42:36:283]	[RECV] O
[16:42:36:287]	[SEND] CFG_SLOTS
[16:42:36:337]	[RECV] A
[16:42:36:338]	[RECV] 13
[16:42:36:341]	[SEND] UNLOAD M
[16:42:36:385]	[RECV] A
[16:42:45:768]	[RECV] M00000000,00000000,00000000
[16:42:45:771]	[SEND] STATUS
[16:42:45:823]	[RECV] A
[16:42:45:824]	[RECV] S7150142B
[16:42:45:825]	[OPER] End> Unload, Result : Completed
[16:45:06:328]	[OPER] Start> Initialize
[16:45:06:328]	[SEND] RESET
[16:45:06:376]	[RECV] A
[16:45:06:377]	[RECV] O
[16:45:06:381]	[SEND] HOM
[16:45:06:424]	[RECV] A
[16:45:23:708]	[RECV] O
[16:45:23:711]	[SEND] STATUS
[16:45:23:763]	[RECV] A
[16:45:23:765]	[RECV] S7150142B
[16:45:23:767]	[OPER] End> Initialize, Result : Completed
[16:45:23:768]	[OPER] Start> ChangeToFoup
[16:45:23:768]	[SEND] RESET
[16:45:23:811]	[RECV] A
[16:45:23:812]	[RECV] O
[16:45:23:816]	[SEND] OC_MODE OFF
[16:45:23:866]	[RECV] A
[16:45:23:867]	[RECV] O
[16:45:23:870]	[SEND] STATUS
[16:45:23:922]	[RECV] A
[16:45:23:923]	[RECV] S7150142B
[16:45:23:924]	[OPER] End> ChangeToFoup, Result : Completed
[16:45:45:485]	[OPER] Start> Clamp
[16:45:45:485]	[SEND] RESET
[16:45:45:537]	[RECV] A
[16:45:45:539]	[RECV] O
[16:45:45:543]	[SEND] POD_LOCK ON
[16:45:45:599]	[RECV] A
[16:45:46:225]	[RECV] O
[16:45:46:230]	[SEND] STATUS
[16:45:46:282]	[RECV] A
[16:45:46:283]	[RECV] S7150122B
[16:45:46:284]	[OPER] End> Clamp, Result : Completed
[16:45:46:850]	[OPER] Start> Load
[16:45:46:850]	[SEND] RESET
[16:45:46:893]	[RECV] A
[16:45:46:894]	[RECV] O
[16:45:46:898]	[SEND] CFG_SLOTS
[16:45:46:948]	[RECV] A
[16:45:46:949]	[RECV] 13
[16:45:46:952]	[SEND] LOAD M
[16:45:46:995]	[RECV] A
[16:46:00:679]	[RECV] M00000000,00000000,00000000
[16:46:00:683]	[SEND] STATUS
[16:46:00:736]	[RECV] A
[16:46:00:737]	[RECV] S31500A27
[16:46:00:739]	[OPER] End> Load, Result : Completed
[16:58:55:608]	[OPER] Start> Unload
[16:58:55:608]	[SEND] RESET
[16:58:55:650]	[RECV] A
[16:58:55:651]	[RECV] O
[16:58:55:653]	[SEND] CFG_SLOTS
[16:58:55:702]	[RECV] A
[16:58:55:703]	[RECV] 13
[16:58:55:707]	[SEND] UNLOAD M
[16:58:55:751]	[RECV] A
[16:59:05:133]	[RECV] M00000000,00000000,00000000
[16:59:05:137]	[SEND] STATUS
[16:59:05:188]	[RECV] A
[16:59:05:189]	[RECV] S7150142B
[16:59:05:191]	[OPER] End> Unload, Result : Completed
[16:59:07:208]	[OPER] Start> Clamp
[16:59:07:208]	[SEND] RESET
[16:59:07:250]	[RECV] A
[16:59:07:251]	[RECV] O
[16:59:07:254]	[SEND] POD_LOCK ON
[16:59:07:301]	[RECV] A
[16:59:07:762]	[RECV] O
[16:59:07:766]	[SEND] STATUS
[16:59:07:818]	[RECV] A
[16:59:07:819]	[RECV] S7150122B
[16:59:07:820]	[OPER] End> Clamp, Result : Completed
[16:59:08:095]	[OPER] Start> Load
[16:59:08:095]	[SEND] RESET
[16:59:08:137]	[RECV] A
[16:59:08:138]	[RECV] O
[16:59:08:141]	[SEND] CFG_SLOTS
[16:59:08:189]	[RECV] A
[16:59:08:190]	[RECV] 13
[16:59:08:193]	[SEND] LOAD M
[16:59:08:235]	[RECV] A
[16:59:21:878]	[RECV] M00000000,00000000,00000000
[16:59:21:882]	[SEND] STATUS
[16:59:21:934]	[RECV] A
[16:59:21:935]	[RECV] S31500A27
[16:59:21:936]	[OPER] End> Load, Result : Completed
[17:11:08:511]	[OPER] Start> Unload
[17:11:08:511]	[SEND] RESET
[17:11:08:554]	[RECV] A
[17:11:08:555]	[RECV] O
[17:11:08:558]	[SEND] CFG_SLOTS
[17:11:08:605]	[RECV] A
[17:11:08:606]	[RECV] 13
[17:11:08:610]	[SEND] UNLOAD M
[17:11:08:652]	[RECV] A
[17:11:18:032]	[RECV] M00000000,00000000,00000000
[17:11:18:035]	[SEND] STATUS
[17:11:18:087]	[RECV] A
[17:11:18:088]	[RECV] S7150142B
[17:11:18:089]	[OPER] End> Unload, Result : Completed
[17:11:20:105]	[OPER] Start> Clamp
[17:11:20:105]	[SEND] RESET
[17:11:20:147]	[RECV] A
[17:11:20:148]	[RECV] O
[17:11:20:151]	[SEND] POD_LOCK ON
[17:11:20:198]	[RECV] A
[17:11:20:659]	[RECV] O
[17:11:20:663]	[SEND] STATUS
[17:11:20:716]	[RECV] A
[17:11:20:717]	[RECV] S7150122B
[17:11:20:718]	[OPER] End> Clamp, Result : Completed
[17:11:20:990]	[OPER] Start> Load
[17:11:20:990]	[SEND] RESET
[17:11:21:032]	[RECV] A
[17:11:21:033]	[RECV] O
[17:11:21:037]	[SEND] CFG_SLOTS
[17:11:21:085]	[RECV] A
[17:11:21:086]	[RECV] 13
[17:11:21:091]	[SEND] LOAD M
[17:11:21:132]	[RECV] A
[17:11:34:782]	[RECV] M00000000,00000000,00000000
[17:11:34:785]	[SEND] STATUS
[17:11:34:837]	[RECV] A
[17:11:34:838]	[RECV] S31500A27
[17:11:34:839]	[OPER] End> Load, Result : Completed
[17:23:35:809]	[OPER] Start> Unload
[17:23:35:809]	[SEND] RESET
[17:23:35:852]	[RECV] A
[17:23:35:853]	[RECV] O
[17:23:35:857]	[SEND] CFG_SLOTS
[17:23:35:904]	[RECV] A
[17:23:35:905]	[RECV] 13
[17:23:35:908]	[SEND] UNLOAD M
[17:23:35:952]	[RECV] A
[17:23:45:327]	[RECV] M00000000,00000000,00000000
[17:23:45:330]	[SEND] STATUS
[17:23:45:382]	[RECV] A
[17:23:45:383]	[RECV] S7150142B
[17:23:45:384]	[OPER] End> Unload, Result : Completed
[17:23:47:400]	[OPER] Start> Clamp
[17:23:47:400]	[SEND] RESET
[17:23:47:444]	[RECV] A
[17:23:47:445]	[RECV] O
[17:23:47:449]	[SEND] POD_LOCK ON
[17:23:47:495]	[RECV] A
[17:23:47:956]	[RECV] O
[17:23:47:959]	[SEND] STATUS
[17:23:48:011]	[RECV] A
[17:23:48:012]	[RECV] S7150122B
[17:23:48:014]	[OPER] End> Clamp, Result : Completed
[17:23:48:288]	[OPER] Start> Load
[17:23:48:288]	[SEND] RESET
[17:23:48:332]	[RECV] A
[17:23:48:333]	[RECV] O
[17:23:48:336]	[SEND] CFG_SLOTS
[17:23:48:384]	[RECV] A
[17:23:48:385]	[RECV] 13
[17:23:48:388]	[SEND] LOAD M
[17:23:48:430]	[RECV] A
[17:24:02:094]	[RECV] M00000000,00000000,00000000
[17:24:02:098]	[SEND] STATUS
[17:24:02:150]	[RECV] A
[17:24:02:151]	[RECV] S31500A27
[17:24:02:153]	[OPER] End> Load, Result : Completed
[17:36:10:055]	[OPER] Start> Unload
[17:36:10:055]	[SEND] RESET
[17:36:10:098]	[RECV] A
[17:36:10:099]	[RECV] O
[17:36:10:102]	[SEND] CFG_SLOTS
[17:36:10:150]	[RECV] A
[17:36:10:151]	[RECV] 13
[17:36:10:153]	[SEND] UNLOAD M
[17:36:10:197]	[RECV] A
[17:36:19:579]	[RECV] M00000000,00000000,00000000
[17:36:19:582]	[SEND] STATUS
[17:36:19:633]	[RECV] A
[17:36:19:634]	[RECV] S7150142B
[17:36:19:635]	[OPER] End> Unload, Result : Completed
[17:36:21:651]	[OPER] Start> Clamp
[17:36:21:651]	[SEND] RESET
[17:36:21:693]	[RECV] A
[17:36:21:694]	[RECV] O
[17:36:21:696]	[SEND] POD_LOCK ON
[17:36:21:743]	[RECV] A
[17:36:22:204]	[RECV] O
[17:36:22:207]	[SEND] STATUS
[17:36:22:257]	[RECV] A
[17:36:22:258]	[RECV] S7150122B
[17:36:22:258]	[OPER] End> Clamp, Result : Completed
[17:36:22:536]	[OPER] Start> Load
[17:36:22:536]	[SEND] RESET
[17:36:22:579]	[RECV] A
[17:36:22:580]	[RECV] O
[17:36:22:583]	[SEND] CFG_SLOTS
[17:36:22:630]	[RECV] A
[17:36:22:631]	[RECV] 13
[17:36:22:634]	[SEND] LOAD M
[17:36:22:675]	[RECV] A
[17:36:36:325]	[RECV] M00000000,00000000,00000000
[17:36:36:329]	[SEND] STATUS
[17:36:36:380]	[RECV] A
[17:36:36:381]	[RECV] S31500A27
[17:36:36:384]	[OPER] End> Load, Result : Completed
[17:48:38:375]	[OPER] Start> Unload
[17:48:38:375]	[SEND] RESET
[17:48:38:418]	[RECV] A
[17:48:38:419]	[RECV] O
[17:48:38:423]	[SEND] CFG_SLOTS
[17:48:38:472]	[RECV] A
[17:48:38:473]	[RECV] 13
[17:48:38:476]	[SEND] UNLOAD M
[17:48:38:519]	[RECV] A
[17:48:47:899]	[RECV] M00000000,00000000,00000000
[17:48:47:902]	[SEND] STATUS
[17:48:47:955]	[RECV] A
[17:48:47:955]	[RECV] S7150142B
[17:48:47:956]	[OPER] End> Unload, Result : Completed
[17:48:49:973]	[OPER] Start> Clamp
[17:48:49:973]	[SEND] RESET
[17:48:50:016]	[RECV] A
[17:48:50:017]	[RECV] O
[17:48:50:020]	[SEND] POD_LOCK ON
[17:48:50:068]	[RECV] A
[17:48:50:527]	[RECV] O
[17:48:50:529]	[SEND] STATUS
[17:48:50:580]	[RECV] A
[17:48:50:581]	[RECV] S7150122B
[17:48:50:583]	[OPER] End> Clamp, Result : Completed
[17:48:50:857]	[OPER] Start> Load
[17:48:50:857]	[SEND] RESET
[17:48:50:899]	[RECV] A
[17:48:50:900]	[RECV] O
[17:48:50:903]	[SEND] CFG_SLOTS
[17:48:50:950]	[RECV] A
[17:48:50:951]	[RECV] 13
[17:48:50:955]	[SEND] LOAD M
[17:48:50:996]	[RECV] A
[17:49:04:665]	[RECV] M00000000,00000000,00000000
[17:49:04:668]	[SEND] STATUS
[17:49:04:721]	[RECV] A
[17:49:04:722]	[RECV] S31500A27
[17:49:04:724]	[OPER] End> Load, Result : Completed
[18:01:09:393]	[OPER] Start> Unload
[18:01:09:393]	[SEND] RESET
[18:01:09:436]	[RECV] A
[18:01:09:437]	[RECV] O
[18:01:09:439]	[SEND] CFG_SLOTS
[18:01:09:486]	[RECV] A
[18:01:09:487]	[RECV] 13
[18:01:09:491]	[SEND] UNLOAD M
[18:01:09:534]	[RECV] A
[18:01:18:919]	[RECV] M00000000,00000000,00000000
[18:01:18:922]	[SEND] STATUS
[18:01:18:973]	[RECV] A
[18:01:18:974]	[RECV] S7150142B
[18:01:18:975]	[OPER] End> Unload, Result : Completed
[18:01:20:991]	[OPER] Start> Clamp
[18:01:20:991]	[SEND] RESET
[18:01:21:034]	[RECV] A
[18:01:21:035]	[RECV] O
[18:01:21:039]	[SEND] POD_LOCK ON
[18:01:21:085]	[RECV] A
[18:01:21:550]	[RECV] O
[18:01:21:554]	[SEND] STATUS
[18:01:21:606]	[RECV] A
[18:01:21:607]	[RECV] S7150122B
[18:01:21:609]	[OPER] End> Clamp, Result : Completed
[18:01:21:887]	[OPER] Start> Load
[18:01:21:887]	[SEND] RESET
[18:01:21:931]	[RECV] A
[18:01:21:932]	[RECV] O
[18:01:21:934]	[SEND] CFG_SLOTS
[18:01:21:983]	[RECV] A
[18:01:21:984]	[RECV] 13
[18:01:21:988]	[SEND] LOAD M
[18:01:22:029]	[RECV] A
[18:01:35:685]	[RECV] M00000000,00000000,00000000
[18:01:35:688]	[SEND] STATUS
[18:01:35:740]	[RECV] A
[18:01:35:741]	[RECV] S31500A27
[18:01:35:742]	[OPER] End> Load, Result : Completed
[18:13:31:423]	[OPER] Start> Unload
[18:13:31:423]	[SEND] RESET
[18:13:31:465]	[RECV] A
[18:13:31:466]	[RECV] O
[18:13:31:468]	[SEND] CFG_SLOTS
[18:13:31:516]	[RECV] A
[18:13:31:517]	[RECV] 13
[18:13:31:520]	[SEND] UNLOAD M
[18:13:31:563]	[RECV] A
[18:13:40:946]	[RECV] M00000000,00000000,00000000
[18:13:40:948]	[SEND] STATUS
[18:13:41:001]	[RECV] A
[18:13:41:002]	[RECV] S7150142B
[18:13:41:003]	[OPER] End> Unload, Result : Completed
[18:13:43:019]	[OPER] Start> Clamp
[18:13:43:019]	[SEND] RESET
[18:13:43:063]	[RECV] A
[18:13:43:064]	[RECV] O
[18:13:43:068]	[SEND] POD_LOCK ON
[18:13:43:116]	[RECV] A
[18:13:43:575]	[RECV] O
[18:13:43:579]	[SEND] STATUS
[18:13:43:631]	[RECV] A
[18:13:43:632]	[RECV] S7150122B
[18:13:43:633]	[OPER] End> Clamp, Result : Completed
[18:13:43:909]	[OPER] Start> Load
[18:13:43:909]	[SEND] RESET
[18:13:43:950]	[RECV] A
[18:13:43:951]	[RECV] O
[18:13:43:955]	[SEND] CFG_SLOTS
[18:13:44:002]	[RECV] A
[18:13:44:003]	[RECV] 13
[18:13:44:007]	[SEND] LOAD M
[18:13:44:049]	[RECV] A
[18:13:57:711]	[RECV] M00000000,00000000,00000000
[18:13:57:714]	[SEND] STATUS
[18:13:57:766]	[RECV] A
[18:13:57:767]	[RECV] S31500A27
[18:13:57:769]	[OPER] End> Load, Result : Completed
[18:26:02:540]	[OPER] Start> Unload
[18:26:02:540]	[SEND] RESET
[18:26:02:582]	[RECV] A
[18:26:02:583]	[RECV] O
[18:26:02:586]	[SEND] CFG_SLOTS
[18:26:02:636]	[RECV] A
[18:26:02:637]	[RECV] 13
[18:26:02:640]	[SEND] UNLOAD M
[18:26:02:684]	[RECV] A
[18:26:12:073]	[RECV] M00000000,00000000,00000000
[18:26:12:076]	[SEND] STATUS
[18:26:12:128]	[RECV] A
[18:26:12:129]	[RECV] S7150142B
[18:26:12:130]	[OPER] End> Unload, Result : Completed
[18:26:14:146]	[OPER] Start> Clamp
[18:26:14:146]	[SEND] RESET
[18:26:14:188]	[RECV] A
[18:26:14:189]	[RECV] O
[18:26:14:192]	[SEND] POD_LOCK ON
[18:26:14:240]	[RECV] A
[18:26:14:704]	[RECV] O
[18:26:14:708]	[SEND] STATUS
[18:26:14:760]	[RECV] A
[18:26:14:761]	[RECV] S7150122B
[18:26:14:762]	[OPER] End> Clamp, Result : Completed
[18:26:15:035]	[OPER] Start> Load
[18:26:15:035]	[SEND] RESET
[18:26:15:079]	[RECV] A
[18:26:15:080]	[RECV] O
[18:26:15:083]	[SEND] CFG_SLOTS
[18:26:15:132]	[RECV] A
[18:26:15:133]	[RECV] 13
[18:26:15:135]	[SEND] LOAD M
[18:26:15:177]	[RECV] A
[18:26:28:826]	[RECV] M00000000,00000000,00000000
[18:26:28:829]	[SEND] STATUS
[18:26:28:881]	[RECV] A
[18:26:28:882]	[RECV] S31500A27
[18:26:28:883]	[OPER] End> Load, Result : Completed
[18:38:29:765]	[OPER] Start> Unload
[18:38:29:765]	[SEND] RESET
[18:38:29:808]	[RECV] A
[18:38:29:809]	[RECV] O
[18:38:29:813]	[SEND] CFG_SLOTS
[18:38:29:860]	[RECV] A
[18:38:29:861]	[RECV] 13
[18:38:29:865]	[SEND] UNLOAD M
[18:38:29:909]	[RECV] A
[18:38:39:291]	[RECV] M00000000,00000000,00000000
[18:38:39:294]	[SEND] STATUS
[18:38:39:345]	[RECV] A
[18:38:39:346]	[RECV] S7150142B
[18:38:39:348]	[OPER] End> Unload, Result : Completed
[18:38:41:364]	[OPER] Start> Clamp
[18:38:41:364]	[SEND] RESET
[18:38:41:407]	[RECV] A
[18:38:41:408]	[RECV] O
[18:38:41:412]	[SEND] POD_LOCK ON
[18:38:41:459]	[RECV] A
[18:38:41:920]	[RECV] O
[18:38:41:923]	[SEND] STATUS
[18:38:41:975]	[RECV] A
[18:38:41:976]	[RECV] S7150122B
[18:38:41:978]	[OPER] End> Clamp, Result : Completed
[18:38:42:252]	[OPER] Start> Load
[18:38:42:252]	[SEND] RESET
[18:38:42:294]	[RECV] A
[18:38:42:295]	[RECV] O
[18:38:42:298]	[SEND] CFG_SLOTS
[18:38:42:346]	[RECV] A
[18:38:42:347]	[RECV] 13
[18:38:42:350]	[SEND] LOAD M
[18:38:42:392]	[RECV] A
[18:38:56:065]	[RECV] M00000000,00000000,00000000
[18:38:56:069]	[SEND] STATUS
[18:38:56:121]	[RECV] A
[18:38:56:122]	[RECV] S31500A27
[18:38:56:123]	[OPER] End> Load, Result : Completed
[18:51:06:635]	[OPER] Start> Unload
[18:51:06:635]	[SEND] RESET
[18:51:06:678]	[RECV] A
[18:51:06:679]	[RECV] O
[18:51:06:682]	[SEND] CFG_SLOTS
[18:51:06:731]	[RECV] A
[18:51:06:733]	[RECV] 13
[18:51:06:737]	[SEND] UNLOAD M
[18:51:06:780]	[RECV] A
[18:51:16:171]	[RECV] M00000000,00000000,00000000
[18:51:16:175]	[SEND] STATUS
[18:51:16:228]	[RECV] A
[18:51:16:229]	[RECV] S7150142B
[18:51:16:231]	[OPER] End> Unload, Result : Completed
[18:51:18:247]	[OPER] Start> Clamp
[18:51:18:247]	[SEND] RESET
[18:51:18:290]	[RECV] A
[18:51:18:291]	[RECV] O
[18:51:18:295]	[SEND] POD_LOCK ON
[18:51:18:341]	[RECV] A
[18:51:18:801]	[RECV] O
[18:51:18:805]	[SEND] STATUS
[18:51:18:858]	[RECV] A
[18:51:18:859]	[RECV] S7150122B
[18:51:18:861]	[OPER] End> Clamp, Result : Completed
[18:51:19:139]	[OPER] Start> Load
[18:51:19:139]	[SEND] RESET
[18:51:19:180]	[RECV] A
[18:51:19:181]	[RECV] O
[18:51:19:185]	[SEND] CFG_SLOTS
[18:51:19:233]	[RECV] A
[18:51:19:234]	[RECV] 13
[18:51:19:237]	[SEND] LOAD M
[18:51:19:279]	[RECV] A
[18:51:32:933]	[RECV] M00000000,00000000,00000000
[18:51:32:937]	[SEND] STATUS
[18:51:32:989]	[RECV] A
[18:51:32:990]	[RECV] S31500A27
[18:51:32:991]	[OPER] End> Load, Result : Completed
[19:03:38:109]	[OPER] Start> Unload
[19:03:38:109]	[SEND] RESET
[19:03:38:151]	[RECV] A
[19:03:38:152]	[RECV] O
[19:03:38:157]	[SEND] CFG_SLOTS
[19:03:38:206]	[RECV] A
[19:03:38:207]	[RECV] 13
[19:03:38:211]	[SEND] UNLOAD M
[19:03:38:255]	[RECV] A
[19:03:47:641]	[RECV] M00000000,00000000,00000000
[19:03:47:644]	[SEND] STATUS
[19:03:47:697]	[RECV] A
[19:03:47:698]	[RECV] S7150142B
[19:03:47:699]	[OPER] End> Unload, Result : Completed
[19:03:49:716]	[OPER] Start> Clamp
[19:03:49:716]	[SEND] RESET
[19:03:49:758]	[RECV] A
[19:03:49:759]	[RECV] O
[19:03:49:762]	[SEND] POD_LOCK ON
[19:03:49:810]	[RECV] A
[19:03:50:270]	[RECV] O
[19:03:50:274]	[SEND] STATUS
[19:03:50:325]	[RECV] A
[19:03:50:326]	[RECV] S7150122B
[19:03:50:328]	[OPER] End> Clamp, Result : Completed
[19:03:50:601]	[OPER] Start> Load
[19:03:50:601]	[SEND] RESET
[19:03:50:645]	[RECV] A
[19:03:50:646]	[RECV] O
[19:03:50:650]	[SEND] CFG_SLOTS
[19:03:50:699]	[RECV] A
[19:03:50:700]	[RECV] 13
[19:03:50:703]	[SEND] LOAD M
[19:03:50:744]	[RECV] A
[19:04:04:419]	[RECV] M00000000,00000000,00000000
[19:04:04:423]	[SEND] STATUS
[19:04:04:475]	[RECV] A
[19:04:04:476]	[RECV] S31500A27
[19:04:04:477]	[OPER] End> Load, Result : Completed
[19:16:15:970]	[OPER] Start> Unload
[19:16:15:970]	[SEND] RESET
[19:16:16:014]	[RECV] A
[19:16:16:015]	[RECV] O
[19:16:16:017]	[SEND] CFG_SLOTS
[19:16:16:067]	[RECV] A
[19:16:16:068]	[RECV] 13
[19:16:16:071]	[SEND] UNLOAD M
[19:16:16:116]	[RECV] A
[19:16:25:512]	[RECV] M00000000,00000000,00000000
[19:16:25:516]	[SEND] STATUS
[19:16:25:568]	[RECV] A
[19:16:25:569]	[RECV] S7150142B
[19:16:25:570]	[OPER] End> Unload, Result : Completed
[19:16:27:585]	[OPER] Start> Clamp
[19:16:27:585]	[SEND] RESET
[19:16:27:628]	[RECV] A
[19:16:27:629]	[RECV] O
[19:16:27:632]	[SEND] POD_LOCK ON
[19:16:27:679]	[RECV] A
[19:16:28:146]	[RECV] O
[19:16:28:149]	[SEND] STATUS
[19:16:28:201]	[RECV] A
[19:16:28:202]	[RECV] S7150122B
[19:16:28:204]	[OPER] End> Clamp, Result : Completed
[19:16:28:479]	[OPER] Start> Load
[19:16:28:479]	[SEND] RESET
[19:16:28:521]	[RECV] A
[19:16:28:522]	[RECV] O
[19:16:28:525]	[SEND] CFG_SLOTS
[19:16:28:574]	[RECV] A
[19:16:28:575]	[RECV] 13
[19:16:28:578]	[SEND] LOAD M
[19:16:28:618]	[RECV] A
[19:16:42:276]	[RECV] M00000000,00000000,00000000
[19:16:42:279]	[SEND] STATUS
[19:16:42:331]	[RECV] A
[19:16:42:332]	[RECV] S31500A27
[19:16:42:333]	[OPER] End> Load, Result : Completed
[19:28:53:477]	[OPER] Start> Unload
[19:28:53:477]	[SEND] RESET
[19:28:53:521]	[RECV] A
[19:28:53:522]	[RECV] O
[19:28:53:526]	[SEND] CFG_SLOTS
[19:28:53:573]	[RECV] A
[19:28:53:574]	[RECV] 13
[19:28:53:577]	[SEND] UNLOAD M
[19:28:53:621]	[RECV] A
[19:29:03:011]	[RECV] M00000000,00000000,00000000
[19:29:03:015]	[SEND] STATUS
[19:29:03:067]	[RECV] A
[19:29:03:068]	[RECV] S7150142B
[19:29:03:069]	[OPER] End> Unload, Result : Completed
[19:29:05:086]	[OPER] Start> Clamp
[19:29:05:086]	[SEND] RESET
[19:29:05:128]	[RECV] A
[19:29:05:129]	[RECV] O
[19:29:05:133]	[SEND] POD_LOCK ON
[19:29:05:181]	[RECV] A
[19:29:05:641]	[RECV] O
[19:29:05:645]	[SEND] STATUS
[19:29:05:697]	[RECV] A
[19:29:05:698]	[RECV] S7150122B
[19:29:05:700]	[OPER] End> Clamp, Result : Completed
[19:29:05:975]	[OPER] Start> Load
[19:29:05:975]	[SEND] RESET
[19:29:06:018]	[RECV] A
[19:29:06:019]	[RECV] O
[19:29:06:021]	[SEND] CFG_SLOTS
[19:29:06:069]	[RECV] A
[19:29:06:070]	[RECV] 13
[19:29:06:073]	[SEND] LOAD M
[19:29:06:115]	[RECV] A
[19:29:19:785]	[RECV] M00000000,00000000,00000000
[19:29:19:788]	[SEND] STATUS
[19:29:19:840]	[RECV] A
[19:29:19:842]	[RECV] S31500A27
[19:29:19:843]	[OPER] End> Load, Result : Completed
[19:41:20:162]	[OPER] Start> Unload
[19:41:20:162]	[SEND] RESET
[19:41:20:206]	[RECV] A
[19:41:20:207]	[RECV] O
[19:41:20:212]	[SEND] CFG_SLOTS
[19:41:20:260]	[RECV] A
[19:41:20:261]	[RECV] 13
[19:41:20:264]	[SEND] UNLOAD M
[19:41:20:307]	[RECV] A
[19:41:29:699]	[RECV] M00000000,00000000,00000000
[19:41:29:702]	[SEND] STATUS
[19:41:29:754]	[RECV] A
[19:41:29:755]	[RECV] S7150142B
[19:41:29:756]	[OPER] End> Unload, Result : Completed
[19:41:31:771]	[OPER] Start> Clamp
[19:41:31:771]	[SEND] RESET
[19:41:31:814]	[RECV] A
[19:41:31:815]	[RECV] O
[19:41:31:817]	[SEND] POD_LOCK ON
[19:41:31:863]	[RECV] A
[19:41:32:325]	[RECV] O
[19:41:32:330]	[SEND] STATUS
[19:41:32:382]	[RECV] A
[19:41:32:383]	[RECV] S7150122B
[19:41:32:384]	[OPER] End> Clamp, Result : Completed
[19:41:32:658]	[OPER] Start> Load
[19:41:32:658]	[SEND] RESET
[19:41:32:700]	[RECV] A
[19:41:32:701]	[RECV] O
[19:41:32:704]	[SEND] CFG_SLOTS
[19:41:32:752]	[RECV] A
[19:41:32:753]	[RECV] 13
[19:41:32:755]	[SEND] LOAD M
[19:41:32:797]	[RECV] A
[19:41:46:445]	[RECV] M00000000,00000000,00000000
[19:41:46:448]	[SEND] STATUS
[19:41:46:500]	[RECV] A
[19:41:46:501]	[RECV] S31500A27
[19:41:46:501]	[OPER] End> Load, Result : Completed
[19:53:39:716]	[OPER] Start> Unload
[19:53:39:716]	[SEND] RESET
[19:53:39:759]	[RECV] A
[19:53:39:760]	[RECV] O
[19:53:39:763]	[SEND] CFG_SLOTS
[19:53:39:811]	[RECV] A
[19:53:39:812]	[RECV] 13
[19:53:39:816]	[SEND] UNLOAD M
[19:53:39:859]	[RECV] A
[19:53:49:245]	[RECV] M00000000,00000000,00000000
[19:53:49:248]	[SEND] STATUS
[19:53:49:301]	[RECV] A
[19:53:49:302]	[RECV] S7150142B
[19:53:49:304]	[OPER] End> Unload, Result : Completed
[19:53:51:320]	[OPER] Start> Clamp
[19:53:51:320]	[SEND] RESET
[19:53:51:363]	[RECV] A
[19:53:51:364]	[RECV] O
[19:53:51:366]	[SEND] POD_LOCK ON
[19:53:51:412]	[RECV] A
[19:53:51:875]	[RECV] O
[19:53:51:878]	[SEND] STATUS
[19:53:51:931]	[RECV] A
[19:53:51:932]	[RECV] S7150122B
[19:53:51:934]	[OPER] End> Clamp, Result : Completed
[19:53:52:210]	[OPER] Start> Load
[19:53:52:210]	[SEND] RESET
[19:53:52:253]	[RECV] A
[19:53:52:254]	[RECV] O
[19:53:52:258]	[SEND] CFG_SLOTS
[19:53:52:305]	[RECV] A
[19:53:52:306]	[RECV] 13
[19:53:52:308]	[SEND] LOAD M
[19:53:52:349]	[RECV] A
[19:54:06:027]	[RECV] M00000000,00000000,00000000
[19:54:06:031]	[SEND] STATUS
[19:54:06:082]	[RECV] A
[19:54:06:083]	[RECV] S31500A27
[19:54:06:084]	[OPER] End> Load, Result : Completed
[20:06:02:342]	[OPER] Start> Unload
[20:06:02:342]	[SEND] RESET
[20:06:02:385]	[RECV] A
[20:06:02:386]	[RECV] O
[20:06:02:389]	[SEND] CFG_SLOTS
[20:06:02:437]	[RECV] A
[20:06:02:438]	[RECV] 13
[20:06:02:441]	[SEND] UNLOAD M
[20:06:02:486]	[RECV] A
[20:06:11:873]	[RECV] M00000000,00000000,00000000
[20:06:11:877]	[SEND] STATUS
[20:06:11:929]	[RECV] A
[20:06:11:930]	[RECV] S7150142B
[20:06:11:932]	[OPER] End> Unload, Result : Completed
[20:06:13:947]	[OPER] Start> Clamp
[20:06:13:947]	[SEND] RESET
[20:06:13:991]	[RECV] A
[20:06:13:992]	[RECV] O
[20:06:13:997]	[SEND] POD_LOCK ON
[20:06:14:044]	[RECV] A
[20:06:14:505]	[RECV] O
[20:06:14:509]	[SEND] STATUS
[20:06:14:560]	[RECV] A
[20:06:14:561]	[RECV] S7150122B
[20:06:14:562]	[OPER] End> Clamp, Result : Completed
[20:06:14:837]	[OPER] Start> Load
[20:06:14:837]	[SEND] RESET
[20:06:14:881]	[RECV] A
[20:06:14:882]	[RECV] O
[20:06:14:885]	[SEND] CFG_SLOTS
[20:06:14:932]	[RECV] A
[20:06:14:933]	[RECV] 13
[20:06:14:936]	[SEND] LOAD M
[20:06:14:977]	[RECV] A
[20:06:28:630]	[RECV] M00000000,00000000,00000000
[20:06:28:633]	[SEND] STATUS
[20:06:28:685]	[RECV] A
[20:06:28:686]	[RECV] S31500A27
[20:06:28:688]	[OPER] End> Load, Result : Completed
[20:18:17:588]	[OPER] Start> Unload
[20:18:17:588]	[SEND] RESET
[20:18:17:631]	[RECV] A
[20:18:17:632]	[RECV] O
[20:18:17:635]	[SEND] CFG_SLOTS
[20:18:17:683]	[RECV] A
[20:18:17:684]	[RECV] 13
[20:18:17:688]	[SEND] UNLOAD M
[20:18:17:731]	[RECV] A
[20:18:27:117]	[RECV] M00000000,00000000,00000000
[20:18:27:121]	[SEND] STATUS
[20:18:27:174]	[RECV] A
[20:18:27:175]	[RECV] S7150142B
[20:18:27:177]	[OPER] End> Unload, Result : Completed
[20:18:29:193]	[OPER] Start> Clamp
[20:18:29:193]	[SEND] RESET
[20:18:29:236]	[RECV] A
[20:18:29:237]	[RECV] O
[20:18:29:240]	[SEND] POD_LOCK ON
[20:18:29:287]	[RECV] A
[20:18:29:748]	[RECV] O
[20:18:29:751]	[SEND] STATUS
[20:18:29:803]	[RECV] A
[20:18:29:804]	[RECV] S7150122B
[20:18:29:806]	[OPER] End> Clamp, Result : Completed
[20:18:30:083]	[OPER] Start> Load
[20:18:30:083]	[SEND] RESET
[20:18:30:125]	[RECV] A
[20:18:30:126]	[RECV] O
[20:18:30:129]	[SEND] CFG_SLOTS
[20:18:30:177]	[RECV] A
[20:18:30:178]	[RECV] 13
[20:18:30:182]	[SEND] LOAD M
[20:18:30:222]	[RECV] A
[20:18:43:901]	[RECV] M00000000,00000000,00000000
[20:18:43:905]	[SEND] STATUS
[20:18:43:957]	[RECV] A
[20:18:43:958]	[RECV] S31500A27
[20:18:43:959]	[OPER] End> Load, Result : Completed
[20:30:42:213]	[OPER] Start> Unload
[20:30:42:213]	[SEND] RESET
[20:30:42:258]	[RECV] A
[20:30:42:259]	[RECV] O
[20:30:42:261]	[SEND] CFG_SLOTS
[20:30:42:309]	[RECV] A
[20:30:42:310]	[RECV] 13
[20:30:42:312]	[SEND] UNLOAD M
[20:30:42:356]	[RECV] A
[20:30:51:746]	[RECV] M00000000,00000000,00000000
[20:30:51:750]	[SEND] STATUS
[20:30:51:802]	[RECV] A
[20:30:51:803]	[RECV] S7150142B
[20:30:51:804]	[OPER] End> Unload, Result : Completed
[20:30:53:820]	[OPER] Start> Clamp
[20:30:53:820]	[SEND] RESET
[20:30:53:863]	[RECV] A
[20:30:53:864]	[RECV] O
[20:30:53:866]	[SEND] POD_LOCK ON
[20:30:53:913]	[RECV] A
[20:30:54:377]	[RECV] O
[20:30:54:380]	[SEND] STATUS
[20:30:54:431]	[RECV] A
[20:30:54:432]	[RECV] S7150122B
[20:30:54:433]	[OPER] End> Clamp, Result : Completed
[20:30:54:707]	[OPER] Start> Load
[20:30:54:707]	[SEND] RESET
[20:30:54:749]	[RECV] A
[20:30:54:750]	[RECV] O
[20:30:54:753]	[SEND] CFG_SLOTS
[20:30:54:801]	[RECV] A
[20:30:54:802]	[RECV] 13
[20:30:54:806]	[SEND] LOAD M
[20:30:54:846]	[RECV] A
[20:31:08:502]	[RECV] M00000000,00000000,00000000
[20:31:08:505]	[SEND] STATUS
[20:31:08:557]	[RECV] A
[20:31:08:558]	[RECV] S31500A27
[20:31:08:560]	[OPER] End> Load, Result : Completed
[20:42:59:565]	[OPER] Start> Unload
[20:42:59:565]	[SEND] RESET
[20:42:59:608]	[RECV] A
[20:42:59:610]	[RECV] O
[20:42:59:614]	[SEND] CFG_SLOTS
[20:42:59:660]	[RECV] A
[20:42:59:661]	[RECV] 13
[20:42:59:663]	[SEND] UNLOAD M
[20:42:59:707]	[RECV] A
[20:43:09:096]	[RECV] M00000000,00000000,00000000
[20:43:09:100]	[SEND] STATUS
[20:43:09:152]	[RECV] A
[20:43:09:153]	[RECV] S7150142B
[20:43:09:154]	[OPER] End> Unload, Result : Completed
[20:43:11:171]	[OPER] Start> Clamp
[20:43:11:171]	[SEND] RESET
[20:43:11:213]	[RECV] A
[20:43:11:214]	[RECV] O
[20:43:11:217]	[SEND] POD_LOCK ON
[20:43:11:263]	[RECV] A
[20:43:11:724]	[RECV] O
[20:43:11:728]	[SEND] STATUS
[20:43:11:781]	[RECV] A
[20:43:11:782]	[RECV] S7150122B
[20:43:11:784]	[OPER] End> Clamp, Result : Completed
[20:43:12:057]	[OPER] Start> Load
[20:43:12:057]	[SEND] RESET
[20:43:12:099]	[RECV] A
[20:43:12:100]	[RECV] O
[20:43:12:102]	[SEND] CFG_SLOTS
[20:43:12:149]	[RECV] A
[20:43:12:150]	[RECV] 13
[20:43:12:154]	[SEND] LOAD M
[20:43:12:195]	[RECV] A
[20:43:25:869]	[RECV] M00000000,00000000,00000000
[20:43:25:874]	[SEND] STATUS
[20:43:25:926]	[RECV] A
[20:43:25:927]	[RECV] S31500A27
[20:43:25:928]	[OPER] End> Load, Result : Completed
[20:55:29:193]	[OPER] Start> Unload
[20:55:29:193]	[SEND] RESET
[20:55:29:236]	[RECV] A
[20:55:29:237]	[RECV] O
[20:55:29:239]	[SEND] CFG_SLOTS
[20:55:29:286]	[RECV] A
[20:55:29:287]	[RECV] 13
[20:55:29:289]	[SEND] UNLOAD M
[20:55:29:333]	[RECV] A
[20:55:38:727]	[RECV] M00000000,00000000,00000000
[20:55:38:730]	[SEND] STATUS
[20:55:38:782]	[RECV] A
[20:55:38:783]	[RECV] S7150142B
[20:55:38:784]	[OPER] End> Unload, Result : Completed
[20:55:40:800]	[OPER] Start> Clamp
[20:55:40:800]	[SEND] RESET
[20:55:40:843]	[RECV] A
[20:55:40:844]	[RECV] O
[20:55:40:848]	[SEND] POD_LOCK ON
[20:55:40:895]	[RECV] A
[20:55:41:357]	[RECV] O
[20:55:41:361]	[SEND] STATUS
[20:55:41:413]	[RECV] A
[20:55:41:414]	[RECV] S7150122B
[20:55:41:415]	[OPER] End> Clamp, Result : Completed
[20:55:41:689]	[OPER] Start> Load
[20:55:41:689]	[SEND] RESET
[20:55:41:732]	[RECV] A
[20:55:41:733]	[RECV] O
[20:55:41:737]	[SEND] CFG_SLOTS
[20:55:41:786]	[RECV] A
[20:55:41:787]	[RECV] 13
[20:55:41:791]	[SEND] LOAD M
[20:55:41:833]	[RECV] A
[20:55:55:498]	[RECV] M00000000,00000000,00000000
[20:55:55:501]	[SEND] STATUS
[20:55:55:552]	[RECV] A
[20:55:55:553]	[RECV] S31500A27
[20:55:55:555]	[OPER] End> Load, Result : Completed
[21:07:58:851]	[OPER] Start> Unload
[21:07:58:851]	[SEND] RESET
[21:07:58:894]	[RECV] A
[21:07:58:895]	[RECV] O
[21:07:58:898]	[SEND] CFG_SLOTS
[21:07:58:945]	[RECV] A
[21:07:58:946]	[RECV] 13
[21:07:58:950]	[SEND] UNLOAD M
[21:07:58:993]	[RECV] A
[21:08:08:381]	[RECV] M00000000,00000000,00000000
[21:08:08:385]	[SEND] STATUS
[21:08:08:438]	[RECV] A
[21:08:08:439]	[RECV] S7150142B
[21:08:08:440]	[OPER] End> Unload, Result : Completed
[21:08:10:456]	[OPER] Start> Clamp
[21:08:10:456]	[SEND] RESET
[21:08:10:499]	[RECV] A
[21:08:10:500]	[RECV] O
[21:08:10:503]	[SEND] POD_LOCK ON
[21:08:10:551]	[RECV] A
[21:08:11:010]	[RECV] O
[21:08:11:013]	[SEND] STATUS
[21:08:11:064]	[RECV] A
[21:08:11:065]	[RECV] S7150122B
[21:08:11:066]	[OPER] End> Clamp, Result : Completed
[21:08:11:342]	[OPER] Start> Load
[21:08:11:342]	[SEND] RESET
[21:08:11:385]	[RECV] A
[21:08:11:386]	[RECV] O
[21:08:11:389]	[SEND] CFG_SLOTS
[21:08:11:437]	[RECV] A
[21:08:11:438]	[RECV] 13
[21:08:11:440]	[SEND] LOAD M
[21:08:11:481]	[RECV] A
[21:08:25:164]	[RECV] M00000000,00000000,00000000
[21:08:25:167]	[SEND] STATUS
[21:08:25:218]	[RECV] A
[21:08:25:219]	[RECV] S31500A27
[21:08:25:221]	[OPER] End> Load, Result : Completed
[21:20:29:062]	[OPER] Start> Unload
[21:20:29:062]	[SEND] RESET
[21:20:29:105]	[RECV] A
[21:20:29:106]	[RECV] O
[21:20:29:108]	[SEND] CFG_SLOTS
[21:20:29:156]	[RECV] A
[21:20:29:157]	[RECV] 13
[21:20:29:161]	[SEND] UNLOAD M
[21:20:29:206]	[RECV] A
[21:20:38:600]	[RECV] M00000000,00000000,00000000
[21:20:38:604]	[SEND] STATUS
[21:20:38:655]	[RECV] A
[21:20:38:656]	[RECV] S7150142B
[21:20:38:658]	[OPER] End> Unload, Result : Completed
[21:20:40:675]	[OPER] Start> Clamp
[21:20:40:675]	[SEND] RESET
[21:20:40:718]	[RECV] A
[21:20:40:719]	[RECV] O
[21:20:40:723]	[SEND] POD_LOCK ON
[21:20:40:771]	[RECV] A
[21:20:41:230]	[RECV] O
[21:20:41:233]	[SEND] STATUS
[21:20:41:285]	[RECV] A
[21:20:41:286]	[RECV] S7150122B
[21:20:41:287]	[OPER] End> Clamp, Result : Completed
[21:20:41:562]	[OPER] Start> Load
[21:20:41:562]	[SEND] RESET
[21:20:41:605]	[RECV] A
[21:20:41:606]	[RECV] O
[21:20:41:610]	[SEND] CFG_SLOTS
[21:20:41:659]	[RECV] A
[21:20:41:661]	[RECV] 13
[21:20:41:664]	[SEND] LOAD M
[21:20:41:706]	[RECV] A
[21:20:55:355]	[RECV] M00000000,00000000,00000000
[21:20:55:359]	[SEND] STATUS
[21:20:55:411]	[RECV] A
[21:20:55:412]	[RECV] S31500A27
[21:20:55:413]	[OPER] End> Load, Result : Completed
[21:32:58:299]	[OPER] Start> Unload
[21:32:58:299]	[SEND] RESET
[21:32:58:341]	[RECV] A
[21:32:58:342]	[RECV] O
[21:32:58:345]	[SEND] CFG_SLOTS
[21:32:58:393]	[RECV] A
[21:32:58:394]	[RECV] 13
[21:32:58:397]	[SEND] UNLOAD M
[21:32:58:441]	[RECV] A
[21:33:07:835]	[RECV] M00000000,00000000,00000000
[21:33:07:839]	[SEND] STATUS
[21:33:07:891]	[RECV] A
[21:33:07:892]	[RECV] S7150142B
[21:33:07:893]	[OPER] End> Unload, Result : Completed
[21:33:09:909]	[OPER] Start> Clamp
[21:33:09:909]	[SEND] RESET
[21:33:09:951]	[RECV] A
[21:33:09:953]	[RECV] O
[21:33:09:957]	[SEND] POD_LOCK ON
[21:33:10:004]	[RECV] A
[21:33:10:468]	[RECV] O
[21:33:10:471]	[SEND] STATUS
[21:33:10:523]	[RECV] A
[21:33:10:524]	[RECV] S7150122B
[21:33:10:525]	[OPER] End> Clamp, Result : Completed
[21:33:10:800]	[OPER] Start> Load
[21:33:10:800]	[SEND] RESET
[21:33:10:844]	[RECV] A
[21:33:10:845]	[RECV] O
[21:33:10:847]	[SEND] CFG_SLOTS
[21:33:10:895]	[RECV] A
[21:33:10:896]	[RECV] 13
[21:33:10:899]	[SEND] LOAD M
[21:33:10:940]	[RECV] A
[21:33:24:616]	[RECV] M00000000,00000000,00000000
[21:33:24:620]	[SEND] STATUS
[21:33:24:672]	[RECV] A
[21:33:24:673]	[RECV] S31500A27
[21:33:24:675]	[OPER] End> Load, Result : Completed
[21:45:35:228]	[OPER] Start> Unload
[21:45:35:228]	[SEND] RESET
[21:45:35:273]	[RECV] A
[21:45:35:274]	[RECV] O
[21:45:35:277]	[SEND] CFG_SLOTS
[21:45:35:325]	[RECV] A
[21:45:35:326]	[RECV] 13
[21:45:35:328]	[SEND] UNLOAD M
[21:45:35:372]	[RECV] A
[21:45:44:776]	[RECV] M00000000,00000000,00000000
[21:45:44:780]	[SEND] STATUS
[21:45:44:832]	[RECV] A
[21:45:44:833]	[RECV] S7150142B
[21:45:44:835]	[OPER] End> Unload, Result : Completed
[21:45:46:853]	[OPER] Start> Clamp
[21:45:46:853]	[SEND] RESET
[21:45:46:897]	[RECV] A
[21:45:46:899]	[RECV] O
[21:45:46:902]	[SEND] POD_LOCK ON
[21:45:46:948]	[RECV] A
[21:45:47:415]	[RECV] O
[21:45:47:418]	[SEND] STATUS
[21:45:47:469]	[RECV] A
[21:45:47:470]	[RECV] S7150122B
[21:45:47:472]	[OPER] End> Clamp, Result : Completed
[21:45:47:748]	[OPER] Start> Load
[21:45:47:748]	[SEND] RESET
[21:45:47:791]	[RECV] A
[21:45:47:792]	[RECV] O
[21:45:47:796]	[SEND] CFG_SLOTS
[21:45:47:844]	[RECV] A
[21:45:47:845]	[RECV] 13
[21:45:47:848]	[SEND] LOAD M
[21:45:47:890]	[RECV] A
[21:46:01:541]	[RECV] M00000000,00000000,00000000
[21:46:01:545]	[SEND] STATUS
[21:46:01:597]	[RECV] A
[21:46:01:598]	[RECV] S31500A27
[21:46:01:600]	[OPER] End> Load, Result : Completed
[21:58:10:336]	[OPER] Start> Unload
[21:58:10:336]	[SEND] RESET
[21:58:10:380]	[RECV] A
[21:58:10:381]	[RECV] O
[21:58:10:385]	[SEND] CFG_SLOTS
[21:58:10:431]	[RECV] A
[21:58:10:432]	[RECV] 13
[21:58:10:434]	[SEND] UNLOAD M
[21:58:10:479]	[RECV] A
[21:58:19:874]	[RECV] M00000000,00000000,00000000
[21:58:19:878]	[SEND] STATUS
[21:58:19:930]	[RECV] A
[21:58:19:931]	[RECV] S7150142B
[21:58:19:932]	[OPER] End> Unload, Result : Completed
[21:58:21:948]	[OPER] Start> Clamp
[21:58:21:948]	[SEND] RESET
[21:58:21:990]	[RECV] A
[21:58:21:991]	[RECV] O
[21:58:21:994]	[SEND] POD_LOCK ON
[21:58:22:040]	[RECV] A
[21:58:22:504]	[RECV] O
[21:58:22:508]	[SEND] STATUS
[21:58:22:560]	[RECV] A
[21:58:22:561]	[RECV] S7150122B
[21:58:22:562]	[OPER] End> Clamp, Result : Completed
[21:58:22:834]	[OPER] Start> Load
[21:58:22:834]	[SEND] RESET
[21:58:22:876]	[RECV] A
[21:58:22:877]	[RECV] O
[21:58:22:880]	[SEND] CFG_SLOTS
[21:58:22:928]	[RECV] A
[21:58:22:929]	[RECV] 13
[21:58:22:932]	[SEND] LOAD M
[21:58:22:974]	[RECV] A
[21:58:36:643]	[RECV] M00000000,00000000,00000000
[21:58:36:647]	[SEND] STATUS
[21:58:36:700]	[RECV] A
[21:58:36:701]	[RECV] S31500A27
[21:58:36:703]	[OPER] End> Load, Result : Completed
[22:10:31:857]	[OPER] Start> Unload
[22:10:31:857]	[SEND] RESET
[22:10:31:900]	[RECV] A
[22:10:31:901]	[RECV] O
[22:10:31:904]	[SEND] CFG_SLOTS
[22:10:31:952]	[RECV] A
[22:10:31:953]	[RECV] 13
[22:10:31:956]	[SEND] UNLOAD M
[22:10:31:999]	[RECV] A
[22:10:41:397]	[RECV] M00000000,00000000,00000000
[22:10:41:400]	[SEND] STATUS
[22:10:41:452]	[RECV] A
[22:10:41:453]	[RECV] S7150142B
[22:10:41:455]	[OPER] End> Unload, Result : Completed
[22:10:43:472]	[OPER] Start> Clamp
[22:10:43:472]	[SEND] RESET
[22:10:43:515]	[RECV] A
[22:10:43:516]	[RECV] O
[22:10:43:519]	[SEND] POD_LOCK ON
[22:10:43:567]	[RECV] A
[22:10:44:025]	[RECV] O
[22:10:44:028]	[SEND] STATUS
[22:10:44:080]	[RECV] A
[22:10:44:081]	[RECV] S7150122B
[22:10:44:082]	[OPER] End> Clamp, Result : Completed
[22:10:44:358]	[OPER] Start> Load
[22:10:44:358]	[SEND] RESET
[22:10:44:400]	[RECV] A
[22:10:44:401]	[RECV] O
[22:10:44:405]	[SEND] CFG_SLOTS
[22:10:44:454]	[RECV] A
[22:10:44:455]	[RECV] 13
[22:10:44:458]	[SEND] LOAD M
[22:10:44:499]	[RECV] A
[22:10:58:150]	[RECV] M00000000,00000000,00000000
[22:10:58:153]	[SEND] STATUS
[22:10:58:205]	[RECV] A
[22:10:58:206]	[RECV] S31500A27
[22:10:58:208]	[OPER] End> Load, Result : Completed
[22:22:48:065]	[OPER] Start> Unload
[22:22:48:065]	[SEND] RESET
[22:22:48:108]	[RECV] A
[22:22:48:109]	[RECV] O
[22:22:48:113]	[SEND] CFG_SLOTS
[22:22:48:160]	[RECV] A
[22:22:48:161]	[RECV] 13
[22:22:48:163]	[SEND] UNLOAD M
[22:22:48:206]	[RECV] A
[22:22:57:599]	[RECV] M00000000,00000000,00000000
[22:22:57:602]	[SEND] STATUS
[22:22:57:654]	[RECV] A
[22:22:57:655]	[RECV] S7150142B
[22:22:57:656]	[OPER] End> Unload, Result : Completed
[22:22:59:671]	[OPER] Start> Clamp
[22:22:59:671]	[SEND] RESET
[22:22:59:715]	[RECV] A
[22:22:59:716]	[RECV] O
[22:22:59:719]	[SEND] POD_LOCK ON
[22:22:59:766]	[RECV] A
[22:23:00:228]	[RECV] O
[22:23:00:231]	[SEND] STATUS
[22:23:00:283]	[RECV] A
[22:23:00:284]	[RECV] S7150122B
[22:23:00:285]	[OPER] End> Clamp, Result : Completed
[22:23:00:560]	[OPER] Start> Load
[22:23:00:560]	[SEND] RESET
[22:23:00:603]	[RECV] A
[22:23:00:604]	[RECV] O
[22:23:00:608]	[SEND] CFG_SLOTS
[22:23:00:657]	[RECV] A
[22:23:00:658]	[RECV] 13
[22:23:00:662]	[SEND] LOAD M
[22:23:00:704]	[RECV] A
[22:23:14:379]	[RECV] M00000000,00000000,00000000
[22:23:14:383]	[SEND] STATUS
[22:23:14:436]	[RECV] A
[22:23:14:437]	[RECV] S31500A27
[22:23:14:439]	[OPER] End> Load, Result : Completed
[22:35:11:929]	[OPER] Start> Unload
[22:35:11:929]	[SEND] RESET
[22:35:11:971]	[RECV] A
[22:35:11:972]	[RECV] O
[22:35:11:976]	[SEND] CFG_SLOTS
[22:35:12:025]	[RECV] A
[22:35:12:026]	[RECV] 13
[22:35:12:029]	[SEND] UNLOAD M
[22:35:12:072]	[RECV] A
[22:35:21:468]	[RECV] M00000000,00000000,00000000
[22:35:21:471]	[SEND] STATUS
[22:35:21:524]	[RECV] A
[22:35:21:525]	[RECV] S7150142B
[22:35:21:527]	[OPER] End> Unload, Result : Completed
[22:35:23:543]	[OPER] Start> Clamp
[22:35:23:543]	[SEND] RESET
[22:35:23:587]	[RECV] A
[22:35:23:588]	[RECV] O
[22:35:23:591]	[SEND] POD_LOCK ON
[22:35:23:638]	[RECV] A
[22:35:24:099]	[RECV] O
[22:35:24:102]	[SEND] STATUS
[22:35:24:155]	[RECV] A
[22:35:24:156]	[RECV] S7150122B
[22:35:24:157]	[OPER] End> Clamp, Result : Completed
[22:35:24:432]	[OPER] Start> Load
[22:35:24:432]	[SEND] RESET
[22:35:24:475]	[RECV] A
[22:35:24:476]	[RECV] O
[22:35:24:480]	[SEND] CFG_SLOTS
[22:35:24:527]	[RECV] A
[22:35:24:528]	[RECV] 13
[22:35:24:531]	[SEND] LOAD M
[22:35:24:572]	[RECV] A
[22:35:38:220]	[RECV] M00000000,00000000,00000000
[22:35:38:222]	[SEND] STATUS
[22:35:38:274]	[RECV] A
[22:35:38:275]	[RECV] S31500A27
[22:35:38:276]	[OPER] End> Load, Result : Completed
[22:47:24:858]	[OPER] Start> Unload
[22:47:24:858]	[SEND] RESET
[22:47:24:901]	[RECV] A
[22:47:24:902]	[RECV] O
[22:47:24:906]	[SEND] CFG_SLOTS
[22:47:24:955]	[RECV] A
[22:47:24:956]	[RECV] 13
[22:47:24:960]	[SEND] UNLOAD M
[22:47:25:002]	[RECV] A
[22:47:34:393]	[RECV] M00000000,00000000,00000000
[22:47:34:397]	[SEND] STATUS
[22:47:34:449]	[RECV] A
[22:47:34:450]	[RECV] S7150142B
[22:47:34:452]	[OPER] End> Unload, Result : Completed
[22:47:36:468]	[OPER] Start> Clamp
[22:47:36:468]	[SEND] RESET
[22:47:36:510]	[RECV] A
[22:47:36:511]	[RECV] O
[22:47:36:515]	[SEND] POD_LOCK ON
[22:47:36:562]	[RECV] A
[22:47:37:026]	[RECV] O
[22:47:37:029]	[SEND] STATUS
[22:47:37:082]	[RECV] A
[22:47:37:083]	[RECV] S7150122B
[22:47:37:085]	[OPER] End> Clamp, Result : Completed
[22:47:37:358]	[OPER] Start> Load
[22:47:37:358]	[SEND] RESET
[22:47:37:401]	[RECV] A
[22:47:37:402]	[RECV] O
[22:47:37:405]	[SEND] CFG_SLOTS
[22:47:37:453]	[RECV] A
[22:47:37:454]	[RECV] 13
[22:47:37:457]	[SEND] LOAD M
[22:47:37:499]	[RECV] A
[22:47:51:168]	[RECV] M00000000,00000000,00000000
[22:47:51:172]	[SEND] STATUS
[22:47:51:223]	[RECV] A
[22:47:51:224]	[RECV] S31500A27
[22:47:51:226]	[OPER] End> Load, Result : Completed
[22:59:44:907]	[OPER] Start> Unload
[22:59:44:907]	[SEND] RESET
[22:59:44:951]	[RECV] A
[22:59:44:952]	[RECV] O
[22:59:44:956]	[SEND] CFG_SLOTS
[22:59:45:005]	[RECV] A
[22:59:45:006]	[RECV] 13
[22:59:45:010]	[SEND] UNLOAD M
[22:59:45:054]	[RECV] A
[22:59:54:451]	[RECV] M00000000,00000000,00000000
[22:59:54:455]	[SEND] STATUS
[22:59:54:508]	[RECV] A
[22:59:54:509]	[RECV] S7150142B
[22:59:54:510]	[OPER] End> Unload, Result : Completed
[22:59:56:526]	[OPER] Start> Clamp
[22:59:56:526]	[SEND] RESET
[22:59:56:568]	[RECV] A
[22:59:56:569]	[RECV] O
[22:59:56:572]	[SEND] POD_LOCK ON
[22:59:56:618]	[RECV] A
[22:59:57:082]	[RECV] O
[22:59:57:085]	[SEND] STATUS
[22:59:57:136]	[RECV] A
[22:59:57:137]	[RECV] S7150122B
[22:59:57:139]	[OPER] End> Clamp, Result : Completed
[22:59:57:412]	[OPER] Start> Load
[22:59:57:412]	[SEND] RESET
[22:59:57:455]	[RECV] A
[22:59:57:456]	[RECV] O
[22:59:57:460]	[SEND] CFG_SLOTS
[22:59:57:509]	[RECV] A
[22:59:57:510]	[RECV] 13
[22:59:57:514]	[SEND] LOAD M
[22:59:57:555]	[RECV] A
[23:00:11:201]	[RECV] M00000000,00000000,00000000
[23:00:11:204]	[SEND] STATUS
[23:00:11:256]	[RECV] A
[23:00:11:257]	[RECV] S31500A27
[23:00:11:259]	[OPER] End> Load, Result : Completed
[23:11:58:097]	[OPER] Start> Unload
[23:11:58:097]	[SEND] RESET
[23:11:58:138]	[RECV] A
[23:11:58:139]	[RECV] O
[23:11:58:143]	[SEND] CFG_SLOTS
[23:11:58:190]	[RECV] A
[23:11:58:191]	[RECV] 13
[23:11:58:195]	[SEND] UNLOAD M
[23:11:58:238]	[RECV] A
[23:12:07:639]	[RECV] M00000000,00000000,00000000
[23:12:07:641]	[SEND] STATUS
[23:12:07:692]	[RECV] A
[23:12:07:693]	[RECV] S7150142B
[23:12:07:694]	[OPER] End> Unload, Result : Completed
[23:12:09:710]	[OPER] Start> Clamp
[23:12:09:710]	[SEND] RESET
[23:12:09:752]	[RECV] A
[23:12:09:753]	[RECV] O
[23:12:09:756]	[SEND] POD_LOCK ON
[23:12:09:802]	[RECV] A
[23:12:10:267]	[RECV] O
[23:12:10:270]	[SEND] STATUS
[23:12:10:321]	[RECV] A
[23:12:10:322]	[RECV] S7150122B
[23:12:10:324]	[OPER] End> Clamp, Result : Completed
[23:12:10:599]	[OPER] Start> Load
[23:12:10:599]	[SEND] RESET
[23:12:10:641]	[RECV] A
[23:12:10:642]	[RECV] O
[23:12:10:645]	[SEND] CFG_SLOTS
[23:12:10:693]	[RECV] A
[23:12:10:694]	[RECV] 13
[23:12:10:697]	[SEND] LOAD M
[23:12:10:739]	[RECV] A
[23:12:24:412]	[RECV] M00000000,00000000,00000000
[23:12:24:416]	[SEND] STATUS
[23:12:24:469]	[RECV] A
[23:12:24:470]	[RECV] S31500A27
[23:12:24:471]	[OPER] End> Load, Result : Completed
[23:24:21:298]	[OPER] Start> Unload
[23:24:21:298]	[SEND] RESET
[23:24:21:340]	[RECV] A
[23:24:21:341]	[RECV] O
[23:24:21:344]	[SEND] CFG_SLOTS
[23:24:21:392]	[RECV] A
[23:24:21:393]	[RECV] 13
[23:24:21:396]	[SEND] UNLOAD M
[23:24:21:440]	[RECV] A
[23:24:30:839]	[RECV] M00000000,00000000,00000000
[23:24:30:843]	[SEND] STATUS
[23:24:30:895]	[RECV] A
[23:24:30:896]	[RECV] S7150142B
[23:24:30:898]	[OPER] End> Unload, Result : Completed
[23:24:32:913]	[OPER] Start> Clamp
[23:24:32:913]	[SEND] RESET
[23:24:32:957]	[RECV] A
[23:24:32:958]	[RECV] O
[23:24:32:961]	[SEND] POD_LOCK ON
[23:24:33:008]	[RECV] A
[23:24:33:472]	[RECV] O
[23:24:33:475]	[SEND] STATUS
[23:24:33:527]	[RECV] A
[23:24:33:528]	[RECV] S7150122B
[23:24:33:529]	[OPER] End> Clamp, Result : Completed
[23:24:33:804]	[OPER] Start> Load
[23:24:33:804]	[SEND] RESET
[23:24:33:847]	[RECV] A
[23:24:33:848]	[RECV] O
[23:24:33:852]	[SEND] CFG_SLOTS
[23:24:33:900]	[RECV] A
[23:24:33:901]	[RECV] 13
[23:24:33:904]	[SEND] LOAD M
[23:24:33:945]	[RECV] A
[23:24:47:590]	[RECV] M00000000,00000000,00000000
[23:24:47:593]	[SEND] STATUS
[23:24:47:645]	[RECV] A
[23:24:47:646]	[RECV] S31500A27
[23:24:47:647]	[OPER] End> Load, Result : Completed
[23:36:43:221]	[OPER] Start> Unload
[23:36:43:221]	[SEND] RESET
[23:36:43:264]	[RECV] A
[23:36:43:265]	[RECV] O
[23:36:43:270]	[SEND] CFG_SLOTS
[23:36:43:318]	[RECV] A
[23:36:43:319]	[RECV] 13
[23:36:43:322]	[SEND] UNLOAD M
[23:36:43:366]	[RECV] A
[23:36:52:760]	[RECV] M00000000,00000000,00000000
[23:36:52:764]	[SEND] STATUS
[23:36:52:817]	[RECV] A
[23:36:52:818]	[RECV] S7150142B
[23:36:52:818]	[OPER] End> Unload, Result : Completed
[23:36:54:835]	[OPER] Start> Clamp
[23:36:54:835]	[SEND] RESET
[23:36:54:877]	[RECV] A
[23:36:54:878]	[RECV] O
[23:36:54:882]	[SEND] POD_LOCK ON
[23:36:54:930]	[RECV] A
[23:36:55:393]	[RECV] O
[23:36:55:397]	[SEND] STATUS
[23:36:55:449]	[RECV] A
[23:36:55:450]	[RECV] S7150122B
[23:36:55:451]	[OPER] End> Clamp, Result : Completed
[23:36:55:724]	[OPER] Start> Load
[23:36:55:724]	[SEND] RESET
[23:36:55:767]	[RECV] A
[23:36:55:768]	[RECV] O
[23:36:55:772]	[SEND] CFG_SLOTS
[23:36:55:820]	[RECV] A
[23:36:55:821]	[RECV] 13
[23:36:55:824]	[SEND] LOAD M
[23:36:55:867]	[RECV] A
[23:37:09:534]	[RECV] M00000000,00000000,00000000
[23:37:09:537]	[SEND] STATUS
[23:37:09:590]	[RECV] A
[23:37:09:591]	[RECV] S31500A27
[23:37:09:593]	[OPER] End> Load, Result : Completed
[23:49:09:872]	[OPER] Start> Unload
[23:49:09:872]	[SEND] RESET
[23:49:09:916]	[RECV] A
[23:49:09:917]	[RECV] O
[23:49:09:920]	[SEND] CFG_SLOTS
[23:49:09:968]	[RECV] A
[23:49:09:969]	[RECV] 13
[23:49:09:973]	[SEND] UNLOAD M
[23:49:10:016]	[RECV] A
[23:49:19:413]	[RECV] M00000000,00000000,00000000
[23:49:19:416]	[SEND] STATUS
[23:49:19:469]	[RECV] A
[23:49:19:470]	[RECV] S7150142B
[23:49:19:471]	[OPER] End> Unload, Result : Completed
[23:49:21:486]	[OPER] Start> Clamp
[23:49:21:486]	[SEND] RESET
[23:49:21:528]	[RECV] A
[23:49:21:529]	[RECV] O
[23:49:21:532]	[SEND] POD_LOCK ON
[23:49:21:579]	[RECV] A
[23:49:22:044]	[RECV] O
[23:49:22:048]	[SEND] STATUS
[23:49:22:098]	[RECV] A
[23:49:22:099]	[RECV] S7150122B
[23:49:22:101]	[OPER] End> Clamp, Result : Completed
[23:49:22:378]	[OPER] Start> Load
[23:49:22:378]	[SEND] RESET
[23:49:22:421]	[RECV] A
[23:49:22:422]	[RECV] O
[23:49:22:426]	[SEND] CFG_SLOTS
[23:49:22:473]	[RECV] A
[23:49:22:474]	[RECV] 13
[23:49:22:476]	[SEND] LOAD M
[23:49:22:517]	[RECV] A
[23:49:36:173]	[RECV] M00000000,00000000,00000000
[23:49:36:176]	[SEND] STATUS
[23:49:36:230]	[RECV] A
[23:49:36:231]	[RECV] S31500A27
[23:49:36:233]	[OPER] End> Load, Result : Completed
