[00:04:29:151]	[OPER] ----- Initialize -----
[00:04:29:153]	[SEND] RESET
[00:04:29:196]	[RECV] A
[00:04:29:198]	[RECV] O
[00:04:29:204]	[SEND] HOM
[00:04:29:243]	[RECV] A
[00:04:40:573]	[RECV] O
[00:04:40:577]	[SEND] STATUS
[00:04:40:629]	[RECV] A
[00:04:40:630]	[RECV] S7350142B
[00:04:40:631]	[OPER] ----- Result : Completed, Description : 
[00:04:40:632]	[OPER] ----- ChangeToCassette -----
[00:04:40:632]	[SEND] RESET
[00:04:40:675]	[RECV] A
[00:04:40:676]	[RECV] O
[00:04:40:680]	[SEND] OC_MODE ON
[00:04:40:728]	[RECV] A
[00:04:40:729]	[RECV] O
[00:04:40:732]	[SEND] STATUS
[00:04:40:783]	[RECV] A
[00:04:40:784]	[RECV] S7350142B
[00:04:40:785]	[OPER] ----- Result : Completed, Description : 
[00:05:01:808]	[RECV] C01000000
[00:05:13:394]	[OPER] ----- Initialize -----
[00:05:13:394]	[SEND] RESET
[00:05:13:438]	[RECV] A
[00:05:13:439]	[RECV] O
[00:05:13:442]	[SEND] HOM
[00:05:13:483]	[RECV] A
[00:05:24:779]	[RECV] O
[00:05:24:782]	[SEND] STATUS
[00:05:24:834]	[RECV] A
[00:05:24:835]	[RECV] S7350142B
[00:05:24:836]	[OPER] ----- Result : Completed, Description : 
[00:05:24:837]	[OPER] ----- ChangeToCassette -----
[00:05:24:837]	[SEND] RESET
[00:05:24:878]	[RECV] A
[00:05:24:879]	[RECV] O
[00:05:24:882]	[SEND] OC_MODE ON
[00:05:24:930]	[RECV] A
[00:05:24:931]	[RECV] O
[00:05:24:935]	[SEND] STATUS
[00:05:24:986]	[RECV] A
[00:05:24:987]	[RECV] S7350142B
[00:05:24:989]	[OPER] ----- Result : Completed, Description : 
[00:12:54:615]	[RECV] C01000000
[00:13:12:248]	[OPER] ----- Initialize -----
[00:13:12:250]	[SEND] RESET
[00:13:12:293]	[RECV] A
[00:13:12:294]	[RECV] O
[00:13:12:299]	[SEND] HOM
[00:13:12:338]	[RECV] A
[00:13:23:626]	[RECV] O
[00:13:23:629]	[SEND] STATUS
[00:13:23:681]	[RECV] A
[00:13:23:682]	[RECV] S7350142B
[00:13:23:683]	[OPER] ----- Result : Completed, Description : 
[00:13:23:684]	[OPER] ----- ChangeToCassette -----
[00:13:23:684]	[SEND] RESET
[00:13:23:726]	[RECV] A
[00:13:23:727]	[RECV] O
[00:13:23:730]	[SEND] OC_MODE ON
[00:13:23:779]	[RECV] A
[00:13:23:780]	[RECV] O
[00:13:23:784]	[SEND] STATUS
[00:13:23:834]	[RECV] A
[00:13:23:835]	[RECV] S7350142B
[00:13:23:837]	[OPER] ----- Result : Completed, Description : 
[00:20:20:200]	[RECV] C00000020
[00:20:32:569]	[RECV] C00000010
[00:20:50:758]	[OPER] ----- Initialize -----
[00:20:50:760]	[SEND] RESET
[00:20:50:801]	[RECV] A
[00:20:50:802]	[RECV] O
[00:20:50:807]	[SEND] HOM
[00:20:50:845]	[RECV] A
[00:21:02:133]	[RECV] O
[00:21:02:136]	[SEND] STATUS
[00:21:02:188]	[RECV] A
[00:21:02:189]	[RECV] S7350142B
[00:21:02:191]	[OPER] ----- Result : Completed, Description : 
[00:21:02:192]	[OPER] ----- ChangeToCassette -----
[00:21:02:192]	[SEND] RESET
[00:21:02:233]	[RECV] A
[00:21:02:234]	[RECV] O
[00:21:02:238]	[SEND] OC_MODE ON
[00:21:02:287]	[RECV] A
[00:21:02:288]	[RECV] O
[00:21:02:292]	[SEND] STATUS
[00:21:02:344]	[RECV] A
[00:21:02:345]	[RECV] S7350142B
[00:21:02:346]	[OPER] ----- Result : Completed, Description : 
[00:52:08:971]	[RECV] C01000000
[01:15:53:079]	[OPER] ----- Initialize -----
[01:15:53:081]	[SEND] RESET
[01:15:53:125]	[RECV] A
[01:15:53:127]	[RECV] O
[01:15:53:133]	[SEND] HOM
[01:15:53:172]	[RECV] A
[01:16:04:505]	[RECV] O
[01:16:04:508]	[SEND] STATUS
[01:16:04:559]	[RECV] A
[01:16:04:560]	[RECV] S7350142B
[01:16:04:562]	[OPER] ----- Result : Completed, Description : 
[01:16:04:563]	[OPER] ----- ChangeToCassette -----
[01:16:04:563]	[SEND] RESET
[01:16:04:605]	[RECV] A
[01:16:04:606]	[RECV] O
[01:16:04:609]	[SEND] OC_MODE ON
[01:16:04:656]	[RECV] A
[01:16:04:657]	[RECV] O
[01:16:04:660]	[SEND] STATUS
[01:16:04:711]	[RECV] A
[01:16:04:712]	[RECV] S7350142B
[01:16:04:714]	[OPER] ----- Result : Completed, Description : 
[01:16:14:471]	[RECV] C00000004
[01:16:16:190]	[OPER] ----- Clamp -----
[01:16:16:190]	[SEND] RESET
[01:16:16:232]	[RECV] A
[01:16:16:233]	[RECV] O
[01:16:16:237]	[SEND] POD_LOCK ON
[01:16:16:289]	[RECV] A
[01:16:16:290]	[RECV] O
[01:16:16:293]	[SEND] STATUS
[01:16:16:345]	[RECV] A
[01:16:16:346]	[RECV] S7350142B
[01:16:16:347]	[OPER] ----- Result : Completed, Description : 
[01:16:16:822]	[OPER] ----- Load -----
[01:16:16:823]	[SEND] RESET
[01:16:16:866]	[RECV] A
[01:16:16:867]	[RECV] O
[01:16:16:871]	[SEND] CFG_SLOTS
[01:16:16:919]	[RECV] A
[01:16:16:920]	[RECV] 13
[01:16:16:923]	[SEND] LOAD O
[01:16:16:964]	[RECV] A
[01:16:29:304]	[RECV] M00000802,00000000,00000000
[01:16:29:316]	[SEND] STATUS
[01:16:29:368]	[RECV] A
[01:16:29:369]	[RECV] S33500C27
[01:16:29:370]	[OPER] ----- Result : Completed, Description : 
[01:50:29:409]	[RECV] C01000000
[01:51:06:844]	[OPER] ----- Initialize -----
[01:51:06:846]	[SEND] RESET
[01:51:06:888]	[RECV] A
[01:51:06:889]	[RECV] O
[01:51:06:893]	[SEND] HOM
[01:51:06:931]	[RECV] A
[01:51:22:422]	[RECV] O
[01:51:22:425]	[SEND] STATUS
[01:51:22:476]	[RECV] A
[01:51:22:477]	[RECV] S7350142B
[01:51:22:479]	[OPER] ----- Result : Completed, Description : 
[01:51:22:480]	[OPER] ----- ChangeToCassette -----
[01:51:22:480]	[SEND] RESET
[01:51:22:521]	[RECV] A
[01:51:22:522]	[RECV] O
[01:51:22:525]	[SEND] OC_MODE ON
[01:51:22:572]	[RECV] A
[01:51:22:573]	[RECV] O
[01:51:22:576]	[SEND] STATUS
[01:51:22:628]	[RECV] A
[01:51:22:629]	[RECV] S7350142B
[01:51:22:630]	[OPER] ----- Result : Completed, Description : 
[01:51:24:216]	[RECV] C01000000
[01:54:01:668]	[OPER] ----- Initialize -----
[01:54:01:670]	[SEND] RESET
[01:54:01:713]	[RECV] A
[01:54:01:715]	[RECV] O
[01:54:01:721]	[SEND] HOM
[01:54:01:760]	[RECV] A
[01:54:13:089]	[RECV] O
[01:54:13:093]	[SEND] STATUS
[01:54:13:144]	[RECV] A
[01:54:13:145]	[RECV] S7350142B
[01:54:13:146]	[OPER] ----- Result : Completed, Description : 
[01:54:13:147]	[OPER] ----- ChangeToCassette -----
[01:54:13:147]	[SEND] RESET
[01:54:13:190]	[RECV] A
[01:54:13:191]	[RECV] O
[01:54:13:195]	[SEND] OC_MODE ON
[01:54:13:242]	[RECV] A
[01:54:13:243]	[RECV] O
[01:54:13:247]	[SEND] STATUS
[01:54:13:299]	[RECV] A
[01:54:13:300]	[RECV] S7350142B
[01:54:13:302]	[OPER] ----- Result : Completed, Description : 
[01:56:33:345]	[RECV] C00000020
[01:58:29:810]	[RECV] C00000010
[02:01:01:399]	[OPER] ----- Clamp -----
[02:01:01:399]	[SEND] RESET
[02:01:01:442]	[RECV] A
[02:01:01:443]	[RECV] O
[02:01:01:447]	[SEND] POD_LOCK ON
[02:01:01:498]	[RECV] A
[02:01:01:499]	[RECV] O
[02:01:01:502]	[SEND] STATUS
[02:01:01:553]	[RECV] A
[02:01:01:555]	[RECV] S7350142B
[02:01:01:556]	[OPER] ----- Result : Completed, Description : 
[02:01:02:235]	[OPER] ----- Load -----
[02:01:02:236]	[SEND] RESET
[02:01:02:279]	[RECV] A
[02:01:02:280]	[RECV] O
[02:01:02:283]	[SEND] CFG_SLOTS
[02:01:02:331]	[RECV] A
[02:01:02:332]	[RECV] 13
[02:01:02:335]	[SEND] LOAD O
[02:01:02:376]	[RECV] A
[02:01:14:682]	[RECV] M00000A80,00000000,00000000
[02:01:14:694]	[SEND] STATUS
[02:01:14:745]	[RECV] A
[02:01:14:746]	[RECV] S33500C27
[02:01:14:747]	[OPER] ----- Result : Completed, Description : 
[03:10:54:870]	[RECV] C01000000
[03:17:18:612]	[OPER] ----- Initialize -----
[03:17:18:612]	[SEND] RESET
[03:17:18:656]	[RECV] A
[03:17:18:657]	[RECV] O
[03:17:18:660]	[SEND] HOM
[03:17:18:698]	[RECV] A
[03:17:34:228]	[RECV] O
[03:17:34:231]	[SEND] STATUS
[03:17:34:284]	[RECV] A
[03:17:34:285]	[RECV] S7350142B
[03:17:34:286]	[OPER] ----- Result : Completed, Description : 
[03:17:34:287]	[OPER] ----- ChangeToCassette -----
[03:17:34:287]	[SEND] RESET
[03:17:34:330]	[RECV] A
[03:17:34:331]	[RECV] O
[03:17:34:335]	[SEND] OC_MODE ON
[03:17:34:383]	[RECV] A
[03:17:34:384]	[RECV] O
[03:17:34:387]	[SEND] STATUS
[03:17:34:439]	[RECV] A
[03:17:34:440]	[RECV] S7350142B
[03:17:34:441]	[OPER] ----- Result : Completed, Description : 
[03:18:01:878]	[OPER] ----- Clamp -----
[03:18:01:878]	[SEND] RESET
[03:18:01:921]	[RECV] A
[03:18:01:922]	[RECV] O
[03:18:01:925]	[SEND] POD_LOCK ON
[03:18:01:977]	[RECV] A
[03:18:01:978]	[RECV] O
[03:18:01:981]	[SEND] STATUS
[03:18:02:032]	[RECV] A
[03:18:02:033]	[RECV] S7350142B
[03:18:02:034]	[OPER] ----- Result : Completed, Description : 
[03:18:02:220]	[OPER] ----- Load -----
[03:18:02:220]	[SEND] RESET
[03:18:02:263]	[RECV] A
[03:18:02:264]	[RECV] O
[03:18:02:275]	[SEND] CFG_SLOTS
[03:18:02:324]	[RECV] A
[03:18:02:325]	[RECV] 13
[03:18:02:329]	[SEND] LOAD O
[03:18:02:371]	[RECV] A
[03:18:14:630]	[RECV] M00000000,00000000,00000000
[03:18:14:634]	[SEND] STATUS
[03:18:14:686]	[RECV] A
[03:18:14:687]	[RECV] S33500C27
[03:18:14:688]	[OPER] ----- Result : Completed, Description : 
[03:18:14:700]	[OPER] ----- Unload -----
[03:18:14:700]	[SEND] RESET
[03:18:14:743]	[RECV] A
[03:18:14:744]	[RECV] O
[03:18:14:747]	[SEND] CFG_SLOTS
[03:18:14:796]	[RECV] A
[03:18:14:797]	[RECV] 13
[03:18:14:800]	[SEND] UNLOAD O
[03:18:14:844]	[RECV] A
[03:18:22:310]	[RECV] M00000000,00000000,00000000
[03:18:22:314]	[SEND] STATUS
[03:18:22:364]	[RECV] A
[03:18:22:365]	[RECV] S7350142B
[03:18:22:367]	[OPER] ----- Result : Completed, Description : 
[03:18:24:383]	[OPER] ----- Clamp -----
[03:18:24:383]	[SEND] RESET
[03:18:24:426]	[RECV] A
[03:18:24:427]	[RECV] O
[03:18:24:431]	[SEND] POD_LOCK ON
[03:18:24:483]	[RECV] A
[03:18:24:484]	[RECV] O
[03:18:24:487]	[SEND] STATUS
[03:18:24:539]	[RECV] A
[03:18:24:540]	[RECV] S7350142B
[03:18:24:541]	[OPER] ----- Result : Completed, Description : 
[03:18:24:726]	[OPER] ----- Load -----
[03:18:24:726]	[SEND] RESET
[03:18:24:770]	[RECV] A
[03:18:24:771]	[RECV] O
[03:18:24:775]	[SEND] CFG_SLOTS
[03:18:24:823]	[RECV] A
[03:18:24:824]	[RECV] 13
[03:18:24:827]	[SEND] LOAD O
[03:18:24:869]	[RECV] A
[03:18:37:095]	[RECV] M00000000,00000000,00000000
[03:18:37:099]	[SEND] STATUS
[03:18:37:151]	[RECV] A
[03:18:37:152]	[RECV] S33500C27
[03:18:37:154]	[OPER] ----- Result : Completed, Description : 
[03:18:37:165]	[OPER] ----- Unload -----
[03:18:37:165]	[SEND] RESET
[03:18:37:208]	[RECV] A
[03:18:37:209]	[RECV] O
[03:18:37:212]	[SEND] CFG_SLOTS
[03:18:37:260]	[RECV] A
[03:18:37:261]	[RECV] 13
[03:18:37:264]	[SEND] UNLOAD O
[03:18:37:306]	[RECV] A
[03:18:44:777]	[RECV] M00000000,00000000,00000000
[03:18:44:781]	[SEND] STATUS
[03:18:44:833]	[RECV] A
[03:18:44:834]	[RECV] S7350142B
[03:18:44:835]	[OPER] ----- Result : Completed, Description : 
[03:18:46:851]	[OPER] ----- Clamp -----
[03:18:46:851]	[SEND] RESET
[03:18:46:893]	[RECV] A
[03:18:46:894]	[RECV] O
[03:18:46:897]	[SEND] POD_LOCK ON
[03:18:46:950]	[RECV] A
[03:18:46:951]	[RECV] O
[03:18:46:954]	[SEND] STATUS
[03:18:47:005]	[RECV] A
[03:18:47:006]	[RECV] S7350142B
[03:18:47:007]	[OPER] ----- Result : Completed, Description : 
[03:18:47:192]	[OPER] ----- Load -----
[03:18:47:192]	[SEND] RESET
[03:18:47:234]	[RECV] A
[03:18:47:235]	[RECV] O
[03:18:47:238]	[SEND] CFG_SLOTS
[03:18:47:286]	[RECV] A
[03:18:47:287]	[RECV] 13
[03:18:47:291]	[SEND] LOAD O
[03:18:47:332]	[RECV] A
[03:18:59:561]	[RECV] M00000000,00000000,00000000
[03:18:59:565]	[SEND] STATUS
[03:18:59:617]	[RECV] A
[03:18:59:618]	[RECV] S33500C27
[03:18:59:619]	[OPER] ----- Result : Completed, Description : 
[03:18:59:630]	[OPER] ----- Unload -----
[03:18:59:630]	[SEND] RESET
[03:18:59:672]	[RECV] A
[03:18:59:673]	[RECV] O
[03:18:59:676]	[SEND] CFG_SLOTS
[03:18:59:723]	[RECV] A
[03:18:59:724]	[RECV] 13
[03:18:59:727]	[SEND] UNLOAD O
[03:18:59:771]	[RECV] A
[03:19:07:239]	[RECV] M00000000,00000000,00000000
[03:19:07:243]	[SEND] STATUS
[03:19:07:295]	[RECV] A
[03:19:07:297]	[RECV] S7350142B
[03:19:07:298]	[OPER] ----- Result : Completed, Description : 
[03:19:09:314]	[OPER] ----- Clamp -----
[03:19:09:314]	[SEND] RESET
[03:19:09:357]	[RECV] A
[03:19:09:358]	[RECV] O
[03:19:09:361]	[SEND] POD_LOCK ON
[03:19:09:413]	[RECV] A
[03:19:09:414]	[RECV] O
[03:19:09:416]	[SEND] STATUS
[03:19:09:468]	[RECV] A
[03:19:09:469]	[RECV] S7350142B
[03:19:09:470]	[OPER] ----- Result : Completed, Description : 
[03:19:09:656]	[OPER] ----- Load -----
[03:19:09:656]	[SEND] RESET
[03:19:09:698]	[RECV] A
[03:19:09:699]	[RECV] O
[03:19:09:703]	[SEND] CFG_SLOTS
[03:19:09:751]	[RECV] A
[03:19:09:752]	[RECV] 13
[03:19:09:755]	[SEND] LOAD O
[03:19:09:797]	[RECV] A
[03:19:22:036]	[RECV] M00000000,00000000,00000000
[03:19:22:040]	[SEND] STATUS
[03:19:22:092]	[RECV] A
[03:19:22:093]	[RECV] S33500C27
[03:19:22:094]	[OPER] ----- Result : Completed, Description : 
[03:20:25:859]	[OPER] ----- Initialize -----
[03:20:25:861]	[SEND] RESET
[03:20:25:904]	[RECV] A
[03:20:25:906]	[RECV] O
[03:20:25:913]	[SEND] HOM
[03:20:25:950]	[RECV] A
[03:20:41:472]	[RECV] O
[03:20:41:476]	[SEND] STATUS
[03:20:41:529]	[RECV] A
[03:20:41:530]	[RECV] S7350142B
[03:20:41:532]	[OPER] ----- Result : Completed, Description : 
[03:20:41:533]	[OPER] ----- ChangeToCassette -----
[03:20:41:533]	[SEND] RESET
[03:20:41:575]	[RECV] A
[03:20:41:576]	[RECV] O
[03:20:41:579]	[SEND] OC_MODE ON
[03:20:41:627]	[RECV] A
[03:20:41:628]	[RECV] O
[03:20:41:630]	[SEND] STATUS
[03:20:41:681]	[RECV] A
[03:20:41:682]	[RECV] S7350142B
[03:20:41:684]	[OPER] ----- Result : Completed, Description : 
[03:22:46:942]	[RECV] C00000004
[03:22:48:636]	[OPER] ----- Clamp -----
[03:22:48:636]	[SEND] RESET
[03:22:48:678]	[RECV] A
[03:22:48:679]	[RECV] O
[03:22:48:682]	[SEND] POD_LOCK ON
[03:22:48:733]	[RECV] A
[03:22:48:734]	[RECV] O
[03:22:48:737]	[SEND] STATUS
[03:22:48:789]	[RECV] A
[03:22:48:790]	[RECV] S7350142B
[03:22:48:791]	[OPER] ----- Result : Completed, Description : 
[03:22:49:273]	[OPER] ----- Load -----
[03:22:49:273]	[SEND] RESET
[03:22:49:315]	[RECV] A
[03:22:49:316]	[RECV] O
[03:22:49:319]	[SEND] CFG_SLOTS
[03:22:49:367]	[RECV] A
[03:22:49:368]	[RECV] 13
[03:22:49:371]	[SEND] LOAD O
[03:22:49:413]	[RECV] A
[03:23:01:695]	[RECV] M00000000,00000000,00000000
[03:23:01:700]	[SEND] STATUS
[03:23:01:751]	[RECV] A
[03:23:01:752]	[RECV] S33500C27
[03:23:01:754]	[OPER] ----- Result : Completed, Description : 
[03:26:23:494]	[RECV] C01000000
[03:37:24:965]	[OPER] ----- Initialize -----
[03:37:24:965]	[SEND] RESET
[03:37:25:007]	[RECV] A
[03:37:25:008]	[RECV] O
[03:37:25:011]	[SEND] HOM
[03:37:25:050]	[RECV] A
[03:37:40:534]	[RECV] O
[03:37:40:538]	[SEND] STATUS
[03:37:40:590]	[RECV] A
[03:37:40:591]	[RECV] S7350142B
[03:37:40:592]	[OPER] ----- Result : Completed, Description : 
[03:37:40:593]	[OPER] ----- ChangeToCassette -----
[03:37:40:593]	[SEND] RESET
[03:37:40:635]	[RECV] A
[03:37:40:636]	[RECV] O
[03:37:40:639]	[SEND] OC_MODE ON
[03:37:40:687]	[RECV] A
[03:37:40:688]	[RECV] O
[03:37:40:692]	[SEND] STATUS
[03:37:40:743]	[RECV] A
[03:37:40:744]	[RECV] S7350142B
[03:37:40:746]	[OPER] ----- Result : Completed, Description : 
[03:37:48:350]	[OPER] ----- Clamp -----
[03:37:48:350]	[SEND] RESET
[03:37:48:392]	[RECV] A
[03:37:48:393]	[RECV] O
[03:37:48:396]	[SEND] POD_LOCK ON
[03:37:48:448]	[RECV] A
[03:37:48:449]	[RECV] O
[03:37:48:453]	[SEND] STATUS
[03:37:48:507]	[RECV] A
[03:37:48:508]	[RECV] S7350142B
[03:37:48:510]	[OPER] ----- Result : Completed, Description : 
[03:37:48:694]	[OPER] ----- Load -----
[03:37:48:694]	[SEND] RESET
[03:37:48:736]	[RECV] A
[03:37:48:737]	[RECV] O
[03:37:48:740]	[SEND] CFG_SLOTS
[03:37:48:787]	[RECV] A
[03:37:48:788]	[RECV] 13
[03:37:48:792]	[SEND] LOAD O
[03:37:48:833]	[RECV] A
[03:38:01:088]	[RECV] M00000000,00000000,00000000
[03:38:01:091]	[SEND] STATUS
[03:38:01:144]	[RECV] A
[03:38:01:145]	[RECV] S33500C27
[03:38:01:147]	[OPER] ----- Result : Completed, Description : 
[03:39:01:898]	[OPER] ----- Initialize -----
[03:39:01:898]	[SEND] RESET
[03:39:01:941]	[RECV] A
[03:39:01:942]	[RECV] O
[03:39:01:946]	[SEND] HOM
[03:39:01:986]	[RECV] A
[03:39:05:140]	[RECV] E150 Robot Not Retracted
[03:39:05:142]	[OPER] ----- Result : Error, Description : E150 Robot Not Retracted
[03:39:39:658]	[OPER] ----- Initialize -----
[03:39:39:658]	[SEND] RESET
[03:39:39:700]	[RECV] A
[03:39:39:701]	[RECV] O
[03:39:39:705]	[SEND] HOM
[03:39:39:743]	[RECV] A
[03:39:55:246]	[RECV] O
[03:39:55:249]	[SEND] STATUS
[03:39:55:301]	[RECV] A
[03:39:55:303]	[RECV] S7350142B
[03:39:55:305]	[OPER] ----- Result : Completed, Description : 
[03:39:55:306]	[OPER] ----- ChangeToCassette -----
[03:39:55:306]	[SEND] RESET
[03:39:55:348]	[RECV] A
[03:39:55:349]	[RECV] O
[03:39:55:352]	[SEND] OC_MODE ON
[03:39:55:399]	[RECV] A
[03:39:55:400]	[RECV] O
[03:39:55:403]	[SEND] STATUS
[03:39:55:455]	[RECV] A
[03:39:55:456]	[RECV] S7350142B
[03:39:55:457]	[OPER] ----- Result : Completed, Description : 
[03:40:43:272]	[OPER] ----- Clamp -----
[03:40:43:272]	[SEND] RESET
[03:40:43:315]	[RECV] A
[03:40:43:316]	[RECV] O
[03:40:43:319]	[SEND] POD_LOCK ON
[03:40:43:371]	[RECV] A
[03:40:43:372]	[RECV] O
[03:40:43:376]	[SEND] STATUS
[03:40:43:428]	[RECV] A
[03:40:43:429]	[RECV] S7350142B
[03:40:43:430]	[OPER] ----- Result : Completed, Description : 
[03:40:43:614]	[OPER] ----- Load -----
[03:40:43:614]	[SEND] RESET
[03:40:43:657]	[RECV] A
[03:40:43:658]	[RECV] O
[03:40:43:662]	[SEND] CFG_SLOTS
[03:40:43:709]	[RECV] A
[03:40:43:710]	[RECV] 13
[03:40:43:714]	[SEND] LOAD O
[03:40:43:756]	[RECV] A
[03:40:56:031]	[RECV] M00000000,00000000,00000000
[03:40:56:036]	[SEND] STATUS
[03:40:56:089]	[RECV] A
[03:40:56:090]	[RECV] S33500C27
[03:40:56:091]	[OPER] ----- Result : Completed, Description : 
[04:11:41:459]	[OPER] ----- Initialize -----
[04:11:41:461]	[SEND] RESET
[04:11:41:503]	[RECV] A
[04:11:41:504]	[RECV] O
[04:11:41:510]	[SEND] HOM
[04:11:41:550]	[RECV] A
[04:11:57:077]	[RECV] O
[04:11:57:080]	[SEND] STATUS
[04:11:57:132]	[RECV] A
[04:11:57:133]	[RECV] S7350142B
[04:11:57:134]	[OPER] ----- Result : Completed, Description : 
[04:11:57:135]	[OPER] ----- ChangeToCassette -----
[04:11:57:135]	[SEND] RESET
[04:11:57:178]	[RECV] A
[04:11:57:179]	[RECV] O
[04:11:57:183]	[SEND] OC_MODE ON
[04:11:57:230]	[RECV] A
[04:11:57:231]	[RECV] O
[04:11:57:234]	[SEND] STATUS
[04:11:57:286]	[RECV] A
[04:11:57:287]	[RECV] S7350142B
[04:11:57:288]	[OPER] ----- Result : Completed, Description : 
[04:12:10:403]	[RECV] C00000020
[04:17:03:757]	[RECV] C00000010
[04:21:29:209]	[OPER] ----- Clamp -----
[04:21:29:209]	[SEND] RESET
[04:21:29:255]	[RECV] A
[04:21:29:256]	[RECV] O
[04:21:29:260]	[SEND] POD_LOCK ON
[04:21:29:311]	[RECV] A
[04:21:29:312]	[RECV] O
[04:21:29:316]	[SEND] STATUS
[04:21:29:368]	[RECV] A
[04:21:29:369]	[RECV] S7350142B
[04:21:29:370]	[OPER] ----- Result : Completed, Description : 
[04:21:30:043]	[OPER] ----- Load -----
[04:21:30:044]	[SEND] RESET
[04:21:30:088]	[RECV] A
[04:21:30:089]	[RECV] O
[04:21:30:093]	[SEND] CFG_SLOTS
[04:21:30:142]	[RECV] A
[04:21:30:143]	[RECV] 13
[04:21:30:146]	[SEND] LOAD O
[04:21:30:187]	[RECV] A
[04:21:42:494]	[RECV] M00000AAA,00000000,00000000
[04:21:42:505]	[SEND] STATUS
[04:21:42:556]	[RECV] A
[04:21:42:557]	[RECV] S33500C27
[04:21:42:558]	[OPER] ----- Result : Completed, Description : 
[05:14:27:056]	[OPER] ----- Initialize -----
[05:14:27:056]	[SEND] RESET
[05:14:27:099]	[RECV] A
[05:14:27:100]	[RECV] O
[05:14:27:103]	[SEND] HOM
[05:14:27:144]	[RECV] A
[05:14:42:671]	[RECV] O
[05:14:42:675]	[SEND] STATUS
[05:14:42:728]	[RECV] A
[05:14:42:729]	[RECV] S7350142B
[05:14:42:731]	[OPER] ----- Result : Completed, Description : 
[05:14:42:732]	[OPER] ----- ChangeToCassette -----
[05:14:42:732]	[SEND] RESET
[05:14:42:775]	[RECV] A
[05:14:42:776]	[RECV] O
[05:14:42:780]	[SEND] OC_MODE ON
[05:14:42:826]	[RECV] A
[05:14:42:827]	[RECV] O
[05:14:42:831]	[SEND] STATUS
[05:14:42:884]	[RECV] A
[05:14:42:885]	[RECV] S7350142B
[05:14:42:887]	[OPER] ----- Result : Completed, Description : 
[05:22:51:426]	[OPER] ----- Initialize -----
[05:22:51:426]	[SEND] RESET
[05:22:51:470]	[RECV] A
[05:22:51:473]	[RECV] O
[05:22:51:478]	[SEND] HOM
[05:22:51:519]	[RECV] A
[05:23:02:849]	[RECV] O
[05:23:02:852]	[SEND] STATUS
[05:23:02:905]	[RECV] A
[05:23:02:906]	[RECV] S7350142B
[05:23:02:908]	[OPER] ----- Result : Completed, Description : 
[05:23:02:909]	[OPER] ----- ChangeToCassette -----
[05:23:02:909]	[SEND] RESET
[05:23:02:951]	[RECV] A
[05:23:02:952]	[RECV] O
[05:23:02:955]	[SEND] OC_MODE ON
[05:23:03:003]	[RECV] A
[05:23:03:004]	[RECV] O
[05:23:03:007]	[SEND] STATUS
[05:23:03:058]	[RECV] A
[05:23:03:059]	[RECV] S7350142B
[05:23:03:061]	[OPER] ----- Result : Completed, Description : 
[05:51:25:317]	[RECV] C00000004
[05:51:27:049]	[OPER] ----- Clamp -----
[05:51:27:049]	[SEND] RESET
[05:51:27:093]	[RECV] A
[05:51:27:094]	[RECV] O
[05:51:27:097]	[SEND] POD_LOCK ON
[05:51:27:147]	[RECV] A
[05:51:27:148]	[RECV] O
[05:51:27:151]	[SEND] STATUS
[05:51:27:203]	[RECV] A
[05:51:27:204]	[RECV] S7350142B
[05:51:27:205]	[OPER] ----- Result : Completed, Description : 
[05:51:27:682]	[OPER] ----- Load -----
[05:51:27:684]	[SEND] RESET
[05:51:27:727]	[RECV] A
[05:51:27:728]	[RECV] O
[05:51:27:732]	[SEND] CFG_SLOTS
[05:51:27:781]	[RECV] A
[05:51:27:783]	[RECV] 13
[05:51:27:788]	[SEND] LOAD O
[05:51:27:830]	[RECV] A
[05:51:40:123]	[RECV] M00000A80,00000000,00000000
[05:51:40:141]	[SEND] STATUS
[05:51:40:193]	[RECV] A
[05:51:40:194]	[RECV] S33500C27
[05:51:40:195]	[OPER] ----- Result : Completed, Description : 
[05:55:59:357]	[RECV] C00000020
[05:56:41:681]	[OPER] ----- Initialize -----
[05:56:41:681]	[SEND] RESET
[05:56:41:723]	[RECV] A
[05:56:41:724]	[RECV] O
[05:56:41:882]	[SEND] HOM
[05:56:41:920]	[RECV] A
[05:57:06:582]	[RECV] O
[05:57:06:762]	[SEND] STATUS
[05:57:06:815]	[RECV] A
[05:57:06:816]	[RECV] S4150142B
[05:57:06:863]	[OPER] ----- Result : Completed, Description : 
[05:58:31:772]	[OPER] ----- ChangeToCassette -----
[05:58:31:772]	[SEND] RESET
[05:58:31:816]	[RECV] A
[05:58:31:817]	[RECV] O
[05:58:31:820]	[SEND] OC_MODE ON
[05:58:31:865]	[RECV] A
[05:58:33:545]	[RECV] O
[05:58:33:548]	[SEND] STATUS
[05:58:33:600]	[RECV] A
[05:58:33:601]	[RECV] S4350142B
[05:58:33:602]	[OPER] ----- Result : Completed, Description : 
[05:58:51:780]	[RECV] C00000010
[05:58:57:557]	[RECV] C00000004
[05:58:59:257]	[OPER] ----- Clamp -----
[05:58:59:257]	[SEND] RESET
[05:58:59:298]	[RECV] A
[05:58:59:299]	[RECV] O
[05:58:59:303]	[SEND] POD_LOCK ON
[05:58:59:354]	[RECV] A
[05:58:59:355]	[RECV] O
[05:58:59:359]	[SEND] STATUS
[05:58:59:410]	[RECV] A
[05:58:59:411]	[RECV] S7350142B
[05:58:59:413]	[OPER] ----- Result : Completed, Description : 
[05:58:59:600]	[OPER] ----- Load -----
[05:58:59:600]	[SEND] RESET
[05:58:59:641]	[RECV] A
[05:58:59:642]	[RECV] O
[05:58:59:645]	[SEND] CFG_SLOTS
[05:58:59:692]	[RECV] A
[05:58:59:693]	[RECV] 13
[05:58:59:696]	[SEND] LOAD O
[05:58:59:737]	[RECV] A
[05:59:12:023]	[RECV] M00000280,00000000,00000000
[05:59:12:027]	[SEND] STATUS
[05:59:12:078]	[RECV] A
[05:59:12:079]	[RECV] S33500C27
[05:59:12:081]	[OPER] ----- Result : Completed, Description : 
[06:05:28:897]	[RECV] C00000008
[06:05:30:590]	[OPER] ----- Unload -----
[06:05:30:590]	[SEND] RESET
[06:05:30:632]	[RECV] A
[06:05:30:633]	[RECV] O
[06:05:30:636]	[SEND] CFG_SLOTS
[06:05:30:683]	[RECV] A
[06:05:30:684]	[RECV] 13
[06:05:30:688]	[SEND] UNLOAD O
[06:05:30:731]	[RECV] A
[06:05:38:234]	[RECV] M00000280,00000000,00000000
[06:05:38:237]	[SEND] STATUS
[06:05:38:289]	[RECV] A
[06:05:38:290]	[RECV] S7350142B
[06:05:38:291]	[OPER] ----- Result : Completed, Description : 
[06:05:42:431]	[RECV] C00000020
[06:06:27:305]	[RECV] C00000010
[06:06:36:938]	[RECV] C00000004
[06:06:38:648]	[OPER] ----- Clamp -----
[06:06:38:648]	[SEND] RESET
[06:06:38:689]	[RECV] A
[06:06:38:690]	[RECV] O
[06:06:38:694]	[SEND] POD_LOCK ON
[06:06:38:746]	[RECV] A
[06:06:38:747]	[RECV] O
[06:06:38:750]	[SEND] STATUS
[06:06:38:802]	[RECV] A
[06:06:38:803]	[RECV] S7350142B
[06:06:38:804]	[OPER] ----- Result : Completed, Description : 
[06:06:38:989]	[OPER] ----- Load -----
[06:06:38:989]	[SEND] RESET
[06:06:39:031]	[RECV] A
[06:06:39:032]	[RECV] O
[06:06:39:036]	[SEND] CFG_SLOTS
[06:06:39:083]	[RECV] A
[06:06:39:084]	[RECV] 13
[06:06:39:088]	[SEND] LOAD O
[06:06:39:129]	[RECV] A
[06:06:51:409]	[RECV] M00000AAA,00000000,00000000
[06:06:51:414]	[SEND] STATUS
[06:06:51:466]	[RECV] A
[06:06:51:467]	[RECV] S33500C27
[06:06:51:468]	[OPER] ----- Result : Completed, Description : 
[06:11:23:124]	[RECV] C00000008
[06:11:24:813]	[OPER] ----- Unload -----
[06:11:24:813]	[SEND] RESET
[06:11:24:855]	[RECV] A
[06:11:24:856]	[RECV] O
[06:11:24:859]	[SEND] CFG_SLOTS
[06:11:24:905]	[RECV] A
[06:11:24:906]	[RECV] 13
[06:11:24:909]	[SEND] UNLOAD O
[06:11:24:952]	[RECV] A
[06:11:32:451]	[RECV] M00000AAA,00000000,00000000
[06:11:32:455]	[SEND] STATUS
[06:11:32:507]	[RECV] A
[06:11:32:508]	[RECV] S7350142B
[06:11:32:509]	[OPER] ----- Result : Completed, Description : 
[06:11:36:144]	[RECV] C00000020
[06:12:06:018]	[RECV] C00000010
[06:12:11:283]	[RECV] C00000004
[06:12:12:983]	[OPER] ----- Clamp -----
[06:12:12:983]	[SEND] RESET
[06:12:13:026]	[RECV] A
[06:12:13:027]	[RECV] O
[06:12:13:031]	[SEND] POD_LOCK ON
[06:12:13:083]	[RECV] A
[06:12:13:084]	[RECV] O
[06:12:13:087]	[SEND] STATUS
[06:12:13:138]	[RECV] A
[06:12:13:139]	[RECV] S7350142B
[06:12:13:140]	[OPER] ----- Result : Completed, Description : 
[06:12:13:326]	[OPER] ----- Load -----
[06:12:13:326]	[SEND] RESET
[06:12:13:367]	[RECV] A
[06:12:13:368]	[RECV] O
[06:12:13:372]	[SEND] CFG_SLOTS
[06:12:13:420]	[RECV] A
[06:12:13:421]	[RECV] 13
[06:12:13:424]	[SEND] LOAD O
[06:12:13:466]	[RECV] A
[06:12:25:740]	[RECV] M00000822,00000000,00000000
[06:12:25:744]	[SEND] STATUS
[06:12:25:796]	[RECV] A
[06:12:25:797]	[RECV] S33500C27
[06:12:25:798]	[OPER] ----- Result : Completed, Description : 
[06:16:34:199]	[OPER] ----- Initialize -----
[06:16:34:199]	[SEND] RESET
[06:16:34:244]	[RECV] A
[06:16:34:245]	[RECV] O
[06:16:34:249]	[SEND] HOM
[06:16:34:288]	[RECV] A
[06:16:49:775]	[RECV] O
[06:16:49:779]	[SEND] STATUS
[06:16:49:831]	[RECV] A
[06:16:49:832]	[RECV] S7350142B
[06:16:49:833]	[OPER] ----- Result : Completed, Description : 
[06:16:49:834]	[OPER] ----- ChangeToCassette -----
[06:16:49:834]	[SEND] RESET
[06:16:49:876]	[RECV] A
[06:16:49:877]	[RECV] O
[06:16:49:880]	[SEND] OC_MODE ON
[06:16:49:927]	[RECV] A
[06:16:49:928]	[RECV] O
[06:16:49:932]	[SEND] STATUS
[06:16:49:984]	[RECV] A
[06:16:49:985]	[RECV] S7350142B
[06:16:49:986]	[OPER] ----- Result : Completed, Description : 
[06:25:38:600]	[RECV] C00000020
[06:26:43:170]	[RECV] C00000010
[06:26:49:428]	[RECV] C00000004
[06:26:51:117]	[OPER] ----- Clamp -----
[06:26:51:117]	[SEND] RESET
[06:26:51:159]	[RECV] A
[06:26:51:161]	[RECV] O
[06:26:51:165]	[SEND] POD_LOCK ON
[06:26:51:217]	[RECV] A
[06:26:51:218]	[RECV] O
[06:26:51:221]	[SEND] STATUS
[06:26:51:272]	[RECV] A
[06:26:51:273]	[RECV] S7350142B
[06:26:51:275]	[OPER] ----- Result : Completed, Description : 
[06:26:51:462]	[OPER] ----- Load -----
[06:26:51:462]	[SEND] RESET
[06:26:51:504]	[RECV] A
[06:26:51:505]	[RECV] O
[06:26:51:510]	[SEND] CFG_SLOTS
[06:26:51:557]	[RECV] A
[06:26:51:558]	[RECV] 13
[06:26:51:562]	[SEND] LOAD O
[06:26:51:603]	[RECV] A
[06:27:03:897]	[RECV] M00000AAA,00000000,00000000
[06:27:03:902]	[SEND] STATUS
[06:27:03:953]	[RECV] A
[06:27:03:954]	[RECV] S33500C27
[06:27:03:956]	[OPER] ----- Result : Completed, Description : 
[09:57:55:383]	[RECV] C00000020
[09:58:06:871]	[RECV] C00000010
[10:06:04:195]	[OPER] ----- Initialize -----
[10:06:04:195]	[SEND] RESET
[10:06:04:240]	[RECV] A
[10:06:04:241]	[RECV] O
[10:06:04:245]	[SEND] HOM
[10:06:04:283]	[RECV] A
[10:06:19:805]	[RECV] O
[10:06:19:808]	[SEND] STATUS
[10:06:19:859]	[RECV] A
[10:06:19:860]	[RECV] S7350142B
[10:06:19:862]	[OPER] ----- Result : Completed, Description : 
[10:06:19:863]	[OPER] ----- ChangeToCassette -----
[10:06:19:863]	[SEND] RESET
[10:06:19:905]	[RECV] A
[10:06:19:906]	[RECV] O
[10:06:19:909]	[SEND] OC_MODE ON
[10:06:19:957]	[RECV] A
[10:06:19:958]	[RECV] O
[10:06:19:961]	[SEND] STATUS
[10:06:20:012]	[RECV] A
[10:06:20:013]	[RECV] S7350142B
[10:06:20:015]	[OPER] ----- Result : Completed, Description : 
[10:06:41:595]	[OPER] ----- Clamp -----
[10:06:41:596]	[SEND] RESET
[10:06:41:639]	[RECV] A
[10:06:41:640]	[RECV] O
[10:06:41:644]	[SEND] POD_LOCK ON
[10:06:41:696]	[RECV] A
[10:06:41:697]	[RECV] O
[10:06:41:700]	[SEND] STATUS
[10:06:41:752]	[RECV] A
[10:06:41:753]	[RECV] S7350142B
[10:06:41:754]	[OPER] ----- Result : Completed, Description : 
[10:06:41:941]	[OPER] ----- Load -----
[10:06:41:941]	[SEND] RESET
[10:06:41:984]	[RECV] A
[10:06:41:985]	[RECV] O
[10:06:41:989]	[SEND] CFG_SLOTS
[10:06:42:038]	[RECV] A
[10:06:42:039]	[RECV] 13
[10:06:42:043]	[SEND] LOAD O
[10:06:42:084]	[RECV] A
[10:06:54:388]	[RECV] M00000802,00000000,00000000
[10:06:54:391]	[SEND] STATUS
[10:06:54:443]	[RECV] A
[10:06:54:444]	[RECV] S33500C27
[10:06:54:445]	[OPER] ----- Result : Completed, Description : 
[10:19:29:080]	[OPER] ----- Initialize -----
[10:19:29:080]	[SEND] RESET
[10:19:29:124]	[RECV] A
[10:19:29:125]	[RECV] O
[10:19:29:128]	[SEND] HOM
[10:19:29:167]	[RECV] A
[10:19:44:529]	[RECV] O
[10:19:44:533]	[SEND] STATUS
[10:19:44:587]	[RECV] A
[10:19:44:588]	[RECV] S7350142B
[10:19:44:589]	[OPER] ----- Result : Completed, Description : 
[10:19:44:590]	[OPER] ----- ChangeToCassette -----
[10:19:44:590]	[SEND] RESET
[10:19:44:632]	[RECV] A
[10:19:44:633]	[RECV] O
[10:19:44:636]	[SEND] OC_MODE ON
[10:19:44:685]	[RECV] A
[10:19:44:686]	[RECV] O
[10:19:44:690]	[SEND] STATUS
[10:19:44:741]	[RECV] A
[10:19:44:742]	[RECV] S7350142B
[10:19:44:743]	[OPER] ----- Result : Completed, Description : 
[10:20:00:922]	[OPER] ----- Clamp -----
[10:20:00:922]	[SEND] RESET
[10:20:00:966]	[RECV] A
[10:20:00:967]	[RECV] O
[10:20:00:970]	[SEND] POD_LOCK ON
[10:20:01:021]	[RECV] A
[10:20:01:022]	[RECV] O
[10:20:01:026]	[SEND] STATUS
[10:20:01:078]	[RECV] A
[10:20:01:079]	[RECV] S7350142B
[10:20:01:080]	[OPER] ----- Result : Completed, Description : 
[10:20:01:263]	[OPER] ----- Load -----
[10:20:01:263]	[SEND] RESET
[10:20:01:307]	[RECV] A
[10:20:01:308]	[RECV] O
[10:20:01:311]	[SEND] CFG_SLOTS
[10:20:01:359]	[RECV] A
[10:20:01:360]	[RECV] 13
[10:20:01:364]	[SEND] LOAD O
[10:20:01:407]	[RECV] A
[10:20:13:373]	[RECV] M00000080,00000000,00000000
[10:20:13:378]	[SEND] STATUS
[10:20:13:430]	[RECV] A
[10:20:13:431]	[RECV] S33500C27
[10:20:13:433]	[OPER] ----- Result : Completed, Description : 
[10:48:28:349]	[OPER] ----- Initialize -----
[10:48:28:349]	[SEND] RESET
[10:48:28:391]	[RECV] A
[10:48:28:392]	[RECV] O
[10:48:28:395]	[SEND] HOM
[10:48:28:434]	[RECV] A
[10:48:43:951]	[RECV] O
[10:48:43:954]	[SEND] STATUS
[10:48:44:005]	[RECV] A
[10:48:44:006]	[RECV] S7350142B
[10:48:44:008]	[OPER] ----- Result : Completed, Description : 
[10:48:44:009]	[OPER] ----- ChangeToCassette -----
[10:48:44:009]	[SEND] RESET
[10:48:44:052]	[RECV] A
[10:48:44:053]	[RECV] O
[10:48:44:057]	[SEND] OC_MODE ON
[10:48:44:106]	[RECV] A
[10:48:44:107]	[RECV] O
[10:48:44:111]	[SEND] STATUS
[10:48:44:162]	[RECV] A
[10:48:44:163]	[RECV] S7350142B
[10:48:44:165]	[OPER] ----- Result : Completed, Description : 
[10:48:53:096]	[RECV] C00000020
[10:50:08:948]	[OPER] ----- Initialize -----
[10:50:08:950]	[SEND] RESET
[10:50:08:993]	[RECV] A
[10:50:08:995]	[RECV] O
[10:50:09:002]	[SEND] HOM
[10:50:09:041]	[RECV] A
[10:50:29:493]	[RECV] O
[10:50:29:496]	[SEND] STATUS
[10:50:29:548]	[RECV] A
[10:50:29:549]	[RECV] S4150142B
[10:50:29:550]	[OPER] ----- Result : Completed, Description : 
[10:50:29:551]	[OPER] ----- ChangeToFoup -----
[10:50:29:551]	[SEND] RESET
[10:50:29:593]	[RECV] A
[10:50:29:594]	[RECV] O
[10:50:29:597]	[SEND] OC_MODE OFF
[10:50:29:646]	[RECV] A
[10:50:29:647]	[RECV] O
[10:50:29:651]	[SEND] STATUS
[10:50:29:702]	[RECV] A
[10:50:29:703]	[RECV] S4150142B
[10:50:29:704]	[OPER] ----- Result : Completed, Description : 
[10:50:44:795]	[OPER] ----- ChangeToCassette -----
[10:50:44:795]	[SEND] RESET
[10:50:44:837]	[RECV] A
[10:50:44:838]	[RECV] O
[10:50:44:841]	[SEND] OC_MODE ON
[10:50:44:887]	[RECV] A
[10:50:47:918]	[RECV] O
[10:50:47:922]	[SEND] STATUS
[10:50:47:974]	[RECV] A
[10:50:47:975]	[RECV] S4350142B
[10:50:47:976]	[OPER] ----- Result : Completed, Description : 
[10:53:16:514]	[RECV] C00000010
[10:53:21:644]	[RECV] C00000004
[10:53:23:345]	[OPER] ----- Clamp -----
[10:53:23:345]	[SEND] RESET
[10:53:23:387]	[RECV] A
[10:53:23:388]	[RECV] O
[10:53:23:391]	[SEND] POD_LOCK ON
[10:53:23:442]	[RECV] A
[10:53:23:443]	[RECV] O
[10:53:23:446]	[SEND] STATUS
[10:53:23:496]	[RECV] A
[10:53:23:497]	[RECV] S7350142B
[10:53:23:499]	[OPER] ----- Result : Completed, Description : 
[10:53:23:978]	[OPER] ----- Load -----
[10:53:23:978]	[SEND] RESET
[10:53:24:022]	[RECV] A
[10:53:24:023]	[RECV] O
[10:53:24:026]	[SEND] CFG_SLOTS
[10:53:24:074]	[RECV] A
[10:53:24:075]	[RECV] 13
[10:53:24:078]	[SEND] LOAD O
[10:53:24:119]	[RECV] A
[10:53:36:385]	[RECV] M00000AAA,00000000,00000000
[10:53:36:391]	[SEND] STATUS
[10:53:36:442]	[RECV] A
[10:53:36:443]	[RECV] S33500C27
[10:53:36:445]	[OPER] ----- Result : Completed, Description : 
