[01:02:17:872]	[RECV] C00000008
[01:02:19:579]	[OPER] ----- Unload -----
[01:02:19:579]	[SEND] RESET
[01:02:19:622]	[RECV] A
[01:02:19:623]	[RECV] O
[01:02:19:627]	[SEND] CFG_SLOTS
[01:02:19:676]	[RECV] A
[01:02:19:677]	[RECV] 13
[01:02:19:681]	[SEND] UNLOAD O
[01:02:19:726]	[RECV] A
[01:02:27:232]	[RECV] M00000200,00000000,00000000
[01:02:27:235]	[SEND] STATUS
[01:02:27:287]	[RECV] A
[01:02:27:288]	[RECV] S7350142B
[01:02:27:289]	[OPER] ----- Result : Completed, Description : 
[01:02:37:958]	[RECV] C00000020
[01:02:50:407]	[RECV] C00000010
[01:02:55:121]	[RECV] C00000004
[01:02:56:831]	[OPER] ----- Clamp -----
[01:02:56:831]	[SEND] RESET
[01:02:56:875]	[RECV] A
[01:02:56:876]	[RECV] O
[01:02:56:879]	[SEND] POD_LOCK ON
[01:02:56:931]	[RECV] A
[01:02:56:932]	[RECV] O
[01:02:56:935]	[SEND] STATUS
[01:02:56:987]	[RECV] A
[01:02:56:988]	[RECV] S7350142B
[01:02:56:989]	[OPER] ----- Result : Completed, Description : 
[01:02:57:174]	[OPER] ----- Load -----
[01:02:57:174]	[SEND] RESET
[01:02:57:217]	[RECV] A
[01:02:57:218]	[RECV] O
[01:02:57:222]	[SEND] CFG_SLOTS
[01:02:57:269]	[RECV] A
[01:02:57:270]	[RECV] 13
[01:02:57:274]	[SEND] LOAD O
[01:02:57:314]	[RECV] A
[01:03:09:585]	[RECV] M00000800,00000000,00000000
[01:03:09:588]	[SEND] STATUS
[01:03:09:640]	[RECV] A
[01:03:09:640]	[RECV] S33500C27
[01:03:09:642]	[OPER] ----- Result : Completed, Description : 
[01:13:34:414]	[RECV] C00000008
[01:13:36:125]	[OPER] ----- Unload -----
[01:13:36:125]	[SEND] RESET
[01:13:36:167]	[RECV] A
[01:13:36:168]	[RECV] O
[01:13:36:171]	[SEND] CFG_SLOTS
[01:13:36:219]	[RECV] A
[01:13:36:220]	[RECV] 13
[01:13:36:223]	[SEND] UNLOAD O
[01:13:36:266]	[RECV] A
[01:13:43:772]	[RECV] M00000800,00000000,00000000
[01:13:43:775]	[SEND] STATUS
[01:13:43:827]	[RECV] A
[01:13:43:828]	[RECV] S7350142B
[01:13:43:829]	[OPER] ----- Result : Completed, Description : 
[01:13:53:085]	[RECV] C00000020
[01:13:56:012]	[RECV] C00000010
[01:13:57:935]	[RECV] C00000004
[01:13:59:619]	[OPER] ----- Clamp -----
[01:13:59:619]	[SEND] RESET
[01:13:59:660]	[RECV] A
[01:13:59:661]	[RECV] O
[01:13:59:664]	[SEND] POD_LOCK ON
[01:13:59:716]	[RECV] A
[01:13:59:717]	[RECV] O
[01:13:59:720]	[SEND] STATUS
[01:13:59:772]	[RECV] A
[01:13:59:773]	[RECV] S7350142B
[01:13:59:774]	[OPER] ----- Result : Completed, Description : 
[01:13:59:961]	[OPER] ----- Load -----
[01:13:59:961]	[SEND] RESET
[01:14:00:002]	[RECV] A
[01:14:00:003]	[RECV] O
[01:14:00:007]	[SEND] CFG_SLOTS
[01:14:00:055]	[RECV] A
[01:14:00:056]	[RECV] 13
[01:14:00:059]	[SEND] LOAD O
[01:14:00:100]	[RECV] A
[01:14:12:361]	[RECV] M00000800,00000000,00000000
[01:14:12:365]	[SEND] STATUS
[01:14:12:417]	[RECV] A
[01:14:12:418]	[RECV] S33500C27
[01:14:12:419]	[OPER] ----- Result : Completed, Description : 
[01:51:52:588]	[OPER] ----- Initialize -----
[01:51:52:588]	[SEND] RESET
[01:51:52:636]	[RECV] A
[01:51:52:637]	[RECV] O
[01:51:52:640]	[SEND] HOM
[01:51:52:681]	[RECV] A
[01:52:08:202]	[RECV] O
[01:52:08:205]	[SEND] STATUS
[01:52:08:258]	[RECV] A
[01:52:08:259]	[RECV] S7350142B
[01:52:08:261]	[OPER] ----- Result : Completed, Description : 
[01:52:08:262]	[OPER] ----- ChangeToCassette -----
[01:52:08:262]	[SEND] RESET
[01:52:08:304]	[RECV] A
[01:52:08:305]	[RECV] O
[01:52:08:308]	[SEND] OC_MODE ON
[01:52:08:356]	[RECV] A
[01:52:08:357]	[RECV] O
[01:52:08:360]	[SEND] STATUS
[01:52:08:411]	[RECV] A
[01:52:08:412]	[RECV] S7350142B
[01:52:08:414]	[OPER] ----- Result : Completed, Description : 
[01:59:35:204]	[RECV] C00000004
[01:59:36:909]	[OPER] ----- Clamp -----
[01:59:36:909]	[SEND] RESET
[01:59:36:950]	[RECV] A
[01:59:36:951]	[RECV] O
[01:59:36:954]	[SEND] POD_LOCK ON
[01:59:37:006]	[RECV] A
[01:59:37:007]	[RECV] O
[01:59:37:010]	[SEND] STATUS
[01:59:37:062]	[RECV] A
[01:59:37:063]	[RECV] S7350142B
[01:59:37:064]	[OPER] ----- Result : Completed, Description : 
[01:59:37:251]	[OPER] ----- Load -----
[01:59:37:251]	[SEND] RESET
[01:59:37:293]	[RECV] A
[01:59:37:294]	[RECV] O
[01:59:37:297]	[SEND] CFG_SLOTS
[01:59:37:345]	[RECV] A
[01:59:37:346]	[RECV] 13
[01:59:37:349]	[SEND] LOAD O
[01:59:37:391]	[RECV] A
[01:59:49:676]	[RECV] M00000800,00000000,00000000
[01:59:49:680]	[SEND] STATUS
[01:59:49:732]	[RECV] A
[01:59:49:733]	[RECV] S33500C27
[01:59:49:734]	[OPER] ----- Result : Completed, Description : 
[02:13:04:785]	[RECV] C00000008
[02:13:06:485]	[OPER] ----- Unload -----
[02:13:06:485]	[SEND] RESET
[02:13:06:527]	[RECV] A
[02:13:06:528]	[RECV] O
[02:13:06:531]	[SEND] CFG_SLOTS
[02:13:06:578]	[RECV] A
[02:13:06:579]	[RECV] 13
[02:13:06:583]	[SEND] UNLOAD O
[02:13:06:626]	[RECV] A
[02:13:14:125]	[RECV] M00000800,00000000,00000000
[02:13:14:129]	[SEND] STATUS
[02:13:14:180]	[RECV] A
[02:13:14:181]	[RECV] S7350142B
[02:13:14:183]	[OPER] ----- Result : Completed, Description : 
[02:13:23:919]	[RECV] C00000020
[02:13:41:887]	[RECV] C00000010
[02:14:05:854]	[OPER] ----- Clamp -----
[02:14:05:854]	[SEND] RESET
[02:14:05:899]	[RECV] A
[02:14:05:900]	[RECV] O
[02:14:05:903]	[SEND] POD_LOCK ON
[02:14:05:956]	[RECV] A
[02:14:05:957]	[RECV] O
[02:14:05:961]	[SEND] STATUS
[02:14:06:014]	[RECV] A
[02:14:06:015]	[RECV] S7350142B
[02:14:06:015]	[OPER] ----- Result : Completed, Description : 
[02:14:06:203]	[OPER] ----- Load -----
[02:14:06:203]	[SEND] RESET
[02:14:06:246]	[RECV] A
[02:14:06:247]	[RECV] O
[02:14:06:249]	[SEND] CFG_SLOTS
[02:14:06:298]	[RECV] A
[02:14:06:299]	[RECV] 13
[02:14:06:303]	[SEND] LOAD O
[02:14:06:346]	[RECV] A
[02:14:18:614]	[RECV] M00000200,00000000,00000000
[02:14:18:617]	[SEND] STATUS
[02:14:18:669]	[RECV] A
[02:14:18:670]	[RECV] S33500C27
[02:14:18:672]	[OPER] ----- Result : Completed, Description : 
[02:23:50:172]	[OPER] ----- Unload -----
[02:23:50:172]	[SEND] RESET
[02:23:50:215]	[RECV] A
[02:23:50:216]	[RECV] O
[02:23:50:218]	[SEND] CFG_SLOTS
[02:23:50:266]	[RECV] A
[02:23:50:267]	[RECV] 13
[02:23:50:270]	[SEND] UNLOAD O
[02:23:50:314]	[RECV] A
[02:23:57:815]	[RECV] M00000200,00000000,00000000
[02:23:57:819]	[SEND] STATUS
[02:23:57:871]	[RECV] A
[02:23:57:872]	[RECV] S7350142B
[02:23:57:873]	[OPER] ----- Result : Completed, Description : 
[15:59:46:567]	[RECV] C01000000
[16:14:25:931]	[OPER] ----- Initialize -----
[16:14:25:931]	[SEND] RESET
[16:14:25:979]	[RECV] A
[16:14:25:980]	[RECV] O
[16:14:25:984]	[SEND] HOM
[16:14:26:027]	[RECV] A
[16:14:37:433]	[RECV] O
[16:14:37:436]	[SEND] STATUS
[16:14:37:487]	[RECV] A
[16:14:37:488]	[RECV] S7350142B
[16:14:37:490]	[OPER] ----- Result : Completed, Description : 
[16:14:37:491]	[OPER] ----- ChangeToCassette -----
[16:14:37:491]	[SEND] RESET
[16:14:37:533]	[RECV] A
[16:14:37:534]	[RECV] O
[16:14:37:538]	[SEND] OC_MODE ON
[16:14:37:585]	[RECV] A
[16:14:37:586]	[RECV] O
[16:14:37:590]	[SEND] STATUS
[16:14:37:641]	[RECV] A
[16:14:37:642]	[RECV] S7350142B
[16:14:37:643]	[OPER] ----- Result : Completed, Description : 
[16:28:14:820]	[OPER] ----- Initialize -----
[16:28:14:822]	[SEND] RESET
[16:28:14:866]	[RECV] A
[16:28:14:868]	[RECV] O
[16:28:14:875]	[SEND] HOM
[16:28:14:914]	[RECV] A
[16:28:26:337]	[RECV] O
[16:28:26:341]	[SEND] STATUS
[16:28:26:393]	[RECV] A
[16:28:26:394]	[RECV] S7350142B
[16:28:26:396]	[OPER] ----- Result : Completed, Description : 
[16:28:26:397]	[OPER] ----- ChangeToCassette -----
[16:28:26:397]	[SEND] RESET
[16:28:26:438]	[RECV] A
[16:28:26:439]	[RECV] O
[16:28:26:442]	[SEND] OC_MODE ON
[16:28:26:491]	[RECV] A
[16:28:26:492]	[RECV] O
[16:28:26:496]	[SEND] STATUS
[16:28:26:547]	[RECV] A
[16:28:26:548]	[RECV] S7350142B
[16:28:26:550]	[OPER] ----- Result : Completed, Description : 
[16:32:03:594]	[RECV] C00000020
[16:33:42:691]	[RECV] C00000010
[16:36:10:555]	[OPER] ----- Clamp -----
[16:36:10:555]	[SEND] RESET
[16:36:10:601]	[RECV] A
[16:36:10:602]	[RECV] O
[16:36:10:606]	[SEND] POD_LOCK ON
[16:36:10:657]	[RECV] A
[16:36:10:658]	[RECV] O
[16:36:10:661]	[SEND] STATUS
[16:36:10:715]	[RECV] A
[16:36:10:716]	[RECV] S7350142B
[16:36:10:717]	[OPER] ----- Result : Completed, Description : 
[16:36:11:390]	[OPER] ----- Load -----
[16:36:11:392]	[SEND] RESET
[16:36:11:435]	[RECV] A
[16:36:11:436]	[RECV] O
[16:36:11:440]	[SEND] CFG_SLOTS
[16:36:11:488]	[RECV] A
[16:36:11:489]	[RECV] 13
[16:36:11:491]	[SEND] LOAD O
[16:36:11:532]	[RECV] A
[16:36:24:182]	[RECV] M00000A80,00000000,00000000
[16:36:24:185]	[SEND] STATUS
[16:36:24:237]	[RECV] A
[16:36:24:238]	[RECV] S33500C27
[16:36:24:240]	[OPER] ----- Result : Completed, Description : 
[16:38:25:604]	[OPER] ----- Unload -----
[16:38:25:604]	[SEND] RESET
[16:38:25:651]	[RECV] A
[16:38:25:652]	[RECV] O
[16:38:25:656]	[SEND] CFG_SLOTS
[16:38:25:707]	[RECV] A
[16:38:25:708]	[RECV] 13
[16:38:25:711]	[SEND] UNLOAD O
[16:38:25:754]	[RECV] A
[16:38:33:329]	[RECV] M00000A80,00000000,00000000
[16:38:33:333]	[SEND] STATUS
[16:38:33:386]	[RECV] A
[16:38:33:387]	[RECV] S7350142B
[16:38:33:389]	[OPER] ----- Result : Completed, Description : 
[16:40:43:584]	[RECV] C00000020
[16:41:17:455]	[RECV] C00000010
[16:42:24:120]	[OPER] ----- Initialize -----
[16:42:24:120]	[SEND] RESET
[16:42:24:164]	[RECV] A
[16:42:24:165]	[RECV] O
[16:42:24:168]	[SEND] HOM
[16:42:24:206]	[RECV] A
[16:42:35:662]	[RECV] O
[16:42:35:666]	[SEND] STATUS
[16:42:35:718]	[RECV] A
[16:42:35:719]	[RECV] S7350142B
[16:42:35:720]	[OPER] ----- Result : Completed, Description : 
[16:42:35:721]	[OPER] ----- ChangeToCassette -----
[16:42:35:721]	[SEND] RESET
[16:42:35:764]	[RECV] A
[16:42:35:765]	[RECV] O
[16:42:35:769]	[SEND] OC_MODE ON
[16:42:35:817]	[RECV] A
[16:42:35:818]	[RECV] O
[16:42:35:821]	[SEND] STATUS
[16:42:35:874]	[RECV] A
[16:42:35:875]	[RECV] S7350142B
[16:42:35:876]	[OPER] ----- Result : Completed, Description : 
[16:43:55:403]	[OPER] ----- Clamp -----
[16:43:55:403]	[SEND] RESET
[16:43:55:447]	[RECV] A
[16:43:55:448]	[RECV] O
[16:43:55:453]	[SEND] POD_LOCK ON
[16:43:55:505]	[RECV] A
[16:43:55:506]	[RECV] O
[16:43:55:510]	[SEND] STATUS
[16:43:55:561]	[RECV] A
[16:43:55:562]	[RECV] S7350142B
[16:43:55:563]	[OPER] ----- Result : Completed, Description : 
[16:43:55:751]	[OPER] ----- Load -----
[16:43:55:751]	[SEND] RESET
[16:43:55:796]	[RECV] A
[16:43:55:798]	[RECV] O
[16:43:55:802]	[SEND] CFG_SLOTS
[16:43:55:850]	[RECV] A
[16:43:55:851]	[RECV] 13
[16:43:55:854]	[SEND] LOAD O
[16:43:55:894]	[RECV] A
[16:44:08:537]	[RECV] M00000A40,00000000,00000000
[16:44:08:541]	[SEND] STATUS
[16:44:08:593]	[RECV] A
[16:44:08:594]	[RECV] S33500C27
[16:44:08:596]	[OPER] ----- Result : Completed, Description : 
[17:25:22:463]	[OPER] ----- Initialize -----
[17:25:22:463]	[SEND] RESET
[17:25:22:506]	[RECV] A
[17:25:22:507]	[RECV] O
[17:25:22:511]	[SEND] HOM
[17:25:22:549]	[RECV] A
[17:25:38:041]	[RECV] O
[17:25:38:045]	[SEND] STATUS
[17:25:38:096]	[RECV] A
[17:25:38:097]	[RECV] S7350142B
[17:25:38:098]	[OPER] ----- Result : Completed, Description : 
[17:25:38:099]	[OPER] ----- ChangeToCassette -----
[17:25:38:099]	[SEND] RESET
[17:25:38:140]	[RECV] A
[17:25:38:141]	[RECV] O
[17:25:38:144]	[SEND] OC_MODE ON
[17:25:38:192]	[RECV] A
[17:25:38:193]	[RECV] O
[17:25:38:196]	[SEND] STATUS
[17:25:38:247]	[RECV] A
[17:25:38:248]	[RECV] S7350142B
[17:25:38:250]	[OPER] ----- Result : Completed, Description : 
