[10:09:55:422]	[RECV] C00000020
[11:07:24:255]	[RECV] C00000001
[11:10:46:679]	[RECV] C00000002
[11:16:32:371]	[RECV] C00000010
[11:16:45:379]	[RECV] C00000001
[11:17:49:855]	[RECV] M00000000,00000000,00000000
[11:21:34:201]	[RECV] C00020000
[11:22:37:451]	[RECV] M0000154F,00000000,00000000
[11:23:59:873]	[RECV] C00000020
[11:24:04:177]	[RECV] C00000002
[11:51:14:020]	[RECV] C00000001
[11:51:21:212]	[RECV] C00000010
[11:51:39:992]	[RECV] M0000154F,00000000,00000000
[11:52:18:438]	[RECV] C00000002
[11:52:24:918]	[RECV] C00000020
[12:21:37:340]	[RECV] C00000001
[12:21:59:108]	[RECV] C00000010
[12:22:21:101]	[RECV] M00000AAA,00000000,00000000
[12:23:45:531]	[RECV] C00000002
[12:24:11:748]	[RECV] C00000020
[12:29:05:024]	[RECV] C00000100
[12:29:25:319]	[RECV] C00000200
[12:40:52:784]	[RECV] C00000001
[12:41:07:813]	[RECV] C00000002
[14:05:45:824]	[OPER] ----- Initialize -----
[14:05:45:824]	[SEND] RESET
[14:05:45:872]	[RECV] A
[14:05:45:873]	[RECV] O
[14:05:45:876]	[SEND] HOM
[14:05:45:917]	[RECV] A
[14:06:03:222]	[RECV] O
[14:06:03:225]	[SEND] STATUS
[14:06:03:278]	[RECV] A
[14:06:03:279]	[RECV] S4150142B
[14:06:03:281]	[OPER] ----- Result : Completed, Description : 
[14:06:03:282]	[OPER] ----- ChangeToFoup -----
[14:06:03:282]	[SEND] RESET
[14:06:03:325]	[RECV] A
[14:06:03:326]	[RECV] O
[14:06:03:330]	[SEND] OC_MODE OFF
[14:06:03:378]	[RECV] A
[14:06:03:379]	[RECV] O
[14:06:03:383]	[SEND] STATUS
[14:06:03:434]	[RECV] A
[14:06:03:435]	[RECV] S4150142B
[14:06:03:437]	[OPER] ----- Result : Completed, Description : 
[14:06:51:989]	[RECV] C01000000
[14:40:27:259]	[RECV] C00000010
[14:40:39:395]	[RECV] C00000001
[14:42:51:976]	[RECV] M0000154F,00000000,00000000
[14:53:47:341]	[RECV] M0000154F,00000000,00000000
[14:53:48:442]	[RECV] C00000002
[14:54:16:834]	[RECV] C00000020
[15:09:43:789]	[OPER] ----- Initialize -----
[15:09:43:789]	[SEND] RESET
[15:09:44:224]	[RECV] A
[15:09:44:225]	[RECV] O
[15:09:44:393]	[SEND] HOM
[15:09:44:430]	[RECV] A
[15:10:01:731]	[RECV] O
[15:10:01:920]	[SEND] STATUS
[15:10:01:972]	[RECV] A
[15:10:01:973]	[RECV] S4150142B
[15:10:02:021]	[OPER] ----- Result : Completed, Description : 
[15:10:15:689]	[OPER] ----- ChangeToCassette -----
[15:10:15:689]	[SEND] RESET
[15:10:15:730]	[RECV] A
[15:10:15:731]	[RECV] O
[15:10:15:735]	[SEND] OC_MODE ON
[15:10:15:780]	[RECV] A
[15:10:18:831]	[RECV] O
[15:10:18:835]	[SEND] STATUS
[15:10:18:887]	[RECV] A
[15:10:18:888]	[RECV] S4350142B
[15:10:18:889]	[OPER] ----- Result : Completed, Description : 
[15:42:14:968]	[RECV] C00000010
[15:42:21:258]	[RECV] C00000001
[15:42:36:411]	[RECV] M00000AAA,00000000,00000000
[15:47:20:460]	[RECV] C00000020
[15:47:20:629]	[RECV] C00000010
[15:50:01:969]	[RECV] M00000AAA,00000000,00000000
[15:50:01:970]	[RECV] C00000020
[15:50:10:719]	[RECV] C00000002
[17:48:51:356]	[RECV] C00000001
[17:49:02:849]	[RECV] C00000002
[17:50:27:930]	[OPER] ----- Initialize -----
[17:50:27:930]	[SEND] RESET
[17:50:28:724]	[RECV] A
[17:50:28:725]	[RECV] O
[17:50:28:836]	[SEND] HOM
[17:50:28:874]	[RECV] A
[17:50:49:135]	[RECV] O
[17:50:49:285]	[SEND] STATUS
[17:50:49:336]	[RECV] A
[17:50:49:337]	[RECV] S4150142B
[17:50:49:385]	[OPER] ----- Result : Completed, Description : 
[17:50:55:603]	[OPER] ----- ChangeToFoup -----
[17:50:55:603]	[SEND] RESET
[17:50:55:646]	[RECV] A
[17:50:55:647]	[RECV] O
[17:50:55:651]	[SEND] OC_MODE OFF
[17:50:55:700]	[RECV] A
[17:50:55:701]	[RECV] O
[17:50:55:705]	[SEND] STATUS
[17:50:55:755]	[RECV] A
[17:50:55:756]	[RECV] S4150142B
[17:50:55:758]	[OPER] ----- Result : Completed, Description : 
[17:52:16:209]	[OPER] ----- Initialize -----
[17:52:16:209]	[SEND] RESET
[17:52:16:257]	[RECV] A
[17:52:16:258]	[RECV] O
[17:52:16:261]	[SEND] HOM
[17:52:16:300]	[RECV] A
[17:52:33:577]	[RECV] O
[17:52:33:580]	[SEND] STATUS
[17:52:33:632]	[RECV] A
[17:52:33:633]	[RECV] S4150142B
[17:52:33:635]	[OPER] ----- Result : Completed, Description : 
[17:52:33:636]	[OPER] ----- ChangeToFoup -----
[17:52:33:636]	[SEND] RESET
[17:52:33:678]	[RECV] A
[17:52:33:679]	[RECV] O
[17:52:33:682]	[SEND] OC_MODE OFF
[17:52:33:731]	[RECV] A
[17:52:33:732]	[RECV] O
[17:52:33:736]	[SEND] STATUS
[17:52:33:786]	[RECV] A
[17:52:33:787]	[RECV] S4150142B
[17:52:33:789]	[OPER] ----- Result : Completed, Description : 
[17:57:44:002]	[OPER] ----- Initialize -----
[17:57:44:002]	[SEND] RESET
[17:57:44:050]	[RECV] A
[17:57:44:051]	[RECV] O
[17:57:44:054]	[SEND] HOM
[17:57:44:092]	[RECV] A
[17:58:01:369]	[RECV] O
[17:58:01:372]	[SEND] STATUS
[17:58:01:425]	[RECV] A
[17:58:01:426]	[RECV] S4150142B
[17:58:01:427]	[OPER] ----- Result : Completed, Description : 
[17:58:01:428]	[OPER] ----- ChangeToFoup -----
[17:58:01:428]	[SEND] RESET
[17:58:01:472]	[RECV] A
[17:58:01:473]	[RECV] O
[17:58:01:476]	[SEND] OC_MODE OFF
[17:58:01:524]	[RECV] A
[17:58:01:525]	[RECV] O
[17:58:01:528]	[SEND] STATUS
[17:58:01:579]	[RECV] A
[17:58:01:580]	[RECV] S4150142B
[17:58:01:581]	[OPER] ----- Result : Completed, Description : 
[18:01:31:467]	[OPER] ----- Initialize -----
[18:01:31:467]	[SEND] RESET
[18:01:31:512]	[RECV] A
[18:01:31:513]	[RECV] O
[18:01:31:516]	[SEND] HOM
[18:01:31:556]	[RECV] A
[18:01:48:835]	[RECV] O
[18:01:48:838]	[SEND] STATUS
[18:01:48:890]	[RECV] A
[18:01:48:891]	[RECV] S4150142B
[18:01:48:892]	[OPER] ----- Result : Completed, Description : 
[18:01:48:893]	[OPER] ----- ChangeToFoup -----
[18:01:48:893]	[SEND] RESET
[18:01:48:937]	[RECV] A
[18:01:48:938]	[RECV] O
[18:01:48:942]	[SEND] OC_MODE OFF
[18:01:48:990]	[RECV] A
[18:01:48:991]	[RECV] O
[18:01:48:994]	[SEND] STATUS
[18:01:49:046]	[RECV] A
[18:01:49:047]	[RECV] S4150142B
[18:01:49:048]	[OPER] ----- Result : Completed, Description : 
[18:02:25:694]	[RECV] C01000000
