[10:00:16:374]	[OPER] ----- Initialize -----
[10:00:16:374]	[SEND] RESET
[10:00:16:430]	[RECV] A
[10:00:16:431]	[RECV] O
[10:00:16:434]	[SEND] HOM
[10:00:16:476]	[RECV] A
[10:00:28:334]	[RECV] O
[10:00:28:338]	[SEND] STATUS
[10:00:28:389]	[RECV] A
[10:00:28:390]	[RECV] S7350142B
[10:00:28:392]	[OPER] ----- Result : Completed, Description : 
[10:00:28:393]	[OPER] ----- ChangeToCassette -----
[10:00:28:393]	[SEND] RESET
[10:00:28:435]	[RECV] A
[10:00:28:436]	[RECV] O
[10:00:28:440]	[SEND] OC_MODE ON
[10:00:28:488]	[RECV] A
[10:00:28:489]	[RECV] O
[10:00:28:492]	[SEND] STATUS
[10:00:28:544]	[RECV] A
[10:00:28:545]	[RECV] S7350142B
[10:00:28:546]	[OPER] ----- Result : Completed, Description : 
[10:00:56:756]	[OPER] ----- Clamp -----
[10:00:56:756]	[SEND] RESET
[10:00:56:800]	[RECV] A
[10:00:56:801]	[RECV] O
[10:00:56:804]	[SEND] POD_LOCK ON
[10:00:56:856]	[RECV] A
[10:00:56:857]	[RECV] O
[10:00:56:860]	[SEND] STATUS
[10:00:56:911]	[RECV] A
[10:00:56:912]	[RECV] S7350142B
[10:00:56:912]	[OPER] ----- Result : Completed, Description : 
[10:00:58:235]	[OPER] ----- Load -----
[10:00:58:235]	[SEND] RESET
[10:00:58:277]	[RECV] A
[10:00:58:278]	[RECV] O
[10:00:58:282]	[SEND] CFG_SLOTS
[10:00:58:329]	[RECV] A
[10:00:58:330]	[RECV] 13
[10:00:58:334]	[SEND] LOAD O
[10:00:58:376]	[RECV] A
[10:01:10:696]	[RECV] M00000000,00000000,00000000
[10:01:10:699]	[SEND] STATUS
[10:01:10:750]	[RECV] A
[10:01:10:751]	[RECV] S33500C27
[10:01:10:753]	[OPER] ----- Result : Completed, Description : 
[10:10:05:716]	[OPER] ----- Unload -----
[10:10:05:716]	[SEND] RESET
[10:10:05:760]	[RECV] A
[10:10:05:761]	[RECV] O
[10:10:05:765]	[SEND] CFG_SLOTS
[10:10:05:814]	[RECV] A
[10:10:05:815]	[RECV] 13
[10:10:05:817]	[SEND] UNLOAD O
[10:10:05:861]	[RECV] A
[10:10:13:358]	[RECV] M00000000,00000000,00000000
[10:10:13:361]	[SEND] STATUS
[10:10:13:413]	[RECV] A
[10:10:13:414]	[RECV] S7350142B
[10:10:13:417]	[OPER] ----- Result : Completed, Description : 
[10:10:15:438]	[OPER] ----- Clamp -----
[10:10:15:438]	[SEND] RESET
[10:10:15:481]	[RECV] A
[10:10:15:482]	[RECV] O
[10:10:15:484]	[SEND] POD_LOCK ON
[10:10:15:537]	[RECV] A
[10:10:15:538]	[RECV] O
[10:10:15:540]	[SEND] STATUS
[10:10:15:592]	[RECV] A
[10:10:15:592]	[RECV] S7350142B
[10:10:15:593]	[OPER] ----- Result : Completed, Description : 
[10:10:15:778]	[OPER] ----- Load -----
[10:10:15:778]	[SEND] RESET
[10:10:15:821]	[RECV] A
[10:10:15:822]	[RECV] O
[10:10:15:826]	[SEND] CFG_SLOTS
[10:10:15:874]	[RECV] A
[10:10:15:875]	[RECV] 13
[10:10:15:878]	[SEND] LOAD O
[10:10:15:920]	[RECV] A
[10:10:28:143]	[RECV] M00000000,00000000,00000000
[10:10:28:147]	[SEND] STATUS
[10:10:28:199]	[RECV] A
[10:10:28:200]	[RECV] S33500C27
[10:10:28:201]	[OPER] ----- Result : Completed, Description : 
[10:10:28:212]	[OPER] ----- Unload -----
[10:10:28:212]	[SEND] RESET
[10:10:28:256]	[RECV] A
[10:10:28:257]	[RECV] O
[10:10:28:260]	[SEND] CFG_SLOTS
[10:10:28:307]	[RECV] A
[10:10:28:308]	[RECV] 13
[10:10:28:311]	[SEND] UNLOAD O
[10:10:28:356]	[RECV] A
[10:10:35:812]	[RECV] M00000000,00000000,00000000
[10:10:35:815]	[SEND] STATUS
[10:10:35:866]	[RECV] A
[10:10:35:867]	[RECV] S7350142B
[10:10:35:869]	[OPER] ----- Result : Completed, Description : 
[10:10:37:885]	[OPER] ----- Clamp -----
[10:10:37:885]	[SEND] RESET
[10:10:37:928]	[RECV] A
[10:10:37:929]	[RECV] O
[10:10:37:932]	[SEND] POD_LOCK ON
[10:10:37:984]	[RECV] A
[10:10:37:985]	[RECV] O
[10:10:37:987]	[SEND] STATUS
[10:10:38:038]	[RECV] A
[10:10:38:039]	[RECV] S7350142B
[10:10:38:040]	[OPER] ----- Result : Completed, Description : 
[10:10:38:227]	[OPER] ----- Load -----
[10:10:38:227]	[SEND] RESET
[10:10:38:271]	[RECV] A
[10:10:38:272]	[RECV] O
[10:10:38:276]	[SEND] CFG_SLOTS
[10:10:38:324]	[RECV] A
[10:10:38:325]	[RECV] 13
[10:10:38:330]	[SEND] LOAD O
[10:10:38:373]	[RECV] A
[10:10:50:601]	[RECV] M00000000,00000000,00000000
[10:10:50:605]	[SEND] STATUS
[10:10:50:657]	[RECV] A
[10:10:50:658]	[RECV] S33500C27
[10:10:50:660]	[OPER] ----- Result : Completed, Description : 
[10:19:42:773]	[OPER] ----- Unload -----
[10:19:42:773]	[SEND] RESET
[10:19:42:816]	[RECV] A
[10:19:42:817]	[RECV] O
[10:19:42:820]	[SEND] CFG_SLOTS
[10:19:42:869]	[RECV] A
[10:19:42:870]	[RECV] 13
[10:19:42:873]	[SEND] UNLOAD O
[10:19:42:917]	[RECV] A
[10:19:50:395]	[RECV] M00000000,00000000,00000000
[10:19:50:399]	[SEND] STATUS
[10:19:50:451]	[RECV] A
[10:19:50:452]	[RECV] S7350142B
[10:19:50:453]	[OPER] ----- Result : Completed, Description : 
[10:19:52:469]	[OPER] ----- Clamp -----
[10:19:52:469]	[SEND] RESET
[10:19:52:511]	[RECV] A
[10:19:52:512]	[RECV] O
[10:19:52:514]	[SEND] POD_LOCK ON
[10:19:52:566]	[RECV] A
[10:19:52:567]	[RECV] O
[10:19:52:570]	[SEND] STATUS
[10:19:52:623]	[RECV] A
[10:19:52:624]	[RECV] S7350142B
[10:19:52:625]	[OPER] ----- Result : Completed, Description : 
[10:19:52:811]	[OPER] ----- Load -----
[10:19:52:811]	[SEND] RESET
[10:19:52:853]	[RECV] A
[10:19:52:854]	[RECV] O
[10:19:52:857]	[SEND] CFG_SLOTS
[10:19:52:905]	[RECV] A
[10:19:52:907]	[RECV] 13
[10:19:52:910]	[SEND] LOAD O
[10:19:52:951]	[RECV] A
[10:20:05:176]	[RECV] M00000000,00000000,00000000
[10:20:05:180]	[SEND] STATUS
[10:20:05:232]	[RECV] A
[10:20:05:233]	[RECV] S33500C27
[10:20:05:234]	[OPER] ----- Result : Completed, Description : 
[10:20:05:245]	[OPER] ----- Unload -----
[10:20:05:245]	[SEND] RESET
[10:20:05:289]	[RECV] A
[10:20:05:291]	[RECV] O
[10:20:05:295]	[SEND] CFG_SLOTS
[10:20:05:342]	[RECV] A
[10:20:05:343]	[RECV] 13
[10:20:05:347]	[SEND] UNLOAD O
[10:20:05:390]	[RECV] A
[10:20:12:847]	[RECV] M00000000,00000000,00000000
[10:20:12:851]	[SEND] STATUS
[10:20:12:903]	[RECV] A
[10:20:12:904]	[RECV] S7350142B
[10:20:12:904]	[OPER] ----- Result : Completed, Description : 
[10:20:14:922]	[OPER] ----- Clamp -----
[10:20:14:922]	[SEND] RESET
[10:20:14:964]	[RECV] A
[10:20:14:965]	[RECV] O
[10:20:14:968]	[SEND] POD_LOCK ON
[10:20:15:019]	[RECV] A
[10:20:15:020]	[RECV] O
[10:20:15:022]	[SEND] STATUS
[10:20:15:075]	[RECV] A
[10:20:15:076]	[RECV] S7350142B
[10:20:15:077]	[OPER] ----- Result : Completed, Description : 
[10:20:15:262]	[OPER] ----- Load -----
[10:20:15:262]	[SEND] RESET
[10:20:15:305]	[RECV] A
[10:20:15:306]	[RECV] O
[10:20:15:309]	[SEND] CFG_SLOTS
[10:20:15:357]	[RECV] A
[10:20:15:358]	[RECV] 13
[10:20:15:362]	[SEND] LOAD O
[10:20:15:403]	[RECV] A
[10:20:27:630]	[RECV] M00000000,00000000,00000000
[10:20:27:634]	[SEND] STATUS
[10:20:27:686]	[RECV] A
[10:20:27:687]	[RECV] S33500C27
[10:20:27:688]	[OPER] ----- Result : Completed, Description : 
[10:22:19:941]	[OPER] ----- Unload -----
[10:22:19:941]	[SEND] RESET
[10:22:19:988]	[RECV] A
[10:22:19:989]	[RECV] O
[10:22:19:992]	[SEND] CFG_SLOTS
[10:22:20:043]	[RECV] A
[10:22:20:045]	[RECV] 13
[10:22:20:049]	[SEND] UNLOAD O
[10:22:20:095]	[RECV] A
[10:22:27:584]	[RECV] M00000000,00000000,00000000
[10:22:27:588]	[SEND] STATUS
[10:22:27:640]	[RECV] A
[10:22:27:641]	[RECV] S7350142B
[10:22:27:642]	[OPER] ----- Result : Completed, Description : 
[10:29:03:616]	[RECV] C01000000
[17:17:23:447]	[RECV] C00010000
[17:17:23:448]	[RECV] C00000010
[20:54:15:471]	[OPER] ----- Initialize -----
[20:54:15:471]	[SEND] RESET
[20:54:15:518]	[RECV] A
[20:54:15:519]	[RECV] O
[20:54:15:523]	[SEND] HOM
[20:54:15:568]	[RECV] A
[20:54:29:658]	[RECV] O
[20:56:32:825]	[OPER] ----- Initialize -----
[20:56:32:825]	[SEND] RESET
[20:56:32:874]	[RECV] A
[20:56:32:875]	[RECV] O
[20:56:32:877]	[SEND] HOM
[20:56:32:919]	[RECV] A
[20:56:44:250]	[RECV] O
[20:56:44:253]	[SEND] STATUS
[20:56:44:305]	[RECV] A
[20:56:44:306]	[RECV] S7350142B
[20:56:44:307]	[OPER] ----- Result : Completed, Description : 
[20:56:44:308]	[OPER] ----- ChangeToCassette -----
[20:56:44:308]	[SEND] RESET
[20:56:44:351]	[RECV] A
[20:56:44:352]	[RECV] O
[20:56:44:355]	[SEND] OC_MODE ON
[20:56:44:403]	[RECV] A
[20:56:44:404]	[RECV] O
[20:56:44:407]	[SEND] STATUS
[20:56:44:459]	[RECV] A
[20:56:44:460]	[RECV] S7350142B
[20:56:44:461]	[OPER] ----- Result : Completed, Description : 
[20:57:24:760]	[RECV] C01000000
[21:06:07:231]	[OPER] ----- Initialize -----
[21:06:07:231]	[SEND] RESET
[21:06:07:278]	[RECV] A
[21:06:07:281]	[RECV] O
[21:06:07:285]	[SEND] HOM
[21:06:07:327]	[RECV] A
[21:06:18:674]	[RECV] O
[21:06:18:677]	[SEND] STATUS
[21:06:18:730]	[RECV] A
[21:06:18:731]	[RECV] S7350142B
[21:06:18:733]	[OPER] ----- Result : Completed, Description : 
[21:06:18:734]	[OPER] ----- ChangeToCassette -----
[21:06:18:734]	[SEND] RESET
[21:06:18:775]	[RECV] A
[21:06:18:776]	[RECV] O
[21:06:18:780]	[SEND] OC_MODE ON
[21:06:18:828]	[RECV] A
[21:06:18:829]	[RECV] O
[21:06:18:834]	[SEND] STATUS
[21:06:18:886]	[RECV] A
[21:06:18:887]	[RECV] S7350142B
[21:06:18:888]	[OPER] ----- Result : Completed, Description : 
[21:06:32:189]	[RECV] C01000000
[21:07:29:614]	[OPER] ----- Initialize -----
[21:07:29:614]	[SEND] RESET
[21:07:29:662]	[RECV] A
[21:07:29:663]	[RECV] O
[21:07:29:667]	[SEND] HOM
[21:07:29:706]	[RECV] A
[21:07:41:043]	[RECV] O
[21:07:41:046]	[SEND] STATUS
[21:07:41:099]	[RECV] A
[21:07:41:100]	[RECV] S7350142B
[21:07:41:102]	[OPER] ----- Result : Completed, Description : 
[21:07:41:104]	[OPER] ----- ChangeToCassette -----
[21:07:41:104]	[SEND] RESET
[21:07:41:146]	[RECV] A
[21:07:41:147]	[RECV] O
[21:07:41:150]	[SEND] OC_MODE ON
[21:07:41:197]	[RECV] A
[21:07:41:198]	[RECV] O
[21:07:41:202]	[SEND] STATUS
[21:07:41:254]	[RECV] A
[21:07:41:255]	[RECV] S7350142B
[21:07:41:257]	[OPER] ----- Result : Completed, Description : 
[21:08:59:675]	[RECV] C01000000
[21:09:27:124]	[OPER] ----- Initialize -----
[21:09:27:124]	[SEND] RESET
[21:09:27:171]	[RECV] A
[21:09:27:172]	[RECV] O
[21:09:27:176]	[SEND] HOM
[21:09:27:213]	[RECV] A
[21:09:38:559]	[RECV] O
[21:09:38:562]	[SEND] STATUS
[21:09:38:613]	[RECV] A
[21:09:38:614]	[RECV] S7350142B
[21:09:38:616]	[OPER] ----- Result : Completed, Description : 
[21:09:38:617]	[OPER] ----- ChangeToCassette -----
[21:09:38:617]	[SEND] RESET
[21:09:38:659]	[RECV] A
[21:09:38:660]	[RECV] O
[21:09:38:663]	[SEND] OC_MODE ON
[21:09:38:710]	[RECV] A
[21:09:38:711]	[RECV] O
[21:09:38:714]	[SEND] STATUS
[21:09:38:765]	[RECV] A
[21:09:38:766]	[RECV] S7350142B
[21:09:38:768]	[OPER] ----- Result : Completed, Description : 
