[11:25:48:424]	[OPER] ----- Initialize -----
[11:25:48:424]	[SEND] RESET
[11:25:48:472]	[RECV] A
[11:25:48:473]	[RECV] O
[11:25:48:475]	[SEND] HOM
[11:25:48:516]	[RECV] A
[11:25:59:806]	[RECV] O
[11:25:59:810]	[SEND] STATUS
[11:25:59:862]	[RECV] A
[11:25:59:863]	[RECV] S7350142B
[11:25:59:864]	[OPER] ----- Result : Completed, Description : 
[11:25:59:865]	[OPER] ----- ChangeToCassette -----
[11:25:59:865]	[SEND] RESET
[11:25:59:907]	[RECV] A
[11:25:59:908]	[RECV] O
[11:25:59:911]	[SEND] OC_MODE ON
[11:25:59:958]	[RECV] A
[11:25:59:959]	[RECV] O
[11:25:59:963]	[SEND] STATUS
[11:26:00:015]	[RECV] A
[11:26:00:016]	[RECV] S7350142B
[11:26:00:017]	[OPER] ----- Result : Completed, Description : 
[11:26:26:547]	[OPER] ----- Clamp -----
[11:26:26:547]	[SEND] RESET
[11:26:26:592]	[RECV] A
[11:26:26:593]	[RECV] O
[11:26:26:595]	[SEND] POD_LOCK ON
[11:26:26:646]	[RECV] A
[11:26:26:647]	[RECV] O
[11:26:26:650]	[SEND] STATUS
[11:26:26:704]	[RECV] A
[11:26:26:705]	[RECV] S7350142B
[11:26:26:706]	[OPER] ----- Result : Completed, Description : 
[11:26:27:674]	[OPER] ----- Load -----
[11:26:27:674]	[SEND] RESET
[11:26:27:717]	[RECV] A
[11:26:27:718]	[RECV] O
[11:26:27:721]	[SEND] CFG_SLOTS
[11:26:27:768]	[RECV] A
[11:26:27:769]	[RECV] 13
[11:26:27:772]	[SEND] LOAD O
[11:26:27:813]	[RECV] A
[11:26:40:008]	[RECV] M00000000,00000000,00000000
[11:26:40:012]	[SEND] STATUS
[11:26:40:064]	[RECV] A
[11:26:40:065]	[RECV] S33500C27
[11:26:40:066]	[OPER] ----- Result : Completed, Description : 
[11:26:40:079]	[OPER] ----- Unload -----
[11:26:40:079]	[SEND] RESET
[11:26:40:121]	[RECV] A
[11:26:40:122]	[RECV] O
[11:26:40:125]	[SEND] CFG_SLOTS
[11:26:40:173]	[RECV] A
[11:26:40:174]	[RECV] 13
[11:26:40:177]	[SEND] UNLOAD O
[11:26:40:221]	[RECV] A
[11:26:47:562]	[RECV] M00000000,00000000,00000000
[11:26:47:565]	[SEND] STATUS
[11:26:47:617]	[RECV] A
[11:26:47:618]	[RECV] S7350142B
[11:26:47:619]	[OPER] ----- Result : Completed, Description : 
[11:29:00:288]	[OPER] ----- Initialize -----
[11:29:00:288]	[SEND] RESET
[11:29:00:334]	[RECV] A
[11:29:00:335]	[RECV] O
[11:29:00:339]	[SEND] HOM
[11:29:00:379]	[RECV] A
[11:29:11:636]	[RECV] O
[11:29:11:639]	[SEND] STATUS
[11:29:11:691]	[RECV] A
[11:29:11:692]	[RECV] S7350142B
[11:29:11:693]	[OPER] ----- Result : Completed, Description : 
[11:29:11:694]	[OPER] ----- ChangeToCassette -----
[11:29:11:694]	[SEND] RESET
[11:29:11:736]	[RECV] A
[11:29:11:737]	[RECV] O
[11:29:11:740]	[SEND] OC_MODE ON
[11:29:11:787]	[RECV] A
[11:29:11:788]	[RECV] O
[11:29:11:792]	[SEND] STATUS
[11:29:11:844]	[RECV] A
[11:29:11:845]	[RECV] S7350142B
[11:29:11:846]	[OPER] ----- Result : Completed, Description : 
[11:35:09:675]	[OPER] ----- Initialize -----
[11:35:09:675]	[SEND] RESET
[11:35:09:723]	[RECV] A
[11:35:09:724]	[RECV] O
[11:35:09:726]	[SEND] HOM
[11:35:09:770]	[RECV] A
[11:35:21:043]	[RECV] O
[11:35:21:047]	[SEND] STATUS
[11:35:21:099]	[RECV] A
[11:35:21:100]	[RECV] S7350142B
[11:35:21:101]	[OPER] ----- Result : Completed, Description : 
[11:35:21:102]	[OPER] ----- ChangeToCassette -----
[11:35:21:102]	[SEND] RESET
[11:35:21:144]	[RECV] A
[11:35:21:145]	[RECV] O
[11:35:21:148]	[SEND] OC_MODE ON
[11:35:21:196]	[RECV] A
[11:35:21:197]	[RECV] O
[11:35:21:201]	[SEND] STATUS
[11:35:21:255]	[RECV] A
[11:35:21:256]	[RECV] S7350142B
[11:35:21:257]	[OPER] ----- Result : Completed, Description : 
