[15:34:35:086]	[OPER] ----- FindLoadingMode -----
[15:34:35:086]	[SEND] s00SET:RESET;
[15:34:35:206]	[RECV] ACK:RESET
[15:34:35:208]	[RECV] INF:RESET
[15:34:35:210]	[SEND] s00GET:STATE;
[15:34:35:356]	[RECV] ACK:STATE/001000001011001C1000
[15:34:35:357]	[OPER] ----- Result : Completed, Description : 
[15:34:35:358]	[OPER] ----- ChangeToCassette -----
[15:34:35:358]	[SEND] s00SET:RESET;
[15:34:35:471]	[RECV] ACK:RESET
[15:34:35:473]	[RECV] INF:RESET
[15:34:35:475]	[SEND] s00MOV:PINUP;
[15:34:35:609]	[RECV] ACK:PINUP
[15:34:36:272]	[RECV] INF:PINUP
[15:34:36:274]	[SEND] s00GET:STATE;
[15:34:36:417]	[RECV] ACK:STATE/001000001011001C1000
[15:34:36:419]	[OPER] ----- Result : Completed, Description : 
[15:34:36:420]	[OPER] ----- Initialize -----
[15:34:36:420]	[SEND] s00SET:RESET;
[15:34:36:532]	[RECV] ACK:RESET
[15:34:36:534]	[RECV] INF:RESET
[15:34:36:536]	[SEND] s00MOV:ABORG;
[15:34:36:646]	[RECV] ACK:ABORG
[15:34:41:021]	[RECV] INF:ABORG
[15:34:41:023]	[SEND] s00GET:STATE;
[15:34:41:175]	[RECV] ACK:STATE/001000001011001C1000
[15:34:41:176]	[OPER] ----- Result : Completed, Description : 
