[14:29:53:306]	[OPER] ----- FindLoadingMode -----
[14:29:53:306]	[OPER] ----- Result : Completed, Description : 
[14:29:53:309]	[OPER] ----- ChangeToCassette -----
[14:29:54:307]	[OPER] ----- Result : Completed, Description : 
[14:29:54:308]	[OPER] ----- Initialize -----
[14:29:55:309]	[OPER] ----- Result : Completed, Description : 
[14:30:02:098]	[OPER] ----- FindLoadingMode -----
[14:30:02:098]	[OPER] ----- Result : Completed, Description : 
[14:30:02:099]	[OPER] ----- ChangeToCassette -----
[14:30:03:098]	[OPER] ----- Result : Completed, Description : 
[14:30:03:099]	[OPER] ----- Initialize -----
[14:30:04:100]	[OPER] ----- Result : Completed, Description : 
[14:41:34:657]	[OPER] ----- FindLoadingMode -----
[14:41:34:657]	[OPER] ----- Result : Completed, Description : 
[14:41:34:660]	[OPER] ----- ChangeToCassette -----
[14:41:35:658]	[OPER] ----- Result : Completed, Description : 
[14:41:35:658]	[OPER] ----- Initialize -----
[14:41:36:659]	[OPER] ----- Result : Completed, Description : 
[15:17:23:751]	[OPER] ----- ChangeToFoup -----
[15:17:23:751]	[SEND] s00SET:RESET;
[15:17:33:825]	[OPER] ----- Result : Timeout, Description : 
[15:29:31:400]	[OPER] ----- ChangeToCassette -----
[15:29:31:400]	[SEND] s00SET:RESET;
[15:29:31:520]	[RECV] ACK:RESET
[15:29:31:521]	[RECV] INF:RESET
[15:29:31:702]	[SEND] s00MOV:PINUP;
[15:29:31:837]	[RECV] ACK:PINUP
[15:29:34:448]	[RECV] INF:PINUP
[15:29:34:622]	[SEND] s00GET:STATE;
[15:29:34:769]	[RECV] ACK:STATE/001000001011001C1100
[15:29:34:824]	[OPER] ----- Result : Completed, Description : 
[16:07:32:288]	[OPER] ----- Initialize -----
[16:07:32:288]	[SEND] s00SET:RESET;
[16:07:32:399]	[RECV] ACK:RESET
[16:07:32:400]	[RECV] INF:RESET
[16:07:32:590]	[SEND] s00MOV:ABORG;
[16:07:32:698]	[RECV] ACK:ABORG
[16:07:51:272]	[RECV] INF:ABORG
[16:07:51:427]	[SEND] s00GET:STATE;
[16:07:51:567]	[RECV] ACK:STATE/001000101011001C0100
[16:07:51:628]	[OPER] ----- Result : Completed, Description : 
[16:07:57:469]	[OPER] ----- Load -----
[16:07:57:471]	[SEND] s00SET:RESET;
[16:07:57:593]	[RECV] ACK:RESET
[16:07:57:594]	[RECV] INF:RESET
[16:07:57:773]	[SEND] s00GET:PARAM/SLN;
[16:07:57:907]	[RECV] ACK:PARAM/SLN=+000013
[16:07:58:075]	[SEND] s00MOV:CLDMP;
[16:07:58:260]	[RECV] ACK:CLDMP
[16:08:11:584]	[RECV] INF:CLDMP
[16:08:11:776]	[SEND] s00GET:STATE;
[16:08:11:925]	[RECV] ACK:STATE/00100011010111110100
[16:08:12:079]	[SEND] s00GET:MAPRD;
[16:08:12:215]	[RECV] ACK:MAPRD/1000000001001
[16:08:12:280]	[OPER] ----- Result : Completed, Description : 
[16:13:37:363]	[OPER] ----- Unload -----
[16:13:37:364]	[SEND] s00SET:RESET;
[16:13:37:478]	[RECV] ACK:RESET
[16:13:37:478]	[RECV] INF:RESET
[16:13:37:666]	[SEND] s00GET:PARAM/SLN;
[16:13:37:806]	[RECV] ACK:PARAM/SLN=+000013
[16:13:37:968]	[SEND] s00MOV:CULOD;
[16:13:38:141]	[RECV] ACK:CULOD
[16:13:47:639]	[RECV] INF:CULOD
[16:13:47:837]	[SEND] s00GET:STATE;
[16:13:47:983]	[RECV] ACK:STATE/001000101011001C0100
[16:13:48:139]	[SEND] s00GET:MAPRD;
[16:13:48:273]	[RECV] ACK:MAPRD/1000000001001
[16:13:48:340]	[OPER] ----- Result : Completed, Description : 
[16:13:53:458]	[OPER] ----- ChangeToFoup -----
[16:13:53:459]	[SEND] s00SET:RESET;
[16:13:53:575]	[RECV] ACK:RESET
[16:13:53:576]	[RECV] INF:RESET
[16:13:53:761]	[SEND] s00MOV:PINDW;
[16:13:53:895]	[RECV] ACK:PINDW
[16:13:54:601]	[RECV] INF:PINDW
[16:13:54:767]	[SEND] s00GET:STATE;
[16:13:54:908]	[RECV] ACK:STATE/001000101011001C0100
[16:13:54:969]	[OPER] ----- Result : Completed, Description : 
[16:14:52:245]	[OPER] ----- Load -----
[16:14:52:245]	[SEND] s00SET:RESET;
[16:14:52:359]	[RECV] ACK:RESET
[16:14:52:360]	[RECV] INF:RESET
[16:14:52:548]	[SEND] s00GET:PARAM/SLN;
[16:14:52:685]	[RECV] ACK:PARAM/SLN=+000013
[16:14:52:850]	[SEND] s00MOV:CLDMP;
[16:14:53:037]	[RECV] ACK:CLDMP
[16:15:06:382]	[RECV] INF:CLDMP
[16:15:06:548]	[SEND] s00GET:STATE;
[16:15:06:688]	[RECV] ACK:STATE/00100011010111110100
[16:15:06:850]	[SEND] s00GET:MAPRD;
[16:15:06:990]	[RECV] ACK:MAPRD/1000000001001
[16:15:07:052]	[OPER] ----- Result : Completed, Description : 
[16:16:24:742]	[OPER] ----- Unload -----
[16:16:24:742]	[SEND] s00SET:RESET;
[16:16:24:858]	[RECV] ACK:RESET
[16:16:24:859]	[RECV] INF:RESET
[16:16:25:044]	[SEND] s00GET:PARAM/SLN;
[16:16:25:185]	[RECV] ACK:PARAM/SLN=+000013
[16:16:25:347]	[SEND] s00MOV:CULOD;
[16:16:25:520]	[RECV] ACK:CULOD
[16:16:35:020]	[RECV] INF:CULOD
[16:16:35:214]	[SEND] s00GET:STATE;
[16:16:35:363]	[RECV] ACK:STATE/001000101011001C0100
[16:16:35:516]	[SEND] s00GET:MAPRD;
[16:16:35:652]	[RECV] ACK:MAPRD/1000000001001
[16:16:35:718]	[OPER] ----- Result : Completed, Description : 
[16:26:06:919]	[RECV] INF:ABNST
[16:26:06:938]	[RECV] INF:SMTON
[16:26:07:336]	[RECV] INF:PODOF
[16:26:12:516]	[RECV] INF:SMTON
[16:26:13:497]	[RECV] INF:ABNST
[16:26:13:637]	[RECV] INF:PODON
[16:28:56:237]	[RECV] INF:ABNST
[16:28:56:277]	[RECV] INF:SMTON
[16:28:56:876]	[RECV] INF:PODOF
[16:30:43:622]	[RECV] 
INF:POWON
[16:30:48:068]	[RECV] INF:PODOF
[16:30:48:221]	[RECV] INF:PODON
[16:31:10:852]	[RECV] INF:PODOF
[16:31:27:207]	[OPER] ----- ChangeToFoup -----
[16:31:27:207]	[SEND] s00SET:RESET;
[16:31:27:323]	[RECV] ACK:RESET
[16:31:27:324]	[RECV] INF:RESET
[16:31:27:509]	[SEND] s00MOV:PINDW;
[16:31:27:642]	[RECV] ACK:PINDW
[16:31:29:829]	[RECV] INF:PINDW
[16:31:30:029]	[SEND] s00GET:STATE;
[16:31:30:173]	[RECV] ACK:STATE/000000001011001C0000
[16:31:30:230]	[OPER] ----- Result : Completed, Description : 
[17:10:05:588]	[OPER] ----- ChangeToCassette -----
[17:10:05:588]	[SEND] s00SET:RESET;
[17:10:05:702]	[RECV] ACK:RESET
[17:10:05:703]	[RECV] INF:RESET
[17:10:05:891]	[SEND] s00MOV:PINUP;
[17:10:06:032]	[RECV] ACK:PINUP
[17:10:08:646]	[RECV] INF:PINUP
[17:10:08:817]	[SEND] s00GET:STATE;
[17:10:08:967]	[RECV] ACK:STATE/000000001011001C1000
[17:10:09:018]	[OPER] ----- Result : Completed, Description : 
[17:10:12:122]	[OPER] ----- ChangeToFoup -----
[17:10:12:122]	[SEND] s00SET:RESET;
[17:10:12:239]	[RECV] ACK:RESET
[17:10:12:240]	[RECV] INF:RESET
[17:10:12:424]	[SEND] s00MOV:PINDW;
[17:10:12:559]	[RECV] ACK:PINDW
[17:10:14:741]	[RECV] INF:PINDW
[17:10:14:942]	[SEND] s00GET:STATE;
[17:10:15:088]	[RECV] ACK:STATE/000000001011001C0000
[17:10:15:144]	[OPER] ----- Result : Completed, Description : 
[17:22:47:838]	[RECV] INF:SMTON
[17:22:48:999]	[RECV] INF:ABNST
[17:22:49:298]	[RECV] INF:PODON
[17:24:11:439]	[RECV] INF:ABNST
[17:24:11:440]	[RECV] INF:SMTON
[17:24:11:937]	[RECV] INF:PODOF
