[10:14:02:431]	[OPER] ----- FindLoadingMode -----
[10:14:02:431]	[OPER] ----- Result : Completed, Description : 
[10:14:02:433]	[OPER] ----- ChangeToCassette -----
[10:14:03:433]	[OPER] ----- Result : Completed, Description : 
[10:14:03:435]	[OPER] ----- Initialize -----
[10:14:04:435]	[OPER] ----- Result : Completed, Description : 
[10:19:47:471]	[OPER] ----- FindLoadingMode -----
[10:19:47:471]	[OPER] ----- Result : Completed, Description : 
[10:19:47:473]	[OPER] ----- ChangeToCassette -----
[10:19:48:471]	[OPER] ----- Result : Completed, Description : 
[10:19:48:472]	[OPER] ----- Initialize -----
[10:19:49:473]	[OPER] ----- Result : Completed, Description : 
[11:27:54:478]	[OPER] ----- FindLoadingMode -----
[11:27:54:479]	[OPER] ----- Result : Completed, Description : 
[11:27:54:481]	[OPER] ----- ChangeToCassette -----
[11:27:55:478]	[OPER] ----- Result : Completed, Description : 
[11:27:55:479]	[OPER] ----- Initialize -----
[11:27:56:480]	[OPER] ----- Result : Completed, Description : 
[11:58:55:960]	[OPER] ----- FindLoadingMode -----
[11:58:55:960]	[OPER] ----- Result : Completed, Description : 
[11:58:55:963]	[OPER] ----- ChangeToCassette -----
[11:58:56:960]	[OPER] ----- Result : Completed, Description : 
[11:58:56:961]	[OPER] ----- Initialize -----
[11:58:57:962]	[OPER] ----- Result : Completed, Description : 
[12:06:06:588]	[OPER] ----- FindLoadingMode -----
[12:06:06:588]	[OPER] ----- Result : Completed, Description : 
[12:06:06:591]	[OPER] ----- ChangeToCassette -----
[12:06:07:589]	[OPER] ----- Result : Completed, Description : 
[12:06:07:590]	[OPER] ----- Initialize -----
[12:06:08:590]	[OPER] ----- Result : Completed, Description : 
[12:07:41:769]	[OPER] ----- FindLoadingMode -----
[12:07:41:769]	[OPER] ----- Result : Completed, Description : 
[12:07:41:772]	[OPER] ----- ChangeToCassette -----
[12:07:42:770]	[OPER] ----- Result : Completed, Description : 
[12:07:42:771]	[OPER] ----- Initialize -----
[12:07:43:771]	[OPER] ----- Result : Completed, Description : 
[13:38:43:364]	[OPER] ----- FindLoadingMode -----
[13:38:43:364]	[OPER] ----- Result : Completed, Description : 
[13:38:43:367]	[OPER] ----- ChangeToCassette -----
[13:38:44:365]	[OPER] ----- Result : Completed, Description : 
[13:38:44:367]	[OPER] ----- Initialize -----
[13:38:45:367]	[OPER] ----- Result : Completed, Description : 
[13:44:47:126]	[OPER] ----- FindLoadingMode -----
[13:44:47:126]	[OPER] ----- Result : Completed, Description : 
[13:44:47:128]	[OPER] ----- ChangeToCassette -----
[13:44:48:126]	[OPER] ----- Result : Completed, Description : 
[13:44:48:128]	[OPER] ----- Initialize -----
[13:44:49:130]	[OPER] ----- Result : Completed, Description : 
[13:54:02:203]	[OPER] ----- FindLoadingMode -----
[13:54:02:203]	[OPER] ----- Result : Completed, Description : 
[13:54:02:207]	[OPER] ----- ChangeToCassette -----
[13:54:03:203]	[OPER] ----- Result : Completed, Description : 
[13:54:03:204]	[OPER] ----- Initialize -----
[13:54:04:205]	[OPER] ----- Result : Completed, Description : 
[15:55:20:128]	[OPER] ----- FindLoadingMode -----
[15:55:20:128]	[OPER] ----- Result : Completed, Description : 
[15:55:20:131]	[OPER] ----- ChangeToCassette -----
[15:55:21:128]	[OPER] ----- Result : Completed, Description : 
[15:55:21:129]	[OPER] ----- Initialize -----
[15:55:22:129]	[OPER] ----- Result : Completed, Description : 
[15:56:46:755]	[OPER] ----- Unload -----
[15:56:54:257]	[OPER] ----- Result : Completed, Description : 
[15:57:26:014]	[OPER] ----- Clamp -----
[15:57:27:014]	[OPER] ----- Result : Completed, Description : 
[15:57:27:021]	[OPER] ----- Load -----
[15:57:35:410]	[OPER] ----- Result : Completed, Description : 
