[09:56:23:909]	[OPER] ----- FindLoadingMode -----
[09:56:23:909]	[OPER] ----- Result : Completed, Description : 
[09:56:23:913]	[OPER] ----- ChangeToCassette -----
[09:56:24:910]	[OPER] ----- Result : Completed, Description : 
[09:56:24:911]	[OPER] ----- Initialize -----
[09:56:25:912]	[OPER] ----- Result : Completed, Description : 
[18:48:20:993]	[OPER] ----- FindLoadingMode -----
[18:48:20:993]	[OPER] ----- Result : Completed, Description : 
[18:48:20:996]	[OPER] ----- ChangeToCassette -----
[18:48:21:994]	[OPER] ----- Result : Completed, Description : 
[18:48:21:994]	[OPER] ----- Initialize -----
[18:48:22:995]	[OPER] ----- Result : Completed, Description : 
[18:57:43:320]	[OPER] ----- FindLoadingMode -----
[18:57:43:320]	[OPER] ----- Result : Completed, Description : 
[18:57:43:323]	[OPER] ----- ChangeToCassette -----
[18:57:44:321]	[OPER] ----- Result : Completed, Description : 
[18:57:44:322]	[OPER] ----- Initialize -----
[18:57:45:322]	[OPER] ----- Result : Completed, Description : 
[19:16:56:296]	[OPER] ----- Unload -----
[19:17:03:802]	[OPER] ----- Result : Completed, Description : 
