[14:29:53:306]	[OPER] ----- FindLoadingMode -----
[14:29:53:306]	[OPER] ----- Result : Completed, Description : 
[14:29:53:309]	[OPER] ----- ChangeToCassette -----
[14:29:54:307]	[OPER] ----- Result : Completed, Description : 
[14:29:54:308]	[OPER] ----- Initialize -----
[14:29:55:309]	[OPER] ----- Result : Completed, Description : 
[14:30:02:098]	[OPER] ----- FindLoadingMode -----
[14:30:02:098]	[OPER] ----- Result : Completed, Description : 
[14:30:02:099]	[OPER] ----- ChangeToCassette -----
[14:30:03:098]	[OPER] ----- Result : Completed, Description : 
[14:30:03:099]	[OPER] ----- Initialize -----
[14:30:04:100]	[OPER] ----- Result : Completed, Description : 
[14:30:37:545]	[OPER] ----- ChangeToFoup -----
[14:30:38:551]	[OPER] ----- Result : Completed, Description : 
[14:30:41:301]	[OPER] ----- ChangeToCassette -----
[14:30:42:309]	[OPER] ----- Result : Completed, Description : 
[14:30:45:382]	[OPER] ----- ChangeToFoup -----
[14:30:46:389]	[OPER] ----- Result : Completed, Description : 
[14:30:48:038]	[OPER] ----- ChangeToCassette -----
[14:30:49:045]	[OPER] ----- Result : Completed, Description : 
[14:31:16:740]	[OPER] ----- ChangeToFoup -----
[14:31:17:746]	[OPER] ----- Result : Completed, Description : 
[14:31:20:523]	[OPER] ----- ChangeToCassette -----
[14:31:21:531]	[OPER] ----- Result : Completed, Description : 
[14:31:32:836]	[OPER] ----- ChangeToCassette -----
[14:31:33:843]	[OPER] ----- Result : Completed, Description : 
[14:41:34:657]	[OPER] ----- FindLoadingMode -----
[14:41:34:657]	[OPER] ----- Result : Completed, Description : 
[14:41:34:660]	[OPER] ----- ChangeToCassette -----
[14:41:35:658]	[OPER] ----- Result : Completed, Description : 
[14:41:35:658]	[OPER] ----- Initialize -----
[14:41:36:659]	[OPER] ----- Result : Completed, Description : 
[15:28:59:911]	[OPER] ----- Initialize -----
[15:28:59:911]	[SEND] s00SET:RESET;
[15:29:00:025]	[RECV] ACK:RESET
[15:29:00:026]	[RECV] INF:RESET
[15:29:00:214]	[SEND] s00MOV:ABORG;
[15:29:00:321]	[RECV] ACK:ABORG
[15:29:04:177]	[RECV] INF:ABORG
[15:29:04:343]	[SEND] s00GET:STATE;
[15:29:04:492]	[RECV] ACK:STATE/001000001011001C1100
[15:29:04:544]	[OPER] ----- Result : Completed, Description : 
[15:29:17:325]	[OPER] ----- ChangeToFoup -----
[15:29:17:326]	[SEND] s00SET:RESET;
[15:29:17:443]	[RECV] ACK:RESET
[15:29:17:444]	[RECV] INF:RESET
[15:29:17:628]	[SEND] s00MOV:PINDW;
[15:29:17:762]	[RECV] ACK:PINDW
[15:29:21:901]	[RECV] INF:PINDW
[15:29:22:055]	[SEND] s00GET:STATE;
[15:29:22:195]	[RECV] ACK:STATE/001000001011001C0100
[15:29:22:256]	[OPER] ----- Result : Completed, Description : 
[15:29:24:126]	[OPER] ----- ChangeToCassette -----
[15:29:24:126]	[SEND] s00SET:RESET;
[15:29:24:243]	[RECV] ACK:RESET
[15:29:24:244]	[RECV] INF:RESET
[15:29:24:428]	[SEND] s00MOV:PINUP;
[15:29:24:561]	[RECV] ACK:PINUP
[15:29:26:275]	[RECV] INF:PINUP
[15:29:26:439]	[SEND] s00GET:STATE;
[15:29:26:590]	[RECV] ACK:STATE/001000001011001C1100
[15:29:26:641]	[OPER] ----- Result : Completed, Description : 
[16:30:20:739]	[RECV] INF:SMTON
[16:30:20:979]	[RECV] INF:SMTON
[16:30:21:260]	[RECV] INF:SMTON
[16:30:22:370]	[RECV] INF:PODOF
[16:30:22:472]	[RECV] INF:PODON
[16:30:44:692]	[RECV] INF:PODOF
[16:30:45:379]	[RECV] INF:SMTON
