[14:29:53:306]	[OPER] ----- FindLoadingMode -----
[14:29:53:306]	[OPER] ----- Result : Completed, Description : 
[14:29:53:309]	[OPER] ----- ChangeToCassette -----
[14:29:54:307]	[OPER] ----- Result : Completed, Description : 
[14:29:54:308]	[OPER] ----- Initialize -----
[14:29:55:309]	[OPER] ----- Result : Completed, Description : 
[14:30:02:098]	[OPER] ----- FindLoadingMode -----
[14:30:02:098]	[OPER] ----- Result : Completed, Description : 
[14:30:02:099]	[OPER] ----- ChangeToCassette -----
[14:30:03:098]	[OPER] ----- Result : Completed, Description : 
[14:30:03:099]	[OPER] ----- Initialize -----
[14:30:04:100]	[OPER] ----- Result : Completed, Description : 
[14:41:34:657]	[OPER] ----- FindLoadingMode -----
[14:41:34:657]	[OPER] ----- Result : Completed, Description : 
[14:41:34:660]	[OPER] ----- ChangeToCassette -----
[14:41:35:658]	[OPER] ----- Result : Completed, Description : 
[14:41:35:658]	[OPER] ----- Initialize -----
[14:41:36:659]	[OPER] ----- Result : Completed, Description : 
[15:28:32:006]	[OPER] ----- Initialize -----
[15:28:32:006]	[SEND] s00SET:RESET;
[15:28:32:116]	[RECV] ACK:RESET
[15:28:32:117]	[RECV] INF:RESET
[15:28:32:308]	[SEND] s00MOV:ABORG;
[15:28:32:415]	[RECV] ACK:ABORG
[15:28:37:369]	[RECV] INF:ABORG
[15:28:37:546]	[SEND] s00GET:STATE;
[15:28:37:686]	[RECV] ACK:STATE/001000001011001C1100
[15:28:37:747]	[OPER] ----- Result : Completed, Description : 
[15:29:40:367]	[OPER] ----- ChangeToCassette -----
[15:29:40:367]	[SEND] s00SET:RESET;
[15:29:40:478]	[RECV] ACK:RESET
[15:29:40:479]	[RECV] INF:RESET
[15:29:40:669]	[SEND] s00MOV:PINUP;
[15:29:40:809]	[RECV] ACK:PINUP
[15:29:41:481]	[RECV] INF:PINUP
[15:29:41:677]	[SEND] s00GET:STATE;
[15:29:41:824]	[RECV] ACK:STATE/001000001011001C1100
[15:29:41:878]	[OPER] ----- Result : Completed, Description : 
[15:29:44:980]	[OPER] ----- ChangeToFoup -----
[15:29:44:980]	[SEND] s00SET:RESET;
[15:29:45:095]	[RECV] ACK:RESET
[15:29:45:096]	[RECV] INF:RESET
[15:29:45:282]	[SEND] s00MOV:PINDW;
[15:29:45:415]	[RECV] ACK:PINDW
[15:29:50:003]	[RECV] INF:PINDW
[15:29:50:118]	[SEND] s00GET:STATE;
[15:29:50:263]	[RECV] ACK:STATE/001000001011001C0100
[15:29:50:319]	[OPER] ----- Result : Completed, Description : 
[15:29:53:611]	[OPER] ----- ChangeToCassette -----
[15:29:53:611]	[SEND] s00SET:RESET;
[15:29:53:734]	[RECV] ACK:RESET
[15:29:53:734]	[RECV] INF:RESET
[15:29:53:913]	[SEND] s00MOV:PINUP;
[15:29:54:052]	[RECV] ACK:PINUP
[15:29:56:875]	[RECV] INF:PINUP
[15:29:57:036]	[SEND] s00GET:STATE;
[15:29:57:183]	[RECV] ACK:STATE/001000001011001C1100
[15:29:57:237]	[OPER] ----- Result : Completed, Description : 
[16:06:01:921]	[RECV] INF:PODOF
[16:06:02:019]	[RECV] INF:PODOF
[16:29:03:766]	[RECV] INF:SMTON
[16:29:03:965]	[RECV] INF:SMTON
[16:29:04:345]	[RECV] INF:SMTON
[16:29:06:035]	[RECV] INF:PODOF
[16:29:06:240]	[RECV] INF:PODON
[16:29:48:686]	[RECV] INF:PODOF
[16:29:49:426]	[RECV] INF:SMTON
[16:30:44:424]	[OPER] ----- ChangeToFoup -----
[16:30:44:424]	[SEND] s00SET:RESET;
[16:30:44:543]	[RECV] ACK:RESET
[16:30:44:544]	[RECV] INF:RESET
[16:30:44:727]	[SEND] s00MOV:PINDW;
[16:30:44:861]	[RECV] ACK:PINDW
[16:30:49:464]	[RECV] INF:PINDW
[16:30:49:664]	[SEND] s00GET:STATE;
[16:30:49:812]	[RECV] ACK:STATE/001000001011001C0100
[16:30:49:866]	[OPER] ----- Result : Completed, Description : 
