[15:26:06:938]	[OPER] ----- FindLoadingMode -----
[15:26:06:938]	[SEND] s00SET:RESET;
[15:26:07:053]	[RECV] ACK:RESET
[15:26:07:055]	[RECV] INF:RESET
[15:26:07:057]	[SEND] s00GET:STATE;
[15:26:07:202]	[RECV] ACK:STATE/000000001011001C1000
[15:26:11:939]	[OPER] ----- Result : Timeout, Description : 
[15:27:28:636]	[OPER] ----- FindLoadingMode -----
[15:27:28:636]	[SEND] s00SET:RESET;
[15:27:28:754]	[RECV] ACK:RESET
[15:27:28:758]	[RECV] INF:RESET
[15:27:28:760]	[SEND] s00GET:STATE;
[15:27:28:904]	[RECV] ACK:STATE/000000001011001C1000
[15:27:41:617]	[OPER] ----- Result : Timeout, Description : 
[15:28:39:486]	[OPER] ----- FindLoadingMode -----
[15:28:39:486]	[SEND] s00SET:RESET;
[15:28:39:609]	[RECV] ACK:RESET
[15:28:39:612]	[RECV] INF:RESET
[15:28:39:614]	[SEND] s00GET:STATE;
[15:28:39:763]	[RECV] ACK:STATE/000000001011001C1000
[15:28:50:609]	[OPER] ----- Result : Timeout, Description : 
[15:30:03:086]	[OPER] ----- FindLoadingMode -----
[15:30:03:086]	[SEND] s00SET:RESET;
[15:30:03:207]	[RECV] ACK:RESET
[15:30:03:215]	[RECV] INF:RESET
[15:30:03:217]	[SEND] s00GET:STATE;
[15:30:03:362]	[RECV] ACK:STATE/000000001011001C1000
[15:30:08:138]	[OPER] ----- Result : Completed, Description : 
[15:30:08:142]	[OPER] ----- ChangeToCassette -----
[15:30:08:142]	[SEND] s00SET:RESET;
[15:30:08:256]	[RECV] ACK:RESET
[15:30:08:258]	[RECV] INF:RESET
[15:30:08:260]	[SEND] s00MOV:PINUP;
[15:30:08:394]	[RECV] ACK:PINUP
[15:30:09:046]	[RECV] INF:PINUP
[15:30:09:048]	[SEND] s00GET:STATE;
[15:30:09:200]	[RECV] ACK:STATE/000000001011001C1000
[15:30:09:201]	[OPER] ----- Result : Completed, Description : 
[15:30:09:202]	[OPER] ----- Initialize -----
[15:30:09:202]	[SEND] s00SET:RESET;
[15:30:09:320]	[RECV] ACK:RESET
[15:30:09:322]	[RECV] INF:RESET
[15:30:09:324]	[SEND] s00MOV:ABORG;
[15:30:09:441]	[RECV] ABS:ABORG/RBARM
[15:30:09:442]	[OPER] ----- Result : Error, Description : ABS:ABORG/RBARM
[15:34:07:841]	[OPER] ----- FindLoadingMode -----
[15:34:07:841]	[SEND] s00SET:RESET;
[15:34:07:975]	[RECV] ACK:RESET
[15:34:07:980]	[RECV] INF:RESET
[15:34:07:983]	[SEND] s00GET:STATE;
[15:34:08:129]	[RECV] ACK:STATE/000000001011001C1000
[15:34:08:130]	[OPER] ----- Result : Completed, Description : 
[15:34:08:131]	[OPER] ----- ChangeToCassette -----
[15:34:08:131]	[SEND] s00SET:RESET;
[15:34:08:254]	[RECV] ACK:RESET
[15:34:08:257]	[RECV] INF:RESET
[15:34:08:259]	[SEND] s00MOV:PINUP;
[15:34:08:414]	[RECV] ACK:PINUP
[15:34:09:048]	[RECV] INF:PINUP
[15:34:09:050]	[SEND] s00GET:STATE;
[15:34:09:200]	[RECV] ACK:STATE/000000001011001C1000
[15:34:09:201]	[OPER] ----- Result : Completed, Description : 
[15:34:09:202]	[OPER] ----- Initialize -----
[15:34:09:202]	[SEND] s00SET:RESET;
[15:34:09:318]	[RECV] ACK:RESET
[15:34:09:322]	[RECV] INF:RESET
[15:34:09:324]	[SEND] s00MOV:ABORG;
[15:34:09:444]	[RECV] ABS:ABORG/RBARM
[15:34:09:445]	[OPER] ----- Result : Error, Description : ABS:ABORG/RBARM
[15:45:37:404]	[OPER] ----- ChangeAccessModeToManual -----
[15:45:39:097]	[SEND] s00SET:RESET;
[15:45:40:294]	[RECV] ACK:RESET
[15:45:40:296]	[RECV] INF:RESET
[15:45:41:474]	[SEND] s00SET:LBL03;
[15:45:42:120]	[RECV] ACK:LBL03
[15:45:44:124]	[OPER] ----- Result : Timeout, Description : 
[15:45:53:065]	[OPER] ----- ChangeAccessModeToManual -----
[15:45:53:899]	[SEND] s00SET:RESET;
[15:45:54:336]	[RECV] ACK:RESET
[15:45:54:338]	[RECV] INF:RESET
[15:45:57:185]	[SEND] s00SET:LBL03;
[15:45:57:284]	[RECV] ACK:LBL03
[15:45:58:899]	[OPER] ----- Result : Timeout, Description : 
[15:46:38:436]	[OPER] ----- ChangeAccessModeToManual -----
[15:46:38:436]	[SEND] s00SET:RESET;
[15:46:38:556]	[RECV] ACK:RESET
[15:46:38:558]	[RECV] INF:RESET
[15:46:38:741]	[SEND] s00SET:LBL03;
[15:46:38:842]	[RECV] ACK:LBL03
[15:46:43:483]	[OPER] ----- Result : Timeout, Description : 
[15:53:28:345]	[OPER] ----- ChangeAccessModeToManual -----
[15:53:28:347]	[SEND] s00SET:RESET;
[15:53:28:463]	[RECV] ACK:RESET
[15:53:28:467]	[RECV] INF:RESET
[15:53:28:667]	[SEND] s00SET:LON03;
[15:53:28:767]	[RECV] ACK:LON03
[15:53:33:363]	[OPER] ----- Result : Timeout, Description : 
[16:03:46:765]	[OPER] ----- ChangeAccessModeToManual -----
[16:03:46:765]	[SEND] s00SET:RESET;
[16:03:46:884]	[RECV] ACK:RESET
[16:03:46:891]	[RECV] INF:RESET
[16:03:47:097]	[SEND] s00SET:LON03;
[16:03:47:215]	[RECV] ACK:LON03
[16:05:07:646]	[OPER] ----- ChangeAccessModeToManual -----
[16:05:07:650]	[SEND] s00SET:RESET;
[16:05:07:776]	[RECV] ACK:RESET
[16:05:07:780]	[RECV] INF:RESET
[16:05:07:955]	[SEND] s00SET:LON03;
[16:05:08:059]	[RECV] ACK:LON03
[16:05:08:259]	[SEND] s00GET:STATE;
[16:05:08:403]	[RECV] ACK:STATE/001000001011001C1000
[16:05:08:462]	[OPER] ----- Result : Completed, Description : 
[16:05:12:978]	[OPER] ----- ChangeAccessModeToAuto -----
[16:05:12:978]	[SEND] s00SET:RESET;
[16:05:13:094]	[RECV] ACK:RESET
[16:05:13:095]	[RECV] INF:RESET
[16:05:13:280]	[SEND] s00SET:LON04;
[16:05:13:382]	[RECV] ACK:LON04
[16:05:13:582]	[SEND] s00GET:STATE;
[16:05:13:727]	[RECV] ACK:STATE/001000001011001C1000
[16:05:13:784]	[OPER] ----- Result : Completed, Description : 
