[14:29:53:306]	[OPER] ----- FindLoadingMode -----
[14:29:53:306]	[OPER] ----- Result : Completed, Description : 
[14:29:53:309]	[OPER] ----- ChangeToCassette -----
[14:29:54:307]	[OPER] ----- Result : Completed, Description : 
[14:29:54:308]	[OPER] ----- Initialize -----
[14:29:55:309]	[OPER] ----- Result : Completed, Description : 
[14:30:02:098]	[OPER] ----- FindLoadingMode -----
[14:30:02:098]	[OPER] ----- Result : Completed, Description : 
[14:30:02:099]	[OPER] ----- ChangeToCassette -----
[14:30:03:098]	[OPER] ----- Result : Completed, Description : 
[14:30:03:099]	[OPER] ----- Initialize -----
[14:30:04:100]	[OPER] ----- Result : Completed, Description : 
[14:41:34:657]	[OPER] ----- FindLoadingMode -----
[14:41:34:657]	[OPER] ----- Result : Completed, Description : 
[14:41:34:660]	[OPER] ----- ChangeToCassette -----
[14:41:35:658]	[OPER] ----- Result : Completed, Description : 
[14:41:35:658]	[OPER] ----- Initialize -----
[14:41:36:659]	[OPER] ----- Result : Completed, Description : 
[16:30:49:267]	[OPER] ----- ChangeToFoup -----
[16:30:49:267]	[SEND] s00SET:RESET;
[16:30:59:342]	[OPER] ----- Result : Timeout, Description : 
