[09:19:42:546]	[OPER] ----- Initialize -----
[09:19:42:549]	[SEND] CLEAR
[09:19:42:602]	[RECV] _ACK
[09:19:43:727]	[RECV] _RDY
[09:19:43:737]	[SEND] HOME ALL
[09:19:43:790]	[RECV] _ACK
[09:19:59:072]	[RECV] _RDY
[09:19:59:075]	[OPER] ----- Result : Completed, Description : 
[14:10:50:700]	[RECV] _ERR 00009
[14:50:22:060]	[RECV] _RDY
[14:50:23:263]	[RECV] _RDY
[14:54:19:913]	[OPER] ----- Initialize -----
[14:54:19:913]	[SEND] CLEAR
[14:54:19:964]	[RECV] _ACK
[14:54:21:102]	[RECV] _RDY
[14:54:21:107]	[SEND] HOME ALL
[14:54:21:160]	[RECV] _ACK
[14:54:32:333]	[RECV] _RDY
[14:54:32:334]	[OPER] ----- Result : Completed, Description : 
[14:54:53:161]	[OPER] ----- ClearError -----
[14:54:53:164]	[SEND] CLEAR
[14:54:53:215]	[RECV] _ACK
[14:54:54:328]	[RECV] _RDY
[14:54:54:329]	[OPER] ----- Result : Completed, Description : 
[14:57:07:780]	[RECV] _ERR 00009
[14:59:23:593]	[OPER] ----- Initialize -----
[14:59:23:596]	[SEND] CLEAR
[14:59:23:651]	[RECV] _ACK
[14:59:24:768]	[RECV] _RDY
[14:59:24:777]	[SEND] HOME ALL
[14:59:24:830]	[RECV] _ACK
[14:59:35:994]	[RECV] _RDY
[14:59:35:996]	[OPER] ----- Result : Completed, Description : 
[15:00:25:028]	[RECV] _ERR 00009
[15:01:02:685]	[OPER] ----- Initialize -----
[15:01:02:685]	[SEND] CLEAR
[15:01:02:737]	[RECV] _ACK
[15:01:03:856]	[RECV] _RDY
[15:01:03:862]	[SEND] HOME ALL
[15:01:03:913]	[RECV] _ACK
[15:01:15:136]	[RECV] _RDY
[15:01:15:137]	[OPER] ----- Result : Completed, Description : 
[15:04:44:700]	[OPER] ----- ClearError -----
[15:04:44:702]	[SEND] CLEAR
[15:04:44:754]	[RECV] _ACK
[15:04:45:876]	[RECV] _RDY
[15:04:45:878]	[OPER] ----- Result : Completed, Description : 
[15:05:37:860]	[OPER] ----- Pick, Arm : UpperArm, Location : LP5, Slot : 1 -----
[15:05:37:868]	[SEND] PICK 11 SLOT 2 ARM A
[15:05:37:935]	[RECV] _ACK
[15:05:55:201]	[RECV] _RDY
[15:05:55:203]	[OPER] ----- Result : Completed, Description : 
[15:05:55:465]	[OPER] ----- ApproachForPlace, Arm : UpperArm, Location : PM1.CoreInput, Slot : 0 -----
[15:05:55:468]	[SEND] GOTO N 14 R RE Z UP SLOT 1 ARM A
[15:05:55:547]	[RECV] _ACK
[15:06:00:142]	[RECV] _RDY
[15:06:00:143]	[OPER] ----- Result : Completed, Description : 
[15:14:51:170]	[OPER] ----- ClearError -----
[15:14:51:172]	[SEND] CLEAR
[15:14:51:225]	[RECV] _ACK
[15:14:52:353]	[RECV] _RDY
[15:14:52:354]	[OPER] ----- Result : Completed, Description : 
[15:15:13:584]	[OPER] ----- ApproachForPlace, Arm : UpperArm, Location : PM1.CoreInput, Slot : 0 -----
[15:15:13:586]	[SEND] GOTO N 14 R RE Z UP SLOT 1 ARM A
[15:15:13:666]	[RECV] _ACK
[15:15:14:520]	[RECV] _RDY
[15:15:14:522]	[OPER] ----- Result : Completed, Description : 
[15:15:14:537]	[OPER] ----- Place, Arm : UpperArm, Location : PM1.CoreInput, Slot : 1 -----
[15:15:14:542]	[SEND] PLACE 14 SLOT 1 ARM A
[15:15:14:613]	[RECV] _ACK
[15:15:23:913]	[RECV] _RDY
[15:15:23:914]	[OPER] ----- Result : Completed, Description : 
[15:15:23:941]	[OPER] ----- Pick, Arm : UpperArm, Location : LP5, Slot : 10 -----
[15:15:23:949]	[SEND] PICK 11 SLOT 11 ARM A
[15:15:24:018]	[RECV] _ACK
[15:15:39:229]	[RECV] _RDY
[15:15:39:230]	[OPER] ----- Result : Completed, Description : 
[15:22:44:595]	[OPER] ----- ClearError -----
[15:22:44:597]	[SEND] CLEAR
[15:22:44:648]	[RECV] _ACK
[15:22:45:769]	[RECV] _RDY
[15:22:45:771]	[OPER] ----- Result : Completed, Description : 
[15:31:38:035]	[OPER] ----- ClearError -----
[15:31:38:037]	[SEND] CLEAR
[15:31:38:088]	[RECV] _ACK
[15:31:39:227]	[RECV] _RDY
[15:31:39:228]	[OPER] ----- Result : Completed, Description : 
[15:39:34:516]	[OPER] ----- Place, Arm : UpperArm, Location : LP5, Slot : 2 -----
[15:39:34:717]	[SEND] PLACE 11 SLOT 3 ARM A
[15:39:34:786]	[RECV] _ACK
[15:39:46:790]	[RECV] _RDY
[15:39:46:805]	[OPER] ----- Result : Completed, Description : 
[15:41:52:209]	[OPER] ----- Initialize -----
[15:41:52:212]	[SEND] CLEAR
[15:41:53:191]	[RECV] _ACK
[15:41:53:393]	[RECV] _RDY
[15:41:53:401]	[SEND] HOME ALL
[15:41:53:454]	[RECV] _ACK
[15:42:23:386]	[RECV] _RDY
[15:42:23:388]	[OPER] ----- Result : Completed, Description : 
[15:44:35:909]	[RECV] _ERR 00009
[15:48:03:536]	[OPER] ----- Initialize -----
[15:48:03:536]	[SEND] CLEAR
[15:48:03:589]	[RECV] _ACK
[15:48:06:064]	[RECV] _RDY
[15:48:06:070]	[SEND] HOME ALL
[15:48:06:459]	[RECV] _ACK
[15:48:17:240]	[RECV] _RDY
[15:48:17:241]	[OPER] ----- Result : Completed, Description : 
[16:05:49:363]	[RECV] _ERR 00009
[16:06:42:124]	[OPER] ----- Initialize -----
[16:06:42:124]	[SEND] CLEAR
[16:06:42:174]	[RECV] _ACK
[16:06:43:291]	[RECV] _RDY
[16:06:43:296]	[SEND] HOME ALL
[16:06:43:349]	[RECV] _ACK
[16:06:56:035]	[RECV] _RDY
[16:06:56:036]	[OPER] ----- Result : Completed, Description : 
[16:11:50:885]	[OPER] ----- ClearError -----
[16:11:50:887]	[SEND] CLEAR
[16:11:50:938]	[RECV] _ACK
[16:11:52:076]	[RECV] _RDY
[16:11:52:077]	[OPER] ----- Result : Completed, Description : 
[16:12:08:285]	[OPER] ----- Pick, Arm : UpperArm, Location : LP5, Slot : 2 -----
[16:12:08:293]	[SEND] PICK 11 SLOT 3 ARM A
[16:12:08:360]	[RECV] _ACK
[16:12:25:632]	[RECV] _RDY
[16:12:25:635]	[OPER] ----- Result : Completed, Description : 
[16:13:15:212]	[OPER] ----- ClearError -----
[16:13:15:214]	[SEND] CLEAR
[16:13:15:265]	[RECV] _ACK
[16:13:16:405]	[RECV] _RDY
[16:13:16:406]	[OPER] ----- Result : Completed, Description : 
[16:13:37:605]	[OPER] ----- ApproachForPlace, Arm : UpperArm, Location : PM1.CoreInput, Slot : 0 -----
[16:13:37:608]	[SEND] GOTO N 14 R RE Z UP SLOT 1 ARM A
[16:13:37:685]	[RECV] _ACK
[16:13:43:087]	[RECV] _RDY
[16:13:43:089]	[OPER] ----- Result : Completed, Description : 
[16:13:43:104]	[OPER] ----- Place, Arm : UpperArm, Location : PM1.CoreInput, Slot : 2 -----
[16:13:43:108]	[SEND] PLACE 14 SLOT 1 ARM A
[16:13:43:176]	[RECV] _ACK
[16:13:52:473]	[RECV] _RDY
[16:13:52:475]	[OPER] ----- Result : Completed, Description : 
[16:13:52:503]	[OPER] ----- Pick, Arm : UpperArm, Location : LP5, Slot : 5 -----
[16:13:52:511]	[SEND] PICK 11 SLOT 6 ARM A
[16:13:52:577]	[RECV] _ACK
[16:14:17:764]	[RECV] _ERR 42201
[16:14:17:765]	[OPER] ----- Result : Error, Description : 42201
[16:14:27:232]	[OPER] ----- Initialize -----
[16:14:27:232]	[SEND] CLEAR
[16:14:27:283]	[RECV] _ACK
[16:14:28:410]	[RECV] _RDY
[16:14:28:415]	[SEND] HOME ALL
[16:14:28:468]	[RECV] _ACK
[16:15:02:212]	[RECV] _RDY
[16:15:02:214]	[OPER] ----- Result : Completed, Description : 
[16:16:05:706]	[OPER] ----- ClearError -----
[16:16:05:709]	[SEND] CLEAR
[16:16:05:761]	[RECV] _ACK
[16:16:06:903]	[RECV] _RDY
[16:16:06:905]	[OPER] ----- Result : Completed, Description : 
[16:29:12:531]	[OPER] ----- ClearError -----
[16:29:12:533]	[SEND] CLEAR
[16:29:12:585]	[RECV] _ACK
[16:29:13:720]	[RECV] _RDY
[16:29:13:721]	[OPER] ----- Result : Completed, Description : 
[16:39:46:730]	[OPER] ----- ClearError -----
[16:39:46:732]	[SEND] CLEAR
[16:39:46:784]	[RECV] _ACK
[16:39:47:917]	[RECV] _RDY
[16:39:47:918]	[OPER] ----- Result : Completed, Description : 
[16:42:46:994]	[OPER] ----- ClearError -----
[16:42:46:996]	[SEND] CLEAR
[16:42:47:049]	[RECV] _ACK
[16:42:48:165]	[RECV] _RDY
[16:42:48:167]	[OPER] ----- Result : Completed, Description : 
[16:49:02:835]	[OPER] ----- ClearError -----
[16:49:02:837]	[SEND] CLEAR
[16:49:02:890]	[RECV] _ACK
[16:49:04:009]	[RECV] _RDY
[16:49:04:010]	[OPER] ----- Result : Completed, Description : 
[16:51:12:299]	[OPER] ----- ClearError -----
[16:51:12:301]	[SEND] CLEAR
[16:51:12:353]	[RECV] _ACK
[16:51:13:465]	[RECV] _RDY
[16:51:13:466]	[OPER] ----- Result : Completed, Description : 
[16:52:11:794]	[OPER] ----- ClearError -----
[16:52:11:796]	[SEND] CLEAR
[16:52:11:847]	[RECV] _ACK
[16:52:12:960]	[RECV] _RDY
[16:52:12:965]	[OPER] ----- Result : Completed, Description : 
[16:54:55:406]	[OPER] ----- ApproachForPick, Arm : LowerArm, Location : PM1.CoreOutput, Slot : 0 -----
[16:54:55:409]	[SEND] GOTO N 15 R RE Z DN SLOT 1 ARM B
[16:54:55:489]	[RECV] _ACK
[16:54:59:741]	[RECV] _RDY
[16:54:59:742]	[OPER] ----- Result : Completed, Description : 
[16:55:55:011]	[OPER] ----- ClearError -----
[16:55:55:013]	[SEND] CLEAR
[16:55:55:064]	[RECV] _ACK
[16:55:56:198]	[RECV] _RDY
[16:55:56:199]	[OPER] ----- Result : Completed, Description : 
[16:55:56:231]	[OPER] ----- ApproachForPick, Arm : LowerArm, Location : PM1.CoreOutput, Slot : 0 -----
[16:55:56:233]	[SEND] GOTO N 15 R RE Z DN SLOT 1 ARM B
[16:55:56:311]	[RECV] _ACK
[16:55:57:161]	[RECV] _RDY
[16:55:57:163]	[OPER] ----- Result : Completed, Description : 
[16:55:57:175]	[OPER] ----- Pick, Arm : LowerArm, Location : PM1.CoreOutput, Slot : 0 -----
[16:55:57:183]	[SEND] PICK 15 SLOT 1 ARM B
[16:55:57:250]	[RECV] _ACK
[16:56:08:207]	[RECV] _RDY
[16:56:08:208]	[OPER] ----- Result : Completed, Description : 
[16:58:14:138]	[OPER] ----- Ungrip -----
[16:58:14:239]	[SEND] GRIP OFF ARM A
[16:58:14:308]	[RECV] _ACK
[16:58:14:310]	[RECV] _RDY
[16:58:14:343]	[OPER] ----- Result : Completed, Description : 
[16:58:20:840]	[OPER] ----- Ungrip -----
[16:58:20:940]	[SEND] GRIP OFF ARM B
[16:58:21:007]	[RECV] _ACK
[16:58:21:008]	[RECV] _RDY
[16:58:21:041]	[OPER] ----- Result : Completed, Description : 
[17:02:08:360]	[OPER] ----- Initialize -----
[17:02:08:363]	[SEND] CLEAR
[17:02:08:416]	[RECV] _ACK
[17:02:09:530]	[RECV] _RDY
[17:02:09:538]	[SEND] HOME ALL
[17:02:09:590]	[RECV] _ACK
[17:02:27:738]	[RECV] _RDY
[17:02:27:740]	[OPER] ----- Result : Completed, Description : 
[17:02:59:789]	[OPER] ----- ClearError -----
[17:02:59:792]	[SEND] CLEAR
[17:02:59:843]	[RECV] _ACK
[17:03:00:976]	[RECV] _RDY
[17:03:00:978]	[OPER] ----- Result : Completed, Description : 
[17:03:14:625]	[OPER] ----- Pick, Arm : UpperArm, Location : LP5, Slot : 5 -----
[17:03:14:633]	[SEND] PICK 11 SLOT 6 ARM A
[17:03:14:700]	[RECV] _ACK
[17:03:37:792]	[RECV] _RDY
[17:03:37:792]	[OPER] ----- Result : Completed, Description : 
[17:07:02:618]	[OPER] ----- ClearError -----
[17:07:02:620]	[SEND] CLEAR
[17:07:02:673]	[RECV] _ACK
[17:07:03:808]	[RECV] _RDY
[17:07:03:810]	[OPER] ----- Result : Completed, Description : 
[17:07:04:133]	[OPER] ----- ApproachForPlace, Arm : UpperArm, Location : PM1.CoreInput, Slot : 0 -----
[17:07:04:136]	[SEND] GOTO N 14 R RE Z UP SLOT 1 ARM A
[17:07:04:214]	[RECV] _ACK
[17:07:09:608]	[RECV] _RDY
[17:07:09:610]	[OPER] ----- Result : Completed, Description : 
[17:07:09:624]	[OPER] ----- Place, Arm : UpperArm, Location : PM1.CoreInput, Slot : 5 -----
[17:07:09:628]	[SEND] PLACE 14 SLOT 1 ARM A
[17:07:09:697]	[RECV] _ACK
[17:07:18:989]	[RECV] _RDY
[17:07:18:991]	[OPER] ----- Result : Completed, Description : 
[17:32:57:811]	[OPER] ----- ApproachForPick, Arm : LowerArm, Location : PM1.CoreOutput, Slot : 0 -----
[17:32:57:814]	[SEND] GOTO N 15 R RE Z DN SLOT 1 ARM B
[17:32:57:891]	[RECV] _ACK
[17:33:02:063]	[RECV] _RDY
[17:33:02:064]	[OPER] ----- Result : Completed, Description : 
[17:33:02:077]	[OPER] ----- Pick, Arm : LowerArm, Location : PM1.CoreOutput, Slot : 0 -----
[17:33:02:085]	[SEND] PICK 15 SLOT 1 ARM B
[17:33:02:153]	[RECV] _ACK
[17:33:13:120]	[RECV] _RDY
[17:33:13:122]	[OPER] ----- Result : Completed, Description : 
[17:42:11:512]	[OPER] ----- Ungrip -----
[17:42:11:613]	[SEND] GRIP OFF ARM B
[17:42:11:682]	[RECV] _ACK
[17:42:11:683]	[RECV] _RDY
[17:42:11:714]	[OPER] ----- Result : Completed, Description : 
[17:43:03:362]	[OPER] ----- Initialize -----
[17:43:03:364]	[SEND] CLEAR
[17:43:03:417]	[RECV] _ACK
[17:43:04:546]	[RECV] _RDY
[17:43:04:555]	[SEND] HOME ALL
[17:43:04:608]	[RECV] _ACK
[17:43:22:844]	[RECV] _RDY
[17:43:22:846]	[OPER] ----- Result : Completed, Description : 
[17:43:44:756]	[OPER] ----- ClearError -----
[17:43:44:759]	[SEND] CLEAR
[17:43:44:811]	[RECV] _ACK
[17:43:45:930]	[RECV] _RDY
[17:43:45:931]	[OPER] ----- Result : Completed, Description : 
[17:43:59:522]	[OPER] ----- Pick, Arm : UpperArm, Location : LP5, Slot : 1 -----
[17:43:59:532]	[SEND] PICK 11 SLOT 2 ARM A
[17:43:59:602]	[RECV] _ACK
[17:44:16:880]	[RECV] _RDY
[17:44:16:880]	[OPER] ----- Result : Completed, Description : 
[17:44:17:100]	[OPER] ----- ApproachForPlace, Arm : UpperArm, Location : PM1.CoreInput, Slot : 0 -----
[17:44:17:103]	[SEND] GOTO N 14 R RE Z UP SLOT 1 ARM A
[17:44:17:182]	[RECV] _ACK
[17:44:21:775]	[RECV] _RDY
[17:44:21:775]	[OPER] ----- Result : Completed, Description : 
[17:44:21:789]	[OPER] ----- Place, Arm : UpperArm, Location : PM1.CoreInput, Slot : 1 -----
[17:44:21:793]	[SEND] PLACE 14 SLOT 1 ARM A
[17:44:21:862]	[RECV] _ACK
[17:44:31:155]	[RECV] _RDY
[17:44:31:155]	[OPER] ----- Result : Completed, Description : 
[17:49:28:364]	[OPER] ----- ApproachForPick, Arm : LowerArm, Location : PM1.CoreOutput, Slot : 0 -----
[17:49:28:367]	[SEND] GOTO N 15 R RE Z DN SLOT 1 ARM B
[17:49:28:444]	[RECV] _ACK
[17:49:32:616]	[RECV] _RDY
[17:49:32:616]	[OPER] ----- Result : Completed, Description : 
[17:49:32:629]	[OPER] ----- Pick, Arm : LowerArm, Location : PM1.CoreOutput, Slot : 0 -----
[17:49:32:637]	[SEND] PICK 15 SLOT 1 ARM B
[17:49:32:703]	[RECV] _ACK
[17:49:43:678]	[RECV] _RDY
[17:49:43:680]	[OPER] ----- Result : Completed, Description : 
[17:54:05:257]	[OPER] ----- ClearError -----
[17:54:05:259]	[SEND] CLEAR
[17:54:05:312]	[RECV] _ACK
[17:54:06:430]	[RECV] _RDY
[17:54:06:432]	[OPER] ----- Result : Completed, Description : 
[17:54:28:153]	[OPER] ----- Ungrip -----
[17:54:28:255]	[SEND] GRIP OFF ARM A
[17:54:28:323]	[RECV] _ACK
[17:54:28:324]	[RECV] _RDY
[17:54:28:356]	[OPER] ----- Result : Completed, Description : 
[17:54:47:726]	[OPER] ----- Ungrip -----
[17:54:47:828]	[SEND] GRIP OFF ARM B
[17:54:47:895]	[RECV] _ACK
[17:54:47:896]	[RECV] _RDY
[17:54:47:928]	[OPER] ----- Result : Completed, Description : 
[17:54:57:084]	[OPER] ----- Initialize -----
[17:54:57:084]	[SEND] CLEAR
[17:54:57:136]	[RECV] _ACK
[17:54:58:267]	[RECV] _RDY
[17:54:58:272]	[SEND] HOME ALL
[17:54:58:324]	[RECV] _ACK
[17:55:16:567]	[RECV] _RDY
[17:55:16:568]	[OPER] ----- Result : Completed, Description : 
[17:55:37:932]	[OPER] ----- ClearError -----
[17:55:37:934]	[SEND] CLEAR
[17:55:37:988]	[RECV] _ACK
[17:55:39:105]	[RECV] _RDY
[17:55:39:107]	[OPER] ----- Result : Completed, Description : 
[17:56:11:282]	[OPER] ----- ClearError -----
[17:56:11:284]	[SEND] CLEAR
[17:56:11:335]	[RECV] _ACK
[17:56:12:455]	[RECV] _RDY
[17:56:12:457]	[OPER] ----- Result : Completed, Description : 
[17:56:37:540]	[OPER] ----- Pick, Arm : UpperArm, Location : LP5, Slot : 7 -----
[17:56:37:548]	[SEND] PICK 11 SLOT 8 ARM A
[17:56:37:614]	[RECV] _ACK
[17:56:54:931]	[RECV] _ERR 42202
[17:56:54:932]	[OPER] ----- Result : Error, Description : 42202
[17:57:41:551]	[OPER] ----- Initialize -----
[17:57:41:551]	[SEND] CLEAR
[17:57:41:603]	[RECV] _ACK
[17:57:42:726]	[RECV] _RDY
[17:57:42:961]	[SEND] HOME ALL
[17:57:43:014]	[RECV] _ACK
[17:58:12:071]	[RECV] _RDY
[18:01:38:543]	[OPER] ----- Initialize -----
[18:01:38:546]	[SEND] CLEAR
[18:01:38:599]	[RECV] _ACK
[18:01:39:723]	[RECV] _RDY
[18:01:39:731]	[SEND] HOME ALL
[18:01:39:785]	[RECV] _ACK
[18:01:50:996]	[RECV] _RDY
[18:01:50:997]	[OPER] ----- Result : Completed, Description : 
