[09:59:26:402]	[OPER] ----- Initialize -----
[09:59:26:405]	[SEND] CLEAR
[09:59:26:566]	[RECV] _ACK
[09:59:27:126]	[RECV] _ERR 00009
[09:59:27:131]	[OPER] ----- Result : Error, Description : 00009
[09:59:43:104]	[RECV] _RDY
[09:59:44:460]	[RECV] _RDY
[09:59:56:827]	[OPER] ----- Initialize -----
[09:59:56:827]	[SEND] CLEAR
[09:59:56:880]	[RECV] _ACK
[09:59:58:002]	[RECV] _RDY
[09:59:58:007]	[SEND] HOME ALL
[09:59:58:060]	[RECV] _ACK
[10:00:16:362]	[RECV] _RDY
[10:00:16:364]	[OPER] ----- Result : Completed, Description : 
[10:00:55:511]	[OPER] ----- ClearError -----
[10:00:55:513]	[SEND] CLEAR
[10:00:55:565]	[RECV] _ACK
[10:00:56:700]	[RECV] _RDY
[10:00:56:702]	[OPER] ----- Result : Completed, Description : 
[10:01:10:773]	[OPER] ----- Pick, Arm : UpperArm, Location : LP4, Slot : 1 -----
[10:01:10:778]	[SEND] GOTO N 10 R RE Z UP SLOT 2 ARM A
[10:01:10:857]	[RECV] _ACK
[10:01:17:516]	[RECV] _RDY
[10:01:17:517]	[OPER] ----- Result : Completed, Description : 
[10:01:17:684]	[OPER] ----- ApproachForPlace, Arm : UpperArm, Location : PM1.SortInput, Slot : 0 -----
[10:01:17:686]	[SEND] GOTO N 13 R RE Z UP SLOT 1 ARM A
[10:01:17:764]	[RECV] _ACK
[10:01:22:359]	[RECV] _RDY
[10:01:22:360]	[OPER] ----- Result : Completed, Description : 
[10:01:22:477]	[OPER] ----- Place, Arm : UpperArm, Location : PM1.SortInput, Slot : 1 -----
[10:01:22:481]	[SEND] GOTO N 13 R RE Z UP SLOT 1 ARM A
[10:01:22:574]	[RECV] _ACK
[10:01:22:575]	[RECV] _RDY
[10:01:22:576]	[OPER] ----- Result : Completed, Description : 
[10:01:27:703]	[OPER] ----- ApproachForPick, Arm : LowerArm, Location : PM1.SortOutput, Slot : 0 -----
[10:01:27:706]	[SEND] GOTO N 16 R RE Z DN SLOT 1 ARM B
[10:01:27:785]	[RECV] _ACK
[10:01:33:700]	[RECV] _RDY
[10:01:33:700]	[OPER] ----- Result : Completed, Description : 
[10:01:33:815]	[OPER] ----- Pick, Arm : LowerArm, Location : PM1.SortOutput, Slot : 0 -----
[10:01:33:819]	[SEND] GOTO N 16 R RE Z UP SLOT 1 ARM B
[10:01:33:897]	[RECV] _ACK
[10:01:35:087]	[RECV] _RDY
[10:01:35:088]	[OPER] ----- Result : Completed, Description : 
[10:01:35:110]	[OPER] ----- Place, Arm : LowerArm, Location : LP3, Slot : 1 -----
[10:01:35:114]	[SEND] GOTO N 9 R RE Z UP SLOT 2 ARM B
[10:01:35:192]	[RECV] _ACK
[10:01:39:785]	[RECV] _RDY
[10:01:39:785]	[OPER] ----- Result : Completed, Description : 
[10:01:39:799]	[OPER] ----- Pick, Arm : UpperArm, Location : LP4, Slot : 2 -----
[10:01:39:803]	[SEND] GOTO N 10 R RE Z UP SLOT 3 ARM A
[10:01:39:881]	[RECV] _ACK
[10:01:42:000]	[RECV] _RDY
[10:01:42:001]	[OPER] ----- Result : Completed, Description : 
[10:01:42:139]	[OPER] ----- ApproachForPlace, Arm : UpperArm, Location : PM1.SortInput, Slot : 0 -----
[10:01:42:141]	[SEND] GOTO N 13 R RE Z UP SLOT 1 ARM A
[10:01:42:218]	[RECV] _ACK
[10:01:46:815]	[RECV] _RDY
[10:01:46:816]	[OPER] ----- Result : Completed, Description : 
[10:01:46:932]	[OPER] ----- Place, Arm : UpperArm, Location : PM1.SortInput, Slot : 2 -----
[10:01:46:936]	[SEND] GOTO N 13 R RE Z UP SLOT 1 ARM A
[10:01:47:029]	[RECV] _ACK
[10:01:47:030]	[RECV] _RDY
[10:01:47:031]	[OPER] ----- Result : Completed, Description : 
[10:01:52:155]	[OPER] ----- ApproachForPick, Arm : LowerArm, Location : PM1.SortOutput, Slot : 0 -----
[10:01:52:157]	[SEND] GOTO N 16 R RE Z DN SLOT 1 ARM B
[10:01:52:235]	[RECV] _ACK
[10:01:58:151]	[RECV] _RDY
[10:01:58:153]	[OPER] ----- Result : Completed, Description : 
[10:01:58:272]	[OPER] ----- Pick, Arm : LowerArm, Location : PM1.SortOutput, Slot : 0 -----
[10:01:58:276]	[SEND] GOTO N 16 R RE Z UP SLOT 1 ARM B
[10:01:58:354]	[RECV] _ACK
[10:01:59:544]	[RECV] _RDY
[10:01:59:546]	[OPER] ----- Result : Completed, Description : 
[10:01:59:564]	[OPER] ----- Place, Arm : LowerArm, Location : LP3, Slot : 2 -----
[10:01:59:568]	[SEND] GOTO N 9 R RE Z UP SLOT 3 ARM B
[10:01:59:644]	[RECV] _ACK
[10:02:04:240]	[RECV] _RDY
[10:02:04:240]	[OPER] ----- Result : Completed, Description : 
[10:02:04:256]	[OPER] ----- Pick, Arm : UpperArm, Location : LP5, Slot : 1 -----
[10:02:04:261]	[SEND] GOTO N 11 R RE Z UP SLOT 2 ARM A
[10:02:04:341]	[RECV] _ACK
[10:02:07:575]	[RECV] _RDY
[10:02:07:577]	[OPER] ----- Result : Completed, Description : 
[10:02:07:716]	[OPER] ----- ApproachForPlace, Arm : UpperArm, Location : PM1.CoreInput, Slot : 0 -----
[10:02:07:719]	[SEND] GOTO N 14 R RE Z UP SLOT 1 ARM A
[10:02:07:797]	[RECV] _ACK
[10:02:12:391]	[RECV] _RDY
[10:02:12:393]	[OPER] ----- Result : Completed, Description : 
[10:02:12:511]	[OPER] ----- Place, Arm : UpperArm, Location : PM1.CoreInput, Slot : 1 -----
[10:02:12:515]	[SEND] GOTO N 14 R RE Z UP SLOT 1 ARM A
[10:02:12:608]	[RECV] _ACK
[10:02:12:609]	[RECV] _RDY
[10:02:12:609]	[OPER] ----- Result : Completed, Description : 
[10:02:17:737]	[OPER] ----- ApproachForPick, Arm : LowerArm, Location : PM1.CoreOutput, Slot : 0 -----
[10:02:17:739]	[SEND] GOTO N 15 R RE Z DN SLOT 1 ARM B
[10:02:17:817]	[RECV] _ACK
[10:02:21:987]	[RECV] _RDY
[10:02:21:989]	[OPER] ----- Result : Completed, Description : 
[10:02:22:099]	[OPER] ----- Pick, Arm : LowerArm, Location : PM1.CoreOutput, Slot : 0 -----
[10:02:22:103]	[SEND] GOTO N 15 R RE Z UP SLOT 1 ARM B
[10:02:22:181]	[RECV] _ACK
[10:02:23:166]	[RECV] _RDY
[10:02:23:167]	[OPER] ----- Result : Completed, Description : 
[10:02:23:184]	[OPER] ----- Place, Arm : LowerArm, Location : LP5, Slot : 1 -----
[10:02:23:189]	[SEND] GOTO N 11 R RE Z UP SLOT 2 ARM B
[10:02:23:268]	[RECV] _ACK
[10:02:27:862]	[RECV] _RDY
[10:02:27:862]	[OPER] ----- Result : Completed, Description : 
[10:02:27:879]	[OPER] ----- Pick, Arm : UpperArm, Location : LP4, Slot : 3 -----
[10:02:27:883]	[SEND] GOTO N 10 R RE Z UP SLOT 4 ARM A
[10:02:27:961]	[RECV] _ACK
[10:02:30:159]	[RECV] _RDY
[10:02:30:161]	[OPER] ----- Result : Completed, Description : 
[10:02:30:297]	[OPER] ----- ApproachForPlace, Arm : UpperArm, Location : PM1.SortInput, Slot : 0 -----
[10:02:30:299]	[SEND] GOTO N 13 R RE Z UP SLOT 1 ARM A
[10:02:30:378]	[RECV] _ACK
[10:02:34:972]	[RECV] _RDY
[10:02:34:973]	[OPER] ----- Result : Completed, Description : 
[10:02:35:082]	[OPER] ----- Place, Arm : UpperArm, Location : PM1.SortInput, Slot : 3 -----
[10:02:35:086]	[SEND] GOTO N 13 R RE Z UP SLOT 1 ARM A
[10:02:35:178]	[RECV] _ACK
[10:02:35:179]	[RECV] _RDY
[10:02:35:179]	[OPER] ----- Result : Completed, Description : 
[10:02:40:301]	[OPER] ----- ApproachForPick, Arm : LowerArm, Location : PM1.SortOutput, Slot : 0 -----
[10:02:40:303]	[SEND] GOTO N 16 R RE Z DN SLOT 1 ARM B
[10:02:40:380]	[RECV] _ACK
[10:02:46:298]	[RECV] _RDY
[10:02:46:299]	[OPER] ----- Result : Completed, Description : 
[10:02:46:410]	[OPER] ----- Pick, Arm : LowerArm, Location : PM1.SortOutput, Slot : 0 -----
[10:02:46:414]	[SEND] GOTO N 16 R RE Z UP SLOT 1 ARM B
[10:02:46:492]	[RECV] _ACK
[10:02:47:683]	[RECV] _RDY
[10:02:47:684]	[OPER] ----- Result : Completed, Description : 
[10:02:47:703]	[OPER] ----- Place, Arm : LowerArm, Location : LP3, Slot : 3 -----
[10:02:47:707]	[SEND] GOTO N 9 R RE Z UP SLOT 4 ARM B
[10:02:47:784]	[RECV] _ACK
[10:02:52:378]	[RECV] _RDY
[10:02:52:378]	[OPER] ----- Result : Completed, Description : 
[10:02:52:394]	[OPER] ----- Pick, Arm : UpperArm, Location : LP5, Slot : 2 -----
[10:02:52:398]	[SEND] GOTO N 11 R RE Z UP SLOT 3 ARM A
[10:02:52:476]	[RECV] _ACK
[10:02:55:712]	[RECV] _RDY
[10:02:55:713]	[OPER] ----- Result : Completed, Description : 
[10:02:55:844]	[OPER] ----- ApproachForPlace, Arm : UpperArm, Location : PM1.CoreInput, Slot : 0 -----
[10:02:55:846]	[SEND] GOTO N 14 R RE Z UP SLOT 1 ARM A
[10:02:55:924]	[RECV] _ACK
[10:03:00:520]	[RECV] _RDY
[10:03:00:521]	[OPER] ----- Result : Completed, Description : 
[10:03:00:642]	[OPER] ----- Place, Arm : UpperArm, Location : PM1.CoreInput, Slot : 2 -----
[10:03:00:646]	[SEND] GOTO N 14 R RE Z UP SLOT 1 ARM A
[10:03:00:738]	[RECV] _ACK
[10:03:00:739]	[RECV] _RDY
[10:03:00:739]	[OPER] ----- Result : Completed, Description : 
[10:03:05:866]	[OPER] ----- ApproachForPick, Arm : LowerArm, Location : PM1.CoreOutput, Slot : 0 -----
[10:03:05:868]	[SEND] GOTO N 15 R RE Z DN SLOT 1 ARM B
[10:03:05:947]	[RECV] _ACK
[10:03:10:115]	[RECV] _RDY
[10:03:10:116]	[OPER] ----- Result : Completed, Description : 
[10:03:10:235]	[OPER] ----- Pick, Arm : LowerArm, Location : PM1.CoreOutput, Slot : 0 -----
[10:03:10:239]	[SEND] GOTO N 15 R RE Z UP SLOT 1 ARM B
[10:03:10:316]	[RECV] _ACK
[10:03:11:302]	[RECV] _RDY
[10:03:11:304]	[OPER] ----- Result : Completed, Description : 
[10:03:11:321]	[OPER] ----- Place, Arm : LowerArm, Location : LP5, Slot : 2 -----
[10:03:11:325]	[SEND] GOTO N 11 R RE Z UP SLOT 3 ARM B
[10:03:11:402]	[RECV] _ACK
[10:03:15:997]	[RECV] _RDY
[10:03:15:998]	[OPER] ----- Result : Completed, Description : 
[10:03:16:014]	[OPER] ----- Pick, Arm : UpperArm, Location : LP4, Slot : 4 -----
[10:03:16:018]	[SEND] GOTO N 10 R RE Z UP SLOT 5 ARM A
[10:03:16:097]	[RECV] _ACK
[10:03:18:294]	[RECV] _RDY
[10:03:18:294]	[OPER] ----- Result : Completed, Description : 
[10:03:18:422]	[OPER] ----- ApproachForPlace, Arm : UpperArm, Location : PM1.SortInput, Slot : 0 -----
[10:03:18:424]	[SEND] GOTO N 13 R RE Z UP SLOT 1 ARM A
[10:03:18:501]	[RECV] _ACK
[10:03:23:097]	[RECV] _RDY
[10:03:23:099]	[OPER] ----- Result : Completed, Description : 
[10:03:23:217]	[OPER] ----- Place, Arm : UpperArm, Location : PM1.SortInput, Slot : 4 -----
[10:03:23:221]	[SEND] GOTO N 13 R RE Z UP SLOT 1 ARM A
[10:03:23:313]	[RECV] _ACK
[10:03:23:314]	[RECV] _RDY
[10:03:23:315]	[OPER] ----- Result : Completed, Description : 
[10:03:28:446]	[OPER] ----- ApproachForPick, Arm : LowerArm, Location : PM1.SortOutput, Slot : 0 -----
[10:03:28:448]	[SEND] GOTO N 16 R RE Z DN SLOT 1 ARM B
[10:03:28:527]	[RECV] _ACK
[10:03:34:443]	[RECV] _RDY
[10:03:34:444]	[OPER] ----- Result : Completed, Description : 
[10:03:34:563]	[OPER] ----- Pick, Arm : LowerArm, Location : PM1.SortOutput, Slot : 0 -----
[10:03:34:567]	[SEND] GOTO N 16 R RE Z UP SLOT 1 ARM B
[10:03:34:646]	[RECV] _ACK
[10:03:35:836]	[RECV] _RDY
[10:03:35:836]	[OPER] ----- Result : Completed, Description : 
[10:03:35:854]	[OPER] ----- Place, Arm : LowerArm, Location : LP3, Slot : 4 -----
[10:03:35:858]	[SEND] GOTO N 9 R RE Z UP SLOT 5 ARM B
[10:03:35:934]	[RECV] _ACK
[10:03:40:529]	[RECV] _RDY
[10:03:40:529]	[OPER] ----- Result : Completed, Description : 
[10:03:40:544]	[OPER] ----- Pick, Arm : UpperArm, Location : LP5, Slot : 3 -----
[10:03:40:549]	[SEND] GOTO N 11 R RE Z UP SLOT 4 ARM A
[10:03:40:627]	[RECV] _ACK
[10:03:43:864]	[RECV] _RDY
[10:03:43:864]	[OPER] ----- Result : Completed, Description : 
[10:03:43:994]	[OPER] ----- ApproachForPlace, Arm : UpperArm, Location : PM1.CoreInput, Slot : 0 -----
[10:03:43:996]	[SEND] GOTO N 14 R RE Z UP SLOT 1 ARM A
[10:03:44:074]	[RECV] _ACK
[10:03:48:669]	[RECV] _RDY
[10:03:48:670]	[OPER] ----- Result : Completed, Description : 
[10:03:48:780]	[OPER] ----- Place, Arm : UpperArm, Location : PM1.CoreInput, Slot : 3 -----
[10:03:48:784]	[SEND] GOTO N 14 R RE Z UP SLOT 1 ARM A
[10:03:48:877]	[RECV] _ACK
[10:03:48:878]	[RECV] _RDY
[10:03:48:879]	[OPER] ----- Result : Completed, Description : 
[10:03:54:001]	[OPER] ----- ApproachForPick, Arm : LowerArm, Location : PM1.CoreOutput, Slot : 0 -----
[10:03:54:003]	[SEND] GOTO N 15 R RE Z DN SLOT 1 ARM B
[10:03:54:080]	[RECV] _ACK
[10:03:58:253]	[RECV] _RDY
[10:03:58:254]	[OPER] ----- Result : Completed, Description : 
[10:03:58:364]	[OPER] ----- Pick, Arm : LowerArm, Location : PM1.CoreOutput, Slot : 0 -----
[10:03:58:368]	[SEND] GOTO N 15 R RE Z UP SLOT 1 ARM B
[10:03:58:447]	[RECV] _ACK
[10:03:59:432]	[RECV] _RDY
[10:03:59:433]	[OPER] ----- Result : Completed, Description : 
[10:03:59:450]	[OPER] ----- Place, Arm : LowerArm, Location : LP5, Slot : 3 -----
[10:03:59:454]	[SEND] GOTO N 11 R RE Z UP SLOT 4 ARM B
[10:03:59:534]	[RECV] _ACK
[10:04:04:128]	[RECV] _RDY
[10:04:04:129]	[OPER] ----- Result : Completed, Description : 
[10:04:04:145]	[OPER] ----- Pick, Arm : UpperArm, Location : LP4, Slot : 5 -----
[10:04:04:149]	[SEND] GOTO N 10 R RE Z UP SLOT 6 ARM A
[10:04:04:227]	[RECV] _ACK
[10:04:06:425]	[RECV] _RDY
[10:04:06:426]	[OPER] ----- Result : Completed, Description : 
[10:04:06:553]	[OPER] ----- ApproachForPlace, Arm : UpperArm, Location : PM1.SortInput, Slot : 0 -----
[10:04:06:556]	[SEND] GOTO N 13 R RE Z UP SLOT 1 ARM A
[10:04:06:635]	[RECV] _ACK
[10:04:11:231]	[RECV] _RDY
[10:04:11:233]	[OPER] ----- Result : Completed, Description : 
[10:04:11:358]	[OPER] ----- Place, Arm : UpperArm, Location : PM1.SortInput, Slot : 5 -----
[10:04:11:362]	[SEND] GOTO N 13 R RE Z UP SLOT 1 ARM A
[10:04:11:456]	[RECV] _ACK
[10:04:11:457]	[RECV] _RDY
[10:04:11:458]	[OPER] ----- Result : Completed, Description : 
[10:04:16:577]	[OPER] ----- ApproachForPick, Arm : LowerArm, Location : PM1.SortOutput, Slot : 0 -----
[10:04:16:579]	[SEND] GOTO N 16 R RE Z DN SLOT 1 ARM B
[10:04:16:658]	[RECV] _ACK
[10:04:22:573]	[RECV] _RDY
[10:04:22:574]	[OPER] ----- Result : Completed, Description : 
[10:04:22:692]	[OPER] ----- Pick, Arm : LowerArm, Location : PM1.SortOutput, Slot : 0 -----
[10:04:22:696]	[SEND] GOTO N 16 R RE Z UP SLOT 1 ARM B
[10:04:22:773]	[RECV] _ACK
[10:04:23:964]	[RECV] _RDY
[10:04:23:964]	[OPER] ----- Result : Completed, Description : 
[10:04:23:981]	[OPER] ----- Place, Arm : LowerArm, Location : LP3, Slot : 5 -----
[10:04:23:985]	[SEND] GOTO N 9 R RE Z UP SLOT 6 ARM B
[10:04:24:063]	[RECV] _ACK
[10:04:28:656]	[RECV] _RDY
[10:04:28:658]	[OPER] ----- Result : Completed, Description : 
[10:04:28:674]	[OPER] ----- Pick, Arm : UpperArm, Location : LP5, Slot : 4 -----
[10:04:28:679]	[SEND] GOTO N 11 R RE Z UP SLOT 5 ARM A
[10:04:28:761]	[RECV] _ACK
[10:04:31:994]	[RECV] _RDY
[10:04:31:995]	[OPER] ----- Result : Completed, Description : 
[10:04:32:125]	[OPER] ----- ApproachForPlace, Arm : UpperArm, Location : PM1.CoreInput, Slot : 0 -----
[10:04:32:127]	[SEND] GOTO N 14 R RE Z UP SLOT 1 ARM A
[10:04:32:206]	[RECV] _ACK
[10:04:36:800]	[RECV] _RDY
[10:04:36:801]	[OPER] ----- Result : Completed, Description : 
[10:04:36:926]	[OPER] ----- Place, Arm : UpperArm, Location : PM1.CoreInput, Slot : 4 -----
[10:04:36:931]	[SEND] GOTO N 14 R RE Z UP SLOT 1 ARM A
[10:04:37:022]	[RECV] _ACK
[10:04:37:023]	[RECV] _RDY
[10:04:37:024]	[OPER] ----- Result : Completed, Description : 
[10:04:42:151]	[OPER] ----- ApproachForPick, Arm : LowerArm, Location : PM1.CoreOutput, Slot : 0 -----
[10:04:42:153]	[SEND] GOTO N 15 R RE Z DN SLOT 1 ARM B
[10:04:42:233]	[RECV] _ACK
[10:04:46:404]	[RECV] _RDY
[10:04:46:404]	[OPER] ----- Result : Completed, Description : 
[10:04:46:521]	[OPER] ----- Pick, Arm : LowerArm, Location : PM1.CoreOutput, Slot : 0 -----
[10:04:46:525]	[SEND] GOTO N 15 R RE Z UP SLOT 1 ARM B
[10:04:46:603]	[RECV] _ACK
[10:04:47:587]	[RECV] _RDY
[10:04:47:589]	[OPER] ----- Result : Completed, Description : 
[10:04:47:609]	[OPER] ----- Place, Arm : LowerArm, Location : LP5, Slot : 4 -----
[10:04:47:613]	[SEND] GOTO N 11 R RE Z UP SLOT 5 ARM B
[10:04:47:691]	[RECV] _ACK
[10:04:52:286]	[RECV] _RDY
[10:04:52:286]	[OPER] ----- Result : Completed, Description : 
[10:04:52:301]	[OPER] ----- Pick, Arm : UpperArm, Location : LP4, Slot : 6 -----
[10:04:52:305]	[SEND] GOTO N 10 R RE Z UP SLOT 7 ARM A
[10:04:52:383]	[RECV] _ACK
[10:04:54:581]	[RECV] _RDY
[10:04:54:582]	[OPER] ----- Result : Completed, Description : 
[10:04:54:717]	[OPER] ----- ApproachForPlace, Arm : UpperArm, Location : PM1.SortInput, Slot : 0 -----
[10:04:54:719]	[SEND] GOTO N 13 R RE Z UP SLOT 1 ARM A
[10:04:54:797]	[RECV] _ACK
[10:04:59:391]	[RECV] _RDY
[10:04:59:391]	[OPER] ----- Result : Completed, Description : 
[10:04:59:511]	[OPER] ----- Place, Arm : UpperArm, Location : PM1.SortInput, Slot : 6 -----
[10:04:59:515]	[SEND] GOTO N 13 R RE Z UP SLOT 1 ARM A
[10:04:59:608]	[RECV] _ACK
[10:04:59:609]	[RECV] _RDY
[10:04:59:609]	[OPER] ----- Result : Completed, Description : 
[10:05:04:739]	[OPER] ----- ApproachForPick, Arm : LowerArm, Location : PM1.SortOutput, Slot : 0 -----
[10:05:04:741]	[SEND] GOTO N 16 R RE Z DN SLOT 1 ARM B
[10:05:04:820]	[RECV] _ACK
[10:05:10:736]	[RECV] _RDY
[10:05:10:736]	[OPER] ----- Result : Completed, Description : 
[10:05:10:858]	[OPER] ----- Pick, Arm : LowerArm, Location : PM1.SortOutput, Slot : 0 -----
[10:05:10:862]	[SEND] GOTO N 16 R RE Z UP SLOT 1 ARM B
[10:05:10:940]	[RECV] _ACK
[10:05:12:129]	[RECV] _RDY
[10:05:12:129]	[OPER] ----- Result : Completed, Description : 
[10:05:12:146]	[OPER] ----- Place, Arm : LowerArm, Location : LP3, Slot : 6 -----
[10:05:12:150]	[SEND] GOTO N 9 R RE Z UP SLOT 7 ARM B
[10:05:12:228]	[RECV] _ACK
[10:05:16:822]	[RECV] _RDY
[10:05:16:823]	[OPER] ----- Result : Completed, Description : 
[10:05:16:840]	[OPER] ----- Pick, Arm : UpperArm, Location : LP5, Slot : 5 -----
[10:05:16:844]	[SEND] GOTO N 11 R RE Z UP SLOT 6 ARM A
[10:05:16:921]	[RECV] _ACK
[10:05:20:159]	[RECV] _RDY
[10:05:20:160]	[OPER] ----- Result : Completed, Description : 
[10:05:20:300]	[OPER] ----- ApproachForPlace, Arm : UpperArm, Location : PM1.CoreInput, Slot : 0 -----
[10:05:20:302]	[SEND] GOTO N 14 R RE Z UP SLOT 1 ARM A
[10:05:20:379]	[RECV] _ACK
[10:05:24:974]	[RECV] _RDY
[10:05:24:976]	[OPER] ----- Result : Completed, Description : 
[10:05:25:096]	[OPER] ----- Place, Arm : UpperArm, Location : PM1.CoreInput, Slot : 5 -----
[10:05:25:101]	[SEND] GOTO N 14 R RE Z UP SLOT 1 ARM A
[10:05:25:192]	[RECV] _ACK
[10:05:25:193]	[RECV] _RDY
[10:05:25:193]	[OPER] ----- Result : Completed, Description : 
[10:05:30:316]	[OPER] ----- ApproachForPick, Arm : LowerArm, Location : PM1.CoreOutput, Slot : 0 -----
[10:05:30:318]	[SEND] GOTO N 15 R RE Z DN SLOT 1 ARM B
[10:05:30:395]	[RECV] _ACK
[10:05:34:567]	[RECV] _RDY
[10:05:34:568]	[OPER] ----- Result : Completed, Description : 
[10:05:34:687]	[OPER] ----- Pick, Arm : LowerArm, Location : PM1.CoreOutput, Slot : 0 -----
[10:05:34:691]	[SEND] GOTO N 15 R RE Z UP SLOT 1 ARM B
[10:05:34:770]	[RECV] _ACK
[10:05:35:755]	[RECV] _RDY
[10:05:35:756]	[OPER] ----- Result : Completed, Description : 
[10:05:35:773]	[OPER] ----- Place, Arm : LowerArm, Location : LP5, Slot : 5 -----
[10:05:35:779]	[SEND] GOTO N 11 R RE Z UP SLOT 6 ARM B
[10:05:35:857]	[RECV] _ACK
[10:05:40:452]	[RECV] _RDY
[10:05:40:452]	[OPER] ----- Result : Completed, Description : 
[10:05:40:468]	[OPER] ----- Pick, Arm : UpperArm, Location : LP4, Slot : 7 -----
[10:05:40:472]	[SEND] GOTO N 10 R RE Z UP SLOT 8 ARM A
[10:05:40:549]	[RECV] _ACK
[10:05:42:747]	[RECV] _RDY
[10:05:42:748]	[OPER] ----- Result : Completed, Description : 
[10:05:42:879]	[OPER] ----- ApproachForPlace, Arm : UpperArm, Location : PM1.SortInput, Slot : 0 -----
[10:05:42:881]	[SEND] GOTO N 13 R RE Z UP SLOT 1 ARM A
[10:05:42:959]	[RECV] _ACK
[10:05:47:555]	[RECV] _RDY
[10:05:47:555]	[OPER] ----- Result : Completed, Description : 
[10:05:47:663]	[OPER] ----- Place, Arm : UpperArm, Location : PM1.SortInput, Slot : 7 -----
[10:05:47:667]	[SEND] GOTO N 13 R RE Z UP SLOT 1 ARM A
[10:05:47:760]	[RECV] _ACK
[10:05:47:761]	[RECV] _RDY
[10:05:47:762]	[OPER] ----- Result : Completed, Description : 
[10:05:52:887]	[OPER] ----- ApproachForPick, Arm : LowerArm, Location : PM1.SortOutput, Slot : 0 -----
[10:05:52:889]	[SEND] GOTO N 16 R RE Z DN SLOT 1 ARM B
[10:05:52:969]	[RECV] _ACK
[10:05:58:887]	[RECV] _RDY
[10:05:58:887]	[OPER] ----- Result : Completed, Description : 
[10:05:58:999]	[OPER] ----- Pick, Arm : LowerArm, Location : PM1.SortOutput, Slot : 0 -----
[10:05:59:003]	[SEND] GOTO N 16 R RE Z UP SLOT 1 ARM B
[10:05:59:081]	[RECV] _ACK
[10:06:00:272]	[RECV] _RDY
[10:06:00:272]	[OPER] ----- Result : Completed, Description : 
[10:06:00:289]	[OPER] ----- Place, Arm : LowerArm, Location : LP3, Slot : 7 -----
[10:06:00:293]	[SEND] GOTO N 9 R RE Z UP SLOT 8 ARM B
[10:06:00:370]	[RECV] _ACK
[10:06:04:964]	[RECV] _RDY
[10:06:04:965]	[OPER] ----- Result : Completed, Description : 
[10:06:04:981]	[OPER] ----- Pick, Arm : UpperArm, Location : LP5, Slot : 6 -----
[10:06:04:985]	[SEND] GOTO N 11 R RE Z UP SLOT 7 ARM A
[10:06:05:063]	[RECV] _ACK
[10:06:08:301]	[RECV] _RDY
[10:06:08:302]	[OPER] ----- Result : Completed, Description : 
[10:06:08:430]	[OPER] ----- ApproachForPlace, Arm : UpperArm, Location : PM1.CoreInput, Slot : 0 -----
[10:06:08:432]	[SEND] GOTO N 14 R RE Z UP SLOT 1 ARM A
[10:06:08:511]	[RECV] _ACK
[10:06:13:105]	[RECV] _RDY
[10:06:13:105]	[OPER] ----- Result : Completed, Description : 
[10:06:13:222]	[OPER] ----- Place, Arm : UpperArm, Location : PM1.CoreInput, Slot : 6 -----
[10:06:13:226]	[SEND] GOTO N 14 R RE Z UP SLOT 1 ARM A
[10:06:13:318]	[RECV] _ACK
[10:06:13:319]	[RECV] _RDY
[10:06:13:321]	[OPER] ----- Result : Completed, Description : 
[10:06:18:452]	[OPER] ----- ApproachForPick, Arm : LowerArm, Location : PM1.CoreOutput, Slot : 0 -----
[10:06:18:454]	[SEND] GOTO N 15 R RE Z DN SLOT 1 ARM B
[10:06:18:533]	[RECV] _ACK
[10:06:22:707]	[RECV] _RDY
[10:06:22:708]	[OPER] ----- Result : Completed, Description : 
[10:06:22:819]	[OPER] ----- Pick, Arm : LowerArm, Location : PM1.CoreOutput, Slot : 0 -----
[10:06:22:824]	[SEND] GOTO N 15 R RE Z UP SLOT 1 ARM B
[10:06:22:901]	[RECV] _ACK
[10:06:23:887]	[RECV] _RDY
[10:06:23:889]	[OPER] ----- Result : Completed, Description : 
[10:06:23:906]	[OPER] ----- Place, Arm : LowerArm, Location : LP5, Slot : 6 -----
[10:06:23:910]	[SEND] GOTO N 11 R RE Z UP SLOT 7 ARM B
[10:06:23:988]	[RECV] _ACK
[10:06:28:583]	[RECV] _RDY
[10:06:28:585]	[OPER] ----- Result : Completed, Description : 
[10:06:28:602]	[OPER] ----- Pick, Arm : UpperArm, Location : LP4, Slot : 8 -----
[10:06:28:606]	[SEND] GOTO N 10 R RE Z UP SLOT 9 ARM A
[10:06:28:684]	[RECV] _ACK
[10:06:30:882]	[RECV] _RDY
[10:06:30:883]	[OPER] ----- Result : Completed, Description : 
[10:06:31:012]	[OPER] ----- ApproachForPlace, Arm : UpperArm, Location : PM1.SortInput, Slot : 0 -----
[10:06:31:014]	[SEND] GOTO N 13 R RE Z UP SLOT 1 ARM A
[10:06:31:092]	[RECV] _ACK
[10:06:35:687]	[RECV] _RDY
[10:06:35:688]	[OPER] ----- Result : Completed, Description : 
[10:06:35:801]	[OPER] ----- Place, Arm : UpperArm, Location : PM1.SortInput, Slot : 8 -----
[10:06:35:805]	[SEND] GOTO N 13 R RE Z UP SLOT 1 ARM A
[10:06:35:896]	[RECV] _ACK
[10:06:35:897]	[RECV] _RDY
[10:06:35:898]	[OPER] ----- Result : Completed, Description : 
[10:06:41:030]	[OPER] ----- ApproachForPick, Arm : LowerArm, Location : PM1.SortOutput, Slot : 0 -----
[10:06:41:032]	[SEND] GOTO N 16 R RE Z DN SLOT 1 ARM B
[10:06:41:109]	[RECV] _ACK
[10:06:47:026]	[RECV] _RDY
[10:06:47:027]	[OPER] ----- Result : Completed, Description : 
[10:06:47:144]	[OPER] ----- Pick, Arm : LowerArm, Location : PM1.SortOutput, Slot : 0 -----
[10:06:47:148]	[SEND] GOTO N 16 R RE Z UP SLOT 1 ARM B
[10:06:47:227]	[RECV] _ACK
[10:06:48:417]	[RECV] _RDY
[10:06:48:418]	[OPER] ----- Result : Completed, Description : 
[10:06:48:436]	[OPER] ----- Place, Arm : LowerArm, Location : LP3, Slot : 8 -----
[10:06:48:440]	[SEND] GOTO N 9 R RE Z UP SLOT 9 ARM B
[10:06:48:517]	[RECV] _ACK
[10:06:53:110]	[RECV] _RDY
[10:06:53:112]	[OPER] ----- Result : Completed, Description : 
[10:06:53:127]	[OPER] ----- Pick, Arm : UpperArm, Location : LP5, Slot : 7 -----
[10:06:53:131]	[SEND] GOTO N 11 R RE Z UP SLOT 8 ARM A
[10:06:53:210]	[RECV] _ACK
[10:06:56:448]	[RECV] _RDY
[10:06:56:450]	[OPER] ----- Result : Completed, Description : 
[10:06:56:581]	[OPER] ----- ApproachForPlace, Arm : UpperArm, Location : PM1.CoreInput, Slot : 0 -----
[10:06:56:583]	[SEND] GOTO N 14 R RE Z UP SLOT 1 ARM A
[10:06:56:662]	[RECV] _ACK
[10:07:01:255]	[RECV] _RDY
[10:07:01:255]	[OPER] ----- Result : Completed, Description : 
[10:07:01:370]	[OPER] ----- Place, Arm : UpperArm, Location : PM1.CoreInput, Slot : 7 -----
[10:07:01:374]	[SEND] GOTO N 14 R RE Z UP SLOT 1 ARM A
[10:07:01:467]	[RECV] _ACK
[10:07:01:468]	[RECV] _RDY
[10:07:01:469]	[OPER] ----- Result : Completed, Description : 
[10:07:06:593]	[OPER] ----- ApproachForPick, Arm : LowerArm, Location : PM1.CoreOutput, Slot : 0 -----
[10:07:06:595]	[SEND] GOTO N 15 R RE Z DN SLOT 1 ARM B
[10:07:06:674]	[RECV] _ACK
[10:07:10:847]	[RECV] _RDY
[10:07:10:849]	[OPER] ----- Result : Completed, Description : 
[10:07:10:960]	[OPER] ----- Pick, Arm : LowerArm, Location : PM1.CoreOutput, Slot : 0 -----
[10:07:10:964]	[SEND] GOTO N 15 R RE Z UP SLOT 1 ARM B
[10:07:11:043]	[RECV] _ACK
[10:07:12:030]	[RECV] _RDY
[10:07:12:031]	[OPER] ----- Result : Completed, Description : 
[10:07:12:048]	[OPER] ----- Place, Arm : LowerArm, Location : LP5, Slot : 7 -----
[10:07:12:052]	[SEND] GOTO N 11 R RE Z UP SLOT 8 ARM B
[10:07:12:131]	[RECV] _ACK
[10:07:16:727]	[RECV] _RDY
[10:07:16:728]	[OPER] ----- Result : Completed, Description : 
[10:07:16:745]	[OPER] ----- Pick, Arm : UpperArm, Location : LP4, Slot : 9 -----
[10:07:16:749]	[SEND] GOTO N 10 R RE Z UP SLOT 10 ARM A
[10:07:16:829]	[RECV] _ACK
[10:07:19:026]	[RECV] _RDY
[10:07:19:027]	[OPER] ----- Result : Completed, Description : 
[10:07:19:172]	[OPER] ----- ApproachForPlace, Arm : UpperArm, Location : PM1.SortInput, Slot : 0 -----
[10:07:19:174]	[SEND] GOTO N 13 R RE Z UP SLOT 1 ARM A
[10:07:19:253]	[RECV] _ACK
[10:07:23:846]	[RECV] _RDY
[10:07:23:846]	[OPER] ----- Result : Completed, Description : 
[10:07:23:959]	[OPER] ----- Place, Arm : UpperArm, Location : PM1.SortInput, Slot : 9 -----
[10:07:23:963]	[SEND] GOTO N 13 R RE Z UP SLOT 1 ARM A
[10:07:24:054]	[RECV] _ACK
[10:07:24:055]	[RECV] _RDY
[10:07:24:057]	[OPER] ----- Result : Completed, Description : 
[10:07:29:175]	[OPER] ----- ApproachForPick, Arm : LowerArm, Location : PM1.SortOutput, Slot : 0 -----
[10:07:29:177]	[SEND] GOTO N 16 R RE Z DN SLOT 1 ARM B
[10:07:29:256]	[RECV] _ACK
[10:07:35:174]	[RECV] _RDY
[10:07:35:176]	[OPER] ----- Result : Completed, Description : 
[10:07:35:295]	[OPER] ----- Pick, Arm : LowerArm, Location : PM1.SortOutput, Slot : 0 -----
[10:07:35:299]	[SEND] GOTO N 16 R RE Z UP SLOT 1 ARM B
[10:07:35:377]	[RECV] _ACK
[10:07:36:568]	[RECV] _RDY
[10:07:36:569]	[OPER] ----- Result : Completed, Description : 
[10:07:36:586]	[OPER] ----- Place, Arm : LowerArm, Location : LP3, Slot : 9 -----
[10:07:36:590]	[SEND] GOTO N 9 R RE Z UP SLOT 10 ARM B
[10:07:36:669]	[RECV] _ACK
[10:07:41:262]	[RECV] _RDY
[10:07:41:263]	[OPER] ----- Result : Completed, Description : 
[10:07:41:280]	[OPER] ----- Pick, Arm : UpperArm, Location : LP5, Slot : 8 -----
[10:07:41:284]	[SEND] GOTO N 11 R RE Z UP SLOT 9 ARM A
[10:07:41:362]	[RECV] _ACK
[10:07:44:600]	[RECV] _RDY
[10:07:44:601]	[OPER] ----- Result : Completed, Description : 
[10:07:44:741]	[OPER] ----- ApproachForPlace, Arm : UpperArm, Location : PM1.CoreInput, Slot : 0 -----
[10:07:44:743]	[SEND] GOTO N 14 R RE Z UP SLOT 1 ARM A
[10:07:44:821]	[RECV] _ACK
[10:07:49:416]	[RECV] _RDY
[10:07:49:417]	[OPER] ----- Result : Completed, Description : 
[10:07:49:531]	[OPER] ----- Place, Arm : UpperArm, Location : PM1.CoreInput, Slot : 8 -----
[10:07:49:535]	[SEND] GOTO N 14 R RE Z UP SLOT 1 ARM A
[10:07:49:627]	[RECV] _ACK
[10:07:49:628]	[RECV] _RDY
[10:07:49:629]	[OPER] ----- Result : Completed, Description : 
[10:07:54:749]	[OPER] ----- ApproachForPick, Arm : LowerArm, Location : PM1.CoreOutput, Slot : 0 -----
[10:07:54:751]	[SEND] GOTO N 15 R RE Z DN SLOT 1 ARM B
[10:07:54:830]	[RECV] _ACK
[10:07:59:004]	[RECV] _RDY
[10:07:59:004]	[OPER] ----- Result : Completed, Description : 
[10:07:59:121]	[OPER] ----- Pick, Arm : LowerArm, Location : PM1.CoreOutput, Slot : 0 -----
[10:07:59:125]	[SEND] GOTO N 15 R RE Z UP SLOT 1 ARM B
[10:07:59:202]	[RECV] _ACK
[10:08:00:188]	[RECV] _RDY
[10:08:00:189]	[OPER] ----- Result : Completed, Description : 
[10:08:00:206]	[OPER] ----- Place, Arm : LowerArm, Location : LP5, Slot : 8 -----
[10:08:00:210]	[SEND] GOTO N 11 R RE Z UP SLOT 9 ARM B
[10:08:00:288]	[RECV] _ACK
[10:08:04:883]	[RECV] _RDY
[10:08:04:884]	[OPER] ----- Result : Completed, Description : 
[10:08:04:900]	[OPER] ----- Pick, Arm : UpperArm, Location : LP4, Slot : 10 -----
[10:08:04:905]	[SEND] GOTO N 10 R RE Z UP SLOT 11 ARM A
[10:08:04:984]	[RECV] _ACK
[10:08:07:183]	[RECV] _RDY
[10:08:07:183]	[OPER] ----- Result : Completed, Description : 
[10:08:07:325]	[OPER] ----- ApproachForPlace, Arm : UpperArm, Location : PM1.SortInput, Slot : 0 -----
[10:08:07:327]	[SEND] GOTO N 13 R RE Z UP SLOT 1 ARM A
[10:08:07:405]	[RECV] _ACK
[10:08:11:998]	[RECV] _RDY
[10:08:11:998]	[OPER] ----- Result : Completed, Description : 
[10:08:12:123]	[OPER] ----- Place, Arm : UpperArm, Location : PM1.SortInput, Slot : 10 -----
[10:08:12:127]	[SEND] GOTO N 13 R RE Z UP SLOT 1 ARM A
[10:08:12:220]	[RECV] _ACK
[10:08:12:221]	[RECV] _RDY
[10:08:12:223]	[OPER] ----- Result : Completed, Description : 
[10:08:17:353]	[OPER] ----- ApproachForPick, Arm : LowerArm, Location : PM1.SortOutput, Slot : 0 -----
[10:08:17:355]	[SEND] GOTO N 16 R RE Z DN SLOT 1 ARM B
[10:08:17:433]	[RECV] _ACK
[10:08:23:350]	[RECV] _RDY
[10:08:23:351]	[OPER] ----- Result : Completed, Description : 
[10:08:23:462]	[OPER] ----- Pick, Arm : LowerArm, Location : PM1.SortOutput, Slot : 0 -----
[10:08:23:465]	[SEND] GOTO N 16 R RE Z UP SLOT 1 ARM B
[10:08:23:544]	[RECV] _ACK
[10:08:24:736]	[RECV] _RDY
[10:08:24:737]	[OPER] ----- Result : Completed, Description : 
[10:08:24:754]	[OPER] ----- Place, Arm : LowerArm, Location : LP3, Slot : 10 -----
[10:08:24:758]	[SEND] GOTO N 9 R RE Z UP SLOT 11 ARM B
[10:08:24:838]	[RECV] _ACK
[10:08:29:432]	[RECV] _RDY
[10:08:29:432]	[OPER] ----- Result : Completed, Description : 
[10:08:29:448]	[OPER] ----- Pick, Arm : UpperArm, Location : LP5, Slot : 9 -----
[10:08:29:452]	[SEND] GOTO N 11 R RE Z UP SLOT 10 ARM A
[10:08:29:532]	[RECV] _ACK
[10:08:32:767]	[RECV] _RDY
[10:08:32:769]	[OPER] ----- Result : Completed, Description : 
[10:08:32:907]	[OPER] ----- ApproachForPlace, Arm : UpperArm, Location : PM1.CoreInput, Slot : 0 -----
[10:08:32:909]	[SEND] GOTO N 14 R RE Z UP SLOT 1 ARM A
[10:08:32:987]	[RECV] _ACK
[10:08:37:583]	[RECV] _RDY
[10:08:37:585]	[OPER] ----- Result : Completed, Description : 
[10:08:37:693]	[OPER] ----- Place, Arm : UpperArm, Location : PM1.CoreInput, Slot : 9 -----
[10:08:37:697]	[SEND] GOTO N 14 R RE Z UP SLOT 1 ARM A
[10:08:37:789]	[RECV] _ACK
[10:08:37:790]	[RECV] _RDY
[10:08:37:791]	[OPER] ----- Result : Completed, Description : 
[10:08:42:917]	[OPER] ----- ApproachForPick, Arm : LowerArm, Location : PM1.CoreOutput, Slot : 0 -----
[10:08:42:919]	[SEND] GOTO N 15 R RE Z DN SLOT 1 ARM B
[10:08:42:997]	[RECV] _ACK
[10:08:47:170]	[RECV] _RDY
[10:08:47:172]	[OPER] ----- Result : Completed, Description : 
[10:08:47:281]	[OPER] ----- Pick, Arm : LowerArm, Location : PM1.CoreOutput, Slot : 0 -----
[10:08:47:285]	[SEND] GOTO N 15 R RE Z UP SLOT 1 ARM B
[10:08:47:363]	[RECV] _ACK
[10:08:48:348]	[RECV] _RDY
[10:08:48:349]	[OPER] ----- Result : Completed, Description : 
[10:08:48:367]	[OPER] ----- Place, Arm : LowerArm, Location : LP5, Slot : 9 -----
[10:08:48:371]	[SEND] GOTO N 11 R RE Z UP SLOT 10 ARM B
[10:08:48:451]	[RECV] _ACK
[10:08:53:044]	[RECV] _RDY
[10:08:53:044]	[OPER] ----- Result : Completed, Description : 
[10:08:53:060]	[OPER] ----- Pick, Arm : UpperArm, Location : LP4, Slot : 11 -----
[10:08:53:064]	[SEND] GOTO N 10 R RE Z UP SLOT 12 ARM A
[10:08:53:143]	[RECV] _ACK
[10:08:55:341]	[RECV] _RDY
[10:08:55:341]	[OPER] ----- Result : Completed, Description : 
[10:08:55:471]	[OPER] ----- ApproachForPlace, Arm : UpperArm, Location : PM1.SortInput, Slot : 0 -----
[10:08:55:474]	[SEND] GOTO N 13 R RE Z UP SLOT 1 ARM A
[10:08:55:553]	[RECV] _ACK
[10:09:00:146]	[RECV] _RDY
[10:09:00:148]	[OPER] ----- Result : Completed, Description : 
[10:09:00:260]	[OPER] ----- Place, Arm : UpperArm, Location : PM1.SortInput, Slot : 11 -----
[10:09:00:264]	[SEND] GOTO N 13 R RE Z UP SLOT 1 ARM A
[10:09:00:357]	[RECV] _ACK
[10:09:00:358]	[RECV] _RDY
[10:09:00:360]	[OPER] ----- Result : Completed, Description : 
[10:09:05:487]	[OPER] ----- ApproachForPick, Arm : LowerArm, Location : PM1.SortOutput, Slot : 0 -----
[10:09:05:489]	[SEND] GOTO N 16 R RE Z DN SLOT 1 ARM B
[10:09:05:568]	[RECV] _ACK
[10:09:11:485]	[RECV] _RDY
[10:09:11:486]	[OPER] ----- Result : Completed, Description : 
[10:09:11:605]	[OPER] ----- Pick, Arm : LowerArm, Location : PM1.SortOutput, Slot : 0 -----
[10:09:11:609]	[SEND] GOTO N 16 R RE Z UP SLOT 1 ARM B
[10:09:11:687]	[RECV] _ACK
[10:09:12:877]	[RECV] _RDY
[10:09:12:877]	[OPER] ----- Result : Completed, Description : 
[10:09:12:895]	[OPER] ----- Place, Arm : LowerArm, Location : LP3, Slot : 11 -----
[10:09:12:900]	[SEND] GOTO N 9 R RE Z UP SLOT 12 ARM B
[10:09:12:978]	[RECV] _ACK
[10:09:17:574]	[RECV] _RDY
[10:09:17:575]	[OPER] ----- Result : Completed, Description : 
[10:09:17:592]	[OPER] ----- Pick, Arm : UpperArm, Location : LP5, Slot : 10 -----
[10:09:17:596]	[SEND] GOTO N 11 R RE Z UP SLOT 11 ARM A
[10:09:17:675]	[RECV] _ACK
[10:09:20:915]	[RECV] _RDY
[10:09:20:915]	[OPER] ----- Result : Completed, Description : 
[10:09:21:054]	[OPER] ----- ApproachForPlace, Arm : UpperArm, Location : PM1.CoreInput, Slot : 0 -----
[10:09:21:056]	[SEND] GOTO N 14 R RE Z UP SLOT 1 ARM A
[10:09:21:135]	[RECV] _ACK
[10:09:25:729]	[RECV] _RDY
[10:09:25:730]	[OPER] ----- Result : Completed, Description : 
[10:09:25:841]	[OPER] ----- Place, Arm : UpperArm, Location : PM1.CoreInput, Slot : 10 -----
[10:09:25:845]	[SEND] GOTO N 14 R RE Z UP SLOT 1 ARM A
[10:09:25:937]	[RECV] _ACK
[10:09:25:938]	[RECV] _RDY
[10:09:25:939]	[OPER] ----- Result : Completed, Description : 
[10:09:31:061]	[OPER] ----- ApproachForPick, Arm : LowerArm, Location : PM1.CoreOutput, Slot : 0 -----
[10:09:31:063]	[SEND] GOTO N 15 R RE Z DN SLOT 1 ARM B
[10:09:31:140]	[RECV] _ACK
[10:09:35:314]	[RECV] _RDY
[10:09:35:315]	[OPER] ----- Result : Completed, Description : 
[10:09:35:423]	[OPER] ----- Pick, Arm : LowerArm, Location : PM1.CoreOutput, Slot : 0 -----
[10:09:35:428]	[SEND] GOTO N 15 R RE Z UP SLOT 1 ARM B
[10:09:35:506]	[RECV] _ACK
[10:09:36:491]	[RECV] _RDY
[10:09:36:492]	[OPER] ----- Result : Completed, Description : 
[10:09:36:510]	[OPER] ----- Place, Arm : LowerArm, Location : LP5, Slot : 10 -----
[10:09:36:514]	[SEND] GOTO N 11 R RE Z UP SLOT 11 ARM B
[10:09:36:593]	[RECV] _ACK
[10:09:41:187]	[RECV] _RDY
[10:09:41:189]	[OPER] ----- Result : Completed, Description : 
[10:09:41:204]	[OPER] ----- Pick, Arm : UpperArm, Location : LP4, Slot : 12 -----
[10:09:41:207]	[SEND] GOTO N 10 R RE Z UP SLOT 13 ARM A
[10:09:41:287]	[RECV] _ACK
[10:09:43:485]	[RECV] _RDY
[10:09:43:486]	[OPER] ----- Result : Completed, Description : 
[10:09:43:612]	[OPER] ----- ApproachForPlace, Arm : UpperArm, Location : PM1.SortInput, Slot : 0 -----
[10:09:43:614]	[SEND] GOTO N 13 R RE Z UP SLOT 1 ARM A
[10:09:43:692]	[RECV] _ACK
[10:09:48:288]	[RECV] _RDY
[10:09:48:290]	[OPER] ----- Result : Completed, Description : 
[10:09:48:399]	[OPER] ----- Place, Arm : UpperArm, Location : PM1.SortInput, Slot : 12 -----
[10:09:48:404]	[SEND] GOTO N 13 R RE Z UP SLOT 1 ARM A
[10:09:48:496]	[RECV] _ACK
[10:09:48:497]	[RECV] _RDY
[10:09:48:497]	[OPER] ----- Result : Completed, Description : 
[10:09:53:627]	[OPER] ----- ApproachForPick, Arm : LowerArm, Location : PM1.SortOutput, Slot : 0 -----
[10:09:53:629]	[SEND] GOTO N 16 R RE Z DN SLOT 1 ARM B
[10:09:53:708]	[RECV] _ACK
[10:09:59:624]	[RECV] _RDY
[10:09:59:625]	[OPER] ----- Result : Completed, Description : 
[10:09:59:737]	[OPER] ----- Pick, Arm : LowerArm, Location : PM1.SortOutput, Slot : 0 -----
[10:09:59:743]	[SEND] GOTO N 16 R RE Z UP SLOT 1 ARM B
[10:09:59:822]	[RECV] _ACK
[10:10:01:013]	[RECV] _RDY
[10:10:01:014]	[OPER] ----- Result : Completed, Description : 
[10:10:01:031]	[OPER] ----- Place, Arm : LowerArm, Location : LP3, Slot : 12 -----
[10:10:01:035]	[SEND] GOTO N 9 R RE Z UP SLOT 13 ARM B
[10:10:01:112]	[RECV] _ACK
[10:10:05:708]	[RECV] _RDY
[10:10:05:709]	[OPER] ----- Result : Completed, Description : 
[10:10:05:725]	[OPER] ----- Pick, Arm : UpperArm, Location : LP5, Slot : 11 -----
[10:10:05:729]	[SEND] GOTO N 11 R RE Z UP SLOT 12 ARM A
[10:10:05:808]	[RECV] _ACK
[10:10:09:045]	[RECV] _RDY
[10:10:09:046]	[OPER] ----- Result : Completed, Description : 
[10:10:09:181]	[OPER] ----- ApproachForPlace, Arm : UpperArm, Location : PM1.CoreInput, Slot : 0 -----
[10:10:09:183]	[SEND] GOTO N 14 R RE Z UP SLOT 1 ARM A
[10:10:09:260]	[RECV] _ACK
[10:10:13:856]	[RECV] _RDY
[10:10:13:856]	[OPER] ----- Result : Completed, Description : 
[10:10:13:975]	[OPER] ----- Place, Arm : UpperArm, Location : PM1.CoreInput, Slot : 11 -----
[10:10:13:980]	[SEND] GOTO N 14 R RE Z UP SLOT 1 ARM A
[10:10:14:072]	[RECV] _ACK
[10:10:14:073]	[RECV] _RDY
[10:10:14:074]	[OPER] ----- Result : Completed, Description : 
[10:10:19:206]	[OPER] ----- ApproachForPick, Arm : LowerArm, Location : PM1.CoreOutput, Slot : 0 -----
[10:10:19:208]	[SEND] GOTO N 15 R RE Z DN SLOT 1 ARM B
[10:10:19:287]	[RECV] _ACK
[10:10:23:459]	[RECV] _RDY
[10:10:23:460]	[OPER] ----- Result : Completed, Description : 
[10:10:23:572]	[OPER] ----- Pick, Arm : LowerArm, Location : PM1.CoreOutput, Slot : 0 -----
[10:10:23:576]	[SEND] GOTO N 15 R RE Z UP SLOT 1 ARM B
[10:10:23:655]	[RECV] _ACK
[10:10:24:640]	[RECV] _RDY
[10:10:24:642]	[OPER] ----- Result : Completed, Description : 
[10:10:24:660]	[OPER] ----- Place, Arm : LowerArm, Location : LP5, Slot : 11 -----
[10:10:24:664]	[SEND] GOTO N 11 R RE Z UP SLOT 12 ARM B
[10:10:24:745]	[RECV] _ACK
[10:10:29:339]	[RECV] _RDY
[10:10:29:340]	[OPER] ----- Result : Completed, Description : 
[10:10:29:357]	[OPER] ----- Pick, Arm : UpperArm, Location : LP5, Slot : 12 -----
[10:10:29:361]	[SEND] GOTO N 11 R RE Z UP SLOT 13 ARM A
[10:10:29:440]	[RECV] _ACK
[10:10:31:357]	[RECV] _RDY
[10:10:31:359]	[OPER] ----- Result : Completed, Description : 
[10:10:31:493]	[OPER] ----- ApproachForPlace, Arm : UpperArm, Location : PM1.CoreInput, Slot : 0 -----
[10:10:31:495]	[SEND] GOTO N 14 R RE Z UP SLOT 1 ARM A
[10:10:31:574]	[RECV] _ACK
[10:10:36:168]	[RECV] _RDY
[10:10:36:168]	[OPER] ----- Result : Completed, Description : 
[10:10:36:293]	[OPER] ----- Place, Arm : UpperArm, Location : PM1.CoreInput, Slot : 12 -----
[10:10:36:297]	[SEND] GOTO N 14 R RE Z UP SLOT 1 ARM A
[10:10:36:390]	[RECV] _ACK
[10:10:36:391]	[RECV] _RDY
[10:10:36:392]	[OPER] ----- Result : Completed, Description : 
[10:10:41:522]	[OPER] ----- ApproachForPick, Arm : LowerArm, Location : PM1.CoreOutput, Slot : 0 -----
[10:10:41:524]	[SEND] GOTO N 15 R RE Z DN SLOT 1 ARM B
[10:10:41:602]	[RECV] _ACK
[10:10:45:774]	[RECV] _RDY
[10:10:45:774]	[OPER] ----- Result : Completed, Description : 
[10:10:45:898]	[OPER] ----- Pick, Arm : LowerArm, Location : PM1.CoreOutput, Slot : 0 -----
[10:10:45:902]	[SEND] GOTO N 15 R RE Z UP SLOT 1 ARM B
[10:10:45:980]	[RECV] _ACK
[10:10:46:966]	[RECV] _RDY
[10:10:46:967]	[OPER] ----- Result : Completed, Description : 
[10:10:46:984]	[OPER] ----- Place, Arm : LowerArm, Location : LP5, Slot : 12 -----
[10:10:46:988]	[SEND] GOTO N 11 R RE Z UP SLOT 13 ARM B
[10:10:47:065]	[RECV] _ACK
[10:10:51:661]	[RECV] _RDY
[10:10:51:661]	[OPER] ----- Result : Completed, Description : 
[10:10:51:676]	[OPER] ----- Pick, Arm : UpperArm, Location : LP4, Slot : 1 -----
[10:10:51:680]	[SEND] GOTO N 10 R RE Z UP SLOT 2 ARM A
[10:10:51:759]	[RECV] _ACK
[10:10:54:591]	[RECV] _RDY
[10:10:54:592]	[OPER] ----- Result : Completed, Description : 
[10:10:54:717]	[OPER] ----- ApproachForPlace, Arm : UpperArm, Location : PM1.SortInput, Slot : 0 -----
[10:10:54:719]	[SEND] GOTO N 13 R RE Z UP SLOT 1 ARM A
[10:10:54:798]	[RECV] _ACK
[10:10:59:393]	[RECV] _RDY
[10:10:59:394]	[OPER] ----- Result : Completed, Description : 
[10:10:59:508]	[OPER] ----- Place, Arm : UpperArm, Location : PM1.SortInput, Slot : 1 -----
[10:10:59:512]	[SEND] GOTO N 13 R RE Z UP SLOT 1 ARM A
[10:10:59:604]	[RECV] _ACK
[10:10:59:605]	[RECV] _RDY
[10:10:59:606]	[OPER] ----- Result : Completed, Description : 
[10:11:04:736]	[OPER] ----- ApproachForPick, Arm : LowerArm, Location : PM1.SortOutput, Slot : 0 -----
[10:11:04:738]	[SEND] GOTO N 16 R RE Z DN SLOT 1 ARM B
[10:11:04:816]	[RECV] _ACK
[10:11:10:732]	[RECV] _RDY
[10:11:10:734]	[OPER] ----- Result : Completed, Description : 
[10:11:10:845]	[OPER] ----- Pick, Arm : LowerArm, Location : PM1.SortOutput, Slot : 0 -----
[10:11:10:849]	[SEND] GOTO N 16 R RE Z UP SLOT 1 ARM B
[10:11:10:927]	[RECV] _ACK
[10:11:12:118]	[RECV] _RDY
[10:11:12:118]	[OPER] ----- Result : Completed, Description : 
[10:11:12:136]	[OPER] ----- Place, Arm : LowerArm, Location : LP3, Slot : 1 -----
[10:11:12:141]	[SEND] GOTO N 9 R RE Z UP SLOT 2 ARM B
[10:11:12:219]	[RECV] _ACK
[10:11:16:814]	[RECV] _RDY
[10:11:16:815]	[OPER] ----- Result : Completed, Description : 
[10:11:16:831]	[OPER] ----- Pick, Arm : UpperArm, Location : LP4, Slot : 2 -----
[10:11:16:835]	[SEND] GOTO N 10 R RE Z UP SLOT 3 ARM A
[10:11:16:914]	[RECV] _ACK
[10:11:19:034]	[RECV] _RDY
[10:11:19:034]	[OPER] ----- Result : Completed, Description : 
[10:11:19:161]	[OPER] ----- ApproachForPlace, Arm : UpperArm, Location : PM1.SortInput, Slot : 0 -----
[10:11:19:163]	[SEND] GOTO N 13 R RE Z UP SLOT 1 ARM A
[10:11:19:241]	[RECV] _ACK
[10:11:23:836]	[RECV] _RDY
[10:11:23:837]	[OPER] ----- Result : Completed, Description : 
[10:11:23:948]	[OPER] ----- Place, Arm : UpperArm, Location : PM1.SortInput, Slot : 2 -----
[10:11:23:952]	[SEND] GOTO N 13 R RE Z UP SLOT 1 ARM A
[10:11:24:044]	[RECV] _ACK
[10:11:24:045]	[RECV] _RDY
[10:11:24:047]	[OPER] ----- Result : Completed, Description : 
[10:11:29:175]	[OPER] ----- ApproachForPick, Arm : LowerArm, Location : PM1.SortOutput, Slot : 0 -----
[10:11:29:177]	[SEND] GOTO N 16 R RE Z DN SLOT 1 ARM B
[10:11:29:254]	[RECV] _ACK
[10:11:35:175]	[RECV] _RDY
[10:11:35:176]	[OPER] ----- Result : Completed, Description : 
[10:11:35:288]	[OPER] ----- Pick, Arm : LowerArm, Location : PM1.SortOutput, Slot : 0 -----
[10:11:35:292]	[SEND] GOTO N 16 R RE Z UP SLOT 1 ARM B
[10:11:35:369]	[RECV] _ACK
[10:11:36:560]	[RECV] _RDY
[10:11:36:562]	[OPER] ----- Result : Completed, Description : 
[10:11:36:579]	[OPER] ----- Place, Arm : LowerArm, Location : LP3, Slot : 2 -----
[10:11:36:583]	[SEND] GOTO N 9 R RE Z UP SLOT 3 ARM B
[10:11:36:660]	[RECV] _ACK
[10:11:41:254]	[RECV] _RDY
[10:11:41:255]	[OPER] ----- Result : Completed, Description : 
[10:11:41:270]	[OPER] ----- Pick, Arm : UpperArm, Location : LP5, Slot : 1 -----
[10:11:41:275]	[SEND] GOTO N 11 R RE Z UP SLOT 2 ARM A
[10:11:41:354]	[RECV] _ACK
[10:11:44:594]	[RECV] _RDY
[10:11:44:595]	[OPER] ----- Result : Completed, Description : 
[10:11:44:724]	[OPER] ----- ApproachForPlace, Arm : UpperArm, Location : PM1.CoreInput, Slot : 0 -----
[10:11:44:726]	[SEND] GOTO N 14 R RE Z UP SLOT 1 ARM A
[10:11:44:805]	[RECV] _ACK
[10:11:49:401]	[RECV] _RDY
[10:11:49:402]	[OPER] ----- Result : Completed, Description : 
[10:11:49:518]	[OPER] ----- Place, Arm : UpperArm, Location : PM1.CoreInput, Slot : 1 -----
[10:11:49:522]	[SEND] GOTO N 14 R RE Z UP SLOT 1 ARM A
[10:11:49:614]	[RECV] _ACK
[10:11:49:615]	[RECV] _RDY
[10:11:49:615]	[OPER] ----- Result : Completed, Description : 
[10:11:54:739]	[OPER] ----- ApproachForPick, Arm : LowerArm, Location : PM1.CoreOutput, Slot : 0 -----
[10:11:54:741]	[SEND] GOTO N 15 R RE Z DN SLOT 1 ARM B
[10:11:54:819]	[RECV] _ACK
[10:11:58:993]	[RECV] _RDY
[10:11:58:995]	[OPER] ----- Result : Completed, Description : 
[10:11:59:113]	[OPER] ----- Pick, Arm : LowerArm, Location : PM1.CoreOutput, Slot : 0 -----
[10:11:59:117]	[SEND] GOTO N 15 R RE Z UP SLOT 1 ARM B
[10:11:59:194]	[RECV] _ACK
[10:12:00:180]	[RECV] _RDY
[10:12:00:182]	[OPER] ----- Result : Completed, Description : 
[10:12:00:202]	[OPER] ----- Place, Arm : LowerArm, Location : LP5, Slot : 1 -----
[10:12:00:206]	[SEND] GOTO N 11 R RE Z UP SLOT 2 ARM B
[10:12:00:283]	[RECV] _ACK
[10:12:04:878]	[RECV] _RDY
[10:12:04:878]	[OPER] ----- Result : Completed, Description : 
[10:12:04:894]	[OPER] ----- Pick, Arm : UpperArm, Location : LP4, Slot : 3 -----
[10:12:04:898]	[SEND] GOTO N 10 R RE Z UP SLOT 4 ARM A
[10:12:04:977]	[RECV] _ACK
[10:12:07:175]	[RECV] _RDY
[10:12:07:176]	[OPER] ----- Result : Completed, Description : 
[10:12:07:311]	[OPER] ----- ApproachForPlace, Arm : UpperArm, Location : PM1.SortInput, Slot : 0 -----
[10:12:07:313]	[SEND] GOTO N 13 R RE Z UP SLOT 1 ARM A
[10:12:07:390]	[RECV] _ACK
[10:12:11:984]	[RECV] _RDY
[10:12:11:985]	[OPER] ----- Result : Completed, Description : 
[10:12:12:103]	[OPER] ----- Place, Arm : UpperArm, Location : PM1.SortInput, Slot : 3 -----
[10:12:12:107]	[SEND] GOTO N 13 R RE Z UP SLOT 1 ARM A
[10:12:12:199]	[RECV] _ACK
[10:12:12:200]	[RECV] _RDY
[10:12:12:201]	[OPER] ----- Result : Completed, Description : 
[10:12:17:322]	[OPER] ----- ApproachForPick, Arm : LowerArm, Location : PM1.SortOutput, Slot : 0 -----
[10:12:17:324]	[SEND] GOTO N 16 R RE Z DN SLOT 1 ARM B
[10:12:17:403]	[RECV] _ACK
[10:12:23:320]	[RECV] _RDY
[10:12:23:322]	[OPER] ----- Result : Completed, Description : 
[10:12:23:438]	[OPER] ----- Pick, Arm : LowerArm, Location : PM1.SortOutput, Slot : 0 -----
[10:12:23:442]	[SEND] GOTO N 16 R RE Z UP SLOT 1 ARM B
[10:12:23:520]	[RECV] _ACK
[10:12:24:710]	[RECV] _RDY
[10:12:24:710]	[OPER] ----- Result : Completed, Description : 
[10:12:24:728]	[OPER] ----- Place, Arm : LowerArm, Location : LP3, Slot : 3 -----
[10:12:24:732]	[SEND] GOTO N 9 R RE Z UP SLOT 4 ARM B
[10:12:24:810]	[RECV] _ACK
[10:12:29:403]	[RECV] _RDY
[10:12:29:403]	[OPER] ----- Result : Completed, Description : 
[10:12:29:418]	[OPER] ----- Pick, Arm : UpperArm, Location : LP5, Slot : 2 -----
[10:12:29:423]	[SEND] GOTO N 11 R RE Z UP SLOT 3 ARM A
[10:12:29:502]	[RECV] _ACK
[10:12:32:743]	[RECV] _RDY
[10:12:32:745]	[OPER] ----- Result : Completed, Description : 
[10:12:32:878]	[OPER] ----- ApproachForPlace, Arm : UpperArm, Location : PM1.CoreInput, Slot : 0 -----
[10:12:32:880]	[SEND] GOTO N 14 R RE Z UP SLOT 1 ARM A
[10:12:32:958]	[RECV] _ACK
[10:12:37:553]	[RECV] _RDY
[10:12:37:554]	[OPER] ----- Result : Completed, Description : 
[10:12:37:664]	[OPER] ----- Place, Arm : UpperArm, Location : PM1.CoreInput, Slot : 2 -----
[10:12:37:668]	[SEND] GOTO N 14 R RE Z UP SLOT 1 ARM A
[10:12:37:761]	[RECV] _ACK
[10:12:37:763]	[RECV] _RDY
[10:12:37:764]	[OPER] ----- Result : Completed, Description : 
[10:12:42:890]	[OPER] ----- ApproachForPick, Arm : LowerArm, Location : PM1.CoreOutput, Slot : 0 -----
[10:12:42:892]	[SEND] GOTO N 15 R RE Z DN SLOT 1 ARM B
[10:12:42:970]	[RECV] _ACK
[10:12:47:141]	[RECV] _RDY
[10:12:47:142]	[OPER] ----- Result : Completed, Description : 
[10:12:47:263]	[OPER] ----- Pick, Arm : LowerArm, Location : PM1.CoreOutput, Slot : 0 -----
[10:12:47:268]	[SEND] GOTO N 15 R RE Z UP SLOT 1 ARM B
[10:12:47:345]	[RECV] _ACK
[10:12:48:331]	[RECV] _RDY
[10:12:48:331]	[OPER] ----- Result : Completed, Description : 
[10:12:48:348]	[OPER] ----- Place, Arm : LowerArm, Location : LP5, Slot : 2 -----
[10:12:48:352]	[SEND] GOTO N 11 R RE Z UP SLOT 3 ARM B
[10:12:48:430]	[RECV] _ACK
[10:12:53:025]	[RECV] _RDY
[10:12:53:025]	[OPER] ----- Result : Completed, Description : 
[10:12:53:042]	[OPER] ----- Pick, Arm : UpperArm, Location : LP4, Slot : 4 -----
[10:12:53:047]	[SEND] GOTO N 10 R RE Z UP SLOT 5 ARM A
[10:12:53:125]	[RECV] _ACK
[10:12:55:322]	[RECV] _RDY
[10:12:55:322]	[OPER] ----- Result : Completed, Description : 
[10:12:55:451]	[OPER] ----- ApproachForPlace, Arm : UpperArm, Location : PM1.SortInput, Slot : 0 -----
[10:12:55:453]	[SEND] GOTO N 13 R RE Z UP SLOT 1 ARM A
[10:12:55:531]	[RECV] _ACK
[10:13:00:125]	[RECV] _RDY
[10:13:00:126]	[OPER] ----- Result : Completed, Description : 
[10:13:00:235]	[OPER] ----- Place, Arm : UpperArm, Location : PM1.SortInput, Slot : 4 -----
[10:13:00:239]	[SEND] GOTO N 13 R RE Z UP SLOT 1 ARM A
[10:13:00:332]	[RECV] _ACK
[10:13:00:333]	[RECV] _RDY
[10:13:00:333]	[OPER] ----- Result : Completed, Description : 
[10:13:05:456]	[OPER] ----- ApproachForPick, Arm : LowerArm, Location : PM1.SortOutput, Slot : 0 -----
[10:13:05:458]	[SEND] GOTO N 16 R RE Z DN SLOT 1 ARM B
[10:13:05:538]	[RECV] _ACK
[10:13:11:456]	[RECV] _RDY
[10:13:11:457]	[OPER] ----- Result : Completed, Description : 
[10:13:11:578]	[OPER] ----- Pick, Arm : LowerArm, Location : PM1.SortOutput, Slot : 0 -----
[10:13:11:582]	[SEND] GOTO N 16 R RE Z UP SLOT 1 ARM B
[10:13:11:659]	[RECV] _ACK
[10:13:12:849]	[RECV] _RDY
[10:13:12:850]	[OPER] ----- Result : Completed, Description : 
[10:13:12:867]	[OPER] ----- Place, Arm : LowerArm, Location : LP3, Slot : 4 -----
[10:13:12:871]	[SEND] GOTO N 9 R RE Z UP SLOT 5 ARM B
[10:13:12:949]	[RECV] _ACK
[10:13:17:544]	[RECV] _RDY
[10:13:17:544]	[OPER] ----- Result : Completed, Description : 
[10:13:17:561]	[OPER] ----- Pick, Arm : UpperArm, Location : LP5, Slot : 3 -----
[10:13:17:565]	[SEND] GOTO N 11 R RE Z UP SLOT 4 ARM A
[10:13:17:643]	[RECV] _ACK
[10:13:20:881]	[RECV] _RDY
[10:13:20:882]	[OPER] ----- Result : Completed, Description : 
[10:13:21:014]	[OPER] ----- ApproachForPlace, Arm : UpperArm, Location : PM1.CoreInput, Slot : 0 -----
[10:13:21:016]	[SEND] GOTO N 14 R RE Z UP SLOT 1 ARM A
[10:13:21:095]	[RECV] _ACK
[10:13:25:689]	[RECV] _RDY
[10:13:25:689]	[OPER] ----- Result : Completed, Description : 
[10:13:25:809]	[OPER] ----- Place, Arm : UpperArm, Location : PM1.CoreInput, Slot : 3 -----
[10:13:25:813]	[SEND] GOTO N 14 R RE Z UP SLOT 1 ARM A
[10:13:25:904]	[RECV] _ACK
[10:13:25:905]	[RECV] _RDY
[10:13:25:906]	[OPER] ----- Result : Completed, Description : 
[10:13:31:037]	[OPER] ----- ApproachForPick, Arm : LowerArm, Location : PM1.CoreOutput, Slot : 0 -----
[10:13:31:039]	[SEND] GOTO N 15 R RE Z DN SLOT 1 ARM B
[10:13:31:116]	[RECV] _ACK
[10:13:35:288]	[RECV] _RDY
[10:13:35:289]	[OPER] ----- Result : Completed, Description : 
[10:13:35:408]	[OPER] ----- Pick, Arm : LowerArm, Location : PM1.CoreOutput, Slot : 0 -----
[10:13:35:412]	[SEND] GOTO N 15 R RE Z UP SLOT 1 ARM B
[10:13:35:490]	[RECV] _ACK
[10:13:36:476]	[RECV] _RDY
[10:13:36:476]	[OPER] ----- Result : Completed, Description : 
[10:13:36:494]	[OPER] ----- Place, Arm : LowerArm, Location : LP5, Slot : 3 -----
[10:13:36:498]	[SEND] GOTO N 11 R RE Z UP SLOT 4 ARM B
[10:13:36:576]	[RECV] _ACK
[10:13:41:168]	[RECV] _RDY
[10:13:41:170]	[OPER] ----- Result : Completed, Description : 
[10:13:41:186]	[OPER] ----- Pick, Arm : UpperArm, Location : LP4, Slot : 5 -----
[10:13:41:190]	[SEND] GOTO N 10 R RE Z UP SLOT 6 ARM A
[10:13:41:268]	[RECV] _ACK
[10:13:43:466]	[RECV] _RDY
[10:13:43:467]	[OPER] ----- Result : Completed, Description : 
[10:13:43:601]	[OPER] ----- ApproachForPlace, Arm : UpperArm, Location : PM1.SortInput, Slot : 0 -----
[10:13:43:603]	[SEND] GOTO N 13 R RE Z UP SLOT 1 ARM A
[10:13:43:680]	[RECV] _ACK
[10:13:48:275]	[RECV] _RDY
[10:13:48:276]	[OPER] ----- Result : Completed, Description : 
[10:13:48:386]	[OPER] ----- Place, Arm : UpperArm, Location : PM1.SortInput, Slot : 5 -----
[10:13:48:390]	[SEND] GOTO N 13 R RE Z UP SLOT 1 ARM A
[10:13:48:484]	[RECV] _ACK
[10:13:48:485]	[RECV] _RDY
[10:13:48:486]	[OPER] ----- Result : Completed, Description : 
[10:13:53:604]	[OPER] ----- ApproachForPick, Arm : LowerArm, Location : PM1.SortOutput, Slot : 0 -----
[10:13:53:606]	[SEND] GOTO N 16 R RE Z DN SLOT 1 ARM B
[10:13:53:684]	[RECV] _ACK
[10:13:59:603]	[RECV] _RDY
[10:13:59:603]	[OPER] ----- Result : Completed, Description : 
[10:13:59:726]	[OPER] ----- Pick, Arm : LowerArm, Location : PM1.SortOutput, Slot : 0 -----
[10:13:59:730]	[SEND] GOTO N 16 R RE Z UP SLOT 1 ARM B
[10:13:59:809]	[RECV] _ACK
[10:14:00:998]	[RECV] _RDY
[10:14:00:999]	[OPER] ----- Result : Completed, Description : 
[10:14:01:018]	[OPER] ----- Place, Arm : LowerArm, Location : LP3, Slot : 5 -----
[10:14:01:022]	[SEND] GOTO N 9 R RE Z UP SLOT 6 ARM B
[10:14:01:100]	[RECV] _ACK
[10:14:05:694]	[RECV] _RDY
[10:14:05:695]	[OPER] ----- Result : Completed, Description : 
[10:14:05:710]	[OPER] ----- Pick, Arm : UpperArm, Location : LP5, Slot : 4 -----
[10:14:05:714]	[SEND] GOTO N 11 R RE Z UP SLOT 5 ARM A
[10:14:05:794]	[RECV] _ACK
[10:14:09:030]	[RECV] _RDY
[10:14:09:031]	[OPER] ----- Result : Completed, Description : 
[10:14:09:162]	[OPER] ----- ApproachForPlace, Arm : UpperArm, Location : PM1.CoreInput, Slot : 0 -----
[10:14:09:164]	[SEND] GOTO N 14 R RE Z UP SLOT 1 ARM A
[10:14:09:241]	[RECV] _ACK
[10:14:13:836]	[RECV] _RDY
[10:14:13:838]	[OPER] ----- Result : Completed, Description : 
[10:14:13:954]	[OPER] ----- Place, Arm : UpperArm, Location : PM1.CoreInput, Slot : 4 -----
[10:14:13:959]	[SEND] GOTO N 14 R RE Z UP SLOT 1 ARM A
[10:14:14:050]	[RECV] _ACK
[10:14:14:051]	[RECV] _RDY
[10:14:14:051]	[OPER] ----- Result : Completed, Description : 
[10:14:19:181]	[OPER] ----- ApproachForPick, Arm : LowerArm, Location : PM1.CoreOutput, Slot : 0 -----
[10:14:19:184]	[SEND] GOTO N 15 R RE Z DN SLOT 1 ARM B
[10:14:19:262]	[RECV] _ACK
[10:14:23:436]	[RECV] _RDY
[10:14:23:438]	[OPER] ----- Result : Completed, Description : 
[10:14:23:551]	[OPER] ----- Pick, Arm : LowerArm, Location : PM1.CoreOutput, Slot : 0 -----
[10:14:23:555]	[SEND] GOTO N 15 R RE Z UP SLOT 1 ARM B
[10:14:23:634]	[RECV] _ACK
[10:14:24:618]	[RECV] _RDY
[10:14:24:618]	[OPER] ----- Result : Completed, Description : 
[10:14:24:635]	[OPER] ----- Place, Arm : LowerArm, Location : LP5, Slot : 4 -----
[10:14:24:639]	[SEND] GOTO N 11 R RE Z UP SLOT 5 ARM B
[10:14:24:718]	[RECV] _ACK
[10:14:29:313]	[RECV] _RDY
[10:14:29:315]	[OPER] ----- Result : Completed, Description : 
[10:14:29:331]	[OPER] ----- Pick, Arm : UpperArm, Location : LP4, Slot : 6 -----
[10:14:29:335]	[SEND] GOTO N 10 R RE Z UP SLOT 7 ARM A
[10:14:29:413]	[RECV] _ACK
[10:14:31:612]	[RECV] _RDY
[10:14:31:612]	[OPER] ----- Result : Completed, Description : 
[10:14:31:750]	[OPER] ----- ApproachForPlace, Arm : UpperArm, Location : PM1.SortInput, Slot : 0 -----
[10:14:31:752]	[SEND] GOTO N 13 R RE Z UP SLOT 1 ARM A
[10:14:31:831]	[RECV] _ACK
[10:14:36:426]	[RECV] _RDY
[10:14:36:427]	[OPER] ----- Result : Completed, Description : 
[10:14:36:545]	[OPER] ----- Place, Arm : UpperArm, Location : PM1.SortInput, Slot : 6 -----
[10:14:36:549]	[SEND] GOTO N 13 R RE Z UP SLOT 1 ARM A
[10:14:36:641]	[RECV] _ACK
[10:14:36:642]	[RECV] _RDY
[10:14:36:642]	[OPER] ----- Result : Completed, Description : 
[10:14:41:761]	[OPER] ----- ApproachForPick, Arm : LowerArm, Location : PM1.SortOutput, Slot : 0 -----
[10:14:41:764]	[SEND] GOTO N 16 R RE Z DN SLOT 1 ARM B
[10:14:41:841]	[RECV] _ACK
[10:14:47:760]	[RECV] _RDY
[10:14:47:761]	[OPER] ----- Result : Completed, Description : 
[10:14:47:876]	[OPER] ----- Pick, Arm : LowerArm, Location : PM1.SortOutput, Slot : 0 -----
[10:14:47:880]	[SEND] GOTO N 16 R RE Z UP SLOT 1 ARM B
[10:14:47:959]	[RECV] _ACK
[10:14:49:149]	[RECV] _RDY
[10:14:49:149]	[OPER] ----- Result : Completed, Description : 
[10:14:49:167]	[OPER] ----- Place, Arm : LowerArm, Location : LP3, Slot : 6 -----
[10:14:49:171]	[SEND] GOTO N 9 R RE Z UP SLOT 7 ARM B
[10:14:49:247]	[RECV] _ACK
[10:14:53:843]	[RECV] _RDY
[10:14:53:843]	[OPER] ----- Result : Completed, Description : 
[10:14:53:859]	[OPER] ----- Pick, Arm : UpperArm, Location : LP5, Slot : 5 -----
[10:14:53:863]	[SEND] GOTO N 11 R RE Z UP SLOT 6 ARM A
[10:14:53:943]	[RECV] _ACK
[10:14:57:180]	[RECV] _RDY
[10:14:57:182]	[OPER] ----- Result : Completed, Description : 
[10:14:57:314]	[OPER] ----- ApproachForPlace, Arm : UpperArm, Location : PM1.CoreInput, Slot : 0 -----
[10:14:57:316]	[SEND] GOTO N 14 R RE Z UP SLOT 1 ARM A
[10:14:57:395]	[RECV] _ACK
[10:15:01:989]	[RECV] _RDY
[10:15:01:989]	[OPER] ----- Result : Completed, Description : 
[10:15:02:108]	[OPER] ----- Place, Arm : UpperArm, Location : PM1.CoreInput, Slot : 5 -----
[10:15:02:112]	[SEND] GOTO N 14 R RE Z UP SLOT 1 ARM A
[10:15:02:204]	[RECV] _ACK
[10:15:02:205]	[RECV] _RDY
[10:15:02:206]	[OPER] ----- Result : Completed, Description : 
[10:15:07:338]	[OPER] ----- ApproachForPick, Arm : LowerArm, Location : PM1.CoreOutput, Slot : 0 -----
[10:15:07:340]	[SEND] GOTO N 15 R RE Z DN SLOT 1 ARM B
[10:15:07:418]	[RECV] _ACK
[10:15:11:591]	[RECV] _RDY
[10:15:11:591]	[OPER] ----- Result : Completed, Description : 
[10:15:11:712]	[OPER] ----- Pick, Arm : LowerArm, Location : PM1.CoreOutput, Slot : 0 -----
[10:15:11:716]	[SEND] GOTO N 15 R RE Z UP SLOT 1 ARM B
[10:15:11:795]	[RECV] _ACK
[10:15:12:780]	[RECV] _RDY
[10:15:12:782]	[OPER] ----- Result : Completed, Description : 
[10:15:12:799]	[OPER] ----- Place, Arm : LowerArm, Location : LP5, Slot : 5 -----
[10:15:12:803]	[SEND] GOTO N 11 R RE Z UP SLOT 6 ARM B
[10:15:12:882]	[RECV] _ACK
[10:15:17:475]	[RECV] _RDY
[10:15:17:476]	[OPER] ----- Result : Completed, Description : 
[10:15:17:491]	[OPER] ----- Pick, Arm : UpperArm, Location : LP4, Slot : 7 -----
[10:15:17:495]	[SEND] GOTO N 10 R RE Z UP SLOT 8 ARM A
[10:15:17:574]	[RECV] _ACK
[10:15:19:771]	[RECV] _RDY
[10:15:19:772]	[OPER] ----- Result : Completed, Description : 
[10:15:19:902]	[OPER] ----- ApproachForPlace, Arm : UpperArm, Location : PM1.SortInput, Slot : 0 -----
[10:15:19:904]	[SEND] GOTO N 13 R RE Z UP SLOT 1 ARM A
[10:15:19:982]	[RECV] _ACK
[10:15:24:578]	[RECV] _RDY
[10:15:24:579]	[OPER] ----- Result : Completed, Description : 
[10:15:24:697]	[OPER] ----- Place, Arm : UpperArm, Location : PM1.SortInput, Slot : 7 -----
[10:15:24:701]	[SEND] GOTO N 13 R RE Z UP SLOT 1 ARM A
[10:15:24:795]	[RECV] _ACK
[10:15:24:796]	[RECV] _RDY
[10:15:24:797]	[OPER] ----- Result : Completed, Description : 
[10:15:29:927]	[OPER] ----- ApproachForPick, Arm : LowerArm, Location : PM1.SortOutput, Slot : 0 -----
[10:15:29:929]	[SEND] GOTO N 16 R RE Z DN SLOT 1 ARM B
[10:15:30:008]	[RECV] _ACK
[10:15:35:926]	[RECV] _RDY
[10:15:35:927]	[OPER] ----- Result : Completed, Description : 
[10:15:36:039]	[OPER] ----- Pick, Arm : LowerArm, Location : PM1.SortOutput, Slot : 0 -----
[10:15:36:043]	[SEND] GOTO N 16 R RE Z UP SLOT 1 ARM B
[10:15:36:121]	[RECV] _ACK
[10:15:37:311]	[RECV] _RDY
[10:15:37:311]	[OPER] ----- Result : Completed, Description : 
[10:15:37:330]	[OPER] ----- Place, Arm : LowerArm, Location : LP3, Slot : 7 -----
[10:15:37:334]	[SEND] GOTO N 9 R RE Z UP SLOT 8 ARM B
[10:15:37:410]	[RECV] _ACK
[10:15:42:005]	[RECV] _RDY
[10:15:42:005]	[OPER] ----- Result : Completed, Description : 
[10:15:42:020]	[OPER] ----- Pick, Arm : UpperArm, Location : LP5, Slot : 6 -----
[10:15:42:024]	[SEND] GOTO N 11 R RE Z UP SLOT 7 ARM A
[10:15:42:102]	[RECV] _ACK
[10:15:45:342]	[RECV] _RDY
[10:15:45:343]	[OPER] ----- Result : Completed, Description : 
[10:15:45:482]	[OPER] ----- ApproachForPlace, Arm : UpperArm, Location : PM1.CoreInput, Slot : 0 -----
[10:15:45:484]	[SEND] GOTO N 14 R RE Z UP SLOT 1 ARM A
[10:15:45:564]	[RECV] _ACK
[10:15:50:156]	[RECV] _RDY
[10:15:50:157]	[OPER] ----- Result : Completed, Description : 
[10:15:50:270]	[OPER] ----- Place, Arm : UpperArm, Location : PM1.CoreInput, Slot : 6 -----
[10:15:50:274]	[SEND] GOTO N 14 R RE Z UP SLOT 1 ARM A
[10:15:50:366]	[RECV] _ACK
[10:15:50:367]	[RECV] _RDY
[10:15:50:368]	[OPER] ----- Result : Completed, Description : 
[10:15:55:483]	[OPER] ----- ApproachForPick, Arm : LowerArm, Location : PM1.CoreOutput, Slot : 0 -----
[10:15:55:485]	[SEND] GOTO N 15 R RE Z DN SLOT 1 ARM B
[10:15:55:564]	[RECV] _ACK
[10:15:59:741]	[RECV] _RDY
[10:15:59:743]	[OPER] ----- Result : Completed, Description : 
[10:15:59:851]	[OPER] ----- Pick, Arm : LowerArm, Location : PM1.CoreOutput, Slot : 0 -----
[10:15:59:855]	[SEND] GOTO N 15 R RE Z UP SLOT 1 ARM B
[10:15:59:933]	[RECV] _ACK
[10:16:00:919]	[RECV] _RDY
[10:16:00:920]	[OPER] ----- Result : Completed, Description : 
[10:16:00:938]	[OPER] ----- Place, Arm : LowerArm, Location : LP5, Slot : 6 -----
[10:16:00:943]	[SEND] GOTO N 11 R RE Z UP SLOT 7 ARM B
[10:16:01:022]	[RECV] _ACK
[10:16:05:616]	[RECV] _RDY
[10:16:05:617]	[OPER] ----- Result : Completed, Description : 
[10:16:05:633]	[OPER] ----- Pick, Arm : UpperArm, Location : LP4, Slot : 8 -----
[10:16:05:637]	[SEND] GOTO N 10 R RE Z UP SLOT 9 ARM A
[10:16:05:715]	[RECV] _ACK
[10:16:07:913]	[RECV] _RDY
[10:16:07:916]	[OPER] ----- Result : Completed, Description : 
[10:16:08:042]	[OPER] ----- ApproachForPlace, Arm : UpperArm, Location : PM1.SortInput, Slot : 0 -----
[10:16:08:044]	[SEND] GOTO N 13 R RE Z UP SLOT 1 ARM A
[10:16:08:121]	[RECV] _ACK
[10:16:12:716]	[RECV] _RDY
[10:16:12:717]	[OPER] ----- Result : Completed, Description : 
[10:16:12:838]	[OPER] ----- Place, Arm : UpperArm, Location : PM1.SortInput, Slot : 8 -----
[10:16:12:842]	[SEND] GOTO N 13 R RE Z UP SLOT 1 ARM A
[10:16:12:933]	[RECV] _ACK
[10:16:12:934]	[RECV] _RDY
[10:16:12:935]	[OPER] ----- Result : Completed, Description : 
[10:16:18:063]	[OPER] ----- ApproachForPick, Arm : LowerArm, Location : PM1.SortOutput, Slot : 0 -----
[10:16:18:066]	[SEND] GOTO N 16 R RE Z DN SLOT 1 ARM B
[10:16:18:144]	[RECV] _ACK
[10:16:24:063]	[RECV] _RDY
[10:16:24:063]	[OPER] ----- Result : Completed, Description : 
[10:16:24:179]	[OPER] ----- Pick, Arm : LowerArm, Location : PM1.SortOutput, Slot : 0 -----
[10:16:24:183]	[SEND] GOTO N 16 R RE Z UP SLOT 1 ARM B
[10:16:24:261]	[RECV] _ACK
[10:16:25:451]	[RECV] _RDY
[10:16:25:451]	[OPER] ----- Result : Completed, Description : 
[10:16:25:469]	[OPER] ----- Place, Arm : LowerArm, Location : LP3, Slot : 8 -----
[10:16:25:473]	[SEND] GOTO N 9 R RE Z UP SLOT 9 ARM B
[10:16:25:550]	[RECV] _ACK
[10:16:30:145]	[RECV] _RDY
[10:16:30:146]	[OPER] ----- Result : Completed, Description : 
[10:16:30:162]	[OPER] ----- Pick, Arm : UpperArm, Location : LP5, Slot : 7 -----
[10:16:30:166]	[SEND] GOTO N 11 R RE Z UP SLOT 8 ARM A
[10:16:30:244]	[RECV] _ACK
[10:16:33:482]	[RECV] _RDY
[10:16:33:482]	[OPER] ----- Result : Completed, Description : 
[10:16:33:607]	[OPER] ----- ApproachForPlace, Arm : UpperArm, Location : PM1.CoreInput, Slot : 0 -----
[10:16:33:609]	[SEND] GOTO N 14 R RE Z UP SLOT 1 ARM A
[10:16:33:687]	[RECV] _ACK
[10:16:38:282]	[RECV] _RDY
[10:16:38:283]	[OPER] ----- Result : Completed, Description : 
[10:16:38:403]	[OPER] ----- Place, Arm : UpperArm, Location : PM1.CoreInput, Slot : 7 -----
[10:16:38:407]	[SEND] GOTO N 14 R RE Z UP SLOT 1 ARM A
[10:16:38:500]	[RECV] _ACK
[10:16:38:501]	[RECV] _RDY
[10:16:38:501]	[OPER] ----- Result : Completed, Description : 
[10:16:43:618]	[OPER] ----- ApproachForPick, Arm : LowerArm, Location : PM1.CoreOutput, Slot : 0 -----
[10:16:43:621]	[SEND] GOTO N 15 R RE Z DN SLOT 1 ARM B
[10:16:43:700]	[RECV] _ACK
[10:16:47:874]	[RECV] _RDY
[10:16:47:875]	[OPER] ----- Result : Completed, Description : 
[10:16:47:985]	[OPER] ----- Pick, Arm : LowerArm, Location : PM1.CoreOutput, Slot : 0 -----
[10:16:47:989]	[SEND] GOTO N 15 R RE Z UP SLOT 1 ARM B
[10:16:48:067]	[RECV] _ACK
[10:16:49:052]	[RECV] _RDY
[10:16:49:053]	[OPER] ----- Result : Completed, Description : 
[10:16:49:071]	[OPER] ----- Place, Arm : LowerArm, Location : LP5, Slot : 7 -----
[10:16:49:075]	[SEND] GOTO N 11 R RE Z UP SLOT 8 ARM B
[10:16:49:153]	[RECV] _ACK
[10:16:53:746]	[RECV] _RDY
[10:16:53:747]	[OPER] ----- Result : Completed, Description : 
[10:16:53:762]	[OPER] ----- Pick, Arm : UpperArm, Location : LP4, Slot : 9 -----
[10:16:53:767]	[SEND] GOTO N 10 R RE Z UP SLOT 10 ARM A
[10:16:53:846]	[RECV] _ACK
[10:16:56:043]	[RECV] _RDY
[10:16:56:043]	[OPER] ----- Result : Completed, Description : 
[10:16:56:172]	[OPER] ----- ApproachForPlace, Arm : UpperArm, Location : PM1.SortInput, Slot : 0 -----
[10:16:56:174]	[SEND] GOTO N 13 R RE Z UP SLOT 1 ARM A
[10:16:56:253]	[RECV] _ACK
[10:17:00:845]	[RECV] _RDY
[10:17:00:847]	[OPER] ----- Result : Completed, Description : 
[10:17:00:957]	[OPER] ----- Place, Arm : UpperArm, Location : PM1.SortInput, Slot : 9 -----
[10:17:00:961]	[SEND] GOTO N 13 R RE Z UP SLOT 1 ARM A
[10:17:01:054]	[RECV] _ACK
[10:17:01:055]	[RECV] _RDY
[10:17:01:056]	[OPER] ----- Result : Completed, Description : 
[10:17:06:184]	[OPER] ----- ApproachForPick, Arm : LowerArm, Location : PM1.SortOutput, Slot : 0 -----
[10:17:06:186]	[SEND] GOTO N 16 R RE Z DN SLOT 1 ARM B
[10:17:06:264]	[RECV] _ACK
[10:17:12:183]	[RECV] _RDY
[10:17:12:185]	[OPER] ----- Result : Completed, Description : 
[10:17:12:311]	[OPER] ----- Pick, Arm : LowerArm, Location : PM1.SortOutput, Slot : 0 -----
[10:17:12:315]	[SEND] GOTO N 16 R RE Z UP SLOT 1 ARM B
[10:17:12:392]	[RECV] _ACK
[10:17:13:582]	[RECV] _RDY
[10:17:13:583]	[OPER] ----- Result : Completed, Description : 
[10:17:13:603]	[OPER] ----- Place, Arm : LowerArm, Location : LP3, Slot : 9 -----
[10:17:13:607]	[SEND] GOTO N 9 R RE Z UP SLOT 10 ARM B
[10:17:13:686]	[RECV] _ACK
[10:17:18:282]	[RECV] _RDY
[10:17:18:283]	[OPER] ----- Result : Completed, Description : 
[10:17:18:299]	[OPER] ----- Pick, Arm : UpperArm, Location : LP5, Slot : 8 -----
[10:17:18:303]	[SEND] GOTO N 11 R RE Z UP SLOT 9 ARM A
[10:17:18:380]	[RECV] _ACK
[10:17:21:621]	[RECV] _RDY
[10:17:21:622]	[OPER] ----- Result : Completed, Description : 
[10:17:21:747]	[OPER] ----- ApproachForPlace, Arm : UpperArm, Location : PM1.CoreInput, Slot : 0 -----
[10:17:21:749]	[SEND] GOTO N 14 R RE Z UP SLOT 1 ARM A
[10:17:21:827]	[RECV] _ACK
[10:17:26:423]	[RECV] _RDY
[10:17:26:423]	[OPER] ----- Result : Completed, Description : 
[10:17:26:541]	[OPER] ----- Place, Arm : UpperArm, Location : PM1.CoreInput, Slot : 8 -----
[10:17:26:545]	[SEND] GOTO N 14 R RE Z UP SLOT 1 ARM A
[10:17:26:639]	[RECV] _ACK
[10:17:26:640]	[RECV] _RDY
[10:17:26:641]	[OPER] ----- Result : Completed, Description : 
[10:17:31:761]	[OPER] ----- ApproachForPick, Arm : LowerArm, Location : PM1.CoreOutput, Slot : 0 -----
[10:17:31:763]	[SEND] GOTO N 15 R RE Z DN SLOT 1 ARM B
[10:17:31:842]	[RECV] _ACK
[10:17:36:013]	[RECV] _RDY
[10:17:36:013]	[OPER] ----- Result : Completed, Description : 
[10:17:36:129]	[OPER] ----- Pick, Arm : LowerArm, Location : PM1.CoreOutput, Slot : 0 -----
[10:17:36:133]	[SEND] GOTO N 15 R RE Z UP SLOT 1 ARM B
[10:17:36:211]	[RECV] _ACK
[10:17:37:196]	[RECV] _RDY
[10:17:37:197]	[OPER] ----- Result : Completed, Description : 
[10:17:37:214]	[OPER] ----- Place, Arm : LowerArm, Location : LP5, Slot : 8 -----
[10:17:37:218]	[SEND] GOTO N 11 R RE Z UP SLOT 9 ARM B
[10:17:37:297]	[RECV] _ACK
[10:17:41:891]	[RECV] _RDY
[10:17:41:892]	[OPER] ----- Result : Completed, Description : 
[10:17:41:908]	[OPER] ----- Pick, Arm : UpperArm, Location : LP4, Slot : 10 -----
[10:17:41:912]	[SEND] GOTO N 10 R RE Z UP SLOT 11 ARM A
[10:17:41:991]	[RECV] _ACK
[10:17:44:189]	[RECV] _RDY
[10:17:44:191]	[OPER] ----- Result : Completed, Description : 
[10:17:44:319]	[OPER] ----- ApproachForPlace, Arm : UpperArm, Location : PM1.SortInput, Slot : 0 -----
[10:17:44:322]	[SEND] GOTO N 13 R RE Z UP SLOT 1 ARM A
[10:17:44:402]	[RECV] _ACK
[10:17:48:995]	[RECV] _RDY
[10:17:48:995]	[OPER] ----- Result : Completed, Description : 
[10:17:49:111]	[OPER] ----- Place, Arm : UpperArm, Location : PM1.SortInput, Slot : 10 -----
[10:17:49:115]	[SEND] GOTO N 13 R RE Z UP SLOT 1 ARM A
[10:17:49:207]	[RECV] _ACK
[10:17:49:208]	[RECV] _RDY
[10:17:49:209]	[OPER] ----- Result : Completed, Description : 
[10:17:54:330]	[OPER] ----- ApproachForPick, Arm : LowerArm, Location : PM1.SortOutput, Slot : 0 -----
[10:17:54:333]	[SEND] GOTO N 16 R RE Z DN SLOT 1 ARM B
[10:17:54:412]	[RECV] _ACK
[10:18:00:330]	[RECV] _RDY
[10:18:00:330]	[OPER] ----- Result : Completed, Description : 
[10:18:00:441]	[OPER] ----- Pick, Arm : LowerArm, Location : PM1.SortOutput, Slot : 0 -----
[10:18:00:446]	[SEND] GOTO N 16 R RE Z UP SLOT 1 ARM B
[10:18:00:525]	[RECV] _ACK
[10:18:01:714]	[RECV] _RDY
[10:18:01:714]	[OPER] ----- Result : Completed, Description : 
[10:18:01:734]	[OPER] ----- Place, Arm : LowerArm, Location : LP3, Slot : 10 -----
[10:18:01:738]	[SEND] GOTO N 9 R RE Z UP SLOT 11 ARM B
[10:18:01:817]	[RECV] _ACK
[10:18:06:411]	[RECV] _RDY
[10:18:06:412]	[OPER] ----- Result : Completed, Description : 
[10:18:06:427]	[OPER] ----- Pick, Arm : UpperArm, Location : LP5, Slot : 9 -----
[10:18:06:431]	[SEND] GOTO N 11 R RE Z UP SLOT 10 ARM A
[10:18:06:511]	[RECV] _ACK
[10:18:09:750]	[RECV] _RDY
[10:18:09:751]	[OPER] ----- Result : Completed, Description : 
[10:18:09:880]	[OPER] ----- ApproachForPlace, Arm : UpperArm, Location : PM1.CoreInput, Slot : 0 -----
[10:18:09:882]	[SEND] GOTO N 14 R RE Z UP SLOT 1 ARM A
[10:18:09:960]	[RECV] _ACK
[10:18:14:554]	[RECV] _RDY
[10:18:14:554]	[OPER] ----- Result : Completed, Description : 
[10:18:14:668]	[OPER] ----- Place, Arm : UpperArm, Location : PM1.CoreInput, Slot : 9 -----
[10:18:14:672]	[SEND] GOTO N 14 R RE Z UP SLOT 1 ARM A
[10:18:14:764]	[RECV] _ACK
[10:18:14:765]	[RECV] _RDY
[10:18:14:767]	[OPER] ----- Result : Completed, Description : 
[10:18:19:900]	[OPER] ----- ApproachForPick, Arm : LowerArm, Location : PM1.CoreOutput, Slot : 0 -----
[10:18:19:902]	[SEND] GOTO N 15 R RE Z DN SLOT 1 ARM B
[10:18:19:981]	[RECV] _ACK
[10:18:24:154]	[RECV] _RDY
[10:18:24:155]	[OPER] ----- Result : Completed, Description : 
[10:18:24:277]	[OPER] ----- Pick, Arm : LowerArm, Location : PM1.CoreOutput, Slot : 0 -----
[10:18:24:282]	[SEND] GOTO N 15 R RE Z UP SLOT 1 ARM B
[10:18:24:360]	[RECV] _ACK
[10:18:25:343]	[RECV] _RDY
[10:18:25:344]	[OPER] ----- Result : Completed, Description : 
[10:18:25:362]	[OPER] ----- Place, Arm : LowerArm, Location : LP5, Slot : 9 -----
[10:18:25:366]	[SEND] GOTO N 11 R RE Z UP SLOT 10 ARM B
[10:18:25:445]	[RECV] _ACK
[10:18:30:040]	[RECV] _RDY
[10:18:30:040]	[OPER] ----- Result : Completed, Description : 
[10:18:30:055]	[OPER] ----- Pick, Arm : UpperArm, Location : LP4, Slot : 11 -----
[10:18:30:059]	[SEND] GOTO N 10 R RE Z UP SLOT 12 ARM A
[10:18:30:138]	[RECV] _ACK
[10:18:32:335]	[RECV] _RDY
[10:18:32:336]	[OPER] ----- Result : Completed, Description : 
[10:18:32:475]	[OPER] ----- ApproachForPlace, Arm : UpperArm, Location : PM1.SortInput, Slot : 0 -----
[10:18:32:477]	[SEND] GOTO N 13 R RE Z UP SLOT 1 ARM A
[10:18:32:556]	[RECV] _ACK
[10:18:37:151]	[RECV] _RDY
[10:18:37:152]	[OPER] ----- Result : Completed, Description : 
[10:18:37:265]	[OPER] ----- Place, Arm : UpperArm, Location : PM1.SortInput, Slot : 11 -----
[10:18:37:269]	[SEND] GOTO N 13 R RE Z UP SLOT 1 ARM A
[10:18:37:360]	[RECV] _ACK
[10:18:37:361]	[RECV] _RDY
[10:18:37:361]	[OPER] ----- Result : Completed, Description : 
[10:18:42:488]	[OPER] ----- ApproachForPick, Arm : LowerArm, Location : PM1.SortOutput, Slot : 0 -----
[10:18:42:491]	[SEND] GOTO N 16 R RE Z DN SLOT 1 ARM B
[10:18:42:569]	[RECV] _ACK
[10:18:48:487]	[RECV] _RDY
[10:18:48:487]	[OPER] ----- Result : Completed, Description : 
[10:18:48:611]	[OPER] ----- Pick, Arm : LowerArm, Location : PM1.SortOutput, Slot : 0 -----
[10:18:48:615]	[SEND] GOTO N 16 R RE Z UP SLOT 1 ARM B
[10:18:48:694]	[RECV] _ACK
[10:18:49:884]	[RECV] _RDY
[10:18:49:885]	[OPER] ----- Result : Completed, Description : 
[10:18:49:901]	[OPER] ----- Place, Arm : LowerArm, Location : LP3, Slot : 11 -----
[10:18:49:905]	[SEND] GOTO N 9 R RE Z UP SLOT 12 ARM B
[10:18:49:983]	[RECV] _ACK
[10:18:54:578]	[RECV] _RDY
[10:18:54:580]	[OPER] ----- Result : Completed, Description : 
[10:18:54:596]	[OPER] ----- Pick, Arm : UpperArm, Location : LP5, Slot : 10 -----
[10:18:54:600]	[SEND] GOTO N 11 R RE Z UP SLOT 11 ARM A
[10:18:54:679]	[RECV] _ACK
[10:18:57:918]	[RECV] _RDY
[10:18:57:920]	[OPER] ----- Result : Completed, Description : 
[10:18:58:061]	[OPER] ----- ApproachForPlace, Arm : UpperArm, Location : PM1.CoreInput, Slot : 0 -----
[10:18:58:063]	[SEND] GOTO N 14 R RE Z UP SLOT 1 ARM A
[10:18:58:139]	[RECV] _ACK
[10:19:02:735]	[RECV] _RDY
[10:19:02:735]	[OPER] ----- Result : Completed, Description : 
[10:19:02:851]	[OPER] ----- Place, Arm : UpperArm, Location : PM1.CoreInput, Slot : 10 -----
[10:19:02:855]	[SEND] GOTO N 14 R RE Z UP SLOT 1 ARM A
[10:19:02:947]	[RECV] _ACK
[10:19:02:948]	[RECV] _RDY
[10:19:02:949]	[OPER] ----- Result : Completed, Description : 
[10:19:08:084]	[OPER] ----- ApproachForPick, Arm : LowerArm, Location : PM1.CoreOutput, Slot : 0 -----
[10:19:08:086]	[SEND] GOTO N 15 R RE Z DN SLOT 1 ARM B
[10:19:08:164]	[RECV] _ACK
[10:19:12:345]	[RECV] _RDY
[10:19:12:346]	[OPER] ----- Result : Completed, Description : 
[10:19:12:465]	[OPER] ----- Pick, Arm : LowerArm, Location : PM1.CoreOutput, Slot : 0 -----
[10:19:12:469]	[SEND] GOTO N 15 R RE Z UP SLOT 1 ARM B
[10:19:12:546]	[RECV] _ACK
[10:19:13:532]	[RECV] _RDY
[10:19:13:532]	[OPER] ----- Result : Completed, Description : 
[10:19:13:550]	[OPER] ----- Place, Arm : LowerArm, Location : LP5, Slot : 10 -----
[10:19:13:554]	[SEND] GOTO N 11 R RE Z UP SLOT 11 ARM B
[10:19:13:633]	[RECV] _ACK
[10:19:18:229]	[RECV] _RDY
[10:19:18:230]	[OPER] ----- Result : Completed, Description : 
[10:19:18:245]	[OPER] ----- Pick, Arm : UpperArm, Location : LP4, Slot : 12 -----
[10:19:18:250]	[SEND] GOTO N 10 R RE Z UP SLOT 13 ARM A
[10:19:18:328]	[RECV] _ACK
[10:19:20:528]	[RECV] _RDY
[10:19:20:529]	[OPER] ----- Result : Completed, Description : 
[10:19:20:653]	[OPER] ----- ApproachForPlace, Arm : UpperArm, Location : PM1.SortInput, Slot : 0 -----
[10:19:20:655]	[SEND] GOTO N 13 R RE Z UP SLOT 1 ARM A
[10:19:20:733]	[RECV] _ACK
[10:19:25:329]	[RECV] _RDY
[10:19:25:331]	[OPER] ----- Result : Completed, Description : 
[10:19:25:453]	[OPER] ----- Place, Arm : UpperArm, Location : PM1.SortInput, Slot : 12 -----
[10:19:25:458]	[SEND] GOTO N 13 R RE Z UP SLOT 1 ARM A
[10:19:25:550]	[RECV] _ACK
[10:19:25:551]	[RECV] _RDY
[10:19:25:552]	[OPER] ----- Result : Completed, Description : 
[10:19:30:682]	[OPER] ----- ApproachForPick, Arm : LowerArm, Location : PM1.SortOutput, Slot : 0 -----
[10:19:30:684]	[SEND] GOTO N 16 R RE Z DN SLOT 1 ARM B
[10:19:30:763]	[RECV] _ACK
[10:19:36:682]	[RECV] _RDY
[10:19:36:684]	[OPER] ----- Result : Completed, Description : 
[10:19:36:798]	[OPER] ----- Pick, Arm : LowerArm, Location : PM1.SortOutput, Slot : 0 -----
[10:19:36:802]	[SEND] GOTO N 16 R RE Z UP SLOT 1 ARM B
[10:19:36:880]	[RECV] _ACK
[10:19:38:070]	[RECV] _RDY
[10:19:38:072]	[OPER] ----- Result : Completed, Description : 
[10:19:38:089]	[OPER] ----- Place, Arm : LowerArm, Location : LP3, Slot : 12 -----
[10:19:38:093]	[SEND] GOTO N 9 R RE Z UP SLOT 13 ARM B
[10:19:38:171]	[RECV] _ACK
[10:19:42:766]	[RECV] _RDY
[10:19:42:766]	[OPER] ----- Result : Completed, Description : 
[10:19:42:782]	[OPER] ----- Pick, Arm : UpperArm, Location : LP5, Slot : 11 -----
[10:19:42:786]	[SEND] GOTO N 11 R RE Z UP SLOT 12 ARM A
[10:19:42:866]	[RECV] _ACK
[10:19:46:103]	[RECV] _RDY
[10:19:46:103]	[OPER] ----- Result : Completed, Description : 
[10:19:46:238]	[OPER] ----- ApproachForPlace, Arm : UpperArm, Location : PM1.CoreInput, Slot : 0 -----
[10:19:46:240]	[SEND] GOTO N 14 R RE Z UP SLOT 1 ARM A
[10:19:46:320]	[RECV] _ACK
[10:19:50:913]	[RECV] _RDY
[10:19:50:914]	[OPER] ----- Result : Completed, Description : 
[10:19:51:039]	[OPER] ----- Place, Arm : UpperArm, Location : PM1.CoreInput, Slot : 11 -----
[10:19:51:043]	[SEND] GOTO N 14 R RE Z UP SLOT 1 ARM A
[10:19:51:134]	[RECV] _ACK
[10:19:51:135]	[RECV] _RDY
[10:19:51:137]	[OPER] ----- Result : Completed, Description : 
[10:19:56:262]	[OPER] ----- ApproachForPick, Arm : LowerArm, Location : PM1.CoreOutput, Slot : 0 -----
[10:19:56:264]	[SEND] GOTO N 15 R RE Z DN SLOT 1 ARM B
[10:19:56:343]	[RECV] _ACK
[10:20:00:519]	[RECV] _RDY
[10:20:00:521]	[OPER] ----- Result : Completed, Description : 
[10:20:00:636]	[OPER] ----- Pick, Arm : LowerArm, Location : PM1.CoreOutput, Slot : 0 -----
[10:20:00:640]	[SEND] GOTO N 15 R RE Z UP SLOT 1 ARM B
[10:20:00:718]	[RECV] _ACK
[10:20:01:703]	[RECV] _RDY
[10:20:01:704]	[OPER] ----- Result : Completed, Description : 
[10:20:01:722]	[OPER] ----- Place, Arm : LowerArm, Location : LP5, Slot : 11 -----
[10:20:01:726]	[SEND] GOTO N 11 R RE Z UP SLOT 12 ARM B
[10:20:01:804]	[RECV] _ACK
[10:20:06:400]	[RECV] _RDY
[10:20:06:401]	[OPER] ----- Result : Completed, Description : 
[10:20:06:416]	[OPER] ----- Pick, Arm : UpperArm, Location : LP5, Slot : 12 -----
[10:20:06:421]	[SEND] GOTO N 11 R RE Z UP SLOT 13 ARM A
[10:20:06:500]	[RECV] _ACK
[10:20:08:418]	[RECV] _RDY
[10:20:08:419]	[OPER] ----- Result : Completed, Description : 
[10:20:08:544]	[OPER] ----- ApproachForPlace, Arm : UpperArm, Location : PM1.CoreInput, Slot : 0 -----
[10:20:08:546]	[SEND] GOTO N 14 R RE Z UP SLOT 1 ARM A
[10:20:08:624]	[RECV] _ACK
[10:20:13:221]	[RECV] _RDY
[10:20:13:222]	[OPER] ----- Result : Completed, Description : 
[10:20:13:340]	[OPER] ----- Place, Arm : UpperArm, Location : PM1.CoreInput, Slot : 12 -----
[10:20:13:344]	[SEND] GOTO N 14 R RE Z UP SLOT 1 ARM A
[10:20:13:435]	[RECV] _ACK
[10:20:13:436]	[RECV] _RDY
[10:20:13:437]	[OPER] ----- Result : Completed, Description : 
[10:20:18:559]	[OPER] ----- ApproachForPick, Arm : LowerArm, Location : PM1.CoreOutput, Slot : 0 -----
[10:20:18:561]	[SEND] GOTO N 15 R RE Z DN SLOT 1 ARM B
[10:20:18:639]	[RECV] _ACK
[10:20:22:815]	[RECV] _RDY
[10:20:22:815]	[OPER] ----- Result : Completed, Description : 
[10:20:22:939]	[OPER] ----- Pick, Arm : LowerArm, Location : PM1.CoreOutput, Slot : 0 -----
[10:20:22:943]	[SEND] GOTO N 15 R RE Z UP SLOT 1 ARM B
[10:20:23:022]	[RECV] _ACK
[10:20:24:007]	[RECV] _RDY
[10:20:24:007]	[OPER] ----- Result : Completed, Description : 
[10:20:24:024]	[OPER] ----- Place, Arm : LowerArm, Location : LP5, Slot : 12 -----
[10:20:24:028]	[SEND] GOTO N 11 R RE Z UP SLOT 13 ARM B
[10:20:24:106]	[RECV] _ACK
[10:20:28:701]	[RECV] _RDY
[10:20:28:703]	[OPER] ----- Result : Completed, Description : 
[10:20:28:719]	[OPER] ----- Pick, Arm : UpperArm, Location : LP4, Slot : 1 -----
[10:20:28:723]	[SEND] GOTO N 10 R RE Z UP SLOT 2 ARM A
[10:20:28:802]	[RECV] _ACK
[10:20:31:633]	[RECV] _RDY
[10:20:31:635]	[OPER] ----- Result : Completed, Description : 
[10:20:31:764]	[OPER] ----- ApproachForPlace, Arm : UpperArm, Location : PM1.SortInput, Slot : 0 -----
[10:20:31:766]	[SEND] GOTO N 13 R RE Z UP SLOT 1 ARM A
[10:20:31:845]	[RECV] _ACK
[10:20:36:438]	[RECV] _RDY
[10:20:36:440]	[OPER] ----- Result : Completed, Description : 
[10:20:36:561]	[OPER] ----- Place, Arm : UpperArm, Location : PM1.SortInput, Slot : 1 -----
[10:20:36:565]	[SEND] GOTO N 13 R RE Z UP SLOT 1 ARM A
[10:20:36:657]	[RECV] _ACK
[10:20:36:658]	[RECV] _RDY
[10:20:36:658]	[OPER] ----- Result : Completed, Description : 
[10:20:41:782]	[OPER] ----- ApproachForPick, Arm : LowerArm, Location : PM1.SortOutput, Slot : 0 -----
[10:20:41:784]	[SEND] GOTO N 16 R RE Z DN SLOT 1 ARM B
[10:20:41:863]	[RECV] _ACK
[10:20:47:782]	[RECV] _RDY
[10:20:47:783]	[OPER] ----- Result : Completed, Description : 
[10:20:47:898]	[OPER] ----- Pick, Arm : LowerArm, Location : PM1.SortOutput, Slot : 0 -----
[10:20:47:902]	[SEND] GOTO N 16 R RE Z UP SLOT 1 ARM B
[10:20:47:979]	[RECV] _ACK
[10:20:49:169]	[RECV] _RDY
[10:20:49:169]	[OPER] ----- Result : Completed, Description : 
[10:20:49:187]	[OPER] ----- Place, Arm : LowerArm, Location : LP3, Slot : 1 -----
[10:20:49:191]	[SEND] GOTO N 9 R RE Z UP SLOT 2 ARM B
[10:20:49:269]	[RECV] _ACK
[10:20:53:864]	[RECV] _RDY
[10:20:53:865]	[OPER] ----- Result : Completed, Description : 
[10:20:53:880]	[OPER] ----- Pick, Arm : UpperArm, Location : LP4, Slot : 2 -----
[10:20:53:885]	[SEND] GOTO N 10 R RE Z UP SLOT 3 ARM A
[10:20:53:964]	[RECV] _ACK
[10:20:56:082]	[RECV] _RDY
[10:20:56:084]	[OPER] ----- Result : Completed, Description : 
[10:20:56:211]	[OPER] ----- ApproachForPlace, Arm : UpperArm, Location : PM1.SortInput, Slot : 0 -----
[10:20:56:213]	[SEND] GOTO N 13 R RE Z UP SLOT 1 ARM A
[10:20:56:290]	[RECV] _ACK
[10:21:00:885]	[RECV] _RDY
[10:21:00:886]	[OPER] ----- Result : Completed, Description : 
[10:21:01:000]	[OPER] ----- Place, Arm : UpperArm, Location : PM1.SortInput, Slot : 2 -----
[10:21:01:005]	[SEND] GOTO N 13 R RE Z UP SLOT 1 ARM A
[10:21:01:096]	[RECV] _ACK
[10:21:01:097]	[RECV] _RDY
[10:21:01:098]	[OPER] ----- Result : Completed, Description : 
[10:21:06:231]	[OPER] ----- ApproachForPick, Arm : LowerArm, Location : PM1.SortOutput, Slot : 0 -----
[10:21:06:233]	[SEND] GOTO N 16 R RE Z DN SLOT 1 ARM B
[10:21:06:311]	[RECV] _ACK
[10:21:12:230]	[RECV] _RDY
[10:21:12:231]	[OPER] ----- Result : Completed, Description : 
[10:21:12:342]	[OPER] ----- Pick, Arm : LowerArm, Location : PM1.SortOutput, Slot : 0 -----
[10:21:12:346]	[SEND] GOTO N 16 R RE Z UP SLOT 1 ARM B
[10:21:12:424]	[RECV] _ACK
[10:21:13:614]	[RECV] _RDY
[10:21:13:615]	[OPER] ----- Result : Completed, Description : 
[10:21:13:632]	[OPER] ----- Place, Arm : LowerArm, Location : LP3, Slot : 2 -----
[10:21:13:636]	[SEND] GOTO N 9 R RE Z UP SLOT 3 ARM B
[10:21:13:713]	[RECV] _ACK
[10:21:18:307]	[RECV] _RDY
[10:21:18:308]	[OPER] ----- Result : Completed, Description : 
[10:21:18:324]	[OPER] ----- Pick, Arm : UpperArm, Location : LP5, Slot : 1 -----
[10:21:18:328]	[SEND] GOTO N 11 R RE Z UP SLOT 2 ARM A
[10:21:18:406]	[RECV] _ACK
[10:21:21:643]	[RECV] _RDY
[10:21:21:644]	[OPER] ----- Result : Completed, Description : 
[10:21:21:769]	[OPER] ----- ApproachForPlace, Arm : UpperArm, Location : PM1.CoreInput, Slot : 0 -----
[10:21:21:771]	[SEND] GOTO N 14 R RE Z UP SLOT 1 ARM A
[10:21:21:850]	[RECV] _ACK
[10:21:26:445]	[RECV] _RDY
[10:21:26:446]	[OPER] ----- Result : Completed, Description : 
[10:21:26:569]	[OPER] ----- Place, Arm : UpperArm, Location : PM1.CoreInput, Slot : 1 -----
[10:21:26:573]	[SEND] GOTO N 14 R RE Z UP SLOT 1 ARM A
[10:21:26:666]	[RECV] _ACK
[10:21:26:667]	[RECV] _RDY
[10:21:26:667]	[OPER] ----- Result : Completed, Description : 
[10:21:31:788]	[OPER] ----- ApproachForPick, Arm : LowerArm, Location : PM1.CoreOutput, Slot : 0 -----
[10:21:31:790]	[SEND] GOTO N 15 R RE Z DN SLOT 1 ARM B
[10:21:31:870]	[RECV] _ACK
[10:21:36:042]	[RECV] _RDY
[10:21:36:043]	[OPER] ----- Result : Completed, Description : 
[10:21:36:160]	[OPER] ----- Pick, Arm : LowerArm, Location : PM1.CoreOutput, Slot : 0 -----
[10:21:36:165]	[SEND] GOTO N 15 R RE Z UP SLOT 1 ARM B
[10:21:36:242]	[RECV] _ACK
[10:21:37:227]	[RECV] _RDY
[10:21:37:228]	[OPER] ----- Result : Completed, Description : 
[10:21:37:245]	[OPER] ----- Place, Arm : LowerArm, Location : LP5, Slot : 1 -----
[10:21:37:249]	[SEND] GOTO N 11 R RE Z UP SLOT 2 ARM B
[10:21:37:328]	[RECV] _ACK
[10:21:41:921]	[RECV] _RDY
[10:21:41:921]	[OPER] ----- Result : Completed, Description : 
[10:21:41:937]	[OPER] ----- Pick, Arm : UpperArm, Location : LP4, Slot : 3 -----
[10:21:41:941]	[SEND] GOTO N 10 R RE Z UP SLOT 4 ARM A
[10:21:42:019]	[RECV] _ACK
[10:21:44:217]	[RECV] _RDY
[10:21:44:217]	[OPER] ----- Result : Completed, Description : 
[10:21:44:342]	[OPER] ----- ApproachForPlace, Arm : UpperArm, Location : PM1.SortInput, Slot : 0 -----
[10:21:44:344]	[SEND] GOTO N 13 R RE Z UP SLOT 1 ARM A
[10:21:44:422]	[RECV] _ACK
[10:21:49:017]	[RECV] _RDY
[10:21:49:017]	[OPER] ----- Result : Completed, Description : 
[10:21:49:137]	[OPER] ----- Place, Arm : UpperArm, Location : PM1.SortInput, Slot : 3 -----
[10:21:49:141]	[SEND] GOTO N 13 R RE Z UP SLOT 1 ARM A
[10:21:49:234]	[RECV] _ACK
[10:21:49:236]	[RECV] _RDY
[10:21:49:236]	[OPER] ----- Result : Completed, Description : 
[10:21:54:366]	[OPER] ----- ApproachForPick, Arm : LowerArm, Location : PM1.SortOutput, Slot : 0 -----
[10:21:54:368]	[SEND] GOTO N 16 R RE Z DN SLOT 1 ARM B
[10:21:54:446]	[RECV] _ACK
[10:22:00:364]	[RECV] _RDY
[10:22:00:364]	[OPER] ----- Result : Completed, Description : 
[10:22:00:486]	[OPER] ----- Pick, Arm : LowerArm, Location : PM1.SortOutput, Slot : 0 -----
[10:22:00:490]	[SEND] GOTO N 16 R RE Z UP SLOT 1 ARM B
[10:22:00:567]	[RECV] _ACK
[10:22:01:757]	[RECV] _RDY
[10:22:01:759]	[OPER] ----- Result : Completed, Description : 
[10:22:01:776]	[OPER] ----- Place, Arm : LowerArm, Location : LP3, Slot : 3 -----
[10:22:01:782]	[SEND] GOTO N 9 R RE Z UP SLOT 4 ARM B
[10:22:01:860]	[RECV] _ACK
[10:22:06:454]	[RECV] _RDY
[10:22:06:456]	[OPER] ----- Result : Completed, Description : 
[10:22:06:473]	[OPER] ----- Pick, Arm : UpperArm, Location : LP5, Slot : 2 -----
[10:22:06:477]	[SEND] GOTO N 11 R RE Z UP SLOT 3 ARM A
[10:22:06:554]	[RECV] _ACK
[10:22:09:794]	[RECV] _RDY
[10:22:09:795]	[OPER] ----- Result : Completed, Description : 
[10:22:09:930]	[OPER] ----- ApproachForPlace, Arm : UpperArm, Location : PM1.CoreInput, Slot : 0 -----
[10:22:09:932]	[SEND] GOTO N 14 R RE Z UP SLOT 1 ARM A
[10:22:10:010]	[RECV] _ACK
[10:22:14:605]	[RECV] _RDY
[10:22:14:606]	[OPER] ----- Result : Completed, Description : 
[10:22:14:716]	[OPER] ----- Place, Arm : UpperArm, Location : PM1.CoreInput, Slot : 2 -----
[10:22:14:720]	[SEND] GOTO N 14 R RE Z UP SLOT 1 ARM A
[10:22:14:813]	[RECV] _ACK
[10:22:14:814]	[RECV] _RDY
[10:22:14:814]	[OPER] ----- Result : Completed, Description : 
[10:29:03:650]	[RECV] _ERR 00009
[20:53:44:523]	[OPER] ----- Initialize -----
[20:53:44:526]	[SEND] CLEAR
[20:53:44:577]	[RECV] _ACK
[20:53:45:717]	[RECV] _RDY
[20:53:45:726]	[SEND] HOME ALL
[20:53:45:779]	[RECV] _ACK
[20:54:15:460]	[RECV] _RDY
[20:54:15:462]	[OPER] ----- Result : Completed, Description : 
[20:56:20:374]	[OPER] ----- Initialize -----
[20:56:20:377]	[SEND] CLEAR
[20:56:20:432]	[RECV] _ACK
[20:56:21:552]	[RECV] _RDY
[20:56:21:561]	[SEND] HOME ALL
[20:56:21:614]	[RECV] _ACK
[20:56:32:814]	[RECV] _RDY
[20:56:32:816]	[OPER] ----- Result : Completed, Description : 
[20:57:24:788]	[RECV] _ERR 00009
[21:05:34:450]	[OPER] ----- Initialize -----
[21:05:34:454]	[SEND] CLEAR
[21:05:34:508]	[RECV] _ACK
[21:05:35:162]	[RECV] _ERR 00009
[21:05:35:168]	[OPER] ----- Result : Error, Description : 00009
[21:05:41:326]	[OPER] ----- Initialize -----
[21:05:41:326]	[SEND] CLEAR
[21:05:41:378]	[RECV] _ACK
[21:05:42:034]	[RECV] _ERR 00009
[21:05:42:036]	[OPER] ----- Result : Error, Description : 00009
[21:05:54:814]	[OPER] ----- Initialize -----
[21:05:54:814]	[SEND] CLEAR
[21:05:54:866]	[RECV] _ACK
[21:05:56:002]	[RECV] _RDY
[21:05:56:008]	[SEND] HOME ALL
[21:05:56:062]	[RECV] _ACK
[21:06:07:219]	[RECV] _RDY
[21:06:07:221]	[OPER] ----- Result : Completed, Description : 
[21:06:32:221]	[RECV] _ERR 00009
[21:07:17:250]	[OPER] ----- Initialize -----
[21:07:17:250]	[SEND] CLEAR
[21:07:17:302]	[RECV] _ACK
[21:07:18:428]	[RECV] _RDY
[21:07:18:433]	[SEND] HOME ALL
[21:07:18:485]	[RECV] _ACK
[21:07:29:611]	[RECV] _RDY
[21:07:29:612]	[OPER] ----- Result : Completed, Description : 
[21:08:39:908]	[OPER] ----- Initialize -----
[21:08:39:908]	[SEND] CLEAR
[21:08:39:960]	[RECV] _ACK
[21:08:41:087]	[RECV] _RDY
[21:08:41:093]	[SEND] HOME ALL
[21:08:41:147]	[RECV] _ACK
[21:08:52:308]	[RECV] _RDY
[21:08:52:310]	[OPER] ----- Result : Completed, Description : 
[21:08:59:712]	[RECV] _ERR 00009
[21:09:08:004]	[OPER] ----- AmpOn -----
[21:09:08:106]	[SEND] SERVO ON ALL
[21:09:08:163]	[RECV] _NAK
[21:09:08:206]	[OPER] ----- Result : Error, Description : 
[21:09:14:750]	[OPER] ----- Initialize -----
[21:09:14:750]	[SEND] CLEAR
[21:09:14:802]	[RECV] _ACK
[21:09:15:920]	[RECV] _RDY
[21:09:15:926]	[SEND] HOME ALL
[21:09:15:979]	[RECV] _ACK
[21:09:27:120]	[RECV] _RDY
[21:09:27:122]	[OPER] ----- Result : Completed, Description : 
