[11:03:12:594]	[RECV] _RDY
[11:03:14:575]	[RECV] _RDY
[15:25:19:446]	[RECV] _ERR 00009
[16:27:56:015]	[OPER] ----- Initialize -----
[16:27:56:017]	[SEND] CLEAR
[16:27:56:071]	[RECV] _ACK
[16:27:57:200]	[RECV] _RDY
[16:27:57:206]	[SEND] HOME ALL
[16:27:57:258]	[RECV] _ACK
[16:28:11:100]	[RECV] _RDY
[16:28:11:101]	[OPER] ----- Result : Completed, Description : 
[16:28:52:548]	[OPER] ----- ClearError -----
[16:28:52:551]	[SEND] CLEAR
[16:28:52:603]	[RECV] _ACK
[16:28:53:715]	[RECV] _RDY
[16:28:53:716]	[OPER] ----- Result : Completed, Description : 
[16:49:56:471]	[OPER] ----- ApproachForPick, Arm : UpperArm, Location : LP5, Slot : 1 -----
[16:49:56:572]	[SEND] GOTO N 11 R RE Z DN SLOT 2 ARM A
[16:49:56:650]	[RECV] _ACK
[16:50:03:312]	[RECV] _RDY
[16:50:03:323]	[OPER] ----- Result : Completed, Description : 
[16:50:50:386]	[OPER] ----- Pick, Arm : UpperArm, Location : LP5, Slot : 9 -----
[16:50:50:789]	[SEND] PICK 11 SLOT 10 ARM A
[16:50:50:856]	[RECV] _ACK
[16:51:04:272]	[RECV] _RDY
[16:51:04:286]	[OPER] ----- Result : Completed, Description : 
[16:51:07:641]	[OPER] ----- Place, Arm : UpperArm, Location : LP5, Slot : 9 -----
[16:51:07:844]	[SEND] PLACE 11 SLOT 10 ARM A
[16:51:07:914]	[RECV] _ACK
[16:51:16:340]	[RECV] _RDY
[16:51:16:406]	[OPER] ----- Result : Completed, Description : 
[16:51:24:395]	[OPER] ----- Pick, Arm : UpperArm, Location : LP5, Slot : 9 -----
[16:51:24:798]	[SEND] PICK 11 SLOT 10 ARM A
[16:51:24:867]	[RECV] _ACK
[16:51:45:425]	[RECV] _ERR 42201
[16:51:45:447]	[OPER] ----- Result : Error, Description : 42201
[16:52:08:020]	[OPER] ----- Initialize -----
[16:52:08:020]	[SEND] CLEAR
[16:52:08:072]	[RECV] _ACK
[16:52:09:210]	[RECV] _RDY
[16:52:09:430]	[SEND] HOME ALL
[16:52:09:483]	[RECV] _ACK
[16:52:43:217]	[RECV] _RDY
[16:52:56:139]	[OPER] ----- Pick, Arm : LowerArm, Location : LP5, Slot : 9 -----
[16:52:56:542]	[SEND] PICK 11 SLOT 10 ARM B
[16:52:56:611]	[RECV] _ACK
[16:53:13:215]	[RECV] _RDY
[16:53:13:265]	[OPER] ----- Result : Completed, Description : 
[16:53:16:034]	[OPER] ----- Place, Arm : LowerArm, Location : LP5, Slot : 9 -----
[16:53:16:236]	[SEND] PLACE 11 SLOT 10 ARM B
[16:53:16:306]	[RECV] _ACK
[16:53:24:927]	[RECV] _RDY
[16:53:24:999]	[OPER] ----- Result : Completed, Description : 
[16:53:30:538]	[OPER] ----- Pick, Arm : LowerArm, Location : LP5, Slot : 2 -----
[16:53:30:941]	[SEND] PICK 11 SLOT 3 ARM B
[16:53:31:007]	[RECV] _ACK
[16:53:50:059]	[RECV] _RDY
[16:53:50:081]	[OPER] ----- Result : Completed, Description : 
[16:53:53:990]	[OPER] ----- Place, Arm : LowerArm, Location : LP5, Slot : 2 -----
[16:53:54:191]	[SEND] PLACE 11 SLOT 3 ARM B
[16:53:54:260]	[RECV] _ACK
[16:54:02:881]	[RECV] _RDY
[16:54:02:955]	[OPER] ----- Result : Completed, Description : 
[16:54:18:639]	[OPER] ----- Pick, Arm : LowerArm, Location : LP5, Slot : 2 -----
[16:54:19:042]	[SEND] PICK 11 SLOT 3 ARM B
[16:54:19:109]	[RECV] _ACK
[16:54:29:870]	[RECV] _RDY
[16:54:29:921]	[OPER] ----- Result : Completed, Description : 
[16:54:37:251]	[OPER] ----- Place, Arm : LowerArm, Location : LP5, Slot : 2 -----
[16:54:37:452]	[SEND] PLACE 11 SLOT 3 ARM B
[16:54:37:521]	[RECV] _ACK
[16:54:46:152]	[RECV] _RDY
[16:54:46:216]	[OPER] ----- Result : Completed, Description : 
[16:55:51:268]	[OPER] ----- Pick, Arm : LowerArm, Location : LP5, Slot : 9 -----
[16:55:51:671]	[SEND] PICK 11 SLOT 10 ARM B
[16:55:51:742]	[RECV] _ACK
[16:56:05:148]	[RECV] _RDY
[16:56:05:169]	[OPER] ----- Result : Completed, Description : 
[16:56:11:668]	[OPER] ----- Place, Arm : LowerArm, Location : LP5, Slot : 9 -----
[16:56:11:869]	[SEND] PLACE 11 SLOT 10 ARM B
[16:56:11:938]	[RECV] _ACK
[16:56:20:574]	[RECV] _RDY
[16:56:20:633]	[OPER] ----- Result : Completed, Description : 
[16:56:26:340]	[OPER] ----- Pick, Arm : LowerArm, Location : LP5, Slot : 9 -----
[16:56:26:743]	[SEND] PICK 11 SLOT 10 ARM B
[16:56:26:812]	[RECV] _ACK
[16:56:43:210]	[RECV] _RDY
[16:56:43:263]	[OPER] ----- Result : Completed, Description : 
[16:56:50:037]	[OPER] ----- Place, Arm : LowerArm, Location : LP5, Slot : 9 -----
[16:56:50:238]	[SEND] PLACE 11 SLOT 10 ARM B
[16:56:50:309]	[RECV] _ACK
[16:56:58:934]	[RECV] _RDY
[16:56:59:002]	[OPER] ----- Result : Completed, Description : 
