[15:53:36:805]	[OPER] ----- Initialize -----
[15:53:37:808]	[OPER] ----- Result : Completed, Description : 
[15:55:40:734]	[OPER] ----- ClearError -----
[15:55:41:734]	[OPER] ----- Result : Completed, Description : 
[15:56:43:382]	[OPER] ----- Initialize -----
[15:56:44:383]	[OPER] ----- Result : Completed, Description : 
[15:57:59:553]	[OPER] ----- Initialize -----
[15:58:00:554]	[OPER] ----- Result : Completed, Description : 
[15:58:36:166]	[OPER] ----- ClearError -----
[15:58:37:166]	[OPER] ----- Result : Completed, Description : 
[16:00:34:222]	[OPER] ----- Initialize -----
[16:00:35:224]	[OPER] ----- Result : Completed, Description : 
[16:00:49:310]	[OPER] ----- ClearError -----
[16:00:50:310]	[OPER] ----- Result : Completed, Description : 
[16:26:30:822]	[OPER] ----- ClearError -----
[16:26:31:823]	[OPER] ----- Result : Completed, Description : 
[16:26:31:845]	[OPER] ----- Pick, Arm : LowerArm, Location : LP4, Slot : 0 -----
[16:26:32:848]	[OPER] ----- Result : Completed, Description : 
[16:37:51:996]	[OPER] ----- Initialize -----
[16:37:52:998]	[OPER] ----- Result : Completed, Description : 
[16:37:58:719]	[OPER] ----- ClearError -----
[16:37:59:721]	[OPER] ----- Result : Completed, Description : 
[16:39:57:895]	[OPER] ----- ClearError -----
[16:39:58:895]	[OPER] ----- Result : Completed, Description : 
[16:39:58:917]	[OPER] ----- Pick, Arm : LowerArm, Location : LP4, Slot : 0 -----
[16:39:59:919]	[OPER] ----- Result : Completed, Description : 
[16:41:45:878]	[OPER] ----- ClearError -----
[16:41:50:987]	[OPER] ----- Result : Completed, Description : 
[16:43:05:496]	[OPER] ----- ClearError -----
[16:43:06:496]	[OPER] ----- Result : Completed, Description : 
[16:54:19:560]	[OPER] ----- ClearError -----
[16:54:20:561]	[OPER] ----- Result : Completed, Description : 
[16:55:08:952]	[OPER] ----- ClearError -----
[16:55:09:954]	[OPER] ----- Result : Completed, Description : 
[16:55:23:075]	[OPER] ----- ClearError -----
[16:55:24:075]	[OPER] ----- Result : Completed, Description : 
[16:55:24:086]	[OPER] ----- Pick, Arm : LowerArm, Location : LP4, Slot : 1 -----
[16:55:25:088]	[OPER] ----- Result : Completed, Description : 
[16:58:07:195]	[OPER] ----- ClearError -----
[16:58:08:195]	[OPER] ----- Result : Completed, Description : 
[16:58:08:206]	[OPER] ----- Pick, Arm : LowerArm, Location : LP4, Slot : 3 -----
[16:58:09:209]	[OPER] ----- Result : Completed, Description : 
[16:59:41:699]	[OPER] ----- ClearError -----
[16:59:42:699]	[OPER] ----- Result : Completed, Description : 
[16:59:42:710]	[OPER] ----- Pick, Arm : LowerArm, Location : LP4, Slot : 4 -----
[16:59:43:713]	[OPER] ----- Result : Completed, Description : 
[17:00:16:022]	[OPER] ----- ApproachForPlace, Arm : LowerArm, Location : PM1.SortInput, Slot : 0 -----
[17:00:17:023]	[OPER] ----- Result : Completed, Description : 
[17:04:08:592]	[OPER] ----- ClearError -----
[17:04:09:592]	[OPER] ----- Result : Completed, Description : 
[17:05:19:948]	[OPER] ----- ClearError -----
[17:05:20:950]	[OPER] ----- Result : Completed, Description : 
[17:05:20:962]	[OPER] ----- Pick, Arm : LowerArm, Location : LP4, Slot : 11 -----
[17:05:21:964]	[OPER] ----- Result : Completed, Description : 
[17:05:24:328]	[OPER] ----- ApproachForPlace, Arm : LowerArm, Location : PM1.SortInput, Slot : 0 -----
[17:05:25:328]	[OPER] ----- Result : Completed, Description : 
[17:05:51:137]	[OPER] ----- Place, Arm : LowerArm, Location : PM1.SortInput, Slot : 11 -----
[17:05:52:141]	[OPER] ----- Result : Completed, Description : 
[17:13:11:058]	[OPER] ----- ClearError -----
[17:13:12:058]	[OPER] ----- Result : Completed, Description : 
[17:13:12:069]	[OPER] ----- Pick, Arm : UpperArm, Location : LP5, Slot : 0 -----
[17:13:13:072]	[OPER] ----- Result : Completed, Description : 
[17:13:40:435]	[OPER] ----- ClearError -----
[17:13:41:436]	[OPER] ----- Result : Completed, Description : 
[17:13:41:447]	[OPER] ----- Pick, Arm : UpperArm, Location : LP5, Slot : 1 -----
[17:13:42:450]	[OPER] ----- Result : Completed, Description : 
[17:15:05:213]	[OPER] ----- ClearError -----
[17:15:06:215]	[OPER] ----- Result : Completed, Description : 
[17:15:13:793]	[OPER] ----- ApproachForPlace, Arm : UpperArm, Location : PM1.CoreInput, Slot : 0 -----
[17:15:14:793]	[OPER] ----- Result : Completed, Description : 
[17:17:47:096]	[OPER] ----- ClearError -----
[17:17:48:097]	[OPER] ----- Result : Completed, Description : 
[17:17:49:348]	[OPER] ----- ApproachForPlace, Arm : UpperArm, Location : PM1.CoreInput, Slot : 0 -----
[17:17:50:349]	[OPER] ----- Result : Completed, Description : 
[17:20:50:831]	[OPER] ----- ClearError -----
[17:20:51:832]	[OPER] ----- Result : Completed, Description : 
[17:20:53:178]	[OPER] ----- ApproachForPlace, Arm : UpperArm, Location : PM1.CoreInput, Slot : 0 -----
[17:20:54:179]	[OPER] ----- Result : Completed, Description : 
[17:21:03:968]	[OPER] ----- Place, Arm : UpperArm, Location : PM1.CoreInput, Slot : 1 -----
[17:21:04:970]	[OPER] ----- Result : Completed, Description : 
[17:32:30:868]	[OPER] ----- ClearError -----
[17:32:31:868]	[OPER] ----- Result : Completed, Description : 
[18:37:25:059]	[OPER] ----- Initialize -----
[18:37:26:064]	[OPER] ----- Result : Completed, Description : 
[18:37:40:647]	[OPER] ----- ClearError -----
[18:37:41:647]	[OPER] ----- Result : Completed, Description : 
[18:41:57:469]	[OPER] ----- ClearError -----
[18:41:58:470]	[OPER] ----- Result : Completed, Description : 
[18:41:58:492]	[OPER] ----- Pick, Arm : UpperArm, Location : LP5, Slot : 0 -----
[18:41:59:495]	[OPER] ----- Result : Completed, Description : 
[18:41:59:505]	[OPER] ----- Pick, Arm : LowerArm, Location : LP4, Slot : 0 -----
[18:42:00:507]	[OPER] ----- Result : Completed, Description : 
[18:43:46:963]	[OPER] ----- ClearError -----
[18:43:47:963]	[OPER] ----- Result : Completed, Description : 
[18:43:58:339]	[OPER] ----- ClearError -----
[18:43:59:339]	[OPER] ----- Result : Completed, Description : 
[18:44:51:906]	[OPER] ----- ClearError -----
[18:44:52:906]	[OPER] ----- Result : Completed, Description : 
[18:45:04:171]	[OPER] ----- ClearError -----
[18:45:05:172]	[OPER] ----- Result : Completed, Description : 
[18:47:57:045]	[OPER] ----- ClearError -----
[18:47:58:046]	[OPER] ----- Result : Completed, Description : 
[18:47:58:058]	[OPER] ----- Pick, Arm : LowerArm, Location : LP4, Slot : 6 -----
[18:47:59:061]	[OPER] ----- Result : Completed, Description : 
[18:47:59:962]	[OPER] ----- ApproachForPlace, Arm : LowerArm, Location : PM1.SortInput, Slot : 0 -----
[18:48:00:962]	[OPER] ----- Result : Completed, Description : 
[18:49:44:106]	[OPER] ----- Place, Arm : LowerArm, Location : PM1.SortInput, Slot : 6 -----
[18:49:45:109]	[OPER] ----- Result : Completed, Description : 
[18:51:22:203]	[OPER] ----- ClearError -----
[18:51:23:203]	[OPER] ----- Result : Completed, Description : 
[18:51:23:214]	[OPER] ----- Pick, Arm : UpperArm, Location : LP5, Slot : 1 -----
[18:51:24:217]	[OPER] ----- Result : Completed, Description : 
[18:51:24:308]	[OPER] ----- ApproachForPlace, Arm : UpperArm, Location : PM1.CoreInput, Slot : 0 -----
[18:51:25:308]	[OPER] ----- Result : Completed, Description : 
[18:51:25:320]	[OPER] ----- Place, Arm : UpperArm, Location : PM1.CoreInput, Slot : 1 -----
[18:51:26:323]	[OPER] ----- Result : Completed, Description : 
[18:54:57:941]	[OPER] ----- ClearError -----
[18:54:58:942]	[OPER] ----- Result : Completed, Description : 
[18:56:30:810]	[OPER] ----- ApproachForPick, Arm : UpperArm, Location : PM1.CoreOutput, Slot : 0 -----
[18:56:31:811]	[OPER] ----- Result : Completed, Description : 
[18:58:05:372]	[OPER] ----- ClearError -----
[18:58:06:372]	[OPER] ----- Result : Completed, Description : 
[18:58:25:600]	[OPER] ----- ApproachForPick, Arm : UpperArm, Location : PM1.CoreOutput, Slot : 0 -----
[18:58:26:601]	[OPER] ----- Result : Completed, Description : 
[18:58:26:616]	[OPER] ----- Pick, Arm : UpperArm, Location : PM1.CoreOutput, Slot : 0 -----
[18:58:27:619]	[OPER] ----- Result : Completed, Description : 
[19:10:32:178]	[OPER] ----- ClearError -----
[19:10:33:179]	[OPER] ----- Result : Completed, Description : 
[19:10:33:190]	[OPER] ----- Pick, Arm : LowerArm, Location : LP4, Slot : 11 -----
[19:10:34:193]	[OPER] ----- Result : Completed, Description : 
[19:11:25:044]	[OPER] ----- ClearError -----
[19:11:26:045]	[OPER] ----- Result : Completed, Description : 
[19:11:26:057]	[OPER] ----- Pick, Arm : LowerArm, Location : LP4, Slot : 10 -----
[19:11:27:059]	[OPER] ----- Result : Completed, Description : 
[19:11:27:112]	[OPER] ----- ApproachForPlace, Arm : LowerArm, Location : PM1.SortInput, Slot : 0 -----
[19:11:28:113]	[OPER] ----- Result : Completed, Description : 
[19:11:28:125]	[OPER] ----- Place, Arm : LowerArm, Location : PM1.SortInput, Slot : 10 -----
[19:11:29:127]	[OPER] ----- Result : Completed, Description : 
[19:12:45:483]	[OPER] ----- ClearError -----
[19:12:46:484]	[OPER] ----- Result : Completed, Description : 
[19:14:04:570]	[OPER] ----- ClearError -----
[19:14:05:571]	[OPER] ----- Result : Completed, Description : 
[19:15:04:050]	[OPER] ----- ClearError -----
[19:15:05:051]	[OPER] ----- Result : Completed, Description : 
[19:15:48:558]	[OPER] ----- ApproachForPick, Arm : LowerArm, Location : PM1.SortOutput, Slot : 0 -----
[19:15:49:558]	[OPER] ----- Result : Completed, Description : 
[19:15:49:592]	[OPER] ----- Pick, Arm : LowerArm, Location : PM1.SortOutput, Slot : 0 -----
[19:15:50:594]	[OPER] ----- Result : Completed, Description : 
[19:20:14:194]	[OPER] ----- Initialize -----
[19:20:15:196]	[OPER] ----- Result : Completed, Description : 
[19:20:19:838]	[OPER] ----- ClearError -----
[19:20:20:838]	[OPER] ----- Result : Completed, Description : 
[19:20:49:067]	[OPER] ----- ClearError -----
[19:20:50:067]	[OPER] ----- Result : Completed, Description : 
[19:20:50:088]	[OPER] ----- Pick, Arm : LowerArm, Location : LP4, Slot : 0 -----
[19:20:51:090]	[OPER] ----- Result : Completed, Description : 
[19:20:51:211]	[OPER] ----- ApproachForPlace, Arm : LowerArm, Location : PM1.SortInput, Slot : 0 -----
[19:20:52:211]	[OPER] ----- Result : Completed, Description : 
[19:20:52:224]	[OPER] ----- Place, Arm : LowerArm, Location : PM1.SortInput, Slot : 0 -----
[19:20:53:228]	[OPER] ----- Result : Completed, Description : 
[19:21:06:307]	[OPER] ----- ClearError -----
[19:21:07:307]	[OPER] ----- Result : Completed, Description : 
[19:21:07:318]	[OPER] ----- Pick, Arm : UpperArm, Location : LP5, Slot : 2 -----
[19:21:08:320]	[OPER] ----- Result : Completed, Description : 
[19:21:08:394]	[OPER] ----- ApproachForPlace, Arm : UpperArm, Location : PM1.CoreInput, Slot : 0 -----
[19:21:09:394]	[OPER] ----- Result : Completed, Description : 
[19:21:09:407]	[OPER] ----- Place, Arm : UpperArm, Location : PM1.CoreInput, Slot : 2 -----
[19:21:10:411]	[OPER] ----- Result : Completed, Description : 
[19:25:36:092]	[OPER] ----- ClearError -----
[19:25:37:094]	[OPER] ----- Result : Completed, Description : 
[19:28:39:675]	[OPER] ----- ClearError -----
[19:28:40:675]	[OPER] ----- Result : Completed, Description : 
[19:28:40:686]	[OPER] ----- Pick, Arm : LowerArm, Location : LP4, Slot : 1 -----
[19:28:41:688]	[OPER] ----- Result : Completed, Description : 
[19:28:41:770]	[OPER] ----- ApproachForPlace, Arm : LowerArm, Location : PM1.SortInput, Slot : 0 -----
[19:28:42:770]	[OPER] ----- Result : Completed, Description : 
[19:28:42:782]	[OPER] ----- Place, Arm : LowerArm, Location : PM1.SortInput, Slot : 1 -----
[19:28:43:786]	[OPER] ----- Result : Completed, Description : 
[19:39:41:745]	[OPER] ----- ClearError -----
[19:39:42:745]	[OPER] ----- Result : Completed, Description : 
[19:39:42:756]	[OPER] ----- Pick, Arm : LowerArm, Location : LP4, Slot : 3 -----
[19:39:43:758]	[OPER] ----- Result : Completed, Description : 
[19:39:43:818]	[OPER] ----- ApproachForPlace, Arm : LowerArm, Location : PM1.SortInput, Slot : 0 -----
[19:39:44:820]	[OPER] ----- Result : Completed, Description : 
[19:39:44:832]	[OPER] ----- Place, Arm : LowerArm, Location : PM1.SortInput, Slot : 3 -----
[19:39:45:834]	[OPER] ----- Result : Completed, Description : 
[19:42:21:275]	[OPER] ----- ClearError -----
[19:42:22:277]	[OPER] ----- Result : Completed, Description : 
[19:42:22:289]	[OPER] ----- Pick, Arm : LowerArm, Location : LP4, Slot : 7 -----
[19:42:23:291]	[OPER] ----- Result : Completed, Description : 
[19:42:23:405]	[OPER] ----- ApproachForPlace, Arm : LowerArm, Location : PM1.SortInput, Slot : 0 -----
[19:42:24:405]	[OPER] ----- Result : Completed, Description : 
[19:42:24:417]	[OPER] ----- Place, Arm : LowerArm, Location : PM1.SortInput, Slot : 7 -----
[19:42:25:419]	[OPER] ----- Result : Completed, Description : 
[19:43:48:155]	[OPER] ----- ClearError -----
[19:43:49:155]	[OPER] ----- Result : Completed, Description : 
[19:44:27:610]	[OPER] ----- ClearError -----
[19:44:28:610]	[OPER] ----- Result : Completed, Description : 
[19:45:18:849]	[OPER] ----- ApproachForPick, Arm : LowerArm, Location : PM1.SortOutput, Slot : 0 -----
[19:45:19:849]	[OPER] ----- Result : Completed, Description : 
[19:45:19:862]	[OPER] ----- Pick, Arm : LowerArm, Location : PM1.SortOutput, Slot : 0 -----
[19:45:20:864]	[OPER] ----- Result : Completed, Description : 
[20:42:50:160]	[RECV] _ERR 00009
[20:42:50:894]	[RECV] _ERR 00009
[20:42:51:650]	[RECV] _ERR 00009
[20:42:52:410]	[RECV] _ERR 00009
[20:42:53:325]	[RECV] _ERR 00009
[20:42:55:589]	[RECV] _ERR 00009
[20:42:56:646]	[RECV] _ERR 00009
[20:42:57:403]	[RECV] _ERR 00009
[20:42:58:163]	[RECV] _ERR 00009
[20:44:48:862]	[RECV] _ERR 00009
[20:44:59:976]	[RECV] _ERR 00009
[20:45:00:875]	[RECV] _ERR 00009
[20:45:01:775]	[RECV] _ERR 00009
[20:45:02:530]	[RECV] _ERR 00009
[20:45:03:301]	[RECV] _ERR 00009
[20:45:05:553]	[RECV] _ERR 00009
[20:45:06:457]	[RECV] _ERR 00009
[20:45:07:373]	[RECV] _ERR 00009
[20:45:08:271]	[RECV] _ERR 00009
[20:45:09:167]	[RECV] _ERR 00009
[20:45:09:921]	[RECV] _ERR 00009
[20:45:15:063]	[RECV] _ERR 00009
[20:45:15:942]	[RECV] _ERR 00009
[20:45:18:085]	[RECV] _ERR 00009
[20:45:18:840]	[RECV] _ERR 00009
[20:47:34:404]	[RECV] _RDY
[20:47:35:760]	[RECV] _RDY
[20:48:22:588]	[OPER] ----- Initialize -----
[20:48:22:591]	[SEND] CLEAR
[20:48:22:644]	[RECV] _ACK
[20:48:23:774]	[RECV] _RDY
[20:48:23:783]	[SEND] HOME ALL
[20:48:23:836]	[RECV] _ACK
[20:48:53:879]	[RECV] _RDY
[20:48:53:881]	[OPER] ----- Result : Completed, Description : 
[20:51:32:354]	[OPER] ----- Initialize -----
[20:51:32:357]	[SEND] CLEAR
[20:51:32:411]	[RECV] _ACK
[20:51:33:523]	[RECV] _RDY
[20:51:33:531]	[SEND] HOME ALL
[20:51:33:584]	[RECV] _ACK
[20:51:44:660]	[RECV] _RDY
[20:51:44:661]	[OPER] ----- Result : Completed, Description : 
