[09:47:59:850]	[RECV] _ERR 00009
[10:33:53:716]	[RECV] _RDY
[10:33:54:901]	[RECV] _RDY
[10:34:00:421]	[RECV] _ERR 00009
[10:34:03:831]	[RECV] _ERR 00009
[10:34:04:603]	[RECV] _ERR 00009
[10:34:05:357]	[RECV] _ERR 00009
[10:34:06:091]	[RECV] _ERR 00009
[10:34:07:174]	[RECV] _ERR 00009
[10:34:25:599]	[RECV] _RDY
[10:34:26:798]	[RECV] _RDY
[10:36:16:390]	[OPER] ----- Initialize -----
[10:36:16:393]	[SEND] CLEAR
[10:36:16:447]	[RECV] _ACK
[10:36:17:585]	[RECV] _RDY
[10:36:17:591]	[SEND] HOME ALL
[10:36:17:644]	[RECV] _ACK
[10:36:28:676]	[RECV] _RDY
[10:36:28:678]	[OPER] ----- Result : Completed, Description : 
[10:36:55:435]	[OPER] ----- ClearError -----
[10:36:55:437]	[SEND] CLEAR
[10:36:55:488]	[RECV] _ACK
[10:36:56:628]	[RECV] _RDY
[10:36:56:630]	[OPER] ----- Result : Completed, Description : 
[10:37:42:005]	[OPER] ----- ClearError -----
[10:37:42:007]	[SEND] CLEAR
[10:37:42:059]	[RECV] _ACK
[10:37:43:176]	[RECV] _RDY
[10:37:43:177]	[OPER] ----- Result : Completed, Description : 
[10:38:58:924]	[OPER] ----- ClearError -----
[10:38:58:926]	[SEND] CLEAR
[10:38:58:978]	[RECV] _ACK
[10:39:00:096]	[RECV] _RDY
[10:39:00:098]	[OPER] ----- Result : Completed, Description : 
[10:39:15:472]	[OPER] ----- ClearError -----
[10:39:15:474]	[SEND] CLEAR
[10:39:15:526]	[RECV] _ACK
[10:39:16:661]	[RECV] _RDY
[10:39:16:663]	[OPER] ----- Result : Completed, Description : 
[10:39:44:719]	[OPER] ----- ClearError -----
[10:39:44:721]	[SEND] CLEAR
[10:39:45:421]	[RECV] _ACK
[10:39:45:894]	[RECV] _RDY
[10:39:45:896]	[OPER] ----- Result : Completed, Description : 
[10:42:11:053]	[RECV] _ERR 00009
[10:49:15:564]	[OPER] ----- Initialize -----
[10:49:15:564]	[SEND] CLEAR
[10:49:15:616]	[RECV] _ACK
[10:49:16:728]	[RECV] _RDY
[10:49:16:734]	[SEND] HOME ALL
[10:49:16:787]	[RECV] _ACK
[10:49:27:911]	[RECV] _RDY
[10:49:27:913]	[OPER] ----- Result : Completed, Description : 
[10:50:46:072]	[OPER] ----- ApproachForPlace, Arm : UpperArm, Location : PM1.SortInput, Slot : 0 -----
[10:50:46:173]	[SEND] GOTO N 13 R RE Z UP SLOT 1 ARM A
[10:50:46:254]	[RECV] _ACK
[10:50:50:245]	[RECV] _RDY
[10:50:50:303]	[OPER] ----- Result : Completed, Description : 
[10:50:56:777]	[OPER] ----- MoveToPlace, Arm : UpperArm, Location : PM1.SortInput, Slot : 0 -----
[10:50:56:879]	[SEND] GOTO N 13 R EX Z UP SLOT 1 ARM A
[10:50:56:956]	[RECV] _ACK
[10:50:59:408]	[RECV] _RDY
[10:50:59:498]	[OPER] ----- Result : Completed, Description : 
[10:51:40:048]	[RECV] _ERR 00009
[10:53:59:209]	[OPER] ----- Initialize -----
[10:53:59:209]	[SEND] CLEAR
[10:53:59:260]	[RECV] _ACK
[10:54:00:382]	[RECV] _RDY
[10:54:00:619]	[SEND] HOME ALL
[10:54:00:671]	[RECV] _ACK
[10:54:38:362]	[RECV] _RDY
[10:54:54:678]	[OPER] ----- MoveToPlace, Arm : UpperArm, Location : PM1.SortInput, Slot : 0 -----
[10:54:54:779]	[SEND] GOTO N 13 R EX Z UP SLOT 1 ARM A
[10:54:54:856]	[RECV] _ACK
[10:55:01:283]	[RECV] _RDY
[10:55:01:326]	[OPER] ----- Result : Completed, Description : 
[10:55:06:353]	[OPER] ----- ApproachForPlace, Arm : UpperArm, Location : PM1.SortInput, Slot : 0 -----
[10:55:06:453]	[SEND] GOTO N 13 R RE Z UP SLOT 1 ARM A
[10:55:06:531]	[RECV] _ACK
[10:55:08:959]	[RECV] _RDY
[10:55:08:973]	[OPER] ----- Result : Completed, Description : 
[10:55:22:311]	[OPER] ----- Grip -----
[10:55:22:413]	[SEND] GRIP ON ARM A
[10:55:22:480]	[RECV] _ACK
[10:55:22:481]	[RECV] _RDY
[10:55:22:513]	[OPER] ----- Result : Completed, Description : 
[10:56:10:475]	[OPER] ----- MoveToPlace, Arm : UpperArm, Location : PM1.SortInput, Slot : 0 -----
[10:56:10:576]	[SEND] GOTO N 13 R EX Z UP SLOT 1 ARM A
[10:56:10:655]	[RECV] _ACK
[10:56:13:099]	[RECV] _RDY
[10:56:13:195]	[OPER] ----- Result : Completed, Description : 
[11:00:38:708]	[OPER] ----- ApproachForPlace, Arm : UpperArm, Location : PM1.SortInput, Slot : 0 -----
[11:00:38:809]	[SEND] GOTO N 13 R RE Z UP SLOT 1 ARM A
[11:00:38:888]	[RECV] _ACK
[11:00:41:302]	[RECV] _RDY
[11:00:41:327]	[OPER] ----- Result : Completed, Description : 
[11:01:35:122]	[OPER] ----- GetWaferPresence -----
[11:01:35:225]	[SEND] RQ WAFER ARM ALL
[11:01:35:298]	[RECV] WAFER A Y B N
[11:01:35:330]	[OPER] ----- Result : Completed, Description : 
[11:01:39:271]	[OPER] ----- GetLowSpeed -----
[11:01:39:373]	[SEND] RQ LOSPD ALL
[11:01:39:439]	[RECV] LOSPD ALL 80
[11:01:39:474]	[OPER] ----- Result : Completed, Description : 
[11:01:41:261]	[OPER] ----- GetHighSpeed -----
[11:01:41:363]	[SEND] RQ HISPD ALL
[11:01:41:430]	[RECV] HISPD ALL 80
[11:01:41:463]	[OPER] ----- Result : Completed, Description : 
[11:01:50:014]	[OPER] ----- SetLowSpeed -----
[11:01:50:116]	[SEND] SET LOSPD ALL 50
[11:01:50:187]	[RECV] LOSPD ALL 50
[11:01:50:217]	[OPER] ----- Result : Completed, Description : 
[11:01:51:708]	[OPER] ----- SetHighSpeed -----
[11:01:51:810]	[SEND] SET HISPD ALL 50
[11:01:51:881]	[RECV] HISPD ALL 50
[11:01:51:910]	[OPER] ----- Result : Completed, Description : 
[11:03:21:518]	[OPER] ----- Place, Arm : UpperArm, Location : PM1.SortInput, Slot : 1 -----
[11:04:07:288]	[OPER] ----- Place, Arm : UpperArm, Location : PM1.SortInput, Slot : 1 -----
[11:04:13:380]	[SEND] PLACE 13 SLOT 1 ARM A
[11:04:18:992]	[RECV] _ACK
[11:04:23:346]	[RECV] _RDY
[11:04:50:075]	[OPER] ----- GetWaferPresence -----
[11:04:50:176]	[SEND] RQ WAFER ARM ALL
[11:04:50:246]	[RECV] WAFER A N B N
[11:04:50:276]	[OPER] ----- Result : Completed, Description : 
[11:05:07:324]	[OPER] ----- ApproachForPlace, Arm : UpperArm, Location : PM1.SortInput, Slot : 0 -----
[11:05:07:426]	[SEND] GOTO N 13 R RE Z UP SLOT 1 ARM A
[11:05:07:503]	[RECV] _ACK
[11:05:08:973]	[RECV] _RDY
[11:05:09:037]	[OPER] ----- Result : Completed, Description : 
[11:06:27:981]	[OPER] ----- MoveToPlace, Arm : UpperArm, Location : PM1.SortInput, Slot : 0 -----
[11:06:28:084]	[SEND] GOTO N 13 R EX Z UP SLOT 1 ARM A
[11:06:28:163]	[RECV] _ACK
[11:06:31:252]	[RECV] _RDY
[11:06:31:312]	[OPER] ----- Result : Completed, Description : 
[11:07:38:702]	[OPER] ----- MoveToPick, Arm : UpperArm, Location : PM1.SortInput, Slot : 0 -----
[11:07:38:803]	[SEND] GOTO N 13 R EX Z DN SLOT 1 ARM A
[11:07:38:881]	[RECV] _ACK
[11:07:46:229]	[RECV] _RDY
[11:07:46:257]	[OPER] ----- Result : Completed, Description : 
[11:12:36:350]	[OPER] ----- ApproachForPick, Arm : UpperArm, Location : PM1.SortInput, Slot : 0 -----
[11:12:36:451]	[SEND] GOTO N 13 R RE Z DN SLOT 1 ARM A
[11:12:36:530]	[RECV] _ACK
[11:12:39:620]	[RECV] _RDY
[11:12:39:675]	[OPER] ----- Result : Completed, Description : 
[11:20:47:139]	[OPER] ----- MoveToPick, Arm : UpperArm, Location : PM1.SortInput, Slot : 0 -----
[11:20:47:240]	[SEND] GOTO N 13 R EX Z DN SLOT 1 ARM A
[11:20:47:317]	[RECV] _ACK
[11:20:50:408]	[RECV] _RDY
[11:20:50:464]	[OPER] ----- Result : Completed, Description : 
[11:24:22:595]	[OPER] ----- ApproachForPick, Arm : UpperArm, Location : PM1.SortInput, Slot : 0 -----
[11:24:22:696]	[SEND] GOTO N 13 R RE Z DN SLOT 1 ARM A
[11:24:22:774]	[RECV] _ACK
[11:24:25:860]	[RECV] _RDY
[11:24:25:919]	[OPER] ----- Result : Completed, Description : 
[11:24:30:906]	[OPER] ----- ApproachForPick, Arm : LowerArm, Location : PM1.SortInput, Slot : 0 -----
[11:24:31:007]	[SEND] GOTO N 13 R RE Z DN SLOT 1 ARM B
[11:24:31:083]	[RECV] _ACK
[11:24:32:730]	[RECV] _RDY
[11:24:32:820]	[OPER] ----- Result : Completed, Description : 
[11:24:40:519]	[OPER] ----- MoveToPick, Arm : LowerArm, Location : PM1.SortInput, Slot : 0 -----
[11:24:40:620]	[SEND] GOTO N 13 R EX Z DN SLOT 1 ARM B
[11:24:40:699]	[RECV] _ACK
[11:24:43:794]	[RECV] _RDY
[11:24:43:843]	[OPER] ----- Result : Completed, Description : 
[11:36:14:979]	[OPER] ----- MoveToPlace, Arm : LowerArm, Location : PM1.SortInput, Slot : 0 -----
[11:36:15:079]	[SEND] GOTO N 13 R EX Z UP SLOT 1 ARM B
[11:36:15:157]	[RECV] _ACK
[11:36:22:830]	[RECV] _RDY
[11:36:22:836]	[OPER] ----- Result : Completed, Description : 
[11:38:56:185]	[OPER] ----- ApproachForPlace, Arm : LowerArm, Location : PM1.SortInput, Slot : 0 -----
[11:38:56:287]	[SEND] GOTO N 13 R RE Z UP SLOT 1 ARM B
[11:38:56:366]	[RECV] _ACK
[11:38:59:454]	[RECV] _RDY
[11:38:59:519]	[OPER] ----- Result : Completed, Description : 
[11:44:20:874]	[OPER] ----- MoveToPlace, Arm : LowerArm, Location : PM1.CoreInput, Slot : 0 -----
[11:44:20:975]	[SEND] GOTO N 14 R EX Z UP SLOT 1 ARM B
[11:44:21:053]	[RECV] _ACK
[11:44:25:741]	[RECV] _RDY
[11:44:25:810]	[OPER] ----- Result : Completed, Description : 
[11:45:36:945]	[OPER] ----- MoveToPick, Arm : LowerArm, Location : PM1.CoreInput, Slot : 0 -----
[11:45:37:046]	[SEND] GOTO N 14 R EX Z DN SLOT 1 ARM B
[11:45:37:122]	[RECV] _ACK
[11:45:43:320]	[RECV] _ERR 24013
[11:45:43:392]	[OPER] ----- Result : Error, Description : 24013
[11:47:36:116]	[RECV] _RDY
[11:57:48:547]	[OPER] ----- Initialize -----
[11:57:48:548]	[SEND] CLEAR
[11:57:48:599]	[RECV] _ACK
[11:57:49:738]	[RECV] _RDY
[11:57:49:744]	[SEND] HOME ALL
[11:57:49:796]	[RECV] _ACK
[11:58:22:303]	[RECV] _RDY
[11:58:22:305]	[OPER] ----- Result : Completed, Description : 
[12:05:03:055]	[OPER] ----- SetLowSpeed -----
[12:05:03:157]	[SEND] SET LOSPD ALL 10
[12:05:03:229]	[RECV] LOSPD ALL 10
[12:05:03:257]	[OPER] ----- Result : Completed, Description : 
[12:05:04:908]	[OPER] ----- SetHighSpeed -----
[12:05:05:010]	[SEND] SET HISPD ALL 10
[12:05:05:081]	[RECV] HISPD ALL 10
[12:05:05:110]	[OPER] ----- Result : Completed, Description : 
[12:05:11:575]	[OPER] ----- GetLowSpeed -----
[12:05:11:677]	[SEND] RQ LOSPD ALL
[12:05:11:744]	[RECV] LOSPD ALL 10
[12:05:11:778]	[OPER] ----- Result : Completed, Description : 
[12:05:13:788]	[OPER] ----- GetHighSpeed -----
[12:05:13:890]	[SEND] RQ HISPD ALL
[12:05:13:957]	[RECV] HISPD ALL 10
[12:05:13:991]	[OPER] ----- Result : Completed, Description : 
[13:47:52:821]	[RECV] _ERR 00009
[14:12:04:629]	[OPER] ----- MoveToPlace, Arm : LowerArm, Location : PM1.SortOutput, Slot : 0 -----
[14:12:04:730]	[SEND] GOTO N 16 R EX Z UP SLOT 1 ARM B
[14:12:04:809]	[RECV] _NAK
[14:12:04:831]	[OPER] ----- Result : Error, Description : 
[14:12:09:781]	[OPER] ----- MoveToPlace, Arm : LowerArm, Location : PM1.SortOutput, Slot : 0 -----
[14:12:09:882]	[SEND] GOTO N 16 R EX Z UP SLOT 1 ARM B
[14:12:09:960]	[RECV] _NAK
[14:12:09:983]	[OPER] ----- Result : Error, Description : 
[14:12:19:542]	[OPER] ----- MoveToPlace, Arm : LowerArm, Location : PM1.SortOutput, Slot : 0 -----
[14:12:19:643]	[SEND] GOTO N 16 R EX Z UP SLOT 1 ARM B
[14:12:19:721]	[RECV] _NAK
[14:12:19:744]	[OPER] ----- Result : Error, Description : 
[14:12:52:543]	[OPER] ----- MoveToPlace, Arm : LowerArm, Location : PM1.SortOutput, Slot : 0 -----
[14:12:52:644]	[SEND] GOTO N 16 R EX Z UP SLOT 1 ARM B
[14:12:52:722]	[RECV] _NAK
[14:12:52:745]	[OPER] ----- Result : Error, Description : 
[14:13:30:799]	[OPER] ----- Initialize -----
[14:13:30:799]	[SEND] CLEAR
[14:13:30:852]	[RECV] _ACK
[14:13:31:981]	[RECV] _RDY
[14:13:31:987]	[SEND] HOME ALL
[14:13:32:038]	[RECV] _ACK
[14:13:43:196]	[RECV] _RDY
[14:13:43:197]	[OPER] ----- Result : Completed, Description : 
[14:14:05:742]	[OPER] ----- MoveToPlace, Arm : LowerArm, Location : PM1.SortOutput, Slot : 0 -----
[14:14:05:843]	[SEND] GOTO N 16 R EX Z UP SLOT 1 ARM B
[14:14:05:922]	[RECV] _ACK
[14:14:32:988]	[RECV] _ERR 23101
[14:14:33:040]	[OPER] ----- Result : Error, Description : 23101
[14:15:28:256]	[RECV] _RDY
[14:15:29:613]	[RECV] _RDY
[14:15:55:356]	[OPER] ----- SetLowSpeed -----
[14:15:55:457]	[SEND] SET LOSPD ALL 30
[14:15:55:529]	[RECV] LOSPD ALL 30
[14:15:55:558]	[OPER] ----- Result : Completed, Description : 
[14:15:57:236]	[OPER] ----- SetHighSpeed -----
[14:15:57:337]	[SEND] SET HISPD ALL 30
[14:15:57:409]	[RECV] HISPD ALL 30
[14:15:57:438]	[OPER] ----- Result : Completed, Description : 
[14:16:03:238]	[OPER] ----- Initialize -----
[14:16:03:238]	[SEND] CLEAR
[14:16:03:289]	[RECV] _ACK
[14:16:04:414]	[RECV] _RDY
[14:16:04:420]	[SEND] HOME ALL
[14:16:04:473]	[RECV] _ACK
[14:16:23:753]	[RECV] _RDY
[14:16:23:755]	[OPER] ----- Result : Completed, Description : 
[14:16:58:983]	[OPER] ----- MoveToPlace, Arm : LowerArm, Location : PM1.SortOutput, Slot : 0 -----
[14:16:59:084]	[SEND] GOTO N 16 R EX Z UP SLOT 1 ARM B
[14:16:59:163]	[RECV] _ACK
[14:17:09:860]	[RECV] _RDY
[14:17:09:862]	[OPER] ----- Result : Completed, Description : 
[14:19:05:055]	[OPER] ----- MoveToPick, Arm : LowerArm, Location : PM1.SortOutput, Slot : 0 -----
[14:19:05:156]	[SEND] GOTO N 16 R EX Z DN SLOT 1 ARM B
[14:19:05:234]	[RECV] _ACK
[14:19:17:089]	[RECV] _RDY
[14:19:17:143]	[OPER] ----- Result : Completed, Description : 
[14:22:45:161]	[OPER] ----- ApproachForPick, Arm : LowerArm, Location : PM1.SortOutput, Slot : 0 -----
[14:22:45:261]	[SEND] GOTO N 16 R RE Z DN SLOT 1 ARM B
[14:22:45:338]	[RECV] _ACK
[14:22:50:307]	[RECV] _RDY
[14:22:50:399]	[OPER] ----- Result : Completed, Description : 
[14:25:26:510]	[OPER] ----- MoveToPick, Arm : LowerArm, Location : PM1.SortOutput, Slot : 0 -----
[14:25:26:611]	[SEND] GOTO N 16 R EX Z DN SLOT 1 ARM B
[14:25:26:689]	[RECV] _ACK
[14:25:31:661]	[RECV] _RDY
[14:25:31:748]	[OPER] ----- Result : Completed, Description : 
[14:28:53:328]	[OPER] ----- MoveToPlace, Arm : LowerArm, Location : PM1.SortOutput, Slot : 0 -----
[14:28:53:429]	[SEND] GOTO N 16 R EX Z UP SLOT 1 ARM B
[14:28:53:507]	[RECV] _ACK
[14:29:05:364]	[RECV] _RDY
[14:29:05:416]	[OPER] ----- Result : Completed, Description : 
[14:34:12:471]	[OPER] ----- ApproachForPlace, Arm : LowerArm, Location : PM1.SortInput, Slot : 0 -----
[14:34:12:571]	[SEND] GOTO N 13 R RE Z UP SLOT 1 ARM B
[14:34:12:649]	[RECV] _ACK
[14:34:27:345]	[RECV] _RDY
[14:34:27:403]	[OPER] ----- Result : Completed, Description : 
[14:35:09:407]	[OPER] ----- Grip -----
[14:35:09:509]	[SEND] GRIP ON ARM A
[14:35:09:577]	[RECV] _ACK
[14:35:09:579]	[RECV] _RDY
[14:35:09:613]	[OPER] ----- Result : Completed, Description : 
[14:35:36:412]	[OPER] ----- ApproachForPick, Arm : UpperArm, Location : PM1.SortInput, Slot : 0 -----
[14:35:36:512]	[SEND] GOTO N 13 R RE Z DN SLOT 1 ARM A
[14:35:36:592]	[RECV] _ACK
[14:35:38:507]	[RECV] _RDY
[14:35:38:528]	[OPER] ----- Result : Completed, Description : 
[14:36:00:711]	[OPER] ----- Place, Arm : UpperArm, Location : PM1.SortInput, Slot : 1 -----
[14:36:00:913]	[SEND] PLACE 13 SLOT 1 ARM A
[14:36:00:981]	[RECV] _ACK
[14:36:18:656]	[RECV] _RDY
[14:36:21:662]	[OPER] ----- Result : Completed, Description : 
[14:43:59:460]	[OPER] ----- Ungrip -----
[14:43:59:562]	[SEND] GRIP OFF ARM A
[14:43:59:630]	[RECV] _ACK
[14:43:59:631]	[RECV] _RDY
[14:43:59:663]	[OPER] ----- Result : Completed, Description : 
[14:45:11:598]	[OPER] ----- Initialize -----
[14:45:11:601]	[SEND] CLEAR
[14:45:11:656]	[RECV] _ACK
[14:45:12:776]	[RECV] _RDY
[14:45:12:784]	[SEND] HOME ALL
[14:45:12:837]	[RECV] _ACK
[14:45:45:413]	[RECV] _RDY
[14:45:45:415]	[OPER] ----- Result : Completed, Description : 
[14:46:20:615]	[OPER] ----- MoveToPick, Arm : UpperArm, Location : PM1.SortInput, Slot : 0 -----
[14:46:20:716]	[SEND] GOTO N 13 R EX Z DN SLOT 1 ARM A
[14:46:20:794]	[RECV] _ACK
[14:46:36:302]	[RECV] _RDY
[14:46:36:330]	[OPER] ----- Result : Completed, Description : 
[14:49:41:518]	[OPER] ----- ApproachForPick, Arm : UpperArm, Location : PM1.SortInput, Slot : 0 -----
[14:49:41:620]	[SEND] GOTO N 13 R RE Z DN SLOT 1 ARM A
[14:49:41:698]	[RECV] _ACK
[14:49:46:807]	[RECV] _RDY
[14:49:46:858]	[OPER] ----- Result : Completed, Description : 
[14:52:15:828]	[OPER] ----- Grip -----
[14:52:15:930]	[SEND] GRIP ON ARM A
[14:52:15:996]	[RECV] _ACK
[14:52:15:997]	[RECV] _RDY
[14:52:16:030]	[OPER] ----- Result : Completed, Description : 
[14:54:00:189]	[OPER] ----- Grip -----
[14:54:00:291]	[SEND] GRIP ON ARM A
[14:54:00:357]	[RECV] _ACK
[14:54:00:359]	[RECV] _RDY
[14:54:00:394]	[OPER] ----- Result : Completed, Description : 
[14:54:02:615]	[OPER] ----- Ungrip -----
[14:54:02:717]	[SEND] GRIP OFF ARM A
[14:54:02:785]	[RECV] _ACK
[14:54:02:786]	[RECV] _RDY
[14:54:02:818]	[OPER] ----- Result : Completed, Description : 
[14:54:04:843]	[OPER] ----- Grip -----
[14:54:04:944]	[SEND] GRIP ON ARM A
[14:54:05:010]	[RECV] _ACK
[14:54:05:011]	[RECV] _RDY
[14:54:05:045]	[OPER] ----- Result : Completed, Description : 
[14:54:25:558]	[OPER] ----- GetLowSpeed -----
[14:54:25:660]	[SEND] RQ LOSPD ALL
[14:54:25:728]	[RECV] LOSPD ALL 30
[14:54:25:761]	[OPER] ----- Result : Completed, Description : 
[14:54:27:684]	[OPER] ----- GetHighSpeed -----
[14:54:27:786]	[SEND] RQ HISPD ALL
[14:54:27:853]	[RECV] HISPD ALL 30
[14:54:27:887]	[OPER] ----- Result : Completed, Description : 
[14:54:42:343]	[OPER] ----- Place, Arm : UpperArm, Location : PM1.SortInput, Slot : 1 -----
[14:54:42:546]	[SEND] PLACE 13 SLOT 1 ARM A
[14:54:42:614]	[RECV] _ACK
[14:55:00:294]	[RECV] _RDY
[14:55:16:167]	[OPER] ----- Result : Completed, Description : 
[14:57:38:110]	[OPER] ----- Grip -----
[14:57:38:212]	[SEND] GRIP ON ARM A
[14:57:38:283]	[RECV] _ACK
[14:57:38:285]	[RECV] _RDY
[14:57:38:317]	[OPER] ----- Result : Completed, Description : 
[14:57:48:976]	[OPER] ----- MoveToPlace, Arm : UpperArm, Location : PM1.CoreInput, Slot : 0 -----
[14:57:49:078]	[SEND] GOTO N 14 R EX Z UP SLOT 1 ARM A
[14:57:49:156]	[RECV] _ACK
[14:57:56:843]	[RECV] _RDY
[14:57:56:936]	[OPER] ----- Result : Completed, Description : 
[14:58:26:164]	[OPER] ----- MoveToPick, Arm : UpperArm, Location : PM1.CoreInput, Slot : 0 -----
[14:58:26:266]	[SEND] GOTO N 14 R EX Z DN SLOT 1 ARM A
[14:58:26:343]	[RECV] _ACK
[14:58:38:114]	[RECV] _RDY
[14:58:38:152]	[OPER] ----- Result : Completed, Description : 
[14:58:51:831]	[OPER] ----- Ungrip -----
[14:58:51:933]	[SEND] GRIP OFF ARM A
[14:58:52:000]	[RECV] _ACK
[14:58:52:001]	[RECV] _RDY
[14:58:52:034]	[OPER] ----- Result : Completed, Description : 
[14:59:14:510]	[OPER] ----- ApproachForPick, Arm : UpperArm, Location : PM1.CoreInput, Slot : 0 -----
[14:59:14:611]	[SEND] GOTO N 14 R RE Z DN SLOT 1 ARM A
[14:59:14:689]	[RECV] _ACK
[14:59:19:824]	[RECV] _RDY
[14:59:19:849]	[OPER] ----- Result : Completed, Description : 
[14:59:42:665]	[OPER] ----- Grip -----
[14:59:42:766]	[SEND] GRIP ON ARM A
[14:59:42:832]	[RECV] _ACK
[14:59:42:833]	[RECV] _RDY
[14:59:42:867]	[OPER] ----- Result : Completed, Description : 
[15:00:15:092]	[OPER] ----- MoveToPick, Arm : UpperArm, Location : PM1.CoreInput, Slot : 0 -----
[15:00:15:192]	[SEND] GOTO N 14 R EX Z DN SLOT 1 ARM A
[15:00:15:271]	[RECV] _ACK
[15:00:20:410]	[RECV] _RDY
[15:00:20:430]	[OPER] ----- Result : Completed, Description : 
[15:00:21:919]	[OPER] ----- Ungrip -----
[15:00:22:020]	[SEND] GRIP OFF ARM A
[15:00:22:087]	[RECV] _ACK
[15:00:22:088]	[RECV] _RDY
[15:00:22:121]	[OPER] ----- Result : Completed, Description : 
[15:00:36:466]	[OPER] ----- ApproachForPick, Arm : UpperArm, Location : PM1.CoreInput, Slot : 0 -----
[15:00:36:567]	[SEND] GOTO N 14 R RE Z DN SLOT 1 ARM A
[15:00:36:645]	[RECV] _ACK
[15:00:41:780]	[RECV] _RDY
[15:00:41:805]	[OPER] ----- Result : Completed, Description : 
[15:03:26:120]	[OPER] ----- MoveToPick, Arm : UpperArm, Location : PM1.SortOutput, Slot : 0 -----
[15:03:26:221]	[SEND] GOTO N 16 R EX Z DN SLOT 1 ARM A
[15:03:26:298]	[RECV] _ACK
[15:03:39:548]	[RECV] _RDY
[15:03:39:618]	[OPER] ----- Result : Completed, Description : 
[15:04:13:806]	[OPER] ----- Grip -----
[15:04:13:907]	[SEND] GRIP ON ARM A
[15:04:13:973]	[RECV] _ACK
[15:04:13:974]	[RECV] _RDY
[15:04:14:008]	[OPER] ----- Result : Completed, Description : 
[15:04:32:630]	[OPER] ----- Ungrip -----
[15:04:32:731]	[SEND] GRIP OFF ARM A
[15:04:32:799]	[RECV] _ACK
[15:04:32:800]	[RECV] _RDY
[15:04:32:831]	[OPER] ----- Result : Completed, Description : 
[15:04:39:363]	[OPER] ----- Grip -----
[15:04:39:464]	[SEND] GRIP ON ARM A
[15:04:39:530]	[RECV] _ACK
[15:04:39:531]	[RECV] _RDY
[15:04:39:564]	[OPER] ----- Result : Completed, Description : 
[15:04:43:157]	[OPER] ----- Ungrip -----
[15:04:43:258]	[SEND] GRIP OFF ARM A
[15:04:43:326]	[RECV] _ACK
[15:04:43:327]	[RECV] _RDY
[15:04:43:358]	[OPER] ----- Result : Completed, Description : 
[15:05:52:093]	[OPER] ----- ApproachForPick, Arm : UpperArm, Location : PM1.SortOutput, Slot : 0 -----
[15:05:52:193]	[SEND] GOTO N 16 R RE Z DN SLOT 1 ARM A
[15:05:52:270]	[RECV] _ACK
[15:05:57:243]	[RECV] _RDY
[15:05:57:331]	[OPER] ----- Result : Completed, Description : 
[15:09:08:132]	[OPER] ----- Grip -----
[15:09:08:233]	[SEND] GRIP ON ARM A
[15:09:08:299]	[RECV] _ACK
[15:09:08:300]	[RECV] _RDY
[15:09:08:334]	[OPER] ----- Result : Completed, Description : 
[15:09:29:855]	[OPER] ----- ApproachForPlace, Arm : UpperArm, Location : PM1.CoreOutput, Slot : 0 -----
[15:09:29:957]	[SEND] GOTO N 15 R RE Z UP SLOT 1 ARM A
[15:09:30:035]	[RECV] _ACK
[15:09:32:601]	[RECV] _RDY
[15:09:32:677]	[OPER] ----- Result : Completed, Description : 
[15:10:01:024]	[OPER] ----- MoveToPlace, Arm : UpperArm, Location : PM1.CoreOutput, Slot : 0 -----
[15:10:01:125]	[SEND] GOTO N 15 R EX Z UP SLOT 1 ARM A
[15:10:01:202]	[RECV] _ACK
[15:10:06:337]	[RECV] _RDY
[15:10:06:364]	[OPER] ----- Result : Completed, Description : 
[15:10:40:486]	[OPER] ----- MoveToPick, Arm : UpperArm, Location : PM1.CoreOutput, Slot : 0 -----
[15:10:40:587]	[SEND] GOTO N 15 R EX Z DN SLOT 1 ARM A
[15:10:40:664]	[RECV] _ACK
[15:10:52:425]	[RECV] _RDY
[15:10:52:473]	[OPER] ----- Result : Completed, Description : 
[15:10:54:653]	[OPER] ----- Ungrip -----
[15:10:54:753]	[SEND] GRIP OFF ARM A
[15:10:54:821]	[RECV] _ACK
[15:10:54:822]	[RECV] _RDY
[15:10:54:854]	[OPER] ----- Result : Completed, Description : 
[15:11:02:939]	[OPER] ----- ApproachForPick, Arm : UpperArm, Location : PM1.CoreOutput, Slot : 0 -----
[15:11:03:040]	[SEND] GOTO N 15 R RE Z DN SLOT 1 ARM A
[15:11:03:118]	[RECV] _ACK
[15:11:08:248]	[RECV] _RDY
[15:11:08:278]	[OPER] ----- Result : Completed, Description : 
[15:19:08:330]	[OPER] ----- Initialize -----
[15:19:08:331]	[SEND] CLEAR
[15:19:08:382]	[RECV] _ACK
[15:19:09:502]	[RECV] _RDY
[15:19:09:508]	[SEND] HOME ALL
[15:19:09:559]	[RECV] _ACK
[15:19:27:702]	[RECV] _RDY
[15:19:27:703]	[OPER] ----- Result : Completed, Description : 
[15:20:17:529]	[OPER] ----- Initialize -----
[15:20:17:532]	[SEND] CLEAR
[15:20:17:585]	[RECV] _ACK
[15:20:18:700]	[RECV] _RDY
[15:20:18:709]	[SEND] HOME ALL
[15:20:18:762]	[RECV] _ACK
[15:20:29:967]	[RECV] _RDY
[15:20:29:969]	[OPER] ----- Result : Completed, Description : 
[15:20:50:532]	[OPER] ----- ClearError -----
[15:20:50:534]	[SEND] CLEAR
[15:20:50:584]	[RECV] _ACK
[15:20:51:708]	[RECV] _RDY
[15:20:51:709]	[OPER] ----- Result : Completed, Description : 
[15:23:16:166]	[OPER] ----- Pick, Arm : UpperArm, Location : LP5, Slot : 2 -----
[15:23:16:570]	[SEND] PICK 11 SLOT 3 ARM A
[15:23:16:637]	[RECV] _ACK
[15:23:40:631]	[RECV] _ERR 42201
[15:23:56:726]	[OPER] ----- Initialize -----
[15:23:56:726]	[SEND] CLEAR
[15:23:56:778]	[RECV] _ACK
[15:23:57:913]	[RECV] _RDY
[15:23:58:137]	[SEND] HOME ALL
[15:23:58:190]	[RECV] _ACK
[15:24:00:766]	[RECV] _ERR 42401
[15:24:00:856]	[OPER] ----- Result : Error, Description : 42401
[15:24:33:266]	[OPER] ----- Ungrip -----
[15:24:33:367]	[SEND] GRIP OFF ARM A
[15:24:33:430]	[RECV] _NAK
[15:24:33:468]	[OPER] ----- Result : Error, Description : 
[15:25:58:675]	[OPER] ----- AmpOff -----
[15:25:58:777]	[SEND] SERVO OFF ALL
[15:25:58:838]	[RECV] _NAK
[15:25:58:878]	[OPER] ----- Result : Error, Description : 
[15:26:03:653]	[OPER] ----- ClearError -----
[15:26:03:754]	[SEND] CLEAR
[15:26:03:806]	[RECV] _ACK
[15:26:04:938]	[RECV] _RDY
[15:26:04:962]	[OPER] ----- Result : Completed, Description : 
[15:26:07:246]	[OPER] ----- AmpOff -----
[15:26:07:347]	[SEND] SERVO OFF ALL
[15:26:07:412]	[RECV] _ACK
[15:26:07:413]	[RECV] _RDY
[15:26:07:448]	[OPER] ----- Result : Completed, Description : 
[15:26:40:639]	[OPER] ----- Initialize -----
[15:26:40:639]	[SEND] CLEAR
[15:26:40:690]	[RECV] _ACK
[15:26:41:829]	[RECV] _RDY
[15:26:42:049]	[SEND] HOME ALL
[15:26:42:101]	[RECV] _ACK
[15:27:14:044]	[RECV] _RDY
[15:28:09:142]	[OPER] ----- ApproachForPick, Arm : UpperArm, Location : PM1.CoreInput, Slot : 0 -----
[15:28:09:244]	[SEND] GOTO N 14 R RE Z DN SLOT 1 ARM A
[15:28:09:322]	[RECV] _ACK
[15:28:18:281]	[RECV] _RDY
[15:28:18:310]	[OPER] ----- Result : Completed, Description : 
[15:28:20:022]	[OPER] ----- GetLowSpeed -----
[15:28:20:124]	[SEND] RQ LOSPD ALL
[15:28:20:191]	[RECV] LOSPD ALL 30
[15:28:20:225]	[OPER] ----- Result : Completed, Description : 
[15:28:23:774]	[OPER] ----- SetLowSpeed -----
[15:28:23:876]	[SEND] SET LOSPD ALL 10
[15:28:23:949]	[RECV] LOSPD ALL 10
[15:28:23:977]	[OPER] ----- Result : Completed, Description : 
[15:28:25:549]	[OPER] ----- SetHighSpeed -----
[15:28:25:650]	[SEND] SET HISPD ALL 10
[15:28:25:722]	[RECV] HISPD ALL 10
[15:28:25:751]	[OPER] ----- Result : Completed, Description : 
[15:28:27:253]	[OPER] ----- Initialize -----
[15:28:27:253]	[SEND] CLEAR
[15:28:27:305]	[RECV] _ACK
[15:28:28:433]	[RECV] _RDY
[15:28:28:663]	[SEND] HOME ALL
[15:28:28:716]	[RECV] _ACK
[15:28:28:764]	[OPER] ----- Result : Completed, Description : 
[15:28:32:195]	[OPER] ----- Initialize -----
[15:28:32:195]	[SEND] CLEAR
[15:28:32:248]	[RECV] _NAK
[15:28:32:296]	[OPER] ----- Result : Error, Description : 
[15:28:34:396]	[OPER] ----- ClearError -----
[15:28:34:497]	[SEND] CLEAR
[15:28:34:549]	[RECV] _NAK
[15:28:34:597]	[OPER] ----- Result : Error, Description : 
[15:28:58:332]	[RECV] _RDY
[15:29:25:596]	[OPER] ----- SetLowSpeed -----
[15:29:25:697]	[SEND] SET LOSPD ALL 50
[15:29:25:768]	[RECV] LOSPD ALL 50
[15:29:25:798]	[OPER] ----- Result : Completed, Description : 
[15:29:30:644]	[OPER] ----- SetHighSpeed -----
[15:29:30:744]	[SEND] SET HISPD ALL 50
[15:29:30:815]	[RECV] HISPD ALL 50
[15:29:30:845]	[OPER] ----- Result : Completed, Description : 
[15:29:39:901]	[OPER] ----- ApproachForPick, Arm : UpperArm, Location : LP5, Slot : 2 -----
[15:29:40:002]	[SEND] GOTO N 11 R RE Z DN SLOT 3 ARM A
[15:29:40:079]	[RECV] _ACK
[15:29:45:936]	[RECV] _RDY
[15:29:45:945]	[OPER] ----- Result : Completed, Description : 
[15:33:03:354]	[OPER] ----- Pick, Arm : UpperArm, Location : LP5, Slot : 2 -----
[15:33:03:758]	[SEND] PICK 11 SLOT 3 ARM A
[15:33:03:824]	[RECV] _ACK
[15:33:03:859]	[OPER] ----- Result : Error, Description : 42201
[15:33:13:624]	[RECV] _ERR 42201
[15:33:30:043]	[OPER] ----- Initialize -----
[15:33:30:043]	[SEND] CLEAR
[15:33:30:094]	[RECV] _ACK
[15:33:31:211]	[RECV] _RDY
[15:33:31:453]	[SEND] HOME ALL
[15:33:31:506]	[RECV] _ACK
[15:34:05:170]	[OPER] ----- Initialize -----
[15:34:05:170]	[SEND] CLEAR
[15:34:05:223]	[RECV] _NAK
[15:34:05:224]	[OPER] ----- Result : Error, Description : 
[15:34:05:331]	[RECV] _RDY
[15:34:11:284]	[OPER] ----- Initialize -----
[15:34:11:284]	[SEND] CLEAR
[15:34:11:337]	[RECV] _ACK
[15:34:12:455]	[RECV] _RDY
[15:34:12:461]	[SEND] HOME ALL
[15:34:12:514]	[RECV] _ACK
[15:34:23:686]	[RECV] _RDY
[15:34:23:688]	[OPER] ----- Result : Completed, Description : 
[15:34:55:330]	[OPER] ----- ClearError -----
[15:34:55:332]	[SEND] CLEAR
[15:34:55:384]	[RECV] _ACK
[15:34:56:523]	[RECV] _RDY
[15:34:56:524]	[OPER] ----- Result : Completed, Description : 
[15:35:12:360]	[OPER] ----- ClearError -----
[15:35:12:362]	[SEND] CLEAR
[15:35:12:413]	[RECV] _ACK
[15:35:13:541]	[RECV] _RDY
[15:35:13:542]	[OPER] ----- Result : Completed, Description : 
[15:36:18:689]	[OPER] ----- Pick, Arm : UpperArm, Location : LP5, Slot : 2 -----
[15:36:19:092]	[SEND] PICK 11 SLOT 3 ARM A
[15:36:19:160]	[RECV] _ACK
[15:36:35:603]	[RECV] _ERR 42201
[15:36:35:612]	[OPER] ----- Result : Error, Description : 42201
[15:37:06:565]	[OPER] ----- Initialize -----
[15:37:06:565]	[SEND] CLEAR
[15:37:06:618]	[RECV] _ACK
[15:37:07:741]	[RECV] _RDY
[15:37:07:975]	[SEND] HOME ALL
[15:37:08:027]	[RECV] _ACK
[15:37:41:700]	[RECV] _RDY
[15:37:50:996]	[OPER] ----- Pick, Arm : UpperArm, Location : LP5, Slot : 3 -----
[15:37:51:400]	[SEND] PICK 11 SLOT 4 ARM A
[15:37:51:467]	[RECV] _ACK
[15:38:07:957]	[RECV] _RDY
[15:38:08:023]	[OPER] ----- Result : Completed, Description : 
[15:38:29:096]	[OPER] ----- Ungrip -----
[15:38:29:196]	[SEND] GRIP OFF ARM A
[15:38:29:264]	[RECV] _ACK
[15:38:29:265]	[RECV] _RDY
[15:38:29:297]	[OPER] ----- Result : Completed, Description : 
[15:39:00:526]	[OPER] ----- GetWaferPresence -----
[15:39:00:628]	[SEND] RQ WAFER ARM ALL
[15:39:00:700]	[RECV] WAFER A N B N
[15:39:00:729]	[OPER] ----- Result : Completed, Description : 
[15:39:15:000]	[OPER] ----- Pick, Arm : UpperArm, Location : LP5, Slot : 3 -----
[15:39:15:405]	[SEND] PICK 11 SLOT 4 ARM A
[15:39:15:471]	[RECV] _ACK
[15:39:26:003]	[RECV] _ERR 42201
[15:39:26:082]	[OPER] ----- Result : Error, Description : 42201
[15:40:02:074]	[OPER] ----- AmpOff -----
[15:40:02:175]	[SEND] SERVO OFF ALL
[15:40:02:234]	[RECV] _NAK
[15:40:02:275]	[OPER] ----- Result : Error, Description : 
[15:40:22:307]	[OPER] ----- AmpOff -----
[15:40:22:408]	[SEND] SERVO OFF ALL
[15:40:22:467]	[RECV] _NAK
[15:40:22:508]	[OPER] ----- Result : Error, Description : 
[15:40:25:188]	[OPER] ----- ClearError -----
[15:40:25:289]	[SEND] CLEAR
[15:40:25:341]	[RECV] _ACK
[15:40:26:459]	[RECV] _RDY
[15:40:26:498]	[OPER] ----- Result : Completed, Description : 
[15:40:32:439]	[OPER] ----- AmpOff -----
[15:40:32:540]	[SEND] SERVO OFF ALL
[15:40:32:605]	[RECV] _ACK
[15:40:32:606]	[RECV] _RDY
[15:40:32:641]	[OPER] ----- Result : Completed, Description : 
[15:40:59:653]	[OPER] ----- Initialize -----
[15:40:59:653]	[SEND] CLEAR
[15:40:59:705]	[RECV] _ACK
[15:41:00:824]	[RECV] _RDY
[15:41:01:063]	[SEND] HOME ALL
[15:41:01:116]	[RECV] _ACK
[15:41:01:164]	[OPER] ----- Result : Completed, Description : 
[15:41:32:224]	[RECV] _RDY
[15:41:41:828]	[OPER] ----- Pick, Arm : UpperArm, Location : LP5, Slot : 3 -----
[15:41:42:231]	[SEND] PICK 11 SLOT 4 ARM A
[15:41:42:298]	[RECV] _ACK
[15:41:58:776]	[RECV] _RDY
[15:41:58:852]	[OPER] ----- Result : Completed, Description : 
[15:42:15:196]	[OPER] ----- Ungrip -----
[15:42:15:297]	[SEND] GRIP OFF ARM A
[15:42:15:366]	[RECV] _ACK
[15:42:15:367]	[RECV] _RDY
[15:42:15:398]	[OPER] ----- Result : Completed, Description : 
[15:42:26:292]	[OPER] ----- GetWaferPresence -----
[15:42:26:393]	[SEND] RQ WAFER ARM ALL
[15:42:26:463]	[RECV] WAFER A N B N
[15:42:26:493]	[OPER] ----- Result : Completed, Description : 
[15:42:54:568]	[OPER] ----- Pick, Arm : UpperArm, Location : LP5, Slot : 3 -----
[15:42:54:972]	[SEND] PICK 11 SLOT 4 ARM A
[15:42:56:212]	[RECV] _ACK
[15:43:05:579]	[RECV] _ERR 42201
[15:43:05:656]	[OPER] ----- Result : Error, Description : 42201
[15:43:16:910]	[OPER] ----- ClearError -----
[15:43:17:011]	[SEND] CLEAR
[15:43:17:063]	[RECV] _ACK
[15:43:18:205]	[RECV] _RDY
[15:43:18:220]	[OPER] ----- Result : Completed, Description : 
[15:43:20:869]	[OPER] ----- AmpOff -----
[15:43:20:970]	[SEND] SERVO OFF ALL
[15:43:21:612]	[RECV] _ACK
[15:43:21:613]	[RECV] _RDY
[15:43:21:675]	[OPER] ----- Result : Completed, Description : 
[15:43:54:108]	[OPER] ----- AmpOn -----
[15:43:54:210]	[SEND] SERVO ON ALL
[15:43:54:268]	[RECV] _NAK
[15:43:54:310]	[OPER] ----- Result : Error, Description : 
[15:44:09:294]	[OPER] ----- Initialize -----
[15:44:09:294]	[SEND] CLEAR
[15:44:09:346]	[RECV] _ACK
[15:44:11:212]	[RECV] _RDY
[15:44:11:510]	[SEND] HOME ALL
[15:44:11:619]	[RECV] _ACK
[15:44:42:942]	[RECV] _RDY
[15:44:56:908]	[OPER] ----- Pick, Arm : UpperArm, Location : LP5, Slot : 3 -----
[15:44:57:315]	[SEND] PICK 11 SLOT 4 ARM A
[15:44:57:383]	[RECV] _ACK
[15:45:24:653]	[RECV] _RDY
[15:47:29:118]	[OPER] ----- Initialize -----
[15:47:29:120]	[SEND] CLEAR
[15:47:29:173]	[RECV] _ACK
[15:47:30:301]	[RECV] _RDY
[15:47:30:310]	[SEND] HOME ALL
[15:47:30:363]	[RECV] _ACK
[15:48:00:248]	[RECV] _RDY
[15:48:00:249]	[OPER] ----- Result : Completed, Description : 
[15:49:09:673]	[OPER] ----- MoveToPlace, Arm : UpperArm, Location : PM1.SortInput, Slot : 0 -----
[15:49:09:775]	[SEND] GOTO N 13 R EX Z UP SLOT 1 ARM A
[15:49:09:852]	[RECV] _ACK
[15:49:16:197]	[RECV] _ERR 22105
[15:49:16:222]	[OPER] ----- Result : Error, Description : 22105
[15:49:43:627]	[RECV] _RDY
[15:49:44:844]	[RECV] _RDY
[15:50:15:999]	[OPER] ----- Initialize -----
[15:50:15:999]	[SEND] CLEAR
[15:50:16:050]	[RECV] _ACK
[15:50:17:181]	[RECV] _RDY
[15:50:17:409]	[SEND] HOME ALL
[15:50:17:461]	[RECV] _ACK
[15:50:49:973]	[RECV] _RDY
[15:51:05:796]	[OPER] ----- MoveToPlace, Arm : UpperArm, Location : PM1.SortInput, Slot : 0 -----
[15:51:05:896]	[SEND] GOTO N 13 R EX Z UP SLOT 1 ARM A
[15:51:05:973]	[RECV] _ACK
[15:51:15:367]	[RECV] _RDY
[15:51:15:466]	[OPER] ----- Result : Completed, Description : 
[15:52:42:396]	[OPER] ----- ApproachForPlace, Arm : UpperArm, Location : PM1.SortInput, Slot : 0 -----
[15:52:42:498]	[SEND] GOTO N 13 R RE Z UP SLOT 1 ARM A
[15:52:42:575]	[RECV] _ACK
[15:52:45:664]	[RECV] _RDY
[15:52:45:721]	[OPER] ----- Result : Completed, Description : 
[15:53:09:754]	[OPER] ----- MoveToPlace, Arm : UpperArm, Location : PM1.SortInput, Slot : 0 -----
[15:53:09:855]	[SEND] GOTO N 13 R EX Z UP SLOT 1 ARM A
[15:53:09:933]	[RECV] _ACK
[15:53:13:023]	[RECV] _RDY
[15:53:13:078]	[OPER] ----- Result : Completed, Description : 
[15:53:44:686]	[OPER] ----- ApproachForPlace, Arm : UpperArm, Location : PM1.SortInput, Slot : 0 -----
[15:53:44:786]	[SEND] GOTO N 13 R RE Z UP SLOT 1 ARM A
[15:53:44:864]	[RECV] _ACK
[15:53:47:955]	[RECV] _RDY
[15:53:48:010]	[OPER] ----- Result : Completed, Description : 
[15:58:25:292]	[OPER] ----- Ungrip -----
[15:58:25:394]	[SEND] GRIP OFF ARM A
[15:58:25:463]	[RECV] _ACK
[15:58:25:464]	[RECV] _RDY
[15:58:25:495]	[OPER] ----- Result : Completed, Description : 
[17:33:32:832]	[OPER] ----- Initialize -----
[17:33:32:835]	[SEND] CLEAR
[17:33:33:019]	[RECV] _ACK
[17:33:34:028]	[RECV] _RDY
[17:33:34:037]	[SEND] HOME ALL
[17:33:34:090]	[RECV] _ACK
[17:34:06:664]	[RECV] _RDY
[17:34:06:666]	[OPER] ----- Result : Completed, Description : 
[17:35:31:361]	[OPER] ----- ClearError -----
[17:35:31:364]	[SEND] CLEAR
[17:35:31:416]	[RECV] _ACK
[17:35:32:535]	[RECV] _RDY
[17:35:32:537]	[OPER] ----- Result : Completed, Description : 
[17:36:08:777]	[OPER] ----- Pick, Arm : UpperArm, Location : LP5.Cassette, Slot : 3 -----
[17:36:09:180]	[SEND] PICK  SLOT 4 ARM A
[17:36:09:242]	[RECV] _NAK
[17:36:09:280]	[OPER] ----- Result : Error, Description : 
[17:37:04:004]	[OPER] ----- Pick, Arm : UpperArm, Location : LP5.Cassette, Slot : 3 -----
[17:39:57:296]	[OPER] ----- Initialize -----
[17:39:57:299]	[SEND] CLEAR
[17:39:57:352]	[RECV] _ACK
[17:39:58:482]	[RECV] _RDY
[17:39:58:490]	[SEND] HOME ALL
[17:39:58:542]	[RECV] _ACK
[17:40:09:681]	[RECV] _RDY
[17:40:09:682]	[OPER] ----- Result : Completed, Description : 
[17:40:31:533]	[OPER] ----- ClearError -----
[17:40:31:535]	[SEND] CLEAR
[17:40:31:587]	[RECV] _ACK
[17:40:32:723]	[RECV] _RDY
[17:40:32:725]	[OPER] ----- Result : Completed, Description : 
[17:41:18:339]	[OPER] ----- Pick, Arm : UpperArm, Location : LP5, Slot : 3 -----
[17:41:23:381]	[SEND] PICK 11 SLOT 4 ARM A
[17:41:23:446]	[RECV] _ACK
[17:41:50:674]	[RECV] _ERR 42201
[17:41:59:795]	[OPER] ----- ApproachForPlace, Arm : UpperArm, Location : LP5, Slot : 1 -----
[17:41:59:897]	[SEND] GOTO N 11 R RE Z UP SLOT 2 ARM A
[17:41:59:973]	[RECV] _NAK
[17:41:59:997]	[OPER] ----- Result : Error, Description : 
[17:42:02:951]	[OPER] ----- ClearError -----
[17:42:03:052]	[SEND] CLEAR
[17:42:03:104]	[RECV] _ACK
[17:42:04:242]	[RECV] _RDY
[17:42:04:261]	[OPER] ----- Result : Completed, Description : 
[17:42:06:846]	[OPER] ----- ApproachForPlace, Arm : UpperArm, Location : LP5, Slot : 1 -----
[17:42:06:947]	[SEND] GOTO N 11 R RE Z UP SLOT 2 ARM A
[17:42:07:025]	[RECV] _ACK
[17:42:11:141]	[RECV] _RDY
[17:42:11:178]	[OPER] ----- Result : Completed, Description : 
[17:42:49:773]	[OPER] ----- Initialize -----
[17:42:49:774]	[SEND] CLEAR
[17:42:49:827]	[RECV] _ACK
[17:42:50:962]	[RECV] _RDY
[17:42:50:970]	[SEND] HOME ALL
[17:42:51:023]	[RECV] _ACK
[17:43:20:929]	[RECV] _RDY
[17:43:20:931]	[OPER] ----- Result : Completed, Description : 
[17:43:42:023]	[OPER] ----- ClearError -----
[17:43:42:025]	[SEND] CLEAR
[17:43:42:077]	[RECV] _ACK
[17:43:43:204]	[RECV] _RDY
[17:43:43:205]	[OPER] ----- Result : Completed, Description : 
[17:44:12:629]	[OPER] ----- Pick, Arm : UpperArm, Location : LP5, Slot : 2 -----
[17:44:13:032]	[SEND] PICK 11 SLOT 3 ARM A
[17:44:13:099]	[RECV] _ACK
[17:44:30:379]	[RECV] _RDY
[17:44:30:459]	[OPER] ----- Result : Completed, Description : 
[17:49:10:072]	[OPER] ----- Place, Arm : UpperArm, Location : PM1.SortInput, Slot : 0 -----
[17:49:10:274]	[SEND] PLACE 13 SLOT 1 ARM A
[17:49:10:343]	[RECV] _ACK
[17:49:24:793]	[RECV] _RDY
[17:49:24:880]	[OPER] ----- Result : Completed, Description : 
[17:49:41:695]	[OPER] ----- Pick, Arm : UpperArm, Location : PM1.SortInput, Slot : 0 -----
[17:49:42:098]	[SEND] PICK 13 SLOT 1 ARM A
[17:49:42:164]	[RECV] _ACK
[17:49:53:571]	[RECV] _RDY
[17:49:53:581]	[OPER] ----- Result : Completed, Description : 
[17:51:27:245]	[OPER] ----- Place, Arm : UpperArm, Location : LP5, Slot : 2 -----
[17:51:27:446]	[SEND] PLACE 11 SLOT 3 ARM A
[17:51:27:514]	[RECV] _ACK
[17:51:40:518]	[RECV] _RDY
[17:51:40:541]	[OPER] ----- Result : Completed, Description : 
[17:53:34:260]	[OPER] ----- ClearError -----
[17:53:34:262]	[SEND] CLEAR
[17:53:34:314]	[RECV] _ACK
[17:53:35:454]	[RECV] _RDY
[17:53:35:456]	[OPER] ----- Result : Completed, Description : 
[17:53:35:474]	[OPER] ----- Pick, Arm : UpperArm, Location : LP5, Slot : 2 -----
[17:53:35:482]	[SEND] PICK 11 SLOT 3 ARM A
[17:53:35:548]	[RECV] _ACK
[17:53:47:014]	[RECV] _RDY
[17:53:47:015]	[OPER] ----- Result : Completed, Description : 
[18:40:09:927]	[OPER] ----- Ungrip -----
[18:40:10:029]	[SEND] GRIP OFF ARM A
[18:40:10:098]	[RECV] _ACK
[18:40:10:099]	[RECV] _RDY
[18:40:10:130]	[OPER] ----- Result : Completed, Description : 
[18:40:39:882]	[OPER] ----- Initialize -----
[18:40:39:882]	[SEND] CLEAR
[18:40:39:933]	[RECV] _ACK
[18:40:41:071]	[RECV] _RDY
[18:40:41:076]	[SEND] HOME ALL
[18:40:41:130]	[RECV] _ACK
[18:41:10:971]	[RECV] _RDY
[18:41:10:973]	[OPER] ----- Result : Completed, Description : 
[18:42:33:242]	[OPER] ----- ClearError -----
[18:42:33:244]	[SEND] CLEAR
[18:42:33:296]	[RECV] _ACK
[18:42:34:431]	[RECV] _RDY
[18:42:34:432]	[OPER] ----- Result : Completed, Description : 
[18:43:26:182]	[OPER] ----- ClearError -----
[18:43:26:184]	[SEND] CLEAR
[18:43:26:235]	[RECV] _ACK
[18:43:27:373]	[RECV] _RDY
[18:43:27:375]	[OPER] ----- Result : Completed, Description : 
[18:43:27:555]	[OPER] ----- ClearError -----
[18:43:27:557]	[SEND] CLEAR
[18:43:27:608]	[RECV] _ACK
[18:43:28:730]	[RECV] _RDY
[18:43:28:731]	[OPER] ----- Result : Completed, Description : 
[18:44:27:775]	[OPER] ----- ClearError -----
[18:44:27:777]	[SEND] CLEAR
[18:44:27:829]	[RECV] _ACK
[18:44:28:959]	[RECV] _RDY
[18:44:28:961]	[OPER] ----- Result : Completed, Description : 
[18:46:37:190]	[OPER] ----- ClearError -----
[18:46:37:192]	[SEND] CLEAR
[18:46:37:245]	[RECV] _ACK
[18:46:38:385]	[RECV] _RDY
[18:46:38:386]	[OPER] ----- Result : Completed, Description : 
[18:47:17:706]	[OPER] ----- ClearError -----
[18:47:17:708]	[SEND] CLEAR
[18:47:17:759]	[RECV] _ACK
[18:47:18:879]	[RECV] _RDY
[18:47:18:881]	[OPER] ----- Result : Completed, Description : 
[18:48:12:012]	[OPER] ----- ClearError -----
[18:48:12:014]	[SEND] CLEAR
[18:48:12:065]	[RECV] _ACK
[18:48:13:180]	[RECV] _RDY
[18:48:13:181]	[OPER] ----- Result : Completed, Description : 
[18:50:39:981]	[OPER] ----- ClearError -----
[18:50:39:983]	[SEND] CLEAR
[18:50:40:035]	[RECV] _ACK
[18:50:41:170]	[RECV] _RDY
[18:50:41:171]	[OPER] ----- Result : Completed, Description : 
[18:50:41:181]	[OPER] ----- Pick, Arm : LowerArm, Location : LP4, Slot : 2 -----
[18:50:41:189]	[SEND] PICK 10 SLOT 3 ARM B
[18:50:41:255]	[RECV] _ACK
[18:50:58:612]	[RECV] _RDY
[18:50:58:613]	[OPER] ----- Result : Completed, Description : 
[18:54:15:911]	[OPER] ----- ClearError -----
[18:54:15:913]	[SEND] CLEAR
[18:54:15:964]	[RECV] _ACK
[18:54:17:075]	[RECV] _RDY
[18:54:17:077]	[OPER] ----- Result : Completed, Description : 
[18:55:16:654]	[RECV] _ERR 00009
[18:56:15:301]	[RECV] _RDY
[18:56:16:517]	[RECV] _RDY
[18:56:59:407]	[OPER] ----- Initialize -----
[18:56:59:407]	[SEND] CLEAR
[18:56:59:459]	[RECV] _ACK
[18:57:00:602]	[RECV] _RDY
[18:57:00:607]	[SEND] HOME ALL
[18:57:00:659]	[RECV] _ACK
[18:57:26:841]	[RECV] _RDY
[18:57:26:843]	[OPER] ----- Result : Completed, Description : 
[18:57:50:251]	[OPER] ----- ClearError -----
[18:57:50:253]	[SEND] CLEAR
[18:57:50:305]	[RECV] _ACK
[18:57:51:423]	[RECV] _RDY
[18:57:51:425]	[OPER] ----- Result : Completed, Description : 
[18:58:11:449]	[OPER] ----- ClearError -----
[18:58:11:451]	[SEND] CLEAR
[18:58:11:503]	[RECV] _ACK
[18:58:12:638]	[RECV] _RDY
[18:58:12:639]	[OPER] ----- Result : Completed, Description : 
[19:00:04:086]	[OPER] ----- ClearError -----
[19:00:04:088]	[SEND] CLEAR
[19:00:04:140]	[RECV] _ACK
[19:00:05:263]	[RECV] _RDY
[19:00:05:264]	[OPER] ----- Result : Completed, Description : 
[19:02:53:760]	[OPER] ----- ClearError -----
[19:02:53:762]	[SEND] CLEAR
[19:02:53:815]	[RECV] _ACK
[19:02:54:935]	[RECV] _RDY
[19:02:54:936]	[OPER] ----- Result : Completed, Description : 
[19:06:26:837]	[OPER] ----- ClearError -----
[19:06:26:839]	[SEND] CLEAR
[19:06:26:891]	[RECV] _ACK
[19:06:28:037]	[RECV] _RDY
[19:06:28:039]	[OPER] ----- Result : Completed, Description : 
[19:06:28:334]	[OPER] ----- ApproachForPlace, Arm : LowerArm, Location : PM1.SortInput, Slot : 0 -----
[19:06:28:337]	[SEND] GOTO N 13 R RE Z UP SLOT 1 ARM B
[19:06:28:414]	[RECV] _ACK
[19:06:35:530]	[RECV] _RDY
[19:06:35:532]	[OPER] ----- Result : Completed, Description : 
[19:06:35:545]	[OPER] ----- Place, Arm : LowerArm, Location : PM1.SortInput, Slot : 2 -----
[19:06:35:549]	[SEND] PLACE 13 SLOT 1 ARM B
[19:06:35:617]	[RECV] _ACK
[19:06:45:486]	[RECV] _RDY
[19:06:45:489]	[OPER] ----- Result : Completed, Description : 
[19:07:42:465]	[OPER] ----- ClearError -----
[19:07:42:467]	[SEND] CLEAR
[19:07:42:519]	[RECV] _ACK
[19:07:43:657]	[RECV] _RDY
[19:07:43:658]	[OPER] ----- Result : Completed, Description : 
[19:08:17:618]	[OPER] ----- ClearError -----
[19:08:17:620]	[SEND] CLEAR
[19:08:17:672]	[RECV] _ACK
[19:08:18:802]	[RECV] _RDY
[19:08:18:804]	[OPER] ----- Result : Completed, Description : 
[19:08:49:792]	[OPER] ----- ClearError -----
[19:08:49:794]	[SEND] CLEAR
[19:08:49:846]	[RECV] _ACK
[19:08:50:983]	[RECV] _RDY
[19:08:50:985]	[OPER] ----- Result : Completed, Description : 
[19:08:50:995]	[OPER] ----- Pick, Arm : LowerArm, Location : LP4, Slot : 5 -----
[19:08:51:003]	[SEND] PICK 10 SLOT 6 ARM B
[19:08:51:072]	[RECV] _ACK
[19:09:17:381]	[RECV] _ERR 43201
[19:09:17:382]	[OPER] ----- Result : Error, Description : 43201
[19:09:37:503]	[OPER] ----- Initialize -----
[19:09:37:503]	[SEND] CLEAR
[19:09:37:554]	[RECV] _ACK
[19:09:38:670]	[RECV] _RDY
[19:09:38:913]	[SEND] HOME ALL
[19:09:38:967]	[RECV] _ACK
[19:10:08:901]	[RECV] _RDY
[19:10:14:668]	[OPER] ----- Result : Invalid, Description : Invalid Seq Num : 12
[19:10:22:103]	[OPER] ----- ClearError -----
[19:10:22:105]	[SEND] CLEAR
[19:10:22:156]	[RECV] _ACK
[19:10:23:282]	[RECV] _RDY
[19:10:23:284]	[OPER] ----- Result : Completed, Description : 
[19:10:23:294]	[OPER] ----- Pick, Arm : LowerArm, Location : LP4, Slot : 5 -----
[19:10:23:302]	[SEND] PICK 10 SLOT 6 ARM B
[19:10:23:369]	[RECV] _ACK
[19:10:40:727]	[RECV] _RDY
[19:10:40:729]	[OPER] ----- Result : Completed, Description : 
[19:11:24:193]	[OPER] ----- ClearError -----
[19:11:24:196]	[SEND] CLEAR
[19:11:24:246]	[RECV] _ACK
[19:11:25:383]	[RECV] _RDY
[19:11:25:385]	[OPER] ----- Result : Completed, Description : 
[19:11:25:570]	[OPER] ----- ApproachForPlace, Arm : LowerArm, Location : PM1.SortInput, Slot : 0 -----
[19:11:25:572]	[SEND] GOTO N 13 R RE Z UP SLOT 1 ARM B
[19:11:25:651]	[RECV] _ACK
[19:11:31:044]	[RECV] _RDY
[19:11:31:045]	[OPER] ----- Result : Completed, Description : 
[19:11:31:058]	[OPER] ----- Place, Arm : LowerArm, Location : PM1.SortInput, Slot : 2 -----
[19:11:31:062]	[SEND] PLACE 13 SLOT 1 ARM B
[19:11:31:131]	[RECV] _ACK
[19:11:41:012]	[RECV] _RDY
[19:11:41:014]	[OPER] ----- Result : Completed, Description : 
[19:12:10:799]	[OPER] ----- ClearError -----
[19:12:10:801]	[SEND] CLEAR
[19:12:10:854]	[RECV] _ACK
[19:12:11:993]	[RECV] _RDY
[19:12:11:994]	[OPER] ----- Result : Completed, Description : 
[19:12:12:004]	[OPER] ----- Pick, Arm : UpperArm, Location : LP5, Slot : 2 -----
[19:12:12:012]	[SEND] PICK 11 SLOT 3 ARM A
[19:12:12:078]	[RECV] _ACK
[19:12:39:341]	[RECV] _RDY
[19:12:39:343]	[OPER] ----- Result : Completed, Description : 
[19:13:42:869]	[OPER] ----- ClearError -----
[19:13:42:871]	[SEND] CLEAR
[19:13:42:923]	[RECV] _ACK
[19:13:44:060]	[RECV] _RDY
[19:13:44:061]	[OPER] ----- Result : Completed, Description : 
[19:18:25:701]	[OPER] ----- ClearError -----
[19:18:25:703]	[SEND] CLEAR
[19:18:25:755]	[RECV] _ACK
[19:18:26:871]	[RECV] _RDY
[19:18:26:873]	[OPER] ----- Result : Completed, Description : 
[19:23:30:596]	[OPER] ----- ClearError -----
[19:23:30:598]	[SEND] CLEAR
[19:23:30:649]	[RECV] _ACK
[19:23:31:784]	[RECV] _RDY
[19:23:31:785]	[OPER] ----- Result : Completed, Description : 
[19:29:03:149]	[OPER] ----- ClearError -----
[19:29:03:151]	[SEND] CLEAR
[19:29:03:203]	[RECV] _ACK
[19:29:04:327]	[RECV] _RDY
[19:29:04:329]	[OPER] ----- Result : Completed, Description : 
[19:29:07:626]	[OPER] ----- ApproachForPlace, Arm : UpperArm, Location : PM1.CoreInput, Slot : 0 -----
[19:29:07:628]	[SEND] GOTO N 14 R RE Z UP SLOT 1 ARM A
[19:29:07:707]	[RECV] _ACK
[19:29:13:108]	[RECV] _RDY
[19:29:13:109]	[OPER] ----- Result : Completed, Description : 
[19:29:13:121]	[OPER] ----- Place, Arm : UpperArm, Location : PM1.CoreInput, Slot : 2 -----
[19:29:13:125]	[SEND] PLACE 14 SLOT 1 ARM A
[19:29:13:194]	[RECV] _ACK
[19:29:22:491]	[RECV] _RDY
[19:29:22:493]	[OPER] ----- Result : Completed, Description : 
[19:30:14:510]	[OPER] ----- ClearError -----
[19:30:14:512]	[SEND] CLEAR
[19:30:14:564]	[RECV] _ACK
[19:30:15:678]	[RECV] _RDY
[19:30:15:679]	[OPER] ----- Result : Completed, Description : 
[19:31:28:222]	[OPER] ----- ClearError -----
[19:31:28:225]	[SEND] CLEAR
[19:31:28:276]	[RECV] _ACK
[19:31:29:398]	[RECV] _RDY
[19:31:29:400]	[OPER] ----- Result : Completed, Description : 
[19:32:40:040]	[OPER] ----- ClearError -----
[19:32:40:042]	[SEND] CLEAR
[19:32:40:093]	[RECV] _ACK
[19:32:41:231]	[RECV] _RDY
[19:32:41:233]	[OPER] ----- Result : Completed, Description : 
[19:32:56:857]	[OPER] ----- ClearError -----
[19:32:56:859]	[SEND] CLEAR
[19:32:56:910]	[RECV] _ACK
[19:32:58:048]	[RECV] _RDY
[19:32:58:050]	[OPER] ----- Result : Completed, Description : 
[19:33:11:539]	[OPER] ----- ClearError -----
[19:33:11:541]	[SEND] CLEAR
[19:33:11:593]	[RECV] _ACK
[19:33:12:727]	[RECV] _RDY
[19:33:12:728]	[OPER] ----- Result : Completed, Description : 
[19:39:23:256]	[OPER] ----- ClearError -----
[19:39:23:258]	[SEND] CLEAR
[19:39:23:310]	[RECV] _ACK
[19:39:24:421]	[RECV] _RDY
[19:39:24:422]	[OPER] ----- Result : Completed, Description : 
[19:39:54:276]	[OPER] ----- ClearError -----
[19:39:54:278]	[SEND] CLEAR
[19:39:54:330]	[RECV] _ACK
[19:39:55:463]	[RECV] _RDY
[19:39:55:464]	[OPER] ----- Result : Completed, Description : 
[19:42:30:637]	[OPER] ----- ClearError -----
[19:42:30:639]	[SEND] CLEAR
[19:42:30:691]	[RECV] _ACK
[19:42:31:812]	[RECV] _RDY
[19:42:31:814]	[OPER] ----- Result : Completed, Description : 
[20:06:56:584]	[OPER] ----- ClearError -----
[20:06:56:586]	[SEND] CLEAR
[20:06:56:639]	[RECV] _ACK
[20:06:57:755]	[RECV] _RDY
[20:06:57:757]	[OPER] ----- Result : Completed, Description : 
[20:07:08:657]	[OPER] ----- ApproachForPick, Arm : UpperArm, Location : PM1.CoreOutput, Slot : 0 -----
[20:07:08:660]	[SEND] GOTO N 15 R RE Z DN SLOT 1 ARM A
[20:07:08:738]	[RECV] _ACK
[20:07:13:714]	[RECV] _RDY
[20:07:13:716]	[OPER] ----- Result : Completed, Description : 
[20:07:13:731]	[OPER] ----- Pick, Arm : UpperArm, Location : PM1.CoreOutput, Slot : 0 -----
[20:07:13:739]	[SEND] PICK 15 SLOT 1 ARM A
[20:07:13:805]	[RECV] _ACK
[20:07:24:769]	[RECV] _RDY
[20:07:24:771]	[OPER] ----- Result : Completed, Description : 
[20:07:55:870]	[OPER] ----- Ungrip -----
[20:07:55:971]	[SEND] GRIP OFF ARM A
[20:07:56:041]	[RECV] _ACK
[20:07:56:042]	[RECV] _RDY
[20:07:56:072]	[OPER] ----- Result : Completed, Description : 
[20:11:16:703]	[OPER] ----- ClearError -----
[20:11:16:705]	[SEND] CLEAR
[20:11:16:756]	[RECV] _ACK
[20:11:17:870]	[RECV] _RDY
[20:11:17:871]	[OPER] ----- Result : Completed, Description : 
[20:11:31:779]	[OPER] ----- ApproachForPick, Arm : LowerArm, Location : PM1.SortOutput, Slot : 0 -----
[20:11:31:781]	[SEND] GOTO N 16 R RE Z DN SLOT 1 ARM B
[20:11:31:859]	[RECV] _ACK
[20:11:34:910]	[RECV] _RDY
[20:11:34:912]	[OPER] ----- Result : Completed, Description : 
[20:11:38:034]	[OPER] ----- Pick, Arm : LowerArm, Location : PM1.SortOutput, Slot : 0 -----
[20:11:38:042]	[SEND] PICK 16 SLOT 1 ARM B
[20:11:38:109]	[RECV] _ACK
[20:11:49:348]	[RECV] _RDY
[20:11:49:350]	[OPER] ----- Result : Completed, Description : 
[20:12:10:253]	[OPER] ----- Ungrip -----
[20:12:10:354]	[SEND] GRIP OFF ARM A
[20:12:10:422]	[RECV] _ACK
[20:12:10:423]	[RECV] _RDY
[20:12:10:454]	[OPER] ----- Result : Completed, Description : 
[20:12:27:693]	[OPER] ----- Ungrip -----
[20:12:27:794]	[SEND] GRIP OFF ARM A
[20:12:27:863]	[RECV] _ACK
[20:12:27:864]	[RECV] _RDY
[20:12:27:895]	[OPER] ----- Result : Completed, Description : 
[20:12:44:355]	[OPER] ----- Ungrip -----
[20:12:44:456]	[SEND] GRIP OFF ARM B
[20:12:44:524]	[RECV] _ACK
[20:12:44:525]	[RECV] _RDY
[20:12:44:556]	[OPER] ----- Result : Completed, Description : 
[20:13:04:737]	[OPER] ----- ClearError -----
[20:13:04:739]	[SEND] CLEAR
[20:13:04:792]	[RECV] _ACK
[20:13:05:908]	[RECV] _RDY
[20:13:05:910]	[OPER] ----- Result : Completed, Description : 
[20:13:17:681]	[OPER] ----- ClearError -----
[20:13:17:683]	[SEND] CLEAR
[20:13:17:735]	[RECV] _ACK
[20:13:18:857]	[RECV] _RDY
[20:13:18:858]	[OPER] ----- Result : Completed, Description : 
