[17:11:51:028]	[RECV] _ERR 00009
[20:51:07:623]	[RECV] _ERR 00009
[20:51:07:629]	[RECV] _ERR 00009
[20:51:08:521]	[RECV] _ERR 00009
[20:51:23:642]	[RECV] _RDY
[20:51:24:858]	[RECV] _RDY
[20:51:32:093]	[OPER] ----- Initialize -----
[20:51:32:095]	[SEND] CLEAR
[20:51:32:148]	[RECV] _ACK
[20:51:33:282]	[RECV] _RDY
[20:51:33:289]	[SEND] HOME ALL
[20:51:33:342]	[RECV] _ACK
[20:51:44:422]	[RECV] _RDY
[20:51:44:424]	[OPER] ----- Result : Completed, Description : 
[20:56:07:338]	[RECV] _ERR 00009
[21:00:58:430]	[OPER] ----- Initialize -----
[21:00:58:430]	[SEND] CLEAR
[21:00:58:482]	[RECV] _ACK
[21:00:59:142]	[RECV] _ERR 00009
[21:00:59:144]	[OPER] ----- Result : Error, Description : 00009
[21:01:20:703]	[OPER] ----- Initialize -----
[21:01:20:703]	[SEND] CLEAR
[21:01:20:755]	[RECV] _ACK
[21:01:21:395]	[RECV] _ERR 00009
[21:01:21:396]	[OPER] ----- Result : Error, Description : 00009
[21:01:29:640]	[RECV] _ERR 00009
[21:01:36:859]	[OPER] ----- Initialize -----
[21:01:36:859]	[SEND] CLEAR
[21:01:36:911]	[RECV] _ACK
[21:01:38:044]	[RECV] _RDY
[21:01:38:049]	[SEND] HOME ALL
[21:01:38:103]	[RECV] _ACK
[21:01:49:149]	[RECV] _RDY
[21:01:49:150]	[OPER] ----- Result : Completed, Description : 
[21:02:53:551]	[OPER] ----- ClearError -----
[21:02:53:554]	[SEND] CLEAR
[21:02:53:607]	[RECV] _ACK
[21:02:54:744]	[RECV] _RDY
[21:02:54:746]	[OPER] ----- Result : Completed, Description : 
[21:03:05:093]	[OPER] ----- ClearError -----
[21:03:05:095]	[SEND] CLEAR
[21:03:05:147]	[RECV] _ACK
[21:03:06:287]	[RECV] _RDY
[21:03:06:289]	[OPER] ----- Result : Completed, Description : 
[21:03:21:130]	[OPER] ----- ClearError -----
[21:03:21:132]	[SEND] CLEAR
[21:03:21:185]	[RECV] _ACK
[21:03:22:323]	[RECV] _RDY
[21:03:22:324]	[OPER] ----- Result : Completed, Description : 
[21:03:52:691]	[OPER] ----- ClearError -----
[21:03:52:693]	[SEND] CLEAR
[21:03:52:745]	[RECV] _ACK
[21:03:53:881]	[RECV] _RDY
[21:03:53:883]	[OPER] ----- Result : Completed, Description : 
[21:06:17:307]	[OPER] ----- ClearError -----
[21:06:17:309]	[SEND] CLEAR
[21:06:17:361]	[RECV] _ACK
[21:06:18:485]	[RECV] _RDY
[21:06:18:486]	[OPER] ----- Result : Completed, Description : 
[21:08:40:545]	[OPER] ----- Initialize -----
[21:08:40:548]	[SEND] CLEAR
[21:08:40:600]	[RECV] _ACK
[21:08:41:716]	[RECV] _RDY
[21:08:41:725]	[SEND] HOME ALL
[21:08:41:779]	[RECV] _ACK
[21:08:52:840]	[RECV] _RDY
[21:08:52:842]	[OPER] ----- Result : Completed, Description : 
[21:12:14:336]	[OPER] ----- ClearError -----
[21:12:14:338]	[SEND] CLEAR
[21:12:14:388]	[RECV] _ACK
[21:12:15:517]	[RECV] _RDY
[21:12:15:518]	[OPER] ----- Result : Completed, Description : 
[21:12:29:019]	[OPER] ----- Pick, Arm : UpperArm, Location : LP4, Slot : 1 -----
[21:12:29:023]	[SEND] GOTO N 10 R RE Z UP SLOT 2 ARM A
[21:12:29:106]	[RECV] _ACK
[21:12:33:596]	[RECV] _RDY
[21:12:33:596]	[OPER] ----- Result : Completed, Description : 
[21:15:24:872]	[OPER] ----- Initialize -----
[21:15:24:874]	[SEND] CLEAR
[21:15:24:927]	[RECV] _ACK
[21:15:26:060]	[RECV] _RDY
[21:15:26:068]	[SEND] HOME ALL
[21:15:26:121]	[RECV] _ACK
[21:15:52:278]	[RECV] _RDY
[21:15:52:280]	[OPER] ----- Result : Completed, Description : 
[21:16:25:682]	[OPER] ----- ClearError -----
[21:16:25:684]	[SEND] CLEAR
[21:16:25:735]	[RECV] _ACK
[21:16:26:865]	[RECV] _RDY
[21:16:26:867]	[OPER] ----- Result : Completed, Description : 
[21:16:40:372]	[OPER] ----- Pick, Arm : UpperArm, Location : LP4, Slot : 1 -----
[21:16:40:376]	[SEND] GOTO N 10 R RE Z UP SLOT 2 ARM A
[21:16:40:455]	[RECV] _ACK
[21:16:44:942]	[RECV] _RDY
[21:16:44:943]	[OPER] ----- Result : Completed, Description : 
[21:16:45:116]	[OPER] ----- ApproachForPlace, Arm : UpperArm, Location : PM1.SortInput, Slot : 0 -----
[21:16:45:118]	[SEND] GOTO N 13 R RE Z UP SLOT 1 ARM A
[21:16:45:196]	[RECV] _ACK
[21:16:48:099]	[RECV] _RDY
[21:16:48:099]	[OPER] ----- Result : Completed, Description : 
[21:16:48:210]	[OPER] ----- Place, Arm : UpperArm, Location : PM1.SortInput, Slot : 1 -----
[21:16:48:215]	[SEND] GOTO N 13 R RE Z UP SLOT 1 ARM A
[21:16:48:308]	[RECV] _ACK
[21:16:48:309]	[RECV] _RDY
[21:16:48:310]	[OPER] ----- Result : Completed, Description : 
[21:16:48:440]	[OPER] ----- Pick, Arm : UpperArm, Location : LP4, Slot : 2 -----
[21:16:48:444]	[SEND] GOTO N 10 R RE Z UP SLOT 3 ARM A
[21:16:48:523]	[RECV] _ACK
[21:16:51:424]	[RECV] _RDY
[21:16:51:425]	[OPER] ----- Result : Completed, Description : 
[21:16:51:555]	[OPER] ----- ApproachForPlace, Arm : UpperArm, Location : PM1.SortInput, Slot : 0 -----
[21:16:51:557]	[SEND] GOTO N 13 R RE Z UP SLOT 1 ARM A
[21:16:51:635]	[RECV] _ACK
[21:16:54:538]	[RECV] _RDY
[21:16:54:540]	[OPER] ----- Result : Completed, Description : 
[21:16:54:664]	[OPER] ----- Place, Arm : UpperArm, Location : PM1.SortInput, Slot : 2 -----
[21:16:54:668]	[SEND] GOTO N 13 R RE Z UP SLOT 1 ARM A
[21:16:54:759]	[RECV] _ACK
[21:16:54:760]	[RECV] _RDY
[21:16:54:761]	[OPER] ----- Result : Completed, Description : 
[21:16:54:897]	[OPER] ----- Pick, Arm : UpperArm, Location : LP5, Slot : 1 -----
[21:16:54:902]	[SEND] GOTO N 11 R RE Z UP SLOT 2 ARM A
[21:16:54:981]	[RECV] _ACK
[21:16:57:883]	[RECV] _RDY
[21:16:57:884]	[OPER] ----- Result : Completed, Description : 
[21:16:58:021]	[OPER] ----- ApproachForPlace, Arm : UpperArm, Location : PM1.CoreInput, Slot : 0 -----
[21:16:58:023]	[SEND] GOTO N 14 R RE Z UP SLOT 1 ARM A
[21:16:58:101]	[RECV] _ACK
[21:17:01:004]	[RECV] _RDY
[21:17:01:007]	[OPER] ----- Result : Completed, Description : 
[21:17:01:137]	[OPER] ----- Place, Arm : UpperArm, Location : PM1.CoreInput, Slot : 1 -----
[21:17:01:141]	[SEND] GOTO N 14 R RE Z UP SLOT 1 ARM A
[21:17:01:233]	[RECV] _ACK
[21:17:01:234]	[RECV] _RDY
[21:17:01:234]	[OPER] ----- Result : Completed, Description : 
[21:17:01:363]	[OPER] ----- Pick, Arm : UpperArm, Location : LP4, Slot : 3 -----
[21:17:01:367]	[SEND] GOTO N 10 R RE Z UP SLOT 4 ARM A
[21:17:01:445]	[RECV] _ACK
[21:17:04:348]	[RECV] _RDY
[21:17:04:350]	[OPER] ----- Result : Completed, Description : 
[21:17:04:488]	[OPER] ----- ApproachForPlace, Arm : UpperArm, Location : PM1.SortInput, Slot : 0 -----
[21:17:04:490]	[SEND] GOTO N 13 R RE Z UP SLOT 1 ARM A
[21:17:04:568]	[RECV] _ACK
[21:17:07:472]	[RECV] _RDY
[21:17:07:472]	[OPER] ----- Result : Completed, Description : 
[21:17:07:587]	[OPER] ----- Place, Arm : UpperArm, Location : PM1.SortInput, Slot : 3 -----
[21:17:07:591]	[SEND] GOTO N 13 R RE Z UP SLOT 1 ARM A
[21:17:07:683]	[RECV] _ACK
[21:17:07:684]	[RECV] _RDY
[21:17:07:685]	[OPER] ----- Result : Completed, Description : 
[21:17:07:702]	[OPER] ----- Pick, Arm : UpperArm, Location : LP5, Slot : 2 -----
[21:17:07:706]	[SEND] GOTO N 11 R RE Z UP SLOT 3 ARM A
[21:17:07:784]	[RECV] _ACK
[21:17:10:688]	[RECV] _RDY
[21:17:10:689]	[OPER] ----- Result : Completed, Description : 
[21:17:10:825]	[OPER] ----- ApproachForPlace, Arm : UpperArm, Location : PM1.CoreInput, Slot : 0 -----
[21:17:10:828]	[SEND] GOTO N 14 R RE Z UP SLOT 1 ARM A
[21:17:10:906]	[RECV] _ACK
[21:17:13:809]	[RECV] _RDY
[21:17:13:810]	[OPER] ----- Result : Completed, Description : 
[21:17:13:927]	[OPER] ----- Place, Arm : UpperArm, Location : PM1.CoreInput, Slot : 2 -----
[21:17:13:931]	[SEND] GOTO N 14 R RE Z UP SLOT 1 ARM A
[21:17:14:023]	[RECV] _ACK
[21:17:14:024]	[RECV] _RDY
[21:17:14:026]	[OPER] ----- Result : Completed, Description : 
[21:17:14:159]	[OPER] ----- Pick, Arm : UpperArm, Location : LP5, Slot : 3 -----
[21:17:14:163]	[SEND] GOTO N 11 R RE Z UP SLOT 4 ARM A
[21:17:14:241]	[RECV] _ACK
[21:17:17:144]	[RECV] _RDY
[21:17:17:145]	[OPER] ----- Result : Completed, Description : 
[21:17:17:282]	[OPER] ----- ApproachForPlace, Arm : UpperArm, Location : PM1.CoreInput, Slot : 0 -----
[21:17:17:284]	[SEND] GOTO N 14 R RE Z UP SLOT 1 ARM A
[21:17:17:362]	[RECV] _ACK
[21:17:20:263]	[RECV] _RDY
[21:17:20:264]	[OPER] ----- Result : Completed, Description : 
[21:17:20:381]	[OPER] ----- Place, Arm : UpperArm, Location : PM1.CoreInput, Slot : 3 -----
[21:17:20:385]	[SEND] GOTO N 14 R RE Z UP SLOT 1 ARM A
[21:17:20:478]	[RECV] _ACK
[21:17:20:479]	[RECV] _RDY
[21:17:20:480]	[OPER] ----- Result : Completed, Description : 
[21:17:20:615]	[OPER] ----- ApproachForPick, Arm : LowerArm, Location : PM1.CoreOutput, Slot : 0 -----
[21:17:20:618]	[SEND] GOTO N 15 R RE Z DN SLOT 1 ARM B
[21:17:20:697]	[RECV] _ACK
[21:17:23:343]	[RECV] _RDY
[21:17:23:344]	[OPER] ----- Result : Completed, Description : 
[21:17:23:453]	[OPER] ----- Pick, Arm : LowerArm, Location : PM1.CoreOutput, Slot : 0 -----
[21:17:23:457]	[SEND] GOTO N 15 R RE Z UP SLOT 1 ARM B
[21:17:23:535]	[RECV] _ACK
[21:17:24:128]	[RECV] _RDY
[21:17:24:129]	[OPER] ----- Result : Completed, Description : 
[21:17:24:262]	[OPER] ----- Place, Arm : LowerArm, Location : LP5, Slot : 1 -----
[21:17:24:266]	[SEND] GOTO N 11 R RE Z UP SLOT 2 ARM B
[21:17:24:344]	[RECV] _ACK
[21:17:27:246]	[RECV] _RDY
[21:17:27:248]	[OPER] ----- Result : Completed, Description : 
[21:17:27:264]	[OPER] ----- Pick, Arm : UpperArm, Location : LP5, Slot : 4 -----
[21:17:27:268]	[SEND] GOTO N 11 R RE Z UP SLOT 5 ARM A
[21:17:27:346]	[RECV] _ACK
[21:17:28:852]	[RECV] _RDY
[21:17:28:853]	[OPER] ----- Result : Completed, Description : 
[21:17:28:991]	[OPER] ----- ApproachForPlace, Arm : UpperArm, Location : PM1.CoreInput, Slot : 0 -----
[21:17:28:993]	[SEND] GOTO N 14 R RE Z UP SLOT 1 ARM A
[21:17:29:071]	[RECV] _ACK
[21:17:31:974]	[RECV] _RDY
[21:17:31:974]	[OPER] ----- Result : Completed, Description : 
[21:17:32:082]	[OPER] ----- Place, Arm : UpperArm, Location : PM1.CoreInput, Slot : 4 -----
[21:17:32:086]	[SEND] GOTO N 14 R RE Z UP SLOT 1 ARM A
[21:17:32:178]	[RECV] _ACK
[21:17:32:179]	[RECV] _RDY
[21:17:32:181]	[OPER] ----- Result : Completed, Description : 
[21:17:32:311]	[OPER] ----- ApproachForPick, Arm : LowerArm, Location : PM1.SortOutput, Slot : 0 -----
[21:17:32:313]	[SEND] GOTO N 16 R RE Z DN SLOT 1 ARM B
[21:17:32:391]	[RECV] _ACK
[21:17:35:588]	[RECV] _RDY
[21:17:35:589]	[OPER] ----- Result : Completed, Description : 
[21:17:35:699]	[OPER] ----- Pick, Arm : LowerArm, Location : PM1.SortOutput, Slot : 0 -----
[21:17:35:703]	[SEND] GOTO N 16 R RE Z UP SLOT 1 ARM B
[21:17:35:784]	[RECV] _ACK
[21:17:36:537]	[RECV] _RDY
[21:17:36:539]	[OPER] ----- Result : Completed, Description : 
[21:17:36:664]	[OPER] ----- Place, Arm : LowerArm, Location : LP3, Slot : 0 -----
[21:17:36:668]	[SEND] GOTO N 3 R RE Z UP SLOT 1 ARM B
[21:17:36:746]	[RECV] _ACK
[21:17:39:648]	[RECV] _RDY
[21:17:39:649]	[OPER] ----- Result : Completed, Description : 
