[14:45:59:455]	[OPER] ----- Initialize -----
[14:45:59:458]	[SEND] CLEAR
[14:45:59:511]	[RECV] _ACK
[14:46:00:190]	[RECV] _ERR 00009
[14:46:00:195]	[OPER] ----- Result : Error, Description : 00009
[14:46:07:797]	[OPER] ----- Initialize -----
[14:46:07:797]	[SEND] CLEAR
[14:46:07:849]	[RECV] _ACK
[14:46:08:967]	[RECV] _RDY
[14:46:08:973]	[SEND] HOME ALL
[14:46:09:026]	[RECV] _ACK
[14:46:20:080]	[RECV] _RDY
[14:46:20:082]	[OPER] ----- Result : Completed, Description : 
[15:00:22:990]	[OPER] ----- Initialize -----
[15:00:22:993]	[SEND] CLEAR
[15:00:23:047]	[RECV] _ACK
[15:00:24:600]	[RECV] _RDY
[15:00:24:608]	[SEND] HOME ALL
[15:00:24:661]	[RECV] _ACK
[15:00:35:725]	[RECV] _RDY
[15:00:35:726]	[OPER] ----- Result : Completed, Description : 
[15:03:03:571]	[OPER] ----- Initialize -----
[15:03:03:573]	[SEND] CLEAR
[15:03:03:626]	[RECV] _ACK
[15:03:04:761]	[RECV] _RDY
[15:03:04:767]	[SEND] HOME ALL
[15:03:04:819]	[RECV] _ACK
[15:03:15:852]	[RECV] _RDY
[15:03:15:853]	[OPER] ----- Result : Completed, Description : 
[15:03:19:317]	[OPER] ----- ClearError -----
[15:03:19:320]	[SEND] CLEAR
[15:03:19:371]	[RECV] _ACK
[15:03:20:484]	[RECV] _RDY
[15:03:20:485]	[OPER] ----- Result : Completed, Description : 
[15:03:54:728]	[OPER] ----- ClearError -----
[15:03:54:731]	[SEND] CLEAR
[15:03:54:783]	[RECV] _ACK
[15:03:55:895]	[RECV] _RDY
[15:03:55:897]	[OPER] ----- Result : Completed, Description : 
[15:03:55:922]	[OPER] ----- Pick, Arm : UpperArm, Location : LP5, Slot : 1 -----
[15:03:55:930]	[SEND] PICK 11 SLOT 2 ARM A
[15:03:55:996]	[RECV] _ACK
[15:04:13:305]	[RECV] _ERR 42202
[15:04:13:307]	[OPER] ----- Result : Error, Description : 42202
[15:04:52:681]	[OPER] ----- Ungrip -----
[15:04:52:782]	[SEND] GRIP OFF ARM A
[15:04:52:845]	[RECV] _NAK
[15:04:52:883]	[OPER] ----- Result : Error, Description : 
[15:04:58:702]	[OPER] ----- Ungrip -----
[15:04:58:802]	[SEND] GRIP OFF ARM B
[15:04:58:864]	[RECV] _NAK
[15:04:58:903]	[OPER] ----- Result : Error, Description : 
[15:05:13:828]	[OPER] ----- Ungrip -----
[15:05:13:929]	[SEND] GRIP OFF ARM A
[15:05:13:991]	[RECV] _NAK
[15:05:14:030]	[OPER] ----- Result : Error, Description : 
[15:05:19:119]	[OPER] ----- ClearError -----
[15:05:19:220]	[SEND] CLEAR
[15:05:19:271]	[RECV] _ACK
[15:05:20:395]	[RECV] _RDY
[15:05:20:429]	[OPER] ----- Result : Completed, Description : 
[15:05:22:656]	[OPER] ----- Ungrip -----
[15:05:22:756]	[SEND] GRIP OFF ARM A
[15:05:22:825]	[RECV] _ACK
[15:05:22:826]	[RECV] _RDY
[15:05:22:857]	[OPER] ----- Result : Completed, Description : 
[15:05:39:977]	[OPER] ----- Grip -----
[15:05:40:079]	[SEND] GRIP ON ARM A
[15:05:40:148]	[RECV] _ACK
[15:05:40:149]	[RECV] _RDY
[15:05:40:180]	[OPER] ----- Result : Completed, Description : 
[15:05:43:168]	[OPER] ----- GetWaferPresence -----
[15:05:43:269]	[SEND] RQ WAFER ARM ALL
[15:05:43:340]	[RECV] WAFER A Y B N
[15:05:43:370]	[OPER] ----- Result : Completed, Description : 
[15:06:30:060]	[OPER] ----- Initialize -----
[15:06:30:060]	[SEND] CLEAR
[15:06:30:111]	[RECV] _ACK
[15:06:31:235]	[RECV] _RDY
[15:06:31:470]	[SEND] HOME ALL
[15:06:31:524]	[RECV] _ACK
[15:07:01:448]	[RECV] _RDY
[15:07:07:239]	[OPER] ----- MoveToPlace, Arm : UpperArm, Location : PM1.SortInput, Slot : 0 -----
[15:07:07:340]	[SEND] GOTO N 13 R EX Z UP SLOT 1 ARM A
[15:07:07:421]	[RECV] _ACK
[15:07:16:811]	[RECV] _RDY
[15:07:16:910]	[OPER] ----- Result : Completed, Description : 
[15:08:51:145]	[OPER] ----- ApproachForPlace, Arm : UpperArm, Location : PM1.SortInput, Slot : 0 -----
[15:08:51:246]	[SEND] GOTO N 13 R RE Z UP SLOT 1 ARM A
[15:08:51:324]	[RECV] _ACK
[15:08:54:417]	[RECV] _RDY
[15:08:54:470]	[OPER] ----- Result : Completed, Description : 
[15:09:14:097]	[OPER] ----- Place, Arm : UpperArm, Location : PM1.SortInput, Slot : 0 -----
[15:09:14:300]	[SEND] PLACE 13 SLOT 1 ARM A
[15:09:14:369]	[RECV] _ACK
[15:09:24:245]	[RECV] _RDY
[15:09:24:273]	[OPER] ----- Result : Completed, Description : 
[15:09:34:281]	[OPER] ----- Grip -----
[15:09:34:382]	[SEND] GRIP ON ARM A
[15:09:34:448]	[RECV] _ACK
[15:09:34:449]	[RECV] _RDY
[15:09:34:483]	[OPER] ----- Result : Completed, Description : 
[15:09:54:116]	[OPER] ----- Place, Arm : UpperArm, Location : PM1.SortInput, Slot : 0 -----
[15:09:54:318]	[SEND] PLACE 13 SLOT 1 ARM A
[15:09:54:388]	[RECV] _ACK
[15:10:05:446]	[RECV] _RDY
[15:10:05:499]	[OPER] ----- Result : Completed, Description : 
[15:11:02:792]	[OPER] ----- Grip -----
[15:11:02:892]	[SEND] GRIP ON ARM A
[15:11:02:957]	[RECV] _ACK
[15:11:02:958]	[RECV] _RDY
[15:11:02:993]	[OPER] ----- Result : Completed, Description : 
[15:11:23:387]	[OPER] ----- ApproachForPlace, Arm : UpperArm, Location : PM1.SortInput, Slot : 0 -----
[15:11:23:488]	[SEND] GOTO N 13 R RE Z UP SLOT 1 ARM A
[15:11:23:566]	[RECV] _ACK
[15:11:24:757]	[RECV] _RDY
[15:11:24:798]	[OPER] ----- Result : Completed, Description : 
[15:11:30:644]	[OPER] ----- MoveToPlace, Arm : UpperArm, Location : PM1.SortInput, Slot : 0 -----
[15:11:30:745]	[SEND] GOTO N 13 R EX Z UP SLOT 1 ARM A
[15:11:30:824]	[RECV] _ACK
[15:11:33:915]	[RECV] _RDY
[15:11:33:968]	[OPER] ----- Result : Completed, Description : 
[15:12:23:985]	[OPER] ----- Place, Arm : UpperArm, Location : PM1.SortInput, Slot : 0 -----
[15:12:24:187]	[SEND] PLACE 13 SLOT 1 ARM A
[15:12:24:255]	[RECV] _ACK
[15:12:37:207]	[RECV] _RDY
[15:12:37:282]	[OPER] ----- Result : Completed, Description : 
[15:13:35:784]	[OPER] ----- Grip -----
[15:13:35:885]	[SEND] GRIP ON ARM A
[15:13:35:950]	[RECV] _ACK
[15:13:35:951]	[RECV] _RDY
[15:13:35:986]	[OPER] ----- Result : Completed, Description : 
[15:13:44:601]	[OPER] ----- Place, Arm : UpperArm, Location : PM1.SortInput, Slot : 0 -----
[15:13:44:802]	[SEND] PLACE 13 SLOT 1 ARM A
[15:13:44:872]	[RECV] _ACK
[15:13:44:907]	[RECV] _ERR 42210
[15:13:45:004]	[OPER] ----- Result : Error, Description : 42210
[15:13:53:789]	[OPER] ----- GetWaferPresence -----
[15:13:53:890]	[SEND] RQ WAFER ARM ALL
[15:13:53:961]	[RECV] WAFER A N B N
[15:13:53:990]	[OPER] ----- Result : Completed, Description : 
[15:14:03:859]	[OPER] ----- Initialize -----
[15:14:03:859]	[SEND] CLEAR
[15:14:03:912]	[RECV] _ACK
[15:14:05:044]	[RECV] _RDY
[15:14:05:269]	[SEND] HOME ALL
[15:14:05:322]	[RECV] _ACK
[15:14:05:370]	[OPER] ----- Result : Completed, Description : 
[15:14:35:441]	[OPER] ----- Place, Arm : UpperArm, Location : PM1.SortInput, Slot : 0 -----
[15:14:35:642]	[SEND] PLACE 13 SLOT 1 ARM A
[15:14:35:711]	[RECV] _NAK
[15:14:35:743]	[OPER] ----- Result : Error, Description : 
[15:14:37:018]	[RECV] _RDY
[15:14:42:510]	[OPER] ----- GetWaferPresence -----
[15:14:42:610]	[SEND] RQ WAFER ARM ALL
[15:14:42:681]	[RECV] WAFER A Y B N
[15:14:42:711]	[OPER] ----- Result : Completed, Description : 
[15:14:46:560]	[OPER] ----- Place, Arm : UpperArm, Location : PM1.SortInput, Slot : 0 -----
[15:14:46:761]	[SEND] PLACE 13 SLOT 1 ARM A
[15:14:46:831]	[RECV] _ACK
[15:15:03:010]	[RECV] _RDY
[15:15:03:080]	[OPER] ----- Result : Completed, Description : 
[15:15:22:328]	[OPER] ----- Grip -----
[15:15:22:429]	[SEND] GRIP ON ARM A
[15:15:22:495]	[RECV] _ACK
[15:15:22:496]	[RECV] _RDY
[15:15:22:530]	[OPER] ----- Result : Completed, Description : 
[15:15:25:261]	[OPER] ----- GetWaferPresence -----
[15:15:25:362]	[SEND] RQ WAFER ARM ALL
[15:15:25:433]	[RECV] WAFER A Y B N
[15:15:25:463]	[OPER] ----- Result : Completed, Description : 
[15:15:31:448]	[OPER] ----- Place, Arm : UpperArm, Location : PM1.SortInput, Slot : 0 -----
[15:15:31:649]	[SEND] PLACE 13 SLOT 1 ARM A
[15:15:31:718]	[RECV] _ACK
[15:15:42:776]	[RECV] _RDY
[15:15:42:830]	[OPER] ----- Result : Completed, Description : 
[15:16:02:272]	[OPER] ----- Grip -----
[15:16:02:373]	[SEND] GRIP ON ARM A
[15:16:02:438]	[RECV] _ACK
[15:16:02:439]	[RECV] _RDY
[15:16:02:474]	[OPER] ----- Result : Completed, Description : 
[15:16:06:645]	[OPER] ----- GetWaferPresence -----
[15:16:06:745]	[SEND] RQ WAFER ARM ALL
[15:16:06:818]	[RECV] WAFER A Y B N
[15:16:06:846]	[OPER] ----- Result : Completed, Description : 
[15:16:10:912]	[OPER] ----- Place, Arm : UpperArm, Location : PM1.SortInput, Slot : 0 -----
[15:16:11:114]	[SEND] PLACE 13 SLOT 1 ARM A
[15:16:11:182]	[RECV] _ACK
[15:16:22:240]	[RECV] _RDY
[15:16:22:295]	[OPER] ----- Result : Completed, Description : 
[15:17:40:581]	[OPER] ----- Grip -----
[15:17:40:682]	[SEND] GRIP ON ARM A
[15:17:40:747]	[RECV] _ACK
[15:17:40:748]	[RECV] _RDY
[15:17:40:783]	[OPER] ----- Result : Completed, Description : 
[15:17:52:533]	[OPER] ----- GetWaferPresence -----
[15:17:52:634]	[SEND] RQ WAFER ARM ALL
[15:17:52:705]	[RECV] WAFER A Y B N
[15:17:52:735]	[OPER] ----- Result : Completed, Description : 
[15:17:54:374]	[OPER] ----- Place, Arm : UpperArm, Location : PM1.SortInput, Slot : 0 -----
[15:17:54:576]	[SEND] PLACE 13 SLOT 1 ARM A
[15:17:54:645]	[RECV] _ACK
[15:18:05:693]	[RECV] _RDY
[15:18:05:757]	[OPER] ----- Result : Completed, Description : 
[15:18:36:430]	[OPER] ----- Grip -----
[15:18:36:531]	[SEND] GRIP ON ARM A
[15:18:36:595]	[RECV] _ACK
[15:18:36:596]	[RECV] _RDY
[15:18:36:631]	[OPER] ----- Result : Completed, Description : 
[15:18:52:792]	[OPER] ----- Place, Arm : UpperArm, Location : PM1.SortInput, Slot : 0 -----
[15:18:52:993]	[SEND] PLACE 13 SLOT 1 ARM A
[15:18:53:063]	[RECV] _ACK
[15:19:04:113]	[RECV] _RDY
[15:19:04:176]	[OPER] ----- Result : Completed, Description : 
[15:19:31:008]	[OPER] ----- Grip -----
[15:19:31:109]	[SEND] GRIP ON ARM A
[15:19:31:174]	[RECV] _ACK
[15:19:31:175]	[RECV] _RDY
[15:19:31:209]	[OPER] ----- Result : Completed, Description : 
[15:19:39:788]	[OPER] ----- GetWaferPresence -----
[15:19:39:889]	[SEND] RQ WAFER ARM ALL
[15:19:39:960]	[RECV] WAFER A Y B N
[15:19:39:990]	[OPER] ----- Result : Completed, Description : 
[15:19:42:360]	[OPER] ----- Place, Arm : UpperArm, Location : PM1.SortInput, Slot : 0 -----
[15:19:42:562]	[SEND] PLACE 13 SLOT 1 ARM A
[15:19:42:631]	[RECV] _ACK
[15:19:53:689]	[RECV] _RDY
[15:19:53:743]	[OPER] ----- Result : Completed, Description : 
[15:20:06:654]	[OPER] ----- Grip -----
[15:20:06:755]	[SEND] GRIP ON ARM A
[15:20:06:821]	[RECV] _ACK
[15:20:06:822]	[RECV] _RDY
[15:20:06:856]	[OPER] ----- Result : Completed, Description : 
[15:20:18:606]	[OPER] ----- Place, Arm : UpperArm, Location : PM1.SortInput, Slot : 0 -----
[15:20:18:808]	[SEND] PLACE 13 SLOT 1 ARM A
[15:20:18:877]	[RECV] _ACK
[15:20:29:937]	[RECV] _RDY
[15:20:29:989]	[OPER] ----- Result : Completed, Description : 
[15:21:09:672]	[OPER] ----- Pick, Arm : UpperArm, Location : PM1.SortInput, Slot : 0 -----
[15:21:10:075]	[SEND] PICK 13 SLOT 1 ARM A
[15:21:10:141]	[RECV] _ACK
[15:21:21:574]	[RECV] _RDY
[15:21:21:659]	[OPER] ----- Result : Completed, Description : 
[15:21:27:404]	[OPER] ----- GetWaferPresence -----
[15:21:27:505]	[SEND] RQ WAFER ARM ALL
[15:21:27:576]	[RECV] WAFER A Y B N
[15:21:27:606]	[OPER] ----- Result : Completed, Description : 
[15:22:12:306]	[OPER] ----- Place, Arm : UpperArm, Location : PM1.SortInput, Slot : 0 -----
[15:22:12:508]	[SEND] PLACE 13 SLOT 1 ARM A
[15:22:12:577]	[RECV] _ACK
[15:22:22:457]	[RECV] _RDY
[15:22:22:480]	[OPER] ----- Result : Completed, Description : 
[15:24:54:000]	[OPER] ----- Grip -----
[15:24:54:100]	[SEND] GRIP ON ARM A
[15:24:54:165]	[RECV] _ACK
[15:24:54:166]	[RECV] _RDY
[15:24:54:201]	[OPER] ----- Result : Completed, Description : 
[15:25:02:987]	[OPER] ----- Place, Arm : UpperArm, Location : PM1.SortInput, Slot : 0 -----
[15:25:03:188]	[SEND] PLACE 13 SLOT 1 ARM A
[15:25:03:256]	[RECV] _ACK
[15:25:09:624]	[RECV] _ERR 22016
[15:25:09:635]	[OPER] ----- Result : Error, Description : 22016
[15:25:35:546]	[OPER] ----- Grip -----
[15:25:35:647]	[SEND] GRIP ON ARM A
[15:25:35:707]	[RECV] _NAK
[15:25:35:748]	[OPER] ----- Result : Error, Description : 
[15:25:38:982]	[OPER] ----- ClearError -----
[15:25:39:083]	[SEND] CLEAR
[15:25:39:135]	[RECV] _ACK
[15:25:40:264]	[RECV] _RDY
[15:25:40:292]	[OPER] ----- Result : Completed, Description : 
[15:25:42:600]	[OPER] ----- Grip -----
[15:25:42:700]	[SEND] GRIP ON ARM A
[15:25:42:767]	[RECV] _ACK
[15:25:42:768]	[RECV] _RDY
[15:25:42:801]	[OPER] ----- Result : Completed, Description : 
[15:25:48:244]	[OPER] ----- GetWaferPresence -----
[15:25:48:345]	[SEND] RQ WAFER ARM ALL
[15:25:48:420]	[RECV] WAFER A Y B N
[15:25:48:446]	[OPER] ----- Result : Completed, Description : 
[15:25:50:376]	[OPER] ----- Initialize -----
[15:25:50:376]	[SEND] CLEAR
[15:25:50:428]	[RECV] _ACK
[15:25:51:543]	[RECV] _RDY
[15:25:51:786]	[SEND] HOME ALL
[15:25:51:838]	[RECV] _ACK
[15:26:26:131]	[RECV] _RDY
[15:26:44:549]	[OPER] ----- Place, Arm : UpperArm, Location : PM1.SortInput, Slot : 0 -----
[15:26:44:750]	[SEND] PLACE 13 SLOT 1 ARM A
[15:26:44:819]	[RECV] _ACK
[15:26:53:358]	[RECV] _ERR 24013
[15:26:53:413]	[OPER] ----- Result : Error, Description : 24013
[15:27:24:522]	[OPER] ----- Initialize -----
[15:27:24:522]	[SEND] CLEAR
[15:27:24:575]	[RECV] _ACK
[15:27:25:715]	[RECV] _RDY
[15:27:25:720]	[SEND] HOME ALL
[15:27:25:722]	[OPER] ----- Result : Completed, Description : 
[15:27:25:773]	[RECV] _ACK
[15:28:01:167]	[RECV] _RDY
[15:28:15:148]	[OPER] ----- GetWaferPresence -----
[15:28:15:249]	[SEND] RQ WAFER ARM ALL
[15:28:15:320]	[RECV] WAFER A Y B N
[15:28:15:350]	[OPER] ----- Result : Completed, Description : 
[15:28:17:432]	[OPER] ----- Place, Arm : UpperArm, Location : PM1.SortInput, Slot : 0 -----
[15:28:17:634]	[SEND] PLACE 13 SLOT 1 ARM A
[15:28:17:703]	[RECV] _ACK
[15:28:33:880]	[RECV] _RDY
[15:28:33:952]	[OPER] ----- Result : Completed, Description : 
[15:29:15:774]	[OPER] ----- ClearError -----
[15:29:15:776]	[SEND] CLEAR
[15:29:15:828]	[RECV] _ACK
[15:29:16:967]	[RECV] _RDY
[15:29:16:968]	[OPER] ----- Result : Completed, Description : 
[15:30:00:809]	[OPER] ----- Initialize -----
[15:30:00:809]	[SEND] CLEAR
[15:30:00:862]	[RECV] _ACK
[15:30:02:002]	[RECV] _RDY
[15:30:02:007]	[SEND] HOME ALL
[15:30:02:059]	[RECV] _ACK
[15:30:34:647]	[RECV] _RDY
[15:30:34:649]	[OPER] ----- Result : Completed, Description : 
[15:30:54:265]	[OPER] ----- ApproachForPlace, Arm : UpperArm, Location : PM1.SortInput, Slot : 0 -----
[15:30:54:365]	[SEND] GOTO N 13 R RE Z UP SLOT 1 ARM A
[15:30:54:445]	[RECV] _ACK
[15:31:00:759]	[RECV] _RDY
[15:31:00:812]	[OPER] ----- Result : Completed, Description : 
[15:31:00:813]	[OPER] ----- ClearError -----
[15:31:00:815]	[SEND] CLEAR
[15:31:00:866]	[RECV] _ACK
[15:31:01:995]	[RECV] _RDY
[15:31:01:997]	[OPER] ----- Result : Completed, Description : 
[15:31:41:577]	[OPER] ----- AmpOn -----
[15:31:41:679]	[SEND] SERVO ON ALL
[15:31:41:738]	[RECV] _ACK
[15:31:42:543]	[RECV] _RDY
[15:31:42:585]	[OPER] ----- Result : Completed, Description : 
[15:31:46:936]	[OPER] ----- Initialize -----
[15:31:46:936]	[SEND] CLEAR
[15:31:46:989]	[RECV] _ACK
[15:31:48:122]	[RECV] _RDY
[15:31:48:346]	[SEND] HOME ALL
[15:31:48:398]	[RECV] _ACK
[15:32:20:963]	[RECV] _RDY
[15:32:25:106]	[OPER] ----- ApproachForPlace, Arm : UpperArm, Location : PM1.SortInput, Slot : 0 -----
[15:32:25:206]	[SEND] GOTO N 13 R RE Z UP SLOT 1 ARM A
[15:32:25:283]	[RECV] _ACK
[15:32:31:597]	[RECV] _RDY
[15:32:31:653]	[OPER] ----- Result : Completed, Description : 
[15:32:43:333]	[OPER] ----- Place, Arm : UpperArm, Location : PM1.SortInput, Slot : 0 -----
[15:32:43:534]	[SEND] PLACE 13 SLOT 1 ARM A
[15:32:43:603]	[RECV] _ACK
[15:32:53:483]	[RECV] _RDY
[15:32:53:508]	[OPER] ----- Result : Completed, Description : 
[15:33:02:934]	[OPER] ----- Pick, Arm : UpperArm, Location : PM1.SortInput, Slot : 0 -----
[15:33:03:337]	[SEND] PICK 13 SLOT 1 ARM A
[15:33:03:402]	[RECV] _ACK
[15:33:14:837]	[RECV] _RDY
[15:33:14:921]	[OPER] ----- Result : Completed, Description : 
[15:34:02:583]	[OPER] ----- ApproachForPlace, Arm : UpperArm, Location : PM1.SortOutput, Slot : 0 -----
[15:34:02:684]	[SEND] GOTO N 16 R RE Z UP SLOT 1 ARM A
[15:34:02:761]	[RECV] _ACK
[15:34:08:677]	[RECV] _RDY
[15:34:08:727]	[OPER] ----- Result : Completed, Description : 
[15:35:44:362]	[OPER] ----- MoveToPlace, Arm : UpperArm, Location : PM1.SortOutput, Slot : 0 -----
[15:35:44:462]	[SEND] GOTO N 16 R EX Z UP SLOT 1 ARM A
[15:35:44:539]	[RECV] _ACK
[15:35:49:677]	[RECV] _ERR 22016
[15:35:49:700]	[OPER] ----- Result : Error, Description : 22016
[15:36:20:895]	[OPER] ----- Initialize -----
[15:36:20:895]	[SEND] CLEAR
[15:36:20:947]	[RECV] _ACK
[15:36:22:088]	[RECV] _RDY
[15:36:22:305]	[SEND] HOME ALL
[15:36:22:357]	[RECV] _ACK
[15:36:22:406]	[OPER] ----- Result : Completed, Description : 
[15:36:36:563]	[OPER] ----- GetWaferPresence -----
[15:36:36:664]	[SEND] RQ WAFER ARM ALL
[15:36:36:738]	[RECV] WAFER A Y B N
[15:36:36:764]	[OPER] ----- Result : Completed, Description : 
[15:36:38:899]	[OPER] ----- GetWaferPresence -----
[15:36:38:999]	[SEND] RQ WAFER ARM ALL
[15:36:39:071]	[RECV] WAFER A Y B N
[15:36:39:100]	[OPER] ----- Result : Completed, Description : 
[15:36:39:604]	[RECV] _RDY
[15:36:57:636]	[OPER] ----- MoveToPlace, Arm : UpperArm, Location : PM1.SortOutput, Slot : 0 -----
[15:36:57:736]	[SEND] GOTO N 16 R EX Z UP SLOT 1 ARM A
[15:36:57:813]	[RECV] _ACK
[15:37:04:256]	[RECV] _RDY
[15:37:04:285]	[OPER] ----- Result : Completed, Description : 
[15:37:18:097]	[OPER] ----- ApproachForPlace, Arm : UpperArm, Location : PM1.SortOutput, Slot : 0 -----
[15:37:18:198]	[SEND] GOTO N 16 R RE Z UP SLOT 1 ARM A
[15:37:18:274]	[RECV] _ACK
[15:37:21:280]	[RECV] _RDY
[15:37:21:320]	[OPER] ----- Result : Completed, Description : 
[15:37:32:510]	[OPER] ----- Place, Arm : UpperArm, Location : PM1.SortOutput, Slot : 0 -----
[15:37:32:712]	[SEND] PLACE 16 SLOT 1 ARM A
[15:37:32:781]	[RECV] _ACK
[15:37:42:474]	[RECV] _RDY
[15:37:42:483]	[OPER] ----- Result : Completed, Description : 
[15:38:16:710]	[OPER] ----- Pick, Arm : UpperArm, Location : PM1.SortOutput, Slot : 0 -----
[15:38:17:113]	[SEND] PICK 16 SLOT 1 ARM A
[15:38:17:180]	[RECV] _ACK
[15:38:28:428]	[RECV] _RDY
[15:38:28:495]	[OPER] ----- Result : Completed, Description : 
[15:38:37:813]	[OPER] ----- Place, Arm : UpperArm, Location : PM1.SortOutput, Slot : 0 -----
[15:38:38:014]	[SEND] PLACE 16 SLOT 1 ARM A
[15:38:38:083]	[RECV] _ACK
[15:38:47:788]	[RECV] _RDY
[15:38:47:886]	[OPER] ----- Result : Completed, Description : 
[15:39:22:748]	[OPER] ----- Pick, Arm : UpperArm, Location : PM1.SortOutput, Slot : 0 -----
[15:39:23:151]	[SEND] PICK 16 SLOT 1 ARM A
[15:39:23:218]	[RECV] _ACK
[15:39:34:443]	[RECV] _RDY
[15:39:34:534]	[OPER] ----- Result : Completed, Description : 
[15:39:55:406]	[OPER] ----- Place, Arm : UpperArm, Location : PM1.SortOutput, Slot : 0 -----
[15:39:55:607]	[SEND] PLACE 16 SLOT 1 ARM A
[15:39:55:675]	[RECV] _ACK
[15:40:05:373]	[RECV] _RDY
[15:40:05:378]	[OPER] ----- Result : Completed, Description : 
[15:40:21:597]	[OPER] ----- Pick, Arm : UpperArm, Location : PM1.SortOutput, Slot : 0 -----
[15:40:22:000]	[SEND] PICK 16 SLOT 1 ARM A
[15:40:22:067]	[RECV] _ACK
[15:40:33:317]	[RECV] _RDY
[15:40:33:382]	[OPER] ----- Result : Completed, Description : 
[15:40:43:422]	[OPER] ----- Place, Arm : UpperArm, Location : PM1.SortOutput, Slot : 0 -----
[15:40:43:624]	[SEND] PLACE 16 SLOT 1 ARM A
[15:40:43:693]	[RECV] _ACK
[15:40:53:392]	[RECV] _RDY
[15:40:53:395]	[OPER] ----- Result : Completed, Description : 
[15:41:16:029]	[OPER] ----- Pick, Arm : UpperArm, Location : PM1.SortOutput, Slot : 0 -----
[15:41:16:432]	[SEND] PICK 16 SLOT 1 ARM A
[15:41:16:500]	[RECV] _ACK
[15:41:27:757]	[RECV] _RDY
[15:41:27:816]	[OPER] ----- Result : Completed, Description : 
[15:41:34:498]	[OPER] ----- Place, Arm : UpperArm, Location : PM1.SortOutput, Slot : 0 -----
[15:41:34:699]	[SEND] PLACE 16 SLOT 1 ARM A
[15:41:34:767]	[RECV] _ACK
[15:41:44:463]	[RECV] _RDY
[15:41:44:470]	[OPER] ----- Result : Completed, Description : 
