[01:01:22:289]	[SEND] [Port : 2], [Title : RequestApproachLoading], [Key : HandlingResult Value : Ok], [Key : SubstrateName Value : ZFUJ115.9], [Key : LotId Value : FZ3KDA], [Key : RecipeId Value : ], [Key : RingId Value : ZFUJ115.9], [Key : PortId Value : 5], [Key : SlotId Value : 9], [Key : SubstrateType Value : Core]
[01:01:22:539]	[RECV] [Port : 2], [Title : ResponseApproachLoading]
[01:01:22:539]	[SEND] [Port : 2], [Title : ResponseApproachLoading], [Ack : Ack], [Description : ]
[01:01:27:225]	[SEND] [Port : 2], [Title : RequestActionLoading], [Key : HandlingResult Value : Ok], [Key : SubstrateName Value : ZFUJ115.9], [Key : LotId Value : FZ3KDA], [Key : RecipeId Value : ], [Key : RingId Value : ZFUJ115.9], [Key : PortId Value : 5], [Key : SlotId Value : 9], [Key : SubstrateType Value : Core]
[01:01:27:229]	[RECV] [Port : 2], [Title : ResponseActionLoading]
[01:01:27:229]	[SEND] [Port : 2], [Title : ResponseActionLoading], [Ack : Ack], [Description : ]
[01:01:36:616]	[SEND] [Port : 2], [Title : RequestConfirmLoading], [Key : HandlingResult Value : Ok], [Key : SubstrateName Value : ZFUJ115.9], [Key : LotId Value : FZ3KDA], [Key : RecipeId Value : ], [Key : RingId Value : ZFUJ115.9], [Key : PortId Value : 5], [Key : SlotId Value : 9], [Key : SubstrateType Value : Core]
[01:01:36:619]	[RECV] [Port : 2], [Title : ResponseConfirmLoading]
[01:01:36:619]	[SEND] [Port : 2], [Title : ResponseConfirmLoading], [Ack : Ack], [Description : ]
[19:57:50:825]	[SEND] [Port : 6], [Title : RequestApproachLoading], [Key : HandlingResult Value : Ok], [Key : SubstrateName Value : ZFWL391.1], [Key : LotId Value : ], [Key : RecipeId Value : ], [Key : RingId Value : ZFWL391.1], [Key : PortId Value : 4], [Key : SlotId Value : 1], [Key : SubstrateType Value : Empty]
[19:57:50:965]	[RECV] [Port : 6], [Title : ResponseApproachLoading], [Key :  Value : ]
[19:57:50:965]	[SEND] [Port : 6], [Title : ResponseApproachLoading], [Ack : Ack], [Description : ]
[19:57:55:652]	[SEND] [Port : 6], [Title : RequestActionLoading], [Key : HandlingResult Value : Ok], [Key : SubstrateName Value : ZFWL391.1], [Key : LotId Value : ], [Key : RecipeId Value : ], [Key : RingId Value : ZFWL391.1], [Key : PortId Value : 4], [Key : SlotId Value : 1], [Key : SubstrateType Value : Empty]
[19:57:55:762]	[RECV] [Port : 6], [Title : ResponseActionLoading], [Key :  Value : ]
[19:57:55:762]	[SEND] [Port : 6], [Title : ResponseActionLoading], [Ack : Ack], [Description : ]
[19:57:55:871]	[SEND] [Port : 6], [Title : RequestConfirmLoading], [Key : HandlingResult Value : Ok], [Key : SubstrateName Value : ZFWL391.1], [Key : LotId Value : ], [Key : RecipeId Value : ], [Key : RingId Value : ZFWL391.1], [Key : PortId Value : 4], [Key : SlotId Value : 1], [Key : SubstrateType Value : Empty]
[19:57:55:978]	[RECV] [Port : 6], [Title : ResponseConfirmLoading], [Key :  Value : ]
[19:57:55:978]	[SEND] [Port : 6], [Title : ResponseConfirmLoading], [Ack : Ack], [Description : ]
[19:58:00:881]	[SEND] [Port : 9], [Title : RequestApproachUnloading], [Key : HandlingResult Value : Ok], [Key : SubstrateName Value : ], [Key : LotId Value : ], [Key : RecipeId Value : ], [Key : SubstrateType Value : ], [Key : RingId Value : ], [Key : PortId Value : ], [Key : SlotId Value : ]
[19:58:00:984]	[RECV] [Port : 9], [Title : ResponseApproachUnloading], [Key : RingId Value : ZFWL391.1], [Key : LotId Value : ], [Key : HandlingResult Value : Ok], [Key : SlotId Value : 1], [Key : SubstrateName Value : ZFWL391.1], [Key : SubstrateType Value : Bin3], [Key : RecipeId Value : ], [Key : PortId Value : 4]
[19:58:00:984]	[SEND] [Port : 9], [Title : ResponseApproachUnloading], [Ack : Ack], [Description : ]
[19:58:06:993]	[SEND] [Port : 9], [Title : RequestActionUnloading], [Key : HandlingResult Value : Ok], [Key : SubstrateName Value : ZFWL391.1], [Key : LotId Value : ], [Key : RecipeId Value : ], [Key : RingId Value : ZFWL391.1], [Key : PortId Value : 4], [Key : SlotId Value : 1], [Key : SubstrateType Value : Empty]
[19:58:07:102]	[RECV] [Port : 9], [Title : ResponseActionUnloading], [Key :  Value : ]
[19:58:07:102]	[SEND] [Port : 9], [Title : ResponseActionUnloading], [Ack : Ack], [Description : ]
[19:58:16:431]	[SEND] [Port : 7], [Title : RequestApproachLoading], [Key : HandlingResult Value : Ok], [Key : SubstrateName Value : ZFUJ115.1], [Key : LotId Value : ], [Key : RecipeId Value : ], [Key : RingId Value : ZFUJ115.1], [Key : PortId Value : 5], [Key : SlotId Value : 1], [Key : SubstrateType Value : Core]
[19:58:16:541]	[RECV] [Port : 7], [Title : ResponseApproachLoading], [Key :  Value : ]
[19:58:16:541]	[SEND] [Port : 7], [Title : ResponseApproachLoading], [Ack : Ack], [Description : ]
[19:58:21:223]	[SEND] [Port : 7], [Title : RequestActionLoading], [Key : HandlingResult Value : Ok], [Key : SubstrateName Value : ZFUJ115.1], [Key : LotId Value : ], [Key : RecipeId Value : ], [Key : RingId Value : ZFUJ115.1], [Key : PortId Value : 5], [Key : SlotId Value : 1], [Key : SubstrateType Value : Core]
[19:58:21:335]	[RECV] [Port : 7], [Title : ResponseActionLoading], [Key :  Value : ]
[19:58:21:335]	[SEND] [Port : 7], [Title : ResponseActionLoading], [Ack : Ack], [Description : ]
[19:58:21:439]	[SEND] [Port : 7], [Title : RequestConfirmLoading], [Key : HandlingResult Value : Ok], [Key : SubstrateName Value : ZFUJ115.1], [Key : LotId Value : ], [Key : RecipeId Value : ], [Key : RingId Value : ZFUJ115.1], [Key : PortId Value : 5], [Key : SlotId Value : 1], [Key : SubstrateType Value : Core]
[19:58:21:552]	[RECV] [Port : 7], [Title : ResponseConfirmLoading], [Key :  Value : ]
[19:58:21:552]	[SEND] [Port : 7], [Title : ResponseConfirmLoading], [Ack : Ack], [Description : ]
[19:58:26:452]	[SEND] [Port : 8], [Title : RequestApproachUnloading], [Key : HandlingResult Value : Ok], [Key : SubstrateName Value : ], [Key : LotId Value : ], [Key : RecipeId Value : ], [Key : SubstrateType Value : ], [Key : RingId Value : ], [Key : PortId Value : ], [Key : SlotId Value : ]
[19:58:26:558]	[RECV] [Port : 8], [Title : ResponseApproachUnloading], [Key : RingId Value : ZFUJ115.1], [Key : LotId Value : ], [Key : HandlingResult Value : Ok], [Key : SlotId Value : 1], [Key : SubstrateName Value : ZFUJ115.1], [Key : SubstrateType Value : Core], [Key : RecipeId Value : ], [Key : PortId Value : 5]
[19:58:26:558]	[SEND] [Port : 8], [Title : ResponseApproachUnloading], [Ack : Ack], [Description : ]
