[16:44:31:206]	[SEND] [Port : 2], [Title : RequestApproachLoading], [Key : HandlingResult Value : Ok], [Key : SubstrateName Value : ZFUJ115.7], [Key : LotId Value : FZ3KDA], [Key : RecipeId Value : ], [Key : RingId Value : ZFUJ115.7], [Key : PortId Value : 5], [Key : SlotId Value : 7], [Key : SubstrateType Value : Core]
[16:44:31:462]	[RECV] [Port : 2], [Title : ResponseApproachLoading]
[16:44:31:462]	[SEND] [Port : 2], [Title : ResponseApproachLoading], [Ack : Ack], [Description : ]
[16:44:36:143]	[SEND] [Port : 2], [Title : RequestActionLoading], [Key : HandlingResult Value : Ok], [Key : SubstrateName Value : ZFUJ115.7], [Key : LotId Value : FZ3KDA], [Key : RecipeId Value : ], [Key : RingId Value : ZFUJ115.7], [Key : PortId Value : 5], [Key : SlotId Value : 7], [Key : SubstrateType Value : Core]
[16:44:36:145]	[RECV] [Port : 2], [Title : ResponseActionLoading]
[16:44:36:146]	[SEND] [Port : 2], [Title : ResponseActionLoading], [Ack : Ack], [Description : ]
[16:44:45:513]	[SEND] [Port : 2], [Title : RequestConfirmLoading], [Key : HandlingResult Value : Ok], [Key : SubstrateName Value : ZFUJ115.7], [Key : LotId Value : FZ3KDA], [Key : RecipeId Value : ], [Key : RingId Value : ZFUJ115.7], [Key : PortId Value : 5], [Key : SlotId Value : 7], [Key : SubstrateType Value : Core]
[16:44:45:516]	[RECV] [Port : 2], [Title : ResponseConfirmLoading]
[16:44:45:516]	[SEND] [Port : 2], [Title : ResponseConfirmLoading], [Ack : Ack], [Description : ]
[16:45:01:135]	[SEND] [Port : 1], [Title : RequestApproachLoading], [Key : HandlingResult Value : Ok], [Key : SubstrateName Value : ZFWL391.6], [Key : LotId Value : TEST_CORE], [Key : RecipeId Value : ], [Key : RingId Value : ZFWL391.6], [Key : PortId Value : 4], [Key : SlotId Value : 6], [Key : SubstrateType Value : Empty]
[16:45:01:325]	[RECV] [Port : 1], [Title : ResponseApproachLoading]
[16:45:01:325]	[SEND] [Port : 1], [Title : ResponseApproachLoading], [Ack : Ack], [Description : ]
[16:45:06:006]	[SEND] [Port : 1], [Title : RequestActionLoading], [Key : HandlingResult Value : Ok], [Key : SubstrateName Value : ZFWL391.6], [Key : LotId Value : TEST_CORE], [Key : RecipeId Value : ], [Key : RingId Value : ZFWL391.6], [Key : PortId Value : 4], [Key : SlotId Value : 6], [Key : SubstrateType Value : Empty]
[16:45:06:009]	[RECV] [Port : 1], [Title : ResponseActionLoading]
[16:45:06:009]	[SEND] [Port : 1], [Title : ResponseActionLoading], [Ack : Ack], [Description : ]
[16:45:15:959]	[SEND] [Port : 1], [Title : RequestConfirmLoading], [Key : HandlingResult Value : Ok], [Key : SubstrateName Value : ZFWL391.6], [Key : LotId Value : TEST_CORE], [Key : RecipeId Value : ], [Key : RingId Value : ZFWL391.6], [Key : PortId Value : 4], [Key : SlotId Value : 6], [Key : SubstrateType Value : Empty]
[16:45:15:962]	[RECV] [Port : 1], [Title : ResponseConfirmLoading]
[16:45:15:962]	[SEND] [Port : 1], [Title : ResponseConfirmLoading], [Ack : Ack], [Description : ]
[16:53:54:464]	[SEND] [Port : 1], [Title : RequestApproachLoading], [Key : HandlingResult Value : Ok], [Key : SubstrateName Value : ZFWL391.9], [Key : LotId Value : TEST_CORE], [Key : RecipeId Value : ], [Key : RingId Value : ZFWL391.9], [Key : PortId Value : 4], [Key : SlotId Value : 9], [Key : SubstrateType Value : Empty]
[16:53:54:743]	[RECV] [Port : 1], [Title : ResponseApproachLoading]
[16:53:54:743]	[SEND] [Port : 1], [Title : ResponseApproachLoading], [Ack : Ack], [Description : ]
[16:53:59:425]	[SEND] [Port : 1], [Title : RequestActionLoading], [Key : HandlingResult Value : Ok], [Key : SubstrateName Value : ZFWL391.9], [Key : LotId Value : TEST_CORE], [Key : RecipeId Value : ], [Key : RingId Value : ZFWL391.9], [Key : PortId Value : 4], [Key : SlotId Value : 9], [Key : SubstrateType Value : Empty]
[16:53:59:428]	[RECV] [Port : 1], [Title : ResponseActionLoading]
[16:53:59:428]	[SEND] [Port : 1], [Title : ResponseActionLoading], [Ack : Ack], [Description : ]
[16:54:09:383]	[SEND] [Port : 1], [Title : RequestConfirmLoading], [Key : HandlingResult Value : Ok], [Key : SubstrateName Value : ZFWL391.9], [Key : LotId Value : TEST_CORE], [Key : RecipeId Value : ], [Key : RingId Value : ZFWL391.9], [Key : PortId Value : 4], [Key : SlotId Value : 9], [Key : SubstrateType Value : Empty]
[16:54:09:385]	[RECV] [Port : 1], [Title : ResponseConfirmLoading]
[16:54:09:385]	[SEND] [Port : 1], [Title : ResponseConfirmLoading], [Ack : Ack], [Description : ]
