[19:20:51:108]	[SEND] [Port : 1], [Title : RequestApproachLoading], [Key : HandlingResult Value : Ok], [Key : SubstrateName Value : CARRIER04.0], [Key : LotId Value : 192022], [Key : RecipeId Value : ], [Key : RingId Value : CARRIER04.0], [Key : PortId Value : 4], [Key : SlotId Value : 0], [Key : SubstrateType Value : Empty]
[19:20:51:113]	[RECV] [Port : 1], [Title : RequestApproachLoading], [Ack : Ack], [Description : ]
[19:20:51:206]	[RECV] [Port : 1], [Title : ResponseApproachLoading]
[19:20:51:207]	[SEND] [Port : 1], [Title : ResponseApproachLoading], [Ack : Ack], [Description : ]
[19:20:52:216]	[SEND] [Port : 1], [Title : RequestActionLoading], [Key : HandlingResult Value : Ok], [Key : SubstrateName Value : CARRIER04.0], [Key : LotId Value : 192022], [Key : RecipeId Value : ], [Key : RingId Value : CARRIER04.0], [Key : PortId Value : 4], [Key : SlotId Value : 0], [Key : SubstrateType Value : Empty]
[19:20:52:218]	[RECV] [Port : 1], [Title : RequestActionLoading], [Ack : Ack], [Description : ]
[19:20:52:218]	[RECV] [Port : 1], [Title : ResponseActionLoading]
[19:20:52:218]	[SEND] [Port : 1], [Title : ResponseActionLoading], [Ack : Ack], [Description : ]
[19:20:53:234]	[SEND] [Port : 1], [Title : RequestConfirmLoading], [Key : HandlingResult Value : Ok], [Key : SubstrateName Value : CARRIER04.0], [Key : LotId Value : 192022], [Key : RecipeId Value : ], [Key : RingId Value : CARRIER04.0], [Key : PortId Value : 4], [Key : SlotId Value : 0], [Key : SubstrateType Value : Empty]
[19:20:53:237]	[RECV] [Port : 1], [Title : RequestConfirmLoading], [Ack : Ack], [Description : ]
[19:20:53:237]	[RECV] [Port : 1], [Title : ResponseConfirmLoading]
[19:20:53:237]	[SEND] [Port : 1], [Title : ResponseConfirmLoading], [Ack : Ack], [Description : ]
[19:21:08:332]	[SEND] [Port : 2], [Title : RequestApproachLoading], [Key : HandlingResult Value : Ok], [Key : SubstrateName Value : CARRIER05.2], [Key : LotId Value : 192022], [Key : RecipeId Value : ], [Key : RingId Value : CARRIER05.2], [Key : PortId Value : 5], [Key : SlotId Value : 2], [Key : SubstrateType Value : Core]
[19:21:08:334]	[RECV] [Port : 2], [Title : RequestApproachLoading], [Ack : Ack], [Description : ]
[19:21:08:390]	[RECV] [Port : 2], [Title : ResponseApproachLoading]
[19:21:08:390]	[SEND] [Port : 2], [Title : ResponseApproachLoading], [Ack : Ack], [Description : ]
[19:21:09:398]	[SEND] [Port : 2], [Title : RequestActionLoading], [Key : HandlingResult Value : Ok], [Key : SubstrateName Value : CARRIER05.2], [Key : LotId Value : 192022], [Key : RecipeId Value : ], [Key : RingId Value : CARRIER05.2], [Key : PortId Value : 5], [Key : SlotId Value : 2], [Key : SubstrateType Value : Core]
[19:21:09:400]	[RECV] [Port : 2], [Title : RequestActionLoading], [Ack : Ack], [Description : ]
[19:21:09:400]	[RECV] [Port : 2], [Title : ResponseActionLoading]
[19:21:09:400]	[SEND] [Port : 2], [Title : ResponseActionLoading], [Ack : Ack], [Description : ]
[19:21:10:413]	[SEND] [Port : 2], [Title : RequestConfirmLoading], [Key : HandlingResult Value : Ok], [Key : SubstrateName Value : CARRIER05.2], [Key : LotId Value : 192022], [Key : RecipeId Value : ], [Key : RingId Value : CARRIER05.2], [Key : PortId Value : 5], [Key : SlotId Value : 2], [Key : SubstrateType Value : Core]
[19:21:10:415]	[RECV] [Port : 2], [Title : RequestConfirmLoading], [Ack : Ack], [Description : ]
[19:21:10:415]	[RECV] [Port : 2], [Title : ResponseConfirmLoading]
[19:21:10:415]	[SEND] [Port : 2], [Title : ResponseConfirmLoading], [Ack : Ack], [Description : ]
[19:25:37:111]	[SEND] [Port : 4], [Title : RequestApproachUnloading], [Key : HandlingResult Value : Ok], [Key : SubstrateName Value : ], [Key : LotId Value : ], [Key : RecipeId Value : ], [Key : SubstrateType Value : ], [Key : RingId Value : ], [Key : PortId Value : ], [Key : SlotId Value : ]
[19:25:37:115]	[RECV] [Port : 4], [Title : RequestApproachUnloading], [Ack : Ack], [Description : ]
[19:28:41:700]	[SEND] [Port : 1], [Title : RequestApproachLoading], [Key : HandlingResult Value : Ok], [Key : SubstrateName Value : CARRIER04.1], [Key : LotId Value : 192022], [Key : RecipeId Value : ], [Key : RingId Value : CARRIER04.1], [Key : PortId Value : 4], [Key : SlotId Value : 1], [Key : SubstrateType Value : Empty]
[19:28:41:704]	[RECV] [Port : 1], [Title : RequestApproachLoading], [Ack : Ack], [Description : ]
[19:28:41:767]	[RECV] [Port : 1], [Title : ResponseApproachLoading]
[19:28:41:767]	[SEND] [Port : 1], [Title : ResponseApproachLoading], [Ack : Ack], [Description : ]
[19:28:42:774]	[SEND] [Port : 1], [Title : RequestActionLoading], [Key : HandlingResult Value : Ok], [Key : SubstrateName Value : CARRIER04.1], [Key : LotId Value : 192022], [Key : RecipeId Value : ], [Key : RingId Value : CARRIER04.1], [Key : PortId Value : 4], [Key : SlotId Value : 1], [Key : SubstrateType Value : Empty]
[19:28:42:776]	[RECV] [Port : 1], [Title : RequestActionLoading], [Ack : Ack], [Description : ]
[19:28:42:776]	[RECV] [Port : 1], [Title : ResponseActionLoading]
[19:28:42:776]	[SEND] [Port : 1], [Title : ResponseActionLoading], [Ack : Ack], [Description : ]
[19:28:43:788]	[SEND] [Port : 1], [Title : RequestConfirmLoading], [Key : HandlingResult Value : Ok], [Key : SubstrateName Value : CARRIER04.1], [Key : LotId Value : 192022], [Key : RecipeId Value : ], [Key : RingId Value : CARRIER04.1], [Key : PortId Value : 4], [Key : SlotId Value : 1], [Key : SubstrateType Value : Empty]
[19:28:43:790]	[RECV] [Port : 1], [Title : RequestConfirmLoading], [Ack : Ack], [Description : ]
[19:28:43:790]	[RECV] [Port : 1], [Title : ResponseConfirmLoading]
[19:28:43:790]	[SEND] [Port : 1], [Title : ResponseConfirmLoading], [Ack : Ack], [Description : ]
[19:39:43:770]	[SEND] [Port : 1], [Title : RequestApproachLoading], [Key : HandlingResult Value : Ok], [Key : SubstrateName Value : CARRIER04.3], [Key : LotId Value : 192022], [Key : RecipeId Value : ], [Key : RingId Value : CARRIER04.3], [Key : PortId Value : 4], [Key : SlotId Value : 3], [Key : SubstrateType Value : Empty]
[19:39:43:774]	[RECV] [Port : 1], [Title : RequestApproachLoading], [Ack : Ack], [Description : ]
[19:39:43:815]	[RECV] [Port : 1], [Title : ResponseApproachLoading]
[19:39:43:815]	[SEND] [Port : 1], [Title : ResponseApproachLoading], [Ack : Ack], [Description : ]
[19:39:44:824]	[SEND] [Port : 1], [Title : RequestActionLoading], [Key : HandlingResult Value : Ok], [Key : SubstrateName Value : CARRIER04.3], [Key : LotId Value : 192022], [Key : RecipeId Value : ], [Key : RingId Value : CARRIER04.3], [Key : PortId Value : 4], [Key : SlotId Value : 3], [Key : SubstrateType Value : Empty]
[19:39:44:826]	[RECV] [Port : 1], [Title : RequestActionLoading], [Ack : Ack], [Description : ]
[19:39:44:826]	[RECV] [Port : 1], [Title : ResponseActionLoading]
[19:39:44:826]	[SEND] [Port : 1], [Title : ResponseActionLoading], [Ack : Ack], [Description : ]
[19:39:45:836]	[SEND] [Port : 1], [Title : RequestConfirmLoading], [Key : HandlingResult Value : Ok], [Key : SubstrateName Value : CARRIER04.3], [Key : LotId Value : 192022], [Key : RecipeId Value : ], [Key : RingId Value : CARRIER04.3], [Key : PortId Value : 4], [Key : SlotId Value : 3], [Key : SubstrateType Value : Empty]
[19:39:45:838]	[RECV] [Port : 1], [Title : RequestConfirmLoading], [Ack : Ack], [Description : ]
[19:39:45:838]	[RECV] [Port : 1], [Title : ResponseConfirmLoading]
[19:39:45:838]	[SEND] [Port : 1], [Title : ResponseConfirmLoading], [Ack : Ack], [Description : ]
[19:42:23:303]	[SEND] [Port : 1], [Title : RequestApproachLoading], [Key : HandlingResult Value : Ok], [Key : SubstrateName Value : CARRIER04.7], [Key : LotId Value : 192022], [Key : RecipeId Value : ], [Key : RingId Value : CARRIER04.7], [Key : PortId Value : 4], [Key : SlotId Value : 7], [Key : SubstrateType Value : Empty]
[19:42:23:305]	[RECV] [Port : 1], [Title : RequestApproachLoading], [Ack : Ack], [Description : ]
[19:42:23:402]	[RECV] [Port : 1], [Title : ResponseApproachLoading]
[19:42:23:402]	[SEND] [Port : 1], [Title : ResponseApproachLoading], [Ack : Ack], [Description : ]
[19:42:24:409]	[SEND] [Port : 1], [Title : RequestActionLoading], [Key : HandlingResult Value : Ok], [Key : SubstrateName Value : CARRIER04.7], [Key : LotId Value : 192022], [Key : RecipeId Value : ], [Key : RingId Value : CARRIER04.7], [Key : PortId Value : 4], [Key : SlotId Value : 7], [Key : SubstrateType Value : Empty]
[19:42:24:411]	[RECV] [Port : 1], [Title : RequestActionLoading], [Ack : Ack], [Description : ]
[19:42:24:412]	[RECV] [Port : 1], [Title : ResponseActionLoading]
[19:42:24:412]	[SEND] [Port : 1], [Title : ResponseActionLoading], [Ack : Ack], [Description : ]
[19:42:25:421]	[SEND] [Port : 1], [Title : RequestConfirmLoading], [Key : HandlingResult Value : Ok], [Key : SubstrateName Value : CARRIER04.7], [Key : LotId Value : 192022], [Key : RecipeId Value : ], [Key : RingId Value : CARRIER04.7], [Key : PortId Value : 4], [Key : SlotId Value : 7], [Key : SubstrateType Value : Empty]
[19:42:25:423]	[RECV] [Port : 1], [Title : RequestConfirmLoading], [Ack : Ack], [Description : ]
[19:42:25:423]	[RECV] [Port : 1], [Title : ResponseConfirmLoading]
[19:42:25:423]	[SEND] [Port : 1], [Title : ResponseConfirmLoading], [Ack : Ack], [Description : ]
[19:43:49:168]	[SEND] [Port : 4], [Title : RequestApproachUnloading], [Key : HandlingResult Value : Ok], [Key : SubstrateName Value : ], [Key : LotId Value : ], [Key : RecipeId Value : ], [Key : SubstrateType Value : ], [Key : RingId Value : ], [Key : PortId Value : ], [Key : SlotId Value : ]
[19:43:49:170]	[RECV] [Port : 4], [Title : RequestApproachUnloading], [Ack : Ack], [Description : ]
[19:44:28:625]	[SEND] [Port : 4], [Title : RequestApproachUnloading], [Key : HandlingResult Value : Ok], [Key : SubstrateName Value : ], [Key : LotId Value : ], [Key : RecipeId Value : ], [Key : SubstrateType Value : ], [Key : RingId Value : ], [Key : PortId Value : ], [Key : SlotId Value : ]
[19:44:28:627]	[RECV] [Port : 4], [Title : RequestApproachUnloading], [Ack : Ack], [Description : ]
[19:44:38:100]	[RECV] [Port : 4], [Title : ResponseApproachUnloading], [Key : RingId Value : CARRIER04.7], [Key : LotId Value : 192022], [Key : HandlingResult Value : Ok], [Key : SlotId Value : 7], [Key : SubstrateName Value : BIN_120240417_194248.227], [Key : SubstrateType Value : Bin1], [Key : RecipeId Value : ], [Key : PortId Value : 4]
[19:44:38:100]	[SEND] [Port : 4], [Title : ResponseApproachUnloading], [Ack : Ack], [Description : ]
[19:45:19:854]	[SEND] [Port : 4], [Title : RequestActionUnloading], [Key : HandlingResult Value : Ok], [Key : SubstrateName Value : CARRIER04.7], [Key : LotId Value : 192022], [Key : RecipeId Value : ], [Key : RingId Value : CARRIER04.7], [Key : PortId Value : 4], [Key : SlotId Value : 7], [Key : SubstrateType Value : Empty]
[19:45:19:856]	[RECV] [Port : 4], [Title : RequestActionUnloading], [Ack : Ack], [Description : ]
[19:45:19:857]	[RECV] [Port : 4], [Title : ResponseActionUnloading]
[19:45:19:857]	[SEND] [Port : 4], [Title : ResponseActionUnloading], [Ack : Ack], [Description : ]
[19:45:20:869]	[SEND] [Port : 4], [Title : RequestConfirmUnloading], [Key : HandlingResult Value : Ok], [Key : SubstrateName Value : ], [Key : LotId Value : ], [Key : RecipeId Value : ], [Key : SubstrateType Value : ], [Key : RingId Value : ], [Key : PortId Value : ], [Key : SlotId Value : ]
[19:45:20:871]	[RECV] [Port : 4], [Title : RequestConfirmUnloading], [Ack : Ack], [Description : ]
[19:45:20:871]	[RECV] [Port : 1], [Title : ResponseConfirmUnloading]
[19:45:20:871]	[SEND] [Port : 1], [Title : ResponseConfirmUnloading], [Ack : Ack], [Description : ]
