[19:42:31:830]	[SEND] [Port : 3], [Title : RequestApproachUnloading], [Key : HandlingResult Value : Ok], [Key : SubstrateName Value : ], [Key : LotId Value : ], [Key : RecipeId Value : ], [Key : SubstrateType Value : ], [Key : RingId Value : ], [Key : PortId Value : ], [Key : SlotId Value : ]
[19:42:31:832]	[RECV] [Port : 3], [Title : RequestApproachUnloading], [Ack : Ack], [Description : ]
[20:06:57:769]	[SEND] [Port : 3], [Title : RequestApproachUnloading], [Key : HandlingResult Value : Ok], [Key : SubstrateName Value : ], [Key : LotId Value : ], [Key : RecipeId Value : ], [Key : SubstrateType Value : ], [Key : RingId Value : ], [Key : PortId Value : ], [Key : SlotId Value : ]
[20:06:57:771]	[RECV] [Port : 3], [Title : RequestApproachUnloading], [Ack : Ack], [Description : ]
[20:07:08:653]	[RECV] [Port : 3], [Title : ResponseApproachUnloading], [Key : RingId Value : ZFWL391.2], [Key : LotId Value : TEST_CORE], [Key : HandlingResult Value : Ok], [Key : SlotId Value : 2], [Key : SubstrateName Value : SUPPLY_OUT_SHUTTLE], [Key : SubstrateType Value : Core], [Key : RecipeId Value : ], [Key : PortId Value : 5]
[20:07:08:653]	[SEND] [Port : 3], [Title : ResponseApproachUnloading], [Ack : Ack], [Description : ]
[20:07:13:721]	[SEND] [Port : 3], [Title : RequestActionUnloading], [Key : HandlingResult Value : Ok], [Key : SubstrateName Value : ZFWL391.2], [Key : LotId Value : TEST_CORE], [Key : RecipeId Value : ], [Key : RingId Value : ZFWL391.2], [Key : PortId Value : 5], [Key : SlotId Value : 2], [Key : SubstrateType Value : Core]
[20:07:13:723]	[RECV] [Port : 3], [Title : ResponseActionUnloading]
[20:07:13:723]	[SEND] [Port : 3], [Title : ResponseActionUnloading], [Ack : Ack], [Description : ]
[20:07:13:725]	[RECV] [Port : 3], [Title : RequestActionUnloading], [Ack : Ack], [Description : ]
[20:07:24:776]	[SEND] [Port : 3], [Title : RequestConfirmUnloading], [Key : HandlingResult Value : Ok], [Key : SubstrateName Value : ], [Key : LotId Value : ], [Key : RecipeId Value : ], [Key : SubstrateType Value : ], [Key : RingId Value : ], [Key : PortId Value : ], [Key : SlotId Value : ]
[20:07:24:778]	[RECV] [Port : 3], [Title : RequestConfirmUnloading], [Ack : Ack], [Description : ]
[20:07:24:778]	[RECV] [Port : 3], [Title : ResponseConfirmUnloading]
[20:07:24:778]	[SEND] [Port : 3], [Title : ResponseConfirmUnloading], [Ack : Ack], [Description : ]
[20:11:17:883]	[SEND] [Port : 4], [Title : RequestApproachUnloading], [Key : HandlingResult Value : Ok], [Key : SubstrateName Value : ], [Key : LotId Value : ], [Key : RecipeId Value : ], [Key : SubstrateType Value : ], [Key : RingId Value : ], [Key : PortId Value : ], [Key : SlotId Value : ]
[20:11:17:885]	[RECV] [Port : 4], [Title : RequestApproachUnloading], [Ack : Ack], [Description : ]
[20:11:31:776]	[RECV] [Port : 4], [Title : ResponseApproachUnloading], [Key : RingId Value : ZFWL400.5], [Key : LotId Value : TEST_LOT3], [Key : HandlingResult Value : Ok], [Key : SlotId Value : 5], [Key : SubstrateName Value : BIN_120240418_193158.741], [Key : SubstrateType Value : Bin1], [Key : RecipeId Value : ], [Key : PortId Value : 4]
[20:11:31:776]	[SEND] [Port : 4], [Title : ResponseApproachUnloading], [Ack : Ack], [Description : ]
[20:11:34:916]	[SEND] [Port : 4], [Title : RequestActionUnloading], [Key : HandlingResult Value : Ok], [Key : SubstrateName Value : ZFWL400.5], [Key : LotId Value : TEST_LOT3], [Key : RecipeId Value : ], [Key : RingId Value : ZFWL400.5], [Key : PortId Value : 4], [Key : SlotId Value : 5], [Key : SubstrateType Value : Empty]
[20:11:37:048]	[RECV] [Port : 4], [Title : RequestActionUnloading], [Ack : Ack], [Description : ]
[20:11:38:031]	[RECV] [Port : 4], [Title : ResponseActionUnloading]
[20:11:38:031]	[SEND] [Port : 4], [Title : ResponseActionUnloading], [Ack : Ack], [Description : ]
[20:11:49:352]	[SEND] [Port : 4], [Title : RequestConfirmUnloading], [Key : HandlingResult Value : Ok], [Key : SubstrateName Value : ], [Key : LotId Value : ], [Key : RecipeId Value : ], [Key : SubstrateType Value : ], [Key : RingId Value : ], [Key : PortId Value : ], [Key : SlotId Value : ]
[20:11:49:354]	[RECV] [Port : 4], [Title : RequestConfirmUnloading], [Ack : Ack], [Description : ]
[20:11:49:354]	[RECV] [Port : 1], [Title : ResponseConfirmUnloading]
[20:11:49:354]	[SEND] [Port : 1], [Title : ResponseConfirmUnloading], [Ack : Ack], [Description : ]
