[01:17:37:780]	[SEND] [Port : 1], [Title : RequestApproachLoading], [Key : HandlingResult Value : Ok], [Key : SubstrateName Value : ZFWL391.1], [Key : LotId Value : TEST_CORE], [Key : RecipeId Value : ], [Key : RingId Value : ZFWL391.1], [Key : PortId Value : 4], [Key : SlotId Value : 1], [Key : SubstrateType Value : Empty]
[01:17:37:955]	[RECV] [Port : 1], [Title : ResponseApproachLoading]
[01:17:37:955]	[SEND] [Port : 1], [Title : ResponseApproachLoading], [Ack : Ack], [Description : ]
[01:17:42:636]	[SEND] [Port : 1], [Title : RequestActionLoading], [Key : HandlingResult Value : Ok], [Key : SubstrateName Value : ZFWL391.1], [Key : LotId Value : TEST_CORE], [Key : RecipeId Value : ], [Key : RingId Value : ZFWL391.1], [Key : PortId Value : 4], [Key : SlotId Value : 1], [Key : SubstrateType Value : Empty]
[01:17:42:638]	[RECV] [Port : 1], [Title : ResponseActionLoading]
[01:17:42:639]	[SEND] [Port : 1], [Title : ResponseActionLoading], [Ack : Ack], [Description : ]
[01:17:52:595]	[SEND] [Port : 1], [Title : RequestConfirmLoading], [Key : HandlingResult Value : Ok], [Key : SubstrateName Value : ZFWL391.1], [Key : LotId Value : TEST_CORE], [Key : RecipeId Value : ], [Key : RingId Value : ZFWL391.1], [Key : PortId Value : 4], [Key : SlotId Value : 1], [Key : SubstrateType Value : Empty]
[01:17:52:598]	[RECV] [Port : 1], [Title : ResponseConfirmLoading]
[01:17:52:598]	[SEND] [Port : 1], [Title : ResponseConfirmLoading], [Ack : Ack], [Description : ]
[02:01:32:198]	[SEND] [Port : 1], [Title : RequestApproachLoading], [Key : HandlingResult Value : Ok], [Key : SubstrateName Value : ZFWL391.7], [Key : LotId Value : TEST_CORE], [Key : RecipeId Value : ], [Key : RingId Value : ZFWL391.7], [Key : PortId Value : 4], [Key : SlotId Value : 7], [Key : SubstrateType Value : Empty]
[02:01:32:427]	[RECV] [Port : 1], [Title : ResponseApproachLoading]
[02:01:32:427]	[SEND] [Port : 1], [Title : ResponseApproachLoading], [Ack : Ack], [Description : ]
[02:01:37:107]	[SEND] [Port : 1], [Title : RequestActionLoading], [Key : HandlingResult Value : Ok], [Key : SubstrateName Value : ZFWL391.7], [Key : LotId Value : TEST_CORE], [Key : RecipeId Value : ], [Key : RingId Value : ZFWL391.7], [Key : PortId Value : 4], [Key : SlotId Value : 7], [Key : SubstrateType Value : Empty]
[02:01:37:110]	[RECV] [Port : 1], [Title : ResponseActionLoading]
[02:01:37:110]	[SEND] [Port : 1], [Title : ResponseActionLoading], [Ack : Ack], [Description : ]
[02:01:47:060]	[SEND] [Port : 1], [Title : RequestConfirmLoading], [Key : HandlingResult Value : Ok], [Key : SubstrateName Value : ZFWL391.7], [Key : LotId Value : TEST_CORE], [Key : RecipeId Value : ], [Key : RingId Value : ZFWL391.7], [Key : PortId Value : 4], [Key : SlotId Value : 7], [Key : SubstrateType Value : Empty]
[02:01:47:062]	[RECV] [Port : 1], [Title : ResponseConfirmLoading]
[02:01:47:062]	[SEND] [Port : 1], [Title : ResponseConfirmLoading], [Ack : Ack], [Description : ]
[02:02:02:611]	[SEND] [Port : 2], [Title : RequestApproachLoading], [Key : HandlingResult Value : Ok], [Key : SubstrateName Value : ZFUJ115.11], [Key : LotId Value : FZ3KDA], [Key : RecipeId Value : ], [Key : RingId Value : ZFUJ115.11], [Key : PortId Value : 5], [Key : SlotId Value : 11], [Key : SubstrateType Value : Core]
[02:02:02:775]	[RECV] [Port : 2], [Title : ResponseApproachLoading]
[02:02:02:775]	[SEND] [Port : 2], [Title : ResponseApproachLoading], [Ack : Ack], [Description : ]
[02:02:07:455]	[SEND] [Port : 2], [Title : RequestActionLoading], [Key : HandlingResult Value : Ok], [Key : SubstrateName Value : ZFUJ115.11], [Key : LotId Value : FZ3KDA], [Key : RecipeId Value : ], [Key : RingId Value : ZFUJ115.11], [Key : PortId Value : 5], [Key : SlotId Value : 11], [Key : SubstrateType Value : Core]
[02:02:07:457]	[RECV] [Port : 2], [Title : ResponseActionLoading]
[02:02:07:457]	[SEND] [Port : 2], [Title : ResponseActionLoading], [Ack : Ack], [Description : ]
[02:02:16:841]	[SEND] [Port : 2], [Title : RequestConfirmLoading], [Key : HandlingResult Value : Ok], [Key : SubstrateName Value : ZFUJ115.11], [Key : LotId Value : FZ3KDA], [Key : RecipeId Value : ], [Key : RingId Value : ZFUJ115.11], [Key : PortId Value : 5], [Key : SlotId Value : 11], [Key : SubstrateType Value : Core]
[02:02:16:843]	[RECV] [Port : 2], [Title : ResponseConfirmLoading]
[02:02:16:843]	[SEND] [Port : 2], [Title : ResponseConfirmLoading], [Ack : Ack], [Description : ]
----------------------------------------------
[02:32:45:918]	[SEND] [Port : 1], [Title : RequestApproachLoading], [Key : HandlingResult Value : Ok], [Key : SubstrateName Value : ZFWL391.9], [Key : LotId Value : TEST_CORE], [Key : RecipeId Value : ], [Key : RingId Value : ZFWL391.9], [Key : PortId Value : 4], [Key : SlotId Value : 9], [Key : SubstrateType Value : Empty]
[02:32:46:201]	[RECV] [Port : 1], [Title : ResponseApproachLoading]
[02:32:46:201]	[SEND] [Port : 1], [Title : ResponseApproachLoading], [Ack : Ack], [Description : ]
[02:32:50:880]	[SEND] [Port : 1], [Title : RequestActionLoading], [Key : HandlingResult Value : Ok], [Key : SubstrateName Value : ZFWL391.9], [Key : LotId Value : TEST_CORE], [Key : RecipeId Value : ], [Key : RingId Value : ZFWL391.9], [Key : PortId Value : 4], [Key : SlotId Value : 9], [Key : SubstrateType Value : Empty]
[02:32:50:882]	[RECV] [Port : 1], [Title : ResponseActionLoading]
[02:32:50:882]	[SEND] [Port : 1], [Title : ResponseActionLoading], [Ack : Ack], [Description : ]
[02:33:00:829]	[SEND] [Port : 1], [Title : RequestConfirmLoading], [Key : HandlingResult Value : Ok], [Key : SubstrateName Value : ZFWL391.9], [Key : LotId Value : TEST_CORE], [Key : RecipeId Value : ], [Key : RingId Value : ZFWL391.9], [Key : PortId Value : 4], [Key : SlotId Value : 9], [Key : SubstrateType Value : Empty]
[02:33:00:831]	[RECV] [Port : 1], [Title : ResponseConfirmLoading]
[02:33:00:831]	[SEND] [Port : 1], [Title : ResponseConfirmLoading], [Ack : Ack], [Description : ]
[02:47:43:373]	[SEND] [Port : 1], [Title : RequestApproachLoading], [Key : HandlingResult Value : Ok], [Key : SubstrateName Value : ZFWL391.11], [Key : LotId Value : TEST_CORE], [Key : RecipeId Value : ], [Key : RingId Value : ZFWL391.11], [Key : PortId Value : 4], [Key : SlotId Value : 11], [Key : SubstrateType Value : Empty]
[02:47:43:590]	[RECV] [Port : 1], [Title : ResponseApproachLoading]
[02:47:43:590]	[SEND] [Port : 1], [Title : ResponseApproachLoading], [Ack : Ack], [Description : ]
[02:47:48:271]	[SEND] [Port : 1], [Title : RequestActionLoading], [Key : HandlingResult Value : Ok], [Key : SubstrateName Value : ZFWL391.11], [Key : LotId Value : TEST_CORE], [Key : RecipeId Value : ], [Key : RingId Value : ZFWL391.11], [Key : PortId Value : 4], [Key : SlotId Value : 11], [Key : SubstrateType Value : Empty]
[02:47:48:273]	[RECV] [Port : 1], [Title : ResponseActionLoading]
[02:47:48:273]	[SEND] [Port : 1], [Title : ResponseActionLoading], [Ack : Ack], [Description : ]
[02:47:58:228]	[SEND] [Port : 1], [Title : RequestConfirmLoading], [Key : HandlingResult Value : Ok], [Key : SubstrateName Value : ZFWL391.11], [Key : LotId Value : TEST_CORE], [Key : RecipeId Value : ], [Key : RingId Value : ZFWL391.11], [Key : PortId Value : 4], [Key : SlotId Value : 11], [Key : SubstrateType Value : Empty]
[02:47:58:230]	[RECV] [Port : 1], [Title : ResponseConfirmLoading]
[02:47:58:230]	[SEND] [Port : 1], [Title : ResponseConfirmLoading], [Ack : Ack], [Description : ]
[03:07:54:998]	[SEND] [Port : 3], [Title : RequestApproachUnloading], [Key : HandlingResult Value : Ok], [Key : SubstrateName Value : ], [Key : LotId Value : ], [Key : RecipeId Value : ], [Key : SubstrateType Value : ], [Key : RingId Value : ], [Key : PortId Value : ], [Key : SlotId Value : ]
[03:07:55:083]	[RECV] [Port : 3], [Title : ResponseApproachUnloading], [Key : RingId Value : ZFUJ115.11], [Key : LotId Value : FZ3KDA], [Key : HandlingResult Value : Ok], [Key : SlotId Value : 11], [Key : SubstrateName Value : JEY097-19], [Key : SubstrateType Value : Core], [Key : RecipeId Value : ], [Key : PortId Value : 5]
[03:07:55:083]	[SEND] [Port : 3], [Title : ResponseApproachUnloading], [Ack : Ack], [Description : ]
[03:07:55:085]	[SEND] [Port : 3], [Title : RequestStartUnloading], [Key : HandlingResult Value : Ok]
[03:07:55:187]	[RECV] [Port : 3], [Title : ResponseStartUnloading]
[03:07:55:187]	[SEND] [Port : 3], [Title : ResponseStartUnloading], [Ack : Ack], [Description : ]
[03:08:00:313]	[SEND] [Port : 3], [Title : RequestActionUnloading], [Key : HandlingResult Value : Ok], [Key : SubstrateName Value : ZFUJ115.11], [Key : LotId Value : FZ3KDA], [Key : RecipeId Value : ], [Key : RingId Value : ZFUJ115.11], [Key : PortId Value : 5], [Key : SlotId Value : 11], [Key : SubstrateType Value : Core]
[03:08:00:378]	[RECV] [Port : 3], [Title : ResponseActionUnloading]
[03:08:00:378]	[SEND] [Port : 3], [Title : ResponseActionUnloading], [Ack : Ack], [Description : ]
[03:08:11:518]	[SEND] [Port : 3], [Title : RequestConfirmUnloading], [Key : HandlingResult Value : Ok], [Key : SubstrateName Value : ], [Key : LotId Value : ], [Key : RecipeId Value : ], [Key : SubstrateType Value : ], [Key : RingId Value : ], [Key : PortId Value : ], [Key : SlotId Value : ]
[03:08:11:522]	[RECV] [Port : 3], [Title : ResponseConfirmUnloading]
[03:08:11:522]	[SEND] [Port : 3], [Title : ResponseConfirmUnloading], [Ack : Ack], [Description : ]
[03:08:59:821]	[SEND] [Port : 2], [Title : RequestApproachLoading], [Key : HandlingResult Value : Ok], [Key : SubstrateName Value : ZFUJ115.11], [Key : LotId Value : FZ3KDA], [Key : RecipeId Value : ], [Key : RingId Value : ZFUJ115.11], [Key : PortId Value : 5], [Key : SlotId Value : 11], [Key : SubstrateType Value : Core]
[03:08:59:947]	[RECV] [Port : 2], [Title : ResponseApproachLoading]
[03:08:59:947]	[SEND] [Port : 2], [Title : ResponseApproachLoading], [Ack : Ack], [Description : ]
[03:09:04:628]	[SEND] [Port : 2], [Title : RequestActionLoading], [Key : HandlingResult Value : Ok], [Key : SubstrateName Value : ZFUJ115.11], [Key : LotId Value : FZ3KDA], [Key : RecipeId Value : ], [Key : RingId Value : ZFUJ115.11], [Key : PortId Value : 5], [Key : SlotId Value : 11], [Key : SubstrateType Value : Core]
[03:09:04:630]	[RECV] [Port : 2], [Title : ResponseActionLoading]
[03:09:04:630]	[SEND] [Port : 2], [Title : ResponseActionLoading], [Ack : Ack], [Description : ]
[03:09:14:002]	[SEND] [Port : 2], [Title : RequestConfirmLoading], [Key : HandlingResult Value : Ok], [Key : SubstrateName Value : ZFUJ115.11], [Key : LotId Value : FZ3KDA], [Key : RecipeId Value : ], [Key : RingId Value : ZFUJ115.11], [Key : PortId Value : 5], [Key : SlotId Value : 11], [Key : SubstrateType Value : Core]
[03:09:14:004]	[RECV] [Port : 2], [Title : ResponseConfirmLoading]
[03:09:14:004]	[SEND] [Port : 2], [Title : ResponseConfirmLoading], [Ack : Ack], [Description : ]
[03:47:48:947]	[SEND] [Port : 4], [Title : RequestApproachUnloading], [Key : HandlingResult Value : Ok], [Key : SubstrateName Value : ], [Key : LotId Value : ], [Key : RecipeId Value : ], [Key : SubstrateType Value : ], [Key : RingId Value : ], [Key : PortId Value : ], [Key : SlotId Value : ]
[03:47:49:047]	[RECV] [Port : 4], [Title : ResponseApproachUnloading], [Key : RingId Value : ZFWL391.7], [Key : LotId Value : TEST_CORE], [Key : HandlingResult Value : Ok], [Key : SlotId Value : 7], [Key : SubstrateName Value : BIN_120240430_022447.316], [Key : SubstrateType Value : Bin1], [Key : RecipeId Value : ], [Key : PortId Value : 4]
[03:47:49:047]	[SEND] [Port : 4], [Title : ResponseApproachUnloading], [Ack : Ack], [Description : ]
[03:47:53:412]	[SEND] [Port : 4], [Title : RequestApproachUnloading], [Key : HandlingResult Value : Ok], [Key : SubstrateName Value : ], [Key : LotId Value : ], [Key : RecipeId Value : ], [Key : SubstrateType Value : ], [Key : RingId Value : ], [Key : PortId Value : ], [Key : SlotId Value : ]
----------------------------
[03:48:53:171]	[SEND] [Port : 4], [Title : RequestApproachUnloading], [Key : HandlingResult Value : Ok], [Key : SubstrateName Value : ], [Key : LotId Value : ], [Key : RecipeId Value : ], [Key : SubstrateType Value : ], [Key : RingId Value : ], [Key : PortId Value : ], [Key : SlotId Value : ]
[03:50:25:857]	[SEND] [Port : 4], [Title : RequestApproachUnloading], [Key : HandlingResult Value : Ok], [Key : SubstrateName Value : ], [Key : LotId Value : ], [Key : RecipeId Value : ], [Key : SubstrateType Value : ], [Key : RingId Value : ], [Key : PortId Value : ], [Key : SlotId Value : ]
[03:50:25:937]	[RECV] [Port : 4], [Title : ResponseApproachUnloading], [Key : RingId Value : ZFWL391.7], [Key : LotId Value : TEST_CORE], [Key : HandlingResult Value : Ok], [Key : SlotId Value : 7], [Key : SubstrateName Value : BIN_120240430_022447.316], [Key : SubstrateType Value : Bin1], [Key : RecipeId Value : ], [Key : PortId Value : 4]
[03:50:25:938]	[SEND] [Port : 4], [Title : ResponseApproachUnloading], [Ack : Ack], [Description : ]
[03:51:49:609]	[SEND] [Port : 4], [Title : RequestApproachUnloading], [Key : HandlingResult Value : Ok], [Key : SubstrateName Value : ], [Key : LotId Value : ], [Key : RecipeId Value : ], [Key : SubstrateType Value : ], [Key : RingId Value : ], [Key : PortId Value : ], [Key : SlotId Value : ]
[03:51:49:694]	[RECV] [Port : 4], [Title : ResponseApproachUnloading], [Key : RingId Value : ZFWL391.7], [Key : LotId Value : TEST_CORE], [Key : HandlingResult Value : Ok], [Key : SlotId Value : 7], [Key : SubstrateName Value : BIN_120240430_022447.316], [Key : SubstrateType Value : Bin1], [Key : RecipeId Value : ], [Key : PortId Value : 4]
[03:51:49:694]	[SEND] [Port : 4], [Title : ResponseApproachUnloading], [Ack : Ack], [Description : ]
[03:59:07:182]	[SEND] [Port : 4], [Title : RequestApproachUnloading], [Key : HandlingResult Value : Ok], [Key : SubstrateName Value : ], [Key : LotId Value : ], [Key : RecipeId Value : ], [Key : SubstrateType Value : ], [Key : RingId Value : ], [Key : PortId Value : ], [Key : SlotId Value : ]
[03:59:47:685]	[SEND] [Port : 4], [Title : RequestApproachUnloading], [Key : HandlingResult Value : Ok], [Key : SubstrateName Value : ], [Key : LotId Value : ], [Key : RecipeId Value : ], [Key : SubstrateType Value : ], [Key : RingId Value : ], [Key : PortId Value : ], [Key : SlotId Value : ]
[03:59:47:771]	[RECV] [Port : 4], [Title : ResponseApproachUnloading], [Key : RingId Value : ZFWL391.7], [Key : LotId Value : TEST_CORE], [Key : HandlingResult Value : Ok], [Key : SlotId Value : 7], [Key : SubstrateName Value : BIN_120240430_022447.316], [Key : SubstrateType Value : Bin1], [Key : RecipeId Value : ], [Key : PortId Value : 4]
[03:59:47:771]	[SEND] [Port : 4], [Title : ResponseApproachUnloading], [Ack : Ack], [Description : ]
[04:03:09:190]	[SEND] [Port : 4], [Title : RequestStartUnloading], [Key : HandlingResult Value : Ok]
[04:03:09:222]	[RECV] [Port : 4], [Title : ResponseStartUnloading]
[04:03:09:222]	[SEND] [Port : 4], [Title : ResponseStartUnloading], [Ack : Ack], [Description : ]
[04:03:13:564]	[SEND] [Port : 4], [Title : RequestActionUnloading], [Key : HandlingResult Value : Ok], [Key : SubstrateName Value : ZFWL391.13], [Key : LotId Value : TEST_CORE], [Key : RecipeId Value : ], [Key : RingId Value : ZFWL391.13], [Key : PortId Value : 4], [Key : SlotId Value : 1], [Key : SubstrateType Value : Empty]
[04:03:13:567]	[RECV] [Port : 4], [Title : ResponseActionUnloading]
[04:03:13:567]	[SEND] [Port : 4], [Title : ResponseActionUnloading], [Ack : Ack], [Description : ]
[04:03:24:890]	[SEND] [Port : 4], [Title : RequestConfirmUnloading], [Key : HandlingResult Value : Ok], [Key : SubstrateName Value : ], [Key : LotId Value : ], [Key : RecipeId Value : ], [Key : SubstrateType Value : ], [Key : RingId Value : ], [Key : PortId Value : ], [Key : SlotId Value : ]
[04:03:24:893]	[RECV] [Port : 4], [Title : ResponseConfirmUnloading]
[04:03:24:893]	[SEND] [Port : 4], [Title : ResponseConfirmUnloading], [Ack : Ack], [Description : ]
[04:28:18:349]	[SEND] [Port : 1], [Title : RequestApproachLoading], [Key : HandlingResult Value : Ok], [Key : SubstrateName Value : ZFWL391.1], [Key : LotId Value : TEST_CORE], [Key : RecipeId Value : ], [Key : RingId Value : ZFWL391.1], [Key : PortId Value : 4], [Key : SlotId Value : 1], [Key : SubstrateType Value : Empty]
[04:28:18:510]	[RECV] [Port : 1], [Title : ResponseApproachLoading]
[04:28:18:510]	[SEND] [Port : 1], [Title : ResponseApproachLoading], [Ack : Ack], [Description : ]
[04:28:23:194]	[SEND] [Port : 1], [Title : RequestActionLoading], [Key : HandlingResult Value : Ok], [Key : SubstrateName Value : ZFWL391.1], [Key : LotId Value : TEST_CORE], [Key : RecipeId Value : ], [Key : RingId Value : ZFWL391.1], [Key : PortId Value : 4], [Key : SlotId Value : 1], [Key : SubstrateType Value : Empty]
[04:28:23:196]	[RECV] [Port : 1], [Title : ResponseActionLoading]
[04:28:23:196]	[SEND] [Port : 1], [Title : ResponseActionLoading], [Ack : Ack], [Description : ]
[04:28:33:150]	[SEND] [Port : 1], [Title : RequestConfirmLoading], [Key : HandlingResult Value : Ok], [Key : SubstrateName Value : ZFWL391.1], [Key : LotId Value : TEST_CORE], [Key : RecipeId Value : ], [Key : RingId Value : ZFWL391.1], [Key : PortId Value : 4], [Key : SlotId Value : 1], [Key : SubstrateType Value : Empty]
[04:28:33:153]	[RECV] [Port : 1], [Title : ResponseConfirmLoading]
[04:28:33:153]	[SEND] [Port : 1], [Title : ResponseConfirmLoading], [Ack : Ack], [Description : ]
[04:28:48:699]	[SEND] [Port : 2], [Title : RequestApproachLoading], [Key : HandlingResult Value : Ok], [Key : SubstrateName Value : ZFUJ115.3], [Key : LotId Value : FZ3KDA], [Key : RecipeId Value : ], [Key : RingId Value : ZFUJ115.3], [Key : PortId Value : 5], [Key : SlotId Value : 3], [Key : SubstrateType Value : Core]
[04:28:48:980]	[RECV] [Port : 2], [Title : ResponseApproachLoading]
[04:28:48:980]	[SEND] [Port : 2], [Title : ResponseApproachLoading], [Ack : Ack], [Description : ]
[04:28:53:660]	[SEND] [Port : 2], [Title : RequestActionLoading], [Key : HandlingResult Value : Ok], [Key : SubstrateName Value : ZFUJ115.3], [Key : LotId Value : FZ3KDA], [Key : RecipeId Value : ], [Key : RingId Value : ZFUJ115.3], [Key : PortId Value : 5], [Key : SlotId Value : 3], [Key : SubstrateType Value : Core]
[04:28:53:662]	[RECV] [Port : 2], [Title : ResponseActionLoading]
[04:28:53:662]	[SEND] [Port : 2], [Title : ResponseActionLoading], [Ack : Ack], [Description : ]
[04:29:03:040]	[SEND] [Port : 2], [Title : RequestConfirmLoading], [Key : HandlingResult Value : Ok], [Key : SubstrateName Value : ZFUJ115.3], [Key : LotId Value : FZ3KDA], [Key : RecipeId Value : ], [Key : RingId Value : ZFUJ115.3], [Key : PortId Value : 5], [Key : SlotId Value : 3], [Key : SubstrateType Value : Core]
[04:29:03:042]	[RECV] [Port : 2], [Title : ResponseConfirmLoading]
[04:29:03:042]	[SEND] [Port : 2], [Title : ResponseConfirmLoading], [Ack : Ack], [Description : ]
[04:31:46:117]	[SEND] [Port : 1], [Title : RequestApproachLoading], [Key : HandlingResult Value : Ok], [Key : SubstrateName Value : ZFWL391.3], [Key : LotId Value : TEST_CORE], [Key : RecipeId Value : ], [Key : RingId Value : ZFWL391.3], [Key : PortId Value : 4], [Key : SlotId Value : 3], [Key : SubstrateType Value : Empty]
[04:31:46:346]	[RECV] [Port : 1], [Title : ResponseApproachLoading]
[04:31:46:346]	[SEND] [Port : 1], [Title : ResponseApproachLoading], [Ack : Ack], [Description : ]
[04:31:51:026]	[SEND] [Port : 1], [Title : RequestActionLoading], [Key : HandlingResult Value : Ok], [Key : SubstrateName Value : ZFWL391.3], [Key : LotId Value : TEST_CORE], [Key : RecipeId Value : ], [Key : RingId Value : ZFWL391.3], [Key : PortId Value : 4], [Key : SlotId Value : 3], [Key : SubstrateType Value : Empty]
[04:31:51:028]	[RECV] [Port : 1], [Title : ResponseActionLoading]
[04:31:51:028]	[SEND] [Port : 1], [Title : ResponseActionLoading], [Ack : Ack], [Description : ]
[04:32:00:991]	[SEND] [Port : 1], [Title : RequestConfirmLoading], [Key : HandlingResult Value : Ok], [Key : SubstrateName Value : ZFWL391.3], [Key : LotId Value : TEST_CORE], [Key : RecipeId Value : ], [Key : RingId Value : ZFWL391.3], [Key : PortId Value : 4], [Key : SlotId Value : 3], [Key : SubstrateType Value : Empty]
[04:32:00:993]	[RECV] [Port : 1], [Title : ResponseConfirmLoading]
[04:32:00:993]	[SEND] [Port : 1], [Title : ResponseConfirmLoading], [Ack : Ack], [Description : ]
[05:03:57:378]	[SEND] [Port : 4], [Title : RequestApproachUnloading], [Key : HandlingResult Value : Ok], [Key : SubstrateName Value : ], [Key : LotId Value : ], [Key : RecipeId Value : ], [Key : SubstrateType Value : ], [Key : RingId Value : ], [Key : PortId Value : ], [Key : SlotId Value : ]
[05:03:57:480]	[RECV] [Port : 4], [Title : ResponseApproachUnloading], [Key : RingId Value : ZFWL391.1], [Key : LotId Value : TEST_CORE], [Key : HandlingResult Value : Ok], [Key : SlotId Value : 1], [Key : SubstrateName Value : BIN_120240430_043124.021], [Key : SubstrateType Value : Bin1], [Key : RecipeId Value : ], [Key : PortId Value : 4]
[05:03:57:480]	[SEND] [Port : 4], [Title : ResponseApproachUnloading], [Ack : Ack], [Description : ]
[05:03:57:482]	[SEND] [Port : 4], [Title : RequestStartUnloading], [Key : HandlingResult Value : Ok]
[05:03:57:585]	[RECV] [Port : 4], [Title : ResponseStartUnloading]
[05:03:57:585]	[SEND] [Port : 4], [Title : ResponseStartUnloading], [Ack : Ack], [Description : ]
[05:04:01:932]	[SEND] [Port : 4], [Title : RequestActionUnloading], [Key : HandlingResult Value : Ok], [Key : SubstrateName Value : ZFWL391.1], [Key : LotId Value : TEST_CORE], [Key : RecipeId Value : ], [Key : RingId Value : ZFWL391.1], [Key : PortId Value : 4], [Key : SlotId Value : 1], [Key : SubstrateType Value : Empty]
[05:04:01:934]	[RECV] [Port : 4], [Title : ResponseActionUnloading]
[05:04:01:934]	[SEND] [Port : 4], [Title : ResponseActionUnloading], [Ack : Ack], [Description : ]
[05:04:13:262]	[SEND] [Port : 4], [Title : RequestConfirmUnloading], [Key : HandlingResult Value : Ok], [Key : SubstrateName Value : ], [Key : LotId Value : ], [Key : RecipeId Value : ], [Key : SubstrateType Value : ], [Key : RingId Value : ], [Key : PortId Value : ], [Key : SlotId Value : ]
[05:04:13:264]	[RECV] [Port : 4], [Title : ResponseConfirmUnloading]
[05:04:13:264]	[SEND] [Port : 4], [Title : ResponseConfirmUnloading], [Ack : Ack], [Description : ]
[05:11:30:294]	[SEND] [Port : 4], [Title : RequestApproachUnloading], [Key : HandlingResult Value : Ok], [Key : SubstrateName Value : ], [Key : LotId Value : ], [Key : RecipeId Value : ], [Key : SubstrateType Value : ], [Key : RingId Value : ], [Key : PortId Value : ], [Key : SlotId Value : ]
[05:11:30:345]	[RECV] [Port : 4], [Title : ResponseApproachUnloading], [Key : RingId Value : ZFWL391.3], [Key : LotId Value : TEST_CORE], [Key : HandlingResult Value : Ok], [Key : SlotId Value : 3], [Key : SubstrateName Value : BIN_220240430_044517.524], [Key : SubstrateType Value : Bin2], [Key : RecipeId Value : ], [Key : PortId Value : 4]
[05:11:30:345]	[SEND] [Port : 4], [Title : ResponseApproachUnloading], [Ack : Ack], [Description : ]
[05:11:30:348]	[SEND] [Port : 4], [Title : RequestStartUnloading], [Key : HandlingResult Value : Ok]
[05:12:41:002]	[SEND] [Port : 4], [Title : RequestApproachUnloading], [Key : HandlingResult Value : Ok], [Key : SubstrateName Value : ], [Key : LotId Value : ], [Key : RecipeId Value : ], [Key : SubstrateType Value : ], [Key : RingId Value : ], [Key : PortId Value : ], [Key : SlotId Value : ]
[05:12:41:055]	[RECV] [Port : 4], [Title : ResponseApproachUnloading], [Key : RingId Value : ZFWL391.3], [Key : LotId Value : TEST_CORE], [Key : HandlingResult Value : Ok], [Key : SlotId Value : 3], [Key : SubstrateName Value : BIN_220240430_044517.524], [Key : SubstrateType Value : Bin2], [Key : RecipeId Value : ], [Key : PortId Value : 4]
[05:12:41:055]	[SEND] [Port : 4], [Title : ResponseApproachUnloading], [Ack : Ack], [Description : ]
[05:12:41:056]	[SEND] [Port : 4], [Title : RequestStartUnloading], [Key : HandlingResult Value : Ok]
[05:12:41:059]	[RECV] [Port : 4], [Title : ResponseStartUnloading]
[05:12:41:059]	[SEND] [Port : 4], [Title : ResponseStartUnloading], [Ack : Ack], [Description : ]
[05:12:46:539]	[SEND] [Port : 4], [Title : RequestActionUnloading], [Key : HandlingResult Value : Ok], [Key : SubstrateName Value : ZFWL391.3], [Key : LotId Value : TEST_CORE], [Key : RecipeId Value : ], [Key : RingId Value : ZFWL391.3], [Key : PortId Value : 4], [Key : SlotId Value : 3], [Key : SubstrateType Value : Empty]
[05:12:46:541]	[RECV] [Port : 4], [Title : ResponseActionUnloading]
[05:12:46:541]	[SEND] [Port : 4], [Title : ResponseActionUnloading], [Ack : Ack], [Description : ]
[05:12:57:870]	[SEND] [Port : 4], [Title : RequestConfirmUnloading], [Key : HandlingResult Value : Ok], [Key : SubstrateName Value : ], [Key : LotId Value : ], [Key : RecipeId Value : ], [Key : SubstrateType Value : ], [Key : RingId Value : ], [Key : PortId Value : ], [Key : SlotId Value : ]
[05:12:57:872]	[RECV] [Port : 4], [Title : ResponseConfirmUnloading]
[05:12:57:872]	[SEND] [Port : 4], [Title : ResponseConfirmUnloading], [Ack : Ack], [Description : ]
[05:13:15:493]	[SEND] [Port : 3], [Title : RequestApproachUnloading], [Key : HandlingResult Value : Ok], [Key : SubstrateName Value : ], [Key : LotId Value : ], [Key : RecipeId Value : ], [Key : SubstrateType Value : ], [Key : RingId Value : ], [Key : PortId Value : ], [Key : SlotId Value : ]
[05:13:15:500]	[RECV] [Port : 3], [Title : ResponseApproachUnloading], [Key : RingId Value : ZFUJ115.3], [Key : LotId Value : FZ3KDA], [Key : HandlingResult Value : Ok], [Key : SlotId Value : 3], [Key : SubstrateName Value : JEY097-19], [Key : SubstrateType Value : Core], [Key : RecipeId Value : ], [Key : PortId Value : 5]
[05:13:15:500]	[SEND] [Port : 3], [Title : ResponseApproachUnloading], [Ack : Ack], [Description : ]
[05:13:15:501]	[SEND] [Port : 3], [Title : RequestStartUnloading], [Key : HandlingResult Value : Ok]
[05:13:15:605]	[RECV] [Port : 3], [Title : ResponseStartUnloading]
[05:13:15:605]	[SEND] [Port : 3], [Title : ResponseStartUnloading], [Ack : Ack], [Description : ]
[05:13:21:091]	[SEND] [Port : 3], [Title : RequestActionUnloading], [Key : HandlingResult Value : Ok], [Key : SubstrateName Value : ZFUJ115.3], [Key : LotId Value : FZ3KDA], [Key : RecipeId Value : ], [Key : RingId Value : ZFUJ115.3], [Key : PortId Value : 5], [Key : SlotId Value : 3], [Key : SubstrateType Value : Core]
[05:13:21:101]	[RECV] [Port : 3], [Title : ResponseActionUnloading]
[05:13:21:101]	[SEND] [Port : 3], [Title : ResponseActionUnloading], [Ack : Ack], [Description : ]
[05:13:32:138]	[SEND] [Port : 3], [Title : RequestConfirmUnloading], [Key : HandlingResult Value : Ok], [Key : SubstrateName Value : ], [Key : LotId Value : ], [Key : RecipeId Value : ], [Key : SubstrateType Value : ], [Key : RingId Value : ], [Key : PortId Value : ], [Key : SlotId Value : ]
[05:13:32:140]	[RECV] [Port : 3], [Title : ResponseConfirmUnloading]
[05:13:32:140]	[SEND] [Port : 3], [Title : ResponseConfirmUnloading], [Ack : Ack], [Description : ]
[06:29:25:503]	[SEND] [Port : 1], [Title : RequestApproachLoading], [Key : HandlingResult Value : Ok], [Key : SubstrateName Value : ZFWL391.1], [Key : LotId Value : TEST_CORE], [Key : RecipeId Value : ], [Key : RingId Value : ZFWL391.1], [Key : PortId Value : 4], [Key : SlotId Value : 1], [Key : SubstrateType Value : Empty]
[06:29:25:654]	[RECV] [Port : 1], [Title : ResponseApproachLoading]
[06:29:25:654]	[SEND] [Port : 1], [Title : ResponseApproachLoading], [Ack : Ack], [Description : ]
[06:29:30:337]	[SEND] [Port : 1], [Title : RequestActionLoading], [Key : HandlingResult Value : Ok], [Key : SubstrateName Value : ZFWL391.1], [Key : LotId Value : TEST_CORE], [Key : RecipeId Value : ], [Key : RingId Value : ZFWL391.1], [Key : PortId Value : 4], [Key : SlotId Value : 1], [Key : SubstrateType Value : Empty]
[06:29:30:339]	[RECV] [Port : 1], [Title : ResponseActionLoading]
[06:29:30:339]	[SEND] [Port : 1], [Title : ResponseActionLoading], [Ack : Ack], [Description : ]
[06:29:40:311]	[SEND] [Port : 1], [Title : RequestConfirmLoading], [Key : HandlingResult Value : Ok], [Key : SubstrateName Value : ZFWL391.1], [Key : LotId Value : TEST_CORE], [Key : RecipeId Value : ], [Key : RingId Value : ZFWL391.1], [Key : PortId Value : 4], [Key : SlotId Value : 1], [Key : SubstrateType Value : Empty]
[06:29:40:313]	[RECV] [Port : 1], [Title : ResponseConfirmLoading]
[06:29:40:313]	[SEND] [Port : 1], [Title : ResponseConfirmLoading], [Ack : Ack], [Description : ]
[06:29:55:851]	[SEND] [Port : 2], [Title : RequestApproachLoading], [Key : HandlingResult Value : Ok], [Key : SubstrateName Value : ZFUJ115.3], [Key : LotId Value : FZ3KDA], [Key : RecipeId Value : ], [Key : RingId Value : ZFUJ115.3], [Key : PortId Value : 5], [Key : SlotId Value : 3], [Key : SubstrateType Value : Core]
[06:29:56:146]	[RECV] [Port : 2], [Title : ResponseApproachLoading]
[06:29:56:146]	[SEND] [Port : 2], [Title : ResponseApproachLoading], [Ack : Ack], [Description : ]
[06:30:00:827]	[SEND] [Port : 2], [Title : RequestActionLoading], [Key : HandlingResult Value : Ok], [Key : SubstrateName Value : ZFUJ115.3], [Key : LotId Value : FZ3KDA], [Key : RecipeId Value : ], [Key : RingId Value : ZFUJ115.3], [Key : PortId Value : 5], [Key : SlotId Value : 3], [Key : SubstrateType Value : Core]
[06:30:00:829]	[RECV] [Port : 2], [Title : ResponseActionLoading]
[06:30:00:829]	[SEND] [Port : 2], [Title : ResponseActionLoading], [Ack : Ack], [Description : ]
[06:30:10:207]	[SEND] [Port : 2], [Title : RequestConfirmLoading], [Key : HandlingResult Value : Ok], [Key : SubstrateName Value : ZFUJ115.3], [Key : LotId Value : FZ3KDA], [Key : RecipeId Value : ], [Key : RingId Value : ZFUJ115.3], [Key : PortId Value : 5], [Key : SlotId Value : 3], [Key : SubstrateType Value : Core]
[06:30:10:209]	[RECV] [Port : 2], [Title : ResponseConfirmLoading]
[06:30:10:209]	[SEND] [Port : 2], [Title : ResponseConfirmLoading], [Ack : Ack], [Description : ]
[06:46:43:276]	[SEND] [Port : 1], [Title : RequestApproachLoading], [Key : HandlingResult Value : Ok], [Key : SubstrateName Value : ZFWL391.3], [Key : LotId Value : TEST_CORE], [Key : RecipeId Value : ], [Key : RingId Value : ZFWL391.3], [Key : PortId Value : 4], [Key : SlotId Value : 3], [Key : SubstrateType Value : Empty]
[06:46:43:550]	[RECV] [Port : 1], [Title : ResponseApproachLoading]
[06:46:43:550]	[SEND] [Port : 1], [Title : ResponseApproachLoading], [Ack : Ack], [Description : ]
[06:46:48:228]	[SEND] [Port : 1], [Title : RequestActionLoading], [Key : HandlingResult Value : Ok], [Key : SubstrateName Value : ZFWL391.3], [Key : LotId Value : TEST_CORE], [Key : RecipeId Value : ], [Key : RingId Value : ZFWL391.3], [Key : PortId Value : 4], [Key : SlotId Value : 3], [Key : SubstrateType Value : Empty]
[06:46:48:230]	[RECV] [Port : 1], [Title : ResponseActionLoading]
[06:46:48:230]	[SEND] [Port : 1], [Title : ResponseActionLoading], [Ack : Ack], [Description : ]
[06:46:58:180]	[SEND] [Port : 1], [Title : RequestConfirmLoading], [Key : HandlingResult Value : Ok], [Key : SubstrateName Value : ZFWL391.3], [Key : LotId Value : TEST_CORE], [Key : RecipeId Value : ], [Key : RingId Value : ZFWL391.3], [Key : PortId Value : 4], [Key : SlotId Value : 3], [Key : SubstrateType Value : Empty]
[06:46:58:182]	[RECV] [Port : 1], [Title : ResponseConfirmLoading]
[06:46:58:182]	[SEND] [Port : 1], [Title : ResponseConfirmLoading], [Ack : Ack], [Description : ]
[06:47:55:907]	[SEND] [Port : 1], [Title : RequestApproachLoading], [Key : HandlingResult Value : Ok], [Key : SubstrateName Value : ZFWL391.5], [Key : LotId Value : TEST_CORE], [Key : RecipeId Value : ], [Key : RingId Value : ZFWL391.5], [Key : PortId Value : 4], [Key : SlotId Value : 5], [Key : SubstrateType Value : Empty]
[06:47:56:040]	[RECV] [Port : 1], [Title : ResponseApproachLoading]
[06:47:56:040]	[SEND] [Port : 1], [Title : ResponseApproachLoading], [Ack : Ack], [Description : ]
[06:48:00:718]	[SEND] [Port : 1], [Title : RequestActionLoading], [Key : HandlingResult Value : Ok], [Key : SubstrateName Value : ZFWL391.5], [Key : LotId Value : TEST_CORE], [Key : RecipeId Value : ], [Key : RingId Value : ZFWL391.5], [Key : PortId Value : 4], [Key : SlotId Value : 5], [Key : SubstrateType Value : Empty]
[06:48:00:721]	[RECV] [Port : 1], [Title : ResponseActionLoading]
[06:48:00:721]	[SEND] [Port : 1], [Title : ResponseActionLoading], [Ack : Ack], [Description : ]
[06:48:10:669]	[SEND] [Port : 1], [Title : RequestConfirmLoading], [Key : HandlingResult Value : Ok], [Key : SubstrateName Value : ZFWL391.5], [Key : LotId Value : TEST_CORE], [Key : RecipeId Value : ], [Key : RingId Value : ZFWL391.5], [Key : PortId Value : 4], [Key : SlotId Value : 5], [Key : SubstrateType Value : Empty]
[06:48:10:672]	[RECV] [Port : 1], [Title : ResponseConfirmLoading]
[06:48:10:672]	[SEND] [Port : 1], [Title : ResponseConfirmLoading], [Ack : Ack], [Description : ]
[06:53:02:677]	[SEND] [Port : 1], [Title : RequestApproachLoading], [Key : HandlingResult Value : Ok], [Key : SubstrateName Value : ZFWL391.7], [Key : LotId Value : TEST_CORE], [Key : RecipeId Value : ], [Key : RingId Value : ZFWL391.7], [Key : PortId Value : 4], [Key : SlotId Value : 7], [Key : SubstrateType Value : Empty]
[06:53:02:903]	[RECV] [Port : 1], [Title : ResponseApproachLoading]
[06:53:02:903]	[SEND] [Port : 1], [Title : ResponseApproachLoading], [Ack : Ack], [Description : ]
[06:53:07:581]	[SEND] [Port : 1], [Title : RequestActionLoading], [Key : HandlingResult Value : Ok], [Key : SubstrateName Value : ZFWL391.7], [Key : LotId Value : TEST_CORE], [Key : RecipeId Value : ], [Key : RingId Value : ZFWL391.7], [Key : PortId Value : 4], [Key : SlotId Value : 7], [Key : SubstrateType Value : Empty]
[06:53:07:583]	[RECV] [Port : 1], [Title : ResponseActionLoading]
[06:53:07:583]	[SEND] [Port : 1], [Title : ResponseActionLoading], [Ack : Ack], [Description : ]
[06:53:17:532]	[SEND] [Port : 1], [Title : RequestConfirmLoading], [Key : HandlingResult Value : Ok], [Key : SubstrateName Value : ZFWL391.7], [Key : LotId Value : TEST_CORE], [Key : RecipeId Value : ], [Key : RingId Value : ZFWL391.7], [Key : PortId Value : 4], [Key : SlotId Value : 7], [Key : SubstrateType Value : Empty]
[06:53:17:534]	[RECV] [Port : 1], [Title : ResponseConfirmLoading]
[06:53:17:534]	[SEND] [Port : 1], [Title : ResponseConfirmLoading], [Ack : Ack], [Description : ]
[06:58:34:876]	[SEND] [Port : 1], [Title : RequestApproachLoading], [Key : HandlingResult Value : Ok], [Key : SubstrateName Value : ZFWL391.9], [Key : LotId Value : TEST_CORE], [Key : RecipeId Value : ], [Key : RingId Value : ZFWL391.9], [Key : PortId Value : 4], [Key : SlotId Value : 9], [Key : SubstrateType Value : Empty]
[06:58:35:137]	[RECV] [Port : 1], [Title : ResponseApproachLoading]
[06:58:35:137]	[SEND] [Port : 1], [Title : ResponseApproachLoading], [Ack : Ack], [Description : ]
[06:58:39:816]	[SEND] [Port : 1], [Title : RequestActionLoading], [Key : HandlingResult Value : Ok], [Key : SubstrateName Value : ZFWL391.9], [Key : LotId Value : TEST_CORE], [Key : RecipeId Value : ], [Key : RingId Value : ZFWL391.9], [Key : PortId Value : 4], [Key : SlotId Value : 9], [Key : SubstrateType Value : Empty]
[06:58:39:818]	[RECV] [Port : 1], [Title : ResponseActionLoading]
[06:58:39:819]	[SEND] [Port : 1], [Title : ResponseActionLoading], [Ack : Ack], [Description : ]
[06:58:49:778]	[SEND] [Port : 1], [Title : RequestConfirmLoading], [Key : HandlingResult Value : Ok], [Key : SubstrateName Value : ZFWL391.9], [Key : LotId Value : TEST_CORE], [Key : RecipeId Value : ], [Key : RingId Value : ZFWL391.9], [Key : PortId Value : 4], [Key : SlotId Value : 9], [Key : SubstrateType Value : Empty]
[06:58:49:781]	[RECV] [Port : 1], [Title : ResponseConfirmLoading]
[06:58:49:781]	[SEND] [Port : 1], [Title : ResponseConfirmLoading], [Ack : Ack], [Description : ]
[07:03:26:768]	[SEND] [Port : 3], [Title : RequestApproachUnloading], [Key : HandlingResult Value : Ok], [Key : SubstrateName Value : ], [Key : LotId Value : ], [Key : RecipeId Value : ], [Key : SubstrateType Value : ], [Key : RingId Value : ], [Key : PortId Value : ], [Key : SlotId Value : ]
[07:03:26:858]	[RECV] [Port : 3], [Title : ResponseApproachUnloading], [Key : RingId Value : ZFUJ115.3], [Key : LotId Value : FZ3KDA], [Key : HandlingResult Value : Ok], [Key : SlotId Value : 3], [Key : SubstrateName Value : JEY097-19], [Key : SubstrateType Value : Core], [Key : RecipeId Value : ], [Key : PortId Value : 5]
[07:03:26:858]	[SEND] [Port : 3], [Title : ResponseApproachUnloading], [Ack : Ack], [Description : ]
[07:03:26:860]	[SEND] [Port : 3], [Title : RequestStartUnloading], [Key : HandlingResult Value : Ok]
[07:03:26:960]	[RECV] [Port : 3], [Title : ResponseStartUnloading]
[07:03:26:960]	[SEND] [Port : 3], [Title : ResponseStartUnloading], [Ack : Ack], [Description : ]
[07:03:32:088]	[SEND] [Port : 3], [Title : RequestActionUnloading], [Key : HandlingResult Value : Ok], [Key : SubstrateName Value : ZFUJ115.3], [Key : LotId Value : FZ3KDA], [Key : RecipeId Value : ], [Key : RingId Value : ZFUJ115.3], [Key : PortId Value : 5], [Key : SlotId Value : 3], [Key : SubstrateType Value : Core]
[07:03:32:152]	[RECV] [Port : 3], [Title : ResponseActionUnloading]
[07:03:32:152]	[SEND] [Port : 3], [Title : ResponseActionUnloading], [Ack : Ack], [Description : ]
[07:03:43:286]	[SEND] [Port : 3], [Title : RequestConfirmUnloading], [Key : HandlingResult Value : Ok], [Key : SubstrateName Value : ], [Key : LotId Value : ], [Key : RecipeId Value : ], [Key : SubstrateType Value : ], [Key : RingId Value : ], [Key : PortId Value : ], [Key : SlotId Value : ]
[07:03:43:288]	[RECV] [Port : 3], [Title : ResponseConfirmUnloading]
[07:03:43:288]	[SEND] [Port : 3], [Title : ResponseConfirmUnloading], [Ack : Ack], [Description : ]
[07:05:26:703]	[SEND] [Port : 2], [Title : RequestApproachLoading], [Key : HandlingResult Value : Ok], [Key : SubstrateName Value : ZFUJ115.3], [Key : LotId Value : FZ3KDA], [Key : RecipeId Value : ], [Key : RingId Value : ZFUJ115.3], [Key : PortId Value : 5], [Key : SlotId Value : 3], [Key : SubstrateType Value : Core]
[07:05:27:017]	[RECV] [Port : 2], [Title : ResponseApproachLoading]
[07:05:27:017]	[SEND] [Port : 2], [Title : ResponseApproachLoading], [Ack : Ack], [Description : ]
[07:05:32:503]	[SEND] [Port : 2], [Title : RequestActionLoading], [Key : HandlingResult Value : Ok], [Key : SubstrateName Value : ZFUJ115.3], [Key : LotId Value : FZ3KDA], [Key : RecipeId Value : ], [Key : RingId Value : ZFUJ115.3], [Key : PortId Value : 5], [Key : SlotId Value : 3], [Key : SubstrateType Value : Core]
[07:05:32:505]	[RECV] [Port : 2], [Title : ResponseActionLoading]
[07:05:32:505]	[SEND] [Port : 2], [Title : ResponseActionLoading], [Ack : Ack], [Description : ]
[07:05:41:883]	[SEND] [Port : 2], [Title : RequestConfirmLoading], [Key : HandlingResult Value : Ok], [Key : SubstrateName Value : ZFUJ115.3], [Key : LotId Value : FZ3KDA], [Key : RecipeId Value : ], [Key : RingId Value : ZFUJ115.3], [Key : PortId Value : 5], [Key : SlotId Value : 3], [Key : SubstrateType Value : Core]
[07:05:41:885]	[RECV] [Port : 2], [Title : ResponseConfirmLoading]
[07:05:41:885]	[SEND] [Port : 2], [Title : ResponseConfirmLoading], [Ack : Ack], [Description : ]
[07:18:39:650]	[SEND] [Port : 4], [Title : RequestApproachUnloading], [Key : HandlingResult Value : Ok], [Key : SubstrateName Value : ], [Key : LotId Value : ], [Key : RecipeId Value : ], [Key : SubstrateType Value : ], [Key : RingId Value : ], [Key : PortId Value : ], [Key : SlotId Value : ]
[07:18:39:733]	[RECV] [Port : 4], [Title : ResponseApproachUnloading], [Key : RingId Value : ZFWL391.3], [Key : LotId Value : TEST_CORE], [Key : HandlingResult Value : Ok], [Key : SlotId Value : 3], [Key : SubstrateName Value : BIN_120240430_064728.257], [Key : SubstrateType Value : Bin1], [Key : RecipeId Value : ], [Key : PortId Value : 4]
[07:18:39:733]	[SEND] [Port : 4], [Title : ResponseApproachUnloading], [Ack : Ack], [Description : ]
[07:18:39:734]	[SEND] [Port : 4], [Title : RequestStartUnloading], [Key : HandlingResult Value : Ok]
[07:18:39:737]	[RECV] [Port : 4], [Title : ResponseStartUnloading]
[07:18:39:737]	[SEND] [Port : 4], [Title : ResponseStartUnloading], [Ack : Ack], [Description : ]
[07:18:44:869]	[SEND] [Port : 4], [Title : RequestActionUnloading], [Key : HandlingResult Value : Ok], [Key : SubstrateName Value : ZFWL391.3], [Key : LotId Value : TEST_CORE], [Key : RecipeId Value : ], [Key : RingId Value : ZFWL391.3], [Key : PortId Value : 4], [Key : SlotId Value : 3], [Key : SubstrateType Value : Empty]
[07:18:44:871]	[RECV] [Port : 4], [Title : ResponseActionUnloading]
[07:18:44:871]	[SEND] [Port : 4], [Title : ResponseActionUnloading], [Ack : Ack], [Description : ]
[07:18:56:192]	[SEND] [Port : 4], [Title : RequestConfirmUnloading], [Key : HandlingResult Value : Ok], [Key : SubstrateName Value : ], [Key : LotId Value : ], [Key : RecipeId Value : ], [Key : SubstrateType Value : ], [Key : RingId Value : ], [Key : PortId Value : ], [Key : SlotId Value : ]
[07:18:56:195]	[RECV] [Port : 4], [Title : ResponseConfirmUnloading]
[07:18:56:195]	[SEND] [Port : 4], [Title : ResponseConfirmUnloading], [Ack : Ack], [Description : ]
[07:19:45:200]	[SEND] [Port : 1], [Title : RequestApproachLoading], [Key : HandlingResult Value : Ok], [Key : SubstrateName Value : ZFWL391.3], [Key : LotId Value : TEST_CORE], [Key : RecipeId Value : ], [Key : RingId Value : ZFWL391.3], [Key : PortId Value : 4], [Key : SlotId Value : 3], [Key : SubstrateType Value : Empty]
[07:19:45:494]	[RECV] [Port : 1], [Title : ResponseApproachLoading]
[07:19:45:494]	[SEND] [Port : 1], [Title : ResponseApproachLoading], [Ack : Ack], [Description : ]
[07:19:50:175]	[SEND] [Port : 1], [Title : RequestActionLoading], [Key : HandlingResult Value : Ok], [Key : SubstrateName Value : ZFWL391.3], [Key : LotId Value : TEST_CORE], [Key : RecipeId Value : ], [Key : RingId Value : ZFWL391.3], [Key : PortId Value : 4], [Key : SlotId Value : 3], [Key : SubstrateType Value : Empty]
[07:19:50:177]	[RECV] [Port : 1], [Title : ResponseActionLoading]
[07:19:50:177]	[SEND] [Port : 1], [Title : ResponseActionLoading], [Ack : Ack], [Description : ]
[07:20:00:134]	[SEND] [Port : 1], [Title : RequestConfirmLoading], [Key : HandlingResult Value : Ok], [Key : SubstrateName Value : ZFWL391.3], [Key : LotId Value : TEST_CORE], [Key : RecipeId Value : ], [Key : RingId Value : ZFWL391.3], [Key : PortId Value : 4], [Key : SlotId Value : 3], [Key : SubstrateType Value : Empty]
[07:20:00:136]	[RECV] [Port : 1], [Title : ResponseConfirmLoading]
[07:20:00:136]	[SEND] [Port : 1], [Title : ResponseConfirmLoading], [Ack : Ack], [Description : ]
[07:38:54:200]	[SEND] [Port : 4], [Title : RequestApproachUnloading], [Key : HandlingResult Value : Ok], [Key : SubstrateName Value : ], [Key : LotId Value : ], [Key : RecipeId Value : ], [Key : SubstrateType Value : ], [Key : RingId Value : ], [Key : PortId Value : ], [Key : SlotId Value : ]
[07:38:54:283]	[RECV] [Port : 4], [Title : ResponseApproachUnloading], [Key : RingId Value : ZFWL391.5], [Key : LotId Value : TEST_CORE], [Key : HandlingResult Value : Ok], [Key : SlotId Value : 5], [Key : SubstrateName Value : BIN_220240430_065240.560], [Key : SubstrateType Value : Bin2], [Key : RecipeId Value : ], [Key : PortId Value : 4]
[07:38:54:283]	[SEND] [Port : 4], [Title : ResponseApproachUnloading], [Ack : Ack], [Description : ]
[07:38:54:284]	[SEND] [Port : 4], [Title : RequestStartUnloading], [Key : HandlingResult Value : Ok]
[07:38:54:287]	[RECV] [Port : 4], [Title : ResponseStartUnloading]
[07:38:54:287]	[SEND] [Port : 4], [Title : ResponseStartUnloading], [Ack : Ack], [Description : ]
[07:39:00:291]	[SEND] [Port : 4], [Title : RequestActionUnloading], [Key : HandlingResult Value : Ok], [Key : SubstrateName Value : ZFWL391.5], [Key : LotId Value : TEST_CORE], [Key : RecipeId Value : ], [Key : RingId Value : ZFWL391.5], [Key : PortId Value : 4], [Key : SlotId Value : 5], [Key : SubstrateType Value : Empty]
[07:39:00:293]	[RECV] [Port : 4], [Title : ResponseActionUnloading]
[07:39:00:293]	[SEND] [Port : 4], [Title : ResponseActionUnloading], [Ack : Ack], [Description : ]
[07:39:11:592]	[SEND] [Port : 4], [Title : RequestConfirmUnloading], [Key : HandlingResult Value : Ok], [Key : SubstrateName Value : ], [Key : LotId Value : ], [Key : RecipeId Value : ], [Key : SubstrateType Value : ], [Key : RingId Value : ], [Key : PortId Value : ], [Key : SlotId Value : ]
[07:39:11:594]	[RECV] [Port : 4], [Title : ResponseConfirmUnloading]
[07:39:11:594]	[SEND] [Port : 4], [Title : ResponseConfirmUnloading], [Ack : Ack], [Description : ]
[07:40:00:479]	[SEND] [Port : 1], [Title : RequestApproachLoading], [Key : HandlingResult Value : Ok], [Key : SubstrateName Value : ZFWL391.5], [Key : LotId Value : TEST_CORE], [Key : RecipeId Value : ], [Key : RingId Value : ZFWL391.5], [Key : PortId Value : 4], [Key : SlotId Value : 5], [Key : SubstrateType Value : Empty]
[07:40:00:784]	[RECV] [Port : 1], [Title : ResponseApproachLoading]
[07:40:00:784]	[SEND] [Port : 1], [Title : ResponseApproachLoading], [Ack : Ack], [Description : ]
[07:40:05:464]	[SEND] [Port : 1], [Title : RequestActionLoading], [Key : HandlingResult Value : Ok], [Key : SubstrateName Value : ZFWL391.5], [Key : LotId Value : TEST_CORE], [Key : RecipeId Value : ], [Key : RingId Value : ZFWL391.5], [Key : PortId Value : 4], [Key : SlotId Value : 5], [Key : SubstrateType Value : Empty]
[07:40:05:467]	[RECV] [Port : 1], [Title : ResponseActionLoading]
[07:40:05:467]	[SEND] [Port : 1], [Title : ResponseActionLoading], [Ack : Ack], [Description : ]
[07:40:15:426]	[SEND] [Port : 1], [Title : RequestConfirmLoading], [Key : HandlingResult Value : Ok], [Key : SubstrateName Value : ZFWL391.5], [Key : LotId Value : TEST_CORE], [Key : RecipeId Value : ], [Key : RingId Value : ZFWL391.5], [Key : PortId Value : 4], [Key : SlotId Value : 5], [Key : SubstrateType Value : Empty]
[07:40:15:428]	[RECV] [Port : 1], [Title : ResponseConfirmLoading]
[07:40:15:428]	[SEND] [Port : 1], [Title : ResponseConfirmLoading], [Ack : Ack], [Description : ]
[07:45:21:534]	[SEND] [Port : 4], [Title : RequestApproachUnloading], [Key : HandlingResult Value : Ok], [Key : SubstrateName Value : ], [Key : LotId Value : ], [Key : RecipeId Value : ], [Key : SubstrateType Value : ], [Key : RingId Value : ], [Key : PortId Value : ], [Key : SlotId Value : ]
[07:45:21:615]	[RECV] [Port : 4], [Title : ResponseApproachUnloading], [Key : RingId Value : ZFWL391.7], [Key : LotId Value : TEST_CORE], [Key : HandlingResult Value : Ok], [Key : SlotId Value : 7], [Key : SubstrateName Value : BIN_320240430_065801.713], [Key : SubstrateType Value : Bin3], [Key : RecipeId Value : ], [Key : PortId Value : 4]
[07:45:21:615]	[SEND] [Port : 4], [Title : ResponseApproachUnloading], [Ack : Ack], [Description : ]
[07:45:21:616]	[SEND] [Port : 4], [Title : RequestStartUnloading], [Key : HandlingResult Value : Ok]
[07:45:21:618]	[RECV] [Port : 4], [Title : ResponseStartUnloading]
[07:45:21:618]	[SEND] [Port : 4], [Title : ResponseStartUnloading], [Ack : Ack], [Description : ]
[07:45:27:618]	[SEND] [Port : 4], [Title : RequestActionUnloading], [Key : HandlingResult Value : Ok], [Key : SubstrateName Value : ZFWL391.7], [Key : LotId Value : TEST_CORE], [Key : RecipeId Value : ], [Key : RingId Value : ZFWL391.7], [Key : PortId Value : 4], [Key : SlotId Value : 7], [Key : SubstrateType Value : Empty]
[07:45:27:620]	[RECV] [Port : 4], [Title : ResponseActionUnloading]
[07:45:27:620]	[SEND] [Port : 4], [Title : ResponseActionUnloading], [Ack : Ack], [Description : ]
[07:45:38:948]	[SEND] [Port : 4], [Title : RequestConfirmUnloading], [Key : HandlingResult Value : Ok], [Key : SubstrateName Value : ], [Key : LotId Value : ], [Key : RecipeId Value : ], [Key : SubstrateType Value : ], [Key : RingId Value : ], [Key : PortId Value : ], [Key : SlotId Value : ]
[07:45:38:952]	[RECV] [Port : 4], [Title : ResponseConfirmUnloading]
[07:45:38:952]	[SEND] [Port : 4], [Title : ResponseConfirmUnloading], [Ack : Ack], [Description : ]
[07:46:27:646]	[SEND] [Port : 1], [Title : RequestApproachLoading], [Key : HandlingResult Value : Ok], [Key : SubstrateName Value : ZFWL391.7], [Key : LotId Value : TEST_CORE], [Key : RecipeId Value : ], [Key : RingId Value : ZFWL391.7], [Key : PortId Value : 4], [Key : SlotId Value : 7], [Key : SubstrateType Value : Empty]
[07:46:27:945]	[RECV] [Port : 1], [Title : ResponseApproachLoading]
[07:46:27:945]	[SEND] [Port : 1], [Title : ResponseApproachLoading], [Ack : Ack], [Description : ]
[07:46:32:624]	[SEND] [Port : 1], [Title : RequestActionLoading], [Key : HandlingResult Value : Ok], [Key : SubstrateName Value : ZFWL391.7], [Key : LotId Value : TEST_CORE], [Key : RecipeId Value : ], [Key : RingId Value : ZFWL391.7], [Key : PortId Value : 4], [Key : SlotId Value : 7], [Key : SubstrateType Value : Empty]
[07:46:32:626]	[RECV] [Port : 1], [Title : ResponseActionLoading]
[07:46:32:626]	[SEND] [Port : 1], [Title : ResponseActionLoading], [Ack : Ack], [Description : ]
[07:46:42:578]	[SEND] [Port : 1], [Title : RequestConfirmLoading], [Key : HandlingResult Value : Ok], [Key : SubstrateName Value : ZFWL391.7], [Key : LotId Value : TEST_CORE], [Key : RecipeId Value : ], [Key : RingId Value : ZFWL391.7], [Key : PortId Value : 4], [Key : SlotId Value : 7], [Key : SubstrateType Value : Empty]
[07:46:42:580]	[RECV] [Port : 1], [Title : ResponseConfirmLoading]
[07:46:42:580]	[SEND] [Port : 1], [Title : ResponseConfirmLoading], [Ack : Ack], [Description : ]
[07:47:41:789]	[SEND] [Port : 3], [Title : RequestApproachUnloading], [Key : HandlingResult Value : Ok], [Key : SubstrateName Value : ], [Key : LotId Value : ], [Key : RecipeId Value : ], [Key : SubstrateType Value : ], [Key : RingId Value : ], [Key : PortId Value : ], [Key : SlotId Value : ]
[07:47:41:870]	[RECV] [Port : 3], [Title : ResponseApproachUnloading], [Key : RingId Value : ZFUJ115.3], [Key : LotId Value : FZ3KDA], [Key : HandlingResult Value : Ok], [Key : SlotId Value : 3], [Key : SubstrateName Value : JEY097-19], [Key : SubstrateType Value : Core], [Key : RecipeId Value : ], [Key : PortId Value : 5]
[07:47:41:870]	[SEND] [Port : 3], [Title : ResponseApproachUnloading], [Ack : Ack], [Description : ]
[07:47:41:871]	[SEND] [Port : 3], [Title : RequestStartUnloading], [Key : HandlingResult Value : Ok]
[07:47:41:975]	[RECV] [Port : 3], [Title : ResponseStartUnloading]
[07:47:41:975]	[SEND] [Port : 3], [Title : ResponseStartUnloading], [Ack : Ack], [Description : ]
[07:47:47:101]	[SEND] [Port : 3], [Title : RequestActionUnloading], [Key : HandlingResult Value : Ok], [Key : SubstrateName Value : ZFUJ115.3], [Key : LotId Value : FZ3KDA], [Key : RecipeId Value : ], [Key : RingId Value : ZFUJ115.3], [Key : PortId Value : 5], [Key : SlotId Value : 3], [Key : SubstrateType Value : Core]
[07:47:47:166]	[RECV] [Port : 3], [Title : ResponseActionUnloading]
[07:47:47:166]	[SEND] [Port : 3], [Title : ResponseActionUnloading], [Ack : Ack], [Description : ]
[07:47:58:307]	[SEND] [Port : 3], [Title : RequestConfirmUnloading], [Key : HandlingResult Value : Ok], [Key : SubstrateName Value : ], [Key : LotId Value : ], [Key : RecipeId Value : ], [Key : SubstrateType Value : ], [Key : RingId Value : ], [Key : PortId Value : ], [Key : SlotId Value : ]
[07:47:58:309]	[RECV] [Port : 3], [Title : ResponseConfirmUnloading]
[07:47:58:309]	[SEND] [Port : 3], [Title : ResponseConfirmUnloading], [Ack : Ack], [Description : ]
[07:48:24:239]	[SEND] [Port : 2], [Title : RequestApproachLoading], [Key : HandlingResult Value : Ok], [Key : SubstrateName Value : ZFUJ115.3], [Key : LotId Value : FZ3KDA], [Key : RecipeId Value : ], [Key : RingId Value : ZFUJ115.3], [Key : PortId Value : 5], [Key : SlotId Value : 3], [Key : SubstrateType Value : Core]
[07:48:24:433]	[RECV] [Port : 2], [Title : ResponseApproachLoading]
[07:48:24:433]	[SEND] [Port : 2], [Title : ResponseApproachLoading], [Ack : Ack], [Description : ]
[07:48:29:112]	[SEND] [Port : 2], [Title : RequestActionLoading], [Key : HandlingResult Value : Ok], [Key : SubstrateName Value : ZFUJ115.3], [Key : LotId Value : FZ3KDA], [Key : RecipeId Value : ], [Key : RingId Value : ZFUJ115.3], [Key : PortId Value : 5], [Key : SlotId Value : 3], [Key : SubstrateType Value : Core]
[07:48:29:114]	[RECV] [Port : 2], [Title : ResponseActionLoading]
[07:48:29:114]	[SEND] [Port : 2], [Title : ResponseActionLoading], [Ack : Ack], [Description : ]
[07:48:38:484]	[SEND] [Port : 2], [Title : RequestConfirmLoading], [Key : HandlingResult Value : Ok], [Key : SubstrateName Value : ZFUJ115.3], [Key : LotId Value : FZ3KDA], [Key : RecipeId Value : ], [Key : RingId Value : ZFUJ115.3], [Key : PortId Value : 5], [Key : SlotId Value : 3], [Key : SubstrateType Value : Core]
[07:48:38:486]	[RECV] [Port : 2], [Title : ResponseConfirmLoading]
[07:48:38:486]	[SEND] [Port : 2], [Title : ResponseConfirmLoading], [Ack : Ack], [Description : ]
[08:15:26:303]	[SEND] [Port : 3], [Title : RequestApproachUnloading], [Key : HandlingResult Value : Ok], [Key : SubstrateName Value : ], [Key : LotId Value : ], [Key : RecipeId Value : ], [Key : SubstrateType Value : ], [Key : RingId Value : ], [Key : PortId Value : ], [Key : SlotId Value : ]
[08:15:26:394]	[RECV] [Port : 3], [Title : ResponseApproachUnloading], [Key : RingId Value : ZFUJ115.3], [Key : LotId Value : FZ3KDA], [Key : HandlingResult Value : Ok], [Key : SlotId Value : 3], [Key : SubstrateName Value : JEY097-19], [Key : SubstrateType Value : Core], [Key : RecipeId Value : ], [Key : PortId Value : 5]
[08:15:26:394]	[SEND] [Port : 3], [Title : ResponseApproachUnloading], [Ack : Ack], [Description : ]
[08:15:26:394]	[SEND] [Port : 3], [Title : RequestStartUnloading], [Key : HandlingResult Value : Ok]
[08:15:26:497]	[RECV] [Port : 3], [Title : ResponseStartUnloading]
[08:15:26:497]	[SEND] [Port : 3], [Title : ResponseStartUnloading], [Ack : Ack], [Description : ]
[08:15:30:754]	[SEND] [Port : 3], [Title : RequestActionUnloading], [Key : HandlingResult Value : Ok], [Key : SubstrateName Value : ZFUJ115.3], [Key : LotId Value : FZ3KDA], [Key : RecipeId Value : ], [Key : RingId Value : ZFUJ115.3], [Key : PortId Value : 5], [Key : SlotId Value : 3], [Key : SubstrateType Value : Core]
[08:15:30:773]	[RECV] [Port : 3], [Title : ResponseActionUnloading]
[08:15:30:773]	[SEND] [Port : 3], [Title : ResponseActionUnloading], [Ack : Ack], [Description : ]
[08:15:41:899]	[SEND] [Port : 3], [Title : RequestConfirmUnloading], [Key : HandlingResult Value : Ok], [Key : SubstrateName Value : ], [Key : LotId Value : ], [Key : RecipeId Value : ], [Key : SubstrateType Value : ], [Key : RingId Value : ], [Key : PortId Value : ], [Key : SlotId Value : ]
[08:15:41:901]	[RECV] [Port : 3], [Title : ResponseConfirmUnloading]
[08:15:41:901]	[SEND] [Port : 3], [Title : ResponseConfirmUnloading], [Ack : Ack], [Description : ]
[08:16:07:816]	[SEND] [Port : 2], [Title : RequestApproachLoading], [Key : HandlingResult Value : Ok], [Key : SubstrateName Value : ZFUJ115.3], [Key : LotId Value : FZ3KDA], [Key : RecipeId Value : ], [Key : RingId Value : ZFUJ115.3], [Key : PortId Value : 5], [Key : SlotId Value : 3], [Key : SubstrateType Value : Core]
[08:16:07:952]	[RECV] [Port : 2], [Title : ResponseApproachLoading]
[08:16:07:952]	[SEND] [Port : 2], [Title : ResponseApproachLoading], [Ack : Ack], [Description : ]
[08:16:12:633]	[SEND] [Port : 2], [Title : RequestActionLoading], [Key : HandlingResult Value : Ok], [Key : SubstrateName Value : ZFUJ115.3], [Key : LotId Value : FZ3KDA], [Key : RecipeId Value : ], [Key : RingId Value : ZFUJ115.3], [Key : PortId Value : 5], [Key : SlotId Value : 3], [Key : SubstrateType Value : Core]
[08:16:12:635]	[RECV] [Port : 2], [Title : ResponseActionLoading]
[08:16:12:635]	[SEND] [Port : 2], [Title : ResponseActionLoading], [Ack : Ack], [Description : ]
[08:16:22:013]	[SEND] [Port : 2], [Title : RequestConfirmLoading], [Key : HandlingResult Value : Ok], [Key : SubstrateName Value : ZFUJ115.3], [Key : LotId Value : FZ3KDA], [Key : RecipeId Value : ], [Key : RingId Value : ZFUJ115.3], [Key : PortId Value : 5], [Key : SlotId Value : 3], [Key : SubstrateType Value : Core]
[08:16:22:015]	[RECV] [Port : 2], [Title : ResponseConfirmLoading]
[08:16:22:015]	[SEND] [Port : 2], [Title : ResponseConfirmLoading], [Ack : Ack], [Description : ]
[08:24:24:386]	[SEND] [Port : 4], [Title : RequestApproachUnloading], [Key : HandlingResult Value : Ok], [Key : SubstrateName Value : ], [Key : LotId Value : ], [Key : RecipeId Value : ], [Key : SubstrateType Value : ], [Key : RingId Value : ], [Key : PortId Value : ], [Key : SlotId Value : ]
[08:24:24:469]	[RECV] [Port : 4], [Title : ResponseApproachUnloading], [Key : RingId Value : ZFWL391.9], [Key : LotId Value : TEST_CORE], [Key : HandlingResult Value : Ok], [Key : SlotId Value : 9], [Key : SubstrateName Value : BIN_120240430_071925.970], [Key : SubstrateType Value : Bin1], [Key : RecipeId Value : ], [Key : PortId Value : 4]
[08:24:24:469]	[SEND] [Port : 4], [Title : ResponseApproachUnloading], [Ack : Ack], [Description : ]
[08:24:24:470]	[SEND] [Port : 4], [Title : RequestStartUnloading], [Key : HandlingResult Value : Ok]
[08:24:24:473]	[RECV] [Port : 4], [Title : ResponseStartUnloading]
[08:24:24:473]	[SEND] [Port : 4], [Title : ResponseStartUnloading], [Ack : Ack], [Description : ]
[08:24:29:604]	[SEND] [Port : 4], [Title : RequestActionUnloading], [Key : HandlingResult Value : Ok], [Key : SubstrateName Value : ZFWL391.9], [Key : LotId Value : TEST_CORE], [Key : RecipeId Value : ], [Key : RingId Value : ZFWL391.9], [Key : PortId Value : 4], [Key : SlotId Value : 9], [Key : SubstrateType Value : Empty]
[08:24:29:606]	[RECV] [Port : 4], [Title : ResponseActionUnloading]
[08:24:29:608]	[SEND] [Port : 4], [Title : ResponseActionUnloading], [Ack : Ack], [Description : ]
[08:24:40:928]	[SEND] [Port : 4], [Title : RequestConfirmUnloading], [Key : HandlingResult Value : Ok], [Key : SubstrateName Value : ], [Key : LotId Value : ], [Key : RecipeId Value : ], [Key : SubstrateType Value : ], [Key : RingId Value : ], [Key : PortId Value : ], [Key : SlotId Value : ]
[08:24:40:930]	[RECV] [Port : 4], [Title : ResponseConfirmUnloading]
[08:24:40:930]	[SEND] [Port : 4], [Title : ResponseConfirmUnloading], [Ack : Ack], [Description : ]
[08:25:29:921]	[SEND] [Port : 1], [Title : RequestApproachLoading], [Key : HandlingResult Value : Ok], [Key : SubstrateName Value : ZFWL391.9], [Key : LotId Value : TEST_CORE], [Key : RecipeId Value : ], [Key : RingId Value : ZFWL391.9], [Key : PortId Value : 4], [Key : SlotId Value : 9], [Key : SubstrateType Value : Empty]
[08:25:30:221]	[RECV] [Port : 1], [Title : ResponseApproachLoading]
[08:25:30:221]	[SEND] [Port : 1], [Title : ResponseApproachLoading], [Ack : Ack], [Description : ]
[08:25:34:903]	[SEND] [Port : 1], [Title : RequestActionLoading], [Key : HandlingResult Value : Ok], [Key : SubstrateName Value : ZFWL391.9], [Key : LotId Value : TEST_CORE], [Key : RecipeId Value : ], [Key : RingId Value : ZFWL391.9], [Key : PortId Value : 4], [Key : SlotId Value : 9], [Key : SubstrateType Value : Empty]
[08:25:34:905]	[RECV] [Port : 1], [Title : ResponseActionLoading]
[08:25:34:905]	[SEND] [Port : 1], [Title : ResponseActionLoading], [Ack : Ack], [Description : ]
[08:25:44:870]	[SEND] [Port : 1], [Title : RequestConfirmLoading], [Key : HandlingResult Value : Ok], [Key : SubstrateName Value : ZFWL391.9], [Key : LotId Value : TEST_CORE], [Key : RecipeId Value : ], [Key : RingId Value : ZFWL391.9], [Key : PortId Value : 4], [Key : SlotId Value : 9], [Key : SubstrateType Value : Empty]
[08:25:44:873]	[RECV] [Port : 1], [Title : ResponseConfirmLoading]
[08:25:44:873]	[SEND] [Port : 1], [Title : ResponseConfirmLoading], [Ack : Ack], [Description : ]
[09:49:00:113]	[SEND] [Port : 4], [Title : RequestApproachUnloading], [Key : HandlingResult Value : Ok], [Key : SubstrateName Value : ], [Key : LotId Value : ], [Key : RecipeId Value : ], [Key : SubstrateType Value : ], [Key : RingId Value : ], [Key : PortId Value : ], [Key : SlotId Value : ]
[09:49:00:196]	[RECV] [Port : 4], [Title : ResponseApproachUnloading], [Key : RingId Value : ZFWL391.3], [Key : LotId Value : TEST_CORE], [Key : HandlingResult Value : Ok], [Key : SlotId Value : 3], [Key : SubstrateName Value : BIN_220240430_073941.255], [Key : SubstrateType Value : Bin2], [Key : RecipeId Value : ], [Key : PortId Value : 4]
[09:49:00:196]	[SEND] [Port : 4], [Title : ResponseApproachUnloading], [Ack : Ack], [Description : ]
[09:49:00:197]	[SEND] [Port : 4], [Title : RequestStartUnloading], [Key : HandlingResult Value : Ok]
[09:49:00:199]	[RECV] [Port : 4], [Title : ResponseStartUnloading]
[09:49:00:199]	[SEND] [Port : 4], [Title : ResponseStartUnloading], [Ack : Ack], [Description : ]
[09:49:06:202]	[SEND] [Port : 4], [Title : RequestActionUnloading], [Key : HandlingResult Value : Ok], [Key : SubstrateName Value : ZFWL391.3], [Key : LotId Value : TEST_CORE], [Key : RecipeId Value : ], [Key : RingId Value : ZFWL391.3], [Key : PortId Value : 4], [Key : SlotId Value : 3], [Key : SubstrateType Value : Empty]
[09:49:06:204]	[RECV] [Port : 4], [Title : ResponseActionUnloading]
[09:49:06:204]	[SEND] [Port : 4], [Title : ResponseActionUnloading], [Ack : Ack], [Description : ]
[09:49:17:528]	[SEND] [Port : 4], [Title : RequestConfirmUnloading], [Key : HandlingResult Value : Ok], [Key : SubstrateName Value : ], [Key : LotId Value : ], [Key : RecipeId Value : ], [Key : SubstrateType Value : ], [Key : RingId Value : ], [Key : PortId Value : ], [Key : SlotId Value : ]
[09:49:17:530]	[RECV] [Port : 4], [Title : ResponseConfirmUnloading]
[09:49:17:530]	[SEND] [Port : 4], [Title : ResponseConfirmUnloading], [Ack : Ack], [Description : ]
[09:50:06:535]	[SEND] [Port : 1], [Title : RequestApproachLoading], [Key : HandlingResult Value : Ok], [Key : SubstrateName Value : ZFWL391.3], [Key : LotId Value : TEST_CORE], [Key : RecipeId Value : ], [Key : RingId Value : ZFWL391.3], [Key : PortId Value : 4], [Key : SlotId Value : 3], [Key : SubstrateType Value : Empty]
[09:50:06:842]	[RECV] [Port : 1], [Title : ResponseApproachLoading]
[09:50:06:842]	[SEND] [Port : 1], [Title : ResponseApproachLoading], [Ack : Ack], [Description : ]
[09:50:11:521]	[SEND] [Port : 1], [Title : RequestActionLoading], [Key : HandlingResult Value : Ok], [Key : SubstrateName Value : ZFWL391.3], [Key : LotId Value : TEST_CORE], [Key : RecipeId Value : ], [Key : RingId Value : ZFWL391.3], [Key : PortId Value : 4], [Key : SlotId Value : 3], [Key : SubstrateType Value : Empty]
[09:50:11:523]	[RECV] [Port : 1], [Title : ResponseActionLoading]
[09:50:11:523]	[SEND] [Port : 1], [Title : ResponseActionLoading], [Ack : Ack], [Description : ]
[09:50:21:470]	[SEND] [Port : 1], [Title : RequestConfirmLoading], [Key : HandlingResult Value : Ok], [Key : SubstrateName Value : ZFWL391.3], [Key : LotId Value : TEST_CORE], [Key : RecipeId Value : ], [Key : RingId Value : ZFWL391.3], [Key : PortId Value : 4], [Key : SlotId Value : 3], [Key : SubstrateType Value : Empty]
[09:50:21:472]	[RECV] [Port : 1], [Title : ResponseConfirmLoading]
[09:50:21:473]	[SEND] [Port : 1], [Title : ResponseConfirmLoading], [Ack : Ack], [Description : ]
[10:04:11:135]	[SEND] [Port : 3], [Title : RequestApproachUnloading], [Key : HandlingResult Value : Ok], [Key : SubstrateName Value : ], [Key : LotId Value : ], [Key : RecipeId Value : ], [Key : SubstrateType Value : ], [Key : RingId Value : ], [Key : PortId Value : ], [Key : SlotId Value : ]
[10:04:11:222]	[RECV] [Port : 3], [Title : ResponseApproachUnloading], [Key : RingId Value : ZFUJ115.3], [Key : LotId Value : FZ3KDA], [Key : HandlingResult Value : Ok], [Key : SlotId Value : 3], [Key : SubstrateName Value : JEY097-19], [Key : SubstrateType Value : Core], [Key : RecipeId Value : ], [Key : PortId Value : 5]
[10:04:11:222]	[SEND] [Port : 3], [Title : ResponseApproachUnloading], [Ack : Ack], [Description : ]
[10:04:11:223]	[SEND] [Port : 3], [Title : RequestStartUnloading], [Key : HandlingResult Value : Ok]
[10:04:11:326]	[RECV] [Port : 3], [Title : ResponseStartUnloading]
[10:04:11:326]	[SEND] [Port : 3], [Title : ResponseStartUnloading], [Ack : Ack], [Description : ]
[10:04:16:453]	[SEND] [Port : 3], [Title : RequestActionUnloading], [Key : HandlingResult Value : Ok], [Key : SubstrateName Value : ZFUJ115.3], [Key : LotId Value : FZ3KDA], [Key : RecipeId Value : ], [Key : RingId Value : ZFUJ115.3], [Key : PortId Value : 5], [Key : SlotId Value : 3], [Key : SubstrateType Value : Core]
[10:04:16:517]	[RECV] [Port : 3], [Title : ResponseActionUnloading]
[10:04:16:517]	[SEND] [Port : 3], [Title : ResponseActionUnloading], [Ack : Ack], [Description : ]
[10:04:27:666]	[SEND] [Port : 3], [Title : RequestConfirmUnloading], [Key : HandlingResult Value : Ok], [Key : SubstrateName Value : ], [Key : LotId Value : ], [Key : RecipeId Value : ], [Key : SubstrateType Value : ], [Key : RingId Value : ], [Key : PortId Value : ], [Key : SlotId Value : ]
[10:04:27:670]	[RECV] [Port : 3], [Title : ResponseConfirmUnloading]
[10:04:27:670]	[SEND] [Port : 3], [Title : ResponseConfirmUnloading], [Ack : Ack], [Description : ]
[10:07:11:774]	[SEND] [Port : 2], [Title : RequestApproachLoading], [Key : HandlingResult Value : Ok], [Key : SubstrateName Value : ZFUJ115.3], [Key : LotId Value : FZ3KDA], [Key : RecipeId Value : ], [Key : RingId Value : ZFUJ115.3], [Key : PortId Value : 5], [Key : SlotId Value : 3], [Key : SubstrateType Value : Core]
[10:07:12:085]	[RECV] [Port : 2], [Title : ResponseApproachLoading]
[10:07:12:085]	[SEND] [Port : 2], [Title : ResponseApproachLoading], [Ack : Ack], [Description : ]
[10:07:16:766]	[SEND] [Port : 2], [Title : RequestActionLoading], [Key : HandlingResult Value : Ok], [Key : SubstrateName Value : ZFUJ115.3], [Key : LotId Value : FZ3KDA], [Key : RecipeId Value : ], [Key : RingId Value : ZFUJ115.3], [Key : PortId Value : 5], [Key : SlotId Value : 3], [Key : SubstrateType Value : Core]
[10:07:16:769]	[RECV] [Port : 2], [Title : ResponseActionLoading]
[10:07:16:769]	[SEND] [Port : 2], [Title : ResponseActionLoading], [Ack : Ack], [Description : ]
[10:07:26:143]	[SEND] [Port : 2], [Title : RequestConfirmLoading], [Key : HandlingResult Value : Ok], [Key : SubstrateName Value : ZFUJ115.3], [Key : LotId Value : FZ3KDA], [Key : RecipeId Value : ], [Key : RingId Value : ZFUJ115.3], [Key : PortId Value : 5], [Key : SlotId Value : 3], [Key : SubstrateType Value : Core]
[10:07:26:147]	[RECV] [Port : 2], [Title : ResponseConfirmLoading]
[10:07:26:147]	[SEND] [Port : 2], [Title : ResponseConfirmLoading], [Ack : Ack], [Description : ]
[10:07:41:767]	[SEND] [Port : 1], [Title : RequestApproachLoading], [Key : HandlingResult Value : Ok], [Key : SubstrateName Value : ZFWL391.1], [Key : LotId Value : TEST_CORE], [Key : RecipeId Value : ], [Key : RingId Value : ZFWL391.1], [Key : PortId Value : 4], [Key : SlotId Value : 1], [Key : SubstrateType Value : Empty]
[10:07:42:013]	[RECV] [Port : 1], [Title : ResponseApproachLoading]
[10:07:42:013]	[SEND] [Port : 1], [Title : ResponseApproachLoading], [Ack : Ack], [Description : ]
[10:07:46:694]	[SEND] [Port : 1], [Title : RequestActionLoading], [Key : HandlingResult Value : Ok], [Key : SubstrateName Value : ZFWL391.1], [Key : LotId Value : TEST_CORE], [Key : RecipeId Value : ], [Key : RingId Value : ZFWL391.1], [Key : PortId Value : 4], [Key : SlotId Value : 1], [Key : SubstrateType Value : Empty]
[10:07:46:696]	[RECV] [Port : 1], [Title : ResponseActionLoading]
[10:07:46:696]	[SEND] [Port : 1], [Title : ResponseActionLoading], [Ack : Ack], [Description : ]
[10:07:56:653]	[SEND] [Port : 1], [Title : RequestConfirmLoading], [Key : HandlingResult Value : Ok], [Key : SubstrateName Value : ZFWL391.1], [Key : LotId Value : TEST_CORE], [Key : RecipeId Value : ], [Key : RingId Value : ZFWL391.1], [Key : PortId Value : 4], [Key : SlotId Value : 1], [Key : SubstrateType Value : Empty]
[10:07:56:656]	[RECV] [Port : 1], [Title : ResponseConfirmLoading]
[10:07:56:656]	[SEND] [Port : 1], [Title : ResponseConfirmLoading], [Ack : Ack], [Description : ]
[10:12:13:969]	[SEND] [Port : 1], [Title : RequestApproachLoading], [Key : HandlingResult Value : Ok], [Key : SubstrateName Value : ZFWL391.11], [Key : LotId Value : TEST_CORE], [Key : RecipeId Value : ], [Key : RingId Value : ZFWL391.11], [Key : PortId Value : 4], [Key : SlotId Value : 11], [Key : SubstrateType Value : Empty]
[10:12:14:268]	[RECV] [Port : 1], [Title : ResponseApproachLoading]
[10:12:14:268]	[SEND] [Port : 1], [Title : ResponseApproachLoading], [Ack : Ack], [Description : ]
[10:12:18:950]	[SEND] [Port : 1], [Title : RequestActionLoading], [Key : HandlingResult Value : Ok], [Key : SubstrateName Value : ZFWL391.11], [Key : LotId Value : TEST_CORE], [Key : RecipeId Value : ], [Key : RingId Value : ZFWL391.11], [Key : PortId Value : 4], [Key : SlotId Value : 11], [Key : SubstrateType Value : Empty]
[10:12:18:953]	[RECV] [Port : 1], [Title : ResponseActionLoading]
[10:12:18:953]	[SEND] [Port : 1], [Title : ResponseActionLoading], [Ack : Ack], [Description : ]
[10:12:28:902]	[SEND] [Port : 1], [Title : RequestConfirmLoading], [Key : HandlingResult Value : Ok], [Key : SubstrateName Value : ZFWL391.11], [Key : LotId Value : TEST_CORE], [Key : RecipeId Value : ], [Key : RingId Value : ZFWL391.11], [Key : PortId Value : 4], [Key : SlotId Value : 11], [Key : SubstrateType Value : Empty]
[10:12:28:905]	[RECV] [Port : 1], [Title : ResponseConfirmLoading]
[10:12:28:905]	[SEND] [Port : 1], [Title : ResponseConfirmLoading], [Ack : Ack], [Description : ]
[10:16:49:191]	[SEND] [Port : 4], [Title : RequestApproachUnloading], [Key : HandlingResult Value : Ok], [Key : SubstrateName Value : ], [Key : LotId Value : ], [Key : RecipeId Value : ], [Key : SubstrateType Value : ], [Key : RingId Value : ], [Key : PortId Value : ], [Key : SlotId Value : ]
[10:16:49:276]	[RECV] [Port : 4], [Title : ResponseApproachUnloading], [Key : RingId Value : ZFWL391.7], [Key : LotId Value : TEST_CORE], [Key : HandlingResult Value : Ok], [Key : SlotId Value : 7], [Key : SubstrateName Value : BIN_120240430_082510.693], [Key : SubstrateType Value : Bin1], [Key : RecipeId Value : ], [Key : PortId Value : 4]
[10:16:49:276]	[SEND] [Port : 4], [Title : ResponseApproachUnloading], [Ack : Ack], [Description : ]
[10:16:49:277]	[SEND] [Port : 4], [Title : RequestStartUnloading], [Key : HandlingResult Value : Ok]
[10:16:49:280]	[RECV] [Port : 4], [Title : ResponseStartUnloading]
[10:16:49:280]	[SEND] [Port : 4], [Title : ResponseStartUnloading], [Ack : Ack], [Description : ]
[10:16:55:284]	[SEND] [Port : 4], [Title : RequestActionUnloading], [Key : HandlingResult Value : Ok], [Key : SubstrateName Value : ZFWL391.7], [Key : LotId Value : TEST_CORE], [Key : RecipeId Value : ], [Key : RingId Value : ZFWL391.7], [Key : PortId Value : 4], [Key : SlotId Value : 7], [Key : SubstrateType Value : Empty]
[10:16:55:286]	[RECV] [Port : 4], [Title : ResponseActionUnloading]
[10:16:55:286]	[SEND] [Port : 4], [Title : ResponseActionUnloading], [Ack : Ack], [Description : ]
[10:17:06:611]	[SEND] [Port : 4], [Title : RequestConfirmUnloading], [Key : HandlingResult Value : Ok], [Key : SubstrateName Value : ], [Key : LotId Value : ], [Key : RecipeId Value : ], [Key : SubstrateType Value : ], [Key : RingId Value : ], [Key : PortId Value : ], [Key : SlotId Value : ]
[10:17:06:613]	[RECV] [Port : 4], [Title : ResponseConfirmUnloading]
[10:17:06:613]	[SEND] [Port : 4], [Title : ResponseConfirmUnloading], [Ack : Ack], [Description : ]
[10:20:30:876]	[SEND] [Port : 1], [Title : RequestApproachLoading], [Key : HandlingResult Value : Ok], [Key : SubstrateName Value : ZFWL391.7], [Key : LotId Value : TEST_CORE], [Key : RecipeId Value : ], [Key : RingId Value : ZFWL391.7], [Key : PortId Value : 4], [Key : SlotId Value : 7], [Key : SubstrateType Value : Empty]
[10:20:31:058]	[RECV] [Port : 1], [Title : ResponseApproachLoading]
[10:20:31:058]	[SEND] [Port : 1], [Title : ResponseApproachLoading], [Ack : Ack], [Description : ]
[10:20:35:738]	[SEND] [Port : 1], [Title : RequestActionLoading], [Key : HandlingResult Value : Ok], [Key : SubstrateName Value : ZFWL391.7], [Key : LotId Value : TEST_CORE], [Key : RecipeId Value : ], [Key : RingId Value : ZFWL391.7], [Key : PortId Value : 4], [Key : SlotId Value : 7], [Key : SubstrateType Value : Empty]
[10:20:35:740]	[RECV] [Port : 1], [Title : ResponseActionLoading]
[10:20:35:740]	[SEND] [Port : 1], [Title : ResponseActionLoading], [Ack : Ack], [Description : ]
[10:20:45:700]	[SEND] [Port : 1], [Title : RequestConfirmLoading], [Key : HandlingResult Value : Ok], [Key : SubstrateName Value : ZFWL391.7], [Key : LotId Value : TEST_CORE], [Key : RecipeId Value : ], [Key : RingId Value : ZFWL391.7], [Key : PortId Value : 4], [Key : SlotId Value : 7], [Key : SubstrateType Value : Empty]
[10:20:45:704]	[RECV] [Port : 1], [Title : ResponseConfirmLoading]
[10:20:45:704]	[SEND] [Port : 1], [Title : ResponseConfirmLoading], [Ack : Ack], [Description : ]
[10:30:01:512]	[SEND] [Port : 3], [Title : RequestApproachUnloading], [Key : HandlingResult Value : Ok], [Key : SubstrateName Value : ], [Key : LotId Value : ], [Key : RecipeId Value : ], [Key : SubstrateType Value : ], [Key : RingId Value : ], [Key : PortId Value : ], [Key : SlotId Value : ]
[10:30:57:501]	[SEND] [Port : 3], [Title : RequestApproachUnloading], [Key : HandlingResult Value : Ok], [Key : SubstrateName Value : ], [Key : LotId Value : ], [Key : RecipeId Value : ], [Key : SubstrateType Value : ], [Key : RingId Value : ], [Key : PortId Value : ], [Key : SlotId Value : ]
[10:31:56:705]	[SEND] [Port : 3], [Title : RequestApproachUnloading], [Key : HandlingResult Value : Ok], [Key : SubstrateName Value : ], [Key : LotId Value : ], [Key : RecipeId Value : ], [Key : SubstrateType Value : ], [Key : RingId Value : ], [Key : PortId Value : ], [Key : SlotId Value : ]
[10:56:29:537]	[SEND] [Port : 1], [Title : RequestApproachLoading], [Key : HandlingResult Value : Ok], [Key : SubstrateName Value : ZFWL399.1], [Key : LotId Value : ECASSETTE], [Key : RecipeId Value : ], [Key : RingId Value : ZFWL399.1], [Key : PortId Value : 4], [Key : SlotId Value : 1], [Key : SubstrateType Value : Empty]
[10:56:29:716]	[RECV] [Port : 1], [Title : ResponseApproachLoading]
[10:56:29:717]	[SEND] [Port : 1], [Title : ResponseApproachLoading], [Ack : Ack], [Description : ]
[10:56:34:398]	[SEND] [Port : 1], [Title : RequestActionLoading], [Key : HandlingResult Value : Ok], [Key : SubstrateName Value : ZFWL399.1], [Key : LotId Value : ECASSETTE], [Key : RecipeId Value : ], [Key : RingId Value : ZFWL399.1], [Key : PortId Value : 4], [Key : SlotId Value : 1], [Key : SubstrateType Value : Empty]
[10:56:34:405]	[RECV] [Port : 1], [Title : ResponseActionLoading]
[10:56:34:405]	[SEND] [Port : 1], [Title : ResponseActionLoading], [Ack : Ack], [Description : ]
[10:56:44:371]	[SEND] [Port : 1], [Title : RequestConfirmLoading], [Key : HandlingResult Value : Ok], [Key : SubstrateName Value : ZFWL399.1], [Key : LotId Value : ECASSETTE], [Key : RecipeId Value : ], [Key : RingId Value : ZFWL399.1], [Key : PortId Value : 4], [Key : SlotId Value : 1], [Key : SubstrateType Value : Empty]
[10:56:44:374]	[RECV] [Port : 1], [Title : ResponseConfirmLoading]
[10:56:44:374]	[SEND] [Port : 1], [Title : ResponseConfirmLoading], [Ack : Ack], [Description : ]
[10:57:10:711]	[SEND] [Port : 2], [Title : RequestApproachLoading], [Key : HandlingResult Value : Ok], [Key : SubstrateName Value : ZFUJ115.1], [Key : LotId Value : FZ3KDA], [Key : RecipeId Value : ], [Key : RingId Value : ZFUJ115.1], [Key : PortId Value : 5], [Key : SlotId Value : 1], [Key : SubstrateType Value : Core]
[10:57:10:885]	[RECV] [Port : 2], [Title : ResponseApproachLoading]
[10:57:10:885]	[SEND] [Port : 2], [Title : ResponseApproachLoading], [Ack : Ack], [Description : ]
[10:57:15:566]	[SEND] [Port : 2], [Title : RequestActionLoading], [Key : HandlingResult Value : Ok], [Key : SubstrateName Value : ZFUJ115.1], [Key : LotId Value : FZ3KDA], [Key : RecipeId Value : ], [Key : RingId Value : ZFUJ115.1], [Key : PortId Value : 5], [Key : SlotId Value : 1], [Key : SubstrateType Value : Core]
[10:57:15:568]	[RECV] [Port : 2], [Title : ResponseActionLoading]
[10:57:15:568]	[SEND] [Port : 2], [Title : ResponseActionLoading], [Ack : Ack], [Description : ]
[10:57:24:940]	[SEND] [Port : 2], [Title : RequestConfirmLoading], [Key : HandlingResult Value : Ok], [Key : SubstrateName Value : ZFUJ115.1], [Key : LotId Value : FZ3KDA], [Key : RecipeId Value : ], [Key : RingId Value : ZFUJ115.1], [Key : PortId Value : 5], [Key : SlotId Value : 1], [Key : SubstrateType Value : Core]
[10:57:24:942]	[RECV] [Port : 2], [Title : ResponseConfirmLoading]
[10:57:24:942]	[SEND] [Port : 2], [Title : ResponseConfirmLoading], [Ack : Ack], [Description : ]
[11:00:04:912]	[SEND] [Port : 1], [Title : RequestApproachLoading], [Key : HandlingResult Value : Ok], [Key : SubstrateName Value : ZFWL391.3], [Key : LotId Value : TEST_CORE], [Key : RecipeId Value : ], [Key : RingId Value : ZFWL391.3], [Key : PortId Value : 4], [Key : SlotId Value : 3], [Key : SubstrateType Value : Empty]
[11:00:05:144]	[RECV] [Port : 1], [Title : ResponseApproachLoading]
[11:00:05:144]	[SEND] [Port : 1], [Title : ResponseApproachLoading], [Ack : Ack], [Description : ]
[11:00:09:824]	[SEND] [Port : 1], [Title : RequestActionLoading], [Key : HandlingResult Value : Ok], [Key : SubstrateName Value : ZFWL391.3], [Key : LotId Value : TEST_CORE], [Key : RecipeId Value : ], [Key : RingId Value : ZFWL391.3], [Key : PortId Value : 4], [Key : SlotId Value : 3], [Key : SubstrateType Value : Empty]
[11:00:09:826]	[RECV] [Port : 1], [Title : ResponseActionLoading]
[11:00:09:826]	[SEND] [Port : 1], [Title : ResponseActionLoading], [Ack : Ack], [Description : ]
[11:00:19:788]	[SEND] [Port : 1], [Title : RequestConfirmLoading], [Key : HandlingResult Value : Ok], [Key : SubstrateName Value : ZFWL391.3], [Key : LotId Value : TEST_CORE], [Key : RecipeId Value : ], [Key : RingId Value : ZFWL391.3], [Key : PortId Value : 4], [Key : SlotId Value : 3], [Key : SubstrateType Value : Empty]
[11:00:19:791]	[RECV] [Port : 1], [Title : ResponseConfirmLoading]
[11:00:19:791]	[SEND] [Port : 1], [Title : ResponseConfirmLoading], [Ack : Ack], [Description : ]
[11:05:18:421]	[SEND] [Port : 1], [Title : RequestApproachLoading], [Key : HandlingResult Value : Ok], [Key : SubstrateName Value : ZFWL399.5], [Key : LotId Value : ECASSETTE], [Key : RecipeId Value : ], [Key : RingId Value : ZFWL399.5], [Key : PortId Value : 4], [Key : SlotId Value : 5], [Key : SubstrateType Value : Empty]
[11:05:18:645]	[RECV] [Port : 1], [Title : ResponseApproachLoading]
[11:05:18:645]	[SEND] [Port : 1], [Title : ResponseApproachLoading], [Ack : Ack], [Description : ]
[11:05:23:326]	[SEND] [Port : 1], [Title : RequestActionLoading], [Key : HandlingResult Value : Ok], [Key : SubstrateName Value : ZFWL399.5], [Key : LotId Value : ECASSETTE], [Key : RecipeId Value : ], [Key : RingId Value : ZFWL399.5], [Key : PortId Value : 4], [Key : SlotId Value : 5], [Key : SubstrateType Value : Empty]
[11:05:23:328]	[RECV] [Port : 1], [Title : ResponseActionLoading]
[11:05:23:328]	[SEND] [Port : 1], [Title : ResponseActionLoading], [Ack : Ack], [Description : ]
[11:05:33:277]	[SEND] [Port : 1], [Title : RequestConfirmLoading], [Key : HandlingResult Value : Ok], [Key : SubstrateName Value : ZFWL399.5], [Key : LotId Value : ECASSETTE], [Key : RecipeId Value : ], [Key : RingId Value : ZFWL399.5], [Key : PortId Value : 4], [Key : SlotId Value : 5], [Key : SubstrateType Value : Empty]
[11:05:33:279]	[RECV] [Port : 1], [Title : ResponseConfirmLoading]
[11:05:33:279]	[SEND] [Port : 1], [Title : ResponseConfirmLoading], [Ack : Ack], [Description : ]
