[15:15:02:371]	[SEND] [Port : 2], [Title : RequestApproachLoading], [Key : HandlingResult Value : Ok], [Key : SubstrateName Value : ZFUJ115.1], [Key : LotId Value : FZ3KDA], [Key : RecipeId Value : ], [Key : RingId Value : ZFUJ115.1], [Key : PortId Value : 5], [Key : SlotId Value : 1], [Key : SubstrateType Value : Core]
[15:15:13:578]	[RECV] [Port : 2], [Title : RequestApproachLoading], [Ack : Ack], [Description : ]
[15:15:13:580]	[RECV] [Port : 2], [Title : ResponseApproachLoading]
[15:15:13:631]	[SEND] [Port : 2], [Title : ResponseApproachLoading], [Ack : Ack], [Description : ]
[15:15:14:526]	[SEND] [Port : 2], [Title : RequestActionLoading], [Key : HandlingResult Value : Ok], [Key : SubstrateName Value : ZFUJ115.1], [Key : LotId Value : FZ3KDA], [Key : RecipeId Value : ], [Key : RingId Value : ZFUJ115.1], [Key : PortId Value : 5], [Key : SlotId Value : 1], [Key : SubstrateType Value : Core]
[15:15:14:529]	[RECV] [Port : 2], [Title : RequestActionLoading], [Ack : Ack], [Description : ]
[15:15:14:530]	[RECV] [Port : 2], [Title : ResponseActionLoading]
[15:15:14:582]	[SEND] [Port : 2], [Title : ResponseActionLoading], [Ack : Ack], [Description : ]
[15:15:23:920]	[SEND] [Port : 2], [Title : RequestConfirmLoading], [Key : HandlingResult Value : Ok], [Key : SubstrateName Value : ZFUJ115.1], [Key : LotId Value : FZ3KDA], [Key : RecipeId Value : ], [Key : RingId Value : ZFUJ115.1], [Key : PortId Value : 5], [Key : SlotId Value : 1], [Key : SubstrateType Value : Core]
[15:15:23:922]	[RECV] [Port : 2], [Title : RequestConfirmLoading], [Ack : Ack], [Description : ]
[15:15:23:922]	[RECV] [Port : 2], [Title : ResponseConfirmLoading]
[15:15:23:973]	[SEND] [Port : 2], [Title : ResponseConfirmLoading], [Ack : Ack], [Description : ]
---------------------
[15:31:53:020]	[SEND] [Port : 3], [Title : RequestApproachUnloading], [Key : HandlingResult Value : Ok], [Key : SubstrateName Value : ], [Key : LotId Value : ], [Key : RecipeId Value : ], [Key : SubstrateType Value : ], [Key : RingId Value : ], [Key : PortId Value : ], [Key : SlotId Value : ]
[15:31:53:026]	[RECV] [Port : 3], [Title : RequestApproachUnloading], [Ack : Ack], [Description : ]
[15:55:14:554]	[RECV] [Port : 3], [Title : RESPONSE_TEST], [Key : Key2 Value : Data2], [Key : Key1 Value : Data1]
[15:58:16:339]	[RECV] [Port : 1], [Title : RESPONSE_TEST], [Key : Key2 Value : Data2], [Key : Key1 Value : Data1]
[16:12:25:666]	[SEND] [Port : 2], [Title : RequestApproachLoading], [Key : HandlingResult Value : Ok], [Key : SubstrateName Value : ZFUJ115.2], [Key : LotId Value : FZ3KDA], [Key : RecipeId Value : ], [Key : RingId Value : ZFUJ115.2], [Key : PortId Value : 5], [Key : SlotId Value : 2], [Key : SubstrateType Value : Core]
[16:12:25:671]	[RECV] [Port : 2], [Title : RequestApproachLoading], [Ack : Ack], [Description : ]
[16:13:34:172]	[SEND] [Port : 2], [Title : RequestApproachLoading], [Key : HandlingResult Value : Ok], [Key : SubstrateName Value : ZFUJ115.2], [Key : LotId Value : FZ3KDA], [Key : RecipeId Value : ], [Key : RingId Value : ZFUJ115.2], [Key : PortId Value : 5], [Key : SlotId Value : 2], [Key : SubstrateType Value : Core]
[16:13:34:175]	[RECV] [Port : 2], [Title : RequestApproachLoading], [Ack : Ack], [Description : ]
[16:13:34:452]	[RECV] [Port : 2], [Title : ResponseApproachLoading]
[16:13:37:652]	[SEND] [Port : 2], [Title : ResponseApproachLoading], [Ack : Ack], [Description : ]
[16:13:43:094]	[SEND] [Port : 2], [Title : RequestActionLoading], [Key : HandlingResult Value : Ok], [Key : SubstrateName Value : ZFUJ115.2], [Key : LotId Value : FZ3KDA], [Key : RecipeId Value : ], [Key : RingId Value : ZFUJ115.2], [Key : PortId Value : 5], [Key : SlotId Value : 2], [Key : SubstrateType Value : Core]
[16:13:43:097]	[RECV] [Port : 2], [Title : RequestActionLoading], [Ack : Ack], [Description : ]
[16:13:43:097]	[RECV] [Port : 2], [Title : ResponseActionLoading]
[16:13:43:147]	[SEND] [Port : 2], [Title : ResponseActionLoading], [Ack : Ack], [Description : ]
[16:13:52:480]	[SEND] [Port : 2], [Title : RequestConfirmLoading], [Key : HandlingResult Value : Ok], [Key : SubstrateName Value : ZFUJ115.2], [Key : LotId Value : FZ3KDA], [Key : RecipeId Value : ], [Key : RingId Value : ZFUJ115.2], [Key : PortId Value : 5], [Key : SlotId Value : 2], [Key : SubstrateType Value : Core]
[16:13:52:483]	[RECV] [Port : 2], [Title : RequestConfirmLoading], [Ack : Ack], [Description : ]
[16:13:52:483]	[RECV] [Port : 2], [Title : ResponseConfirmLoading]
[16:13:52:534]	[SEND] [Port : 2], [Title : ResponseConfirmLoading], [Ack : Ack], [Description : ]
[16:29:30:632]	[SEND] [Port : 3], [Title : RequestApproachUnloading], [Key : HandlingResult Value : Ok], [Key : SubstrateName Value : ], [Key : LotId Value : ], [Key : RecipeId Value : ], [Key : SubstrateType Value : ], [Key : RingId Value : ], [Key : PortId Value : ], [Key : SlotId Value : ]
[16:29:30:638]	[RECV] [Port : 3], [Title : ResponseApproachUnloading], [Key : RingId Value : ZFUJ115.2], [Key : LotId Value : FZ3KDA], [Key : HandlingResult Value : Ok], [Key : SlotId Value : 2], [Key : SubstrateName Value : SUPPLY_OUT_SHUTTLE], [Key : SubstrateType Value : Core], [Key : RecipeId Value : ], [Key : PortId Value : 5]
[16:29:30:639]	[RECV] [Port : 3], [Title : RequestApproachUnloading], [Ack : Ack], [Description : ]
[16:29:30:662]	[SEND] [Port : 3], [Title : RequestApproachUnloading], [Key : HandlingResult Value : Ok], [Key : SubstrateName Value : ], [Key : LotId Value : ], [Key : RecipeId Value : ], [Key : SubstrateType Value : ], [Key : RingId Value : ], [Key : PortId Value : ], [Key : SlotId Value : ]
[16:29:30:664]	[RECV] [Port : 3], [Title : RequestApproachUnloading], [Ack : Ack], [Description : ]
---------------------[16:39:47:943]	[SEND] [Port : 3], [Title : RequestApproachUnloading], [Key : HandlingResult Value : Ok], [Key : SubstrateName Value : ], [Key : LotId Value : ], [Key : RecipeId Value : ], [Key : SubstrateType Value : ], [Key : RingId Value : ], [Key : PortId Value : ], [Key : SlotId Value : ]
[16:39:47:947]	[RECV] [Port : 3], [Title : ResponseApproachUnloading], [Key : RingId Value : ZFUJ115.2], [Key : LotId Value : FZ3KDA], [Key : HandlingResult Value : Ok], [Key : SlotId Value : 2], [Key : SubstrateName Value : SUPPLY_OUT_SHUTTLE], [Key : SubstrateType Value : Core], [Key : RecipeId Value : ], [Key : PortId Value : 5]
[16:39:47:968]	[SEND] [Port : 3], [Title : RequestApproachUnloading], [Key : HandlingResult Value : Ok], [Key : SubstrateName Value : ], [Key : LotId Value : ], [Key : RecipeId Value : ], [Key : SubstrateType Value : ], [Key : RingId Value : ], [Key : PortId Value : ], [Key : SlotId Value : ]
[16:39:52:990]	[RECV] [Port : 3], [Title : ResponseApproachUnloading], [Key : RingId Value : ZFUJ115.2], [Key : LotId Value : FZ3KDA], [Key : HandlingResult Value : Ok], [Key : SlotId Value : 2], [Key : SubstrateName Value : SUPPLY_OUT_SHUTTLE], [Key : SubstrateType Value : Core], [Key : RecipeId Value : ], [Key : PortId Value : 5]
[16:39:53:008]	[SEND] [Port : 3], [Title : RequestApproachUnloading], [Key : HandlingResult Value : Ok], [Key : SubstrateName Value : ], [Key : LotId Value : ], [Key : RecipeId Value : ], [Key : SubstrateType Value : ], [Key : RingId Value : ], [Key : PortId Value : ], [Key : SlotId Value : ]
[16:39:58:030]	[RECV] [Port : 3], [Title : ResponseApproachUnloading], [Key : RingId Value : ZFUJ115.2], [Key : LotId Value : FZ3KDA], [Key : HandlingResult Value : Ok], [Key : SlotId Value : 2], [Key : SubstrateName Value : SUPPLY_OUT_SHUTTLE], [Key : SubstrateType Value : Core], [Key : RecipeId Value : ], [Key : PortId Value : 5]
[16:39:58:049]	[SEND] [Port : 3], [Title : RequestApproachUnloading], [Key : HandlingResult Value : Ok], [Key : SubstrateName Value : ], [Key : LotId Value : ], [Key : RecipeId Value : ], [Key : SubstrateType Value : ], [Key : RingId Value : ], [Key : PortId Value : ], [Key : SlotId Value : ]
[16:40:03:068]	[RECV] [Port : 3], [Title : ResponseApproachUnloading], [Key : RingId Value : ZFUJ115.2], [Key : LotId Value : FZ3KDA], [Key : HandlingResult Value : Ok], [Key : SlotId Value : 2], [Key : SubstrateName Value : SUPPLY_OUT_SHUTTLE], [Key : SubstrateType Value : Core], [Key : RecipeId Value : ], [Key : PortId Value : 5]
[16:40:03:087]	[SEND] [Port : 3], [Title : RequestApproachUnloading], [Key : HandlingResult Value : Ok], [Key : SubstrateName Value : ], [Key : LotId Value : ], [Key : RecipeId Value : ], [Key : SubstrateType Value : ], [Key : RingId Value : ], [Key : PortId Value : ], [Key : SlotId Value : ]
[16:40:08:109]	[RECV] [Port : 3], [Title : ResponseApproachUnloading], [Key : RingId Value : ZFUJ115.2], [Key : LotId Value : FZ3KDA], [Key : HandlingResult Value : Ok], [Key : SlotId Value : 2], [Key : SubstrateName Value : SUPPLY_OUT_SHUTTLE], [Key : SubstrateType Value : Core], [Key : RecipeId Value : ], [Key : PortId Value : 5]
[16:40:08:128]	[SEND] [Port : 3], [Title : RequestApproachUnloading], [Key : HandlingResult Value : Ok], [Key : SubstrateName Value : ], [Key : LotId Value : ], [Key : RecipeId Value : ], [Key : SubstrateType Value : ], [Key : RingId Value : ], [Key : PortId Value : ], [Key : SlotId Value : ]
[16:40:13:147]	[RECV] [Port : 3], [Title : ResponseApproachUnloading], [Key : RingId Value : ZFUJ115.2], [Key : LotId Value : FZ3KDA], [Key : HandlingResult Value : Ok], [Key : SlotId Value : 2], [Key : SubstrateName Value : SUPPLY_OUT_SHUTTLE], [Key : SubstrateType Value : Core], [Key : RecipeId Value : ], [Key : PortId Value : 5]
[16:40:13:167]	[SEND] [Port : 3], [Title : RequestApproachUnloading], [Key : HandlingResult Value : Ok], [Key : SubstrateName Value : ], [Key : LotId Value : ], [Key : RecipeId Value : ], [Key : SubstrateType Value : ], [Key : RingId Value : ], [Key : PortId Value : ], [Key : SlotId Value : ]
[16:40:18:186]	[RECV] [Port : 3], [Title : ResponseApproachUnloading], [Key : RingId Value : ZFUJ115.2], [Key : LotId Value : FZ3KDA], [Key : HandlingResult Value : Ok], [Key : SlotId Value : 2], [Key : SubstrateName Value : SUPPLY_OUT_SHUTTLE], [Key : SubstrateType Value : Core], [Key : RecipeId Value : ], [Key : PortId Value : 5]
[16:40:18:205]	[SEND] [Port : 3], [Title : RequestApproachUnloading], [Key : HandlingResult Value : Ok], [Key : SubstrateName Value : ], [Key : LotId Value : ], [Key : RecipeId Value : ], [Key : SubstrateType Value : ], [Key : RingId Value : ], [Key : PortId Value : ], [Key : SlotId Value : ]
[16:40:23:227]	[RECV] [Port : 3], [Title : ResponseApproachUnloading], [Key : RingId Value : ZFUJ115.2], [Key : LotId Value : FZ3KDA], [Key : HandlingResult Value : Ok], [Key : SlotId Value : 2], [Key : SubstrateName Value : SUPPLY_OUT_SHUTTLE], [Key : SubstrateType Value : Core], [Key : RecipeId Value : ], [Key : PortId Value : 5]
[16:40:23:247]	[SEND] [Port : 3], [Title : RequestApproachUnloading], [Key : HandlingResult Value : Ok], [Key : SubstrateName Value : ], [Key : LotId Value : ], [Key : RecipeId Value : ], [Key : SubstrateType Value : ], [Key : RingId Value : ], [Key : PortId Value : ], [Key : SlotId Value : ]
[16:40:28:267]	[RECV] [Port : 3], [Title : ResponseApproachUnloading], [Key : RingId Value : ZFUJ115.2], [Key : LotId Value : FZ3KDA], [Key : HandlingResult Value : Ok], [Key : SlotId Value : 2], [Key : SubstrateName Value : SUPPLY_OUT_SHUTTLE], [Key : SubstrateType Value : Core], [Key : RecipeId Value : ], [Key : PortId Value : 5]
[16:40:28:286]	[SEND] [Port : 3], [Title : RequestApproachUnloading], [Key : HandlingResult Value : Ok], [Key : SubstrateName Value : ], [Key : LotId Value : ], [Key : RecipeId Value : ], [Key : SubstrateType Value : ], [Key : RingId Value : ], [Key : PortId Value : ], [Key : SlotId Value : ]
[16:40:33:277]	[RECV] [Port : 3], [Title : ResponseApproachUnloading], [Key : RingId Value : ZFUJ115.2], [Key : LotId Value : FZ3KDA], [Key : HandlingResult Value : Ok], [Key : SlotId Value : 2], [Key : SubstrateName Value : SUPPLY_OUT_SHUTTLE], [Key : SubstrateType Value : Core], [Key : RecipeId Value : ], [Key : PortId Value : 5]
[16:40:33:295]	[SEND] [Port : 3], [Title : RequestApproachUnloading], [Key : HandlingResult Value : Ok], [Key : SubstrateName Value : ], [Key : LotId Value : ], [Key : RecipeId Value : ], [Key : SubstrateType Value : ], [Key : RingId Value : ], [Key : PortId Value : ], [Key : SlotId Value : ]
[16:40:38:316]	[RECV] [Port : 3], [Title : ResponseApproachUnloading], [Key : RingId Value : ZFUJ115.2], [Key : LotId Value : FZ3KDA], [Key : HandlingResult Value : Ok], [Key : SlotId Value : 2], [Key : SubstrateName Value : SUPPLY_OUT_SHUTTLE], [Key : SubstrateType Value : Core], [Key : RecipeId Value : ], [Key : PortId Value : 5]
[16:40:38:335]	[SEND] [Port : 3], [Title : RequestApproachUnloading], [Key : HandlingResult Value : Ok], [Key : SubstrateName Value : ], [Key : LotId Value : ], [Key : RecipeId Value : ], [Key : SubstrateType Value : ], [Key : RingId Value : ], [Key : PortId Value : ], [Key : SlotId Value : ]
[16:40:43:326]	[RECV] [Port : 3], [Title : ResponseApproachUnloading], [Key : RingId Value : ZFUJ115.2], [Key : LotId Value : FZ3KDA], [Key : HandlingResult Value : Ok], [Key : SlotId Value : 2], [Key : SubstrateName Value : SUPPLY_OUT_SHUTTLE], [Key : SubstrateType Value : Core], [Key : RecipeId Value : ], [Key : PortId Value : 5]
[16:40:43:346]	[SEND] [Port : 3], [Title : RequestApproachUnloading], [Key : HandlingResult Value : Ok], [Key : SubstrateName Value : ], [Key : LotId Value : ], [Key : RecipeId Value : ], [Key : SubstrateType Value : ], [Key : RingId Value : ], [Key : PortId Value : ], [Key : SlotId Value : ]
[16:40:48:367]	[RECV] [Port : 3], [Title : ResponseApproachUnloading], [Key : RingId Value : ZFUJ115.2], [Key : LotId Value : FZ3KDA], [Key : HandlingResult Value : Ok], [Key : SlotId Value : 2], [Key : SubstrateName Value : SUPPLY_OUT_SHUTTLE], [Key : SubstrateType Value : Core], [Key : RecipeId Value : ], [Key : PortId Value : 5]
[16:40:48:387]	[SEND] [Port : 3], [Title : RequestApproachUnloading], [Key : HandlingResult Value : Ok], [Key : SubstrateName Value : ], [Key : LotId Value : ], [Key : RecipeId Value : ], [Key : SubstrateType Value : ], [Key : RingId Value : ], [Key : PortId Value : ], [Key : SlotId Value : ]
[16:40:53:408]	[RECV] [Port : 3], [Title : ResponseApproachUnloading], [Key : RingId Value : ZFUJ115.2], [Key : LotId Value : FZ3KDA], [Key : HandlingResult Value : Ok], [Key : SlotId Value : 2], [Key : SubstrateName Value : SUPPLY_OUT_SHUTTLE], [Key : SubstrateType Value : Core], [Key : RecipeId Value : ], [Key : PortId Value : 5]
[16:40:53:427]	[SEND] [Port : 3], [Title : RequestApproachUnloading], [Key : HandlingResult Value : Ok], [Key : SubstrateName Value : ], [Key : LotId Value : ], [Key : RecipeId Value : ], [Key : SubstrateType Value : ], [Key : RingId Value : ], [Key : PortId Value : ], [Key : SlotId Value : ]
[16:40:58:456]	[RECV] [Port : 3], [Title : ResponseApproachUnloading], [Key : RingId Value : ZFUJ115.2], [Key : LotId Value : FZ3KDA], [Key : HandlingResult Value : Ok], [Key : SlotId Value : 2], [Key : SubstrateName Value : SUPPLY_OUT_SHUTTLE], [Key : SubstrateType Value : Core], [Key : RecipeId Value : ], [Key : PortId Value : 5]
[16:40:58:476]	[SEND] [Port : 3], [Title : RequestApproachUnloading], [Key : HandlingResult Value : Ok], [Key : SubstrateName Value : ], [Key : LotId Value : ], [Key : RecipeId Value : ], [Key : SubstrateType Value : ], [Key : RingId Value : ], [Key : PortId Value : ], [Key : SlotId Value : ]
[16:41:03:509]	[RECV] [Port : 3], [Title : ResponseApproachUnloading], [Key : RingId Value : ZFUJ115.2], [Key : LotId Value : FZ3KDA], [Key : HandlingResult Value : Ok], [Key : SlotId Value : 2], [Key : SubstrateName Value : SUPPLY_OUT_SHUTTLE], [Key : SubstrateType Value : Core], [Key : RecipeId Value : ], [Key : PortId Value : 5]
[16:41:03:530]	[SEND] [Port : 3], [Title : RequestApproachUnloading], [Key : HandlingResult Value : Ok], [Key : SubstrateName Value : ], [Key : LotId Value : ], [Key : RecipeId Value : ], [Key : SubstrateType Value : ], [Key : RingId Value : ], [Key : PortId Value : ], [Key : SlotId Value : ]
[16:41:08:529]	[RECV] [Port : 3], [Title : ResponseApproachUnloading], [Key : RingId Value : ZFUJ115.2], [Key : LotId Value : FZ3KDA], [Key : HandlingResult Value : Ok], [Key : SlotId Value : 2], [Key : SubstrateName Value : SUPPLY_OUT_SHUTTLE], [Key : SubstrateType Value : Core], [Key : RecipeId Value : ], [Key : PortId Value : 5]
[16:41:08:548]	[SEND] [Port : 3], [Title : RequestApproachUnloading], [Key : HandlingResult Value : Ok], [Key : SubstrateName Value : ], [Key : LotId Value : ], [Key : RecipeId Value : ], [Key : SubstrateType Value : ], [Key : RingId Value : ], [Key : PortId Value : ], [Key : SlotId Value : ]
------------------------------------------------
[16:55:56:222]	[SEND] [Port : 3], [Title : RequestApproachUnloading], [Key : HandlingResult Value : Ok], [Key : SubstrateName Value : ], [Key : LotId Value : ], [Key : RecipeId Value : ], [Key : SubstrateType Value : ], [Key : RingId Value : ], [Key : PortId Value : ], [Key : SlotId Value : ]
[16:55:56:227]	[RECV] [Port : 3], [Title : ResponseApproachUnloading], [Key : RingId Value : ZFUJ115.2], [Key : LotId Value : FZ3KDA], [Key : HandlingResult Value : Ok], [Key : SlotId Value : 2], [Key : SubstrateName Value : SUPPLY_OUT_SHUTTLE], [Key : SubstrateType Value : Core], [Key : RecipeId Value : ], [Key : PortId Value : 5]
[16:55:56:279]	[SEND] [Port : 3], [Title : ResponseApproachUnloading], [Ack : Ack], [Description : ]
[16:55:57:167]	[SEND] [Port : 3], [Title : RequestActionUnloading], [Key : HandlingResult Value : Ok], [Key : SubstrateName Value : ZFUJ115.2], [Key : LotId Value : FZ3KDA], [Key : RecipeId Value : ], [Key : RingId Value : ZFUJ115.2], [Key : PortId Value : 5], [Key : SlotId Value : 2], [Key : SubstrateType Value : Core]
[16:55:57:169]	[RECV] [Port : 3], [Title : ResponseActionUnloading]
[16:55:57:220]	[SEND] [Port : 3], [Title : ResponseActionUnloading], [Ack : Ack], [Description : ]
[16:56:08:213]	[SEND] [Port : 3], [Title : RequestConfirmUnloading], [Key : HandlingResult Value : Ok], [Key : SubstrateName Value : ], [Key : LotId Value : ], [Key : RecipeId Value : ], [Key : SubstrateType Value : ], [Key : RingId Value : ], [Key : PortId Value : ], [Key : SlotId Value : ]
[16:56:08:215]	[RECV] [Port : 3], [Title : ResponseConfirmUnloading]
[16:56:08:236]	[SEND] [Port : 3], [Title : RequestApproachUnloading], [Key : HandlingResult Value : Ok], [Key : SubstrateName Value : ], [Key : LotId Value : ], [Key : RecipeId Value : ], [Key : SubstrateType Value : ], [Key : RingId Value : ], [Key : PortId Value : ], [Key : SlotId Value : ]
[17:03:37:824]	[SEND] [Port : 2], [Title : RequestApproachLoading], [Key : HandlingResult Value : Ok], [Key : SubstrateName Value : ZFUJ115.5], [Key : LotId Value : FZ3KDA], [Key : RecipeId Value : ], [Key : RingId Value : ZFUJ115.5], [Key : PortId Value : 5], [Key : SlotId Value : 5], [Key : SubstrateType Value : Core]
[17:07:03:835]	[SEND] [Port : 2], [Title : RequestApproachLoading], [Key : HandlingResult Value : Ok], [Key : SubstrateName Value : ZFUJ115.5], [Key : LotId Value : FZ3KDA], [Key : RecipeId Value : ], [Key : RingId Value : ZFUJ115.5], [Key : PortId Value : 5], [Key : SlotId Value : 5], [Key : SubstrateType Value : Core]
[17:07:04:125]	[RECV] [Port : 2], [Title : ResponseApproachLoading]
[17:07:04:178]	[SEND] [Port : 2], [Title : ResponseApproachLoading], [Ack : Ack], [Description : ]
[17:07:09:615]	[SEND] [Port : 2], [Title : RequestActionLoading], [Key : HandlingResult Value : Ok], [Key : SubstrateName Value : ZFUJ115.5], [Key : LotId Value : FZ3KDA], [Key : RecipeId Value : ], [Key : RingId Value : ZFUJ115.5], [Key : PortId Value : 5], [Key : SlotId Value : 5], [Key : SubstrateType Value : Core]
[17:07:09:617]	[RECV] [Port : 2], [Title : ResponseActionLoading]
[17:07:09:668]	[SEND] [Port : 2], [Title : ResponseActionLoading], [Ack : Ack], [Description : ]
[17:07:18:997]	[SEND] [Port : 2], [Title : RequestConfirmLoading], [Key : HandlingResult Value : Ok], [Key : SubstrateName Value : ZFUJ115.5], [Key : LotId Value : FZ3KDA], [Key : RecipeId Value : ], [Key : RingId Value : ZFUJ115.5], [Key : PortId Value : 5], [Key : SlotId Value : 5], [Key : SubstrateType Value : Core]
[17:07:19:002]	[RECV] [Port : 2], [Title : ResponseConfirmLoading]
[17:07:19:053]	[SEND] [Port : 2], [Title : ResponseConfirmLoading], [Ack : Ack], [Description : ]
-------------------
[17:32:57:799]	[SEND] [Port : 3], [Title : RequestApproachUnloading], [Key : HandlingResult Value : Ok], [Key : SubstrateName Value : ], [Key : LotId Value : ], [Key : RecipeId Value : ], [Key : SubstrateType Value : ], [Key : RingId Value : ], [Key : PortId Value : ], [Key : SlotId Value : ]
[17:32:57:805]	[RECV] [Port : 3], [Title : ResponseApproachUnloading], [Key : RingId Value : ZFUJ115.5], [Key : LotId Value : FZ3KDA], [Key : HandlingResult Value : Ok], [Key : SlotId Value : 5], [Key : SubstrateName Value : SUPPLY_OUT_SHUTTLE], [Key : SubstrateType Value : Core], [Key : RecipeId Value : ], [Key : PortId Value : 5]
[17:32:57:856]	[SEND] [Port : 3], [Title : ResponseApproachUnloading], [Ack : Ack], [Description : ]
[17:33:02:068]	[SEND] [Port : 3], [Title : RequestActionUnloading], [Key : HandlingResult Value : Ok], [Key : SubstrateName Value : ZFUJ115.5], [Key : LotId Value : FZ3KDA], [Key : RecipeId Value : ], [Key : RingId Value : ZFUJ115.5], [Key : PortId Value : 5], [Key : SlotId Value : 5], [Key : SubstrateType Value : Core]
[17:33:02:071]	[RECV] [Port : 3], [Title : ResponseActionUnloading]
[17:33:02:122]	[SEND] [Port : 3], [Title : ResponseActionUnloading], [Ack : Ack], [Description : ]
[17:33:13:126]	[SEND] [Port : 3], [Title : RequestConfirmUnloading], [Key : HandlingResult Value : Ok], [Key : SubstrateName Value : ], [Key : LotId Value : ], [Key : RecipeId Value : ], [Key : SubstrateType Value : ], [Key : RingId Value : ], [Key : PortId Value : ], [Key : SlotId Value : ]
[17:33:13:129]	[RECV] [Port : 3], [Title : ResponseConfirmUnloading]
[17:44:16:915]	[SEND] [Port : 2], [Title : RequestApproachLoading], [Key : HandlingResult Value : Ok], [Key : SubstrateName Value : ZFUJ115.1], [Key : LotId Value : FZ3KDA], [Key : RecipeId Value : ], [Key : RingId Value : ZFUJ115.1], [Key : PortId Value : 5], [Key : SlotId Value : 1], [Key : SubstrateType Value : Core]
[17:44:17:096]	[RECV] [Port : 2], [Title : ResponseApproachLoading]
[17:44:17:096]	[SEND] [Port : 2], [Title : ResponseApproachLoading], [Ack : Ack], [Description : ]
[17:44:21:779]	[SEND] [Port : 2], [Title : RequestActionLoading], [Key : HandlingResult Value : Ok], [Key : SubstrateName Value : ZFUJ115.1], [Key : LotId Value : FZ3KDA], [Key : RecipeId Value : ], [Key : RingId Value : ZFUJ115.1], [Key : PortId Value : 5], [Key : SlotId Value : 1], [Key : SubstrateType Value : Core]
[17:44:21:785]	[RECV] [Port : 2], [Title : ResponseActionLoading]
[17:44:21:785]	[SEND] [Port : 2], [Title : ResponseActionLoading], [Ack : Ack], [Description : ]
[17:44:31:161]	[SEND] [Port : 2], [Title : RequestConfirmLoading], [Key : HandlingResult Value : Ok], [Key : SubstrateName Value : ZFUJ115.1], [Key : LotId Value : FZ3KDA], [Key : RecipeId Value : ], [Key : RingId Value : ZFUJ115.1], [Key : PortId Value : 5], [Key : SlotId Value : 1], [Key : SubstrateType Value : Core]
[17:44:31:163]	[RECV] [Port : 2], [Title : ResponseConfirmLoading]
[17:44:31:163]	[SEND] [Port : 2], [Title : ResponseConfirmLoading], [Ack : Ack], [Description : ]
[17:49:28:352]	[SEND] [Port : 3], [Title : RequestApproachUnloading], [Key : HandlingResult Value : Ok], [Key : SubstrateName Value : ], [Key : LotId Value : ], [Key : RecipeId Value : ], [Key : SubstrateType Value : ], [Key : RingId Value : ], [Key : PortId Value : ], [Key : SlotId Value : ]
[17:49:28:356]	[RECV] [Port : 3], [Title : ResponseApproachUnloading], [Key : RingId Value : ZFUJ115.1], [Key : LotId Value : FZ3KDA], [Key : HandlingResult Value : Ok], [Key : SlotId Value : 1], [Key : SubstrateName Value : SUPPLY_OUT_SHUTTLE], [Key : SubstrateType Value : Core], [Key : RecipeId Value : ], [Key : PortId Value : 5]
[17:49:28:356]	[SEND] [Port : 3], [Title : ResponseApproachUnloading], [Ack : Ack], [Description : ]
[17:49:32:621]	[SEND] [Port : 3], [Title : RequestActionUnloading], [Key : HandlingResult Value : Ok], [Key : SubstrateName Value : ZFUJ115.1], [Key : LotId Value : FZ3KDA], [Key : RecipeId Value : ], [Key : RingId Value : ZFUJ115.1], [Key : PortId Value : 5], [Key : SlotId Value : 1], [Key : SubstrateType Value : Core]
[17:49:32:623]	[RECV] [Port : 3], [Title : ResponseActionUnloading]
[17:49:32:623]	[SEND] [Port : 3], [Title : ResponseActionUnloading], [Ack : Ack], [Description : ]
[17:49:43:685]	[SEND] [Port : 3], [Title : RequestConfirmUnloading], [Key : HandlingResult Value : Ok], [Key : SubstrateName Value : ], [Key : LotId Value : ], [Key : RecipeId Value : ], [Key : SubstrateType Value : ], [Key : RingId Value : ], [Key : PortId Value : ], [Key : SlotId Value : ]
[17:49:43:688]	[RECV] [Port : 3], [Title : ResponseConfirmUnloading]
[17:49:43:688]	[SEND] [Port : 3], [Title : ResponseConfirmUnloading], [Ack : Ack], [Description : ]
