[21:12:33:629]	[SEND] [Port : 1], [Title : RequestApproachLoading], [Key : HandlingResult Value : Ok], [Key : SubstrateName Value : ZFWL400.1], [Key : LotId Value : ], [Key : RecipeId Value : ], [Key : SubstrateType Value : Empty]
[21:16:44:975]	[SEND] [Port : 1], [Title : RequestApproachLoading], [Key : HandlingResult Value : Ok], [Key : SubstrateName Value : ZFWL400.1], [Key : LotId Value : ], [Key : RecipeId Value : ], [Key : SubstrateType Value : Empty]
[21:16:45:110]	[RECV] [Port : 1], [Title : ResponseApproachLoading], [Key :  Value : ]
[21:16:45:111]	[SEND] [Port : 1], [Title : ResponseApproachLoading], [Ack : Ack], [Description : ]
[21:16:48:104]	[SEND] [Port : 1], [Title : RequestActionLoading], [Key : HandlingResult Value : Ok], [Key : SubstrateName Value : ZFWL400.1], [Key : LotId Value : ], [Key : RecipeId Value : ], [Key : SubstrateType Value : Empty]
[21:16:48:206]	[RECV] [Port : 1], [Title : ResponseActionLoading], [Key :  Value : ]
[21:16:48:206]	[SEND] [Port : 1], [Title : ResponseActionLoading], [Ack : Ack], [Description : ]
[21:16:48:316]	[SEND] [Port : 1], [Title : RequestConfirmLoading], [Key : HandlingResult Value : Ok], [Key : SubstrateName Value : ZFWL400.1], [Key : LotId Value : ], [Key : RecipeId Value : ], [Key : SubstrateType Value : Empty]
[21:16:48:421]	[RECV] [Port : 1], [Title : ResponseConfirmLoading], [Key :  Value : ]
[21:16:48:421]	[SEND] [Port : 1], [Title : ResponseConfirmLoading], [Ack : Ack], [Description : ]
[21:16:51:444]	[SEND] [Port : 1], [Title : RequestApproachLoading], [Key : HandlingResult Value : Ok], [Key : SubstrateName Value : ZFWL400.2], [Key : LotId Value : ], [Key : RecipeId Value : ], [Key : SubstrateType Value : Empty]
[21:16:51:551]	[RECV] [Port : 1], [Title : ResponseApproachLoading], [Key :  Value : ]
[21:16:51:551]	[SEND] [Port : 1], [Title : ResponseApproachLoading], [Ack : Ack], [Description : ]
[21:16:54:544]	[SEND] [Port : 1], [Title : RequestActionLoading], [Key : HandlingResult Value : Ok], [Key : SubstrateName Value : ZFWL400.2], [Key : LotId Value : ], [Key : RecipeId Value : ], [Key : SubstrateType Value : Empty]
[21:16:54:661]	[RECV] [Port : 1], [Title : ResponseActionLoading], [Key :  Value : ]
[21:16:54:661]	[SEND] [Port : 1], [Title : ResponseActionLoading], [Ack : Ack], [Description : ]
[21:16:54:763]	[SEND] [Port : 1], [Title : RequestConfirmLoading], [Key : HandlingResult Value : Ok], [Key : SubstrateName Value : ZFWL400.2], [Key : LotId Value : ], [Key : RecipeId Value : ], [Key : SubstrateType Value : Empty]
[21:16:54:881]	[RECV] [Port : 1], [Title : ResponseConfirmLoading], [Key :  Value : ]
[21:16:54:881]	[SEND] [Port : 1], [Title : ResponseConfirmLoading], [Ack : Ack], [Description : ]
[21:16:57:903]	[SEND] [Port : 2], [Title : RequestApproachLoading], [Key : HandlingResult Value : Ok], [Key : SubstrateName Value : ZFWL391.1], [Key : LotId Value : ], [Key : RecipeId Value : ], [Key : SubstrateType Value : Core]
[21:16:58:018]	[RECV] [Port : 2], [Title : ResponseApproachLoading], [Key :  Value : ]
[21:16:58:018]	[SEND] [Port : 2], [Title : ResponseApproachLoading], [Ack : Ack], [Description : ]
[21:17:01:011]	[SEND] [Port : 2], [Title : RequestActionLoading], [Key : HandlingResult Value : Ok], [Key : SubstrateName Value : ZFWL391.1], [Key : LotId Value : ], [Key : RecipeId Value : ], [Key : SubstrateType Value : Core]
[21:17:01:132]	[RECV] [Port : 2], [Title : ResponseActionLoading], [Key :  Value : ]
[21:17:01:132]	[SEND] [Port : 2], [Title : ResponseActionLoading], [Ack : Ack], [Description : ]
[21:17:01:236]	[SEND] [Port : 2], [Title : RequestConfirmLoading], [Key : HandlingResult Value : Ok], [Key : SubstrateName Value : ZFWL391.1], [Key : LotId Value : ], [Key : RecipeId Value : ], [Key : SubstrateType Value : Core]
[21:17:01:344]	[RECV] [Port : 2], [Title : ResponseConfirmLoading], [Key :  Value : ]
[21:17:01:344]	[SEND] [Port : 2], [Title : ResponseConfirmLoading], [Ack : Ack], [Description : ]
[21:17:04:370]	[SEND] [Port : 1], [Title : RequestApproachLoading], [Key : HandlingResult Value : Ok], [Key : SubstrateName Value : ZFWL400.3], [Key : LotId Value : ], [Key : RecipeId Value : ], [Key : SubstrateType Value : Empty]
[21:17:04:485]	[RECV] [Port : 1], [Title : ResponseApproachLoading], [Key :  Value : ]
[21:17:04:485]	[SEND] [Port : 1], [Title : ResponseApproachLoading], [Ack : Ack], [Description : ]
[21:17:07:476]	[SEND] [Port : 1], [Title : RequestActionLoading], [Key : HandlingResult Value : Ok], [Key : SubstrateName Value : ZFWL400.3], [Key : LotId Value : ], [Key : RecipeId Value : ], [Key : SubstrateType Value : Empty]
[21:17:07:583]	[RECV] [Port : 1], [Title : ResponseActionLoading], [Key :  Value : ]
[21:17:07:583]	[SEND] [Port : 1], [Title : ResponseActionLoading], [Ack : Ack], [Description : ]
[21:17:10:708]	[SEND] [Port : 2], [Title : RequestApproachLoading], [Key : HandlingResult Value : Ok], [Key : SubstrateName Value : ZFWL391.2], [Key : LotId Value : ], [Key : RecipeId Value : ], [Key : SubstrateType Value : Core]
[21:17:10:823]	[RECV] [Port : 2], [Title : ResponseApproachLoading], [Key :  Value : ]
[21:17:10:823]	[SEND] [Port : 2], [Title : ResponseApproachLoading], [Ack : Ack], [Description : ]
[21:17:13:814]	[SEND] [Port : 2], [Title : RequestActionLoading], [Key : HandlingResult Value : Ok], [Key : SubstrateName Value : ZFWL391.2], [Key : LotId Value : ], [Key : RecipeId Value : ], [Key : SubstrateType Value : Core]
[21:17:13:923]	[RECV] [Port : 2], [Title : ResponseActionLoading], [Key :  Value : ]
[21:17:13:923]	[SEND] [Port : 2], [Title : ResponseActionLoading], [Ack : Ack], [Description : ]
[21:17:14:028]	[SEND] [Port : 2], [Title : RequestConfirmLoading], [Key : HandlingResult Value : Ok], [Key : SubstrateName Value : ZFWL391.2], [Key : LotId Value : ], [Key : RecipeId Value : ], [Key : SubstrateType Value : Core]
[21:17:14:142]	[RECV] [Port : 2], [Title : ResponseConfirmLoading], [Key :  Value : ]
[21:17:14:142]	[SEND] [Port : 2], [Title : ResponseConfirmLoading], [Ack : Ack], [Description : ]
[21:17:17:165]	[SEND] [Port : 2], [Title : RequestApproachLoading], [Key : HandlingResult Value : Ok], [Key : SubstrateName Value : ZFWL391.3], [Key : LotId Value : ], [Key : RecipeId Value : ], [Key : SubstrateType Value : Core]
[21:17:17:278]	[RECV] [Port : 2], [Title : ResponseApproachLoading], [Key :  Value : ]
[21:17:17:278]	[SEND] [Port : 2], [Title : ResponseApproachLoading], [Ack : Ack], [Description : ]
[21:17:20:268]	[SEND] [Port : 2], [Title : RequestActionLoading], [Key : HandlingResult Value : Ok], [Key : SubstrateName Value : ZFWL391.3], [Key : LotId Value : ], [Key : RecipeId Value : ], [Key : SubstrateType Value : Core]
[21:17:20:377]	[RECV] [Port : 2], [Title : ResponseActionLoading], [Key :  Value : ]
[21:17:20:377]	[SEND] [Port : 2], [Title : ResponseActionLoading], [Ack : Ack], [Description : ]
[21:17:20:501]	[SEND] [Port : 3], [Title : RequestApproachUnloading], [Key : HandlingResult Value : Ok], [Key : SubstrateName Value : ], [Key : LotId Value : ], [Key : RecipeId Value : ], [Key : SubstrateType Value : ]
[21:17:20:611]	[RECV] [Port : 3], [Title : ResponseApproachUnloading], [Key : SubstrateName Value : ZFWL391.1], [Key : LotId Value : ], [Key : SubstrateType Value : Core], [Key : RecipeId Value : ]
[21:17:20:611]	[SEND] [Port : 3], [Title : ResponseApproachUnloading], [Ack : Ack], [Description : ]
[21:17:23:349]	[SEND] [Port : 3], [Title : RequestActionUnloading], [Key : HandlingResult Value : Ok], [Key : SubstrateName Value : ZFWL391.1], [Key : LotId Value : ], [Key : RecipeId Value : ], [Key : SubstrateType Value : Core]
[21:17:23:450]	[RECV] [Port : 3], [Title : ResponseActionUnloading], [Key :  Value : ]
[21:17:23:450]	[SEND] [Port : 3], [Title : ResponseActionUnloading], [Ack : Ack], [Description : ]
[21:17:24:134]	[SEND] [Port : 3], [Title : RequestConfirmUnloading], [Key : HandlingResult Value : Ok], [Key : SubstrateName Value : ], [Key : LotId Value : ], [Key : RecipeId Value : ], [Key : SubstrateType Value : ]
[21:17:24:245]	[RECV] [Port : 3], [Title : ResponseConfirmUnloading], [Key :  Value : ]
[21:17:24:245]	[SEND] [Port : 3], [Title : ResponseConfirmUnloading], [Ack : Ack], [Description : ]
[21:17:28:872]	[SEND] [Port : 2], [Title : RequestApproachLoading], [Key : HandlingResult Value : Ok], [Key : SubstrateName Value : ZFWL391.4], [Key : LotId Value : ], [Key : RecipeId Value : ], [Key : SubstrateType Value : Core]
[21:17:28:988]	[RECV] [Port : 2], [Title : ResponseApproachLoading], [Key :  Value : ]
[21:17:28:988]	[SEND] [Port : 2], [Title : ResponseApproachLoading], [Ack : Ack], [Description : ]
[21:17:31:978]	[SEND] [Port : 2], [Title : RequestActionLoading], [Key : HandlingResult Value : Ok], [Key : SubstrateName Value : ZFWL391.4], [Key : LotId Value : ], [Key : RecipeId Value : ], [Key : SubstrateType Value : Core]
[21:17:32:079]	[RECV] [Port : 2], [Title : ResponseActionLoading], [Key :  Value : ]
[21:17:32:079]	[SEND] [Port : 2], [Title : ResponseActionLoading], [Ack : Ack], [Description : ]
[21:17:32:200]	[SEND] [Port : 4], [Title : RequestApproachUnloading], [Key : HandlingResult Value : Ok], [Key : SubstrateName Value : ], [Key : LotId Value : ], [Key : RecipeId Value : ], [Key : SubstrateType Value : ]
[21:17:32:308]	[RECV] [Port : 4], [Title : ResponseApproachUnloading], [Key : SubstrateName Value : ZFWL400.1], [Key : LotId Value : ], [Key : SubstrateType Value : Bin3], [Key : RecipeId Value : ]
[21:17:32:308]	[SEND] [Port : 4], [Title : ResponseApproachUnloading], [Ack : Ack], [Description : ]
[21:17:35:593]	[SEND] [Port : 4], [Title : RequestActionUnloading], [Key : HandlingResult Value : Ok], [Key : SubstrateName Value : ZFWL400.1], [Key : LotId Value : ], [Key : RecipeId Value : ], [Key : SubstrateType Value : Empty]
[21:17:35:695]	[RECV] [Port : 4], [Title : ResponseActionUnloading], [Key :  Value : ]
[21:17:35:695]	[SEND] [Port : 4], [Title : ResponseActionUnloading], [Ack : Ack], [Description : ]
[21:17:36:541]	[SEND] [Port : 4], [Title : RequestConfirmUnloading], [Key : HandlingResult Value : Ok], [Key : SubstrateName Value : ], [Key : LotId Value : ], [Key : RecipeId Value : ], [Key : SubstrateType Value : ]
[21:17:36:646]	[RECV] [Port : 4], [Title : ResponseConfirmUnloading], [Key :  Value : ]
[21:17:36:646]	[SEND] [Port : 4], [Title : ResponseConfirmUnloading], [Ack : Ack], [Description : ]
