[14:46:20:093]	[OPER] ----- Initialize -----
[14:46:20:096]	[SEND] RESET
[14:46:20:138]	[RECV] A
[14:46:20:140]	[RECV] O
[14:46:20:147]	[SEND] HOM
[14:46:20:186]	[RECV] A
[14:46:38:026]	[RECV] O
[14:46:38:030]	[SEND] STATUS
[14:46:38:081]	[RECV] A
[14:46:38:082]	[RECV] S4150142B
[14:46:38:084]	[OPER] ----- Result : Completed, Description : 
[14:46:38:085]	[OPER] ----- ChangeToFoup -----
[14:46:38:085]	[SEND] RESET
[14:46:38:128]	[RECV] A
[14:46:38:129]	[RECV] O
[14:46:38:133]	[SEND] OC_MODE OFF
[14:46:38:182]	[RECV] A
[14:46:38:183]	[RECV] O
[14:46:38:187]	[SEND] STATUS
[14:46:38:238]	[RECV] A
[14:46:38:239]	[RECV] S4150142B
[14:46:38:241]	[OPER] ----- Result : Completed, Description : 
[15:00:35:733]	[OPER] ----- Initialize -----
[15:00:35:735]	[SEND] RESET
[15:00:35:777]	[RECV] A
[15:00:35:779]	[RECV] O
[15:00:35:785]	[SEND] HOM
[15:00:35:824]	[RECV] A
[15:00:53:136]	[RECV] O
[15:00:53:140]	[SEND] STATUS
[15:00:53:191]	[RECV] A
[15:00:53:192]	[RECV] S4150142B
[15:00:53:193]	[OPER] ----- Result : Completed, Description : 
[15:00:53:194]	[OPER] ----- ChangeToFoup -----
[15:00:53:194]	[SEND] RESET
[15:00:53:236]	[RECV] A
[15:00:53:237]	[RECV] O
[15:00:53:240]	[SEND] OC_MODE OFF
[15:00:53:289]	[RECV] A
[15:00:53:290]	[RECV] O
[15:00:53:294]	[SEND] STATUS
[15:00:53:346]	[RECV] A
[15:00:53:347]	[RECV] S4150142B
[15:00:53:348]	[OPER] ----- Result : Completed, Description : 
[15:27:04:059]	[RECV] C00010000
[15:27:04:060]	[RECV] C00000020
[15:27:24:523]	[OPER] ----- Initialize -----
[15:27:24:523]	[SEND] RESET
[15:27:24:565]	[RECV] A
[15:27:24:566]	[RECV] O
[15:27:24:569]	[SEND] HOM
[15:27:24:608]	[RECV] A
[15:27:42:431]	[RECV] O
[15:27:42:434]	[SEND] STATUS
[15:27:42:485]	[RECV] A
[15:27:42:486]	[RECV] S4150142B
[15:27:42:487]	[OPER] ----- Result : Completed, Description : 
[15:27:42:488]	[OPER] ----- ChangeToFoup -----
[15:27:42:488]	[SEND] RESET
[15:27:42:531]	[RECV] A
[15:27:42:532]	[RECV] O
[15:27:42:536]	[SEND] OC_MODE OFF
[15:27:42:584]	[RECV] A
[15:27:42:585]	[RECV] O
[15:27:42:588]	[SEND] STATUS
[15:27:42:639]	[RECV] A
[15:27:42:640]	[RECV] S4150142B
[15:27:42:641]	[OPER] ----- Result : Completed, Description : 
[15:30:00:810]	[OPER] ----- Initialize -----
[15:30:00:810]	[SEND] RESET
[15:30:00:854]	[RECV] A
[15:30:00:855]	[RECV] O
[15:30:00:858]	[SEND] HOM
[15:30:00:900]	[RECV] A
[15:30:18:206]	[RECV] O
[15:30:18:210]	[SEND] STATUS
[15:30:18:262]	[RECV] A
[15:30:18:263]	[RECV] S4150142B
[15:30:18:264]	[OPER] ----- Result : Completed, Description : 
[15:30:18:265]	[OPER] ----- ChangeToFoup -----
[15:30:18:265]	[SEND] RESET
[15:30:18:308]	[RECV] A
[15:30:18:309]	[RECV] O
[15:30:18:313]	[SEND] OC_MODE OFF
[15:30:18:362]	[RECV] A
[15:30:18:363]	[RECV] O
[15:30:18:366]	[SEND] STATUS
[15:30:18:419]	[RECV] A
[15:30:18:420]	[RECV] S4150142B
[15:30:18:422]	[OPER] ----- Result : Completed, Description : 
