[09:47:59:805]	[RECV] C01000000
[10:36:28:685]	[OPER] ----- Initialize -----
[10:36:28:687]	[SEND] RESET
[10:36:28:729]	[RECV] A
[10:36:28:731]	[RECV] O
[10:36:28:738]	[SEND] HOM
[10:36:28:776]	[RECV] A
[10:36:46:007]	[RECV] O
[10:36:46:010]	[SEND] STATUS
[10:36:46:062]	[RECV] A
[10:36:46:063]	[RECV] S4150142B
[10:36:46:064]	[OPER] ----- Result : Completed, Description : 
[10:36:46:065]	[OPER] ----- ChangeToFoup -----
[10:36:46:065]	[SEND] RESET
[10:36:46:107]	[RECV] A
[10:36:46:108]	[RECV] O
[10:36:46:112]	[SEND] OC_MODE OFF
[10:36:46:160]	[RECV] A
[10:36:46:161]	[RECV] O
[10:36:46:164]	[SEND] STATUS
[10:36:46:216]	[RECV] A
[10:36:46:217]	[RECV] S4150142B
[10:36:46:218]	[OPER] ----- Result : Completed, Description : 
[10:42:11:016]	[RECV] C01000000
[10:49:27:915]	[OPER] ----- Initialize -----
[10:49:27:915]	[SEND] RESET
[10:49:27:957]	[RECV] A
[10:49:27:958]	[RECV] O
[10:49:27:962]	[SEND] HOM
[10:49:28:000]	[RECV] A
[10:49:45:921]	[RECV] O
[10:49:45:925]	[SEND] STATUS
[10:49:45:977]	[RECV] A
[10:49:45:978]	[RECV] S4150142B
[10:49:45:979]	[OPER] ----- Result : Completed, Description : 
[10:49:45:980]	[OPER] ----- ChangeToFoup -----
[10:49:45:980]	[SEND] RESET
[10:49:46:023]	[RECV] A
[10:49:46:024]	[RECV] O
[10:49:46:028]	[SEND] OC_MODE OFF
[10:49:46:077]	[RECV] A
[10:49:46:078]	[RECV] O
[10:49:46:082]	[SEND] STATUS
[10:49:46:134]	[RECV] A
[10:49:46:135]	[RECV] S4150142B
[10:49:46:137]	[OPER] ----- Result : Completed, Description : 
[10:51:40:006]	[RECV] C01000000
[11:46:38:801]	[RECV] C00010000
[11:46:38:809]	[RECV] C00000020
[11:58:22:312]	[OPER] ----- Initialize -----
[11:58:22:314]	[SEND] RESET
[11:58:22:356]	[RECV] A
[11:58:22:357]	[RECV] O
[11:58:22:362]	[SEND] HOM
[11:58:22:400]	[RECV] A
[11:58:40:139]	[RECV] O
[11:58:40:142]	[SEND] STATUS
[11:58:40:194]	[RECV] A
[11:58:40:195]	[RECV] S4150142B
[11:58:40:196]	[OPER] ----- Result : Completed, Description : 
[11:58:40:197]	[OPER] ----- ChangeToFoup -----
[11:58:40:197]	[SEND] RESET
[11:58:40:240]	[RECV] A
[11:58:40:241]	[RECV] O
[11:58:40:245]	[SEND] OC_MODE OFF
[11:58:40:294]	[RECV] A
[11:58:40:295]	[RECV] O
[11:58:40:299]	[SEND] STATUS
[11:58:40:350]	[RECV] A
[11:58:40:351]	[RECV] S4150142B
[11:58:40:353]	[OPER] ----- Result : Completed, Description : 
[13:47:52:794]	[RECV] C01000000
[14:13:43:199]	[OPER] ----- Initialize -----
[14:13:43:199]	[SEND] RESET
[14:13:43:241]	[RECV] A
[14:13:43:242]	[RECV] O
[14:13:43:245]	[SEND] HOM
[14:13:43:283]	[RECV] A
[14:14:00:508]	[RECV] O
[14:14:00:512]	[SEND] STATUS
[14:14:00:564]	[RECV] A
[14:14:00:565]	[RECV] S4150142B
[14:14:00:566]	[OPER] ----- Result : Completed, Description : 
[14:14:00:567]	[OPER] ----- ChangeToFoup -----
[14:14:00:567]	[SEND] RESET
[14:14:00:610]	[RECV] A
[14:14:00:611]	[RECV] O
[14:14:00:615]	[SEND] OC_MODE OFF
[14:14:00:663]	[RECV] A
[14:14:00:664]	[RECV] O
[14:14:00:668]	[SEND] STATUS
[14:14:00:719]	[RECV] A
[14:14:00:720]	[RECV] S4150142B
[14:14:00:722]	[OPER] ----- Result : Completed, Description : 
[14:16:23:757]	[OPER] ----- Initialize -----
[14:16:23:757]	[SEND] RESET
[14:16:23:799]	[RECV] A
[14:16:23:800]	[RECV] O
[14:16:23:803]	[SEND] HOM
[14:16:23:842]	[RECV] A
[14:16:41:064]	[RECV] O
[14:16:41:067]	[SEND] STATUS
[14:16:41:119]	[RECV] A
[14:16:41:120]	[RECV] S4150142B
[14:16:41:121]	[OPER] ----- Result : Completed, Description : 
[14:16:41:122]	[OPER] ----- ChangeToFoup -----
[14:16:41:122]	[SEND] RESET
[14:16:41:165]	[RECV] A
[14:16:41:166]	[RECV] O
[14:16:41:170]	[SEND] OC_MODE OFF
[14:16:41:219]	[RECV] A
[14:16:41:220]	[RECV] O
[14:16:41:224]	[SEND] STATUS
[14:16:41:275]	[RECV] A
[14:16:41:276]	[RECV] S4150142B
[14:16:41:277]	[OPER] ----- Result : Completed, Description : 
[14:45:45:421]	[OPER] ----- Initialize -----
[14:45:45:423]	[SEND] RESET
[14:45:45:464]	[RECV] A
[14:45:45:466]	[RECV] O
[14:45:45:472]	[SEND] HOM
[14:45:45:511]	[RECV] A
[14:46:02:733]	[RECV] O
[14:46:02:736]	[SEND] STATUS
[14:46:02:788]	[RECV] A
[14:46:02:789]	[RECV] S4150142B
[14:46:02:790]	[OPER] ----- Result : Completed, Description : 
[14:46:02:791]	[OPER] ----- ChangeToFoup -----
[14:46:02:791]	[SEND] RESET
[14:46:02:833]	[RECV] A
[14:46:02:834]	[RECV] O
[14:46:02:837]	[SEND] OC_MODE OFF
[14:46:02:885]	[RECV] A
[14:46:02:886]	[RECV] O
[14:46:02:889]	[SEND] STATUS
[14:46:02:942]	[RECV] A
[14:46:02:943]	[RECV] S4150142B
[14:46:02:945]	[OPER] ----- Result : Completed, Description : 
[15:19:27:710]	[OPER] ----- Initialize -----
[15:19:27:712]	[SEND] RESET
[15:19:27:754]	[RECV] A
[15:19:27:755]	[RECV] O
[15:19:27:760]	[SEND] HOM
[15:19:27:798]	[RECV] A
[15:19:45:070]	[RECV] O
[15:19:45:074]	[SEND] STATUS
[15:19:45:126]	[RECV] A
[15:19:45:127]	[RECV] S4150142B
[15:19:45:128]	[OPER] ----- Result : Completed, Description : 
[15:19:45:129]	[OPER] ----- ChangeToFoup -----
[15:19:45:129]	[SEND] RESET
[15:19:45:170]	[RECV] A
[15:19:45:171]	[RECV] O
[15:19:45:175]	[SEND] OC_MODE OFF
[15:19:45:223]	[RECV] A
[15:19:45:224]	[RECV] O
[15:19:45:227]	[SEND] STATUS
[15:19:45:278]	[RECV] A
[15:19:45:279]	[RECV] S4150142B
[15:19:45:281]	[OPER] ----- Result : Completed, Description : 
[15:20:29:976]	[OPER] ----- Initialize -----
[15:20:29:978]	[SEND] RESET
[15:20:30:019]	[RECV] A
[15:20:30:021]	[RECV] O
[15:20:30:027]	[SEND] HOM
[15:20:30:064]	[RECV] A
[15:20:47:338]	[RECV] O
[15:20:47:341]	[SEND] STATUS
[15:20:47:393]	[RECV] A
[15:20:47:394]	[RECV] S4150142B
[15:20:47:395]	[OPER] ----- Result : Completed, Description : 
[15:20:47:396]	[OPER] ----- ChangeToFoup -----
[15:20:47:396]	[SEND] RESET
[15:20:47:438]	[RECV] A
[15:20:47:439]	[RECV] O
[15:20:47:442]	[SEND] OC_MODE OFF
[15:20:47:490]	[RECV] A
[15:20:47:491]	[RECV] O
[15:20:47:495]	[SEND] STATUS
[15:20:47:547]	[RECV] A
[15:20:47:548]	[RECV] S4150142B
[15:20:47:549]	[OPER] ----- Result : Completed, Description : 
[15:34:23:690]	[OPER] ----- Initialize -----
[15:34:23:690]	[SEND] RESET
[15:34:23:733]	[RECV] A
[15:34:23:734]	[RECV] O
[15:34:23:738]	[SEND] HOM
[15:34:23:775]	[RECV] A
[15:34:41:060]	[RECV] O
[15:34:41:063]	[SEND] STATUS
[15:34:41:115]	[RECV] A
[15:34:41:116]	[RECV] S4150142B
[15:34:41:117]	[OPER] ----- Result : Completed, Description : 
[15:34:41:118]	[OPER] ----- ChangeToFoup -----
[15:34:41:118]	[SEND] RESET
[15:34:41:160]	[RECV] A
[15:34:41:161]	[RECV] O
[15:34:41:164]	[SEND] OC_MODE OFF
[15:34:41:214]	[RECV] A
[15:34:41:215]	[RECV] O
[15:34:41:218]	[SEND] STATUS
[15:34:41:270]	[RECV] A
[15:34:41:271]	[RECV] S4150142B
[15:34:41:273]	[OPER] ----- Result : Completed, Description : 
[15:48:00:256]	[OPER] ----- Initialize -----
[15:48:00:258]	[SEND] RESET
[15:48:00:300]	[RECV] A
[15:48:00:302]	[RECV] O
[15:48:00:308]	[SEND] HOM
[15:48:00:346]	[RECV] A
[15:48:17:665]	[RECV] O
[15:48:17:668]	[SEND] STATUS
[15:48:17:720]	[RECV] A
[15:48:17:721]	[RECV] S4150142B
[15:48:17:723]	[OPER] ----- Result : Completed, Description : 
[15:48:17:724]	[OPER] ----- ChangeToFoup -----
[15:48:17:724]	[SEND] RESET
[15:48:17:766]	[RECV] A
[15:48:17:767]	[RECV] O
[15:48:17:770]	[SEND] OC_MODE OFF
[15:48:17:820]	[RECV] A
[15:48:17:821]	[RECV] O
[15:48:17:824]	[SEND] STATUS
[15:48:17:875]	[RECV] A
[15:48:17:876]	[RECV] S4150142B
[15:48:17:878]	[OPER] ----- Result : Completed, Description : 
[17:34:06:675]	[OPER] ----- Initialize -----
[17:34:06:677]	[SEND] RESET
[17:34:06:721]	[RECV] A
[17:34:06:723]	[RECV] O
[17:34:06:729]	[SEND] HOM
[17:34:06:769]	[RECV] A
[17:34:23:998]	[RECV] O
[17:34:24:001]	[SEND] STATUS
[17:34:24:054]	[RECV] A
[17:34:24:055]	[RECV] S4150142B
[17:34:24:056]	[OPER] ----- Result : Completed, Description : 
[17:34:24:057]	[OPER] ----- ChangeToFoup -----
[17:34:24:057]	[SEND] RESET
[17:34:24:100]	[RECV] A
[17:34:24:101]	[RECV] O
[17:34:24:105]	[SEND] OC_MODE OFF
[17:34:24:154]	[RECV] A
[17:34:24:155]	[RECV] O
[17:34:24:159]	[SEND] STATUS
[17:34:24:210]	[RECV] A
[17:34:24:211]	[RECV] S4150142B
[17:34:24:212]	[OPER] ----- Result : Completed, Description : 
[17:40:09:689]	[OPER] ----- Initialize -----
[17:40:09:691]	[SEND] RESET
[17:40:09:733]	[RECV] A
[17:40:09:735]	[RECV] O
[17:40:09:741]	[SEND] HOM
[17:40:09:779]	[RECV] A
[17:40:26:999]	[RECV] O
[17:40:27:002]	[SEND] STATUS
[17:40:27:054]	[RECV] A
[17:40:27:055]	[RECV] S4150142B
[17:40:27:056]	[OPER] ----- Result : Completed, Description : 
[17:40:27:057]	[OPER] ----- ChangeToFoup -----
[17:40:27:057]	[SEND] RESET
[17:40:27:099]	[RECV] A
[17:40:27:100]	[RECV] O
[17:40:27:103]	[SEND] OC_MODE OFF
[17:40:27:153]	[RECV] A
[17:40:27:154]	[RECV] O
[17:40:27:157]	[SEND] STATUS
[17:40:27:207]	[RECV] A
[17:40:27:208]	[RECV] S4150142B
[17:40:27:210]	[OPER] ----- Result : Completed, Description : 
[17:43:20:938]	[OPER] ----- Initialize -----
[17:43:20:940]	[SEND] RESET
[17:43:20:983]	[RECV] A
[17:43:20:985]	[RECV] O
[17:43:20:992]	[SEND] HOM
[17:43:21:031]	[RECV] A
[17:43:38:250]	[RECV] O
[17:43:38:253]	[SEND] STATUS
[17:43:38:305]	[RECV] A
[17:43:38:306]	[RECV] S4150142B
[17:43:38:307]	[OPER] ----- Result : Completed, Description : 
[17:43:38:308]	[OPER] ----- ChangeToFoup -----
[17:43:38:308]	[SEND] RESET
[17:43:38:350]	[RECV] A
[17:43:38:351]	[RECV] O
[17:43:38:354]	[SEND] OC_MODE OFF
[17:43:38:403]	[RECV] A
[17:43:38:404]	[RECV] O
[17:43:38:407]	[SEND] STATUS
[17:43:38:459]	[RECV] A
[17:43:38:460]	[RECV] S4150142B
[17:43:38:461]	[OPER] ----- Result : Completed, Description : 
[18:41:10:975]	[OPER] ----- Initialize -----
[18:41:10:975]	[SEND] RESET
[18:41:11:018]	[RECV] A
[18:41:11:019]	[RECV] O
[18:41:11:022]	[SEND] HOM
[18:41:11:061]	[RECV] A
[18:41:28:293]	[RECV] O
[18:41:28:296]	[SEND] STATUS
[18:41:28:349]	[RECV] A
[18:41:28:350]	[RECV] S4150142B
[18:41:28:351]	[OPER] ----- Result : Completed, Description : 
[18:41:28:352]	[OPER] ----- ChangeToFoup -----
[18:41:28:352]	[SEND] RESET
[18:41:28:395]	[RECV] A
[18:41:28:396]	[RECV] O
[18:41:28:400]	[SEND] OC_MODE OFF
[18:41:28:448]	[RECV] A
[18:41:28:449]	[RECV] O
[18:41:28:453]	[SEND] STATUS
[18:41:28:505]	[RECV] A
[18:41:28:506]	[RECV] S4150142B
[18:41:28:508]	[OPER] ----- Result : Completed, Description : 
[18:55:16:623]	[RECV] C01000000
[18:57:26:845]	[OPER] ----- Initialize -----
[18:57:26:845]	[SEND] RESET
[18:57:26:888]	[RECV] A
[18:57:26:889]	[RECV] O
[18:57:26:893]	[SEND] HOM
[18:57:26:931]	[RECV] A
[18:57:44:158]	[RECV] O
[18:57:44:161]	[SEND] STATUS
[18:57:44:214]	[RECV] A
[18:57:44:215]	[RECV] S4150142B
[18:57:44:217]	[OPER] ----- Result : Completed, Description : 
[18:57:44:218]	[OPER] ----- ChangeToFoup -----
[18:57:44:218]	[SEND] RESET
[18:57:44:260]	[RECV] A
[18:57:44:261]	[RECV] O
[18:57:44:265]	[SEND] OC_MODE OFF
[18:57:44:313]	[RECV] A
[18:57:44:314]	[RECV] O
[18:57:44:317]	[SEND] STATUS
[18:57:44:368]	[RECV] A
[18:57:44:369]	[RECV] S4150142B
[18:57:44:371]	[OPER] ----- Result : Completed, Description : 
