[00:29:10:509]	[OPER] ----- Initialize -----
[00:29:10:511]	[SEND] RESET
[00:29:10:556]	[RECV] A
[00:29:10:558]	[RECV] O
[00:29:10:564]	[SEND] HOM
[00:29:10:601]	[RECV] A
[00:29:27:917]	[RECV] O
[00:29:27:921]	[SEND] STATUS
[00:29:27:971]	[RECV] A
[00:29:27:972]	[RECV] S4150142B
[00:29:27:974]	[OPER] ----- Result : Completed, Description : 
[00:29:27:975]	[OPER] ----- ChangeToFoup -----
[00:29:27:975]	[SEND] RESET
[00:29:28:018]	[RECV] A
[00:29:28:019]	[RECV] O
[00:29:28:023]	[SEND] OC_MODE OFF
[00:29:28:071]	[RECV] A
[00:29:28:072]	[RECV] O
[00:29:28:075]	[SEND] STATUS
[00:29:28:126]	[RECV] A
[00:29:28:127]	[RECV] S4150142B
[00:29:28:129]	[OPER] ----- Result : Completed, Description : 
[00:43:25:152]	[OPER] ----- Initialize -----
[00:43:25:154]	[SEND] RESET
[00:43:25:199]	[RECV] A
[00:43:25:201]	[RECV] O
[00:43:25:208]	[SEND] HOM
[00:43:25:246]	[RECV] A
[00:43:42:544]	[RECV] O
[00:43:42:547]	[SEND] STATUS
[00:43:42:599]	[RECV] A
[00:43:42:600]	[RECV] S4150142B
[00:43:42:601]	[OPER] ----- Result : Completed, Description : 
[00:43:42:602]	[OPER] ----- ChangeToFoup -----
[00:43:42:602]	[SEND] RESET
[00:43:42:646]	[RECV] A
[00:43:42:647]	[RECV] O
[00:43:42:650]	[SEND] OC_MODE OFF
[00:43:42:700]	[RECV] A
[00:43:42:701]	[RECV] O
[00:43:42:704]	[SEND] STATUS
[00:43:42:755]	[RECV] A
[00:43:42:756]	[RECV] S4150142B
[00:43:42:758]	[OPER] ----- Result : Completed, Description : 
[00:47:38:410]	[OPER] ----- Initialize -----
[00:47:38:412]	[SEND] RESET
[00:47:38:454]	[RECV] A
[00:47:38:456]	[RECV] O
[00:47:38:463]	[SEND] HOM
[00:47:38:501]	[RECV] A
[00:47:55:798]	[RECV] O
[00:47:55:802]	[SEND] STATUS
[00:47:55:855]	[RECV] A
[00:47:55:856]	[RECV] S4150142B
[00:47:55:858]	[OPER] ----- Result : Completed, Description : 
[00:47:55:859]	[OPER] ----- ChangeToFoup -----
[00:47:55:859]	[SEND] RESET
[00:47:55:900]	[RECV] A
[00:47:55:901]	[RECV] O
[00:47:55:904]	[SEND] OC_MODE OFF
[00:47:55:952]	[RECV] A
[00:47:55:953]	[RECV] O
[00:47:55:956]	[SEND] STATUS
[00:47:56:008]	[RECV] A
[00:47:56:009]	[RECV] S4150142B
[00:47:56:011]	[OPER] ----- Result : Completed, Description : 
[00:59:43:483]	[OPER] ----- Initialize -----
[00:59:43:485]	[SEND] RESET
[00:59:43:528]	[RECV] A
[00:59:43:530]	[RECV] O
[00:59:43:537]	[SEND] HOM
[00:59:43:576]	[RECV] A
[01:00:00:873]	[RECV] O
[01:00:00:877]	[SEND] STATUS
[01:00:00:927]	[RECV] A
[01:00:00:928]	[RECV] S4150142B
[01:00:00:929]	[OPER] ----- Result : Completed, Description : 
[01:00:00:930]	[OPER] ----- ChangeToFoup -----
[01:00:00:930]	[SEND] RESET
[01:00:00:973]	[RECV] A
[01:00:00:974]	[RECV] O
[01:00:00:978]	[SEND] OC_MODE OFF
[01:00:01:025]	[RECV] A
[01:00:01:026]	[RECV] O
[01:00:01:029]	[SEND] STATUS
[01:00:01:080]	[RECV] A
[01:00:01:081]	[RECV] S4150142B
[01:00:01:083]	[OPER] ----- Result : Completed, Description : 
[01:06:56:382]	[RECV] C01000000
[01:55:20:663]	[OPER] ----- Initialize -----
[01:55:20:665]	[SEND] RESET
[01:55:20:709]	[RECV] A
[01:55:20:711]	[RECV] O
[01:55:20:717]	[SEND] HOM
[01:55:20:756]	[RECV] A
[01:55:38:060]	[RECV] O
[01:55:38:064]	[SEND] STATUS
[01:55:38:114]	[RECV] A
[01:55:38:115]	[RECV] S4150142B
[01:55:38:117]	[OPER] ----- Result : Completed, Description : 
[01:55:38:118]	[OPER] ----- ChangeToFoup -----
[01:55:38:118]	[SEND] RESET
[01:55:38:161]	[RECV] A
[01:55:38:162]	[RECV] O
[01:55:38:166]	[SEND] OC_MODE OFF
[01:55:38:216]	[RECV] A
[01:55:38:217]	[RECV] O
[01:55:38:220]	[SEND] STATUS
[01:55:38:273]	[RECV] A
[01:55:38:274]	[RECV] S4150142B
[01:55:38:276]	[OPER] ----- Result : Completed, Description : 
[10:19:36:415]	[RECV] C01000000
[19:56:57:822]	[OPER] ----- Initialize -----
[19:56:57:824]	[SEND] RESET
[19:56:57:866]	[RECV] A
[19:56:57:868]	[RECV] O
[19:56:57:875]	[SEND] HOM
[19:56:57:915]	[RECV] A
[19:57:15:748]	[RECV] O
[19:57:15:752]	[SEND] STATUS
[19:57:15:804]	[RECV] A
[19:57:15:805]	[RECV] S4150142B
[19:57:15:806]	[OPER] ----- Result : Completed, Description : 
[19:57:15:807]	[OPER] ----- ChangeToFoup -----
[19:57:15:807]	[SEND] RESET
[19:57:15:851]	[RECV] A
[19:57:15:852]	[RECV] O
[19:57:15:856]	[SEND] OC_MODE OFF
[19:57:15:904]	[RECV] A
[19:57:15:905]	[RECV] O
[19:57:15:909]	[SEND] STATUS
[19:57:15:961]	[RECV] A
[19:57:15:962]	[RECV] S4150142B
[19:57:15:963]	[OPER] ----- Result : Completed, Description : 
[19:58:30:825]	[OPER] ----- Unload -----
[19:58:30:825]	[SEND] RESET
[19:58:30:870]	[RECV] A
[19:58:30:871]	[RECV] O
[19:58:30:875]	[SEND] CFG_SLOTS
[19:58:30:923]	[RECV] A
[19:58:30:924]	[RECV] 13
[19:58:30:929]	[SEND] UNLOAD M
[19:58:31:003]	[RECV] A
[19:58:31:004]	[RECV] M00000000,00000000,00000000
[19:58:31:007]	[SEND] STATUS
[19:58:31:059]	[RECV] A
[19:58:31:060]	[RECV] S4150142B
[19:58:31:061]	[OPER] ----- Result : Completed, Description : 
