[11:01:09:501]	[OPER] ----- Initialize -----
[11:01:09:503]	[SEND] RESET
[11:01:09:547]	[RECV] A
[11:01:09:549]	[RECV] O
[11:01:09:556]	[SEND] HOM
[11:01:09:594]	[RECV] A
[11:01:26:813]	[RECV] O
[11:01:26:816]	[SEND] STATUS
[11:01:26:867]	[RECV] A
[11:01:26:868]	[RECV] S4150142B
[11:01:26:870]	[OPER] ----- Result : Completed, Description : 
[11:01:26:871]	[OPER] ----- ChangeToFoup -----
[11:01:26:871]	[SEND] RESET
[11:01:26:914]	[RECV] A
[11:01:26:915]	[RECV] O
[11:01:26:919]	[SEND] OC_MODE OFF
[11:01:26:968]	[RECV] A
[11:01:26:969]	[RECV] O
[11:01:26:973]	[SEND] STATUS
[11:01:27:025]	[RECV] A
[11:01:27:026]	[RECV] S4150142B
[11:01:27:027]	[OPER] ----- Result : Completed, Description : 
[16:30:45:258]	[OPER] ----- Initialize -----
[16:30:45:260]	[SEND] RESET
[16:30:45:302]	[RECV] A
[16:30:45:304]	[RECV] O
[16:30:45:312]	[SEND] HOM
[16:30:45:350]	[RECV] A
[16:31:03:080]	[RECV] O
[16:38:08:908]	[RECV] C01000000
[16:42:04:266]	[OPER] ----- Initialize -----
[16:42:04:266]	[SEND] RESET
[16:42:04:308]	[RECV] A
[16:42:04:309]	[RECV] O
[16:42:04:312]	[SEND] HOM
[16:42:04:350]	[RECV] A
[16:42:21:575]	[RECV] O
[16:42:21:577]	[SEND] STATUS
[16:42:21:630]	[RECV] A
[16:42:21:631]	[RECV] S4150142B
[16:42:21:633]	[OPER] ----- Result : Completed, Description : 
[16:42:21:634]	[OPER] ----- ChangeToFoup -----
[16:42:21:634]	[SEND] RESET
[16:42:21:677]	[RECV] A
[16:42:21:678]	[RECV] O
[16:42:21:682]	[SEND] OC_MODE OFF
[16:42:21:731]	[RECV] A
[16:42:21:732]	[RECV] O
[16:42:21:736]	[SEND] STATUS
[16:42:21:788]	[RECV] A
[16:42:21:789]	[RECV] S4150142B
[16:42:21:791]	[OPER] ----- Result : Completed, Description : 
[16:45:36:184]	[OPER] ----- Initialize -----
[16:45:36:186]	[SEND] RESET
[16:45:36:230]	[RECV] A
[16:45:36:232]	[RECV] O
[16:45:36:238]	[SEND] HOM
[16:45:36:276]	[RECV] A
[16:45:53:502]	[RECV] O
[16:45:53:505]	[SEND] STATUS
[16:45:53:556]	[RECV] A
[16:45:53:557]	[RECV] S4150142B
[16:45:53:559]	[OPER] ----- Result : Completed, Description : 
[16:45:53:560]	[OPER] ----- ChangeToFoup -----
[16:45:53:560]	[SEND] RESET
[16:45:53:603]	[RECV] A
[16:45:53:604]	[RECV] O
[16:45:53:608]	[SEND] OC_MODE OFF
[16:45:53:657]	[RECV] A
[16:45:53:658]	[RECV] O
[16:45:53:662]	[SEND] STATUS
[16:45:53:714]	[RECV] A
[16:45:53:715]	[RECV] S4150142B
[16:45:53:717]	[OPER] ----- Result : Completed, Description : 
[16:46:32:433]	[OPER] ----- Unload -----
[16:46:32:433]	[SEND] RESET
[16:46:32:477]	[RECV] A
[16:46:32:478]	[RECV] O
[16:46:32:481]	[SEND] CFG_SLOTS
[16:46:32:531]	[RECV] A
[16:46:32:532]	[RECV] 13
[16:46:32:535]	[SEND] UNLOAD M
[16:46:32:609]	[RECV] A
[16:46:32:610]	[RECV] M00000000,00000000,00000000
[16:46:32:613]	[SEND] STATUS
[16:46:32:666]	[RECV] A
[16:46:32:667]	[RECV] S4150142B
[16:46:32:669]	[OPER] ----- Result : Completed, Description : 
[16:47:20:242]	[OPER] ----- Unload -----
[16:47:20:242]	[SEND] RESET
[16:47:20:288]	[RECV] A
[16:47:20:289]	[RECV] O
[16:47:20:292]	[SEND] CFG_SLOTS
[16:47:20:341]	[RECV] A
[16:47:20:342]	[RECV] 13
[16:47:20:347]	[SEND] UNLOAD M
[16:47:20:421]	[RECV] A
[16:47:20:423]	[RECV] M00000000,00000000,00000000
[16:47:20:427]	[SEND] STATUS
[16:47:20:480]	[RECV] A
[16:47:20:481]	[RECV] S4150142B
[16:47:20:483]	[OPER] ----- Result : Completed, Description : 
[16:51:27:835]	[OPER] ----- Unload -----
[16:51:27:835]	[SEND] RESET
[16:51:27:879]	[RECV] A
[16:51:27:884]	[RECV] O
[16:51:27:887]	[SEND] CFG_SLOTS
[16:51:27:935]	[RECV] A
[16:51:27:936]	[RECV] 13
[16:51:27:939]	[SEND] UNLOAD M
[16:51:28:014]	[RECV] A
[16:51:28:015]	[RECV] M00000000,00000000,00000000
[16:51:28:018]	[SEND] STATUS
[16:51:28:070]	[RECV] A
[16:51:28:071]	[RECV] S4150142B
[16:51:28:072]	[OPER] ----- Result : Completed, Description : 
[16:53:47:680]	[OPER] ----- Initialize -----
[16:53:47:682]	[SEND] RESET
[16:53:47:724]	[RECV] A
[16:53:47:726]	[RECV] O
[16:53:47:732]	[SEND] HOM
[16:53:47:769]	[RECV] A
[16:54:04:985]	[RECV] O
[16:54:04:989]	[SEND] STATUS
[16:54:05:041]	[RECV] A
[16:54:05:042]	[RECV] S4150142B
[16:54:05:043]	[OPER] ----- Result : Completed, Description : 
[16:54:05:044]	[OPER] ----- ChangeToFoup -----
[16:54:05:044]	[SEND] RESET
[16:54:05:087]	[RECV] A
[16:54:05:088]	[RECV] O
[16:54:05:092]	[SEND] OC_MODE OFF
[16:54:05:141]	[RECV] A
[16:54:05:142]	[RECV] O
[16:54:05:145]	[SEND] STATUS
[16:54:05:197]	[RECV] A
[16:54:05:198]	[RECV] S4150142B
[16:54:05:199]	[OPER] ----- Result : Completed, Description : 
[16:55:35:452]	[OPER] ----- Unload -----
[16:55:35:452]	[SEND] RESET
[16:55:35:496]	[RECV] A
[16:55:35:497]	[RECV] O
[16:55:35:501]	[SEND] CFG_SLOTS
[16:55:35:551]	[RECV] A
[16:55:35:552]	[RECV] 13
[16:55:35:556]	[SEND] UNLOAD M
[16:55:35:630]	[RECV] A
[16:55:35:631]	[RECV] M00000000,00000000,00000000
[16:55:35:634]	[SEND] STATUS
[16:55:35:686]	[RECV] A
[16:55:35:687]	[RECV] S4150142B
[16:55:35:688]	[OPER] ----- Result : Completed, Description : 
[16:56:25:976]	[OPER] ----- Unload -----
[16:56:25:976]	[SEND] RESET
[16:56:26:019]	[RECV] A
[16:56:26:020]	[RECV] O
[16:56:26:024]	[SEND] CFG_SLOTS
[16:56:26:072]	[RECV] A
[16:56:26:073]	[RECV] 13
[16:56:26:077]	[SEND] UNLOAD M
[16:56:26:152]	[RECV] A
[16:56:26:153]	[RECV] M00000000,00000000,00000000
[16:56:26:157]	[SEND] STATUS
[16:56:26:209]	[RECV] A
[16:56:26:210]	[RECV] S4150142B
[16:56:26:211]	[OPER] ----- Result : Completed, Description : 
[16:57:19:536]	[OPER] ----- Unload -----
[16:57:19:536]	[SEND] RESET
[16:57:19:579]	[RECV] A
[16:57:19:580]	[RECV] O
[16:57:19:584]	[SEND] CFG_SLOTS
[16:57:19:641]	[RECV] A
[16:57:19:642]	[RECV] 13
[16:57:19:645]	[SEND] UNLOAD M
[16:57:19:718]	[RECV] A
[16:57:19:719]	[RECV] M00000000,00000000,00000000
[16:57:19:722]	[SEND] STATUS
[16:57:19:775]	[RECV] A
[16:57:19:776]	[RECV] S4150142B
[16:57:19:777]	[OPER] ----- Result : Completed, Description : 
[16:58:33:469]	[OPER] ----- Unload -----
[16:58:33:469]	[SEND] RESET
[16:58:33:523]	[RECV] A
[16:58:33:524]	[RECV] O
[16:58:33:527]	[SEND] CFG_SLOTS
[16:58:33:578]	[RECV] A
[16:58:33:579]	[RECV] 13
[16:58:33:583]	[SEND] UNLOAD M
[16:58:33:658]	[RECV] A
[16:58:33:659]	[RECV] M00000000,00000000,00000000
[16:58:33:663]	[SEND] STATUS
[16:58:33:715]	[RECV] A
[16:58:33:716]	[RECV] S4150142B
[16:58:33:718]	[OPER] ----- Result : Completed, Description : 
[17:02:16:320]	[OPER] ----- Initialize -----
[17:02:16:322]	[SEND] RESET
[17:02:16:365]	[RECV] A
[17:02:16:367]	[RECV] O
[17:02:16:374]	[SEND] HOM
[17:02:16:413]	[RECV] A
[17:02:33:629]	[RECV] O
[17:02:33:632]	[SEND] STATUS
[17:02:33:685]	[RECV] A
[17:02:33:686]	[RECV] S4150142B
[17:02:33:687]	[OPER] ----- Result : Completed, Description : 
[17:02:33:688]	[OPER] ----- ChangeToFoup -----
[17:02:33:688]	[SEND] RESET
[17:02:33:731]	[RECV] A
[17:02:33:732]	[RECV] O
[17:02:33:736]	[SEND] OC_MODE OFF
[17:02:33:784]	[RECV] A
[17:02:33:785]	[RECV] O
[17:02:33:788]	[SEND] STATUS
[17:02:33:840]	[RECV] A
[17:02:33:841]	[RECV] S4150142B
[17:02:33:842]	[OPER] ----- Result : Completed, Description : 
[17:06:30:897]	[OPER] ----- Initialize -----
[17:06:30:899]	[SEND] RESET
[17:06:30:942]	[RECV] A
[17:06:30:944]	[RECV] O
[17:06:30:951]	[SEND] HOM
[17:06:30:991]	[RECV] A
[17:06:48:215]	[RECV] O
[17:06:48:219]	[SEND] STATUS
[17:06:48:270]	[RECV] A
[17:06:48:271]	[RECV] S4150142B
[17:06:48:272]	[OPER] ----- Result : Completed, Description : 
[17:06:48:273]	[OPER] ----- ChangeToFoup -----
[17:06:48:273]	[SEND] RESET
[17:06:48:315]	[RECV] A
[17:06:48:316]	[RECV] O
[17:06:48:319]	[SEND] OC_MODE OFF
[17:06:48:368]	[RECV] A
[17:06:48:369]	[RECV] O
[17:06:48:372]	[SEND] STATUS
[17:06:48:423]	[RECV] A
[17:06:48:424]	[RECV] S4150142B
[17:06:48:426]	[OPER] ----- Result : Completed, Description : 
[17:08:25:930]	[OPER] ----- Unload -----
[17:08:25:930]	[SEND] RESET
[17:08:25:974]	[RECV] A
[17:08:25:975]	[RECV] O
[17:08:25:979]	[SEND] CFG_SLOTS
[17:08:26:032]	[RECV] A
[17:08:26:033]	[RECV] 13
[17:08:26:036]	[SEND] UNLOAD M
[17:08:26:116]	[RECV] A
[17:08:26:117]	[RECV] M00000000,00000000,00000000
[17:08:26:121]	[SEND] STATUS
[17:08:26:174]	[RECV] A
[17:08:26:175]	[RECV] S4150142B
[17:08:26:177]	[OPER] ----- Result : Completed, Description : 
[17:09:51:097]	[OPER] ----- Initialize -----
[17:09:51:099]	[SEND] RESET
[17:09:51:143]	[RECV] A
[17:09:51:146]	[RECV] O
[17:09:51:153]	[SEND] HOM
[17:09:51:191]	[RECV] A
[17:10:08:395]	[RECV] O
[17:10:08:399]	[SEND] STATUS
[17:10:08:452]	[RECV] A
[17:10:08:453]	[RECV] S4150142B
[17:10:08:454]	[OPER] ----- Result : Completed, Description : 
[17:10:08:455]	[OPER] ----- ChangeToFoup -----
[17:10:08:455]	[SEND] RESET
[17:10:08:499]	[RECV] A
[17:10:08:500]	[RECV] O
[17:10:08:503]	[SEND] OC_MODE OFF
[17:10:08:553]	[RECV] A
[17:10:08:554]	[RECV] O
[17:10:08:557]	[SEND] STATUS
[17:10:08:608]	[RECV] A
[17:10:08:609]	[RECV] S4150142B
[17:10:08:611]	[OPER] ----- Result : Completed, Description : 
[17:13:27:341]	[OPER] ----- Initialize -----
[17:13:27:343]	[SEND] RESET
[17:13:27:386]	[RECV] A
[17:13:27:388]	[RECV] O
[17:13:27:395]	[SEND] HOM
[17:13:27:434]	[RECV] A
[17:13:44:647]	[RECV] O
[17:13:44:651]	[SEND] STATUS
[17:13:44:704]	[RECV] A
[17:13:44:705]	[RECV] S4150142B
[17:13:44:707]	[OPER] ----- Result : Completed, Description : 
[17:13:44:708]	[OPER] ----- ChangeToFoup -----
[17:13:44:708]	[SEND] RESET
[17:13:44:750]	[RECV] A
[17:13:44:751]	[RECV] O
[17:13:44:754]	[SEND] OC_MODE OFF
[17:13:44:803]	[RECV] A
[17:13:44:804]	[RECV] O
[17:13:44:808]	[SEND] STATUS
[17:13:44:858]	[RECV] A
[17:13:44:859]	[RECV] S4150142B
[17:13:44:861]	[OPER] ----- Result : Completed, Description : 
[17:14:21:412]	[OPER] ----- Unload -----
[17:14:21:412]	[SEND] RESET
[17:14:21:455]	[RECV] A
[17:14:21:456]	[RECV] O
[17:14:21:460]	[SEND] CFG_SLOTS
[17:14:21:508]	[RECV] A
[17:14:21:509]	[RECV] 13
[17:14:21:513]	[SEND] UNLOAD M
[17:14:21:587]	[RECV] A
[17:14:21:588]	[RECV] M00000000,00000000,00000000
[17:14:21:591]	[SEND] STATUS
[17:14:21:643]	[RECV] A
[17:14:21:644]	[RECV] S4150142B
[17:14:21:645]	[OPER] ----- Result : Completed, Description : 
[17:16:37:014]	[OPER] ----- Unload -----
[17:16:37:014]	[SEND] RESET
[17:16:37:057]	[RECV] A
[17:16:37:058]	[RECV] O
[17:16:37:061]	[SEND] CFG_SLOTS
[17:16:37:109]	[RECV] A
[17:16:37:110]	[RECV] 13
[17:16:37:113]	[SEND] UNLOAD M
[17:16:37:187]	[RECV] A
[17:16:37:188]	[RECV] M00000000,00000000,00000000
[17:16:37:191]	[SEND] STATUS
[17:16:37:243]	[RECV] A
[17:16:37:244]	[RECV] S4150142B
[17:16:37:245]	[OPER] ----- Result : Completed, Description : 
[17:17:46:971]	[OPER] ----- Unload -----
[17:17:46:971]	[SEND] RESET
[17:17:47:013]	[RECV] A
[17:17:47:014]	[RECV] O
[17:17:47:018]	[SEND] CFG_SLOTS
[17:17:47:065]	[RECV] A
[17:17:47:066]	[RECV] 13
[17:17:47:070]	[SEND] UNLOAD M
[17:17:47:143]	[RECV] A
[17:17:47:144]	[RECV] M00000000,00000000,00000000
[17:17:47:148]	[SEND] STATUS
[17:17:47:200]	[RECV] A
[17:17:47:201]	[RECV] S4150142B
[17:17:47:202]	[OPER] ----- Result : Completed, Description : 
[17:22:50:764]	[OPER] ----- Unload -----
[17:22:50:764]	[SEND] RESET
[17:22:50:807]	[RECV] A
[17:22:50:808]	[RECV] O
[17:22:50:811]	[SEND] CFG_SLOTS
[17:22:50:863]	[RECV] A
[17:22:50:864]	[RECV] 13
[17:22:50:867]	[SEND] UNLOAD M
[17:22:50:941]	[RECV] A
[17:22:50:942]	[RECV] M00000000,00000000,00000000
[17:22:50:945]	[SEND] STATUS
[17:22:50:996]	[RECV] A
[17:22:50:997]	[RECV] S4150142B
[17:22:50:999]	[OPER] ----- Result : Completed, Description : 
[17:23:44:800]	[OPER] ----- Unload -----
[17:23:44:800]	[SEND] RESET
[17:23:44:844]	[RECV] A
[17:23:44:845]	[RECV] O
[17:23:44:849]	[SEND] CFG_SLOTS
[17:23:44:897]	[RECV] A
[17:23:44:898]	[RECV] 13
[17:23:44:902]	[SEND] UNLOAD M
[17:23:44:976]	[RECV] A
[17:23:44:977]	[RECV] M00000000,00000000,00000000
[17:23:44:980]	[SEND] STATUS
[17:23:45:031]	[RECV] A
[17:23:45:032]	[RECV] S4150142B
[17:23:45:034]	[OPER] ----- Result : Completed, Description : 
[17:25:25:404]	[OPER] ----- Unload -----
[17:25:25:404]	[SEND] RESET
[17:25:25:447]	[RECV] A
[17:25:25:448]	[RECV] O
[17:25:25:452]	[SEND] CFG_SLOTS
[17:25:25:500]	[RECV] A
[17:25:25:501]	[RECV] 13
[17:25:25:504]	[SEND] UNLOAD M
[17:25:25:579]	[RECV] A
[17:25:25:580]	[RECV] M00000000,00000000,00000000
[17:25:25:583]	[SEND] STATUS
[17:25:30:809]	[RECV] A
[17:25:30:810]	[RECV] S4150142B
[17:25:30:811]	[OPER] ----- Result : Completed, Description : 
[17:27:23:135]	[OPER] ----- Unload -----
[17:27:23:135]	[SEND] RESET
[17:27:23:179]	[RECV] A
[17:27:23:180]	[RECV] O
[17:27:23:183]	[SEND] CFG_SLOTS
[17:27:23:232]	[RECV] A
[17:27:23:233]	[RECV] 13
[17:27:23:237]	[SEND] UNLOAD M
[17:27:23:313]	[RECV] A
[17:27:23:314]	[RECV] M00000000,00000000,00000000
[17:27:31:601]	[SEND] STATUS
[17:27:56:358]	[OPER] ----- Result : Timeout, Description : 
[17:28:21:355]	[RECV] A
[17:28:51:563]	[RECV] S4150142B
[17:32:56:618]	[OPER] ----- Unload -----
[17:32:56:618]	[SEND] RESET
[17:33:27:336]	[OPER] ----- Result : Timeout, Description : 
[17:33:27:337]	[RECV] A
[17:33:27:339]	[RECV] O
[17:34:48:847]	[OPER] ----- Initialize -----
[17:34:48:847]	[SEND] RESET
[17:34:48:889]	[RECV] A
[17:34:48:890]	[RECV] O
[17:34:48:893]	[SEND] HOM
[17:34:48:933]	[RECV] A
[17:35:06:156]	[RECV] O
[17:35:06:159]	[SEND] STATUS
[17:35:06:212]	[RECV] A
[17:35:06:213]	[RECV] S4150142B
[17:35:06:215]	[OPER] ----- Result : Completed, Description : 
[17:35:06:216]	[OPER] ----- ChangeToFoup -----
[17:35:06:216]	[SEND] RESET
[17:35:06:259]	[RECV] A
[17:35:06:260]	[RECV] O
[17:35:06:264]	[SEND] OC_MODE OFF
[17:35:06:313]	[RECV] A
[17:35:06:314]	[RECV] O
[17:35:06:318]	[SEND] STATUS
[17:35:06:368]	[RECV] A
[17:35:06:369]	[RECV] S4150142B
[17:35:06:370]	[OPER] ----- Result : Completed, Description : 
[17:36:54:990]	[OPER] ----- Initialize -----
[17:36:54:992]	[SEND] RESET
[17:36:55:035]	[RECV] A
[17:36:55:037]	[RECV] O
[17:36:55:045]	[SEND] HOM
[17:36:55:084]	[RECV] A
[17:37:12:309]	[RECV] O
[17:37:12:313]	[SEND] STATUS
[17:37:12:364]	[RECV] A
[17:37:12:365]	[RECV] S4150142B
[17:37:12:367]	[OPER] ----- Result : Completed, Description : 
[17:37:12:368]	[OPER] ----- ChangeToFoup -----
[17:37:12:368]	[SEND] RESET
[17:37:12:412]	[RECV] A
[17:37:12:413]	[RECV] O
[17:37:12:416]	[SEND] OC_MODE OFF
[17:37:12:464]	[RECV] A
[17:37:12:465]	[RECV] O
[17:37:12:468]	[SEND] STATUS
[17:37:12:519]	[RECV] A
[17:37:12:520]	[RECV] S4150142B
[17:37:12:521]	[OPER] ----- Result : Completed, Description : 
[17:37:50:663]	[OPER] ----- Unload -----
[17:37:50:663]	[SEND] RESET
[17:37:50:706]	[RECV] A
[17:37:50:707]	[RECV] O
[17:37:50:710]	[SEND] CFG_SLOTS
[17:37:50:758]	[RECV] A
[17:37:50:759]	[RECV] 13
[17:37:50:762]	[SEND] UNLOAD M
[17:37:50:836]	[RECV] A
[17:37:50:837]	[RECV] M00000000,00000000,00000000
[17:37:50:841]	[SEND] STATUS
[17:37:50:893]	[RECV] A
[17:37:50:894]	[RECV] S4150142B
[17:37:50:895]	[OPER] ----- Result : Completed, Description : 
[17:38:18:370]	[OPER] ----- Unload -----
[17:38:18:370]	[SEND] RESET
[17:38:18:413]	[RECV] A
[17:38:18:414]	[RECV] O
[17:38:18:418]	[SEND] CFG_SLOTS
[17:38:18:466]	[RECV] A
[17:38:18:467]	[RECV] 13
[17:38:18:470]	[SEND] UNLOAD M
[17:38:18:544]	[RECV] A
[17:38:18:545]	[RECV] M00000000,00000000,00000000
[17:38:18:549]	[SEND] STATUS
[17:38:18:600]	[RECV] A
[17:38:18:601]	[RECV] S4150142B
[17:38:18:602]	[OPER] ----- Result : Completed, Description : 
[17:39:47:259]	[OPER] ----- Unload -----
[17:39:47:259]	[SEND] RESET
[17:39:47:303]	[RECV] A
[17:39:47:304]	[RECV] O
[17:39:47:307]	[SEND] CFG_SLOTS
[17:39:47:357]	[RECV] A
[17:39:47:358]	[RECV] 13
[17:39:47:361]	[SEND] UNLOAD M
[17:39:47:434]	[RECV] A
[17:39:47:435]	[RECV] M00000000,00000000,00000000
[17:39:47:438]	[SEND] STATUS
[17:39:47:490]	[RECV] A
[17:39:47:491]	[RECV] S4150142B
[17:39:47:492]	[OPER] ----- Result : Completed, Description : 
[17:42:37:429]	[OPER] ----- Unload -----
[17:42:37:429]	[SEND] RESET
[17:42:37:476]	[RECV] A
[17:42:37:477]	[RECV] O
[17:42:37:481]	[SEND] CFG_SLOTS
[17:42:37:530]	[RECV] A
[17:42:37:531]	[RECV] 13
[17:42:37:535]	[SEND] UNLOAD M
[17:42:37:610]	[RECV] A
[17:42:37:611]	[RECV] M00000000,00000000,00000000
[17:42:37:614]	[SEND] STATUS
[17:42:37:667]	[RECV] A
[17:42:37:668]	[RECV] S4150142B
[17:42:37:670]	[OPER] ----- Result : Completed, Description : 
[17:43:56:303]	[OPER] ----- Unload -----
[17:43:56:303]	[SEND] RESET
[17:43:56:347]	[RECV] A
[17:43:56:348]	[RECV] O
[17:43:56:352]	[SEND] CFG_SLOTS
[17:43:56:401]	[RECV] A
[17:43:56:402]	[RECV] 13
[17:43:56:406]	[SEND] UNLOAD M
[17:43:56:481]	[RECV] A
[17:43:56:482]	[RECV] M00000000,00000000,00000000
[17:43:56:486]	[SEND] STATUS
[17:43:56:539]	[RECV] A
[17:43:56:540]	[RECV] S4150142B
[17:43:56:541]	[OPER] ----- Result : Completed, Description : 
[17:44:32:396]	[OPER] ----- Unload -----
[17:44:32:396]	[SEND] RESET
[17:44:32:439]	[RECV] A
[17:44:32:440]	[RECV] O
[17:44:32:443]	[SEND] CFG_SLOTS
[17:44:32:491]	[RECV] A
[17:44:32:492]	[RECV] 13
[17:44:32:495]	[SEND] UNLOAD M
[17:44:32:570]	[RECV] A
[17:44:32:571]	[RECV] M00000000,00000000,00000000
[17:44:32:575]	[SEND] STATUS
[17:44:32:627]	[RECV] A
[17:44:32:628]	[RECV] S4150142B
[17:44:32:630]	[OPER] ----- Result : Completed, Description : 
[17:46:20:711]	[OPER] ----- Unload -----
[17:46:20:711]	[SEND] RESET
[17:46:20:754]	[RECV] A
[17:46:20:755]	[RECV] O
[17:46:20:758]	[SEND] CFG_SLOTS
[17:46:20:805]	[RECV] A
[17:46:20:806]	[RECV] 13
[17:46:20:810]	[SEND] UNLOAD M
[17:46:20:884]	[RECV] A
[17:46:20:885]	[RECV] M00000000,00000000,00000000
[17:46:20:889]	[SEND] STATUS
[17:46:20:944]	[RECV] A
[17:46:20:945]	[RECV] S4150142B
[17:46:20:947]	[OPER] ----- Result : Completed, Description : 
[17:50:02:798]	[OPER] ----- Initialize -----
[17:50:02:800]	[SEND] RESET
[17:50:02:843]	[RECV] A
[17:50:02:846]	[RECV] O
[17:50:02:852]	[SEND] HOM
[17:50:02:891]	[RECV] A
[17:50:20:110]	[RECV] O
[17:50:20:114]	[SEND] STATUS
[17:50:20:166]	[RECV] A
[17:50:20:167]	[RECV] S4150142B
[17:50:20:168]	[OPER] ----- Result : Completed, Description : 
[17:50:20:169]	[OPER] ----- ChangeToFoup -----
[17:50:20:169]	[SEND] RESET
[17:50:20:211]	[RECV] A
[17:50:20:212]	[RECV] O
[17:50:20:215]	[SEND] OC_MODE OFF
[17:50:20:263]	[RECV] A
[17:50:20:264]	[RECV] O
[17:50:20:267]	[SEND] STATUS
[17:50:20:320]	[RECV] A
[17:50:20:321]	[RECV] S4150142B
[17:50:20:323]	[OPER] ----- Result : Completed, Description : 
[17:51:25:077]	[OPER] ----- Unload -----
[17:51:25:077]	[SEND] RESET
[17:51:25:121]	[RECV] A
[17:51:25:123]	[RECV] O
[17:51:25:127]	[SEND] CFG_SLOTS
[17:51:25:175]	[RECV] A
[17:51:25:176]	[RECV] 13
[17:51:25:180]	[SEND] UNLOAD M
[17:51:25:253]	[RECV] A
[17:51:25:254]	[RECV] M00000000,00000000,00000000
[17:51:25:258]	[SEND] STATUS
[17:51:25:310]	[RECV] A
[17:51:25:311]	[RECV] S4150142B
[17:51:25:312]	[OPER] ----- Result : Completed, Description : 
