[11:25:48:424]	[OPER] ----- Initialize -----
[11:25:48:424]	[SEND] RESET
[11:25:48:467]	[RECV] A
[11:25:48:468]	[RECV] O
[11:25:48:472]	[SEND] HOM
[11:25:48:510]	[RECV] A
[11:26:05:745]	[RECV] O
[11:26:05:749]	[SEND] STATUS
[11:26:05:801]	[RECV] A
[11:26:05:802]	[RECV] S4150142B
[11:26:05:803]	[OPER] ----- Result : Completed, Description : 
[11:26:05:804]	[OPER] ----- ChangeToFoup -----
[11:26:05:804]	[SEND] RESET
[11:26:05:847]	[RECV] A
[11:26:05:848]	[RECV] O
[11:26:05:852]	[SEND] OC_MODE OFF
[11:26:05:901]	[RECV] A
[11:26:05:902]	[RECV] O
[11:26:05:906]	[SEND] STATUS
[11:26:05:957]	[RECV] A
[11:26:05:958]	[RECV] S4150142B
[11:26:05:960]	[OPER] ----- Result : Completed, Description : 
[11:29:00:288]	[OPER] ----- Initialize -----
[11:29:00:288]	[SEND] RESET
[11:29:00:331]	[RECV] A
[11:29:00:332]	[RECV] O
[11:29:00:335]	[SEND] HOM
[11:29:00:373]	[RECV] A
[11:29:17:586]	[RECV] O
[11:29:17:589]	[SEND] STATUS
[11:29:17:641]	[RECV] A
[11:29:17:642]	[RECV] S4150142B
[11:29:17:643]	[OPER] ----- Result : Completed, Description : 
[11:29:17:644]	[OPER] ----- ChangeToFoup -----
[11:29:17:644]	[SEND] RESET
[11:29:17:688]	[RECV] A
[11:29:17:689]	[RECV] O
[11:29:17:693]	[SEND] OC_MODE OFF
[11:29:17:742]	[RECV] A
[11:29:17:743]	[RECV] O
[11:29:17:747]	[SEND] STATUS
[11:29:17:799]	[RECV] A
[11:29:17:800]	[RECV] S4150142B
[11:29:17:801]	[OPER] ----- Result : Completed, Description : 
[11:35:09:673]	[OPER] ----- Initialize -----
[11:35:09:675]	[SEND] RESET
[11:35:09:718]	[RECV] A
[11:35:09:720]	[RECV] O
[11:35:09:726]	[SEND] HOM
[11:35:09:763]	[RECV] A
[11:35:26:992]	[RECV] O
[11:35:26:995]	[SEND] STATUS
[11:35:27:047]	[RECV] A
[11:35:27:048]	[RECV] S4150142B
[11:35:27:049]	[OPER] ----- Result : Completed, Description : 
[11:35:27:050]	[OPER] ----- ChangeToFoup -----
[11:35:27:050]	[SEND] RESET
[11:35:27:093]	[RECV] A
[11:35:27:094]	[RECV] O
[11:35:27:098]	[SEND] OC_MODE OFF
[11:35:27:147]	[RECV] A
[11:35:27:148]	[RECV] O
[11:35:27:150]	[SEND] STATUS
[11:35:27:202]	[RECV] A
[11:35:27:203]	[RECV] S4150142B
[11:35:27:205]	[OPER] ----- Result : Completed, Description : 
