[16:15:53:564]	[OPER] Start> Initialize
[16:15:53:565]	[SEND] RESET
[16:15:53:608]	[RECV] A
[16:15:53:610]	[RECV] O
[16:15:53:616]	[SEND] HOM
[16:15:53:655]	[RECV] A
[16:16:10:874]	[RECV] O
[16:16:10:878]	[SEND] STATUS
[16:16:10:930]	[RECV] A
[16:16:10:931]	[RECV] S4150142B
[16:16:10:932]	[OPER] End> Initialize, Result : Completed
[16:16:10:933]	[OPER] Start> ChangeToFoup
[16:16:10:933]	[SEND] RESET
[16:16:10:975]	[RECV] A
[16:16:10:976]	[RECV] O
[16:16:10:979]	[SEND] OC_MODE OFF
[16:16:11:026]	[RECV] A
[16:16:11:027]	[RECV] O
[16:16:11:031]	[SEND] STATUS
[16:16:11:085]	[RECV] A
[16:16:11:086]	[RECV] S4150142B
[16:16:11:087]	[OPER] End> ChangeToFoup, Result : Completed
[16:42:36:233]	[OPER] Start> Unload
[16:42:36:233]	[SEND] RESET
[16:42:36:277]	[RECV] A
[16:42:36:278]	[RECV] O
[16:42:36:281]	[SEND] CFG_SLOTS
[16:42:36:330]	[RECV] A
[16:42:36:331]	[RECV] 13
[16:42:36:335]	[SEND] UNLOAD M
[16:42:36:411]	[RECV] A
[16:42:36:412]	[RECV] M00000000,00000000,00000000
[16:42:36:415]	[SEND] STATUS
[16:42:36:468]	[RECV] A
[16:42:36:469]	[RECV] S4150142B
[16:42:36:471]	[OPER] End> Unload, Result : Completed
[16:45:06:326]	[OPER] Start> Initialize
[16:45:06:328]	[SEND] RESET
[16:45:06:372]	[RECV] A
[16:45:06:374]	[RECV] O
[16:45:06:381]	[SEND] HOM
[16:45:06:418]	[RECV] A
[16:45:23:634]	[RECV] O
[16:45:23:637]	[SEND] STATUS
[16:45:23:690]	[RECV] A
[16:45:23:691]	[RECV] S4150142B
[16:45:23:693]	[OPER] End> Initialize, Result : Completed
[16:45:23:694]	[OPER] Start> ChangeToFoup
[16:45:23:694]	[SEND] RESET
[16:45:23:738]	[RECV] A
[16:45:23:739]	[RECV] O
[16:45:23:742]	[SEND] OC_MODE OFF
[16:45:23:790]	[RECV] A
[16:45:23:791]	[RECV] O
[16:45:23:794]	[SEND] STATUS
[16:45:23:846]	[RECV] A
[16:45:23:847]	[RECV] S4150142B
[16:45:23:848]	[OPER] End> ChangeToFoup, Result : Completed
