[10:06:51:153]	[RECV] C00000002
[10:32:30:859]	[RECV] C00000010
[10:38:13:142]	[RECV] C00000020
[10:38:40:134]	[RECV] C00000010
[10:41:52:905]	[RECV] C00000001
[10:42:13:169]	[RECV] M00000000,00000000,00000000
[10:42:26:290]	[RECV] C00020000
[10:50:28:822]	[RECV] C00000020
[10:52:55:456]	[RECV] C00000010
[10:54:23:039]	[RECV] M00000000,00000000,00000000
[10:55:10:177]	[RECV] C00000002
[11:53:03:206]	[RECV] C00000020
[11:53:32:911]	[RECV] C00000100
[11:53:52:770]	[RECV] C00000200
[12:03:07:220]	[RECV] C00000010
[12:03:12:037]	[RECV] C00000001
[12:03:29:648]	[RECV] M0000154F,00000000,00000000
[12:08:13:509]	[RECV] C00000020
[12:08:58:966]	[RECV] C00000010
[12:09:36:758]	[RECV] M00000AAA,00000000,00000000
[12:14:42:449]	[RECV] C00000002
[12:15:04:802]	[RECV] C00000020
[12:29:12:717]	[RECV] C00000100
[12:29:32:566]	[RECV] C00000200
[12:39:49:242]	[RECV] C00000001
[12:40:12:101]	[RECV] C00000002
[14:04:47:735]	[RECV] C00000010
[14:05:45:821]	[OPER] ----- Initialize -----
[14:05:45:824]	[SEND] RESET
[14:05:45:866]	[RECV] A
[14:05:45:867]	[RECV] O
[14:05:45:872]	[SEND] HOM
[14:05:45:910]	[RECV] A
[14:06:03:111]	[RECV] O
[14:06:03:114]	[SEND] STATUS
[14:06:03:166]	[RECV] A
[14:06:03:167]	[RECV] S7150142B
[14:06:03:168]	[OPER] ----- Result : Completed, Description : 
[14:06:03:169]	[OPER] ----- ChangeToFoup -----
[14:06:03:169]	[SEND] RESET
[14:06:03:211]	[RECV] A
[14:06:03:212]	[RECV] O
[14:06:03:216]	[SEND] OC_MODE OFF
[14:06:03:264]	[RECV] A
[14:06:03:265]	[RECV] O
[14:06:03:268]	[SEND] STATUS
[14:06:03:320]	[RECV] A
[14:06:03:321]	[RECV] S7150142B
[14:06:03:322]	[OPER] ----- Result : Completed, Description : 
[14:06:26:991]	[RECV] C00000020
[14:06:39:768]	[RECV] C00000010
[14:06:51:985]	[RECV] C01000000
[14:07:54:281]	[RECV] C00000001
[14:08:34:065]	[RECV] M0000154F,00000000,00000000
[14:08:37:634]	[RECV] C01000000
[14:22:28:853]	[RECV] C00000002
[14:22:28:854]	[RECV] C00000001
[14:23:06:964]	[RECV] C00000020
[14:23:14:428]	[RECV] C00000002
[14:23:23:776]	[RECV] C00000001
[14:23:23:777]	[RECV] C00000002
[14:23:23:796]	[RECV] C00000001
[14:23:50:220]	[RECV] C00000002
[15:09:38:216]	[OPER] ----- Initialize -----
[15:09:38:216]	[SEND] RESET
[15:09:38:258]	[RECV] A
[15:09:38:259]	[RECV] O
[15:09:38:417]	[SEND] HOM
[15:09:38:455]	[RECV] A
[15:09:55:659]	[RECV] O
[15:09:55:845]	[SEND] STATUS
[15:09:55:895]	[RECV] A
[15:09:55:896]	[RECV] S4150142B
[15:09:55:945]	[OPER] ----- Result : Completed, Description : 
[15:10:00:059]	[OPER] ----- ChangeToCassette -----
[15:10:00:059]	[SEND] RESET
[15:10:00:102]	[RECV] A
[15:10:00:103]	[RECV] O
[15:10:00:107]	[SEND] OC_MODE ON
[15:10:00:152]	[RECV] A
[15:10:03:223]	[RECV] O
[15:10:03:226]	[SEND] STATUS
[15:10:03:278]	[RECV] A
[15:10:03:279]	[RECV] S4350142B
[15:10:03:280]	[OPER] ----- Result : Completed, Description : 
[16:03:49:306]	[RECV] C00000010
[16:03:56:466]	[RECV] C00000001
[16:04:11:818]	[RECV] M00000AAA,00000000,00000000
[17:47:58:489]	[RECV] C00000002
[17:50:24:290]	[OPER] ----- Initialize -----
[17:50:24:290]	[SEND] RESET
[17:50:24:331]	[RECV] A
[17:50:24:332]	[RECV] O
[17:50:24:492]	[SEND] HOM
[17:50:24:530]	[RECV] A
[17:50:35:691]	[RECV] O
[17:50:35:692]	[RECV] C00000020
[17:50:35:875]	[SEND] STATUS
[17:50:35:926]	[RECV] A
[17:50:35:927]	[RECV] S4350142B
[17:50:35:975]	[OPER] ----- Result : Completed, Description : 
[17:50:46:230]	[OPER] ----- ChangeToCassette -----
[17:50:46:230]	[SEND] RESET
[17:50:46:272]	[RECV] A
[17:50:46:273]	[RECV] O
[17:50:46:276]	[SEND] OC_MODE ON
[17:50:46:323]	[RECV] A
[17:50:46:324]	[RECV] O
[17:50:46:328]	[SEND] STATUS
[17:50:46:379]	[RECV] A
[17:50:46:380]	[RECV] S4350142B
[17:50:46:381]	[OPER] ----- Result : Completed, Description : 
[17:50:48:849]	[OPER] ----- ChangeToFoup -----
[17:50:48:849]	[SEND] RESET
[17:50:48:892]	[RECV] A
[17:50:48:893]	[RECV] O
[17:50:48:897]	[SEND] OC_MODE OFF
[17:50:48:943]	[RECV] A
[17:50:51:603]	[RECV] O
[17:50:51:606]	[SEND] STATUS
[17:50:51:657]	[RECV] A
[17:50:51:658]	[RECV] S4150142B
[17:50:51:660]	[OPER] ----- Result : Completed, Description : 
[17:52:16:209]	[OPER] ----- Initialize -----
[17:52:16:209]	[SEND] RESET
[17:52:16:251]	[RECV] A
[17:52:16:252]	[RECV] O
[17:52:16:255]	[SEND] HOM
[17:52:16:294]	[RECV] A
[17:52:33:471]	[RECV] O
[17:52:33:474]	[SEND] STATUS
[17:52:33:529]	[RECV] A
[17:52:33:530]	[RECV] S4150142B
[17:52:33:532]	[OPER] ----- Result : Completed, Description : 
[17:52:33:533]	[OPER] ----- ChangeToFoup -----
[17:52:33:533]	[SEND] RESET
[17:52:33:575]	[RECV] A
[17:52:33:576]	[RECV] O
[17:52:33:579]	[SEND] OC_MODE OFF
[17:52:33:628]	[RECV] A
[17:52:33:629]	[RECV] O
[17:52:33:632]	[SEND] STATUS
[17:52:33:684]	[RECV] A
[17:52:33:685]	[RECV] S4150142B
[17:52:33:686]	[OPER] ----- Result : Completed, Description : 
[17:57:44:002]	[OPER] ----- Initialize -----
[17:57:44:002]	[SEND] RESET
[17:57:44:044]	[RECV] A
[17:57:44:045]	[RECV] O
[17:57:44:048]	[SEND] HOM
[17:57:44:087]	[RECV] A
[17:58:01:267]	[RECV] O
[17:58:01:270]	[SEND] STATUS
[17:58:01:323]	[RECV] A
[17:58:01:324]	[RECV] S4150142B
[17:58:01:326]	[OPER] ----- Result : Completed, Description : 
[17:58:01:327]	[OPER] ----- ChangeToFoup -----
[17:58:01:327]	[SEND] RESET
[17:58:01:370]	[RECV] A
[17:58:01:371]	[RECV] O
[17:58:01:375]	[SEND] OC_MODE OFF
[17:58:01:423]	[RECV] A
[17:58:01:424]	[RECV] O
[17:58:01:428]	[SEND] STATUS
[17:58:01:480]	[RECV] A
[17:58:01:481]	[RECV] S4150142B
[17:58:01:482]	[OPER] ----- Result : Completed, Description : 
[18:01:31:467]	[OPER] ----- Initialize -----
[18:01:31:467]	[SEND] RESET
[18:01:31:508]	[RECV] A
[18:01:31:509]	[RECV] O
[18:01:31:512]	[SEND] HOM
[18:01:31:550]	[RECV] A
[18:01:48:733]	[RECV] O
[18:01:48:736]	[SEND] STATUS
[18:01:48:787]	[RECV] A
[18:01:48:788]	[RECV] S4150142B
[18:01:48:790]	[OPER] ----- Result : Completed, Description : 
[18:01:48:791]	[OPER] ----- ChangeToFoup -----
[18:01:48:791]	[SEND] RESET
[18:01:48:834]	[RECV] A
[18:01:48:835]	[RECV] O
[18:01:48:839]	[SEND] OC_MODE OFF
[18:01:48:889]	[RECV] A
[18:01:48:890]	[RECV] O
[18:01:48:893]	[SEND] STATUS
[18:01:48:946]	[RECV] A
[18:01:48:947]	[RECV] S4150142B
[18:01:48:948]	[OPER] ----- Result : Completed, Description : 
[18:02:25:693]	[RECV] C01000000
