[17:11:50:979]	[RECV] C01000000
[20:51:44:432]	[OPER] ----- Initialize -----
[20:51:44:434]	[SEND] RESET
[20:51:44:476]	[RECV] A
[20:51:44:478]	[RECV] O
[20:51:44:484]	[SEND] HOM
[20:51:44:523]	[RECV] A
[20:52:02:269]	[RECV] O
[20:52:02:272]	[SEND] STATUS
[20:52:02:326]	[RECV] A
[20:52:02:327]	[RECV] S4150142B
[20:52:02:329]	[OPER] ----- Result : Completed, Description : 
[20:52:02:330]	[OPER] ----- ChangeToFoup -----
[20:52:02:330]	[SEND] RESET
[20:52:02:372]	[RECV] A
[20:52:02:373]	[RECV] O
[20:52:02:376]	[SEND] OC_MODE OFF
[20:52:02:424]	[RECV] A
[20:52:02:425]	[RECV] O
[20:52:02:429]	[SEND] STATUS
[20:52:02:482]	[RECV] A
[20:52:02:483]	[RECV] S4150142B
[20:52:02:484]	[OPER] ----- Result : Completed, Description : 
[20:56:07:308]	[RECV] C01000000
[21:01:49:152]	[OPER] ----- Initialize -----
[21:01:49:152]	[SEND] RESET
[21:01:49:196]	[RECV] A
[21:01:49:197]	[RECV] O
[21:01:49:200]	[SEND] HOM
[21:01:49:238]	[RECV] A
[21:02:06:473]	[RECV] O
[21:02:06:477]	[SEND] STATUS
[21:02:06:528]	[RECV] A
[21:02:06:529]	[RECV] S4150142B
[21:02:06:530]	[OPER] ----- Result : Completed, Description : 
[21:02:06:531]	[OPER] ----- ChangeToFoup -----
[21:02:06:531]	[SEND] RESET
[21:02:06:574]	[RECV] A
[21:02:06:575]	[RECV] O
[21:02:06:579]	[SEND] OC_MODE OFF
[21:02:06:626]	[RECV] A
[21:02:06:627]	[RECV] O
[21:02:06:630]	[SEND] STATUS
[21:02:06:682]	[RECV] A
[21:02:06:683]	[RECV] S4150142B
[21:02:06:685]	[OPER] ----- Result : Completed, Description : 
[21:08:52:849]	[OPER] ----- Initialize -----
[21:08:52:851]	[SEND] RESET
[21:08:52:892]	[RECV] A
[21:08:52:894]	[RECV] O
[21:08:52:900]	[SEND] HOM
[21:08:52:938]	[RECV] A
[21:09:10:140]	[RECV] O
[21:09:10:144]	[SEND] STATUS
[21:09:10:196]	[RECV] A
[21:09:10:197]	[RECV] S4150142B
[21:09:10:198]	[OPER] ----- Result : Completed, Description : 
[21:09:10:199]	[OPER] ----- ChangeToFoup -----
[21:09:10:199]	[SEND] RESET
[21:09:10:242]	[RECV] A
[21:09:10:243]	[RECV] O
[21:09:10:247]	[SEND] OC_MODE OFF
[21:09:10:295]	[RECV] A
[21:09:10:296]	[RECV] O
[21:09:10:300]	[SEND] STATUS
[21:09:10:353]	[RECV] A
[21:09:10:354]	[RECV] S4150142B
[21:09:10:356]	[OPER] ----- Result : Completed, Description : 
[21:12:39:248]	[OPER] ----- Unload -----
[21:12:39:248]	[SEND] RESET
[21:12:39:292]	[RECV] A
[21:12:39:293]	[RECV] O
[21:12:39:297]	[SEND] CFG_SLOTS
[21:12:39:347]	[RECV] A
[21:12:39:348]	[RECV] 13
[21:12:39:351]	[SEND] UNLOAD M
[21:12:39:425]	[RECV] A
[21:12:39:426]	[RECV] M00000000,00000000,00000000
[21:12:39:430]	[SEND] STATUS
[21:12:39:482]	[RECV] A
[21:12:39:483]	[RECV] S4150142B
[21:12:39:484]	[OPER] ----- Result : Completed, Description : 
[21:15:52:290]	[OPER] ----- Initialize -----
[21:15:52:292]	[SEND] RESET
[21:15:52:337]	[RECV] A
[21:15:52:338]	[RECV] O
[21:15:52:343]	[SEND] HOM
[21:15:52:382]	[RECV] A
[21:16:09:597]	[RECV] O
[21:16:09:601]	[SEND] STATUS
[21:16:09:653]	[RECV] A
[21:16:09:654]	[RECV] S4150142B
[21:16:09:655]	[OPER] ----- Result : Completed, Description : 
[21:16:09:656]	[OPER] ----- ChangeToFoup -----
[21:16:09:656]	[SEND] RESET
[21:16:09:699]	[RECV] A
[21:16:09:700]	[RECV] O
[21:16:09:704]	[SEND] OC_MODE OFF
[21:16:09:758]	[RECV] A
[21:16:09:759]	[RECV] O
[21:16:09:762]	[SEND] STATUS
[21:16:09:823]	[RECV] A
[21:16:09:824]	[RECV] S4150142B
[21:16:09:826]	[OPER] ----- Result : Completed, Description : 
[21:17:39:657]	[OPER] ----- Unload -----
[21:17:39:657]	[SEND] RESET
[21:17:39:702]	[RECV] A
[21:17:39:703]	[RECV] O
[21:17:39:706]	[SEND] CFG_SLOTS
[21:17:39:755]	[RECV] A
[21:17:39:756]	[RECV] 13
[21:17:39:759]	[SEND] UNLOAD M
[21:17:39:835]	[RECV] A
[21:17:39:836]	[RECV] M00000000,00000000,00000000
[21:17:39:839]	[SEND] STATUS
[21:17:39:892]	[RECV] A
[21:17:39:893]	[RECV] S4150142B
[21:17:39:894]	[OPER] ----- Result : Completed, Description : 
