[08:35:32:164]	[OPER] Start> Unload
[08:35:32:164]	[SEND] RESET
[08:35:32:209]	[RECV] A
[08:35:32:210]	[RECV] O
[08:35:32:213]	[SEND] CFG_SLOTS
[08:35:32:262]	[RECV] A
[08:35:32:263]	[RECV] 13
[08:35:32:266]	[SEND] UNLOAD M
[08:35:32:339]	[RECV] A
[08:35:32:340]	[RECV] M00000000,00000000,00000000
[08:35:32:343]	[SEND] STATUS
[08:35:32:396]	[RECV] A
[08:35:32:397]	[RECV] S4150142B
[08:35:32:399]	[OPER] End> Unload, Result : Completed
[16:00:14:521]	[OPER] ----- Initialize -----
[16:00:14:523]	[SEND] RESET
[16:00:14:566]	[RECV] A
[16:00:14:567]	[RECV] O
[16:00:14:572]	[SEND] HOM
[16:00:14:611]	[RECV] A
[16:00:32:426]	[RECV] O
[16:00:32:429]	[SEND] STATUS
[16:00:32:481]	[RECV] A
[16:00:32:482]	[RECV] S4150142B
[16:00:32:483]	[OPER] ----- Result : Completed, Description : 
[16:00:32:484]	[OPER] ----- ChangeToFoup -----
[16:00:32:484]	[SEND] RESET
[16:00:32:528]	[RECV] A
[16:00:32:529]	[RECV] O
[16:00:32:533]	[SEND] OC_MODE OFF
[16:00:32:582]	[RECV] A
[16:00:32:583]	[RECV] O
[16:00:32:587]	[SEND] STATUS
[16:00:32:637]	[RECV] A
[16:00:32:638]	[RECV] S4150142B
[16:00:32:639]	[OPER] ----- Result : Completed, Description : 
[16:10:54:851]	[RECV] C00010000
[16:10:54:852]	[RECV] C00000020
[16:18:00:091]	[RECV] C00010000
[16:18:00:092]	[RECV] C00000020
[16:18:43:605]	[RECV] C00010000
[16:18:43:606]	[RECV] C00000020
