[10:00:16:372]	[OPER] ----- Initialize -----
[10:00:16:374]	[SEND] RESET
[10:00:16:424]	[RECV] A
[10:00:16:426]	[RECV] O
[10:00:16:434]	[SEND] HOM
[10:00:16:471]	[RECV] A
[10:00:34:307]	[RECV] O
[10:00:34:311]	[SEND] STATUS
[10:00:34:363]	[RECV] A
[10:00:34:364]	[RECV] S4150142B
[10:00:34:366]	[OPER] ----- Result : Completed, Description : 
[10:00:34:367]	[OPER] ----- ChangeToFoup -----
[10:00:34:367]	[SEND] RESET
[10:00:34:409]	[RECV] A
[10:00:34:410]	[RECV] O
[10:00:34:414]	[SEND] OC_MODE OFF
[10:00:34:462]	[RECV] A
[10:00:34:463]	[RECV] O
[10:00:34:466]	[SEND] STATUS
[10:00:34:518]	[RECV] A
[10:00:34:519]	[RECV] S4150142B
[10:00:34:520]	[OPER] ----- Result : Completed, Description : 
[10:22:19:941]	[OPER] ----- Unload -----
[10:22:19:941]	[SEND] RESET
[10:22:19:983]	[RECV] A
[10:22:19:984]	[RECV] O
[10:22:19:988]	[SEND] CFG_SLOTS
[10:22:20:037]	[RECV] A
[10:22:20:038]	[RECV] 13
[10:22:20:042]	[SEND] UNLOAD M
[10:22:20:117]	[RECV] A
[10:22:20:118]	[RECV] M00000000,00000000,00000000
[10:22:20:121]	[SEND] STATUS
[10:22:20:173]	[RECV] A
[10:22:20:174]	[RECV] S4150142B
[10:22:20:175]	[OPER] ----- Result : Completed, Description : 
[10:29:03:611]	[RECV] C01000000
[17:17:23:439]	[RECV] C00010000
[17:17:23:440]	[RECV] C00000020
[20:54:15:469]	[OPER] ----- Initialize -----
[20:54:15:471]	[SEND] RESET
[20:54:15:514]	[RECV] A
[20:54:15:516]	[RECV] O
[20:54:15:523]	[SEND] HOM
[20:54:15:563]	[RECV] A
[20:54:33:406]	[RECV] O
[20:56:32:823]	[OPER] ----- Initialize -----
[20:56:32:825]	[SEND] RESET
[20:56:32:868]	[RECV] A
[20:56:32:870]	[RECV] O
[20:56:32:876]	[SEND] HOM
[20:56:32:915]	[RECV] A
[20:56:50:212]	[RECV] O
[20:56:50:216]	[SEND] STATUS
[20:56:50:267]	[RECV] A
[20:56:50:268]	[RECV] S4150142B
[20:56:50:270]	[OPER] ----- Result : Completed, Description : 
[20:56:50:271]	[OPER] ----- ChangeToFoup -----
[20:56:50:271]	[SEND] RESET
[20:56:50:314]	[RECV] A
[20:56:50:315]	[RECV] O
[20:56:50:319]	[SEND] OC_MODE OFF
[20:56:50:368]	[RECV] A
[20:56:50:369]	[RECV] O
[20:56:50:373]	[SEND] STATUS
[20:56:50:425]	[RECV] A
[20:56:50:426]	[RECV] S4150142B
[20:56:50:427]	[OPER] ----- Result : Completed, Description : 
[20:57:24:759]	[RECV] C01000000
[21:06:07:229]	[OPER] ----- Initialize -----
[21:06:07:231]	[SEND] RESET
[21:06:07:276]	[RECV] A
[21:06:07:279]	[RECV] O
[21:06:07:285]	[SEND] HOM
[21:06:07:323]	[RECV] A
[21:06:24:637]	[RECV] O
[21:06:24:640]	[SEND] STATUS
[21:06:24:693]	[RECV] A
[21:06:24:694]	[RECV] S4150142B
[21:06:24:696]	[OPER] ----- Result : Completed, Description : 
[21:06:24:697]	[OPER] ----- ChangeToFoup -----
[21:06:24:697]	[SEND] RESET
[21:06:24:740]	[RECV] A
[21:06:24:741]	[RECV] O
[21:06:24:745]	[SEND] OC_MODE OFF
[21:06:24:793]	[RECV] A
[21:06:24:794]	[RECV] O
[21:06:24:798]	[SEND] STATUS
[21:06:24:850]	[RECV] A
[21:06:24:851]	[RECV] S4150142B
[21:06:24:852]	[OPER] ----- Result : Completed, Description : 
[21:06:32:193]	[RECV] C01000000
[21:07:29:614]	[OPER] ----- Initialize -----
[21:07:29:614]	[SEND] RESET
[21:07:29:654]	[RECV] A
[21:07:29:655]	[RECV] O
[21:07:29:659]	[SEND] HOM
[21:07:29:696]	[RECV] A
[21:07:47:004]	[RECV] O
[21:07:47:008]	[SEND] STATUS
[21:07:47:060]	[RECV] A
[21:07:47:061]	[RECV] S4150142B
[21:07:47:062]	[OPER] ----- Result : Completed, Description : 
[21:07:47:063]	[OPER] ----- ChangeToFoup -----
[21:07:47:063]	[SEND] RESET
[21:07:47:107]	[RECV] A
[21:07:47:108]	[RECV] O
[21:07:47:112]	[SEND] OC_MODE OFF
[21:07:47:161]	[RECV] A
[21:07:47:162]	[RECV] O
[21:07:47:166]	[SEND] STATUS
[21:07:47:218]	[RECV] A
[21:07:47:219]	[RECV] S4150142B
[21:07:47:221]	[OPER] ----- Result : Completed, Description : 
[21:08:59:682]	[RECV] C01000000
[21:09:27:124]	[OPER] ----- Initialize -----
[21:09:27:124]	[SEND] RESET
[21:09:27:167]	[RECV] A
[21:09:27:168]	[RECV] O
[21:09:27:172]	[SEND] HOM
[21:09:27:210]	[RECV] A
[21:09:44:529]	[RECV] O
[21:09:44:533]	[SEND] STATUS
[21:09:44:584]	[RECV] A
[21:09:44:585]	[RECV] S4150142B
[21:09:44:587]	[OPER] ----- Result : Completed, Description : 
[21:09:44:588]	[OPER] ----- ChangeToFoup -----
[21:09:44:588]	[SEND] RESET
[21:09:44:631]	[RECV] A
[21:09:44:632]	[RECV] O
[21:09:44:636]	[SEND] OC_MODE OFF
[21:09:44:684]	[RECV] A
[21:09:44:685]	[RECV] O
[21:09:44:689]	[SEND] STATUS
[21:09:44:742]	[RECV] A
[21:09:44:743]	[RECV] S4150142B
[21:09:44:745]	[OPER] ----- Result : Completed, Description : 
