[09:19:59:095]	[OPER] ----- Initialize -----
[09:19:59:101]	[SEND] RESET
[09:19:59:144]	[RECV] A
[09:19:59:146]	[RECV] O
[09:19:59:153]	[SEND] HOM
[09:19:59:192]	[RECV] A
[09:20:16:413]	[RECV] O
[09:20:16:417]	[SEND] STATUS
[09:20:16:468]	[RECV] A
[09:20:16:469]	[RECV] S4150142B
[09:20:16:470]	[OPER] ----- Result : Completed, Description : 
[09:20:16:471]	[OPER] ----- ChangeToFoup -----
[09:20:16:471]	[SEND] RESET
[09:20:16:512]	[RECV] A
[09:20:16:513]	[RECV] O
[09:20:16:517]	[SEND] OC_MODE OFF
[09:20:16:565]	[RECV] A
[09:20:16:566]	[RECV] O
[09:20:16:569]	[SEND] STATUS
[09:20:16:621]	[RECV] A
[09:20:16:622]	[RECV] S4150142B
[09:20:16:623]	[OPER] ----- Result : Completed, Description : 
[14:10:50:668]	[RECV] C01000000
[14:54:32:336]	[OPER] ----- Initialize -----
[14:54:32:336]	[SEND] RESET
[14:54:32:377]	[RECV] A
[14:54:32:378]	[RECV] O
[14:54:32:382]	[SEND] HOM
[14:54:32:422]	[RECV] A
[14:54:49:707]	[RECV] O
[14:54:49:711]	[SEND] STATUS
[14:54:49:763]	[RECV] A
[14:54:49:764]	[RECV] S4150142B
[14:54:49:765]	[OPER] ----- Result : Completed, Description : 
[14:54:49:766]	[OPER] ----- ChangeToFoup -----
[14:54:49:766]	[SEND] RESET
[14:54:49:808]	[RECV] A
[14:54:49:809]	[RECV] O
[14:54:49:812]	[SEND] OC_MODE OFF
[14:54:49:861]	[RECV] A
[14:54:49:862]	[RECV] O
[14:54:49:865]	[SEND] STATUS
[14:54:49:916]	[RECV] A
[14:54:49:917]	[RECV] S4150142B
[14:54:49:919]	[OPER] ----- Result : Completed, Description : 
[14:57:07:742]	[RECV] C01000000
[14:59:36:003]	[OPER] ----- Initialize -----
[14:59:36:005]	[SEND] RESET
[14:59:36:046]	[RECV] A
[14:59:36:048]	[RECV] O
[14:59:36:055]	[SEND] HOM
[14:59:36:091]	[RECV] A
[14:59:53:368]	[RECV] O
[14:59:53:371]	[SEND] STATUS
[14:59:53:423]	[RECV] A
[14:59:53:424]	[RECV] S4150142B
[14:59:53:425]	[OPER] ----- Result : Completed, Description : 
[14:59:53:426]	[OPER] ----- ChangeToFoup -----
[14:59:53:426]	[SEND] RESET
[14:59:53:468]	[RECV] A
[14:59:53:469]	[RECV] O
[14:59:53:472]	[SEND] OC_MODE OFF
[14:59:53:520]	[RECV] A
[14:59:53:521]	[RECV] O
[14:59:53:524]	[SEND] STATUS
[14:59:53:576]	[RECV] A
[14:59:53:577]	[RECV] S4150142B
[14:59:53:578]	[OPER] ----- Result : Completed, Description : 
[15:00:25:001]	[RECV] C01000000
[15:01:15:139]	[OPER] ----- Initialize -----
[15:01:15:139]	[SEND] RESET
[15:01:15:182]	[RECV] A
[15:01:15:183]	[RECV] O
[15:01:15:187]	[SEND] HOM
[15:01:15:226]	[RECV] A
[15:01:32:499]	[RECV] O
[15:01:32:503]	[SEND] STATUS
[15:01:32:556]	[RECV] A
[15:01:32:557]	[RECV] S4150142B
[15:01:32:559]	[OPER] ----- Result : Completed, Description : 
[15:01:32:560]	[OPER] ----- ChangeToFoup -----
[15:01:32:560]	[SEND] RESET
[15:01:32:602]	[RECV] A
[15:01:32:603]	[RECV] O
[15:01:32:606]	[SEND] OC_MODE OFF
[15:01:32:654]	[RECV] A
[15:01:32:655]	[RECV] O
[15:01:32:659]	[SEND] STATUS
[15:01:32:710]	[RECV] A
[15:01:32:711]	[RECV] S4150142B
[15:01:32:712]	[OPER] ----- Result : Completed, Description : 
[15:42:23:395]	[OPER] ----- Initialize -----
[15:42:23:397]	[SEND] RESET
[15:42:23:440]	[RECV] A
[15:42:23:442]	[RECV] O
[15:42:23:449]	[SEND] HOM
[15:42:23:487]	[RECV] A
[15:42:40:742]	[RECV] O
[15:42:40:746]	[SEND] STATUS
[15:42:40:798]	[RECV] A
[15:42:40:799]	[RECV] S4150142B
[15:42:40:800]	[OPER] ----- Result : Completed, Description : 
[15:42:40:801]	[OPER] ----- ChangeToFoup -----
[15:42:40:801]	[SEND] RESET
[15:42:40:844]	[RECV] A
[15:42:40:845]	[RECV] O
[15:42:40:849]	[SEND] OC_MODE OFF
[15:42:40:898]	[RECV] A
[15:42:40:899]	[RECV] O
[15:42:40:903]	[SEND] STATUS
[15:42:40:954]	[RECV] A
[15:42:40:955]	[RECV] S4150142B
[15:42:40:956]	[OPER] ----- Result : Completed, Description : 
[15:44:35:869]	[RECV] C01000000
[15:48:17:243]	[OPER] ----- Initialize -----
[15:48:17:243]	[SEND] RESET
[15:48:17:284]	[RECV] A
[15:48:17:285]	[RECV] O
[15:48:17:289]	[SEND] HOM
[15:48:17:326]	[RECV] A
[15:48:34:596]	[RECV] O
[15:48:34:599]	[SEND] STATUS
[15:48:34:651]	[RECV] A
[15:48:34:652]	[RECV] S4150142B
[15:48:34:653]	[OPER] ----- Result : Completed, Description : 
[15:48:34:654]	[OPER] ----- ChangeToFoup -----
[15:48:34:654]	[SEND] RESET
[15:48:34:695]	[RECV] A
[15:48:34:696]	[RECV] O
[15:48:34:700]	[SEND] OC_MODE OFF
[15:48:34:749]	[RECV] A
[15:48:34:750]	[RECV] O
[15:48:34:754]	[SEND] STATUS
[15:48:34:805]	[RECV] A
[15:48:34:806]	[RECV] S4150142B
[15:48:34:808]	[OPER] ----- Result : Completed, Description : 
[16:05:49:328]	[RECV] C01000000
[16:06:56:038]	[OPER] ----- Initialize -----
[16:06:56:038]	[SEND] RESET
[16:06:56:080]	[RECV] A
[16:06:56:081]	[RECV] O
[16:06:56:084]	[SEND] HOM
[16:06:56:122]	[RECV] A
[16:07:13:350]	[RECV] O
[16:07:13:354]	[SEND] STATUS
[16:07:13:406]	[RECV] A
[16:07:13:407]	[RECV] S4150142B
[16:07:13:408]	[OPER] ----- Result : Completed, Description : 
[16:07:13:409]	[OPER] ----- ChangeToFoup -----
[16:07:13:409]	[SEND] RESET
[16:07:13:451]	[RECV] A
[16:07:13:452]	[RECV] O
[16:07:13:455]	[SEND] OC_MODE OFF
[16:07:13:503]	[RECV] A
[16:07:13:504]	[RECV] O
[16:07:13:508]	[SEND] STATUS
[16:07:13:560]	[RECV] A
[16:07:13:561]	[RECV] S4150142B
[16:07:13:562]	[OPER] ----- Result : Completed, Description : 
[17:02:27:747]	[OPER] ----- Initialize -----
[17:02:27:749]	[SEND] RESET
[17:02:27:790]	[RECV] A
[17:02:27:792]	[RECV] O
[17:02:27:798]	[SEND] HOM
[17:02:27:835]	[RECV] A
[17:02:45:096]	[RECV] O
[17:02:45:099]	[SEND] STATUS
[17:02:45:151]	[RECV] A
[17:02:45:152]	[RECV] S4150142B
[17:02:45:153]	[OPER] ----- Result : Completed, Description : 
[17:02:45:154]	[OPER] ----- ChangeToFoup -----
[17:02:45:154]	[SEND] RESET
[17:02:45:196]	[RECV] A
[17:02:45:197]	[RECV] O
[17:02:45:201]	[SEND] OC_MODE OFF
[17:02:45:249]	[RECV] A
[17:02:45:250]	[RECV] O
[17:02:45:253]	[SEND] STATUS
[17:02:45:305]	[RECV] A
[17:02:45:306]	[RECV] S4150142B
[17:02:45:307]	[OPER] ----- Result : Completed, Description : 
[17:43:22:853]	[OPER] ----- Initialize -----
[17:43:22:855]	[SEND] RESET
[17:43:22:899]	[RECV] A
[17:43:22:900]	[RECV] O
[17:43:22:905]	[SEND] HOM
[17:43:22:943]	[RECV] A
[17:43:40:190]	[RECV] O
[17:43:40:194]	[SEND] STATUS
[17:43:40:246]	[RECV] A
[17:43:40:247]	[RECV] S4150142B
[17:43:40:249]	[OPER] ----- Result : Completed, Description : 
[17:43:40:250]	[OPER] ----- ChangeToFoup -----
[17:43:40:250]	[SEND] RESET
[17:43:40:293]	[RECV] A
[17:43:40:294]	[RECV] O
[17:43:40:298]	[SEND] OC_MODE OFF
[17:43:40:347]	[RECV] A
[17:43:40:348]	[RECV] O
[17:43:40:351]	[SEND] STATUS
[17:43:40:404]	[RECV] A
[17:43:40:405]	[RECV] S4150142B
[17:43:40:407]	[OPER] ----- Result : Completed, Description : 
[17:55:16:570]	[OPER] ----- Initialize -----
[17:55:16:570]	[SEND] RESET
[17:55:16:615]	[RECV] A
[17:55:16:616]	[RECV] O
[17:55:16:620]	[SEND] HOM
[17:55:16:659]	[RECV] A
[17:55:33:893]	[RECV] O
[17:55:33:896]	[SEND] STATUS
[17:55:33:947]	[RECV] A
[17:55:33:948]	[RECV] S4150142B
[17:55:33:949]	[OPER] ----- Result : Completed, Description : 
[17:55:33:950]	[OPER] ----- ChangeToFoup -----
[17:55:33:950]	[SEND] RESET
[17:55:33:994]	[RECV] A
[17:55:33:995]	[RECV] O
[17:55:33:998]	[SEND] OC_MODE OFF
[17:55:34:048]	[RECV] A
[17:55:34:049]	[RECV] O
[17:55:34:052]	[SEND] STATUS
[17:55:34:104]	[RECV] A
[17:55:34:105]	[RECV] S4150142B
[17:55:34:106]	[OPER] ----- Result : Completed, Description : 
[18:01:51:003]	[OPER] ----- Initialize -----
[18:01:51:005]	[SEND] RESET
[18:01:51:046]	[RECV] A
[18:01:51:048]	[RECV] O
[18:01:51:055]	[SEND] HOM
[18:01:51:094]	[RECV] A
[18:02:08:322]	[RECV] O
[18:02:08:325]	[SEND] STATUS
[18:02:08:377]	[RECV] A
[18:02:08:378]	[RECV] S4150142B
[18:02:08:379]	[OPER] ----- Result : Completed, Description : 
[18:02:08:380]	[OPER] ----- ChangeToFoup -----
[18:02:08:380]	[SEND] RESET
[18:02:08:422]	[RECV] A
[18:02:08:423]	[RECV] O
[18:02:08:426]	[SEND] OC_MODE OFF
[18:02:08:473]	[RECV] A
[18:02:08:474]	[RECV] O
[18:02:08:477]	[SEND] STATUS
[18:02:08:528]	[RECV] A
[18:02:08:529]	[RECV] S4150142B
[18:02:08:530]	[OPER] ----- Result : Completed, Description : 
