[01:51:52:588]	[OPER] ----- Initialize -----
[01:51:52:588]	[SEND] RESET
[01:51:52:632]	[RECV] A
[01:51:52:633]	[RECV] O
[01:51:52:636]	[SEND] HOM
[01:51:52:675]	[RECV] A
[01:52:09:987]	[RECV] O
[01:52:09:991]	[SEND] STATUS
[01:52:10:042]	[RECV] A
[01:52:10:043]	[RECV] S4150142B
[01:52:10:044]	[OPER] ----- Result : Completed, Description : 
[01:52:10:045]	[OPER] ----- ChangeToFoup -----
[01:52:10:045]	[SEND] RESET
[01:52:10:086]	[RECV] A
[01:52:10:087]	[RECV] O
[01:52:10:090]	[SEND] OC_MODE OFF
[01:52:10:139]	[RECV] A
[01:52:10:140]	[RECV] O
[01:52:10:144]	[SEND] STATUS
[01:52:10:196]	[RECV] A
[01:52:10:197]	[RECV] S4150142B
[01:52:10:198]	[OPER] ----- Result : Completed, Description : 
[15:59:46:568]	[RECV] C01000000
[16:14:25:930]	[OPER] ----- Initialize -----
[16:14:25:931]	[SEND] RESET
[16:14:25:975]	[RECV] A
[16:14:25:977]	[RECV] O
[16:14:25:984]	[SEND] HOM
[16:14:26:025]	[RECV] A
[16:14:43:384]	[RECV] O
[16:14:43:387]	[SEND] STATUS
[16:14:43:439]	[RECV] A
[16:14:43:440]	[RECV] S4150142B
[16:14:43:441]	[OPER] ----- Result : Completed, Description : 
[16:14:43:442]	[OPER] ----- ChangeToFoup -----
[16:14:43:442]	[SEND] RESET
[16:14:43:485]	[RECV] A
[16:14:43:486]	[RECV] O
[16:14:43:490]	[SEND] OC_MODE OFF
[16:14:43:539]	[RECV] A
[16:14:43:540]	[RECV] O
[16:14:43:543]	[SEND] STATUS
[16:14:43:595]	[RECV] A
[16:14:43:596]	[RECV] S4150142B
[16:14:43:597]	[OPER] ----- Result : Completed, Description : 
