[12:26:15:392]	[RECV] C01000000
[13:40:51:922]	[OPER] ----- Initialize -----
[13:40:51:922]	[SEND] RESET
[13:40:51:966]	[RECV] A
[13:40:51:967]	[RECV] O
[13:40:51:970]	[SEND] HOM
[13:40:52:008]	[RECV] A
[13:41:09:334]	[RECV] O
[13:41:09:337]	[SEND] STATUS
[13:41:09:388]	[RECV] A
[13:41:09:389]	[RECV] S4150142B
[13:41:09:391]	[OPER] ----- Result : Completed, Description : 
[13:41:09:392]	[OPER] ----- ChangeToFoup -----
[13:41:09:392]	[SEND] RESET
[13:41:09:433]	[RECV] A
[13:41:09:434]	[RECV] O
[13:41:09:437]	[SEND] OC_MODE OFF
[13:41:09:486]	[RECV] A
[13:41:09:487]	[RECV] O
[13:41:09:491]	[SEND] STATUS
[13:41:09:542]	[RECV] A
[13:41:09:543]	[RECV] S4150142B
[13:41:09:544]	[OPER] ----- Result : Completed, Description : 
[14:45:21:374]	[RECV] C01000000
[14:56:50:866]	[OPER] ----- Initialize -----
[14:56:50:866]	[SEND] RESET
[14:56:50:908]	[RECV] A
[14:56:50:909]	[RECV] O
[14:56:50:912]	[SEND] HOM
[14:56:50:951]	[RECV] A
[14:57:08:308]	[RECV] O
[14:57:08:311]	[SEND] STATUS
[14:57:08:362]	[RECV] A
[14:57:08:363]	[RECV] S4150142B
[14:57:08:365]	[OPER] ----- Result : Completed, Description : 
[14:57:08:366]	[OPER] ----- ChangeToFoup -----
[14:57:08:366]	[SEND] RESET
[14:57:08:408]	[RECV] A
[14:57:08:409]	[RECV] O
[14:57:08:412]	[SEND] OC_MODE OFF
[14:57:08:461]	[RECV] A
[14:57:08:462]	[RECV] O
[14:57:08:466]	[SEND] STATUS
[14:57:08:518]	[RECV] A
[14:57:08:519]	[RECV] S4150142B
[14:57:08:520]	[OPER] ----- Result : Completed, Description : 
[22:30:03:258]	[OPER] ----- Initialize -----
[22:30:03:260]	[SEND] RESET
[22:30:03:301]	[RECV] A
[22:30:03:303]	[RECV] O
[22:30:03:310]	[SEND] HOM
[22:30:03:347]	[RECV] A
[22:30:21:199]	[RECV] O
[22:30:21:202]	[SEND] STATUS
[22:30:21:254]	[RECV] A
[22:30:21:255]	[RECV] S4150142B
[22:30:21:256]	[OPER] ----- Result : Completed, Description : 
[22:30:21:257]	[OPER] ----- ChangeToFoup -----
[22:30:21:257]	[SEND] RESET
[22:30:21:299]	[RECV] A
[22:30:21:300]	[RECV] O
[22:30:21:303]	[SEND] OC_MODE OFF
[22:30:21:351]	[RECV] A
[22:30:21:352]	[RECV] O
[22:30:21:355]	[SEND] STATUS
[22:30:21:407]	[RECV] A
[22:30:21:408]	[RECV] S4150142B
[22:30:21:409]	[OPER] ----- Result : Completed, Description : 
[22:47:06:395]	[RECV] C01000000
