[10:21:46:828]	[OPER] ----- FindLoadingMode -----
[10:21:46:829]	[OPER] ----- Result : Completed, Description : 
[10:21:46:832]	[OPER] ----- ChangeToCassette -----
[10:21:47:829]	[OPER] ----- Result : Completed, Description : 
[10:21:47:831]	[OPER] ----- Initialize -----
[10:21:48:832]	[OPER] ----- Result : Completed, Description : 
[10:21:54:434]	[OPER] ----- ChangeAccessModeToManual -----
[10:21:55:436]	[OPER] ----- Result : Completed, Description : 
[10:22:01:163]	[OPER] ----- ChangeAccessModeToAuto -----
[10:22:02:164]	[OPER] ----- Result : Completed, Description : 
[10:22:21:450]	[OPER] ----- ChangeAccessModeToAuto -----
[10:22:22:450]	[OPER] ----- Result : Completed, Description : 
[10:22:27:253]	[OPER] ----- ChangeAccessModeToManual -----
[10:22:28:254]	[OPER] ----- Result : Completed, Description : 
[11:22:45:739]	[OPER] ----- FindLoadingMode -----
[11:22:45:740]	[OPER] ----- Result : Completed, Description : 
[11:22:45:743]	[OPER] ----- ChangeToCassette -----
[11:22:46:741]	[OPER] ----- Result : Completed, Description : 
[11:22:46:741]	[OPER] ----- Initialize -----
[11:22:47:742]	[OPER] ----- Result : Completed, Description : 
[11:23:00:479]	[OPER] ----- ChangeAccessModeToManual -----
[11:23:01:480]	[OPER] ----- Result : Completed, Description : 
[11:23:08:294]	[OPER] ----- ChangeAccessModeToAuto -----
[11:23:09:295]	[OPER] ----- Result : Completed, Description : 
[11:25:49:099]	[OPER] ----- FindLoadingMode -----
[11:25:49:101]	[OPER] ----- Result : Completed, Description : 
[11:25:49:105]	[OPER] ----- ChangeToCassette -----
[11:25:50:102]	[OPER] ----- Result : Completed, Description : 
[11:25:50:103]	[OPER] ----- Initialize -----
[11:25:51:103]	[OPER] ----- Result : Completed, Description : 
[11:26:00:569]	[OPER] ----- ChangeAccessModeToManual -----
[11:26:01:570]	[OPER] ----- Result : Completed, Description : 
[11:26:08:637]	[OPER] ----- ChangeAccessModeToAuto -----
[11:26:09:638]	[OPER] ----- Result : Completed, Description : 
[11:26:26:238]	[OPER] ----- ChangeAccessModeToAuto -----
[11:26:27:238]	[OPER] ----- Result : Completed, Description : 
[11:26:36:183]	[OPER] ----- ChangeAccessModeToManual -----
[11:26:37:183]	[OPER] ----- Result : Completed, Description : 
[11:26:43:668]	[OPER] ----- ChangeAccessModeToAuto -----
[11:26:44:668]	[OPER] ----- Result : Completed, Description : 
[11:33:24:390]	[OPER] ----- FindLoadingMode -----
[14:02:46:620]	[OPER] ----- FindLoadingMode -----
[14:04:40:395]	[OPER] ----- FindLoadingMode -----
[14:04:40:397]	[OPER] ----- Result : Completed, Description : 
[14:04:40:401]	[OPER] ----- ChangeToCassette -----
[14:04:41:396]	[OPER] ----- Result : Completed, Description : 
[14:04:41:397]	[OPER] ----- Initialize -----
[14:04:42:398]	[OPER] ----- Result : Completed, Description : 
[14:04:50:182]	[OPER] ----- ChangeAccessModeToAuto -----
[14:04:51:184]	[OPER] ----- Result : Completed, Description : 
[14:05:11:263]	[OPER] ----- ChangeAccessModeToManual -----
[14:05:12:264]	[OPER] ----- Result : Completed, Description : 
[14:05:40:606]	[OPER] ----- ChangeAccessModeToManual -----
[14:05:41:606]	[OPER] ----- Result : Completed, Description : 
[14:05:55:485]	[OPER] ----- ChangeAccessModeToAuto -----
[14:05:56:486]	[OPER] ----- Result : Completed, Description : 
[14:06:02:101]	[OPER] ----- ChangeAccessModeToManual -----
[14:06:03:102]	[OPER] ----- Result : Completed, Description : 
[14:09:43:521]	[OPER] ----- ChangeAccessModeToManual -----
[14:09:44:643]	[OPER] ----- Result : Completed, Description : 
[14:39:43:220]	[OPER] ----- FindLoadingMode -----
[14:39:43:223]	[OPER] ----- Result : Completed, Description : 
[14:39:43:226]	[OPER] ----- ChangeToCassette -----
[14:39:44:222]	[OPER] ----- Result : Completed, Description : 
[14:39:44:223]	[OPER] ----- Initialize -----
[14:39:45:225]	[OPER] ----- Result : Completed, Description : 
[14:40:10:020]	[OPER] ----- ChangeAccessModeToManual -----
[14:40:12:173]	[OPER] ----- Result : Completed, Description : 
[14:43:23:260]	[OPER] ----- FindLoadingMode -----
[14:43:23:262]	[OPER] ----- Result : Completed, Description : 
[14:43:23:265]	[OPER] ----- ChangeToCassette -----
[14:43:24:262]	[OPER] ----- Result : Completed, Description : 
[14:43:24:263]	[OPER] ----- Initialize -----
[14:43:25:263]	[OPER] ----- Result : Completed, Description : 
[14:44:20:103]	[OPER] ----- ChangeAccessModeToAuto -----
[14:44:20:106]	[OPER] ----- Result : Completed, Description : 
[14:45:25:934]	[OPER] ----- FindLoadingMode -----
[14:45:25:936]	[OPER] ----- Result : Completed, Description : 
[14:45:25:939]	[OPER] ----- ChangeToCassette -----
[14:45:26:936]	[OPER] ----- Result : Completed, Description : 
[14:45:26:937]	[OPER] ----- Initialize -----
[14:45:27:938]	[OPER] ----- Result : Completed, Description : 
[15:01:52:981]	[OPER] ----- ChangeAccessModeToAuto -----
[15:01:52:983]	[OPER] ----- Result : Completed, Description : 
[15:01:57:782]	[OPER] ----- ChangeAccessModeToAuto -----
[15:01:57:782]	[OPER] ----- Result : Completed, Description : 
[15:02:03:039]	[OPER] ----- ChangeAccessModeToManual -----
[15:02:03:045]	[OPER] ----- Result : Completed, Description : 
[15:02:11:473]	[OPER] ----- ChangeAccessModeToAuto -----
[15:02:11:477]	[OPER] ----- Result : Completed, Description : 
[15:03:58:255]	[OPER] ----- ChangeAccessModeToAuto -----
[15:03:58:255]	[OPER] ----- Result : Completed, Description : 
[15:04:03:926]	[OPER] ----- ChangeAccessModeToManual -----
[15:04:03:927]	[OPER] ----- Result : Completed, Description : 
[15:10:28:374]	[OPER] ----- ChangeAccessModeToManual -----
[15:10:28:374]	[OPER] ----- Result : Completed, Description : 
[15:10:34:653]	[OPER] ----- ChangeAccessModeToAuto -----
[15:10:34:654]	[OPER] ----- Result : Completed, Description : 
[15:24:12:240]	[OPER] ----- FindLoadingMode -----
[15:24:12:242]	[OPER] ----- Result : Completed, Description : 
[15:24:12:247]	[OPER] ----- ChangeToCassette -----
[15:24:13:242]	[OPER] ----- Result : Completed, Description : 
[15:24:13:243]	[OPER] ----- Initialize -----
[15:24:14:244]	[OPER] ----- Result : Completed, Description : 
[15:24:21:657]	[OPER] ----- ChangeAccessModeToAuto -----
[15:24:21:658]	[OPER] ----- Result : Completed, Description : 
[15:26:48:351]	[OPER] ----- ChangeAccessModeToAuto -----
[15:26:48:351]	[OPER] ----- Result : Completed, Description : 
[15:26:51:331]	[OPER] ----- ChangeAccessModeToAuto -----
[15:26:51:331]	[OPER] ----- Result : Completed, Description : 
[15:27:27:350]	[OPER] ----- ChangeAccessModeToManual -----
[15:27:27:355]	[OPER] ----- Result : Completed, Description : 
[15:30:14:169]	[OPER] ----- FindLoadingMode -----
[15:30:14:171]	[OPER] ----- Result : Completed, Description : 
[15:30:14:191]	[OPER] ----- ChangeToCassette -----
[15:30:15:171]	[OPER] ----- Result : Completed, Description : 
[15:30:15:172]	[OPER] ----- Initialize -----
[15:30:16:173]	[OPER] ----- Result : Completed, Description : 
[15:30:34:070]	[OPER] ----- ChangeAccessModeToManual -----
[15:30:34:075]	[OPER] ----- Result : Completed, Description : 
[15:30:44:210]	[OPER] ----- ChangeAccessModeToAuto -----
[15:30:44:212]	[OPER] ----- Result : Completed, Description : 
[15:31:17:723]	[OPER] ----- ChangeAccessModeToManual -----
[15:31:17:723]	[OPER] ----- Result : Completed, Description : 
[15:33:52:664]	[OPER] ----- ChangeAccessModeToAuto -----
[15:33:52:664]	[OPER] ----- Result : Completed, Description : 
[15:34:28:110]	[OPER] ----- ChangeAccessModeToAuto -----
[15:34:32:337]	[OPER] ----- Result : Completed, Description : 
[15:36:17:210]	[OPER] ----- ChangeAccessModeToManual -----
[15:36:24:225]	[OPER] ----- Result : Completed, Description : 
[15:36:41:576]	[OPER] ----- ChangeAccessModeToAuto -----
[15:36:41:577]	[OPER] ----- Result : Completed, Description : 
[15:58:16:571]	[OPER] ----- FindLoadingMode -----
[15:58:16:573]	[OPER] ----- Result : Completed, Description : 
[15:58:16:577]	[OPER] ----- ChangeToCassette -----
[15:58:17:573]	[OPER] ----- Result : Completed, Description : 
[15:58:17:574]	[OPER] ----- Initialize -----
[15:58:18:574]	[OPER] ----- Result : Completed, Description : 
[15:58:26:383]	[OPER] ----- ChangeAccessModeToManual -----
[15:58:29:601]	[OPER] ----- Result : Completed, Description : 
[15:58:36:605]	[OPER] ----- ChangeAccessModeToAuto -----
[15:58:39:238]	[OPER] ----- Result : Completed, Description : 
[15:59:18:002]	[OPER] ----- FindLoadingMode -----
[15:59:18:004]	[OPER] ----- Result : Completed, Description : 
[15:59:18:007]	[OPER] ----- ChangeToCassette -----
[15:59:19:004]	[OPER] ----- Result : Completed, Description : 
[15:59:19:005]	[OPER] ----- Initialize -----
[15:59:20:005]	[OPER] ----- Result : Completed, Description : 
[15:59:29:286]	[OPER] ----- ChangeAccessModeToManual -----
[15:59:30:607]	[OPER] ----- Result : Completed, Description : 
[16:00:10:322]	[OPER] ----- FindLoadingMode -----
[16:00:10:325]	[OPER] ----- Result : Completed, Description : 
[16:00:10:327]	[OPER] ----- ChangeToCassette -----
[16:00:11:325]	[OPER] ----- Result : Completed, Description : 
[16:00:11:326]	[OPER] ----- Initialize -----
[16:00:12:327]	[OPER] ----- Result : Completed, Description : 
[16:01:01:169]	[OPER] ----- FindLoadingMode -----
[16:01:01:171]	[OPER] ----- Result : Completed, Description : 
[16:01:01:180]	[OPER] ----- ChangeToCassette -----
[16:01:02:172]	[OPER] ----- Result : Completed, Description : 
[16:01:02:174]	[OPER] ----- Initialize -----
[16:01:03:174]	[OPER] ----- Result : Completed, Description : 
[17:04:13:855]	[OPER] ----- FindLoadingMode -----
[17:04:13:856]	[OPER] ----- Result : Completed, Description : 
[17:04:13:859]	[OPER] ----- ChangeToCassette -----
[17:04:14:856]	[OPER] ----- Result : Completed, Description : 
[17:04:14:857]	[OPER] ----- Initialize -----
[17:04:15:858]	[OPER] ----- Result : Completed, Description : 
[17:04:33:136]	[OPER] ----- ChangeAccessModeToAuto -----
[17:04:33:139]	[OPER] ----- Result : Completed, Description : 
[17:04:35:171]	[OPER] ----- ChangeAccessModeToManual -----
[17:04:35:172]	[OPER] ----- Result : Completed, Description : 
[17:05:01:069]	[OPER] ----- ChangeAccessModeToAuto -----
[17:05:01:069]	[OPER] ----- Result : Completed, Description : 
[17:06:25:567]	[OPER] ----- ChangeAccessModeToManual -----
[17:06:25:571]	[OPER] ----- Result : Completed, Description : 
[17:06:51:506]	[OPER] ----- ChangeAccessModeToAuto -----
[17:06:51:507]	[OPER] ----- Result : Completed, Description : 
[17:06:55:788]	[OPER] ----- ChangeAccessModeToManual -----
[17:06:55:788]	[OPER] ----- Result : Completed, Description : 
