[09:56:23:906]	[OPER] ----- FindLoadingMode -----
[09:56:23:908]	[OPER] ----- Result : Completed, Description : 
[09:56:23:913]	[OPER] ----- ChangeToCassette -----
[09:56:24:908]	[OPER] ----- Result : Completed, Description : 
[09:56:24:909]	[OPER] ----- Initialize -----
[09:56:25:911]	[OPER] ----- Result : Completed, Description : 
[18:48:20:992]	[OPER] ----- FindLoadingMode -----
[18:48:20:993]	[OPER] ----- Result : Completed, Description : 
[18:48:20:996]	[OPER] ----- ChangeToCassette -----
[18:48:21:994]	[OPER] ----- Result : Completed, Description : 
[18:48:21:994]	[OPER] ----- Initialize -----
[18:48:22:995]	[OPER] ----- Result : Completed, Description : 
[18:48:48:047]	[OPER] ----- ChangeToCassette -----
[18:48:49:051]	[OPER] ----- Result : Completed, Description : 
[18:56:05:493]	[OPER] ----- Reset -----
[18:56:06:493]	[OPER] ----- Result : Completed, Description : 
[18:57:43:319]	[OPER] ----- FindLoadingMode -----
[18:57:43:320]	[OPER] ----- Result : Completed, Description : 
[18:57:43:323]	[OPER] ----- ChangeToCassette -----
[18:57:44:321]	[OPER] ----- Result : Completed, Description : 
[18:57:44:322]	[OPER] ----- Initialize -----
[18:57:45:322]	[OPER] ----- Result : Completed, Description : 
[18:58:13:863]	[OPER] ----- ChangeToCassette -----
[18:58:14:866]	[OPER] ----- Result : Completed, Description : 
[19:07:15:995]	[OPER] ----- ChangeToCassette -----
[19:07:16:998]	[OPER] ----- Result : Completed, Description : 
[19:08:03:452]	[OPER] ----- ChangeToCassette -----
[19:08:04:455]	[OPER] ----- Result : Completed, Description : 
[19:09:34:026]	[OPER] ----- ChangeToCassette -----
[19:09:35:029]	[OPER] ----- Result : Completed, Description : 
[19:10:21:109]	[OPER] ----- ChangeToCassette -----
[19:10:22:112]	[OPER] ----- Result : Completed, Description : 
[19:10:48:616]	[OPER] ----- ChangeToCassette -----
[19:10:49:620]	[OPER] ----- Result : Completed, Description : 
[19:11:18:515]	[OPER] ----- ChangeToCassette -----
[19:11:19:519]	[OPER] ----- Result : Completed, Description : 
[19:15:14:834]	[OPER] ----- Unload -----
[19:15:22:336]	[OPER] ----- Result : Completed, Description : 
[19:16:46:913]	[OPER] ----- Reset -----
[19:16:47:914]	[OPER] ----- Result : Completed, Description : 
[19:16:56:296]	[OPER] ----- Unload -----
[19:17:03:809]	[OPER] ----- Result : Completed, Description : 
[19:21:51:726]	[OPER] ----- ChangeToCassette -----
[19:21:52:729]	[OPER] ----- Result : Completed, Description : 
[19:22:12:544]	[OPER] ----- ChangeToCassette -----
[19:22:13:547]	[OPER] ----- Result : Completed, Description : 
