[10:28:02:867]	[OPER] ----- Initialize -----
[10:28:02:870]	[SEND] s00SET:RESET;
[10:28:02:992]	[RECV] ACK:RESET
[10:28:02:996]	[RECV] INF:RESET
[10:28:03:175]	[SEND] s00MOV:ABORG;
[10:28:03:277]	[RECV] ACK:ABORG
[10:28:03:477]	[SEND] s00GET:STATE;
[10:28:03:621]	[RECV] ACK:STATE/001100101011001C0100
[10:30:49:313]	[RECV] INF:ABORG
[10:50:01:380]	[OPER] ----- Initialize -----
[10:50:01:380]	[SEND] s00SET:RESET;
[10:50:01:491]	[RECV] ACK:RESET
[10:50:01:492]	[RECV] INF:RESET
[10:50:01:683]	[SEND] s00MOV:ABORG;
[10:50:01:779]	[RECV] ACK:ABORG
[10:50:01:885]	[SEND] s00GET:STATE;
[10:50:02:037]	[RECV] ACK:STATE/001100101011001C0100
[10:50:02:086]	[OPER] ----- Result : Completed, Description : 
[10:50:06:329]	[RECV] INF:ABORG
[10:50:08:724]	[OPER] ----- Initialize -----
[10:50:08:724]	[SEND] s00SET:RESET;
[10:50:08:835]	[RECV] ACK:RESET
[10:50:08:836]	[RECV] INF:RESET
[10:50:09:026]	[SEND] s00MOV:ABORG;
[10:50:09:133]	[RECV] ACK:ABORG
[10:50:09:328]	[SEND] s00GET:STATE;
[10:50:09:478]	[RECV] ACK:STATE/001100101011001C0100
[10:50:09:530]	[OPER] ----- Result : Completed, Description : 
[10:50:13:470]	[RECV] INF:ABORG
[10:56:57:556]	[RECV] INF:ABNST
[10:56:57:587]	[RECV] INF:SMTON
[10:56:58:001]	[RECV] INF:PODOF
[10:57:21:491]	[RECV] INF:SMTON
[10:57:22:961]	[RECV] INF:PODOF
[10:57:30:951]	[RECV] INF:SMTON
[10:57:32:650]	[RECV] INF:PODOF
[10:58:00:431]	[RECV] INF:SMTON
[10:59:46:108]	[RECV] INF:PODOF
[11:00:01:551]	[RECV] INF:SMTON
[11:00:01:552]	[RECV] INF:PODOF
[11:00:10:950]	[RECV] INF:SMTON
[11:00:11:010]	[RECV] INF:PODOF
[11:00:11:050]	[RECV] INF:SMTON
[11:00:12:611]	[RECV] INF:PODOF
[11:00:12:651]	[RECV] INF:SMTON
[11:00:12:652]	[RECV] INF:PODOF
[11:00:15:350]	[RECV] INF:SMTON
[11:00:15:390]	[RECV] INF:PODOF
[11:00:15:550]	[RECV] INF:SMTON
[11:00:20:711]	[RECV] INF:PODOF
[11:00:20:751]	[RECV] INF:SMTON
[11:00:20:752]	[RECV] INF:PODOF
[11:00:36:970]	[RECV] INF:SMTON
[11:00:37:831]	[RECV] INF:ABNST
[11:00:37:991]	[RECV] INF:PODON
[11:02:19:992]	[RECV] INF:ABNST
[11:02:20:012]	[RECV] INF:SMTON
[11:02:20:370]	[RECV] INF:PODOF
[11:03:19:590]	[RECV] INF:SMTON
[11:03:21:250]	[RECV] INF:PODOF
[11:03:26:382]	[OPER] ----- Initialize -----
[11:03:26:382]	[SEND] s00SET:RESET;
[11:03:26:493]	[RECV] ACK:RESET
[11:03:26:494]	[RECV] INF:RESET
[11:03:26:685]	[SEND] s00MOV:ABORG;
[11:03:26:791]	[RECV] ACK:ABORG
[11:03:26:987]	[SEND] s00GET:STATE;
[11:03:27:136]	[RECV] ACK:STATE/001100001011001C0100
[11:03:27:188]	[OPER] ----- Result : Completed, Description : 
[11:03:32:065]	[RECV] INF:ABORG
[11:05:24:752]	[OPER] ----- Initialize -----
[11:05:24:752]	[SEND] s00SET:RESET;
[11:05:24:867]	[RECV] ACK:RESET
[11:05:24:868]	[RECV] INF:RESET
[11:05:31:564]	[SEND] s00MOV:ABORG;
[11:05:39:114]	[RECV] ACK:ABORG
[11:05:39:115]	[RECV] INF:ABORG
[11:05:42:368]	[SEND] s00GET:STATE;
[11:05:52:777]	[RECV] ACK:STATE/001000001011001C0100
[11:05:52:867]	[OPER] ----- Result : Completed, Description : 
[11:07:08:196]	[OPER] ----- Initialize -----
[11:07:08:196]	[SEND] s00SET:RESET;
[11:07:08:308]	[RECV] ACK:RESET
[11:07:08:309]	[RECV] INF:RESET
[11:07:28:197]	[SEND] s00MOV:ABORG;
[11:07:28:295]	[RECV] ACK:ABORG
[11:07:28:400]	[SEND] s00GET:STATE;
[11:07:28:539]	[RECV] ACK:STATE/001100001011001C0100
[11:07:28:601]	[OPER] ----- Result : Completed, Description : 
[11:07:33:301]	[RECV] INF:ABORG
[11:09:23:870]	[OPER] ----- Initialize -----
[11:09:23:870]	[SEND] s00SET:RESET;
[11:09:23:987]	[RECV] ACK:RESET
[11:09:46:594]	[RECV] INF:RESET
[11:09:46:792]	[SEND] s00MOV:ABORG;
[11:09:46:893]	[RECV] ACK:ABORG
[11:09:51:806]	[RECV] INF:ABORG
[11:09:51:962]	[SEND] s00GET:STATE;
[11:09:52:113]	[RECV] ACK:STATE/001000001011001C0100
[11:09:52:163]	[OPER] ----- Result : Completed, Description : 
[11:09:59:984]	[OPER] ----- ChangeToFoup -----
[11:09:59:984]	[SEND] s00SET:RESET;
[11:10:00:106]	[RECV] ACK:RESET
[11:10:00:107]	[RECV] INF:RESET
[11:10:00:288]	[SEND] s00MOV:PINDW;
[11:10:00:425]	[RECV] ACK:PINDW
[11:10:01:133]	[RECV] INF:PINDW
[11:10:01:296]	[SEND] s00GET:STATE;
[11:10:01:437]	[RECV] ACK:STATE/001000001011001C0100
[11:10:01:497]	[OPER] ----- Result : Completed, Description : 
[11:10:07:878]	[OPER] ----- ChangeToCassette -----
[11:10:07:878]	[SEND] s00SET:RESET;
[11:10:07:988]	[RECV] ACK:RESET
[11:10:07:989]	[RECV] INF:RESET
[11:10:08:180]	[SEND] s00MOV:PINUP;
[11:10:08:309]	[RECV] ACK:PINUP
[11:10:10:097]	[RECV] INF:PINUP
[11:10:10:298]	[SEND] s00GET:STATE;
[11:10:10:438]	[RECV] ACK:STATE/001000001011001C1100
[11:10:10:499]	[OPER] ----- Result : Completed, Description : 
[11:10:13:996]	[OPER] ----- ChangeToFoup -----
[11:10:13:996]	[SEND] s00SET:RESET;
[11:10:14:108]	[RECV] ACK:RESET
[11:10:14:109]	[RECV] INF:RESET
[11:10:14:299]	[SEND] s00MOV:PINDW;
[11:10:14:427]	[RECV] ACK:PINDW
[11:10:16:570]	[RECV] INF:PINDW
[11:10:16:717]	[SEND] s00GET:STATE;
[11:10:16:858]	[RECV] ACK:STATE/001000001011001C0100
[11:10:16:917]	[OPER] ----- Result : Completed, Description : 
[11:10:25:449]	[RECV] INF:SMTON
[11:10:26:130]	[RECV] INF:ABNST
[11:10:26:269]	[RECV] INF:PODON
[11:10:31:763]	[OPER] ----- Load -----
[11:10:31:774]	[SEND] s00SET:RESET;
[11:10:31:906]	[RECV] ACK:RESET
[11:10:31:907]	[RECV] INF:RESET
[11:10:32:076]	[SEND] s00GET:PARAM/SLN;
[11:10:32:218]	[RECV] ACK:PARAM/SLN=+000013
[11:15:04:972]	[OPER] ----- Load -----
[11:15:04:972]	[SEND] s00SET:RESET;
[11:15:05:087]	[RECV] ACK:RESET
[11:15:05:088]	[RECV] INF:RESET
[11:15:05:274]	[SEND] s00GET:PARAM/SLN;
[11:15:05:415]	[RECV] ACK:PARAM/SLN=+000013
[11:15:29:836]	[OPER] ----- Result : Timeout, Description : 
[11:15:33:021]	[OPER] ----- Load -----
[11:15:33:021]	[SEND] s00SET:RESET;
[11:15:33:133]	[RECV] ACK:RESET
[11:15:35:946]	[RECV] INF:RESET
[11:15:36:145]	[SEND] s00GET:PARAM/SLN;
[11:15:36:277]	[RECV] ACK:PARAM/SLN=+000013
[11:17:18:100]	[OPER] ----- Load -----
[11:17:18:100]	[SEND] s00SET:RESET;
[11:17:18:211]	[RECV] ACK:RESET
[11:17:20:038]	[RECV] INF:RESET
[11:17:20:238]	[SEND] s00GET:PARAM/SLN;
[11:17:20:376]	[RECV] ACK:PARAM/SLN=+000013
[11:17:20:542]	[SEND] s00MOV:CLDMP;
[11:17:20:717]	[RECV] ACK:CLDMP
[11:17:33:435]	[RECV] INF:CLDMP
[11:17:33:532]	[OPER] ----- Result : Completed, Description : 
[11:22:13:709]	[OPER] ----- Unload -----
[11:22:13:710]	[SEND] s00SET:RESET;
[11:22:13:828]	[RECV] ACK:RESET
[11:22:13:829]	[RECV] INF:RESET
[11:22:14:021]	[SEND] s00GET:PARAM/SLN;
[11:22:14:156]	[RECV] ACK:PARAM/SLN=+000013
[11:22:14:323]	[SEND] s00MOV:CULOD;
[11:22:14:510]	[RECV] ACK:CULOD
[11:22:22:730]	[RECV] INF:CULOD
[11:22:22:785]	[OPER] ----- Result : Completed, Description : 
[11:22:25:654]	[OPER] ----- Load -----
[11:22:25:654]	[SEND] s00SET:RESET;
[11:22:25:767]	[RECV] ACK:RESET
[11:22:25:768]	[RECV] INF:RESET
[11:22:25:956]	[SEND] s00GET:PARAM/SLN;
[11:22:26:095]	[RECV] ACK:PARAM/SLN=+000013
[11:22:26:258]	[SEND] s00MOV:CLDMP;
[11:22:26:430]	[RECV] ACK:CLDMP
[11:22:39:092]	[RECV] INF:CLDMP
[11:22:39:144]	[OPER] ----- Result : Completed, Description : 
[11:23:07:789]	[OPER] ----- Unload -----
[11:23:07:789]	[SEND] s00SET:RESET;
[11:23:07:906]	[RECV] ACK:RESET
[11:23:07:907]	[RECV] INF:RESET
[11:23:08:091]	[SEND] s00GET:PARAM/SLN;
[11:23:08:232]	[RECV] ACK:PARAM/SLN=+000013
[11:23:08:394]	[SEND] s00MOV:CULOD;
[11:23:08:570]	[RECV] ACK:CULOD
[11:23:16:790]	[RECV] INF:CULOD
[11:23:16:856]	[OPER] ----- Result : Completed, Description : 
[11:23:33:601]	[OPER] ----- Load -----
[11:23:33:603]	[SEND] s00SET:RESET;
[11:23:33:726]	[RECV] ACK:RESET
[11:23:33:727]	[RECV] INF:RESET
[11:23:33:905]	[SEND] s00GET:PARAM/SLN;
[11:23:34:038]	[RECV] ACK:PARAM/SLN=+000013
[11:23:34:207]	[SEND] s00MOV:CLDMP;
[11:23:34:389]	[RECV] ACK:CLDMP
[11:23:47:073]	[RECV] INF:CLDMP
[11:24:55:772]	[OPER] ----- Unload -----
[11:24:55:774]	[SEND] s00SET:RESET;
[11:24:55:888]	[RECV] ACK:RESET
[11:24:55:890]	[RECV] INF:RESET
[11:24:56:076]	[SEND] s00GET:PARAM/SLN;
[11:24:56:215]	[RECV] ACK:PARAM/SLN=+000013
[11:24:56:378]	[SEND] s00MOV:CULOD;
[11:24:56:550]	[RECV] ACK:CULOD
[11:25:04:791]	[RECV] INF:CULOD
[11:25:04:947]	[SEND] s00GET:STATE;
[11:25:05:093]	[RECV] ACK:STATE/001000101011001C0100
[11:25:05:249]	[SEND] s00GET:MAPRD;
[11:25:05:383]	[RECV] ACK:MAPRD/1010100000101
[11:25:38:102]	[OPER] ----- Result : Timeout, Description : 
[11:25:50:740]	[OPER] ----- GetMap -----
[11:25:50:740]	[SEND] s00SET:RESET;
[11:25:50:862]	[RECV] ACK:RESET
[11:25:50:863]	[RECV] INF:RESET
[11:25:51:042]	[SEND] s00GET:PARAM/SLN;
[11:25:51:175]	[RECV] ACK:PARAM/SLN=+000013
[11:25:51:344]	[SEND] s00GET:MAPRD;
[11:25:51:482]	[RECV] ACK:MAPRD/1010100000101
[11:25:55:749]	[OPER] ----- Result : Timeout, Description : 
[11:26:09:671]	[OPER] ----- GetMap -----
[11:26:09:671]	[SEND] s00SET:RESET;
[11:26:09:785]	[RECV] ACK:RESET
[11:26:11:416]	[RECV] INF:RESET
[11:26:12:709]	[SEND] s00GET:PARAM/SLN;
[11:26:12:839]	[RECV] ACK:PARAM/SLN=+000013
[11:26:14:378]	[SEND] s00GET:MAPRD;
[11:26:14:517]	[RECV] ACK:MAPRD/1010100000101
[11:26:17:079]	[OPER] ----- Result : Timeout, Description : 
[11:27:31:182]	[OPER] ----- GetMap -----
[11:27:31:182]	[SEND] s00SET:RESET;
[11:27:31:304]	[RECV] ACK:RESET
[11:27:36:485]	[OPER] ----- Result : Timeout, Description : 
[11:27:57:804]	[RECV] INF:RESET
[11:28:31:468]	[OPER] ----- GetMap -----
[11:28:31:468]	[SEND] s00SET:RESET;
[11:28:31:604]	[RECV] ACK:RESET
[11:28:34:456]	[RECV] INF:RESET
[11:28:34:657]	[SEND] s00GET:PARAM/SLN;
[11:28:34:795]	[RECV] ACK:PARAM/SLN=+000013
[11:28:36:362]	[SEND] s00GET:MAPRD;
[11:28:36:502]	[RECV] ACK:MAPRD/1010100000101
[11:28:38:393]	[OPER] ----- Result : Timeout, Description : 
[11:29:01:396]	[OPER] ----- Load -----
[11:29:01:396]	[SEND] s00SET:RESET;
[11:29:01:507]	[RECV] ACK:RESET
[11:29:04:398]	[RECV] INF:RESET
[11:29:04:597]	[SEND] s00GET:PARAM/SLN;
[11:29:04:733]	[RECV] ACK:PARAM/SLN=+000013
[11:29:04:899]	[SEND] s00MOV:CLDMP;
[11:29:05:087]	[RECV] ACK:CLDMP
[11:29:17:771]	[RECV] INF:CLDMP
[11:29:17:951]	[SEND] s00GET:STATE;
[11:29:18:093]	[RECV] ACK:STATE/00100011010111110100
[11:29:18:253]	[SEND] s00GET:MAPRD;
[11:29:18:395]	[RECV] ACK:MAPRD/1010100000101
[11:29:18:455]	[OPER] ----- Result : Completed, Description : 
[11:29:28:112]	[OPER] ----- Unload -----
[11:29:28:112]	[SEND] s00SET:RESET;
[11:29:28:226]	[RECV] ACK:RESET
[11:29:28:227]	[RECV] INF:RESET
[11:29:28:414]	[SEND] s00GET:PARAM/SLN;
[11:29:28:554]	[RECV] ACK:PARAM/SLN=+000013
[11:29:28:716]	[SEND] s00MOV:CULOD;
[11:29:28:889]	[RECV] ACK:CULOD
[11:29:37:110]	[RECV] INF:CULOD
[11:29:37:273]	[SEND] s00GET:STATE;
[11:29:37:415]	[RECV] ACK:STATE/001000101011001C0100
[11:29:37:576]	[SEND] s00GET:MAPRD;
[11:29:37:715]	[RECV] ACK:MAPRD/1010100000101
[11:29:37:777]	[OPER] ----- Result : Completed, Description : 
[11:29:45:508]	[RECV] INF:ABNST
[11:29:45:528]	[RECV] INF:SMTON
[11:29:46:046]	[RECV] INF:PODOF
[11:29:51:987]	[RECV] INF:SMTON
[11:29:59:129]	[RECV] INF:ABNST
[11:29:59:428]	[RECV] INF:PODON
[11:29:59:707]	[RECV] INF:ABNST
[11:29:59:728]	[RECV] INF:PODON
[11:30:08:797]	[OPER] ----- Load -----
[11:30:08:797]	[SEND] s00SET:RESET;
[11:30:08:908]	[RECV] ACK:RESET
[11:30:08:909]	[RECV] INF:RESET
[11:30:09:099]	[SEND] s00GET:PARAM/SLN;
[11:30:09:235]	[RECV] ACK:PARAM/SLN=+000013
[11:30:09:401]	[SEND] s00MOV:CLDMP;
[11:30:09:615]	[RECV] NAK:CLDMP/STATS=000008
[11:30:09:703]	[OPER] ----- Result : Error, Description : 
[11:30:14:748]	[RECV] INF:ABNST
[11:30:14:808]	[RECV] INF:SMTON
[11:30:16:147]	[RECV] INF:ABNST
[11:30:16:367]	[RECV] INF:PODON
[11:30:21:663]	[OPER] ----- Load -----
[11:30:21:663]	[SEND] s00SET:RESET;
[11:30:21:784]	[RECV] ACK:RESET
[11:30:21:785]	[RECV] INF:RESET
[11:30:21:965]	[SEND] s00GET:PARAM/SLN;
[11:30:22:096]	[RECV] ACK:PARAM/SLN=+000013
[11:30:22:268]	[SEND] s00MOV:CLDMP;
[11:30:22:448]	[RECV] ACK:CLDMP
[11:30:35:132]	[RECV] INF:CLDMP
[11:30:35:265]	[SEND] s00GET:STATE;
[11:30:35:412]	[RECV] ACK:STATE/00100011010111110100
[11:30:35:568]	[SEND] s00GET:MAPRD;
[11:30:35:702]	[RECV] ACK:MAPRD/1010100000101
[11:30:35:870]	[OPER] ----- Result : Completed, Description : 
[11:30:41:376]	[OPER] ----- Unload -----
[11:30:41:376]	[SEND] s00SET:RESET;
[11:30:41:488]	[RECV] ACK:RESET
[11:30:41:489]	[RECV] INF:RESET
[11:30:41:678]	[SEND] s00GET:PARAM/SLN;
[11:30:41:814]	[RECV] ACK:PARAM/SLN=+000013
[11:30:41:981]	[SEND] s00MOV:CULOD;
[11:30:42:167]	[RECV] ACK:CULOD
[11:30:50:390]	[RECV] INF:CULOD
[11:30:50:539]	[SEND] s00GET:STATE;
[11:30:50:689]	[RECV] ACK:STATE/001000101011001C0100
[11:30:50:842]	[SEND] s00GET:MAPRD;
[11:30:50:981]	[RECV] ACK:MAPRD/1010100000101
[11:30:51:043]	[OPER] ----- Result : Completed, Description : 
[11:30:53:936]	[OPER] ----- Load -----
[11:30:53:936]	[SEND] s00SET:RESET;
[11:30:54:048]	[RECV] ACK:RESET
[11:30:54:049]	[RECV] INF:RESET
[11:30:54:238]	[SEND] s00GET:PARAM/SLN;
[11:30:54:375]	[RECV] ACK:PARAM/SLN=+000013
[11:30:54:540]	[SEND] s00MOV:CLDMP;
[11:30:54:726]	[RECV] ACK:CLDMP
[11:31:07:412]	[RECV] INF:CLDMP
[11:31:07:527]	[SEND] s00GET:STATE;
[11:31:07:673]	[RECV] ACK:STATE/00100011010111110100
[11:31:07:829]	[SEND] s00GET:MAPRD;
[11:31:07:964]	[RECV] ACK:MAPRD/1010100000101
[11:31:08:031]	[OPER] ----- Result : Completed, Description : 
[11:31:10:400]	[OPER] ----- Initialize -----
[11:31:10:400]	[SEND] s00SET:RESET;
[11:31:10:522]	[RECV] ACK:RESET
[11:31:10:523]	[RECV] INF:RESET
[11:31:10:703]	[SEND] s00MOV:ABORG;
[11:31:10:809]	[RECV] ACK:ABORG
[11:31:28:541]	[RECV] INF:ABORG
[11:31:28:724]	[SEND] s00GET:STATE;
[11:31:28:874]	[RECV] ACK:STATE/001000101011001C0100
[11:31:28:926]	[OPER] ----- Result : Completed, Description : 
[11:31:34:148]	[RECV] INF:ABNST
[11:31:34:167]	[RECV] INF:SMTON
[11:31:34:646]	[RECV] INF:PODOF
[11:32:00:999]	[OPER] ----- ChangeToCassette -----
[11:32:00:999]	[SEND] s00SET:RESET;
[11:32:01:122]	[RECV] ACK:RESET
[11:32:01:123]	[RECV] INF:RESET
[11:32:01:301]	[SEND] s00MOV:PINUP;
[11:32:01:441]	[RECV] ACK:PINUP
[11:32:03:201]	[RECV] INF:PINUP
[11:32:03:317]	[SEND] s00GET:STATE;
[11:32:03:456]	[RECV] ACK:STATE/001000001011001C1100
[11:32:03:518]	[OPER] ----- Result : Completed, Description : 
[11:32:09:426]	[RECV] INF:SMTON
[11:32:10:047]	[RECV] INF:SMTON
[11:32:10:686]	[RECV] INF:SMTON
[11:32:11:077]	[RECV] INF:PODON
[11:32:32:223]	[RECV] INF:PODOF
[11:32:34:067]	[RECV] INF:PODON
[11:32:47:602]	[OPER] ----- Load -----
[11:32:47:602]	[SEND] s00SET:RESET;
[11:32:47:723]	[RECV] ACK:RESET
[11:32:47:724]	[RECV] INF:RESET
[11:32:47:904]	[SEND] s00GET:PARAM/SLN;
[11:32:48:036]	[RECV] ACK:PARAM/SLN=+000013
[11:32:48:207]	[SEND] s00MOV:CLDMP;
[11:32:48:343]	[RECV] ACK:CLDMP
[11:33:00:477]	[RECV] INF:CLDMP
[11:33:00:590]	[SEND] s00GET:STATE;
[11:33:00:733]	[RECV] ACK:STATE/00100011100111111100
[11:33:00:892]	[SEND] s00GET:MAPRD;
[11:33:01:021]	[RECV] ACK:MAPRD/0000000000000
[11:33:01:093]	[OPER] ----- Result : Completed, Description : 
[11:33:53:053]	[OPER] ----- ChangeToFoup -----
[11:33:53:053]	[SEND] s00SET:RESET;
[11:33:53:167]	[RECV] ACK:RESET
[11:33:53:168]	[RECV] INF:RESET
[11:33:53:355]	[SEND] s00MOV:PINDW;
[11:33:53:491]	[RECV] NAK:PINDW/STAGE
[11:33:53:557]	[OPER] ----- Result : Error, Description : 
[11:34:24:299]	[RECV] INF:PODOF
[11:34:24:453]	[RECV] INF:PODOF
[11:34:24:585]	[RECV] INF:ABNST
[11:34:24:613]	[RECV] INF:SMTON
[11:34:25:465]	[RECV] INF:SMTON
