[19:08:37:073]	[OPER] ----- FindLoadingMode -----
[19:08:37:075]	[OPER] ----- Result : Completed, Description : 
[19:08:37:080]	[OPER] ----- ChangeToCassette -----
[19:08:38:076]	[OPER] ----- Result : Completed, Description : 
[19:08:38:077]	[OPER] ----- Initialize -----
[19:08:39:078]	[OPER] ----- Result : Completed, Description : 
[19:11:19:840]	[OPER] ----- FindLoadingMode -----
[19:11:19:841]	[OPER] ----- Result : Completed, Description : 
[19:11:19:844]	[OPER] ----- ChangeToCassette -----
[19:11:20:842]	[OPER] ----- Result : Completed, Description : 
[19:11:20:843]	[OPER] ----- Initialize -----
[19:11:21:843]	[OPER] ----- Result : Completed, Description : 
[19:25:23:678]	[OPER] ----- Initialize -----
[19:25:24:685]	[OPER] ----- Result : Completed, Description : 
[19:25:31:128]	[OPER] ----- Dock -----
[19:25:32:135]	[OPER] ----- Result : Completed, Description : 
[20:20:38:606]	[OPER] ----- FindLoadingMode -----
[20:20:38:608]	[OPER] ----- Result : Completed, Description : 
[20:20:38:611]	[OPER] ----- ChangeToCassette -----
[20:20:39:609]	[OPER] ----- Result : Completed, Description : 
[20:20:39:610]	[OPER] ----- Initialize -----
[20:20:40:611]	[OPER] ----- Result : Completed, Description : 
[21:06:15:216]	[OPER] ----- FindLoadingMode -----
[21:06:15:217]	[OPER] ----- Result : Completed, Description : 
[21:06:15:219]	[OPER] ----- ChangeToCassette -----
[21:06:16:218]	[OPER] ----- Result : Completed, Description : 
[21:06:16:220]	[OPER] ----- Initialize -----
[21:06:17:220]	[OPER] ----- Result : Completed, Description : 
