[10:43:49:614]	[OPER] ----- FindLoadingMode -----
[10:43:49:615]	[OPER] ----- Result : Completed, Description : 
[10:43:49:617]	[OPER] ----- ChangeToCassette -----
[10:43:50:617]	[OPER] ----- Result : Completed, Description : 
[10:43:50:617]	[OPER] ----- Initialize -----
[10:43:51:618]	[OPER] ----- Result : Completed, Description : 
[10:57:54:077]	[OPER] ----- FindLoadingMode -----
[10:57:54:079]	[OPER] ----- Result : Completed, Description : 
[10:57:54:082]	[OPER] ----- ChangeToCassette -----
[10:57:55:078]	[OPER] ----- Result : Completed, Description : 
[10:57:55:079]	[OPER] ----- Initialize -----
[10:57:56:080]	[OPER] ----- Result : Completed, Description : 
[11:12:22:022]	[OPER] ----- FindLoadingMode -----
[11:12:22:023]	[OPER] ----- Result : Completed, Description : 
[11:12:22:026]	[OPER] ----- ChangeToCassette -----
[11:12:23:023]	[OPER] ----- Result : Completed, Description : 
[11:12:23:024]	[OPER] ----- Initialize -----
[11:12:24:025]	[OPER] ----- Result : Completed, Description : 
[11:14:14:721]	[OPER] ----- ChangeAccessModeToAuto -----
[11:14:15:722]	[OPER] ----- Result : Completed, Description : 
[11:14:27:245]	[OPER] ----- ChangeAccessModeToManual -----
[11:14:28:245]	[OPER] ----- Result : Completed, Description : 
[11:14:45:692]	[OPER] ----- Reset -----
[11:14:46:694]	[OPER] ----- Result : Completed, Description : 
[11:15:32:088]	[OPER] ----- ChangeAccessModeToAuto -----
[11:15:35:601]	[OPER] ----- Result : Completed, Description : 
[11:17:57:414]	[OPER] ----- FindLoadingMode -----
[11:17:57:415]	[OPER] ----- Result : Completed, Description : 
[11:17:57:417]	[OPER] ----- ChangeToCassette -----
[11:17:58:415]	[OPER] ----- Result : Completed, Description : 
[11:17:58:416]	[OPER] ----- Initialize -----
[11:17:59:417]	[OPER] ----- Result : Completed, Description : 
[11:18:49:211]	[OPER] ----- ChangeAccessModeToAuto -----
[11:18:50:212]	[OPER] ----- Result : Completed, Description : 
[11:19:02:680]	[OPER] ----- ChangeAccessModeToManual -----
[11:19:03:681]	[OPER] ----- Result : Completed, Description : 
[11:19:20:570]	[OPER] ----- ChangeAccessModeToManual -----
[11:19:21:570]	[OPER] ----- Result : Completed, Description : 
[11:19:26:873]	[OPER] ----- ChangeAccessModeToManual -----
[11:19:27:873]	[OPER] ----- Result : Completed, Description : 
[11:19:46:785]	[OPER] ----- ChangeAccessModeToAuto -----
[11:19:47:786]	[OPER] ----- Result : Completed, Description : 
[11:20:06:174]	[OPER] ----- ChangeAccessModeToAuto -----
[11:20:07:174]	[OPER] ----- Result : Completed, Description : 
[11:24:31:162]	[OPER] ----- FindLoadingMode -----
[11:24:31:163]	[OPER] ----- Result : Completed, Description : 
[11:24:31:165]	[OPER] ----- ChangeToCassette -----
[11:24:32:163]	[OPER] ----- Result : Completed, Description : 
[11:24:32:164]	[OPER] ----- Initialize -----
[11:24:33:165]	[OPER] ----- Result : Completed, Description : 
[11:24:51:008]	[OPER] ----- ChangeAccessModeToManual -----
[11:24:52:009]	[OPER] ----- Result : Completed, Description : 
[11:25:06:543]	[OPER] ----- ChangeAccessModeToAuto -----
[11:25:07:543]	[OPER] ----- Result : Completed, Description : 
[11:25:14:168]	[OPER] ----- ChangeAccessModeToAuto -----
[11:25:15:169]	[OPER] ----- Result : Completed, Description : 
[11:25:56:984]	[OPER] ----- ChangeAccessModeToAuto -----
[11:25:57:984]	[OPER] ----- Result : Completed, Description : 
[11:38:32:385]	[OPER] ----- Dock -----
[11:38:33:385]	[OPER] ----- Result : Completed, Description : 
[11:39:48:642]	[OPER] ----- ChangeAccessModeToManual -----
[11:39:49:643]	[OPER] ----- Result : Completed, Description : 
[11:52:13:425]	[OPER] ----- FindLoadingMode -----
[11:52:13:426]	[OPER] ----- Result : Completed, Description : 
[11:52:13:428]	[OPER] ----- ChangeToCassette -----
[11:52:14:427]	[OPER] ----- Result : Completed, Description : 
[11:52:14:428]	[OPER] ----- Initialize -----
[11:52:15:429]	[OPER] ----- Result : Completed, Description : 
[11:56:40:147]	[OPER] ----- ChangeAccessModeToManual -----
[11:56:41:148]	[OPER] ----- Result : Completed, Description : 
[11:56:50:695]	[OPER] ----- ChangeAccessModeToAuto -----
[11:56:51:696]	[OPER] ----- Result : Completed, Description : 
[11:57:05:765]	[OPER] ----- ChangeAccessModeToManual -----
[11:57:06:767]	[OPER] ----- Result : Completed, Description : 
[11:57:22:606]	[OPER] ----- ChangeAccessModeToAuto -----
[11:57:23:607]	[OPER] ----- Result : Completed, Description : 
[11:57:34:185]	[OPER] ----- ChangeAccessModeToManual -----
[11:57:35:186]	[OPER] ----- Result : Completed, Description : 
[11:57:44:388]	[OPER] ----- ChangeAccessModeToAuto -----
[11:57:45:389]	[OPER] ----- Result : Completed, Description : 
[12:52:23:951]	[OPER] ----- ChangeAccessModeToManual -----
[12:52:24:951]	[OPER] ----- Result : Completed, Description : 
[12:52:42:583]	[OPER] ----- ChangeAccessModeToAuto -----
[12:52:43:585]	[OPER] ----- Result : Completed, Description : 
[12:53:33:045]	[OPER] ----- FindLoadingMode -----
[12:53:33:048]	[OPER] ----- Result : Completed, Description : 
[12:53:33:051]	[OPER] ----- ChangeToCassette -----
[12:53:34:049]	[OPER] ----- Result : Completed, Description : 
[12:53:34:050]	[OPER] ----- Initialize -----
[12:53:35:050]	[OPER] ----- Result : Completed, Description : 
[13:04:47:186]	[OPER] ----- ChangeAccessModeToAuto -----
[13:04:48:187]	[OPER] ----- Result : Completed, Description : 
[13:06:23:001]	[OPER] ----- FindLoadingMode -----
[13:06:23:002]	[OPER] ----- Result : Completed, Description : 
[13:06:23:004]	[OPER] ----- ChangeToCassette -----
[13:06:24:003]	[OPER] ----- Result : Completed, Description : 
[13:06:24:005]	[OPER] ----- Initialize -----
[13:06:25:005]	[OPER] ----- Result : Completed, Description : 
[13:07:41:176]	[OPER] ----- ChangeAccessModeToAuto -----
[13:07:44:494]	[OPER] ----- Result : Completed, Description : 
[13:08:35:244]	[OPER] ----- FindLoadingMode -----
[13:08:35:246]	[OPER] ----- Result : Completed, Description : 
[13:08:35:249]	[OPER] ----- ChangeToCassette -----
[13:08:36:246]	[OPER] ----- Result : Completed, Description : 
[13:08:36:247]	[OPER] ----- Initialize -----
[13:08:55:628]	[OPER] ----- Result : Completed, Description : 
[13:09:35:229]	[OPER] ----- ChangeAccessModeToAuto -----
[13:09:40:428]	[OPER] ----- Result : Completed, Description : 
[13:10:21:392]	[OPER] ----- FindLoadingMode -----
[13:10:21:393]	[OPER] ----- Result : Completed, Description : 
[13:10:21:396]	[OPER] ----- ChangeToCassette -----
[13:10:22:393]	[OPER] ----- Result : Completed, Description : 
[13:10:22:394]	[OPER] ----- Initialize -----
[13:15:09:035]	[OPER] ----- FindLoadingMode -----
[13:15:09:036]	[OPER] ----- Result : Completed, Description : 
[13:15:09:039]	[OPER] ----- ChangeToCassette -----
[13:15:10:036]	[OPER] ----- Result : Completed, Description : 
[13:15:10:037]	[OPER] ----- Initialize -----
[13:15:20:409]	[OPER] ----- Result : Completed, Description : 
[15:58:29:207]	[OPER] ----- FindLoadingMode -----
[15:58:29:208]	[OPER] ----- Result : Completed, Description : 
[15:58:29:211]	[OPER] ----- ChangeToCassette -----
[15:58:30:208]	[OPER] ----- Result : Completed, Description : 
[15:58:30:209]	[OPER] ----- Initialize -----
[15:58:35:979]	[OPER] ----- Result : Completed, Description : 
