[12:26:15:390]	[RECV] C01000000
[13:40:51:922]	[OPER] ----- Initialize -----
[13:40:51:922]	[SEND] RESET
[13:40:51:973]	[RECV] A
[13:40:51:974]	[RECV] O
[13:40:51:978]	[SEND] HOM
[13:40:52:018]	[RECV] A
[13:41:07:283]	[RECV] O
[13:41:07:286]	[SEND] STATUS
[13:41:07:338]	[RECV] A
[13:41:07:339]	[RECV] S7350142B
[13:41:07:340]	[OPER] ----- Result : Completed, Description : 
[13:41:07:341]	[OPER] ----- ChangeToCassette -----
[13:41:07:341]	[SEND] RESET
[13:41:07:385]	[RECV] A
[13:41:07:386]	[RECV] O
[13:41:07:390]	[SEND] OC_MODE ON
[13:41:07:438]	[RECV] A
[13:41:07:439]	[RECV] O
[13:41:07:442]	[SEND] STATUS
[13:41:07:494]	[RECV] A
[13:41:07:495]	[RECV] S7350142B
[13:41:07:496]	[OPER] ----- Result : Completed, Description : 
[14:45:21:379]	[RECV] C01000000
[14:56:50:866]	[OPER] ----- Initialize -----
[14:56:50:866]	[SEND] RESET
[14:56:50:916]	[RECV] A
[14:56:50:917]	[RECV] O
[14:56:50:920]	[SEND] HOM
[14:56:50:960]	[RECV] A
[14:57:02:109]	[RECV] O
[14:57:02:113]	[SEND] STATUS
[14:57:02:165]	[RECV] A
[14:57:02:166]	[RECV] S7350142B
[14:57:02:167]	[OPER] ----- Result : Completed, Description : 
[14:57:02:168]	[OPER] ----- ChangeToCassette -----
[14:57:02:168]	[SEND] RESET
[14:57:02:209]	[RECV] A
[14:57:02:210]	[RECV] O
[14:57:02:213]	[SEND] OC_MODE ON
[14:57:02:261]	[RECV] A
[14:57:02:262]	[RECV] O
[14:57:02:266]	[SEND] STATUS
[14:57:02:318]	[RECV] A
[14:57:02:319]	[RECV] S7350142B
[14:57:02:320]	[OPER] ----- Result : Completed, Description : 
[22:30:03:260]	[OPER] ----- Initialize -----
[22:30:03:260]	[SEND] RESET
[22:30:03:308]	[RECV] A
[22:30:03:309]	[RECV] O
[22:30:03:312]	[SEND] HOM
[22:30:03:355]	[RECV] A
[22:30:15:042]	[RECV] O
[22:30:15:046]	[SEND] STATUS
[22:30:15:097]	[RECV] A
[22:30:15:098]	[RECV] S7350142B
[22:30:15:099]	[OPER] ----- Result : Completed, Description : 
[22:30:15:102]	[OPER] ----- ChangeToCassette -----
[22:30:15:102]	[SEND] RESET
[22:30:15:145]	[RECV] A
[22:30:15:146]	[RECV] O
[22:30:15:150]	[SEND] OC_MODE ON
[22:30:15:198]	[RECV] A
[22:30:15:199]	[RECV] O
[22:30:15:203]	[SEND] STATUS
[22:30:15:254]	[RECV] A
[22:30:15:255]	[RECV] S7350142B
[22:30:15:257]	[OPER] ----- Result : Completed, Description : 
[22:47:06:394]	[RECV] C01000000
