[00:01:15:003]	[OPER] Start> Unload
[00:01:15:003]	[SEND] RESET
[00:01:15:046]	[RECV] A
[00:01:15:047]	[RECV] O
[00:01:15:051]	[SEND] CFG_SLOTS
[00:01:15:098]	[RECV] A
[00:01:15:099]	[RECV] 13
[00:01:15:102]	[SEND] UNLOAD O
[00:01:15:148]	[RECV] A
[00:01:22:392]	[RECV] M00000000,00000000,00000000
[00:01:22:395]	[SEND] STATUS
[00:01:22:447]	[RECV] A
[00:01:22:448]	[RECV] S7350142B
[00:01:22:450]	[OPER] End> Unload, Result : Completed
[00:01:24:466]	[OPER] Start> Clamp
[00:01:24:466]	[SEND] RESET
[00:01:24:508]	[RECV] A
[00:01:24:509]	[RECV] O
[00:01:24:512]	[SEND] POD_LOCK ON
[00:01:24:563]	[RECV] A
[00:01:24:564]	[RECV] O
[00:01:24:568]	[SEND] STATUS
[00:01:24:620]	[RECV] A
[00:01:24:621]	[RECV] S7350142B
[00:01:24:623]	[OPER] End> Clamp, Result : Completed
[00:01:24:809]	[OPER] Start> Load
[00:01:24:809]	[SEND] RESET
[00:01:24:851]	[RECV] A
[00:01:24:852]	[RECV] O
[00:01:24:856]	[SEND] CFG_SLOTS
[00:01:24:904]	[RECV] A
[00:01:24:905]	[RECV] 13
[00:01:24:908]	[SEND] LOAD O
[00:01:24:950]	[RECV] A
[00:01:37:045]	[RECV] M00000000,00000000,00000000
[00:01:37:048]	[SEND] STATUS
[00:01:37:100]	[RECV] A
[00:01:37:101]	[RECV] S33500C27
[00:01:37:102]	[OPER] End> Load, Result : Completed
[00:13:29:673]	[OPER] Start> Unload
[00:13:29:673]	[SEND] RESET
[00:13:29:716]	[RECV] A
[00:13:29:717]	[RECV] O
[00:13:29:720]	[SEND] CFG_SLOTS
[00:13:29:768]	[RECV] A
[00:13:29:769]	[RECV] 13
[00:13:29:772]	[SEND] UNLOAD O
[00:13:29:814]	[RECV] A
[00:13:37:059]	[RECV] M00000000,00000000,00000000
[00:13:37:061]	[SEND] STATUS
[00:13:37:113]	[RECV] A
[00:13:37:114]	[RECV] S7350142B
[00:13:37:114]	[OPER] End> Unload, Result : Completed
[00:13:39:131]	[OPER] Start> Clamp
[00:13:39:131]	[SEND] RESET
[00:13:39:172]	[RECV] A
[00:13:39:173]	[RECV] O
[00:13:39:176]	[SEND] POD_LOCK ON
[00:13:39:227]	[RECV] A
[00:13:39:228]	[RECV] O
[00:13:39:232]	[SEND] STATUS
[00:13:39:285]	[RECV] A
[00:13:39:286]	[RECV] S7350142B
[00:13:39:286]	[OPER] End> Clamp, Result : Completed
[00:13:39:472]	[OPER] Start> Load
[00:13:39:472]	[SEND] RESET
[00:13:39:515]	[RECV] A
[00:13:39:516]	[RECV] O
[00:13:39:519]	[SEND] CFG_SLOTS
[00:13:39:567]	[RECV] A
[00:13:39:568]	[RECV] 13
[00:13:39:572]	[SEND] LOAD O
[00:13:39:614]	[RECV] A
[00:13:51:692]	[RECV] M00000000,00000000,00000000
[00:13:51:695]	[SEND] STATUS
[00:13:51:747]	[RECV] A
[00:13:51:748]	[RECV] S33500C27
[00:13:51:749]	[OPER] End> Load, Result : Completed
[00:26:05:497]	[OPER] Start> Unload
[00:26:05:497]	[SEND] RESET
[00:26:05:540]	[RECV] A
[00:26:05:541]	[RECV] O
[00:26:05:544]	[SEND] CFG_SLOTS
[00:26:05:593]	[RECV] A
[00:26:05:594]	[RECV] 13
[00:26:05:598]	[SEND] UNLOAD O
[00:26:05:641]	[RECV] A
[00:26:12:881]	[RECV] M00000000,00000000,00000000
[00:26:12:883]	[SEND] STATUS
[00:26:12:935]	[RECV] A
[00:26:12:936]	[RECV] S7350142B
[00:26:12:936]	[OPER] End> Unload, Result : Completed
[00:26:14:952]	[OPER] Start> Clamp
[00:26:14:952]	[SEND] RESET
[00:26:14:996]	[RECV] A
[00:26:14:997]	[RECV] O
[00:26:15:000]	[SEND] POD_LOCK ON
[00:26:15:052]	[RECV] A
[00:26:15:053]	[RECV] O
[00:26:15:056]	[SEND] STATUS
[00:26:15:108]	[RECV] A
[00:26:15:109]	[RECV] S7350142B
[00:26:15:110]	[OPER] End> Clamp, Result : Completed
[00:26:15:296]	[OPER] Start> Load
[00:26:15:296]	[SEND] RESET
[00:26:15:340]	[RECV] A
[00:26:15:341]	[RECV] O
[00:26:15:346]	[SEND] CFG_SLOTS
[00:26:15:394]	[RECV] A
[00:26:15:395]	[RECV] 13
[00:26:15:399]	[SEND] LOAD O
[00:26:15:441]	[RECV] A
[00:26:27:534]	[RECV] M00000000,00000000,00000000
[00:26:27:536]	[SEND] STATUS
[00:26:27:589]	[RECV] A
[00:26:27:590]	[RECV] S33500C27
[00:26:27:590]	[OPER] End> Load, Result : Completed
[00:38:14:773]	[OPER] Start> Unload
[00:38:14:773]	[SEND] RESET
[00:38:14:817]	[RECV] A
[00:38:14:818]	[RECV] O
[00:38:14:820]	[SEND] CFG_SLOTS
[00:38:14:869]	[RECV] A
[00:38:14:870]	[RECV] 13
[00:38:14:872]	[SEND] UNLOAD O
[00:38:14:916]	[RECV] A
[00:38:22:159]	[RECV] M00000000,00000000,00000000
[00:38:22:162]	[SEND] STATUS
[00:38:22:214]	[RECV] A
[00:38:22:215]	[RECV] S7350142B
[00:38:22:215]	[OPER] End> Unload, Result : Completed
[00:38:24:232]	[OPER] Start> Clamp
[00:38:24:232]	[SEND] RESET
[00:38:24:275]	[RECV] A
[00:38:24:276]	[RECV] O
[00:38:24:279]	[SEND] POD_LOCK ON
[00:38:24:330]	[RECV] A
[00:38:24:331]	[RECV] O
[00:38:24:334]	[SEND] STATUS
[00:38:24:386]	[RECV] A
[00:38:24:387]	[RECV] S7350142B
[00:38:24:388]	[OPER] End> Clamp, Result : Completed
[00:38:24:574]	[OPER] Start> Load
[00:38:24:574]	[SEND] RESET
[00:38:24:618]	[RECV] A
[00:38:24:619]	[RECV] O
[00:38:24:622]	[SEND] CFG_SLOTS
[00:38:24:670]	[RECV] A
[00:38:24:670]	[RECV] 13
[00:38:24:672]	[SEND] LOAD O
[00:38:24:714]	[RECV] A
[00:38:36:797]	[RECV] M00000000,00000000,00000000
[00:38:36:801]	[SEND] STATUS
[00:38:36:852]	[RECV] A
[00:38:36:853]	[RECV] S33500C27
[00:38:36:855]	[OPER] End> Load, Result : Completed
[00:50:45:321]	[OPER] Start> Unload
[00:50:45:321]	[SEND] RESET
[00:50:45:364]	[RECV] A
[00:50:45:365]	[RECV] O
[00:50:45:368]	[SEND] CFG_SLOTS
[00:50:45:415]	[RECV] A
[00:50:45:416]	[RECV] 13
[00:50:45:420]	[SEND] UNLOAD O
[00:50:45:465]	[RECV] A
[00:50:52:708]	[RECV] M00000000,00000000,00000000
[00:50:52:711]	[SEND] STATUS
[00:50:52:763]	[RECV] A
[00:50:52:764]	[RECV] S7350142B
[00:50:52:765]	[OPER] End> Unload, Result : Completed
[00:50:54:781]	[OPER] Start> Clamp
[00:50:54:781]	[SEND] RESET
[00:50:54:824]	[RECV] A
[00:50:54:825]	[RECV] O
[00:50:54:829]	[SEND] POD_LOCK ON
[00:50:54:881]	[RECV] A
[00:50:54:882]	[RECV] O
[00:50:54:884]	[SEND] STATUS
[00:50:54:935]	[RECV] A
[00:50:54:936]	[RECV] S7350142B
[00:50:54:937]	[OPER] End> Clamp, Result : Completed
[00:50:55:122]	[OPER] Start> Load
[00:50:55:122]	[SEND] RESET
[00:50:55:165]	[RECV] A
[00:50:55:166]	[RECV] O
[00:50:55:168]	[SEND] CFG_SLOTS
[00:50:55:216]	[RECV] A
[00:50:55:217]	[RECV] 13
[00:50:55:220]	[SEND] LOAD O
[00:50:55:262]	[RECV] A
[00:51:07:350]	[RECV] M00000000,00000000,00000000
[00:51:07:353]	[SEND] STATUS
[00:51:07:405]	[RECV] A
[00:51:07:406]	[RECV] S33500C27
[00:51:07:407]	[OPER] End> Load, Result : Completed
[01:02:53:922]	[OPER] Start> Unload
[01:02:53:922]	[SEND] RESET
[01:02:53:964]	[RECV] A
[01:02:53:965]	[RECV] O
[01:02:53:967]	[SEND] CFG_SLOTS
[01:02:54:015]	[RECV] A
[01:02:54:016]	[RECV] 13
[01:02:54:018]	[SEND] UNLOAD O
[01:02:54:062]	[RECV] A
[01:03:01:302]	[RECV] M00000000,00000000,00000000
[01:03:01:306]	[SEND] STATUS
[01:03:01:358]	[RECV] A
[01:03:01:359]	[RECV] S7350142B
[01:03:01:360]	[OPER] End> Unload, Result : Completed
[01:03:03:377]	[OPER] Start> Clamp
[01:03:03:377]	[SEND] RESET
[01:03:03:420]	[RECV] A
[01:03:03:421]	[RECV] O
[01:03:03:425]	[SEND] POD_LOCK ON
[01:03:03:475]	[RECV] A
[01:03:03:476]	[RECV] O
[01:03:03:479]	[SEND] STATUS
[01:03:03:531]	[RECV] A
[01:03:03:532]	[RECV] S7350142B
[01:03:03:533]	[OPER] End> Clamp, Result : Completed
[01:03:03:720]	[OPER] Start> Load
[01:03:03:720]	[SEND] RESET
[01:03:03:764]	[RECV] A
[01:03:03:765]	[RECV] O
[01:03:03:769]	[SEND] CFG_SLOTS
[01:03:03:816]	[RECV] A
[01:03:03:816]	[RECV] 13
[01:03:03:820]	[SEND] LOAD O
[01:03:03:862]	[RECV] A
[01:03:15:936]	[RECV] M00000000,00000000,00000000
[01:03:15:940]	[SEND] STATUS
[01:03:15:991]	[RECV] A
[01:03:15:992]	[RECV] S33500C27
[01:03:15:992]	[OPER] End> Load, Result : Completed
[01:15:23:878]	[OPER] Start> Unload
[01:15:23:878]	[SEND] RESET
[01:15:23:922]	[RECV] A
[01:15:23:923]	[RECV] O
[01:15:23:926]	[SEND] CFG_SLOTS
[01:15:23:972]	[RECV] A
[01:15:23:973]	[RECV] 13
[01:15:23:976]	[SEND] UNLOAD O
[01:15:24:020]	[RECV] A
[01:15:31:262]	[RECV] M00000000,00000000,00000000
[01:15:31:265]	[SEND] STATUS
[01:15:31:318]	[RECV] A
[01:15:31:319]	[RECV] S7350142B
[01:15:31:319]	[OPER] End> Unload, Result : Completed
[01:15:33:334]	[OPER] Start> Clamp
[01:15:33:334]	[SEND] RESET
[01:15:33:377]	[RECV] A
[01:15:33:378]	[RECV] O
[01:15:33:380]	[SEND] POD_LOCK ON
[01:15:33:432]	[RECV] A
[01:15:33:433]	[RECV] O
[01:15:33:436]	[SEND] STATUS
[01:15:33:487]	[RECV] A
[01:15:33:488]	[RECV] S7350142B
[01:15:33:488]	[OPER] End> Clamp, Result : Completed
[01:15:33:672]	[OPER] Start> Load
[01:15:33:672]	[SEND] RESET
[01:15:33:714]	[RECV] A
[01:15:33:715]	[RECV] O
[01:15:33:719]	[SEND] CFG_SLOTS
[01:15:33:767]	[RECV] A
[01:15:33:768]	[RECV] 13
[01:15:33:771]	[SEND] LOAD O
[01:15:33:812]	[RECV] A
[01:15:45:894]	[RECV] M00000000,00000000,00000000
[01:15:45:898]	[SEND] STATUS
[01:15:45:950]	[RECV] A
[01:15:45:951]	[RECV] S33500C27
[01:15:45:952]	[OPER] End> Load, Result : Completed
[01:27:26:755]	[OPER] Start> Unload
[01:27:26:755]	[SEND] RESET
[01:27:26:797]	[RECV] A
[01:27:26:798]	[RECV] O
[01:27:26:800]	[SEND] CFG_SLOTS
[01:27:26:848]	[RECV] A
[01:27:26:849]	[RECV] 13
[01:27:26:852]	[SEND] UNLOAD O
[01:27:26:894]	[RECV] A
[01:27:34:138]	[RECV] M00000000,00000000,00000000
[01:27:34:141]	[SEND] STATUS
[01:27:34:192]	[RECV] A
[01:27:34:193]	[RECV] S7350142B
[01:27:34:194]	[OPER] End> Unload, Result : Completed
[01:27:36:211]	[OPER] Start> Clamp
[01:27:36:211]	[SEND] RESET
[01:27:36:252]	[RECV] A
[01:27:36:253]	[RECV] O
[01:27:36:256]	[SEND] POD_LOCK ON
[01:27:36:308]	[RECV] A
[01:27:36:309]	[RECV] O
[01:27:36:313]	[SEND] STATUS
[01:27:36:366]	[RECV] A
[01:27:36:367]	[RECV] S7350142B
[01:27:36:369]	[OPER] End> Clamp, Result : Completed
[01:27:36:556]	[OPER] Start> Load
[01:27:36:556]	[SEND] RESET
[01:27:36:599]	[RECV] A
[01:27:36:600]	[RECV] O
[01:27:36:601]	[SEND] CFG_SLOTS
[01:27:36:649]	[RECV] A
[01:27:36:650]	[RECV] 13
[01:27:36:654]	[SEND] LOAD O
[01:27:36:696]	[RECV] A
[01:27:48:778]	[RECV] M00000000,00000000,00000000
[01:27:48:782]	[SEND] STATUS
[01:27:48:834]	[RECV] A
[01:27:48:835]	[RECV] S33500C27
[01:27:48:835]	[OPER] End> Load, Result : Completed
[01:39:50:006]	[OPER] Start> Unload
[01:39:50:006]	[SEND] RESET
[01:39:50:048]	[RECV] A
[01:39:50:049]	[RECV] O
[01:39:50:052]	[SEND] CFG_SLOTS
[01:39:50:100]	[RECV] A
[01:39:50:101]	[RECV] 13
[01:39:50:103]	[SEND] UNLOAD O
[01:39:50:147]	[RECV] A
[01:39:57:388]	[RECV] M00000000,00000000,00000000
[01:39:57:391]	[SEND] STATUS
[01:39:57:443]	[RECV] A
[01:39:57:444]	[RECV] S7350142B
[01:39:57:444]	[OPER] End> Unload, Result : Completed
[01:39:59:459]	[OPER] Start> Clamp
[01:39:59:459]	[SEND] RESET
[01:39:59:501]	[RECV] A
[01:39:59:502]	[RECV] O
[01:39:59:506]	[SEND] POD_LOCK ON
[01:39:59:558]	[RECV] A
[01:39:59:559]	[RECV] O
[01:39:59:562]	[SEND] STATUS
[01:39:59:614]	[RECV] A
[01:39:59:615]	[RECV] S7350142B
[01:39:59:617]	[OPER] End> Clamp, Result : Completed
[01:39:59:800]	[OPER] Start> Load
[01:39:59:800]	[SEND] RESET
[01:39:59:842]	[RECV] A
[01:39:59:843]	[RECV] O
[01:39:59:847]	[SEND] CFG_SLOTS
[01:39:59:894]	[RECV] A
[01:39:59:895]	[RECV] 13
[01:39:59:897]	[SEND] LOAD O
[01:39:59:938]	[RECV] A
[01:40:12:019]	[RECV] M00000000,00000000,00000000
[01:40:12:022]	[SEND] STATUS
[01:40:12:075]	[RECV] A
[01:40:12:075]	[RECV] S33500C27
[01:40:12:076]	[OPER] End> Load, Result : Completed
[01:51:55:926]	[OPER] Start> Unload
[01:51:55:926]	[SEND] RESET
[01:51:55:969]	[RECV] A
[01:51:55:970]	[RECV] O
[01:51:55:974]	[SEND] CFG_SLOTS
[01:51:56:021]	[RECV] A
[01:51:56:022]	[RECV] 13
[01:51:56:026]	[SEND] UNLOAD O
[01:51:56:072]	[RECV] A
[01:52:03:312]	[RECV] M00000000,00000000,00000000
[01:52:03:314]	[SEND] STATUS
[01:52:03:368]	[RECV] A
[01:52:03:369]	[RECV] S7350142B
[01:52:03:371]	[OPER] End> Unload, Result : Completed
[01:52:05:387]	[OPER] Start> Clamp
[01:52:05:387]	[SEND] RESET
[01:52:05:429]	[RECV] A
[01:52:05:430]	[RECV] O
[01:52:05:433]	[SEND] POD_LOCK ON
[01:52:05:484]	[RECV] A
[01:52:05:485]	[RECV] O
[01:52:05:487]	[SEND] STATUS
[01:52:05:539]	[RECV] A
[01:52:05:540]	[RECV] S7350142B
[01:52:05:541]	[OPER] End> Clamp, Result : Completed
[01:52:05:724]	[OPER] Start> Load
[01:52:05:724]	[SEND] RESET
[01:52:05:767]	[RECV] A
[01:52:05:768]	[RECV] O
[01:52:05:772]	[SEND] CFG_SLOTS
[01:52:05:819]	[RECV] A
[01:52:05:820]	[RECV] 13
[01:52:05:823]	[SEND] LOAD O
[01:52:05:866]	[RECV] A
[01:52:17:945]	[RECV] M00000000,00000000,00000000
[01:52:17:949]	[SEND] STATUS
[01:52:17:999]	[RECV] A
[01:52:18:000]	[RECV] S33500C27
[01:52:18:002]	[OPER] End> Load, Result : Completed
[02:04:23:294]	[OPER] Start> Unload
[02:04:23:294]	[SEND] RESET
[02:04:23:337]	[RECV] A
[02:04:23:338]	[RECV] O
[02:04:23:342]	[SEND] CFG_SLOTS
[02:04:23:390]	[RECV] A
[02:04:23:391]	[RECV] 13
[02:04:23:393]	[SEND] UNLOAD O
[02:04:23:438]	[RECV] A
[02:04:30:683]	[RECV] M00000000,00000000,00000000
[02:04:30:687]	[SEND] STATUS
[02:04:30:738]	[RECV] A
[02:04:30:739]	[RECV] S7350142B
[02:04:30:741]	[OPER] End> Unload, Result : Completed
[02:04:32:759]	[OPER] Start> Clamp
[02:04:32:759]	[SEND] RESET
[02:04:32:803]	[RECV] A
[02:04:32:804]	[RECV] O
[02:04:32:807]	[SEND] POD_LOCK ON
[02:04:32:859]	[RECV] A
[02:04:32:860]	[RECV] O
[02:04:32:864]	[SEND] STATUS
[02:04:32:915]	[RECV] A
[02:04:32:916]	[RECV] S7350142B
[02:04:32:918]	[OPER] End> Clamp, Result : Completed
[02:04:33:103]	[OPER] Start> Load
[02:04:33:103]	[SEND] RESET
[02:04:33:148]	[RECV] A
[02:04:33:149]	[RECV] O
[02:04:33:152]	[SEND] CFG_SLOTS
[02:04:33:200]	[RECV] A
[02:04:33:201]	[RECV] 13
[02:04:33:204]	[SEND] LOAD O
[02:04:33:246]	[RECV] A
[02:04:45:328]	[RECV] M00000000,00000000,00000000
[02:04:45:331]	[SEND] STATUS
[02:04:45:383]	[RECV] A
[02:04:45:384]	[RECV] S33500C27
[02:04:45:385]	[OPER] End> Load, Result : Completed
[02:16:34:173]	[OPER] Start> Unload
[02:16:34:173]	[SEND] RESET
[02:16:34:216]	[RECV] A
[02:16:34:217]	[RECV] O
[02:16:34:220]	[SEND] CFG_SLOTS
[02:16:34:269]	[RECV] A
[02:16:34:270]	[RECV] 13
[02:16:34:273]	[SEND] UNLOAD O
[02:16:34:318]	[RECV] A
[02:16:41:561]	[RECV] M00000000,00000000,00000000
[02:16:41:563]	[SEND] STATUS
[02:16:41:615]	[RECV] A
[02:16:41:616]	[RECV] S7350142B
[02:16:41:617]	[OPER] End> Unload, Result : Completed
[02:16:43:634]	[OPER] Start> Clamp
[02:16:43:634]	[SEND] RESET
[02:16:43:675]	[RECV] A
[02:16:43:676]	[RECV] O
[02:16:43:679]	[SEND] POD_LOCK ON
[02:16:43:730]	[RECV] A
[02:16:43:731]	[RECV] O
[02:16:43:735]	[SEND] STATUS
[02:16:43:786]	[RECV] A
[02:16:43:787]	[RECV] S7350142B
[02:16:43:788]	[OPER] End> Clamp, Result : Completed
[02:16:43:973]	[OPER] Start> Load
[02:16:43:973]	[SEND] RESET
[02:16:44:016]	[RECV] A
[02:16:44:017]	[RECV] O
[02:16:44:021]	[SEND] CFG_SLOTS
[02:16:44:068]	[RECV] A
[02:16:44:069]	[RECV] 13
[02:16:44:072]	[SEND] LOAD O
[02:16:44:114]	[RECV] A
[02:16:56:190]	[RECV] M00000000,00000000,00000000
[02:16:56:193]	[SEND] STATUS
[02:16:56:245]	[RECV] A
[02:16:56:246]	[RECV] S33500C27
[02:16:56:247]	[OPER] End> Load, Result : Completed
[02:29:05:409]	[OPER] Start> Unload
[02:29:05:409]	[SEND] RESET
[02:29:05:452]	[RECV] A
[02:29:05:453]	[RECV] O
[02:29:05:456]	[SEND] CFG_SLOTS
[02:29:05:503]	[RECV] A
[02:29:05:504]	[RECV] 13
[02:29:05:507]	[SEND] UNLOAD O
[02:29:05:553]	[RECV] A
[02:29:12:794]	[RECV] M00000000,00000000,00000000
[02:29:12:797]	[SEND] STATUS
[02:29:12:849]	[RECV] A
[02:29:12:850]	[RECV] S7350142B
[02:29:12:851]	[OPER] End> Unload, Result : Completed
[02:29:14:868]	[OPER] Start> Clamp
[02:29:14:868]	[SEND] RESET
[02:29:14:911]	[RECV] A
[02:29:14:912]	[RECV] O
[02:29:14:914]	[SEND] POD_LOCK ON
[02:29:14:966]	[RECV] A
[02:29:14:967]	[RECV] O
[02:29:14:970]	[SEND] STATUS
[02:29:15:022]	[RECV] A
[02:29:15:023]	[RECV] S7350142B
[02:29:15:024]	[OPER] End> Clamp, Result : Completed
[02:29:15:211]	[OPER] Start> Load
[02:29:15:211]	[SEND] RESET
[02:29:15:254]	[RECV] A
[02:29:15:255]	[RECV] O
[02:29:15:259]	[SEND] CFG_SLOTS
[02:29:15:308]	[RECV] A
[02:29:15:309]	[RECV] 13
[02:29:15:312]	[SEND] LOAD O
[02:29:15:353]	[RECV] A
[02:29:27:437]	[RECV] M00000000,00000000,00000000
[02:29:27:440]	[SEND] STATUS
[02:29:27:492]	[RECV] A
[02:29:27:493]	[RECV] S33500C27
[02:29:27:494]	[OPER] End> Load, Result : Completed
[02:41:23:889]	[OPER] Start> Unload
[02:41:23:889]	[SEND] RESET
[02:41:23:931]	[RECV] A
[02:41:23:932]	[RECV] O
[02:41:23:933]	[SEND] CFG_SLOTS
[02:41:23:980]	[RECV] A
[02:41:23:981]	[RECV] 13
[02:41:23:984]	[SEND] UNLOAD O
[02:41:24:027]	[RECV] A
[02:41:31:272]	[RECV] M00000000,00000000,00000000
[02:41:31:276]	[SEND] STATUS
[02:41:31:329]	[RECV] A
[02:41:31:330]	[RECV] S7350142B
[02:41:31:331]	[OPER] End> Unload, Result : Completed
[02:41:33:347]	[OPER] Start> Clamp
[02:41:33:347]	[SEND] RESET
[02:41:33:389]	[RECV] A
[02:41:33:390]	[RECV] O
[02:41:33:393]	[SEND] POD_LOCK ON
[02:41:33:445]	[RECV] A
[02:41:33:446]	[RECV] O
[02:41:33:451]	[SEND] STATUS
[02:41:33:504]	[RECV] A
[02:41:33:505]	[RECV] S7350142B
[02:41:33:505]	[OPER] End> Clamp, Result : Completed
[02:41:33:689]	[OPER] Start> Load
[02:41:33:689]	[SEND] RESET
[02:41:33:731]	[RECV] A
[02:41:33:732]	[RECV] O
[02:41:33:734]	[SEND] CFG_SLOTS
[02:41:33:782]	[RECV] A
[02:41:33:783]	[RECV] 13
[02:41:33:786]	[SEND] LOAD O
[02:41:33:828]	[RECV] A
[02:41:45:903]	[RECV] M00000000,00000000,00000000
[02:41:45:907]	[SEND] STATUS
[02:41:45:960]	[RECV] A
[02:41:45:961]	[RECV] S33500C27
[02:41:45:963]	[OPER] End> Load, Result : Completed
[02:54:05:797]	[OPER] Start> Unload
[02:54:05:797]	[SEND] RESET
[02:54:05:840]	[RECV] A
[02:54:05:841]	[RECV] O
[02:54:05:845]	[SEND] CFG_SLOTS
[02:54:05:893]	[RECV] A
[02:54:05:894]	[RECV] 13
[02:54:05:896]	[SEND] UNLOAD O
[02:54:05:940]	[RECV] A
[02:54:13:181]	[RECV] M00000000,00000000,00000000
[02:54:13:183]	[SEND] STATUS
[02:54:13:236]	[RECV] A
[02:54:13:237]	[RECV] S7350142B
[02:54:13:238]	[OPER] End> Unload, Result : Completed
[02:54:15:253]	[OPER] Start> Clamp
[02:54:15:253]	[SEND] RESET
[02:54:15:295]	[RECV] A
[02:54:15:296]	[RECV] O
[02:54:15:299]	[SEND] POD_LOCK ON
[02:54:15:350]	[RECV] A
[02:54:15:351]	[RECV] O
[02:54:15:354]	[SEND] STATUS
[02:54:15:407]	[RECV] A
[02:54:15:408]	[RECV] S7350142B
[02:54:15:410]	[OPER] End> Clamp, Result : Completed
[02:54:15:596]	[OPER] Start> Load
[02:54:15:596]	[SEND] RESET
[02:54:15:638]	[RECV] A
[02:54:15:639]	[RECV] O
[02:54:15:641]	[SEND] CFG_SLOTS
[02:54:15:689]	[RECV] A
[02:54:15:690]	[RECV] 13
[02:54:15:693]	[SEND] LOAD O
[02:54:15:734]	[RECV] A
[02:54:27:826]	[RECV] M00000000,00000000,00000000
[02:54:27:829]	[SEND] STATUS
[02:54:27:880]	[RECV] A
[02:54:27:881]	[RECV] S33500C27
[02:54:27:882]	[OPER] End> Load, Result : Completed
[03:06:23:879]	[OPER] Start> Unload
[03:06:23:879]	[SEND] RESET
[03:06:23:922]	[RECV] A
[03:06:23:923]	[RECV] O
[03:06:23:925]	[SEND] CFG_SLOTS
[03:06:23:973]	[RECV] A
[03:06:23:974]	[RECV] 13
[03:06:23:977]	[SEND] UNLOAD O
[03:06:24:021]	[RECV] A
[03:06:31:265]	[RECV] M00000000,00000000,00000000
[03:06:31:267]	[SEND] STATUS
[03:06:31:319]	[RECV] A
[03:06:31:320]	[RECV] S7350142B
[03:06:31:321]	[OPER] End> Unload, Result : Completed
[03:06:33:339]	[OPER] Start> Clamp
[03:06:33:339]	[SEND] RESET
[03:06:33:381]	[RECV] A
[03:06:33:382]	[RECV] O
[03:06:33:386]	[SEND] POD_LOCK ON
[03:06:33:436]	[RECV] A
[03:06:33:437]	[RECV] O
[03:06:33:441]	[SEND] STATUS
[03:06:33:494]	[RECV] A
[03:06:33:495]	[RECV] S7350142B
[03:06:33:496]	[OPER] End> Clamp, Result : Completed
[03:06:33:684]	[OPER] Start> Load
[03:06:33:684]	[SEND] RESET
[03:06:33:726]	[RECV] A
[03:06:33:727]	[RECV] O
[03:06:33:732]	[SEND] CFG_SLOTS
[03:06:33:779]	[RECV] A
[03:06:33:780]	[RECV] 13
[03:06:33:783]	[SEND] LOAD O
[03:06:33:824]	[RECV] A
[03:06:45:900]	[RECV] M00000000,00000000,00000000
[03:06:45:904]	[SEND] STATUS
[03:06:45:956]	[RECV] A
[03:06:45:957]	[RECV] S33500C27
[03:06:45:958]	[OPER] End> Load, Result : Completed
[03:19:04:245]	[OPER] Start> Unload
[03:19:04:245]	[SEND] RESET
[03:19:04:289]	[RECV] A
[03:19:04:290]	[RECV] O
[03:19:04:294]	[SEND] CFG_SLOTS
[03:19:04:342]	[RECV] A
[03:19:04:343]	[RECV] 13
[03:19:04:347]	[SEND] UNLOAD O
[03:19:04:390]	[RECV] A
[03:19:11:637]	[RECV] M00000000,00000000,00000000
[03:19:11:640]	[SEND] STATUS
[03:19:11:692]	[RECV] A
[03:19:11:693]	[RECV] S7350142B
[03:19:11:695]	[OPER] End> Unload, Result : Completed
[03:19:13:712]	[OPER] Start> Clamp
[03:19:13:712]	[SEND] RESET
[03:19:13:753]	[RECV] A
[03:19:13:754]	[RECV] O
[03:19:13:757]	[SEND] POD_LOCK ON
[03:19:13:808]	[RECV] A
[03:19:13:809]	[RECV] O
[03:19:13:811]	[SEND] STATUS
[03:19:13:864]	[RECV] A
[03:19:13:865]	[RECV] S7350142B
[03:19:13:867]	[OPER] End> Clamp, Result : Completed
[03:19:14:051]	[OPER] Start> Load
[03:19:14:051]	[SEND] RESET
[03:19:14:093]	[RECV] A
[03:19:14:094]	[RECV] O
[03:19:14:097]	[SEND] CFG_SLOTS
[03:19:14:145]	[RECV] A
[03:19:14:146]	[RECV] 13
[03:19:14:150]	[SEND] LOAD O
[03:19:14:191]	[RECV] A
[03:19:26:275]	[RECV] M00000000,00000000,00000000
[03:19:26:278]	[SEND] STATUS
[03:19:26:331]	[RECV] A
[03:19:26:333]	[RECV] S33500C27
[03:19:26:334]	[OPER] End> Load, Result : Completed
[03:31:24:871]	[OPER] Start> Unload
[03:31:24:871]	[SEND] RESET
[03:31:24:915]	[RECV] A
[03:31:24:916]	[RECV] O
[03:31:24:919]	[SEND] CFG_SLOTS
[03:31:24:968]	[RECV] A
[03:31:24:969]	[RECV] 13
[03:31:24:972]	[SEND] UNLOAD O
[03:31:25:016]	[RECV] A
[03:31:32:260]	[RECV] M00000000,00000000,00000000
[03:31:32:264]	[SEND] STATUS
[03:31:32:317]	[RECV] A
[03:31:32:318]	[RECV] S7350142B
[03:31:32:321]	[OPER] End> Unload, Result : Completed
[03:31:34:336]	[OPER] Start> Clamp
[03:31:34:336]	[SEND] RESET
[03:31:34:380]	[RECV] A
[03:31:34:381]	[RECV] O
[03:31:34:384]	[SEND] POD_LOCK ON
[03:31:34:437]	[RECV] A
[03:31:34:438]	[RECV] O
[03:31:34:441]	[SEND] STATUS
[03:31:34:493]	[RECV] A
[03:31:34:494]	[RECV] S7350142B
[03:31:34:496]	[OPER] End> Clamp, Result : Completed
[03:31:34:681]	[OPER] Start> Load
[03:31:34:681]	[SEND] RESET
[03:31:34:724]	[RECV] A
[03:31:34:725]	[RECV] O
[03:31:34:727]	[SEND] CFG_SLOTS
[03:31:34:775]	[RECV] A
[03:31:34:776]	[RECV] 13
[03:31:34:779]	[SEND] LOAD O
[03:31:34:821]	[RECV] A
[03:31:46:901]	[RECV] M00000000,00000000,00000000
[03:31:46:904]	[SEND] STATUS
[03:31:46:956]	[RECV] A
[03:31:46:957]	[RECV] S33500C27
[03:31:46:958]	[OPER] End> Load, Result : Completed
[03:44:08:275]	[OPER] Start> Unload
[03:44:08:275]	[SEND] RESET
[03:44:08:318]	[RECV] A
[03:44:08:319]	[RECV] O
[03:44:08:323]	[SEND] CFG_SLOTS
[03:44:08:371]	[RECV] A
[03:44:08:372]	[RECV] 13
[03:44:08:375]	[SEND] UNLOAD O
[03:44:08:418]	[RECV] A
[03:44:15:663]	[RECV] M00000000,00000000,00000000
[03:44:15:666]	[SEND] STATUS
[03:44:15:717]	[RECV] A
[03:44:15:718]	[RECV] S7350142B
[03:44:15:720]	[OPER] End> Unload, Result : Completed
[03:44:17:736]	[OPER] Start> Clamp
[03:44:17:736]	[SEND] RESET
[03:44:17:778]	[RECV] A
[03:44:17:779]	[RECV] O
[03:44:17:781]	[SEND] POD_LOCK ON
[03:44:17:834]	[RECV] A
[03:44:17:835]	[RECV] O
[03:44:17:837]	[SEND] STATUS
[03:44:17:889]	[RECV] A
[03:44:17:890]	[RECV] S7350142B
[03:44:17:890]	[OPER] End> Clamp, Result : Completed
[03:44:18:073]	[OPER] Start> Load
[03:44:18:073]	[SEND] RESET
[03:44:18:115]	[RECV] A
[03:44:18:116]	[RECV] O
[03:44:18:119]	[SEND] CFG_SLOTS
[03:44:18:167]	[RECV] A
[03:44:18:168]	[RECV] 13
[03:44:18:171]	[SEND] LOAD O
[03:44:18:213]	[RECV] A
[03:44:30:300]	[RECV] M00000000,00000000,00000000
[03:44:30:304]	[SEND] STATUS
[03:44:30:355]	[RECV] A
[03:44:30:356]	[RECV] S33500C27
[03:44:30:357]	[OPER] End> Load, Result : Completed
[03:56:29:992]	[OPER] Start> Unload
[03:56:29:992]	[SEND] RESET
[03:56:30:035]	[RECV] A
[03:56:30:036]	[RECV] O
[03:56:30:039]	[SEND] CFG_SLOTS
[03:56:30:088]	[RECV] A
[03:56:30:089]	[RECV] 13
[03:56:30:093]	[SEND] UNLOAD O
[03:56:30:138]	[RECV] A
[03:56:37:379]	[RECV] M00000000,00000000,00000000
[03:56:37:382]	[SEND] STATUS
[03:56:37:435]	[RECV] A
[03:56:37:436]	[RECV] S7350142B
[03:56:37:438]	[OPER] End> Unload, Result : Completed
[03:56:39:454]	[OPER] Start> Clamp
[03:56:39:454]	[SEND] RESET
[03:56:39:498]	[RECV] A
[03:56:39:499]	[RECV] O
[03:56:39:503]	[SEND] POD_LOCK ON
[03:56:39:555]	[RECV] A
[03:56:39:556]	[RECV] O
[03:56:39:560]	[SEND] STATUS
[03:56:39:611]	[RECV] A
[03:56:39:612]	[RECV] S7350142B
[03:56:39:613]	[OPER] End> Clamp, Result : Completed
[03:56:39:798]	[OPER] Start> Load
[03:56:39:798]	[SEND] RESET
[03:56:39:841]	[RECV] A
[03:56:39:842]	[RECV] O
[03:56:39:844]	[SEND] CFG_SLOTS
[03:56:39:892]	[RECV] A
[03:56:39:893]	[RECV] 13
[03:56:39:896]	[SEND] LOAD O
[03:56:39:938]	[RECV] A
[03:56:52:017]	[RECV] M00000000,00000000,00000000
[03:56:52:021]	[SEND] STATUS
[03:56:52:073]	[RECV] A
[03:56:52:074]	[RECV] S33500C27
[03:56:52:074]	[OPER] End> Load, Result : Completed
[04:09:13:600]	[OPER] Start> Unload
[04:09:13:600]	[SEND] RESET
[04:09:13:647]	[RECV] A
[04:09:13:648]	[RECV] O
[04:09:13:652]	[SEND] CFG_SLOTS
[04:09:13:702]	[RECV] A
[04:09:13:703]	[RECV] 13
[04:09:13:706]	[SEND] UNLOAD O
[04:09:13:750]	[RECV] A
[04:09:20:995]	[RECV] M00000000,00000000,00000000
[04:09:20:998]	[SEND] STATUS
[04:09:21:050]	[RECV] A
[04:09:21:051]	[RECV] S7350142B
[04:09:21:053]	[OPER] End> Unload, Result : Completed
[04:09:23:070]	[OPER] Start> Clamp
[04:09:23:070]	[SEND] RESET
[04:09:23:113]	[RECV] A
[04:09:23:114]	[RECV] O
[04:09:23:117]	[SEND] POD_LOCK ON
[04:09:23:170]	[RECV] A
[04:09:23:171]	[RECV] O
[04:09:23:174]	[SEND] STATUS
[04:09:23:225]	[RECV] A
[04:09:23:226]	[RECV] S7350142B
[04:09:23:226]	[OPER] End> Clamp, Result : Completed
[04:09:23:409]	[OPER] Start> Load
[04:09:23:409]	[SEND] RESET
[04:09:23:451]	[RECV] A
[04:09:23:452]	[RECV] O
[04:09:23:454]	[SEND] CFG_SLOTS
[04:09:23:502]	[RECV] A
[04:09:23:503]	[RECV] 13
[04:09:23:506]	[SEND] LOAD O
[04:09:23:547]	[RECV] A
[04:09:35:632]	[RECV] M00000000,00000000,00000000
[04:09:35:635]	[SEND] STATUS
[04:09:35:687]	[RECV] A
[04:09:35:688]	[RECV] S33500C27
[04:09:35:689]	[OPER] End> Load, Result : Completed
[04:21:25:217]	[OPER] Start> Unload
[04:21:25:217]	[SEND] RESET
[04:21:25:260]	[RECV] A
[04:21:25:261]	[RECV] O
[04:21:25:263]	[SEND] CFG_SLOTS
[04:21:25:311]	[RECV] A
[04:21:25:314]	[RECV] 13
[04:21:25:318]	[SEND] UNLOAD O
[04:21:25:361]	[RECV] A
[04:21:32:607]	[RECV] M00000000,00000000,00000000
[04:21:32:610]	[SEND] STATUS
[04:21:32:662]	[RECV] A
[04:21:32:663]	[RECV] S7350142B
[04:21:32:664]	[OPER] End> Unload, Result : Completed
[04:21:34:681]	[OPER] Start> Clamp
[04:21:34:681]	[SEND] RESET
[04:21:34:725]	[RECV] A
[04:21:34:726]	[RECV] O
[04:21:34:729]	[SEND] POD_LOCK ON
[04:21:34:781]	[RECV] A
[04:21:34:782]	[RECV] O
[04:21:34:786]	[SEND] STATUS
[04:21:34:838]	[RECV] A
[04:21:34:839]	[RECV] S7350142B
[04:21:34:841]	[OPER] End> Clamp, Result : Completed
[04:21:35:029]	[OPER] Start> Load
[04:21:35:029]	[SEND] RESET
[04:21:35:072]	[RECV] A
[04:21:35:073]	[RECV] O
[04:21:35:077]	[SEND] CFG_SLOTS
[04:21:35:126]	[RECV] A
[04:21:35:127]	[RECV] 13
[04:21:35:129]	[SEND] LOAD O
[04:21:35:171]	[RECV] A
[04:21:47:247]	[RECV] M00000000,00000000,00000000
[04:21:47:251]	[SEND] STATUS
[04:21:47:303]	[RECV] A
[04:21:47:304]	[RECV] S33500C27
[04:21:47:305]	[OPER] End> Load, Result : Completed
[04:34:00:006]	[OPER] Start> Unload
[04:34:00:006]	[SEND] RESET
[04:34:00:049]	[RECV] A
[04:34:00:050]	[RECV] O
[04:34:00:053]	[SEND] CFG_SLOTS
[04:34:00:102]	[RECV] A
[04:34:00:103]	[RECV] 13
[04:34:00:106]	[SEND] UNLOAD O
[04:34:00:149]	[RECV] A
[04:34:07:393]	[RECV] M00000000,00000000,00000000
[04:34:07:397]	[SEND] STATUS
[04:34:07:449]	[RECV] A
[04:34:07:450]	[RECV] S7350142B
[04:34:07:451]	[OPER] End> Unload, Result : Completed
[04:34:09:468]	[OPER] Start> Clamp
[04:34:09:468]	[SEND] RESET
[04:34:09:511]	[RECV] A
[04:34:09:512]	[RECV] O
[04:34:09:516]	[SEND] POD_LOCK ON
[04:34:09:566]	[RECV] A
[04:34:09:567]	[RECV] O
[04:34:09:571]	[SEND] STATUS
[04:34:09:623]	[RECV] A
[04:34:09:624]	[RECV] S7350142B
[04:34:09:625]	[OPER] End> Clamp, Result : Completed
[04:34:09:809]	[OPER] Start> Load
[04:34:09:809]	[SEND] RESET
[04:34:09:853]	[RECV] A
[04:34:09:854]	[RECV] O
[04:34:09:857]	[SEND] CFG_SLOTS
[04:34:09:908]	[RECV] A
[04:34:09:909]	[RECV] 13
[04:34:09:911]	[SEND] LOAD O
[04:34:09:953]	[RECV] A
[04:34:22:040]	[RECV] M00000000,00000000,00000000
[04:34:22:044]	[SEND] STATUS
[04:34:22:096]	[RECV] A
[04:34:22:097]	[RECV] S33500C27
[04:34:22:098]	[OPER] End> Load, Result : Completed
[04:46:10:973]	[OPER] Start> Unload
[04:46:10:973]	[SEND] RESET
[04:46:11:015]	[RECV] A
[04:46:11:016]	[RECV] O
[04:46:11:020]	[SEND] CFG_SLOTS
[04:46:11:069]	[RECV] A
[04:46:11:070]	[RECV] 13
[04:46:11:073]	[SEND] UNLOAD O
[04:46:11:116]	[RECV] A
[04:46:18:364]	[RECV] M00000000,00000000,00000000
[04:46:18:368]	[SEND] STATUS
[04:46:18:421]	[RECV] A
[04:46:18:422]	[RECV] S7350142B
[04:46:18:424]	[OPER] End> Unload, Result : Completed
[04:46:20:439]	[OPER] Start> Clamp
[04:46:20:439]	[SEND] RESET
[04:46:20:483]	[RECV] A
[04:46:20:484]	[RECV] O
[04:46:20:486]	[SEND] POD_LOCK ON
[04:46:20:537]	[RECV] A
[04:46:20:538]	[RECV] O
[04:46:20:542]	[SEND] STATUS
[04:46:20:595]	[RECV] A
[04:46:20:596]	[RECV] S7350142B
[04:46:20:598]	[OPER] End> Clamp, Result : Completed
[04:46:20:782]	[OPER] Start> Load
[04:46:20:782]	[SEND] RESET
[04:46:20:826]	[RECV] A
[04:46:20:827]	[RECV] O
[04:46:20:830]	[SEND] CFG_SLOTS
[04:46:20:879]	[RECV] A
[04:46:20:880]	[RECV] 13
[04:46:20:882]	[SEND] LOAD O
[04:46:20:924]	[RECV] A
[04:46:32:999]	[RECV] M00000000,00000000,00000000
[04:46:33:003]	[SEND] STATUS
[04:46:33:054]	[RECV] A
[04:46:33:055]	[RECV] S33500C27
[04:46:33:056]	[OPER] End> Load, Result : Completed
[04:58:45:558]	[OPER] Start> Unload
[04:58:45:558]	[SEND] RESET
[04:58:45:602]	[RECV] A
[04:58:45:603]	[RECV] O
[04:58:45:606]	[SEND] CFG_SLOTS
[04:58:45:655]	[RECV] A
[04:58:45:656]	[RECV] 13
[04:58:45:660]	[SEND] UNLOAD O
[04:58:45:702]	[RECV] A
[04:58:52:950]	[RECV] M00000000,00000000,00000000
[04:58:52:952]	[SEND] STATUS
[04:58:53:006]	[RECV] A
[04:58:53:007]	[RECV] S7350142B
[04:58:53:008]	[OPER] End> Unload, Result : Completed
[04:58:55:025]	[OPER] Start> Clamp
[04:58:55:025]	[SEND] RESET
[04:58:55:067]	[RECV] A
[04:58:55:068]	[RECV] O
[04:58:55:071]	[SEND] POD_LOCK ON
[04:58:55:123]	[RECV] A
[04:58:55:124]	[RECV] O
[04:58:55:126]	[SEND] STATUS
[04:58:55:178]	[RECV] A
[04:58:55:179]	[RECV] S7350142B
[04:58:55:179]	[OPER] End> Clamp, Result : Completed
[04:58:55:365]	[OPER] Start> Load
[04:58:55:365]	[SEND] RESET
[04:58:55:410]	[RECV] A
[04:58:55:411]	[RECV] O
[04:58:55:414]	[SEND] CFG_SLOTS
[04:58:55:461]	[RECV] A
[04:58:55:462]	[RECV] 13
[04:58:55:465]	[SEND] LOAD O
[04:58:55:507]	[RECV] A
[04:59:07:589]	[RECV] M00000000,00000000,00000000
[04:59:07:592]	[SEND] STATUS
[04:59:07:644]	[RECV] A
[04:59:07:645]	[RECV] S33500C27
[04:59:07:646]	[OPER] End> Load, Result : Completed
[05:10:56:454]	[OPER] Start> Unload
[05:10:56:454]	[SEND] RESET
[05:10:56:496]	[RECV] A
[05:10:56:498]	[RECV] O
[05:10:56:501]	[SEND] CFG_SLOTS
[05:10:56:549]	[RECV] A
[05:10:56:550]	[RECV] 13
[05:10:56:555]	[SEND] UNLOAD O
[05:10:56:599]	[RECV] A
[05:11:03:843]	[RECV] M00000000,00000000,00000000
[05:11:03:846]	[SEND] STATUS
[05:11:03:898]	[RECV] A
[05:11:03:899]	[RECV] S7350142B
[05:11:03:900]	[OPER] End> Unload, Result : Completed
[05:11:05:916]	[OPER] Start> Clamp
[05:11:05:916]	[SEND] RESET
[05:11:05:959]	[RECV] A
[05:11:05:960]	[RECV] O
[05:11:05:964]	[SEND] POD_LOCK ON
[05:11:06:016]	[RECV] A
[05:11:06:017]	[RECV] O
[05:11:06:020]	[SEND] STATUS
[05:11:06:073]	[RECV] A
[05:11:06:074]	[RECV] S7350142B
[05:11:06:075]	[OPER] End> Clamp, Result : Completed
[05:11:06:259]	[OPER] Start> Load
[05:11:06:259]	[SEND] RESET
[05:11:06:302]	[RECV] A
[05:11:06:303]	[RECV] O
[05:11:06:306]	[SEND] CFG_SLOTS
[05:11:06:354]	[RECV] A
[05:11:06:355]	[RECV] 13
[05:11:06:359]	[SEND] LOAD O
[05:11:06:402]	[RECV] A
[05:11:18:475]	[RECV] M00000000,00000000,00000000
[05:11:18:478]	[SEND] STATUS
[05:11:18:530]	[RECV] A
[05:11:18:531]	[RECV] S33500C27
[05:11:18:533]	[OPER] End> Load, Result : Completed
[05:23:32:359]	[OPER] Start> Unload
[05:23:32:359]	[SEND] RESET
[05:23:32:402]	[RECV] A
[05:23:32:404]	[RECV] O
[05:23:32:408]	[SEND] CFG_SLOTS
[05:23:32:456]	[RECV] A
[05:23:32:457]	[RECV] 13
[05:23:32:461]	[SEND] UNLOAD O
[05:23:32:505]	[RECV] A
[05:23:39:754]	[RECV] M00000000,00000000,00000000
[05:23:39:759]	[SEND] STATUS
[05:23:39:810]	[RECV] A
[05:23:39:811]	[RECV] S7350142B
[05:23:39:812]	[OPER] End> Unload, Result : Completed
[05:23:41:829]	[OPER] Start> Clamp
[05:23:41:829]	[SEND] RESET
[05:23:41:871]	[RECV] A
[05:23:41:872]	[RECV] O
[05:23:41:876]	[SEND] POD_LOCK ON
[05:23:41:928]	[RECV] A
[05:23:41:929]	[RECV] O
[05:23:41:931]	[SEND] STATUS
[05:23:41:983]	[RECV] A
[05:23:41:984]	[RECV] S7350142B
[05:23:41:985]	[OPER] End> Clamp, Result : Completed
[05:23:42:170]	[OPER] Start> Load
[05:23:42:170]	[SEND] RESET
[05:23:42:213]	[RECV] A
[05:23:42:214]	[RECV] O
[05:23:42:217]	[SEND] CFG_SLOTS
[05:23:42:265]	[RECV] A
[05:23:42:266]	[RECV] 13
[05:23:42:269]	[SEND] LOAD O
[05:23:42:311]	[RECV] A
[05:23:54:402]	[RECV] M00000000,00000000,00000000
[05:23:54:406]	[SEND] STATUS
[05:23:54:457]	[RECV] A
[05:23:54:458]	[RECV] S33500C27
[05:23:54:460]	[OPER] End> Load, Result : Completed
[05:35:45:933]	[OPER] Start> Unload
[05:35:45:933]	[SEND] RESET
[05:35:45:975]	[RECV] A
[05:35:45:976]	[RECV] O
[05:35:45:979]	[SEND] CFG_SLOTS
[05:35:46:026]	[RECV] A
[05:35:46:027]	[RECV] 13
[05:35:46:030]	[SEND] UNLOAD O
[05:35:46:074]	[RECV] A
[05:35:53:323]	[RECV] M00000000,00000000,00000000
[05:35:53:326]	[SEND] STATUS
[05:35:53:377]	[RECV] A
[05:35:53:378]	[RECV] S7350142B
[05:35:53:380]	[OPER] End> Unload, Result : Completed
[05:35:55:396]	[OPER] Start> Clamp
[05:35:55:396]	[SEND] RESET
[05:35:55:439]	[RECV] A
[05:35:55:440]	[RECV] O
[05:35:55:443]	[SEND] POD_LOCK ON
[05:35:55:494]	[RECV] A
[05:35:55:496]	[RECV] O
[05:35:55:500]	[SEND] STATUS
[05:35:55:551]	[RECV] A
[05:35:55:552]	[RECV] S7350142B
[05:35:55:554]	[OPER] End> Clamp, Result : Completed
[05:35:55:741]	[OPER] Start> Load
[05:35:55:741]	[SEND] RESET
[05:35:55:784]	[RECV] A
[05:35:55:785]	[RECV] O
[05:35:55:787]	[SEND] CFG_SLOTS
[05:35:55:835]	[RECV] A
[05:35:55:836]	[RECV] 13
[05:35:55:840]	[SEND] LOAD O
[05:35:55:882]	[RECV] A
[05:36:07:957]	[RECV] M00000000,00000000,00000000
[05:36:07:961]	[SEND] STATUS
[05:36:08:012]	[RECV] A
[05:36:08:013]	[RECV] S33500C27
[05:36:08:013]	[OPER] End> Load, Result : Completed
[05:48:23:461]	[OPER] Start> Unload
[05:48:23:461]	[SEND] RESET
[05:48:23:504]	[RECV] A
[05:48:23:505]	[RECV] O
[05:48:23:509]	[SEND] CFG_SLOTS
[05:48:23:556]	[RECV] A
[05:48:23:557]	[RECV] 13
[05:48:23:560]	[SEND] UNLOAD O
[05:48:23:604]	[RECV] A
[05:48:30:850]	[RECV] M00000000,00000000,00000000
[05:48:30:853]	[SEND] STATUS
[05:48:30:906]	[RECV] A
[05:48:30:907]	[RECV] S7350142B
[05:48:30:909]	[OPER] End> Unload, Result : Completed
[05:48:32:925]	[OPER] Start> Clamp
[05:48:32:925]	[SEND] RESET
[05:48:32:968]	[RECV] A
[05:48:32:969]	[RECV] O
[05:48:32:971]	[SEND] POD_LOCK ON
[05:48:33:023]	[RECV] A
[05:48:33:024]	[RECV] O
[05:48:33:027]	[SEND] STATUS
[05:48:33:079]	[RECV] A
[05:48:33:080]	[RECV] S7350142B
[05:48:33:081]	[OPER] End> Clamp, Result : Completed
[05:48:33:265]	[OPER] Start> Load
[05:48:33:265]	[SEND] RESET
[05:48:33:308]	[RECV] A
[05:48:33:309]	[RECV] O
[05:48:33:312]	[SEND] CFG_SLOTS
[05:48:33:359]	[RECV] A
[05:48:33:360]	[RECV] 13
[05:48:33:363]	[SEND] LOAD O
[05:48:33:405]	[RECV] A
[05:48:45:490]	[RECV] M00000000,00000000,00000000
[05:48:45:494]	[SEND] STATUS
[05:48:45:546]	[RECV] A
[05:48:45:547]	[RECV] S33500C27
[05:48:45:549]	[OPER] End> Load, Result : Completed
[06:00:32:890]	[OPER] Start> Unload
[06:00:32:890]	[SEND] RESET
[06:00:32:933]	[RECV] A
[06:00:32:934]	[RECV] O
[06:00:32:936]	[SEND] CFG_SLOTS
[06:00:32:983]	[RECV] A
[06:00:32:984]	[RECV] 13
[06:00:32:987]	[SEND] UNLOAD O
[06:00:33:031]	[RECV] A
[06:00:40:274]	[RECV] M00000000,00000000,00000000
[06:00:40:277]	[SEND] STATUS
[06:00:40:328]	[RECV] A
[06:00:40:329]	[RECV] S7350142B
[06:00:40:330]	[OPER] End> Unload, Result : Completed
[06:00:42:346]	[OPER] Start> Clamp
[06:00:42:346]	[SEND] RESET
[06:00:42:388]	[RECV] A
[06:00:42:389]	[RECV] O
[06:00:42:393]	[SEND] POD_LOCK ON
[06:00:42:446]	[RECV] A
[06:00:42:447]	[RECV] O
[06:00:42:449]	[SEND] STATUS
[06:00:42:501]	[RECV] A
[06:00:42:502]	[RECV] S7350142B
[06:00:42:503]	[OPER] End> Clamp, Result : Completed
[06:00:42:689]	[OPER] Start> Load
[06:00:42:689]	[SEND] RESET
[06:00:42:731]	[RECV] A
[06:00:42:732]	[RECV] O
[06:00:42:735]	[SEND] CFG_SLOTS
[06:00:42:783]	[RECV] A
[06:00:42:784]	[RECV] 13
[06:00:42:787]	[SEND] LOAD O
[06:00:42:828]	[RECV] A
[06:00:54:903]	[RECV] M00000000,00000000,00000000
[06:00:54:907]	[SEND] STATUS
[06:00:54:960]	[RECV] A
[06:00:54:961]	[RECV] S33500C27
[06:00:54:963]	[OPER] End> Load, Result : Completed
[06:13:05:499]	[OPER] Start> Unload
[06:13:05:499]	[SEND] RESET
[06:13:05:542]	[RECV] A
[06:13:05:543]	[RECV] O
[06:13:05:547]	[SEND] CFG_SLOTS
[06:13:05:594]	[RECV] A
[06:13:05:595]	[RECV] 13
[06:13:05:599]	[SEND] UNLOAD O
[06:13:05:643]	[RECV] A
[06:13:12:889]	[RECV] M00000000,00000000,00000000
[06:13:12:893]	[SEND] STATUS
[06:13:12:945]	[RECV] A
[06:13:12:946]	[RECV] S7350142B
[06:13:12:947]	[OPER] End> Unload, Result : Completed
[06:13:14:963]	[OPER] Start> Clamp
[06:13:14:963]	[SEND] RESET
[06:13:15:005]	[RECV] A
[06:13:15:006]	[RECV] O
[06:13:15:009]	[SEND] POD_LOCK ON
[06:13:15:061]	[RECV] A
[06:13:15:062]	[RECV] O
[06:13:15:065]	[SEND] STATUS
[06:13:15:117]	[RECV] A
[06:13:15:118]	[RECV] S7350142B
[06:13:15:119]	[OPER] End> Clamp, Result : Completed
[06:13:15:304]	[OPER] Start> Load
[06:13:15:304]	[SEND] RESET
[06:13:15:345]	[RECV] A
[06:13:15:346]	[RECV] O
[06:13:15:350]	[SEND] CFG_SLOTS
[06:13:15:397]	[RECV] A
[06:13:15:398]	[RECV] 13
[06:13:15:402]	[SEND] LOAD O
[06:13:15:443]	[RECV] A
[06:13:27:533]	[RECV] M00000000,00000000,00000000
[06:13:27:535]	[SEND] STATUS
[06:13:27:588]	[RECV] A
[06:13:27:589]	[RECV] S33500C27
[06:13:27:591]	[OPER] End> Load, Result : Completed
[06:25:15:256]	[OPER] Start> Unload
[06:25:15:256]	[SEND] RESET
[06:25:15:299]	[RECV] A
[06:25:15:300]	[RECV] O
[06:25:15:303]	[SEND] CFG_SLOTS
[06:25:15:351]	[RECV] A
[06:25:15:352]	[RECV] 13
[06:25:15:355]	[SEND] UNLOAD O
[06:25:15:399]	[RECV] A
[06:25:22:644]	[RECV] M00000000,00000000,00000000
[06:25:22:649]	[SEND] STATUS
[06:25:22:701]	[RECV] A
[06:25:22:702]	[RECV] S7350142B
[06:25:22:702]	[OPER] End> Unload, Result : Completed
[06:25:24:717]	[OPER] Start> Clamp
[06:25:24:717]	[SEND] RESET
[06:25:24:759]	[RECV] A
[06:25:24:760]	[RECV] O
[06:25:24:763]	[SEND] POD_LOCK ON
[06:25:24:814]	[RECV] A
[06:25:24:815]	[RECV] O
[06:25:24:818]	[SEND] STATUS
[06:25:24:870]	[RECV] A
[06:25:24:871]	[RECV] S7350142B
[06:25:24:872]	[OPER] End> Clamp, Result : Completed
[06:25:25:056]	[OPER] Start> Load
[06:25:25:056]	[SEND] RESET
[06:25:25:099]	[RECV] A
[06:25:25:100]	[RECV] O
[06:25:25:103]	[SEND] CFG_SLOTS
[06:25:25:151]	[RECV] A
[06:25:25:152]	[RECV] 13
[06:25:25:156]	[SEND] LOAD O
[06:25:25:199]	[RECV] A
[06:25:37:275]	[RECV] M00000000,00000000,00000000
[06:25:37:279]	[SEND] STATUS
[06:25:37:331]	[RECV] A
[06:25:37:332]	[RECV] S33500C27
[06:25:37:334]	[OPER] End> Load, Result : Completed
[06:37:53:103]	[OPER] Start> Unload
[06:37:53:103]	[SEND] RESET
[06:37:53:145]	[RECV] A
[06:37:53:146]	[RECV] O
[06:37:53:148]	[SEND] CFG_SLOTS
[06:37:53:196]	[RECV] A
[06:37:53:197]	[RECV] 13
[06:37:53:201]	[SEND] UNLOAD O
[06:37:53:246]	[RECV] A
[06:38:00:488]	[RECV] M00000000,00000000,00000000
[06:38:00:492]	[SEND] STATUS
[06:38:00:545]	[RECV] A
[06:38:00:546]	[RECV] S7350142B
[06:38:00:546]	[OPER] End> Unload, Result : Completed
[06:38:02:562]	[OPER] Start> Clamp
[06:38:02:562]	[SEND] RESET
[06:38:02:604]	[RECV] A
[06:38:02:605]	[RECV] O
[06:38:02:608]	[SEND] POD_LOCK ON
[06:38:02:660]	[RECV] A
[06:38:02:662]	[RECV] O
[06:38:02:665]	[SEND] STATUS
[06:38:02:716]	[RECV] A
[06:38:02:717]	[RECV] S7350142B
[06:38:02:718]	[OPER] End> Clamp, Result : Completed
[06:38:02:905]	[OPER] Start> Load
[06:38:02:905]	[SEND] RESET
[06:38:02:950]	[RECV] A
[06:38:02:951]	[RECV] O
[06:38:02:953]	[SEND] CFG_SLOTS
[06:38:03:001]	[RECV] A
[06:38:03:002]	[RECV] 13
[06:38:03:005]	[SEND] LOAD O
[06:38:03:047]	[RECV] A
[06:38:15:135]	[RECV] M00000000,00000000,00000000
[06:38:15:140]	[SEND] STATUS
[06:38:15:193]	[RECV] A
[06:38:15:194]	[RECV] S33500C27
[06:38:15:196]	[OPER] End> Load, Result : Completed
[06:50:07:414]	[OPER] Start> Unload
[06:50:07:414]	[SEND] RESET
[06:50:07:457]	[RECV] A
[06:50:07:458]	[RECV] O
[06:50:07:462]	[SEND] CFG_SLOTS
[06:50:07:509]	[RECV] A
[06:50:07:510]	[RECV] 13
[06:50:07:514]	[SEND] UNLOAD O
[06:50:07:559]	[RECV] A
[06:50:14:805]	[RECV] M00000000,00000000,00000000
[06:50:14:808]	[SEND] STATUS
[06:50:14:860]	[RECV] A
[06:50:14:861]	[RECV] S7350142B
[06:50:14:862]	[OPER] End> Unload, Result : Completed
[06:50:16:879]	[OPER] Start> Clamp
[06:50:16:879]	[SEND] RESET
[06:50:16:921]	[RECV] A
[06:50:16:922]	[RECV] O
[06:50:16:924]	[SEND] POD_LOCK ON
[06:50:16:976]	[RECV] A
[06:50:16:977]	[RECV] O
[06:50:16:979]	[SEND] STATUS
[06:50:17:032]	[RECV] A
[06:50:17:033]	[RECV] S7350142B
[06:50:17:034]	[OPER] End> Clamp, Result : Completed
[06:50:17:218]	[OPER] Start> Load
[06:50:17:218]	[SEND] RESET
[06:50:17:261]	[RECV] A
[06:50:17:262]	[RECV] O
[06:50:17:265]	[SEND] CFG_SLOTS
[06:50:17:312]	[RECV] A
[06:50:17:313]	[RECV] 13
[06:50:17:316]	[SEND] LOAD O
[06:50:17:358]	[RECV] A
[06:50:29:434]	[RECV] M00000000,00000000,00000000
[06:50:29:437]	[SEND] STATUS
[06:50:29:489]	[RECV] A
[06:50:29:490]	[RECV] S33500C27
[06:50:29:491]	[OPER] End> Load, Result : Completed
[07:02:36:528]	[OPER] Start> Unload
[07:02:36:528]	[SEND] RESET
[07:02:36:571]	[RECV] A
[07:02:36:572]	[RECV] O
[07:02:36:575]	[SEND] CFG_SLOTS
[07:02:36:623]	[RECV] A
[07:02:36:624]	[RECV] 13
[07:02:36:628]	[SEND] UNLOAD O
[07:02:36:671]	[RECV] A
[07:02:43:920]	[RECV] M00000000,00000000,00000000
[07:02:43:924]	[SEND] STATUS
[07:02:43:977]	[RECV] A
[07:02:43:978]	[RECV] S7350142B
[07:02:43:979]	[OPER] End> Unload, Result : Completed
[07:02:45:994]	[OPER] Start> Clamp
[07:02:45:994]	[SEND] RESET
[07:02:46:036]	[RECV] A
[07:02:46:037]	[RECV] O
[07:02:46:040]	[SEND] POD_LOCK ON
[07:02:46:092]	[RECV] A
[07:02:46:093]	[RECV] O
[07:02:46:096]	[SEND] STATUS
[07:02:46:150]	[RECV] A
[07:02:46:151]	[RECV] S7350142B
[07:02:46:153]	[OPER] End> Clamp, Result : Completed
[07:02:46:338]	[OPER] Start> Load
[07:02:46:338]	[SEND] RESET
[07:02:46:380]	[RECV] A
[07:02:46:381]	[RECV] O
[07:02:46:385]	[SEND] CFG_SLOTS
[07:02:46:433]	[RECV] A
[07:02:46:434]	[RECV] 13
[07:02:46:437]	[SEND] LOAD O
[07:02:46:479]	[RECV] A
[07:02:58:565]	[RECV] M00000000,00000000,00000000
[07:02:58:569]	[SEND] STATUS
[07:02:58:621]	[RECV] A
[07:02:58:622]	[RECV] S33500C27
[07:02:58:623]	[OPER] End> Load, Result : Completed
[07:14:43:819]	[OPER] Start> Unload
[07:14:43:819]	[SEND] RESET
[07:14:43:863]	[RECV] A
[07:14:43:864]	[RECV] O
[07:14:43:866]	[SEND] CFG_SLOTS
[07:14:43:913]	[RECV] A
[07:14:43:914]	[RECV] 13
[07:14:43:919]	[SEND] UNLOAD O
[07:14:43:962]	[RECV] A
[07:14:51:209]	[RECV] M00000000,00000000,00000000
[07:14:51:212]	[SEND] STATUS
[07:14:51:264]	[RECV] A
[07:14:51:265]	[RECV] S7350142B
[07:14:51:266]	[OPER] End> Unload, Result : Completed
[07:14:53:283]	[OPER] Start> Clamp
[07:14:53:283]	[SEND] RESET
[07:14:53:325]	[RECV] A
[07:14:53:326]	[RECV] O
[07:14:53:329]	[SEND] POD_LOCK ON
[07:14:53:380]	[RECV] A
[07:14:53:381]	[RECV] O
[07:14:53:384]	[SEND] STATUS
[07:14:53:436]	[RECV] A
[07:14:53:437]	[RECV] S7350142B
[07:14:53:438]	[OPER] End> Clamp, Result : Completed
[07:14:53:624]	[OPER] Start> Load
[07:14:53:624]	[SEND] RESET
[07:14:53:667]	[RECV] A
[07:14:53:668]	[RECV] O
[07:14:53:671]	[SEND] CFG_SLOTS
[07:14:53:720]	[RECV] A
[07:14:53:721]	[RECV] 13
[07:14:53:724]	[SEND] LOAD O
[07:14:53:763]	[RECV] A
[07:15:05:844]	[RECV] M00000000,00000000,00000000
[07:15:05:848]	[SEND] STATUS
[07:15:05:900]	[RECV] A
[07:15:05:901]	[RECV] S33500C27
[07:15:05:902]	[OPER] End> Load, Result : Completed
[07:27:14:651]	[OPER] Start> Unload
[07:27:14:651]	[SEND] RESET
[07:27:14:694]	[RECV] A
[07:27:14:695]	[RECV] O
[07:27:14:698]	[SEND] CFG_SLOTS
[07:27:14:747]	[RECV] A
[07:27:14:748]	[RECV] 13
[07:27:14:752]	[SEND] UNLOAD O
[07:27:14:795]	[RECV] A
[07:27:22:043]	[RECV] M00000000,00000000,00000000
[07:27:22:046]	[SEND] STATUS
[07:27:22:097]	[RECV] A
[07:27:22:098]	[RECV] S7350142B
[07:27:22:099]	[OPER] End> Unload, Result : Completed
[07:27:24:115]	[OPER] Start> Clamp
[07:27:24:115]	[SEND] RESET
[07:27:24:158]	[RECV] A
[07:27:24:159]	[RECV] O
[07:27:24:162]	[SEND] POD_LOCK ON
[07:27:24:213]	[RECV] A
[07:27:24:214]	[RECV] O
[07:27:24:217]	[SEND] STATUS
[07:27:24:269]	[RECV] A
[07:27:24:270]	[RECV] S7350142B
[07:27:24:272]	[OPER] End> Clamp, Result : Completed
[07:27:24:459]	[OPER] Start> Load
[07:27:24:459]	[SEND] RESET
[07:27:24:502]	[RECV] A
[07:27:24:503]	[RECV] O
[07:27:24:506]	[SEND] CFG_SLOTS
[07:27:24:554]	[RECV] A
[07:27:24:555]	[RECV] 13
[07:27:24:558]	[SEND] LOAD O
[07:27:24:601]	[RECV] A
[07:27:36:683]	[RECV] M00000000,00000000,00000000
[07:27:36:686]	[SEND] STATUS
[07:27:36:738]	[RECV] A
[07:27:36:739]	[RECV] S33500C27
[07:27:36:741]	[OPER] End> Load, Result : Completed
[07:39:25:703]	[OPER] Start> Unload
[07:39:25:703]	[SEND] RESET
[07:39:25:746]	[RECV] A
[07:39:25:747]	[RECV] O
[07:39:25:750]	[SEND] CFG_SLOTS
[07:39:25:797]	[RECV] A
[07:39:25:798]	[RECV] 13
[07:39:25:801]	[SEND] UNLOAD O
[07:39:25:847]	[RECV] A
[07:39:33:090]	[RECV] M00000000,00000000,00000000
[07:39:33:093]	[SEND] STATUS
[07:39:33:146]	[RECV] A
[07:39:33:147]	[RECV] S7350142B
[07:39:33:149]	[OPER] End> Unload, Result : Completed
[07:39:35:165]	[OPER] Start> Clamp
[07:39:35:165]	[SEND] RESET
[07:39:35:207]	[RECV] A
[07:39:35:208]	[RECV] O
[07:39:35:211]	[SEND] POD_LOCK ON
[07:39:35:262]	[RECV] A
[07:39:35:263]	[RECV] O
[07:39:35:265]	[SEND] STATUS
[07:39:35:317]	[RECV] A
[07:39:35:318]	[RECV] S7350142B
[07:39:35:319]	[OPER] End> Clamp, Result : Completed
[07:39:35:503]	[OPER] Start> Load
[07:39:35:503]	[SEND] RESET
[07:39:35:546]	[RECV] A
[07:39:35:547]	[RECV] O
[07:39:35:550]	[SEND] CFG_SLOTS
[07:39:35:597]	[RECV] A
[07:39:35:599]	[RECV] 13
[07:39:35:602]	[SEND] LOAD O
[07:39:35:644]	[RECV] A
[07:39:47:729]	[RECV] M00000000,00000000,00000000
[07:39:47:733]	[SEND] STATUS
[07:39:47:787]	[RECV] A
[07:39:47:788]	[RECV] S33500C27
[07:39:47:789]	[OPER] End> Load, Result : Completed
[07:51:58:068]	[OPER] Start> Unload
[07:51:58:068]	[SEND] RESET
[07:51:58:111]	[RECV] A
[07:51:58:112]	[RECV] O
[07:51:58:115]	[SEND] CFG_SLOTS
[07:51:58:163]	[RECV] A
[07:51:58:164]	[RECV] 13
[07:51:58:167]	[SEND] UNLOAD O
[07:51:58:211]	[RECV] A
[07:52:05:451]	[RECV] M00000000,00000000,00000000
[07:52:05:454]	[SEND] STATUS
[07:52:05:507]	[RECV] A
[07:52:05:508]	[RECV] S7350142B
[07:52:05:508]	[OPER] End> Unload, Result : Completed
[07:52:07:525]	[OPER] Start> Clamp
[07:52:07:525]	[SEND] RESET
[07:52:07:567]	[RECV] A
[07:52:07:568]	[RECV] O
[07:52:07:572]	[SEND] POD_LOCK ON
[07:52:07:622]	[RECV] A
[07:52:07:623]	[RECV] O
[07:52:07:627]	[SEND] STATUS
[07:52:07:679]	[RECV] A
[07:52:07:680]	[RECV] S7350142B
[07:52:07:681]	[OPER] End> Clamp, Result : Completed
[07:52:07:868]	[OPER] Start> Load
[07:52:07:868]	[SEND] RESET
[07:52:07:912]	[RECV] A
[07:52:07:913]	[RECV] O
[07:52:07:916]	[SEND] CFG_SLOTS
[07:52:07:964]	[RECV] A
[07:52:07:965]	[RECV] 13
[07:52:07:968]	[SEND] LOAD O
[07:52:08:008]	[RECV] A
[07:52:20:100]	[RECV] M00000000,00000000,00000000
[07:52:20:104]	[SEND] STATUS
[07:52:20:156]	[RECV] A
[07:52:20:157]	[RECV] S33500C27
[07:52:20:159]	[OPER] End> Load, Result : Completed
[08:03:59:146]	[OPER] Start> Unload
[08:03:59:146]	[SEND] RESET
[08:03:59:189]	[RECV] A
[08:03:59:190]	[RECV] O
[08:03:59:193]	[SEND] CFG_SLOTS
[08:03:59:241]	[RECV] A
[08:03:59:242]	[RECV] 13
[08:03:59:246]	[SEND] UNLOAD O
[08:03:59:290]	[RECV] A
[08:04:06:534]	[RECV] M00000000,00000000,00000000
[08:04:06:536]	[SEND] STATUS
[08:04:06:589]	[RECV] A
[08:04:06:590]	[RECV] S7350142B
[08:04:06:592]	[OPER] End> Unload, Result : Completed
[08:04:08:609]	[OPER] Start> Clamp
[08:04:08:609]	[SEND] RESET
[08:04:08:652]	[RECV] A
[08:04:08:652]	[RECV] O
[08:04:08:655]	[SEND] POD_LOCK ON
[08:04:08:706]	[RECV] A
[08:04:08:707]	[RECV] O
[08:04:08:711]	[SEND] STATUS
[08:04:08:763]	[RECV] A
[08:04:08:764]	[RECV] S7350142B
[08:04:08:766]	[OPER] End> Clamp, Result : Completed
[08:04:08:953]	[OPER] Start> Load
[08:04:08:953]	[SEND] RESET
[08:04:08:995]	[RECV] A
[08:04:08:996]	[RECV] O
[08:04:08:998]	[SEND] CFG_SLOTS
[08:04:09:044]	[RECV] A
[08:04:09:045]	[RECV] 13
[08:04:09:049]	[SEND] LOAD O
[08:04:09:090]	[RECV] A
[08:04:21:192]	[RECV] M00000000,00000000,00000000
[08:04:21:195]	[SEND] STATUS
[08:04:21:247]	[RECV] A
[08:04:21:248]	[RECV] S33500C27
[08:04:21:250]	[OPER] End> Load, Result : Completed
[08:16:27:408]	[OPER] Start> Unload
[08:16:27:408]	[SEND] RESET
[08:16:27:451]	[RECV] A
[08:16:27:452]	[RECV] O
[08:16:27:454]	[SEND] CFG_SLOTS
[08:16:27:501]	[RECV] A
[08:16:27:502]	[RECV] 13
[08:16:27:506]	[SEND] UNLOAD O
[08:16:27:550]	[RECV] A
[08:16:34:792]	[RECV] M00000000,00000000,00000000
[08:16:34:795]	[SEND] STATUS
[08:16:34:847]	[RECV] A
[08:16:34:848]	[RECV] S7350142B
[08:16:34:849]	[OPER] End> Unload, Result : Completed
[08:16:36:867]	[OPER] Start> Clamp
[08:16:36:867]	[SEND] RESET
[08:16:36:910]	[RECV] A
[08:16:36:911]	[RECV] O
[08:16:36:914]	[SEND] POD_LOCK ON
[08:16:36:966]	[RECV] A
[08:16:36:967]	[RECV] O
[08:16:36:970]	[SEND] STATUS
[08:16:37:021]	[RECV] A
[08:16:37:022]	[RECV] S7350142B
[08:16:37:024]	[OPER] End> Clamp, Result : Completed
[08:16:37:208]	[OPER] Start> Load
[08:16:37:208]	[SEND] RESET
[08:16:37:251]	[RECV] A
[08:16:37:252]	[RECV] O
[08:16:37:254]	[SEND] CFG_SLOTS
[08:16:37:303]	[RECV] A
[08:16:37:304]	[RECV] 13
[08:16:37:307]	[SEND] LOAD O
[08:16:37:349]	[RECV] A
[08:16:49:431]	[RECV] M00000000,00000000,00000000
[08:16:49:434]	[SEND] STATUS
[08:16:49:487]	[RECV] A
[08:16:49:488]	[RECV] S33500C27
[08:16:49:489]	[OPER] End> Load, Result : Completed
[08:28:26:988]	[OPER] Start> Unload
[08:28:26:988]	[SEND] RESET
[08:28:27:030]	[RECV] A
[08:28:27:031]	[RECV] O
[08:28:27:034]	[SEND] CFG_SLOTS
[08:28:27:082]	[RECV] A
[08:28:27:083]	[RECV] 13
[08:28:27:087]	[SEND] UNLOAD O
[08:28:27:131]	[RECV] A
[08:28:34:375]	[RECV] M00000000,00000000,00000000
[08:28:34:378]	[SEND] STATUS
[08:28:34:430]	[RECV] A
[08:28:34:431]	[RECV] S7350142B
[08:28:34:432]	[OPER] End> Unload, Result : Completed
[08:28:36:449]	[OPER] Start> Clamp
[08:28:36:449]	[SEND] RESET
[08:28:36:491]	[RECV] A
[08:28:36:492]	[RECV] O
[08:28:36:495]	[SEND] POD_LOCK ON
[08:28:36:547]	[RECV] A
[08:28:36:548]	[RECV] O
[08:28:36:552]	[SEND] STATUS
[08:28:36:603]	[RECV] A
[08:28:36:604]	[RECV] S7350142B
[08:28:36:605]	[OPER] End> Clamp, Result : Completed
[08:28:36:789]	[OPER] Start> Load
[08:28:36:789]	[SEND] RESET
[08:28:36:832]	[RECV] A
[08:28:36:833]	[RECV] O
[08:28:36:836]	[SEND] CFG_SLOTS
[08:28:36:886]	[RECV] A
[08:28:36:887]	[RECV] 13
[08:28:36:889]	[SEND] LOAD O
[08:28:36:930]	[RECV] A
[08:28:49:012]	[RECV] M00000000,00000000,00000000
[08:28:49:016]	[SEND] STATUS
[08:28:49:069]	[RECV] A
[08:28:49:070]	[RECV] S33500C27
[08:28:49:071]	[OPER] End> Load, Result : Completed
[08:35:32:164]	[OPER] Start> Unload
[08:35:32:164]	[SEND] RESET
[08:35:32:214]	[RECV] A
[08:35:32:215]	[RECV] O
[08:35:32:219]	[SEND] CFG_SLOTS
[08:35:32:268]	[RECV] A
[08:35:32:269]	[RECV] 13
[08:35:32:272]	[SEND] UNLOAD O
[08:35:32:316]	[RECV] A
[08:35:39:585]	[RECV] M00000000,00000000,00000000
[08:35:39:589]	[SEND] STATUS
[08:35:39:642]	[RECV] A
[08:35:39:643]	[RECV] S7350142B
[08:35:39:645]	[OPER] End> Unload, Result : Completed
[15:58:24:937]	[RECV] C01000000
[16:00:14:523]	[OPER] ----- Initialize -----
[16:00:14:523]	[SEND] RESET
[16:00:14:572]	[RECV] A
[16:00:14:573]	[RECV] O
[16:00:14:576]	[SEND] HOM
[16:00:14:616]	[RECV] A
[16:00:26:282]	[RECV] O
[16:00:26:286]	[SEND] STATUS
[16:00:26:336]	[RECV] A
[16:00:26:337]	[RECV] S7350142B
[16:00:26:339]	[OPER] ----- Result : Completed, Description : 
[16:00:26:342]	[OPER] ----- ChangeToCassette -----
[16:00:26:343]	[SEND] RESET
[16:00:26:385]	[RECV] A
[16:00:26:386]	[RECV] O
[16:00:26:389]	[SEND] OC_MODE ON
[16:00:26:435]	[RECV] A
[16:00:26:436]	[RECV] O
[16:00:26:440]	[SEND] STATUS
[16:00:26:492]	[RECV] A
[16:00:26:493]	[RECV] S7350142B
[16:00:26:494]	[OPER] ----- Result : Completed, Description : 
[16:06:53:017]	[RECV] C01000000
[16:10:54:906]	[RECV] C00010000
[16:10:54:907]	[RECV] C00000010
[16:17:07:224]	[RECV] C01000000
[16:18:00:101]	[RECV] C00010000
[16:18:00:102]	[RECV] C00000010
[16:18:43:609]	[RECV] C00010000
[16:18:43:610]	[RECV] C00000010
