[00:29:10:512]	[OPER] ----- Initialize -----
[00:29:10:512]	[SEND] RESET
[00:29:10:561]	[RECV] A
[00:29:10:562]	[RECV] O
[00:29:10:564]	[SEND] HOM
[00:29:10:608]	[RECV] A
[00:29:30:667]	[RECV] O
[00:29:30:671]	[SEND] STATUS
[00:29:30:723]	[RECV] A
[00:29:30:724]	[RECV] S4150142B
[00:29:30:725]	[OPER] ----- Result : Completed, Description : 
[00:29:30:726]	[OPER] ----- ChangeToFoup -----
[00:29:30:726]	[SEND] RESET
[00:29:30:768]	[RECV] A
[00:29:30:769]	[RECV] O
[00:29:30:772]	[SEND] OC_MODE OFF
[00:29:30:822]	[RECV] A
[00:29:30:823]	[RECV] O
[00:29:30:826]	[SEND] STATUS
[00:29:30:878]	[RECV] A
[00:29:30:879]	[RECV] S4150142B
[00:29:30:881]	[OPER] ----- Result : Completed, Description : 
[00:29:36:533]	[OPER] ----- ChangeToCassette -----
[00:29:36:533]	[SEND] RESET
[00:29:36:575]	[RECV] A
[00:29:36:576]	[RECV] O
[00:29:36:580]	[SEND] OC_MODE ON
[00:29:36:626]	[RECV] A
[00:29:39:897]	[RECV] O
[00:29:39:900]	[SEND] STATUS
[00:29:39:951]	[RECV] A
[00:29:39:952]	[RECV] S4350142B
[00:29:39:953]	[OPER] ----- Result : Completed, Description : 
[00:29:48:091]	[RECV] C00000010
[00:39:55:714]	[OPER] ----- Clamp -----
[00:39:55:715]	[SEND] RESET
[00:39:55:760]	[RECV] A
[00:39:55:761]	[RECV] O
[00:39:55:764]	[SEND] POD_LOCK ON
[00:39:55:818]	[RECV] A
[00:39:55:819]	[RECV] O
[00:39:55:822]	[SEND] STATUS
[00:39:55:875]	[RECV] A
[00:39:55:876]	[RECV] S7350142B
[00:39:55:877]	[OPER] ----- Result : Completed, Description : 
[00:39:57:272]	[OPER] ----- Load -----
[00:39:57:272]	[SEND] RESET
[00:39:57:315]	[RECV] A
[00:39:57:316]	[RECV] O
[00:39:57:319]	[SEND] CFG_SLOTS
[00:39:57:368]	[RECV] A
[00:39:57:369]	[RECV] 13
[00:39:57:373]	[SEND] LOAD O
[00:39:57:415]	[RECV] A
[00:43:25:154]	[OPER] ----- Initialize -----
[00:43:25:154]	[SEND] RESET
[00:43:25:203]	[RECV] A
[00:43:25:204]	[RECV] O
[00:43:25:208]	[SEND] HOM
[00:43:25:252]	[RECV] A
[00:43:40:541]	[RECV] O
[00:43:40:544]	[SEND] STATUS
[00:43:40:599]	[RECV] A
[00:43:40:600]	[RECV] S7350142B
[00:43:40:602]	[OPER] ----- Result : Completed, Description : 
[00:43:40:603]	[OPER] ----- ChangeToCassette -----
[00:43:40:603]	[SEND] RESET
[00:43:40:646]	[RECV] A
[00:43:40:647]	[RECV] O
[00:43:40:651]	[SEND] OC_MODE ON
[00:43:40:700]	[RECV] A
[00:43:40:701]	[RECV] O
[00:43:40:705]	[SEND] STATUS
[00:43:40:757]	[RECV] A
[00:43:40:758]	[RECV] S7350142B
[00:43:40:760]	[OPER] ----- Result : Completed, Description : 
[00:43:44:856]	[OPER] ----- Clamp -----
[00:43:44:856]	[SEND] RESET
[00:43:44:902]	[RECV] A
[00:43:44:903]	[RECV] O
[00:43:44:906]	[SEND] POD_LOCK ON
[00:43:44:958]	[RECV] A
[00:43:44:959]	[RECV] O
[00:43:44:962]	[SEND] STATUS
[00:43:45:016]	[RECV] A
[00:43:45:593]	[RECV] S7350142B
[00:43:45:595]	[OPER] ----- Result : Completed, Description : 
[00:43:46:065]	[OPER] ----- Load -----
[00:43:46:065]	[SEND] RESET
[00:43:46:106]	[RECV] A
[00:43:46:107]	[RECV] O
[00:43:46:111]	[SEND] CFG_SLOTS
[00:43:46:160]	[RECV] A
[00:43:46:161]	[RECV] 13
[00:43:46:165]	[SEND] LOAD O
[00:43:46:205]	[RECV] A
[00:43:58:473]	[RECV] M00000206,00000000,00000000
[00:43:58:478]	[SEND] STATUS
[00:43:58:530]	[RECV] A
[00:43:58:531]	[RECV] S33500C27
[00:43:58:532]	[OPER] ----- Result : Completed, Description : 
[00:47:38:412]	[OPER] ----- Initialize -----
[00:47:38:412]	[SEND] RESET
[00:47:38:461]	[RECV] A
[00:47:38:462]	[RECV] O
[00:47:38:465]	[SEND] HOM
[00:47:38:507]	[RECV] A
[00:47:53:832]	[RECV] O
[00:47:53:836]	[SEND] STATUS
[00:47:53:888]	[RECV] A
[00:47:53:889]	[RECV] S7350142B
[00:47:53:890]	[OPER] ----- Result : Completed, Description : 
[00:47:53:891]	[OPER] ----- ChangeToCassette -----
[00:47:53:891]	[SEND] RESET
[00:47:53:933]	[RECV] A
[00:47:53:934]	[RECV] O
[00:47:53:937]	[SEND] OC_MODE ON
[00:47:53:985]	[RECV] A
[00:47:53:986]	[RECV] O
[00:47:53:989]	[SEND] STATUS
[00:47:54:040]	[RECV] A
[00:47:54:041]	[RECV] S7350142B
[00:47:54:042]	[OPER] ----- Result : Completed, Description : 
[00:55:31:772]	[OPER] ----- Clamp -----
[00:55:31:772]	[SEND] RESET
[00:55:31:818]	[RECV] A
[00:55:31:819]	[RECV] O
[00:55:31:821]	[SEND] POD_LOCK ON
[00:55:31:875]	[RECV] A
[00:55:31:876]	[RECV] O
[00:55:31:879]	[SEND] STATUS
[00:55:31:932]	[RECV] A
[00:55:31:933]	[RECV] S7350142B
[00:55:31:935]	[OPER] ----- Result : Completed, Description : 
[00:55:32:997]	[OPER] ----- Load -----
[00:55:32:997]	[SEND] RESET
[00:55:33:038]	[RECV] A
[00:55:33:039]	[RECV] O
[00:55:33:042]	[SEND] CFG_SLOTS
[00:55:33:091]	[RECV] A
[00:55:33:093]	[RECV] 13
[00:55:33:096]	[SEND] LOAD O
[00:55:33:137]	[RECV] A
[00:55:45:418]	[RECV] M00000204,00000000,00000000
[00:55:45:423]	[SEND] STATUS
[00:55:45:475]	[RECV] A
[00:55:45:476]	[RECV] S33500C27
[00:55:45:477]	[OPER] ----- Result : Completed, Description : 
[00:59:43:485]	[OPER] ----- Initialize -----
[00:59:43:485]	[SEND] RESET
[00:59:43:535]	[RECV] A
[00:59:43:536]	[RECV] O
[00:59:43:539]	[SEND] HOM
[00:59:43:582]	[RECV] A
[00:59:58:859]	[RECV] O
[00:59:58:862]	[SEND] STATUS
[00:59:58:913]	[RECV] A
[00:59:58:914]	[RECV] S7350142B
[00:59:58:916]	[OPER] ----- Result : Completed, Description : 
[00:59:58:917]	[OPER] ----- ChangeToCassette -----
[00:59:58:917]	[SEND] RESET
[00:59:58:959]	[RECV] A
[00:59:58:960]	[RECV] O
[00:59:58:964]	[SEND] OC_MODE ON
[00:59:59:012]	[RECV] A
[00:59:59:013]	[RECV] O
[00:59:59:016]	[SEND] STATUS
[00:59:59:067]	[RECV] A
[00:59:59:068]	[RECV] S7350142B
[00:59:59:070]	[OPER] ----- Result : Completed, Description : 
[01:00:40:887]	[OPER] ----- Clamp -----
[01:00:40:887]	[SEND] RESET
[01:00:40:933]	[RECV] A
[01:00:40:934]	[RECV] O
[01:00:40:937]	[SEND] POD_LOCK ON
[01:00:40:991]	[RECV] A
[01:00:40:992]	[RECV] O
[01:00:40:994]	[SEND] STATUS
[01:00:41:617]	[RECV] A
[01:00:41:620]	[RECV] S7350142B
[01:00:41:623]	[OPER] ----- Result : Completed, Description : 
[01:00:42:100]	[OPER] ----- Load -----
[01:00:42:100]	[SEND] RESET
[01:00:42:143]	[RECV] A
[01:00:42:144]	[RECV] O
[01:00:42:147]	[SEND] CFG_SLOTS
[01:00:42:196]	[RECV] A
[01:00:42:197]	[RECV] 13
[01:00:42:200]	[SEND] LOAD O
[01:00:42:241]	[RECV] A
[01:00:54:514]	[RECV] M00000200,00000000,00000000
[01:00:54:519]	[SEND] STATUS
[01:00:54:571]	[RECV] A
[01:00:54:572]	[RECV] S33500C27
[01:00:54:573]	[OPER] ----- Result : Completed, Description : 
[01:06:56:380]	[RECV] C01000000
[01:55:20:665]	[OPER] ----- Initialize -----
[01:55:20:665]	[SEND] RESET
[01:55:20:715]	[RECV] A
[01:55:20:716]	[RECV] O
[01:55:20:719]	[SEND] HOM
[01:55:20:761]	[RECV] A
[01:55:36:039]	[RECV] O
[01:55:36:043]	[SEND] STATUS
[01:55:36:094]	[RECV] A
[01:55:36:095]	[RECV] S7350142B
[01:55:36:097]	[OPER] ----- Result : Completed, Description : 
[01:55:36:098]	[OPER] ----- ChangeToCassette -----
[01:55:36:098]	[SEND] RESET
[01:55:36:141]	[RECV] A
[01:55:36:142]	[RECV] O
[01:55:36:146]	[SEND] OC_MODE ON
[01:55:36:194]	[RECV] A
[01:55:36:195]	[RECV] O
[01:55:36:199]	[SEND] STATUS
[01:55:36:250]	[RECV] A
[01:55:36:251]	[RECV] S7350142B
[01:55:36:252]	[OPER] ----- Result : Completed, Description : 
[01:56:26:074]	[OPER] ----- Clamp -----
[01:56:26:074]	[SEND] RESET
[01:56:26:121]	[RECV] A
[01:56:26:122]	[RECV] O
[01:56:26:124]	[SEND] POD_LOCK ON
[01:56:26:179]	[RECV] A
[01:56:26:180]	[RECV] O
[01:56:26:182]	[SEND] STATUS
[01:56:26:233]	[RECV] A
[01:56:26:235]	[RECV] S7350142B
[01:56:26:237]	[OPER] ----- Result : Completed, Description : 
[01:56:27:284]	[OPER] ----- Load -----
[01:56:27:284]	[SEND] RESET
[01:56:27:327]	[RECV] A
[01:56:27:328]	[RECV] O
[01:56:27:331]	[SEND] CFG_SLOTS
[01:56:27:379]	[RECV] A
[01:56:27:380]	[RECV] 13
[01:56:27:384]	[SEND] LOAD O
[01:56:27:426]	[RECV] A
[01:56:39:720]	[RECV] M00000000,00000000,00000000
[01:56:39:723]	[SEND] STATUS
[01:56:39:775]	[RECV] A
[01:56:39:776]	[RECV] S33500C27
[01:56:39:778]	[OPER] ----- Result : Completed, Description : 
[01:56:39:789]	[OPER] ----- Unload -----
[01:56:39:789]	[SEND] RESET
[01:56:39:831]	[RECV] A
[01:56:39:832]	[RECV] O
[01:56:39:836]	[SEND] CFG_SLOTS
[01:56:39:883]	[RECV] A
[01:56:39:885]	[RECV] 13
[01:56:39:887]	[SEND] UNLOAD O
[01:56:39:931]	[RECV] A
[01:56:47:253]	[RECV] M00000000,00000000,00000000
[01:56:47:257]	[SEND] STATUS
[01:56:47:307]	[RECV] A
[01:56:47:308]	[RECV] S7350142B
[01:56:47:309]	[OPER] ----- Result : Completed, Description : 
[10:19:36:414]	[RECV] C01000000
[19:56:57:824]	[OPER] ----- Initialize -----
[19:56:57:824]	[SEND] RESET
[19:56:57:872]	[RECV] A
[19:56:57:873]	[RECV] O
[19:56:57:875]	[SEND] HOM
[19:56:57:921]	[RECV] A
[19:57:09:610]	[RECV] O
[19:57:09:613]	[SEND] STATUS
[19:57:09:664]	[RECV] A
[19:57:09:665]	[RECV] S7350142B
[19:57:09:667]	[OPER] ----- Result : Completed, Description : 
[19:57:09:670]	[OPER] ----- ChangeToCassette -----
[19:57:09:670]	[SEND] RESET
[19:57:09:713]	[RECV] A
[19:57:09:714]	[RECV] O
[19:57:09:718]	[SEND] OC_MODE ON
[19:57:09:766]	[RECV] A
[19:57:09:767]	[RECV] O
[19:57:09:770]	[SEND] STATUS
[19:57:09:821]	[RECV] A
[19:57:09:822]	[RECV] S7350142B
[19:57:09:824]	[OPER] ----- Result : Completed, Description : 
[19:57:29:998]	[OPER] ----- Clamp -----
[19:57:29:998]	[SEND] RESET
[19:57:30:044]	[RECV] A
[19:57:30:045]	[RECV] O
[19:57:30:049]	[SEND] POD_LOCK ON
[19:57:30:101]	[RECV] A
[19:57:30:102]	[RECV] O
[19:57:30:104]	[SEND] STATUS
[19:57:30:159]	[RECV] A
[19:57:30:160]	[RECV] S7350142B
[19:57:30:163]	[OPER] ----- Result : Completed, Description : 
[19:57:31:552]	[OPER] ----- Load -----
[19:57:31:552]	[SEND] RESET
[19:57:31:593]	[RECV] A
[19:57:31:594]	[RECV] O
[19:57:31:597]	[SEND] CFG_SLOTS
[19:57:31:645]	[RECV] A
[19:57:31:646]	[RECV] 13
[19:57:31:649]	[SEND] LOAD O
[19:57:31:691]	[RECV] A
[19:57:44:013]	[RECV] M00000000,00000000,00000000
[19:57:44:017]	[SEND] STATUS
[19:57:44:071]	[RECV] A
[19:57:44:072]	[RECV] S33500C27
[19:57:44:074]	[OPER] ----- Result : Completed, Description : 
[19:58:30:825]	[OPER] ----- Unload -----
[19:58:30:825]	[SEND] RESET
[19:58:30:875]	[RECV] A
[19:58:30:876]	[RECV] O
[19:58:30:880]	[SEND] CFG_SLOTS
[19:58:30:932]	[RECV] A
[19:58:30:933]	[RECV] 13
[19:58:30:937]	[SEND] UNLOAD O
[19:58:30:981]	[RECV] A
[19:58:38:347]	[RECV] M00000000,00000000,00000000
[19:58:38:350]	[SEND] STATUS
[19:58:38:403]	[RECV] A
[19:58:38:404]	[RECV] S7350142B
[19:58:38:405]	[OPER] ----- Result : Completed, Description : 
