[11:25:48:424]	[OPER] ----- Initialize -----
[11:25:48:424]	[SEND] RESET
[11:25:48:473]	[RECV] A
[11:25:48:474]	[RECV] O
[11:25:48:477]	[SEND] HOM
[11:25:48:518]	[RECV] A
[11:25:59:660]	[RECV] O
[11:25:59:664]	[SEND] STATUS
[11:25:59:714]	[RECV] A
[11:25:59:715]	[RECV] S7350142B
[11:25:59:717]	[OPER] ----- Result : Completed, Description : 
[11:25:59:718]	[OPER] ----- ChangeToCassette -----
[11:25:59:718]	[SEND] RESET
[11:25:59:760]	[RECV] A
[11:25:59:761]	[RECV] O
[11:25:59:765]	[SEND] OC_MODE ON
[11:25:59:813]	[RECV] A
[11:25:59:814]	[RECV] O
[11:25:59:817]	[SEND] STATUS
[11:25:59:869]	[RECV] A
[11:25:59:870]	[RECV] S7350142B
[11:25:59:871]	[OPER] ----- Result : Completed, Description : 
[11:26:26:547]	[OPER] ----- Clamp -----
[11:26:26:547]	[SEND] RESET
[11:26:26:594]	[RECV] A
[11:26:26:595]	[RECV] O
[11:26:26:597]	[SEND] POD_LOCK ON
[11:26:26:649]	[RECV] A
[11:26:26:650]	[RECV] O
[11:26:26:652]	[SEND] STATUS
[11:26:26:704]	[RECV] A
[11:26:26:705]	[RECV] S7350142B
[11:26:26:706]	[OPER] ----- Result : Completed, Description : 
[11:26:27:754]	[OPER] ----- Load -----
[11:26:27:754]	[SEND] RESET
[11:26:27:796]	[RECV] A
[11:26:27:797]	[RECV] O
[11:26:27:801]	[SEND] CFG_SLOTS
[11:26:27:849]	[RECV] A
[11:26:27:850]	[RECV] 13
[11:26:27:853]	[SEND] LOAD O
[11:26:27:895]	[RECV] A
[11:26:40:188]	[RECV] M00000280,00000000,00000000
[11:26:40:192]	[SEND] STATUS
[11:26:40:243]	[RECV] A
[11:26:40:245]	[RECV] S33500C27
[11:26:40:245]	[OPER] ----- Result : Completed, Description : 
[11:29:00:288]	[OPER] ----- Initialize -----
[11:29:00:288]	[SEND] RESET
[11:29:00:336]	[RECV] A
[11:29:00:337]	[RECV] O
[11:29:00:341]	[SEND] HOM
[11:29:00:380]	[RECV] A
[11:29:15:724]	[RECV] O
[11:29:15:727]	[SEND] STATUS
[11:29:15:779]	[RECV] A
[11:29:15:780]	[RECV] S7350142B
[11:29:15:781]	[OPER] ----- Result : Completed, Description : 
[11:29:15:782]	[OPER] ----- ChangeToCassette -----
[11:29:15:782]	[SEND] RESET
[11:29:15:825]	[RECV] A
[11:29:15:826]	[RECV] O
[11:29:15:830]	[SEND] OC_MODE ON
[11:29:15:878]	[RECV] A
[11:29:15:879]	[RECV] O
[11:29:15:882]	[SEND] STATUS
[11:29:15:934]	[RECV] A
[11:29:15:935]	[RECV] S7350142B
[11:29:15:936]	[OPER] ----- Result : Completed, Description : 
[11:35:09:675]	[OPER] ----- Initialize -----
[11:35:09:675]	[SEND] RESET
[11:35:09:724]	[RECV] A
[11:35:09:725]	[RECV] O
[11:35:09:728]	[SEND] HOM
[11:35:09:771]	[RECV] A
[11:35:20:879]	[RECV] O
[11:35:20:882]	[SEND] STATUS
[11:35:20:934]	[RECV] A
[11:35:20:935]	[RECV] S7350142B
[11:35:20:937]	[OPER] ----- Result : Completed, Description : 
[11:35:20:940]	[OPER] ----- ChangeToCassette -----
[11:35:20:940]	[SEND] RESET
[11:35:20:982]	[RECV] A
[11:35:20:983]	[RECV] O
[11:35:20:986]	[SEND] OC_MODE ON
[11:35:21:033]	[RECV] A
[11:35:21:034]	[RECV] O
[11:35:21:038]	[SEND] STATUS
[11:35:21:091]	[RECV] A
[11:35:21:092]	[RECV] S7350142B
[11:35:21:094]	[OPER] ----- Result : Completed, Description : 
