[01:01:01:247]	[RECV] C00000008
[01:01:02:942]	[OPER] ----- Unload -----
[01:01:02:942]	[SEND] RESET
[01:01:02:985]	[RECV] A
[01:01:02:986]	[RECV] O
[01:01:02:990]	[SEND] CFG_SLOTS
[01:01:03:037]	[RECV] A
[01:01:03:038]	[RECV] 13
[01:01:03:042]	[SEND] UNLOAD O
[01:01:03:086]	[RECV] A
[01:01:10:450]	[RECV] M00000200,00000000,00000000
[01:01:10:454]	[SEND] STATUS
[01:01:10:506]	[RECV] A
[01:01:10:507]	[RECV] S7350142B
[01:01:10:508]	[OPER] ----- Result : Completed, Description : 
[01:01:24:805]	[RECV] C00000020
[01:01:38:877]	[RECV] C00000010
[01:01:42:198]	[RECV] C00000004
[01:01:43:889]	[OPER] ----- Clamp -----
[01:01:43:889]	[SEND] RESET
[01:01:43:931]	[RECV] A
[01:01:43:932]	[RECV] O
[01:01:43:935]	[SEND] POD_LOCK ON
[01:01:43:986]	[RECV] A
[01:01:43:987]	[RECV] O
[01:01:43:991]	[SEND] STATUS
[01:01:44:043]	[RECV] A
[01:01:44:044]	[RECV] S7350142B
[01:01:44:046]	[OPER] ----- Result : Completed, Description : 
[01:01:44:232]	[OPER] ----- Load -----
[01:01:44:232]	[SEND] RESET
[01:01:44:274]	[RECV] A
[01:01:44:275]	[RECV] O
[01:01:44:278]	[SEND] CFG_SLOTS
[01:01:44:327]	[RECV] A
[01:01:44:328]	[RECV] 13
[01:01:44:332]	[SEND] LOAD O
[01:01:44:373]	[RECV] A
[01:01:56:631]	[RECV] M00000800,00000000,00000000
[01:01:56:635]	[SEND] STATUS
[01:01:56:687]	[RECV] A
[01:01:56:688]	[RECV] S33500C27
[01:01:56:689]	[OPER] ----- Result : Completed, Description : 
[01:03:47:889]	[RECV] C00000008
[01:03:49:601]	[OPER] ----- Unload -----
[01:03:49:601]	[SEND] RESET
[01:03:49:642]	[RECV] A
[01:03:49:643]	[RECV] O
[01:03:49:647]	[SEND] CFG_SLOTS
[01:03:49:696]	[RECV] A
[01:03:49:697]	[RECV] 13
[01:03:49:701]	[SEND] UNLOAD O
[01:03:49:744]	[RECV] A
[01:03:57:135]	[RECV] M00000800,00000000,00000000
[01:03:57:139]	[SEND] STATUS
[01:03:57:191]	[RECV] A
[01:03:57:192]	[RECV] S7350142B
[01:03:57:194]	[OPER] ----- Result : Completed, Description : 
[01:08:35:300]	[RECV] C00000004
[01:08:36:983]	[OPER] ----- Clamp -----
[01:08:36:983]	[SEND] RESET
[01:08:37:026]	[RECV] A
[01:08:37:027]	[RECV] O
[01:08:37:031]	[SEND] POD_LOCK ON
[01:08:37:082]	[RECV] A
[01:08:37:083]	[RECV] O
[01:08:37:087]	[SEND] STATUS
[01:08:37:139]	[RECV] A
[01:08:37:140]	[RECV] S7350142B
[01:08:37:141]	[OPER] ----- Result : Completed, Description : 
[01:08:37:328]	[OPER] ----- Load -----
[01:08:37:328]	[SEND] RESET
[01:08:37:370]	[RECV] A
[01:08:37:371]	[RECV] O
[01:08:37:374]	[SEND] CFG_SLOTS
[01:08:37:421]	[RECV] A
[01:08:37:422]	[RECV] 13
[01:08:37:425]	[SEND] LOAD O
[01:08:37:466]	[RECV] A
[01:08:49:734]	[RECV] M00000800,00000000,00000000
[01:08:49:738]	[SEND] STATUS
[01:08:49:789]	[RECV] A
[01:08:49:790]	[RECV] S33500C27
[01:08:49:792]	[OPER] ----- Result : Completed, Description : 
[01:10:02:885]	[RECV] C00000008
[01:10:04:587]	[OPER] ----- Unload -----
[01:10:04:587]	[SEND] RESET
[01:10:04:630]	[RECV] A
[01:10:04:631]	[RECV] O
[01:10:04:635]	[SEND] CFG_SLOTS
[01:10:04:683]	[RECV] A
[01:10:04:684]	[RECV] 13
[01:10:04:687]	[SEND] UNLOAD O
[01:10:04:729]	[RECV] A
[01:10:12:098]	[RECV] M00000800,00000000,00000000
[01:10:12:102]	[SEND] STATUS
[01:10:12:154]	[RECV] A
[01:10:12:155]	[RECV] S7350142B
[01:10:12:156]	[OPER] ----- Result : Completed, Description : 
[01:12:50:532]	[RECV] C00000020
[01:13:09:310]	[RECV] C00000010
[01:13:11:393]	[RECV] C00000004
[01:13:13:100]	[OPER] ----- Clamp -----
[01:13:13:100]	[SEND] RESET
[01:13:13:142]	[RECV] A
[01:13:13:143]	[RECV] O
[01:13:13:146]	[SEND] POD_LOCK ON
[01:13:13:197]	[RECV] A
[01:13:13:198]	[RECV] O
[01:13:13:202]	[SEND] STATUS
[01:13:13:253]	[RECV] A
[01:13:13:254]	[RECV] S7350142B
[01:13:13:255]	[OPER] ----- Result : Completed, Description : 
[01:13:13:439]	[OPER] ----- Load -----
[01:13:13:439]	[SEND] RESET
[01:13:13:482]	[RECV] A
[01:13:13:483]	[RECV] O
[01:13:13:487]	[SEND] CFG_SLOTS
[01:13:13:535]	[RECV] A
[01:13:13:536]	[RECV] 13
[01:13:13:539]	[SEND] LOAD O
[01:13:13:581]	[RECV] A
[01:13:25:848]	[RECV] M00000800,00000000,00000000
[01:13:25:851]	[SEND] STATUS
[01:13:25:903]	[RECV] A
[01:13:25:904]	[RECV] S33500C27
[01:13:25:905]	[OPER] ----- Result : Completed, Description : 
[01:50:41:905]	[RECV] C00000020
[01:50:54:802]	[RECV] C00000010
[01:51:52:588]	[OPER] ----- Initialize -----
[01:51:52:588]	[SEND] RESET
[01:51:52:637]	[RECV] A
[01:51:52:638]	[RECV] O
[01:51:52:642]	[SEND] HOM
[01:51:52:682]	[RECV] A
[01:52:08:104]	[RECV] O
[01:52:08:107]	[SEND] STATUS
[01:52:08:159]	[RECV] A
[01:52:08:160]	[RECV] S7350142B
[01:52:08:162]	[OPER] ----- Result : Completed, Description : 
[01:52:08:163]	[OPER] ----- ChangeToCassette -----
[01:52:08:163]	[SEND] RESET
[01:52:08:205]	[RECV] A
[01:52:08:206]	[RECV] O
[01:52:08:210]	[SEND] OC_MODE ON
[01:52:08:258]	[RECV] A
[01:52:08:259]	[RECV] O
[01:52:08:262]	[SEND] STATUS
[01:52:08:316]	[RECV] A
[01:52:08:317]	[RECV] S7350142B
[01:52:08:318]	[OPER] ----- Result : Completed, Description : 
[01:52:34:781]	[RECV] C00000004
[01:52:36:483]	[OPER] ----- Clamp -----
[01:52:36:483]	[SEND] RESET
[01:52:36:525]	[RECV] A
[01:52:36:526]	[RECV] O
[01:52:36:529]	[SEND] POD_LOCK ON
[01:52:36:581]	[RECV] A
[01:52:36:582]	[RECV] O
[01:52:36:585]	[SEND] STATUS
[01:52:36:637]	[RECV] A
[01:52:36:638]	[RECV] S7350142B
[01:52:36:639]	[OPER] ----- Result : Completed, Description : 
[01:52:36:824]	[OPER] ----- Load -----
[01:52:36:824]	[SEND] RESET
[01:52:36:866]	[RECV] A
[01:52:36:867]	[RECV] O
[01:52:36:870]	[SEND] CFG_SLOTS
[01:52:36:918]	[RECV] A
[01:52:36:919]	[RECV] 13
[01:52:36:922]	[SEND] LOAD O
[01:52:36:962]	[RECV] A
[01:52:49:224]	[RECV] M00000800,00000000,00000000
[01:52:49:228]	[SEND] STATUS
[01:52:49:280]	[RECV] A
[01:52:49:281]	[RECV] S33500C27
[01:52:49:283]	[OPER] ----- Result : Completed, Description : 
[02:13:21:316]	[RECV] C00000008
[02:13:23:022]	[OPER] ----- Unload -----
[02:13:23:022]	[SEND] RESET
[02:13:23:064]	[RECV] A
[02:13:23:065]	[RECV] O
[02:13:23:068]	[SEND] CFG_SLOTS
[02:13:23:116]	[RECV] A
[02:13:23:117]	[RECV] 13
[02:13:23:121]	[SEND] UNLOAD O
[02:13:23:163]	[RECV] A
[02:13:30:524]	[RECV] M00000800,00000000,00000000
[02:13:30:528]	[SEND] STATUS
[02:13:30:580]	[RECV] A
[02:13:30:581]	[RECV] S7350142B
[02:13:30:582]	[OPER] ----- Result : Completed, Description : 
[02:13:46:434]	[RECV] C00000020
[02:13:48:786]	[RECV] C00000010
[02:14:05:854]	[OPER] ----- Clamp -----
[02:14:05:854]	[SEND] RESET
[02:14:05:900]	[RECV] A
[02:14:05:901]	[RECV] O
[02:14:05:903]	[SEND] POD_LOCK ON
[02:14:05:957]	[RECV] A
[02:14:05:958]	[RECV] O
[02:14:05:961]	[SEND] STATUS
[02:14:06:014]	[RECV] A
[02:14:06:015]	[RECV] S7350142B
[02:14:06:015]	[OPER] ----- Result : Completed, Description : 
[02:14:06:203]	[OPER] ----- Load -----
[02:14:06:203]	[SEND] RESET
[02:14:06:247]	[RECV] A
[02:14:06:248]	[RECV] O
[02:14:06:251]	[SEND] CFG_SLOTS
[02:14:06:300]	[RECV] A
[02:14:06:301]	[RECV] 13
[02:14:06:303]	[SEND] LOAD O
[02:14:06:346]	[RECV] A
[02:14:18:601]	[RECV] M00000800,00000000,00000000
[02:14:18:605]	[SEND] STATUS
[02:14:18:657]	[RECV] A
[02:14:18:658]	[RECV] S33500C27
[02:14:18:660]	[OPER] ----- Result : Completed, Description : 
[02:28:37:027]	[OPER] ----- Unload -----
[02:28:37:027]	[SEND] RESET
[02:28:37:069]	[RECV] A
[02:28:37:070]	[RECV] O
[02:28:37:073]	[SEND] CFG_SLOTS
[02:28:37:120]	[RECV] A
[02:28:37:121]	[RECV] 13
[02:28:37:125]	[SEND] UNLOAD O
[02:28:37:168]	[RECV] A
[02:28:44:551]	[RECV] M00000800,00000000,00000000
[02:28:44:555]	[SEND] STATUS
[02:28:44:607]	[RECV] A
[02:28:44:608]	[RECV] S7350142B
[02:28:44:609]	[OPER] ----- Result : Completed, Description : 
[15:59:46:567]	[RECV] C01000000
[16:14:25:931]	[OPER] ----- Initialize -----
[16:14:25:931]	[SEND] RESET
[16:14:25:980]	[RECV] A
[16:14:25:981]	[RECV] O
[16:14:25:984]	[SEND] HOM
[16:14:26:028]	[RECV] A
[16:14:37:190]	[RECV] O
[16:14:37:193]	[SEND] STATUS
[16:14:37:246]	[RECV] A
[16:14:37:247]	[RECV] S7350142B
[16:14:37:249]	[OPER] ----- Result : Completed, Description : 
[16:14:37:251]	[OPER] ----- ChangeToCassette -----
[16:14:37:252]	[SEND] RESET
[16:14:37:294]	[RECV] A
[16:14:37:295]	[RECV] O
[16:14:37:299]	[SEND] OC_MODE ON
[16:14:37:347]	[RECV] A
[16:14:37:348]	[RECV] O
[16:14:37:351]	[SEND] STATUS
[16:14:37:402]	[RECV] A
[16:14:37:403]	[RECV] S7350142B
[16:14:37:405]	[OPER] ----- Result : Completed, Description : 
[16:28:14:822]	[OPER] ----- Initialize -----
[16:28:14:822]	[SEND] RESET
[16:28:14:867]	[RECV] A
[16:28:14:870]	[RECV] O
[16:28:14:875]	[SEND] HOM
[16:28:14:915]	[RECV] A
[16:28:26:076]	[RECV] O
[16:28:26:079]	[SEND] STATUS
[16:28:26:131]	[RECV] A
[16:28:26:132]	[RECV] S7350142B
[16:28:26:133]	[OPER] ----- Result : Completed, Description : 
[16:28:26:136]	[OPER] ----- ChangeToCassette -----
[16:28:26:136]	[SEND] RESET
[16:28:26:180]	[RECV] A
[16:28:26:181]	[RECV] O
[16:28:26:184]	[SEND] OC_MODE ON
[16:28:26:231]	[RECV] A
[16:28:26:232]	[RECV] O
[16:28:26:236]	[SEND] STATUS
[16:28:26:287]	[RECV] A
[16:28:26:288]	[RECV] S7350142B
[16:28:26:290]	[OPER] ----- Result : Completed, Description : 
[16:32:12:590]	[RECV] C00000020
[16:32:45:078]	[RECV] C00000010
[16:36:10:555]	[OPER] ----- Clamp -----
[16:36:10:555]	[SEND] RESET
[16:36:10:601]	[RECV] A
[16:36:10:602]	[RECV] O
[16:36:10:606]	[SEND] POD_LOCK ON
[16:36:10:659]	[RECV] A
[16:36:10:660]	[RECV] O
[16:36:10:663]	[SEND] STATUS
[16:36:10:716]	[RECV] A
[16:36:10:717]	[RECV] S7350142B
[16:36:10:717]	[OPER] ----- Result : Completed, Description : 
[16:36:11:477]	[OPER] ----- Load -----
[16:36:11:477]	[SEND] RESET
[16:36:11:519]	[RECV] A
[16:36:11:521]	[RECV] O
[16:36:11:524]	[SEND] CFG_SLOTS
[16:36:11:572]	[RECV] A
[16:36:11:573]	[RECV] 13
[16:36:11:577]	[SEND] LOAD O
[16:36:11:618]	[RECV] A
[16:36:24:085]	[RECV] M00000020,00000000,00000000
[16:36:24:099]	[SEND] STATUS
[16:36:24:151]	[RECV] A
[16:36:24:152]	[RECV] S33500C27
[16:36:24:153]	[OPER] ----- Result : Completed, Description : 
[16:38:25:604]	[OPER] ----- Unload -----
[16:38:25:604]	[SEND] RESET
[16:38:25:651]	[RECV] A
[16:38:25:652]	[RECV] O
[16:38:25:656]	[SEND] CFG_SLOTS
[16:38:25:709]	[RECV] A
[16:38:25:710]	[RECV] 13
[16:38:25:713]	[SEND] UNLOAD O
[16:38:25:757]	[RECV] A
[16:38:33:145]	[RECV] M00000020,00000000,00000000
[16:38:33:148]	[SEND] STATUS
[16:38:33:201]	[RECV] A
[16:38:33:202]	[RECV] S7350142B
[16:38:33:204]	[OPER] ----- Result : Completed, Description : 
[16:40:46:342]	[RECV] C00000020
[16:41:26:654]	[RECV] C00000010
[16:42:24:120]	[OPER] ----- Initialize -----
[16:42:24:120]	[SEND] RESET
[16:42:24:165]	[RECV] A
[16:42:24:166]	[RECV] O
[16:42:24:170]	[SEND] HOM
[16:42:24:209]	[RECV] A
[16:42:35:390]	[RECV] O
[16:42:35:394]	[SEND] STATUS
[16:42:35:446]	[RECV] A
[16:42:35:447]	[RECV] S7350142B
[16:42:35:448]	[OPER] ----- Result : Completed, Description : 
[16:42:35:449]	[OPER] ----- ChangeToCassette -----
[16:42:35:449]	[SEND] RESET
[16:42:35:491]	[RECV] A
[16:42:35:492]	[RECV] O
[16:42:35:496]	[SEND] OC_MODE ON
[16:42:35:543]	[RECV] A
[16:42:35:544]	[RECV] O
[16:42:35:547]	[SEND] STATUS
[16:42:35:599]	[RECV] A
[16:42:35:600]	[RECV] S7350142B
[16:42:35:601]	[OPER] ----- Result : Completed, Description : 
[16:43:55:403]	[OPER] ----- Clamp -----
[16:43:55:403]	[SEND] RESET
[16:43:55:447]	[RECV] A
[16:43:55:448]	[RECV] O
[16:43:55:453]	[SEND] POD_LOCK ON
[16:43:55:506]	[RECV] A
[16:43:55:507]	[RECV] O
[16:43:55:510]	[SEND] STATUS
[16:43:55:562]	[RECV] A
[16:43:55:563]	[RECV] S7350142B
[16:43:55:563]	[OPER] ----- Result : Completed, Description : 
[16:43:55:751]	[OPER] ----- Load -----
[16:43:55:751]	[SEND] RESET
[16:43:55:796]	[RECV] A
[16:43:55:798]	[RECV] O
[16:43:55:802]	[SEND] CFG_SLOTS
[16:43:55:851]	[RECV] A
[16:43:55:852]	[RECV] 13
[16:43:55:857]	[SEND] LOAD O
[16:43:55:897]	[RECV] A
[16:44:08:390]	[RECV] M00000080,00000000,00000000
[16:44:08:393]	[SEND] STATUS
[16:44:08:445]	[RECV] A
[16:44:08:446]	[RECV] S33500C27
[16:44:08:447]	[OPER] ----- Result : Completed, Description : 
[17:25:22:463]	[OPER] ----- Initialize -----
[17:25:22:463]	[SEND] RESET
[17:25:22:507]	[RECV] A
[17:25:22:508]	[RECV] O
[17:25:22:511]	[SEND] HOM
[17:25:22:551]	[RECV] A
[17:25:37:817]	[RECV] O
[17:25:37:821]	[SEND] STATUS
[17:25:37:872]	[RECV] A
[17:25:37:873]	[RECV] S7350142B
[17:25:37:875]	[OPER] ----- Result : Completed, Description : 
[17:25:37:876]	[OPER] ----- ChangeToCassette -----
[17:25:37:876]	[SEND] RESET
[17:25:37:919]	[RECV] A
[17:25:37:920]	[RECV] O
[17:25:37:924]	[SEND] OC_MODE ON
[17:25:37:971]	[RECV] A
[17:25:37:972]	[RECV] O
[17:25:37:976]	[SEND] STATUS
[17:25:38:027]	[RECV] A
[17:25:38:028]	[RECV] S7350142B
[17:25:38:030]	[OPER] ----- Result : Completed, Description : 
[17:26:11:395]	[RECV] C00000004
[17:26:13:101]	[OPER] ----- Clamp -----
[17:26:13:101]	[SEND] RESET
[17:26:13:143]	[RECV] A
[17:26:13:144]	[RECV] O
[17:26:13:147]	[SEND] POD_LOCK ON
[17:26:13:198]	[RECV] A
[17:26:13:199]	[RECV] O
[17:26:13:203]	[SEND] STATUS
[17:26:13:256]	[RECV] A
[17:26:13:257]	[RECV] S7350142B
[17:26:13:258]	[OPER] ----- Result : Completed, Description : 
[17:26:13:442]	[OPER] ----- Load -----
[17:26:13:442]	[SEND] RESET
[17:26:13:486]	[RECV] A
[17:26:13:487]	[RECV] O
[17:26:13:490]	[SEND] CFG_SLOTS
[17:26:13:537]	[RECV] A
[17:26:13:538]	[RECV] 13
[17:26:13:542]	[SEND] LOAD O
[17:26:13:583]	[RECV] A
[17:26:25:867]	[RECV] M00000000,00000000,00000000
[17:26:25:870]	[SEND] STATUS
[17:26:25:922]	[RECV] A
[17:26:25:923]	[RECV] S33500C27
[17:26:25:924]	[OPER] ----- Result : Completed, Description : 
[17:26:26:891]	[RECV] C00000008
[17:26:28:590]	[OPER] ----- Unload -----
[17:26:28:590]	[SEND] RESET
[17:26:28:633]	[RECV] A
[17:26:28:634]	[RECV] O
[17:26:28:638]	[SEND] CFG_SLOTS
[17:26:28:685]	[RECV] A
[17:26:28:686]	[RECV] 13
[17:26:28:690]	[SEND] UNLOAD O
[17:26:28:733]	[RECV] A
[17:26:36:033]	[RECV] M00000000,00000000,00000000
[17:26:36:037]	[SEND] STATUS
[17:26:36:089]	[RECV] A
[17:26:36:090]	[RECV] S7350142B
[17:26:36:092]	[OPER] ----- Result : Completed, Description : 
