[11:01:48:089]	[RECV] C00000001
[11:02:27:260]	[RECV] M00000280,00000000,00000000
[11:21:03:770]	[RECV] C00000002
[11:42:55:148]	[RECV] C00000001
[11:43:09:042]	[RECV] M00000280,00000000,00000000
[11:43:25:815]	[RECV] C00000002
[11:46:47:049]	[RECV] C00000001
[11:47:50:012]	[RECV] M00000204,00000000,00000000
[12:02:48:320]	[RECV] C00000020
[12:02:52:319]	[RECV] C00000010
[14:17:55:822]	[RECV] M00000204,00000000,00000000
[14:19:26:204]	[RECV] C00000002
[15:25:19:398]	[RECV] C01000000
[16:28:11:111]	[OPER] ----- Initialize -----
[16:28:11:111]	[SEND] RESET
[16:28:11:160]	[RECV] A
[16:28:11:161]	[RECV] O
[16:28:11:165]	[SEND] HOM
[16:28:11:206]	[RECV] A
[16:28:22:540]	[RECV] O
[16:28:22:544]	[SEND] STATUS
[16:28:22:594]	[RECV] A
[16:28:22:595]	[RECV] S7350142B
[16:28:22:597]	[OPER] ----- Result : Completed, Description : 
[16:28:22:599]	[OPER] ----- ChangeToCassette -----
[16:28:22:600]	[SEND] RESET
[16:28:22:643]	[RECV] A
[16:28:22:644]	[RECV] O
[16:28:22:647]	[SEND] OC_MODE ON
[16:28:22:693]	[RECV] A
[16:28:22:694]	[RECV] O
[16:28:22:697]	[SEND] STATUS
[16:28:22:749]	[RECV] A
[16:28:22:750]	[RECV] S7350142B
[16:28:22:751]	[OPER] ----- Result : Completed, Description : 
[16:31:02:778]	[OPER] ----- Initialize -----
[16:31:02:778]	[SEND] RESET
[16:31:02:820]	[RECV] A
[16:31:02:821]	[RECV] O
[16:31:02:980]	[SEND] HOM
[16:31:03:017]	[RECV] A
[16:31:14:212]	[RECV] O
[16:31:14:362]	[SEND] STATUS
[16:31:14:414]	[RECV] A
[16:31:14:415]	[RECV] S7350142B
[16:31:14:463]	[OPER] ----- Result : Completed, Description : 
[16:31:22:110]	[OPER] ----- ChangeToCassette -----
[16:31:22:110]	[SEND] RESET
[16:31:22:152]	[RECV] A
[16:31:22:153]	[RECV] O
[16:31:22:313]	[SEND] OC_MODE ON
[16:31:22:361]	[RECV] A
[16:31:22:362]	[RECV] O
[16:31:22:514]	[SEND] STATUS
[16:31:22:565]	[RECV] A
[16:31:22:566]	[RECV] S7350142B
[16:31:22:615]	[OPER] ----- Result : Completed, Description : 
[16:31:39:250]	[OPER] ----- Load -----
[16:31:39:251]	[SEND] RESET
[16:31:39:293]	[RECV] A
[16:31:39:294]	[RECV] O
[16:31:39:452]	[SEND] CFG_SLOTS
[16:31:39:499]	[RECV] A
[16:31:39:500]	[RECV] 13
[16:31:39:653]	[SEND] LOAD O
[16:31:39:694]	[RECV] A
[16:31:52:269]	[RECV] M00000204,00000000,00000000
[16:31:52:446]	[SEND] STATUS
[16:31:52:498]	[RECV] A
[16:31:52:499]	[RECV] S33500C27
[16:31:52:547]	[OPER] ----- Result : Completed, Description : 
[16:46:13:003]	[OPER] ----- Load -----
[16:46:13:003]	[SEND] RESET
[16:46:13:045]	[RECV] A
[16:46:13:046]	[RECV] O
[16:46:13:205]	[SEND] CFG_SLOTS
[16:46:13:253]	[RECV] A
[16:46:13:254]	[RECV] 13
[16:46:13:406]	[SEND] LOAD O
[16:46:13:477]	[RECV] A
[16:46:13:478]	[RECV] M00000204,00000000,00000000
[16:46:13:608]	[SEND] STATUS
[16:46:13:659]	[RECV] A
[16:46:13:660]	[RECV] S33500C27
[16:46:13:708]	[OPER] ----- Result : Completed, Description : 
[16:46:39:139]	[OPER] ----- ScanDown -----
[16:46:39:139]	[SEND] RESET
[16:46:39:182]	[RECV] A
[16:46:39:183]	[RECV] O
[16:46:39:341]	[SEND] CFG_SLOTS
[16:46:39:389]	[RECV] A
[16:46:39:390]	[RECV] 13
[16:46:39:542]	[SEND] SCAN DN
[16:46:39:584]	[RECV] A
[16:46:44:179]	[OPER] ----- Result : Timeout, Description : 
[16:46:51:347]	[RECV] M00000204,00000000,00000000
[16:46:55:836]	[OPER] ----- Close -----
[16:46:55:836]	[SEND] RESET
[16:46:56:318]	[RECV] A
[16:46:56:319]	[RECV] O
[16:46:56:440]	[SEND] CFG_SLOTS
[16:46:56:488]	[RECV] A
[16:46:56:489]	[RECV] 13
[16:46:56:642]	[SEND] TCLOSE
[16:46:56:682]	[RECV] A
[16:47:00:021]	[RECV] O
[16:47:00:169]	[SEND] STATUS
[16:47:00:220]	[RECV] A
[16:47:00:221]	[RECV] S33500C2B
[16:47:00:270]	[OPER] ----- Result : Completed, Description : 
[16:47:09:796]	[OPER] ----- Close -----
[16:47:09:796]	[SEND] RESET
[16:47:09:838]	[RECV] A
[16:47:09:839]	[RECV] O
[16:47:09:998]	[SEND] CFG_SLOTS
[16:47:10:819]	[RECV] A
[16:47:10:820]	[RECV] 13
[16:47:11:005]	[SEND] TCLOSE
[16:47:11:051]	[RECV] A
[16:47:11:052]	[RECV] O
[16:47:11:207]	[SEND] STATUS
[16:47:11:258]	[RECV] A
[16:47:11:259]	[RECV] S33500C2B
[16:47:11:307]	[OPER] ----- Result : Completed, Description : 
[16:47:24:363]	[OPER] ----- Undock -----
[16:47:24:363]	[SEND] RESET
[16:47:24:406]	[RECV] A
[16:47:24:407]	[RECV] O
[16:47:24:565]	[SEND] UNDOCK
[16:47:24:606]	[RECV] A
[16:47:26:633]	[RECV] O
[16:47:26:781]	[SEND] STATUS
[16:47:26:832]	[RECV] A
[16:47:26:833]	[RECV] S3350142B
[16:47:26:883]	[OPER] ----- Result : Completed, Description : 
[16:47:29:045]	[OPER] ----- Close -----
[16:47:29:045]	[SEND] RESET
[16:47:29:088]	[RECV] A
[16:47:29:089]	[RECV] O
[16:47:29:246]	[SEND] CFG_SLOTS
[16:47:29:293]	[RECV] A
[16:47:29:294]	[RECV] 13
[16:47:29:448]	[SEND] TCLOSE
[16:47:29:494]	[RECV] A
[16:47:29:495]	[RECV] O
[16:47:29:649]	[SEND] STATUS
[16:47:29:700]	[RECV] A
[16:47:29:701]	[RECV] S3350142B
[16:47:29:750]	[OPER] ----- Result : Completed, Description : 
[16:47:33:316]	[OPER] ----- Dock -----
[16:47:33:316]	[SEND] RESET
[16:47:33:358]	[RECV] A
[16:47:33:359]	[RECV] O
[16:47:33:517]	[SEND] DOCK
[16:47:33:555]	[RECV] A
[16:47:35:925]	[RECV] O
[16:47:36:035]	[SEND] STATUS
[16:47:36:087]	[RECV] A
[16:47:36:088]	[RECV] S33500C2B
[16:47:36:136]	[OPER] ----- Result : Completed, Description : 
[16:47:38:364]	[OPER] ----- ScanDown -----
[16:47:38:364]	[SEND] RESET
[16:47:38:405]	[RECV] A
[16:47:38:406]	[RECV] O
[16:47:38:566]	[SEND] CFG_SLOTS
[16:47:38:613]	[RECV] A
[16:47:38:614]	[RECV] 13
[16:47:38:767]	[SEND] SCAN DN
[16:47:38:829]	[RECV] A
[16:47:38:830]	[RECV] E10 POD Not Opened
[16:47:38:868]	[OPER] ----- Result : Error, Description : E10 POD Not Opened
[16:47:45:447]	[OPER] ----- Open -----
[16:47:45:447]	[SEND] RESET
[16:47:45:490]	[RECV] A
[16:47:45:491]	[RECV] O
[16:47:45:649]	[SEND] CFG_SLOTS
[16:47:45:695]	[RECV] A
[16:47:45:696]	[RECV] 13
[16:47:45:850]	[SEND] TOPEN
[16:47:45:890]	[RECV] A
[16:47:50:231]	[RECV] O
[16:47:50:385]	[SEND] STATUS
[16:47:50:819]	[RECV] A
[16:47:50:820]	[RECV] S33500C27
[16:47:50:889]	[OPER] ----- Result : Completed, Description : 
[16:47:53:758]	[OPER] ----- ScanDown -----
[16:47:53:758]	[SEND] RESET
[16:47:53:799]	[RECV] A
[16:47:53:800]	[RECV] O
[16:47:53:959]	[SEND] CFG_SLOTS
[16:47:54:006]	[RECV] A
[16:47:54:007]	[RECV] 13
[16:47:54:161]	[SEND] SCAN DN
[16:47:54:203]	[RECV] A
[16:47:58:795]	[OPER] ----- Result : Timeout, Description : 
[16:48:05:820]	[RECV] M00000204,00000000,00000000
[16:48:08:626]	[OPER] ----- Initialize -----
[16:48:08:626]	[SEND] RESET
[16:48:08:667]	[RECV] A
[16:48:08:668]	[RECV] O
[16:48:08:828]	[SEND] HOM
[16:48:08:865]	[RECV] A
[16:48:24:227]	[RECV] O
[16:48:24:343]	[SEND] STATUS
[16:48:24:395]	[RECV] A
[16:48:24:396]	[RECV] S7350142B
[16:48:24:444]	[OPER] ----- Result : Completed, Description : 
[16:48:30:919]	[OPER] ----- Load -----
[16:48:30:919]	[SEND] RESET
[16:48:31:820]	[RECV] A
[16:48:31:821]	[RECV] O
[16:48:31:927]	[SEND] CFG_SLOTS
[16:48:31:974]	[RECV] A
[16:48:31:975]	[RECV] 13
[16:48:32:128]	[SEND] LOAD O
[16:48:32:168]	[RECV] A
[16:48:44:678]	[RECV] M00000204,00000000,00000000
[16:48:44:821]	[SEND] STATUS
[16:48:44:873]	[RECV] A
[16:48:44:874]	[RECV] S33500C27
[16:48:44:922]	[OPER] ----- Result : Completed, Description : 
[16:54:56:323]	[OPER] ----- Close -----
[16:54:56:323]	[SEND] RESET
[16:54:56:364]	[RECV] A
[16:54:56:365]	[RECV] O
[16:54:56:524]	[SEND] CFG_SLOTS
[16:54:56:571]	[RECV] A
[16:54:56:572]	[RECV] 13
[16:54:56:726]	[SEND] TCLOSE
[16:54:56:767]	[RECV] A
[16:55:00:105]	[RECV] O
[16:55:00:252]	[SEND] STATUS
[16:55:00:303]	[RECV] A
[16:55:00:304]	[RECV] S33500C2B
[16:55:00:352]	[OPER] ----- Result : Completed, Description : 
[16:55:03:284]	[OPER] ----- Unload -----
[16:55:03:284]	[SEND] RESET
[16:55:03:328]	[RECV] A
[16:55:03:329]	[RECV] O
[16:55:03:486]	[SEND] CFG_SLOTS
[16:55:03:534]	[RECV] A
[16:55:03:535]	[RECV] 13
[16:55:03:687]	[SEND] UNLOAD O
[16:55:03:730]	[RECV] A
[16:55:07:820]	[RECV] M00000204,00000000,00000000
[16:55:08:019]	[SEND] STATUS
[16:55:08:071]	[RECV] A
[16:55:08:072]	[RECV] S7350142B
[16:55:08:119]	[OPER] ----- Result : Completed, Description : 
[16:55:09:952]	[RECV] C00000020
[16:55:29:249]	[RECV] C00000010
[16:55:31:640]	[OPER] ----- Load -----
[16:55:31:640]	[SEND] RESET
[16:55:31:680]	[RECV] A
[16:55:31:681]	[RECV] O
[16:55:31:841]	[SEND] CFG_SLOTS
[16:55:31:888]	[RECV] A
[16:55:31:889]	[RECV] 13
[16:55:32:043]	[SEND] LOAD O
[16:55:32:082]	[RECV] A
[16:55:44:605]	[RECV] M00000204,00000000,00000000
[16:55:44:735]	[SEND] STATUS
[16:55:44:786]	[RECV] A
[16:55:44:787]	[RECV] S33500C27
[16:55:44:835]	[OPER] ----- Result : Completed, Description : 
[16:58:21:474]	[RECV] C00000020
[16:58:27:659]	[RECV] C00000010
