[00:04:29:153]	[OPER] ----- Initialize -----
[00:04:29:153]	[SEND] RESET
[00:04:29:197]	[RECV] A
[00:04:29:200]	[RECV] O
[00:04:29:204]	[SEND] HOM
[00:04:29:244]	[RECV] A
[00:04:40:394]	[RECV] O
[00:04:40:398]	[SEND] STATUS
[00:04:40:450]	[RECV] A
[00:04:40:451]	[RECV] S7350142B
[00:04:40:453]	[OPER] ----- Result : Completed, Description : 
[00:04:40:456]	[OPER] ----- ChangeToCassette -----
[00:04:40:456]	[SEND] RESET
[00:04:40:500]	[RECV] A
[00:04:40:501]	[RECV] O
[00:04:40:504]	[SEND] OC_MODE ON
[00:04:40:552]	[RECV] A
[00:04:40:553]	[RECV] O
[00:04:40:556]	[SEND] STATUS
[00:04:40:607]	[RECV] A
[00:04:40:608]	[RECV] S7350142B
[00:04:40:610]	[OPER] ----- Result : Completed, Description : 
[00:05:01:813]	[RECV] C01000000
[00:05:13:394]	[OPER] ----- Initialize -----
[00:05:13:394]	[SEND] RESET
[00:05:13:438]	[RECV] A
[00:05:13:439]	[RECV] O
[00:05:13:442]	[SEND] HOM
[00:05:13:482]	[RECV] A
[00:05:24:613]	[RECV] O
[00:05:24:617]	[SEND] STATUS
[00:05:24:669]	[RECV] A
[00:05:24:670]	[RECV] S7350142B
[00:05:24:671]	[OPER] ----- Result : Completed, Description : 
[00:05:24:672]	[OPER] ----- ChangeToCassette -----
[00:05:24:672]	[SEND] RESET
[00:05:24:713]	[RECV] A
[00:05:24:714]	[RECV] O
[00:05:24:717]	[SEND] OC_MODE ON
[00:05:24:764]	[RECV] A
[00:05:24:765]	[RECV] O
[00:05:24:769]	[SEND] STATUS
[00:05:24:821]	[RECV] A
[00:05:24:822]	[RECV] S7350142B
[00:05:24:823]	[OPER] ----- Result : Completed, Description : 
[00:12:54:620]	[RECV] C01000000
[00:13:12:250]	[OPER] ----- Initialize -----
[00:13:12:250]	[SEND] RESET
[00:13:12:294]	[RECV] A
[00:13:12:295]	[RECV] O
[00:13:12:299]	[SEND] HOM
[00:13:12:338]	[RECV] A
[00:13:23:470]	[RECV] O
[00:13:23:474]	[SEND] STATUS
[00:13:23:526]	[RECV] A
[00:13:23:527]	[RECV] S7350142B
[00:13:23:528]	[OPER] ----- Result : Completed, Description : 
[00:13:23:531]	[OPER] ----- ChangeToCassette -----
[00:13:23:531]	[SEND] RESET
[00:13:23:574]	[RECV] A
[00:13:23:575]	[RECV] O
[00:13:23:579]	[SEND] OC_MODE ON
[00:13:23:627]	[RECV] A
[00:13:23:628]	[RECV] O
[00:13:23:632]	[SEND] STATUS
[00:13:23:684]	[RECV] A
[00:13:23:685]	[RECV] S7350142B
[00:13:23:686]	[OPER] ----- Result : Completed, Description : 
[00:20:17:514]	[RECV] C00000010
[00:20:50:760]	[OPER] ----- Initialize -----
[00:20:50:760]	[SEND] RESET
[00:20:50:804]	[RECV] A
[00:20:50:805]	[RECV] O
[00:20:50:807]	[SEND] HOM
[00:20:50:847]	[RECV] A
[00:21:01:976]	[RECV] O
[00:21:01:979]	[SEND] STATUS
[00:21:02:031]	[RECV] A
[00:21:02:032]	[RECV] S7350142B
[00:21:02:033]	[OPER] ----- Result : Completed, Description : 
[00:21:02:035]	[OPER] ----- ChangeToCassette -----
[00:21:02:036]	[SEND] RESET
[00:21:02:079]	[RECV] A
[00:21:02:080]	[RECV] O
[00:21:02:083]	[SEND] OC_MODE ON
[00:21:02:131]	[RECV] A
[00:21:02:132]	[RECV] O
[00:21:02:135]	[SEND] STATUS
[00:21:02:186]	[RECV] A
[00:21:02:187]	[RECV] S7350142B
[00:21:02:188]	[OPER] ----- Result : Completed, Description : 
[00:52:08:965]	[RECV] C01000000
[01:15:53:081]	[OPER] ----- Initialize -----
[01:15:53:081]	[SEND] RESET
[01:15:53:126]	[RECV] A
[01:15:53:129]	[RECV] O
[01:15:53:133]	[SEND] HOM
[01:15:53:173]	[RECV] A
[01:16:04:313]	[RECV] O
[01:16:04:317]	[SEND] STATUS
[01:16:04:368]	[RECV] A
[01:16:04:369]	[RECV] S7350142B
[01:16:04:371]	[OPER] ----- Result : Completed, Description : 
[01:16:04:375]	[OPER] ----- ChangeToCassette -----
[01:16:04:376]	[SEND] RESET
[01:16:04:419]	[RECV] A
[01:16:04:420]	[RECV] O
[01:16:04:424]	[SEND] OC_MODE ON
[01:16:04:472]	[RECV] A
[01:16:04:473]	[RECV] O
[01:16:04:477]	[SEND] STATUS
[01:16:04:528]	[RECV] A
[01:16:04:529]	[RECV] S7350142B
[01:16:04:531]	[OPER] ----- Result : Completed, Description : 
[01:50:29:413]	[RECV] C01000000
[01:51:06:846]	[OPER] ----- Initialize -----
[01:51:06:846]	[SEND] RESET
[01:51:06:890]	[RECV] A
[01:51:06:891]	[RECV] O
[01:51:06:893]	[SEND] HOM
[01:51:06:933]	[RECV] A
[01:51:18:080]	[RECV] O
[01:51:18:085]	[SEND] STATUS
[01:51:18:137]	[RECV] A
[01:51:18:138]	[RECV] S7350142B
[01:51:18:139]	[OPER] ----- Result : Completed, Description : 
[01:51:18:141]	[OPER] ----- ChangeToCassette -----
[01:51:18:142]	[SEND] RESET
[01:51:18:186]	[RECV] A
[01:51:18:187]	[RECV] O
[01:51:18:190]	[SEND] OC_MODE ON
[01:51:18:239]	[RECV] A
[01:51:18:240]	[RECV] O
[01:51:18:244]	[SEND] STATUS
[01:51:18:296]	[RECV] A
[01:51:18:297]	[RECV] S7350142B
[01:51:18:298]	[OPER] ----- Result : Completed, Description : 
[01:51:24:212]	[RECV] C01000000
[01:54:01:670]	[OPER] ----- Initialize -----
[01:54:01:670]	[SEND] RESET
[01:54:01:714]	[RECV] A
[01:54:01:717]	[RECV] O
[01:54:01:721]	[SEND] HOM
[01:54:01:761]	[RECV] A
[01:54:12:898]	[RECV] O
[01:54:12:902]	[SEND] STATUS
[01:54:12:954]	[RECV] A
[01:54:12:955]	[RECV] S7350142B
[01:54:12:956]	[OPER] ----- Result : Completed, Description : 
[01:54:12:959]	[OPER] ----- ChangeToCassette -----
[01:54:12:960]	[SEND] RESET
[01:54:13:002]	[RECV] A
[01:54:13:003]	[RECV] O
[01:54:13:006]	[SEND] OC_MODE ON
[01:54:13:054]	[RECV] A
[01:54:13:055]	[RECV] O
[01:54:13:058]	[SEND] STATUS
[01:54:13:110]	[RECV] A
[01:54:13:111]	[RECV] S7350142B
[01:54:13:112]	[OPER] ----- Result : Completed, Description : 
[01:56:39:111]	[RECV] C00000020
[01:59:29:881]	[RECV] C00000010
[02:01:01:399]	[OPER] ----- Clamp -----
[02:01:01:399]	[SEND] RESET
[02:01:01:445]	[RECV] A
[02:01:01:446]	[RECV] O
[02:01:01:449]	[SEND] POD_LOCK ON
[02:01:01:500]	[RECV] A
[02:01:01:501]	[RECV] O
[02:01:01:504]	[SEND] STATUS
[02:01:01:557]	[RECV] A
[02:01:01:558]	[RECV] S7350142B
[02:01:01:559]	[OPER] ----- Result : Completed, Description : 
[02:01:02:317]	[OPER] ----- Load -----
[02:01:02:317]	[SEND] RESET
[02:01:02:358]	[RECV] A
[02:01:02:359]	[RECV] O
[02:01:02:362]	[SEND] CFG_SLOTS
[02:01:02:409]	[RECV] A
[02:01:02:410]	[RECV] 13
[02:01:02:413]	[SEND] LOAD O
[02:01:02:455]	[RECV] A
[02:01:14:765]	[RECV] M00000800,00000000,00000000
[02:01:14:771]	[SEND] STATUS
[02:01:14:824]	[RECV] A
[02:01:14:825]	[RECV] S33500C27
[02:01:14:826]	[OPER] ----- Result : Completed, Description : 
[03:08:25:056]	[OPER] ----- Unload -----
[03:08:25:056]	[SEND] RESET
[03:08:25:099]	[RECV] A
[03:08:25:100]	[RECV] O
[03:08:25:102]	[SEND] CFG_SLOTS
[03:08:25:149]	[RECV] A
[03:08:25:150]	[RECV] 13
[03:08:25:154]	[SEND] UNLOAD O
[03:08:25:198]	[RECV] A
[03:08:32:573]	[RECV] M00000800,00000000,00000000
[03:08:32:576]	[SEND] STATUS
[03:08:32:628]	[RECV] A
[03:08:32:629]	[RECV] S7350142B
[03:08:32:630]	[OPER] ----- Result : Completed, Description : 
[03:08:34:646]	[OPER] ----- Clamp -----
[03:08:34:646]	[SEND] RESET
[03:08:34:688]	[RECV] A
[03:08:34:689]	[RECV] O
[03:08:34:693]	[SEND] POD_LOCK ON
[03:08:34:744]	[RECV] A
[03:08:34:745]	[RECV] O
[03:08:34:748]	[SEND] STATUS
[03:08:34:800]	[RECV] A
[03:08:34:801]	[RECV] S7350142B
[03:08:34:803]	[OPER] ----- Result : Completed, Description : 
[03:08:34:986]	[OPER] ----- Load -----
[03:08:34:986]	[SEND] RESET
[03:08:35:028]	[RECV] A
[03:08:35:029]	[RECV] O
[03:08:35:031]	[SEND] CFG_SLOTS
[03:08:35:079]	[RECV] A
[03:08:35:080]	[RECV] 13
[03:08:35:085]	[SEND] LOAD O
[03:08:35:126]	[RECV] A
[03:08:47:378]	[RECV] M00000800,00000000,00000000
[03:08:47:382]	[SEND] STATUS
[03:08:47:435]	[RECV] A
[03:08:47:436]	[RECV] S33500C27
[03:08:47:437]	[OPER] ----- Result : Completed, Description : 
[03:10:54:865]	[RECV] C01000000
[03:17:18:612]	[OPER] ----- Initialize -----
[03:17:18:612]	[SEND] RESET
[03:17:18:657]	[RECV] A
[03:17:18:658]	[RECV] O
[03:17:18:662]	[SEND] HOM
[03:17:18:701]	[RECV] A
[03:17:33:991]	[RECV] O
[03:17:33:994]	[SEND] STATUS
[03:17:34:045]	[RECV] A
[03:17:34:046]	[RECV] S7350142B
[03:17:34:048]	[OPER] ----- Result : Completed, Description : 
[03:17:34:049]	[OPER] ----- ChangeToCassette -----
[03:17:34:049]	[SEND] RESET
[03:17:34:092]	[RECV] A
[03:17:34:093]	[RECV] O
[03:17:34:097]	[SEND] OC_MODE ON
[03:17:34:144]	[RECV] A
[03:17:34:145]	[RECV] O
[03:17:34:148]	[SEND] STATUS
[03:17:34:200]	[RECV] A
[03:17:34:201]	[RECV] S7350142B
[03:17:34:202]	[OPER] ----- Result : Completed, Description : 
[03:18:01:878]	[OPER] ----- Clamp -----
[03:18:01:878]	[SEND] RESET
[03:18:01:922]	[RECV] A
[03:18:01:923]	[RECV] O
[03:18:01:927]	[SEND] POD_LOCK ON
[03:18:01:979]	[RECV] A
[03:18:01:980]	[RECV] O
[03:18:01:983]	[SEND] STATUS
[03:18:02:035]	[RECV] A
[03:18:02:036]	[RECV] S7350142B
[03:18:02:039]	[OPER] ----- Result : Completed, Description : 
[03:18:02:226]	[OPER] ----- Load -----
[03:18:02:226]	[SEND] RESET
[03:18:02:273]	[RECV] A
[03:18:02:274]	[RECV] O
[03:18:02:277]	[SEND] CFG_SLOTS
[03:18:02:325]	[RECV] A
[03:18:02:326]	[RECV] 13
[03:18:02:329]	[SEND] LOAD O
[03:18:02:372]	[RECV] A
[03:18:14:632]	[RECV] M00000000,00000000,00000000
[03:18:14:636]	[SEND] STATUS
[03:18:14:688]	[RECV] A
[03:18:14:689]	[RECV] S33500C27
[03:18:14:690]	[OPER] ----- Result : Completed, Description : 
[03:18:14:702]	[OPER] ----- Unload -----
[03:18:14:702]	[SEND] RESET
[03:18:14:745]	[RECV] A
[03:18:14:746]	[RECV] O
[03:18:14:749]	[SEND] CFG_SLOTS
[03:18:14:797]	[RECV] A
[03:18:14:798]	[RECV] 13
[03:18:14:802]	[SEND] UNLOAD O
[03:18:14:846]	[RECV] A
[03:18:22:170]	[RECV] M00000000,00000000,00000000
[03:18:22:173]	[SEND] STATUS
[03:18:22:226]	[RECV] A
[03:18:22:227]	[RECV] S7350142B
[03:18:22:228]	[OPER] ----- Result : Completed, Description : 
[03:18:24:248]	[OPER] ----- Clamp -----
[03:18:24:248]	[SEND] RESET
[03:18:24:290]	[RECV] A
[03:18:24:291]	[RECV] O
[03:18:24:294]	[SEND] POD_LOCK ON
[03:18:24:346]	[RECV] A
[03:18:24:347]	[RECV] O
[03:18:24:351]	[SEND] STATUS
[03:18:24:402]	[RECV] A
[03:18:24:403]	[RECV] S7350142B
[03:18:24:404]	[OPER] ----- Result : Completed, Description : 
[03:18:24:587]	[OPER] ----- Load -----
[03:18:24:587]	[SEND] RESET
[03:18:24:630]	[RECV] A
[03:18:24:631]	[RECV] O
[03:18:24:634]	[SEND] CFG_SLOTS
[03:18:24:683]	[RECV] A
[03:18:24:684]	[RECV] 13
[03:18:24:688]	[SEND] LOAD O
[03:18:24:729]	[RECV] A
[03:18:36:960]	[RECV] M00000000,00000000,00000000
[03:18:36:963]	[SEND] STATUS
[03:18:37:015]	[RECV] A
[03:18:37:016]	[RECV] S33500C27
[03:18:37:018]	[OPER] ----- Result : Completed, Description : 
[03:18:37:029]	[OPER] ----- Unload -----
[03:18:37:029]	[SEND] RESET
[03:18:37:071]	[RECV] A
[03:18:37:072]	[RECV] O
[03:18:37:075]	[SEND] CFG_SLOTS
[03:18:37:122]	[RECV] A
[03:18:37:123]	[RECV] 13
[03:18:37:127]	[SEND] UNLOAD O
[03:18:37:171]	[RECV] A
[03:18:44:496]	[RECV] M00000000,00000000,00000000
[03:18:44:499]	[SEND] STATUS
[03:18:44:551]	[RECV] A
[03:18:44:552]	[RECV] S7350142B
[03:18:44:553]	[OPER] ----- Result : Completed, Description : 
[03:18:46:569]	[OPER] ----- Clamp -----
[03:18:46:569]	[SEND] RESET
[03:18:46:611]	[RECV] A
[03:18:46:612]	[RECV] O
[03:18:46:616]	[SEND] POD_LOCK ON
[03:18:46:666]	[RECV] A
[03:18:46:667]	[RECV] O
[03:18:46:670]	[SEND] STATUS
[03:18:46:721]	[RECV] A
[03:18:46:722]	[RECV] S7350142B
[03:18:46:724]	[OPER] ----- Result : Completed, Description : 
[03:18:46:908]	[OPER] ----- Load -----
[03:18:46:908]	[SEND] RESET
[03:18:46:951]	[RECV] A
[03:18:46:952]	[RECV] O
[03:18:46:955]	[SEND] CFG_SLOTS
[03:18:47:002]	[RECV] A
[03:18:47:003]	[RECV] 13
[03:18:47:006]	[SEND] LOAD O
[03:18:47:049]	[RECV] A
[03:18:59:284]	[RECV] M00000000,00000000,00000000
[03:18:59:288]	[SEND] STATUS
[03:18:59:339]	[RECV] A
[03:18:59:340]	[RECV] S33500C27
[03:18:59:341]	[OPER] ----- Result : Completed, Description : 
[03:18:59:352]	[OPER] ----- Unload -----
[03:18:59:352]	[SEND] RESET
[03:18:59:394]	[RECV] A
[03:18:59:395]	[RECV] O
[03:18:59:398]	[SEND] CFG_SLOTS
[03:18:59:445]	[RECV] A
[03:18:59:446]	[RECV] 13
[03:18:59:449]	[SEND] UNLOAD O
[03:18:59:492]	[RECV] A
[03:19:06:817]	[RECV] M00000000,00000000,00000000
[03:19:06:820]	[SEND] STATUS
[03:19:06:871]	[RECV] A
[03:19:06:872]	[RECV] S7350142B
[03:19:06:873]	[OPER] ----- Result : Completed, Description : 
[03:19:08:889]	[OPER] ----- Clamp -----
[03:19:08:889]	[SEND] RESET
[03:19:08:931]	[RECV] A
[03:19:08:932]	[RECV] O
[03:19:08:935]	[SEND] POD_LOCK ON
[03:19:08:986]	[RECV] A
[03:19:08:987]	[RECV] O
[03:19:08:991]	[SEND] STATUS
[03:19:09:043]	[RECV] A
[03:19:09:045]	[RECV] S7350142B
[03:19:09:046]	[OPER] ----- Result : Completed, Description : 
[03:19:09:233]	[OPER] ----- Load -----
[03:19:09:233]	[SEND] RESET
[03:19:09:275]	[RECV] A
[03:19:09:276]	[RECV] O
[03:19:09:279]	[SEND] CFG_SLOTS
[03:19:09:327]	[RECV] A
[03:19:09:328]	[RECV] 13
[03:19:09:332]	[SEND] LOAD O
[03:19:09:373]	[RECV] A
[03:19:21:613]	[RECV] M00000000,00000000,00000000
[03:19:21:617]	[SEND] STATUS
[03:19:21:669]	[RECV] A
[03:19:21:670]	[RECV] S33500C27
[03:19:21:671]	[OPER] ----- Result : Completed, Description : 
[03:20:25:861]	[OPER] ----- Initialize -----
[03:20:25:861]	[SEND] RESET
[03:20:25:908]	[RECV] A
[03:20:25:909]	[RECV] O
[03:20:25:913]	[SEND] HOM
[03:20:25:950]	[RECV] A
[03:20:41:248]	[RECV] O
[03:20:41:251]	[SEND] STATUS
[03:20:41:301]	[RECV] A
[03:20:41:302]	[RECV] S7350142B
[03:20:41:304]	[OPER] ----- Result : Completed, Description : 
[03:20:41:307]	[OPER] ----- ChangeToCassette -----
[03:20:41:307]	[SEND] RESET
[03:20:41:350]	[RECV] A
[03:20:41:351]	[RECV] O
[03:20:41:354]	[SEND] OC_MODE ON
[03:20:41:404]	[RECV] A
[03:20:41:405]	[RECV] O
[03:20:41:409]	[SEND] STATUS
[03:20:41:462]	[RECV] A
[03:20:41:463]	[RECV] S7350142B
[03:20:41:465]	[OPER] ----- Result : Completed, Description : 
[03:22:30:066]	[RECV] C00000004
[03:22:31:797]	[OPER] ----- Clamp -----
[03:22:31:797]	[SEND] RESET
[03:22:31:841]	[RECV] A
[03:22:31:842]	[RECV] O
[03:22:31:845]	[SEND] POD_LOCK ON
[03:22:31:896]	[RECV] A
[03:22:31:897]	[RECV] O
[03:22:31:900]	[SEND] STATUS
[03:22:31:951]	[RECV] A
[03:22:31:952]	[RECV] S7350142B
[03:22:31:954]	[OPER] ----- Result : Completed, Description : 
[03:22:32:431]	[OPER] ----- Load -----
[03:22:32:432]	[SEND] RESET
[03:22:32:476]	[RECV] A
[03:22:32:477]	[RECV] O
[03:22:32:480]	[SEND] CFG_SLOTS
[03:22:32:527]	[RECV] A
[03:22:32:528]	[RECV] 13
[03:22:32:532]	[SEND] LOAD O
[03:22:32:573]	[RECV] A
[03:22:44:850]	[RECV] M00000000,00000000,00000000
[03:22:44:860]	[SEND] STATUS
[03:22:44:911]	[RECV] A
[03:22:44:912]	[RECV] S33500C27
[03:22:44:914]	[OPER] ----- Result : Completed, Description : 
[03:26:23:493]	[RECV] C01000000
[03:37:24:965]	[OPER] ----- Initialize -----
[03:37:24:965]	[SEND] RESET
[03:37:25:009]	[RECV] A
[03:37:25:010]	[RECV] O
[03:37:25:013]	[SEND] HOM
[03:37:25:052]	[RECV] A
[03:37:40:349]	[RECV] O
[03:37:40:353]	[SEND] STATUS
[03:37:40:404]	[RECV] A
[03:37:40:405]	[RECV] S7350142B
[03:37:40:407]	[OPER] ----- Result : Completed, Description : 
[03:37:40:408]	[OPER] ----- ChangeToCassette -----
[03:37:40:408]	[SEND] RESET
[03:37:40:450]	[RECV] A
[03:37:40:451]	[RECV] O
[03:37:40:454]	[SEND] OC_MODE ON
[03:37:40:503]	[RECV] A
[03:37:40:504]	[RECV] O
[03:37:40:508]	[SEND] STATUS
[03:37:40:559]	[RECV] A
[03:37:40:560]	[RECV] S7350142B
[03:37:40:561]	[OPER] ----- Result : Completed, Description : 
[03:37:48:350]	[OPER] ----- Clamp -----
[03:37:48:350]	[SEND] RESET
[03:37:48:393]	[RECV] A
[03:37:48:394]	[RECV] O
[03:37:48:396]	[SEND] POD_LOCK ON
[03:37:48:450]	[RECV] A
[03:37:48:451]	[RECV] O
[03:37:48:455]	[SEND] STATUS
[03:37:48:507]	[RECV] A
[03:37:48:508]	[RECV] S7350142B
[03:37:48:510]	[OPER] ----- Result : Completed, Description : 
[03:37:48:696]	[OPER] ----- Load -----
[03:37:48:696]	[SEND] RESET
[03:37:48:740]	[RECV] A
[03:37:48:740]	[RECV] O
[03:37:48:742]	[SEND] CFG_SLOTS
[03:37:48:790]	[RECV] A
[03:37:48:791]	[RECV] 13
[03:37:48:794]	[SEND] LOAD O
[03:37:48:836]	[RECV] A
[03:38:01:095]	[RECV] M00000000,00000000,00000000
[03:38:01:099]	[SEND] STATUS
[03:38:01:150]	[RECV] A
[03:38:01:151]	[RECV] S33500C27
[03:38:01:151]	[OPER] ----- Result : Completed, Description : 
[03:39:01:898]	[OPER] ----- Initialize -----
[03:39:01:898]	[SEND] RESET
[03:39:01:942]	[RECV] A
[03:39:01:943]	[RECV] O
[03:39:01:946]	[SEND] HOM
[03:39:01:986]	[RECV] A
[03:39:17:262]	[RECV] O
[03:39:39:658]	[OPER] ----- Initialize -----
[03:39:39:658]	[SEND] RESET
[03:39:39:702]	[RECV] A
[03:39:39:703]	[RECV] O
[03:39:39:707]	[SEND] HOM
[03:39:39:746]	[RECV] A
[03:39:50:873]	[RECV] O
[03:39:50:874]	[SEND] STATUS
[03:39:50:925]	[RECV] A
[03:39:50:926]	[RECV] S7350142B
[03:39:50:927]	[OPER] ----- Result : Completed, Description : 
[03:39:50:928]	[OPER] ----- ChangeToCassette -----
[03:39:50:928]	[SEND] RESET
[03:39:50:970]	[RECV] A
[03:39:50:971]	[RECV] O
[03:39:50:974]	[SEND] OC_MODE ON
[03:39:51:022]	[RECV] A
[03:39:51:023]	[RECV] O
[03:39:51:026]	[SEND] STATUS
[03:39:51:078]	[RECV] A
[03:39:51:079]	[RECV] S7350142B
[03:39:51:081]	[OPER] ----- Result : Completed, Description : 
[03:40:43:272]	[OPER] ----- Clamp -----
[03:40:43:272]	[SEND] RESET
[03:40:43:316]	[RECV] A
[03:40:43:317]	[RECV] O
[03:40:43:321]	[SEND] POD_LOCK ON
[03:40:43:374]	[RECV] A
[03:40:43:375]	[RECV] O
[03:40:43:378]	[SEND] STATUS
[03:40:43:430]	[RECV] A
[03:40:43:431]	[RECV] S7350142B
[03:40:43:432]	[OPER] ----- Result : Completed, Description : 
[03:40:43:616]	[OPER] ----- Load -----
[03:40:43:616]	[SEND] RESET
[03:40:43:659]	[RECV] A
[03:40:43:660]	[RECV] O
[03:40:43:662]	[SEND] CFG_SLOTS
[03:40:43:710]	[RECV] A
[03:40:43:711]	[RECV] 13
[03:40:43:714]	[SEND] LOAD O
[03:40:43:757]	[RECV] A
[03:40:56:031]	[RECV] M00000000,00000000,00000000
[03:40:56:036]	[SEND] STATUS
[03:40:56:089]	[RECV] A
[03:40:56:090]	[RECV] S33500C27
[03:40:56:091]	[OPER] ----- Result : Completed, Description : 
[04:11:41:461]	[OPER] ----- Initialize -----
[04:11:41:461]	[SEND] RESET
[04:11:41:506]	[RECV] A
[04:11:41:507]	[RECV] O
[04:11:41:510]	[SEND] HOM
[04:11:41:551]	[RECV] A
[04:11:56:849]	[RECV] O
[04:11:56:853]	[SEND] STATUS
[04:11:56:904]	[RECV] A
[04:11:56:905]	[RECV] S7350142B
[04:11:56:907]	[OPER] ----- Result : Completed, Description : 
[04:11:56:910]	[OPER] ----- ChangeToCassette -----
[04:11:56:910]	[SEND] RESET
[04:11:56:953]	[RECV] A
[04:11:56:954]	[RECV] O
[04:11:56:957]	[SEND] OC_MODE ON
[04:11:57:004]	[RECV] A
[04:11:57:005]	[RECV] O
[04:11:57:009]	[SEND] STATUS
[04:11:57:059]	[RECV] A
[04:11:57:060]	[RECV] S7350142B
[04:11:57:061]	[OPER] ----- Result : Completed, Description : 
[04:12:04:927]	[RECV] C00000020
[04:18:30:516]	[RECV] C00000010
[04:21:29:209]	[OPER] ----- Clamp -----
[04:21:29:209]	[SEND] RESET
[04:21:29:257]	[RECV] A
[04:21:29:258]	[RECV] O
[04:21:29:262]	[SEND] POD_LOCK ON
[04:21:29:314]	[RECV] A
[04:21:29:315]	[RECV] O
[04:21:29:318]	[SEND] STATUS
[04:21:29:370]	[RECV] A
[04:21:29:371]	[RECV] S7350142B
[04:21:29:371]	[OPER] ----- Result : Completed, Description : 
[04:21:30:127]	[OPER] ----- Load -----
[04:21:30:127]	[SEND] RESET
[04:21:30:170]	[RECV] A
[04:21:30:171]	[RECV] O
[04:21:30:175]	[SEND] CFG_SLOTS
[04:21:30:222]	[RECV] A
[04:21:30:223]	[RECV] 13
[04:21:30:226]	[SEND] LOAD O
[04:21:30:267]	[RECV] A
[04:21:42:574]	[RECV] M00000008,00000000,00000000
[04:21:42:578]	[SEND] STATUS
[04:21:42:630]	[RECV] A
[04:21:42:631]	[RECV] S33500C27
[04:21:42:632]	[OPER] ----- Result : Completed, Description : 
[05:14:27:056]	[OPER] ----- Initialize -----
[05:14:27:056]	[SEND] RESET
[05:14:27:101]	[RECV] A
[05:14:27:102]	[RECV] O
[05:14:27:105]	[SEND] HOM
[05:14:27:144]	[RECV] A
[05:14:42:437]	[RECV] O
[05:14:42:440]	[SEND] STATUS
[05:14:42:491]	[RECV] A
[05:14:42:492]	[RECV] S7350142B
[05:14:42:494]	[OPER] ----- Result : Completed, Description : 
[05:14:42:495]	[OPER] ----- ChangeToCassette -----
[05:14:42:495]	[SEND] RESET
[05:14:42:539]	[RECV] A
[05:14:42:540]	[RECV] O
[05:14:42:544]	[SEND] OC_MODE ON
[05:14:42:592]	[RECV] A
[05:14:42:593]	[RECV] O
[05:14:42:596]	[SEND] STATUS
[05:14:42:648]	[RECV] A
[05:14:42:649]	[RECV] S7350142B
[05:14:42:650]	[OPER] ----- Result : Completed, Description : 
[05:22:51:426]	[OPER] ----- Initialize -----
[05:22:51:426]	[SEND] RESET
[05:22:51:473]	[RECV] A
[05:22:51:474]	[RECV] O
[05:22:51:478]	[SEND] HOM
[05:22:51:519]	[RECV] A
[05:23:02:657]	[RECV] O
[05:23:02:661]	[SEND] STATUS
[05:23:02:713]	[RECV] A
[05:23:02:714]	[RECV] S7350142B
[05:23:02:716]	[OPER] ----- Result : Completed, Description : 
[05:23:02:718]	[OPER] ----- ChangeToCassette -----
[05:23:02:719]	[SEND] RESET
[05:23:02:763]	[RECV] A
[05:23:02:764]	[RECV] O
[05:23:02:767]	[SEND] OC_MODE ON
[05:23:02:814]	[RECV] A
[05:23:02:815]	[RECV] O
[05:23:02:819]	[SEND] STATUS
[05:23:02:871]	[RECV] A
[05:23:02:872]	[RECV] S7350142B
[05:23:02:873]	[OPER] ----- Result : Completed, Description : 
[06:16:34:199]	[OPER] ----- Initialize -----
[06:16:34:199]	[SEND] RESET
[06:16:34:244]	[RECV] A
[06:16:34:245]	[RECV] O
[06:16:34:249]	[SEND] HOM
[06:16:34:291]	[RECV] A
[06:16:45:427]	[RECV] O
[06:16:45:431]	[SEND] STATUS
[06:16:45:483]	[RECV] A
[06:16:45:484]	[RECV] S7350142B
[06:16:45:485]	[OPER] ----- Result : Completed, Description : 
[06:16:45:486]	[OPER] ----- ChangeToCassette -----
[06:16:45:486]	[SEND] RESET
[06:16:45:527]	[RECV] A
[06:16:45:528]	[RECV] O
[06:16:45:532]	[SEND] OC_MODE ON
[06:16:45:580]	[RECV] A
[06:16:45:581]	[RECV] O
[06:16:45:584]	[SEND] STATUS
[06:16:45:636]	[RECV] A
[06:16:45:637]	[RECV] S7350142B
[06:16:45:640]	[OPER] ----- Result : Completed, Description : 
[06:27:17:408]	[OPER] ----- Clamp -----
[06:27:17:408]	[SEND] RESET
[06:27:17:450]	[RECV] A
[06:27:17:451]	[RECV] O
[06:27:17:454]	[SEND] POD_LOCK ON
[06:27:17:506]	[RECV] A
[06:27:17:507]	[RECV] O
[06:27:17:510]	[SEND] STATUS
[06:27:17:562]	[RECV] A
[06:27:17:563]	[RECV] S7350142B
[06:27:17:564]	[OPER] ----- Result : Completed, Description : 
[06:27:18:024]	[OPER] ----- Load -----
[06:27:18:024]	[SEND] RESET
[06:27:18:067]	[RECV] A
[06:27:18:068]	[RECV] O
[06:27:18:072]	[SEND] CFG_SLOTS
[06:27:18:120]	[RECV] A
[06:27:18:121]	[RECV] 13
[06:27:18:124]	[SEND] LOAD O
[06:27:18:165]	[RECV] A
[06:27:30:468]	[RECV] M00000008,00000000,00000000
[06:27:30:472]	[SEND] STATUS
[06:27:30:524]	[RECV] A
[06:27:30:525]	[RECV] S33500C27
[06:27:30:526]	[OPER] ----- Result : Completed, Description : 
[09:57:43:313]	[RECV] C00000020
[09:57:50:946]	[RECV] C00000010
[10:06:04:195]	[OPER] ----- Initialize -----
[10:06:04:195]	[SEND] RESET
[10:06:04:240]	[RECV] A
[10:06:04:241]	[RECV] O
[10:06:04:245]	[SEND] HOM
[10:06:04:285]	[RECV] A
[10:06:19:551]	[RECV] O
[10:06:19:554]	[SEND] STATUS
[10:06:19:605]	[RECV] A
[10:06:19:606]	[RECV] S7350142B
[10:06:19:608]	[OPER] ----- Result : Completed, Description : 
[10:06:19:609]	[OPER] ----- ChangeToCassette -----
[10:06:19:609]	[SEND] RESET
[10:06:19:652]	[RECV] A
[10:06:19:653]	[RECV] O
[10:06:19:657]	[SEND] OC_MODE ON
[10:06:19:705]	[RECV] A
[10:06:19:706]	[RECV] O
[10:06:19:709]	[SEND] STATUS
[10:06:19:760]	[RECV] A
[10:06:19:761]	[RECV] S7350142B
[10:06:19:763]	[OPER] ----- Result : Completed, Description : 
[10:06:41:597]	[OPER] ----- Clamp -----
[10:06:41:597]	[SEND] RESET
[10:06:41:640]	[RECV] A
[10:06:41:641]	[RECV] O
[10:06:41:645]	[SEND] POD_LOCK ON
[10:06:41:698]	[RECV] A
[10:06:41:699]	[RECV] O
[10:06:41:701]	[SEND] STATUS
[10:06:41:753]	[RECV] A
[10:06:41:754]	[RECV] S7350142B
[10:06:41:755]	[OPER] ----- Result : Completed, Description : 
[10:06:41:940]	[OPER] ----- Load -----
[10:06:41:940]	[SEND] RESET
[10:06:41:983]	[RECV] A
[10:06:41:984]	[RECV] O
[10:06:41:988]	[SEND] CFG_SLOTS
[10:06:42:036]	[RECV] A
[10:06:42:037]	[RECV] 13
[10:06:42:040]	[SEND] LOAD O
[10:06:42:082]	[RECV] A
[10:06:54:342]	[RECV] M00000008,00000000,00000000
[10:06:54:346]	[SEND] STATUS
[10:06:54:398]	[RECV] A
[10:06:54:399]	[RECV] S33500C27
[10:06:54:400]	[OPER] ----- Result : Completed, Description : 
[10:19:29:080]	[OPER] ----- Initialize -----
[10:19:29:080]	[SEND] RESET
[10:19:29:125]	[RECV] A
[10:19:29:126]	[RECV] O
[10:19:29:130]	[SEND] HOM
[10:19:29:168]	[RECV] A
[10:19:44:594]	[RECV] O
[10:19:44:597]	[SEND] STATUS
[10:19:44:649]	[RECV] A
[10:19:44:650]	[RECV] S7350142B
[10:19:44:651]	[OPER] ----- Result : Completed, Description : 
[10:19:44:652]	[OPER] ----- ChangeToCassette -----
[10:19:44:652]	[SEND] RESET
[10:19:44:696]	[RECV] A
[10:19:44:697]	[RECV] O
[10:19:44:700]	[SEND] OC_MODE ON
[10:19:44:746]	[RECV] A
[10:19:44:747]	[RECV] O
[10:19:44:752]	[SEND] STATUS
[10:19:44:804]	[RECV] A
[10:19:44:805]	[RECV] S7350142B
[10:19:44:806]	[OPER] ----- Result : Completed, Description : 
[10:20:00:922]	[OPER] ----- Clamp -----
[10:20:00:922]	[SEND] RESET
[10:20:00:967]	[RECV] A
[10:20:00:968]	[RECV] O
[10:20:00:970]	[SEND] POD_LOCK ON
[10:20:01:024]	[RECV] A
[10:20:01:025]	[RECV] O
[10:20:01:028]	[SEND] STATUS
[10:20:01:079]	[RECV] A
[10:20:01:080]	[RECV] S7350142B
[10:20:01:080]	[OPER] ----- Result : Completed, Description : 
[10:20:01:267]	[OPER] ----- Load -----
[10:20:01:267]	[SEND] RESET
[10:20:01:310]	[RECV] A
[10:20:01:311]	[RECV] O
[10:20:01:313]	[SEND] CFG_SLOTS
[10:20:01:362]	[RECV] A
[10:20:01:363]	[RECV] 13
[10:20:01:366]	[SEND] LOAD O
[10:20:01:408]	[RECV] A
[10:20:13:661]	[RECV] M00000000,00000000,00000000
[10:20:13:664]	[SEND] STATUS
[10:20:13:716]	[RECV] A
[10:20:13:717]	[RECV] S33500C27
[10:20:13:718]	[OPER] ----- Result : Completed, Description : 
[10:20:13:729]	[OPER] ----- Unload -----
[10:20:13:729]	[SEND] RESET
[10:20:13:772]	[RECV] A
[10:20:13:773]	[RECV] O
[10:20:13:777]	[SEND] CFG_SLOTS
[10:20:13:825]	[RECV] A
[10:20:13:826]	[RECV] 13
[10:20:13:830]	[SEND] UNLOAD O
[10:20:13:873]	[RECV] A
[10:20:21:204]	[RECV] M00000000,00000000,00000000
[10:20:21:207]	[SEND] STATUS
[10:20:21:259]	[RECV] A
[10:20:21:260]	[RECV] S7350142B
[10:20:21:262]	[OPER] ----- Result : Completed, Description : 
[10:20:23:280]	[OPER] ----- Clamp -----
[10:20:23:280]	[SEND] RESET
[10:20:23:324]	[RECV] A
[10:20:23:325]	[RECV] O
[10:20:23:328]	[SEND] POD_LOCK ON
[10:20:23:380]	[RECV] A
[10:20:23:381]	[RECV] O
[10:20:23:384]	[SEND] STATUS
[10:20:23:437]	[RECV] A
[10:20:23:438]	[RECV] S7350142B
[10:20:23:440]	[OPER] ----- Result : Completed, Description : 
[10:20:23:624]	[OPER] ----- Load -----
[10:20:23:624]	[SEND] RESET
[10:20:23:667]	[RECV] A
[10:20:23:668]	[RECV] O
[10:20:23:672]	[SEND] CFG_SLOTS
[10:20:23:721]	[RECV] A
[10:20:23:722]	[RECV] 13
[10:20:23:726]	[SEND] LOAD O
[10:20:23:768]	[RECV] A
[10:20:35:992]	[RECV] M00000000,00000000,00000000
[10:20:35:995]	[SEND] STATUS
[10:20:36:048]	[RECV] A
[10:20:36:049]	[RECV] S33500C27
[10:20:36:051]	[OPER] ----- Result : Completed, Description : 
[10:20:36:063]	[OPER] ----- Unload -----
[10:20:36:063]	[SEND] RESET
[10:20:36:106]	[RECV] A
[10:20:36:107]	[RECV] O
[10:20:36:111]	[SEND] CFG_SLOTS
[10:20:36:159]	[RECV] A
[10:20:36:160]	[RECV] 13
[10:20:36:163]	[SEND] UNLOAD O
[10:20:36:208]	[RECV] A
[10:20:43:538]	[RECV] M00000000,00000000,00000000
[10:20:43:542]	[SEND] STATUS
[10:20:43:594]	[RECV] A
[10:20:43:595]	[RECV] S7350142B
[10:20:43:596]	[OPER] ----- Result : Completed, Description : 
[10:20:45:612]	[OPER] ----- Clamp -----
[10:20:45:612]	[SEND] RESET
[10:20:45:654]	[RECV] A
[10:20:45:655]	[RECV] O
[10:20:45:657]	[SEND] POD_LOCK ON
[10:20:45:709]	[RECV] A
[10:20:45:710]	[RECV] O
[10:20:45:714]	[SEND] STATUS
[10:20:45:766]	[RECV] A
[10:20:45:767]	[RECV] S7350142B
[10:20:45:768]	[OPER] ----- Result : Completed, Description : 
[10:20:45:953]	[OPER] ----- Load -----
[10:20:45:953]	[SEND] RESET
[10:20:45:997]	[RECV] A
[10:20:45:998]	[RECV] O
[10:20:46:001]	[SEND] CFG_SLOTS
[10:20:46:048]	[RECV] A
[10:20:46:049]	[RECV] 13
[10:20:46:052]	[SEND] LOAD O
[10:20:46:093]	[RECV] A
[10:20:58:319]	[RECV] M00000000,00000000,00000000
[10:20:58:323]	[SEND] STATUS
[10:20:58:374]	[RECV] A
[10:20:58:375]	[RECV] S33500C27
[10:20:58:376]	[OPER] ----- Result : Completed, Description : 
[10:20:58:388]	[OPER] ----- Unload -----
[10:20:58:388]	[SEND] RESET
[10:20:58:431]	[RECV] A
[10:20:58:432]	[RECV] O
[10:20:58:436]	[SEND] CFG_SLOTS
[10:20:58:484]	[RECV] A
[10:20:58:485]	[RECV] 13
[10:20:58:488]	[SEND] UNLOAD O
[10:20:58:532]	[RECV] A
[10:21:05:866]	[RECV] M00000000,00000000,00000000
[10:22:16:534]	[OPER] ----- Unload -----
[10:22:16:534]	[SEND] RESET
[10:22:16:578]	[RECV] A
[10:22:16:579]	[RECV] O
[10:22:16:582]	[SEND] CFG_SLOTS
[10:22:16:630]	[RECV] A
[10:22:16:631]	[RECV] 13
[10:22:16:634]	[SEND] UNLOAD O
[10:22:16:708]	[RECV] A
[10:22:16:709]	[RECV] M00000000,00000000,00000000
[10:22:16:710]	[SEND] STATUS
[10:22:16:761]	[RECV] A
[10:22:16:762]	[RECV] S7350142B
[10:22:16:764]	[OPER] ----- Result : Completed, Description : 
[10:22:18:779]	[OPER] ----- Clamp -----
[10:22:18:779]	[SEND] RESET
[10:22:18:821]	[RECV] A
[10:22:18:822]	[RECV] O
[10:22:18:825]	[SEND] POD_LOCK ON
[10:22:18:876]	[RECV] A
[10:22:18:877]	[RECV] O
[10:22:18:881]	[SEND] STATUS
[10:22:18:932]	[RECV] A
[10:22:18:933]	[RECV] S7350142B
[10:22:18:933]	[OPER] ----- Result : Completed, Description : 
[10:22:19:118]	[OPER] ----- Load -----
[10:22:19:118]	[SEND] RESET
[10:22:19:161]	[RECV] A
[10:22:19:162]	[RECV] O
[10:22:19:166]	[SEND] CFG_SLOTS
[10:22:19:213]	[RECV] A
[10:22:19:214]	[RECV] 13
[10:22:19:218]	[SEND] LOAD O
[10:22:19:260]	[RECV] A
[10:22:31:532]	[RECV] M00000000,00000000,00000000
[10:22:31:537]	[SEND] STATUS
[10:22:31:588]	[RECV] A
[10:22:31:589]	[RECV] S33500C27
[10:22:31:591]	[OPER] ----- Result : Completed, Description : 
[10:22:31:603]	[OPER] ----- Unload -----
[10:22:31:603]	[SEND] RESET
[10:22:31:646]	[RECV] A
[10:22:31:647]	[RECV] O
[10:22:31:651]	[SEND] CFG_SLOTS
[10:22:31:699]	[RECV] A
[10:22:31:700]	[RECV] 13
[10:22:31:703]	[SEND] UNLOAD O
[10:22:31:747]	[RECV] A
[10:22:39:069]	[RECV] M00000000,00000000,00000000
[10:22:39:071]	[SEND] STATUS
[10:22:39:122]	[RECV] A
[10:22:39:123]	[RECV] S7350142B
[10:22:39:125]	[OPER] ----- Result : Completed, Description : 
[10:22:41:140]	[OPER] ----- Clamp -----
[10:22:41:140]	[SEND] RESET
[10:22:41:182]	[RECV] A
[10:22:41:183]	[RECV] O
[10:22:41:187]	[SEND] POD_LOCK ON
[10:22:41:239]	[RECV] A
[10:22:41:240]	[RECV] O
[10:22:41:243]	[SEND] STATUS
[10:22:41:294]	[RECV] A
[10:22:41:295]	[RECV] S7350142B
[10:22:41:297]	[OPER] ----- Result : Completed, Description : 
[10:22:41:482]	[OPER] ----- Load -----
[10:22:41:482]	[SEND] RESET
[10:22:41:524]	[RECV] A
[10:22:41:525]	[RECV] O
[10:22:41:529]	[SEND] CFG_SLOTS
[10:22:41:576]	[RECV] A
[10:22:41:577]	[RECV] 13
[10:22:41:580]	[SEND] LOAD O
[10:22:41:621]	[RECV] A
[10:22:53:877]	[RECV] M00000000,00000000,00000000
[10:22:53:880]	[SEND] STATUS
[10:22:53:932]	[RECV] A
[10:22:53:933]	[RECV] S33500C27
[10:22:53:934]	[OPER] ----- Result : Completed, Description : 
[10:48:28:349]	[OPER] ----- Initialize -----
[10:48:28:349]	[SEND] RESET
[10:48:28:394]	[RECV] A
[10:48:28:395]	[RECV] O
[10:48:28:399]	[SEND] HOM
[10:48:28:437]	[RECV] A
[10:48:43:739]	[RECV] O
[10:48:43:743]	[SEND] STATUS
[10:48:43:795]	[RECV] A
[10:48:43:796]	[RECV] S7350142B
[10:48:43:797]	[OPER] ----- Result : Completed, Description : 
[10:48:43:798]	[OPER] ----- ChangeToCassette -----
[10:48:43:798]	[SEND] RESET
[10:48:43:842]	[RECV] A
[10:48:43:843]	[RECV] O
[10:48:43:846]	[SEND] OC_MODE ON
[10:48:43:895]	[RECV] A
[10:48:43:896]	[RECV] O
[10:48:43:899]	[SEND] STATUS
[10:48:43:950]	[RECV] A
[10:48:43:951]	[RECV] S7350142B
[10:48:43:953]	[OPER] ----- Result : Completed, Description : 
[10:48:57:168]	[RECV] C00000020
[10:50:08:950]	[OPER] ----- Initialize -----
[10:50:08:950]	[SEND] RESET
[10:50:08:994]	[RECV] A
[10:50:08:997]	[RECV] O
[10:50:09:002]	[SEND] HOM
[10:50:09:043]	[RECV] A
[10:50:29:102]	[RECV] O
[10:50:29:105]	[SEND] STATUS
[10:50:29:157]	[RECV] A
[10:50:29:158]	[RECV] S4150142B
[10:50:29:159]	[OPER] ----- Result : Completed, Description : 
[10:50:29:160]	[OPER] ----- ChangeToFoup -----
[10:50:29:160]	[SEND] RESET
[10:50:29:202]	[RECV] A
[10:50:29:203]	[RECV] O
[10:50:29:206]	[SEND] OC_MODE OFF
[10:50:29:254]	[RECV] A
[10:50:29:255]	[RECV] O
[10:50:29:259]	[SEND] STATUS
[10:50:29:311]	[RECV] A
[10:50:29:312]	[RECV] S4150142B
[10:50:29:312]	[OPER] ----- Result : Completed, Description : 
[10:50:38:879]	[OPER] ----- ChangeToCassette -----
[10:50:38:879]	[SEND] RESET
[10:50:38:922]	[RECV] A
[10:50:38:923]	[RECV] O
[10:50:38:927]	[SEND] OC_MODE ON
[10:50:38:972]	[RECV] A
[10:50:42:183]	[RECV] O
[10:50:42:187]	[SEND] STATUS
[10:50:42:239]	[RECV] A
[10:50:42:240]	[RECV] S4350142B
[10:50:42:241]	[OPER] ----- Result : Completed, Description : 
[10:52:43:491]	[RECV] C00000010
[10:52:51:606]	[RECV] C00000004
[10:52:53:318]	[OPER] ----- Clamp -----
[10:52:53:318]	[SEND] RESET
[10:52:53:362]	[RECV] A
[10:52:53:363]	[RECV] O
[10:52:53:367]	[SEND] POD_LOCK ON
[10:52:53:419]	[RECV] A
[10:52:53:420]	[RECV] O
[10:52:53:423]	[SEND] STATUS
[10:52:53:474]	[RECV] A
[10:52:53:475]	[RECV] S7350142B
[10:52:53:477]	[OPER] ----- Result : Completed, Description : 
[10:52:53:959]	[OPER] ----- Load -----
[10:52:53:961]	[SEND] RESET
[10:52:54:004]	[RECV] A
[10:52:54:005]	[RECV] O
[10:52:54:009]	[SEND] CFG_SLOTS
[10:52:54:057]	[RECV] A
[10:52:54:058]	[RECV] 13
[10:52:54:061]	[SEND] LOAD O
[10:52:54:103]	[RECV] A
[10:53:06:368]	[RECV] M00000002,00000000,00000000
[10:53:06:389]	[SEND] STATUS
[10:53:06:440]	[RECV] A
[10:53:06:441]	[RECV] S33500C27
[10:53:06:442]	[OPER] ----- Result : Completed, Description : 
[10:54:11:710]	[RECV] C00000008
[10:54:13:402]	[OPER] ----- Unload -----
[10:54:13:402]	[SEND] RESET
[10:54:13:445]	[RECV] A
[10:54:13:446]	[RECV] O
[10:54:13:450]	[SEND] CFG_SLOTS
[10:54:13:497]	[RECV] A
[10:54:13:498]	[RECV] 13
[10:54:13:502]	[SEND] UNLOAD O
[10:54:13:546]	[RECV] A
[10:54:20:906]	[RECV] M00000002,00000000,00000000
[10:54:20:910]	[SEND] STATUS
[10:54:20:962]	[RECV] A
[10:54:20:963]	[RECV] S7350142B
[10:54:20:964]	[OPER] ----- Result : Completed, Description : 
[10:54:23:092]	[RECV] C00000020
[10:54:38:237]	[RECV] C00000010
[10:54:43:159]	[RECV] C00000004
[10:54:44:865]	[OPER] ----- Clamp -----
[10:54:44:865]	[SEND] RESET
[10:54:44:907]	[RECV] A
[10:54:44:908]	[RECV] O
[10:54:44:911]	[SEND] POD_LOCK ON
[10:54:44:962]	[RECV] A
[10:54:44:963]	[RECV] O
[10:54:44:966]	[SEND] STATUS
[10:54:45:018]	[RECV] A
[10:54:45:019]	[RECV] S7350142B
[10:54:45:020]	[OPER] ----- Result : Completed, Description : 
[10:54:45:206]	[OPER] ----- Load -----
[10:54:45:206]	[SEND] RESET
[10:54:45:247]	[RECV] A
[10:54:45:248]	[RECV] O
[10:54:45:252]	[SEND] CFG_SLOTS
[10:54:45:299]	[RECV] A
[10:54:45:300]	[RECV] 13
[10:54:45:304]	[SEND] LOAD O
[10:54:45:344]	[RECV] A
[10:54:57:620]	[RECV] M00000002,00000000,00000000
[10:54:57:626]	[SEND] STATUS
[10:54:57:676]	[RECV] A
[10:54:57:677]	[RECV] S33500C27
[10:54:57:679]	[OPER] ----- Result : Completed, Description : 
