[11:01:09:503]	[OPER] ----- Initialize -----
[11:01:09:503]	[SEND] RESET
[11:01:09:552]	[RECV] A
[11:01:09:553]	[RECV] O
[11:01:09:556]	[SEND] HOM
[11:01:09:601]	[RECV] A
[11:01:20:704]	[RECV] O
[11:01:20:708]	[SEND] STATUS
[11:01:20:760]	[RECV] A
[11:01:20:761]	[RECV] S7350142B
[11:01:20:762]	[OPER] ----- Result : Completed, Description : 
[11:01:20:764]	[OPER] ----- ChangeToCassette -----
[11:01:20:765]	[SEND] RESET
[11:01:20:807]	[RECV] A
[11:01:20:808]	[RECV] O
[11:01:20:812]	[SEND] OC_MODE ON
[11:01:20:860]	[RECV] A
[11:01:20:861]	[RECV] O
[11:01:20:864]	[SEND] STATUS
[11:01:20:915]	[RECV] A
[11:01:20:916]	[RECV] S7350142B
[11:01:20:918]	[OPER] ----- Result : Completed, Description : 
[11:01:32:785]	[OPER] ----- Clamp -----
[11:01:32:785]	[SEND] RESET
[11:01:32:833]	[RECV] A
[11:01:32:834]	[RECV] O
[11:01:32:837]	[SEND] POD_LOCK ON
[11:01:32:888]	[RECV] A
[11:01:32:889]	[RECV] O
[11:01:32:892]	[SEND] STATUS
[11:01:32:946]	[RECV] A
[11:01:32:947]	[RECV] S7350142B
[11:01:32:948]	[OPER] ----- Result : Completed, Description : 
[11:01:33:967]	[OPER] ----- Load -----
[11:01:33:967]	[SEND] RESET
[11:01:34:010]	[RECV] A
[11:01:34:011]	[RECV] O
[11:01:34:015]	[SEND] CFG_SLOTS
[11:01:34:064]	[RECV] A
[11:01:34:065]	[RECV] 13
[11:01:34:069]	[SEND] LOAD O
[11:01:34:110]	[RECV] A
[11:01:46:302]	[RECV] M00000000,00000000,00000000
[11:01:46:306]	[SEND] STATUS
[11:01:46:359]	[RECV] A
[11:01:46:360]	[RECV] S33500C27
[11:01:46:362]	[OPER] ----- Result : Completed, Description : 
[11:06:42:748]	[OPER] ----- Unload -----
[11:06:42:748]	[SEND] RESET
[11:06:42:793]	[RECV] A
[11:06:42:794]	[RECV] O
[11:06:42:797]	[SEND] CFG_SLOTS
[11:06:42:847]	[RECV] A
[11:06:42:848]	[RECV] 13
[11:06:42:851]	[SEND] UNLOAD O
[11:06:42:894]	[RECV] A
[11:06:50:134]	[RECV] M00000000,00000000,00000000
[11:06:50:137]	[SEND] STATUS
[11:06:50:190]	[RECV] A
[11:06:50:191]	[RECV] S7350142B
[11:06:50:193]	[OPER] ----- Result : Completed, Description : 
[11:06:52:211]	[OPER] ----- Clamp -----
[11:06:52:211]	[SEND] RESET
[11:06:52:254]	[RECV] A
[11:06:52:255]	[RECV] O
[11:06:52:258]	[SEND] POD_LOCK ON
[11:06:52:310]	[RECV] A
[11:06:52:311]	[RECV] O
[11:06:52:315]	[SEND] STATUS
[11:06:52:368]	[RECV] A
[11:06:52:369]	[RECV] S7350142B
[11:06:52:371]	[OPER] ----- Result : Completed, Description : 
[11:06:52:556]	[OPER] ----- Load -----
[11:06:52:556]	[SEND] RESET
[11:06:52:599]	[RECV] A
[11:06:52:600]	[RECV] O
[11:06:52:604]	[SEND] CFG_SLOTS
[11:06:52:651]	[RECV] A
[11:06:52:652]	[RECV] 13
[11:06:52:655]	[SEND] LOAD O
[11:06:52:698]	[RECV] A
[11:07:04:842]	[RECV] M00000000,00000000,00000000
[11:07:04:846]	[SEND] STATUS
[11:07:04:898]	[RECV] A
[11:07:04:899]	[RECV] S33500C27
[11:07:04:900]	[OPER] ----- Result : Completed, Description : 
[11:11:53:303]	[OPER] ----- Unload -----
[11:11:53:303]	[SEND] RESET
[11:11:53:346]	[RECV] A
[11:11:53:347]	[RECV] O
[11:11:53:351]	[SEND] CFG_SLOTS
[11:11:53:399]	[RECV] A
[11:11:53:400]	[RECV] 13
[11:11:53:403]	[SEND] UNLOAD O
[11:11:53:447]	[RECV] A
[11:12:00:685]	[RECV] M00000000,00000000,00000000
[11:12:00:689]	[SEND] STATUS
[11:12:00:740]	[RECV] A
[11:12:00:741]	[RECV] S7350142B
[11:12:00:741]	[OPER] ----- Result : Completed, Description : 
[11:12:02:757]	[OPER] ----- Clamp -----
[11:12:02:757]	[SEND] RESET
[11:12:02:800]	[RECV] A
[11:12:02:801]	[RECV] O
[11:12:02:805]	[SEND] POD_LOCK ON
[11:12:02:856]	[RECV] A
[11:12:02:857]	[RECV] O
[11:12:02:860]	[SEND] STATUS
[11:12:02:912]	[RECV] A
[11:12:02:913]	[RECV] S7350142B
[11:12:02:913]	[OPER] ----- Result : Completed, Description : 
[11:12:03:098]	[OPER] ----- Load -----
[11:12:03:098]	[SEND] RESET
[11:12:03:142]	[RECV] A
[11:12:03:143]	[RECV] O
[11:12:03:146]	[SEND] CFG_SLOTS
[11:12:03:193]	[RECV] A
[11:12:03:194]	[RECV] 13
[11:12:03:197]	[SEND] LOAD O
[11:12:03:239]	[RECV] A
[11:12:15:368]	[RECV] M00000000,00000000,00000000
[11:12:15:371]	[SEND] STATUS
[11:12:15:424]	[RECV] A
[11:12:15:425]	[RECV] S33500C27
[11:12:15:425]	[OPER] ----- Result : Completed, Description : 
[11:17:12:520]	[OPER] ----- Unload -----
[11:17:12:520]	[SEND] RESET
[11:17:12:563]	[RECV] A
[11:17:12:564]	[RECV] O
[11:17:12:567]	[SEND] CFG_SLOTS
[11:17:12:616]	[RECV] A
[11:17:12:617]	[RECV] 13
[11:17:12:619]	[SEND] UNLOAD O
[11:17:12:662]	[RECV] A
[11:17:19:900]	[RECV] M00000000,00000000,00000000
[11:17:19:902]	[SEND] STATUS
[11:17:19:955]	[RECV] A
[11:17:19:956]	[RECV] S7350142B
[11:17:19:958]	[OPER] ----- Result : Completed, Description : 
[11:17:21:974]	[OPER] ----- Clamp -----
[11:17:21:974]	[SEND] RESET
[11:17:22:015]	[RECV] A
[11:17:22:016]	[RECV] O
[11:17:22:019]	[SEND] POD_LOCK ON
[11:17:22:072]	[RECV] A
[11:17:22:073]	[RECV] O
[11:17:22:075]	[SEND] STATUS
[11:17:22:126]	[RECV] A
[11:17:22:127]	[RECV] S7350142B
[11:17:22:128]	[OPER] ----- Result : Completed, Description : 
[11:17:22:315]	[OPER] ----- Load -----
[11:17:22:315]	[SEND] RESET
[11:17:22:358]	[RECV] A
[11:17:22:359]	[RECV] O
[11:17:22:363]	[SEND] CFG_SLOTS
[11:17:22:411]	[RECV] A
[11:17:22:412]	[RECV] 13
[11:17:22:414]	[SEND] LOAD O
[11:17:22:456]	[RECV] A
[11:17:34:593]	[RECV] M00000000,00000000,00000000
[11:17:34:597]	[SEND] STATUS
[11:17:34:648]	[RECV] A
[11:17:34:649]	[RECV] S33500C27
[11:17:34:651]	[OPER] ----- Result : Completed, Description : 
[16:30:45:260]	[OPER] ----- Initialize -----
[16:30:45:260]	[SEND] RESET
[16:30:45:308]	[RECV] A
[16:30:45:309]	[RECV] O
[16:30:45:312]	[SEND] HOM
[16:30:45:357]	[RECV] A
[16:31:01:059]	[RECV] O
[16:38:08:911]	[RECV] C01000000
[16:42:04:266]	[OPER] ----- Initialize -----
[16:42:04:266]	[SEND] RESET
[16:42:04:314]	[RECV] A
[16:42:04:315]	[RECV] O
[16:42:04:319]	[SEND] HOM
[16:42:04:360]	[RECV] A
[16:42:15:415]	[RECV] O
[16:42:15:416]	[SEND] STATUS
[16:42:15:467]	[RECV] A
[16:42:15:468]	[RECV] S7350142B
[16:42:15:469]	[OPER] ----- Result : Completed, Description : 
[16:42:15:472]	[OPER] ----- ChangeToCassette -----
[16:42:15:473]	[SEND] RESET
[16:42:15:515]	[RECV] A
[16:42:15:516]	[RECV] O
[16:42:15:519]	[SEND] OC_MODE ON
[16:42:15:566]	[RECV] A
[16:42:15:567]	[RECV] O
[16:42:15:570]	[SEND] STATUS
[16:42:15:621]	[RECV] A
[16:42:15:622]	[RECV] S7350142B
[16:42:15:624]	[OPER] ----- Result : Completed, Description : 
[16:43:18:703]	[OPER] ----- Clamp -----
[16:43:18:703]	[SEND] RESET
[16:43:18:744]	[RECV] A
[16:43:18:745]	[RECV] O
[16:43:18:748]	[SEND] POD_LOCK ON
[16:43:18:801]	[RECV] A
[16:43:18:802]	[RECV] O
[16:43:18:805]	[SEND] STATUS
[16:43:18:858]	[RECV] A
[16:43:18:859]	[RECV] S7350142B
[16:43:18:861]	[OPER] ----- Result : Completed, Description : 
[16:43:19:448]	[OPER] ----- Load -----
[16:43:19:448]	[SEND] RESET
[16:43:19:489]	[RECV] A
[16:43:19:490]	[RECV] O
[16:43:19:494]	[SEND] CFG_SLOTS
[16:43:19:543]	[RECV] A
[16:43:19:544]	[RECV] 13
[16:43:19:548]	[SEND] LOAD O
[16:43:19:590]	[RECV] A
[16:43:31:690]	[RECV] M00000000,00000000,00000000
[16:43:31:694]	[SEND] STATUS
[16:43:31:747]	[RECV] A
[16:43:31:748]	[RECV] S33500C27
[16:43:31:750]	[OPER] ----- Result : Completed, Description : 
[16:45:36:186]	[OPER] ----- Initialize -----
[16:45:36:186]	[SEND] RESET
[16:45:36:236]	[RECV] A
[16:45:36:237]	[RECV] O
[16:45:36:240]	[SEND] HOM
[16:45:36:282]	[RECV] A
[16:45:51:442]	[RECV] O
[16:45:51:445]	[SEND] STATUS
[16:45:51:496]	[RECV] A
[16:45:51:497]	[RECV] S7350142B
[16:45:51:499]	[OPER] ----- Result : Completed, Description : 
[16:45:51:500]	[OPER] ----- ChangeToCassette -----
[16:45:51:500]	[SEND] RESET
[16:45:51:544]	[RECV] A
[16:45:51:545]	[RECV] O
[16:45:51:548]	[SEND] OC_MODE ON
[16:45:51:596]	[RECV] A
[16:45:51:597]	[RECV] O
[16:45:51:600]	[SEND] STATUS
[16:45:51:651]	[RECV] A
[16:45:51:652]	[RECV] S7350142B
[16:45:51:653]	[OPER] ----- Result : Completed, Description : 
[16:46:13:396]	[OPER] ----- Clamp -----
[16:46:13:396]	[SEND] RESET
[16:46:13:440]	[RECV] A
[16:46:13:441]	[RECV] O
[16:46:13:444]	[SEND] POD_LOCK ON
[16:46:13:497]	[RECV] A
[16:46:13:498]	[RECV] O
[16:46:13:502]	[SEND] STATUS
[16:46:13:554]	[RECV] A
[16:46:13:555]	[RECV] S7350142B
[16:46:13:556]	[OPER] ----- Result : Completed, Description : 
[16:46:14:020]	[OPER] ----- Load -----
[16:46:14:020]	[SEND] RESET
[16:46:14:062]	[RECV] A
[16:46:14:063]	[RECV] O
[16:46:14:066]	[SEND] CFG_SLOTS
[16:46:14:114]	[RECV] A
[16:46:14:115]	[RECV] 13
[16:46:14:118]	[SEND] LOAD O
[16:46:14:160]	[RECV] A
[16:46:26:226]	[RECV] M00000000,00000000,00000000
[16:46:26:229]	[SEND] STATUS
[16:46:26:280]	[RECV] A
[16:46:26:281]	[RECV] S33500C27
[16:46:26:282]	[OPER] ----- Result : Completed, Description : 
[16:46:32:433]	[OPER] ----- Unload -----
[16:46:32:433]	[SEND] RESET
[16:46:32:482]	[RECV] A
[16:46:32:483]	[RECV] O
[16:46:32:487]	[SEND] CFG_SLOTS
[16:46:32:536]	[RECV] A
[16:46:32:537]	[RECV] 13
[16:46:32:541]	[SEND] UNLOAD O
[16:46:32:586]	[RECV] A
[16:46:39:785]	[RECV] M00000000,00000000,00000000
[16:46:39:789]	[SEND] STATUS
[16:46:39:841]	[RECV] A
[16:46:39:842]	[RECV] S7350142B
[16:46:39:843]	[OPER] ----- Result : Completed, Description : 
[16:47:00:022]	[OPER] ----- Clamp -----
[16:47:00:022]	[SEND] RESET
[16:47:00:065]	[RECV] A
[16:47:00:066]	[RECV] O
[16:47:00:070]	[SEND] POD_LOCK ON
[16:47:00:121]	[RECV] A
[16:47:00:122]	[RECV] O
[16:47:00:126]	[SEND] STATUS
[16:47:00:178]	[RECV] A
[16:47:00:179]	[RECV] S7350142B
[16:47:00:180]	[OPER] ----- Result : Completed, Description : 
[16:47:00:364]	[OPER] ----- Load -----
[16:47:00:364]	[SEND] RESET
[16:47:00:407]	[RECV] A
[16:47:00:408]	[RECV] O
[16:47:00:411]	[SEND] CFG_SLOTS
[16:47:00:458]	[RECV] A
[16:47:00:459]	[RECV] 13
[16:47:00:461]	[SEND] LOAD O
[16:47:00:503]	[RECV] A
[16:47:12:572]	[RECV] M00000000,00000000,00000000
[16:47:12:576]	[SEND] STATUS
[16:47:12:629]	[RECV] A
[16:47:12:630]	[RECV] S33500C27
[16:47:12:632]	[OPER] ----- Result : Completed, Description : 
[16:47:20:242]	[OPER] ----- Unload -----
[16:47:20:242]	[SEND] RESET
[16:47:20:295]	[RECV] A
[16:47:20:296]	[RECV] O
[16:47:20:300]	[SEND] CFG_SLOTS
[16:47:20:350]	[RECV] A
[16:47:20:351]	[RECV] 13
[16:47:20:355]	[SEND] UNLOAD O
[16:47:20:400]	[RECV] A
[16:47:27:599]	[RECV] M00000000,00000000,00000000
[16:47:27:602]	[SEND] STATUS
[16:47:27:658]	[RECV] A
[16:47:27:659]	[RECV] S7350142B
[16:47:27:661]	[OPER] ----- Result : Completed, Description : 
[16:49:38:931]	[OPER] ----- Clamp -----
[16:49:38:931]	[SEND] RESET
[16:49:38:976]	[RECV] A
[16:49:38:977]	[RECV] O
[16:49:38:979]	[SEND] POD_LOCK ON
[16:49:39:031]	[RECV] A
[16:49:39:032]	[RECV] O
[16:49:39:035]	[SEND] STATUS
[16:49:39:088]	[RECV] A
[16:49:39:089]	[RECV] S7350142B
[16:49:39:090]	[OPER] ----- Result : Completed, Description : 
[16:49:39:276]	[OPER] ----- Load -----
[16:49:39:276]	[SEND] RESET
[16:49:39:318]	[RECV] A
[16:49:39:319]	[RECV] O
[16:49:39:322]	[SEND] CFG_SLOTS
[16:49:39:370]	[RECV] A
[16:49:39:371]	[RECV] 13
[16:49:39:375]	[SEND] LOAD O
[16:49:39:418]	[RECV] A
[16:50:00:452]	[RECV] M00000000,00000000,00000000
[16:51:23:901]	[SEND] STATUS
[16:51:23:906]	[OPER] ----- Result : Timeout, Description : 
[16:51:23:955]	[RECV] A
[16:51:23:956]	[RECV] S33500C27
[16:51:27:835]	[OPER] ----- Unload -----
[16:51:27:835]	[SEND] RESET
[16:51:27:894]	[RECV] A
[16:51:27:896]	[RECV] O
[16:51:27:900]	[SEND] CFG_SLOTS
[16:51:27:950]	[RECV] A
[16:51:27:951]	[RECV] 13
[16:51:27:954]	[SEND] UNLOAD O
[16:51:27:999]	[RECV] A
[16:51:35:208]	[RECV] M00000000,00000000,00000000
[16:51:35:212]	[SEND] STATUS
[16:51:35:264]	[RECV] A
[16:51:35:265]	[RECV] S7350142B
[16:51:35:266]	[OPER] ----- Result : Completed, Description : 
[16:53:47:682]	[OPER] ----- Initialize -----
[16:53:47:682]	[SEND] RESET
[16:53:47:729]	[RECV] A
[16:53:47:730]	[RECV] O
[16:53:47:732]	[SEND] HOM
[16:53:47:775]	[RECV] A
[16:53:58:833]	[RECV] O
[16:53:58:836]	[SEND] STATUS
[16:53:58:888]	[RECV] A
[16:53:58:889]	[RECV] S7350142B
[16:53:58:890]	[OPER] ----- Result : Completed, Description : 
[16:53:58:892]	[OPER] ----- ChangeToCassette -----
[16:53:58:893]	[SEND] RESET
[16:53:58:935]	[RECV] A
[16:53:58:936]	[RECV] O
[16:53:58:939]	[SEND] OC_MODE ON
[16:53:58:985]	[RECV] A
[16:53:58:986]	[RECV] O
[16:53:58:990]	[SEND] STATUS
[16:53:59:042]	[RECV] A
[16:53:59:043]	[RECV] S7350142B
[16:53:59:044]	[OPER] ----- Result : Completed, Description : 
[16:54:34:686]	[OPER] ----- Clamp -----
[16:54:34:686]	[SEND] RESET
[16:54:34:728]	[RECV] A
[16:54:34:729]	[RECV] O
[16:54:34:733]	[SEND] POD_LOCK ON
[16:54:34:786]	[RECV] A
[16:54:34:787]	[RECV] O
[16:54:34:791]	[SEND] STATUS
[16:54:34:844]	[RECV] A
[16:54:34:845]	[RECV] S7350142B
[16:54:34:848]	[OPER] ----- Result : Completed, Description : 
[16:54:35:310]	[OPER] ----- Load -----
[16:54:35:310]	[SEND] RESET
[16:54:35:353]	[RECV] A
[16:54:35:354]	[RECV] O
[16:54:35:357]	[SEND] CFG_SLOTS
[16:54:35:405]	[RECV] A
[16:54:35:406]	[RECV] 13
[16:54:35:409]	[SEND] LOAD O
[16:54:35:450]	[RECV] A
[16:55:29:181]	[RECV] M00000000,00000000,00000000
[16:55:29:203]	[OPER] ----- Result : Timeout, Description : 
[16:55:35:452]	[OPER] ----- Unload -----
[16:55:35:452]	[SEND] RESET
[16:55:35:508]	[RECV] A
[16:55:35:509]	[RECV] O
[16:55:35:513]	[SEND] CFG_SLOTS
[16:55:35:564]	[RECV] A
[16:55:35:565]	[RECV] 13
[16:55:35:568]	[SEND] UNLOAD O
[16:55:35:613]	[RECV] A
[16:55:42:830]	[RECV] M00000000,00000000,00000000
[16:55:42:834]	[SEND] STATUS
[16:55:42:886]	[RECV] A
[16:55:42:887]	[RECV] S7350142B
[16:55:42:888]	[OPER] ----- Result : Completed, Description : 
[16:56:02:892]	[OPER] ----- Clamp -----
[16:56:02:892]	[SEND] RESET
[16:56:02:934]	[RECV] A
[16:56:02:935]	[RECV] O
[16:56:02:939]	[SEND] POD_LOCK ON
[16:56:02:991]	[RECV] A
[16:56:02:992]	[RECV] O
[16:56:02:996]	[SEND] STATUS
[16:56:03:048]	[RECV] A
[16:56:03:049]	[RECV] S7350142B
[16:56:03:051]	[OPER] ----- Result : Completed, Description : 
[16:56:03:237]	[OPER] ----- Load -----
[16:56:03:237]	[SEND] RESET
[16:56:03:281]	[RECV] A
[16:56:03:282]	[RECV] O
[16:56:03:285]	[SEND] CFG_SLOTS
[16:56:03:334]	[RECV] A
[16:56:03:335]	[RECV] 13
[16:56:03:338]	[SEND] LOAD O
[16:56:03:380]	[RECV] A
[16:56:15:466]	[RECV] M00000000,00000000,00000000
[16:56:15:467]	[SEND] STATUS
[16:56:15:519]	[RECV] A
[16:56:15:520]	[RECV] S33500C27
[16:56:15:522]	[OPER] ----- Result : Completed, Description : 
[16:56:25:976]	[OPER] ----- Unload -----
[16:56:25:976]	[SEND] RESET
[16:56:26:025]	[RECV] A
[16:56:26:026]	[RECV] O
[16:56:26:028]	[SEND] CFG_SLOTS
[16:56:26:076]	[RECV] A
[16:56:26:077]	[RECV] 13
[16:56:26:081]	[SEND] UNLOAD O
[16:56:26:125]	[RECV] A
[16:56:33:329]	[RECV] M00000000,00000000,00000000
[16:56:33:333]	[SEND] STATUS
[16:56:33:385]	[RECV] A
[16:56:33:386]	[RECV] S7350142B
[16:56:33:388]	[OPER] ----- Result : Completed, Description : 
[16:56:52:306]	[OPER] ----- Clamp -----
[16:56:52:306]	[SEND] RESET
[16:56:52:348]	[RECV] A
[16:56:52:349]	[RECV] O
[16:56:52:353]	[SEND] POD_LOCK ON
[16:56:52:406]	[RECV] A
[16:56:52:407]	[RECV] O
[16:56:52:411]	[SEND] STATUS
[16:56:52:464]	[RECV] A
[16:56:52:465]	[RECV] S7350142B
[16:56:52:466]	[OPER] ----- Result : Completed, Description : 
[16:56:52:653]	[OPER] ----- Load -----
[16:56:52:653]	[SEND] RESET
[16:56:52:695]	[RECV] A
[16:56:52:696]	[RECV] O
[16:56:52:699]	[SEND] CFG_SLOTS
[16:56:52:747]	[RECV] A
[16:56:52:748]	[RECV] 13
[16:56:52:751]	[SEND] LOAD O
[16:56:52:794]	[RECV] A
[16:57:04:876]	[RECV] M00000000,00000000,00000000
[16:57:04:877]	[SEND] STATUS
[16:57:04:929]	[RECV] A
[16:57:04:930]	[RECV] S33500C27
[16:57:04:931]	[OPER] ----- Result : Completed, Description : 
[16:57:19:536]	[OPER] ----- Unload -----
[16:57:19:536]	[SEND] RESET
[16:57:19:590]	[RECV] A
[16:57:19:591]	[RECV] O
[16:57:19:594]	[SEND] CFG_SLOTS
[16:57:19:649]	[RECV] A
[16:57:19:650]	[RECV] 13
[16:57:19:653]	[SEND] UNLOAD O
[16:57:19:699]	[RECV] A
[16:57:26:899]	[RECV] M00000000,00000000,00000000
[16:57:26:902]	[SEND] STATUS
[16:57:26:955]	[RECV] A
[16:57:26:956]	[RECV] S7350142B
[16:57:26:958]	[OPER] ----- Result : Completed, Description : 
[16:58:02:517]	[OPER] ----- Clamp -----
[16:58:02:517]	[SEND] RESET
[16:58:02:559]	[RECV] A
[16:58:02:560]	[RECV] O
[16:58:02:563]	[SEND] POD_LOCK ON
[16:58:02:614]	[RECV] A
[16:58:02:615]	[RECV] O
[16:58:02:618]	[SEND] STATUS
[16:58:02:670]	[RECV] A
[16:58:02:671]	[RECV] S7350142B
[16:58:02:672]	[OPER] ----- Result : Completed, Description : 
[16:58:02:858]	[OPER] ----- Load -----
[16:58:02:858]	[SEND] RESET
[16:58:02:900]	[RECV] A
[16:58:02:901]	[RECV] O
[16:58:02:904]	[SEND] CFG_SLOTS
[16:58:02:953]	[RECV] A
[16:58:02:954]	[RECV] 13
[16:58:02:958]	[SEND] LOAD O
[16:58:02:998]	[RECV] A
[16:58:15:837]	[RECV] M00000000,00000000,00000000
[16:58:31:974]	[SEND] STATUS
[16:58:32:035]	[RECV] A
[16:58:32:036]	[RECV] S33500C27
[16:58:32:037]	[OPER] ----- Result : Completed, Description : 
[16:58:33:469]	[OPER] ----- Unload -----
[16:58:33:469]	[SEND] RESET
[16:58:33:523]	[RECV] A
[16:58:33:524]	[RECV] O
[16:58:33:527]	[SEND] CFG_SLOTS
[16:58:33:581]	[RECV] A
[16:58:33:582]	[RECV] 13
[16:58:33:585]	[SEND] UNLOAD O
[16:58:33:629]	[RECV] A
[16:58:40:829]	[RECV] M00000000,00000000,00000000
[16:58:40:833]	[SEND] STATUS
[16:58:40:885]	[RECV] A
[16:58:40:886]	[RECV] S7350142B
[16:58:40:887]	[OPER] ----- Result : Completed, Description : 
[17:02:16:322]	[OPER] ----- Initialize -----
[17:02:16:322]	[SEND] RESET
[17:02:16:372]	[RECV] A
[17:02:16:373]	[RECV] O
[17:02:16:376]	[SEND] HOM
[17:02:16:418]	[RECV] A
[17:02:27:472]	[RECV] O
[17:02:27:475]	[SEND] STATUS
[17:02:27:525]	[RECV] A
[17:02:27:526]	[RECV] S7350142B
[17:02:27:528]	[OPER] ----- Result : Completed, Description : 
[17:02:27:531]	[OPER] ----- ChangeToCassette -----
[17:02:27:531]	[SEND] RESET
[17:02:27:574]	[RECV] A
[17:02:27:575]	[RECV] O
[17:02:27:578]	[SEND] OC_MODE ON
[17:02:27:626]	[RECV] A
[17:02:27:627]	[RECV] O
[17:02:27:630]	[SEND] STATUS
[17:02:27:682]	[RECV] A
[17:02:27:683]	[RECV] S7350142B
[17:02:27:684]	[OPER] ----- Result : Completed, Description : 
[17:02:58:348]	[OPER] ----- Clamp -----
[17:02:58:348]	[SEND] RESET
[17:02:58:392]	[RECV] A
[17:02:58:393]	[RECV] O
[17:02:58:396]	[SEND] POD_LOCK ON
[17:02:58:450]	[RECV] A
[17:02:58:451]	[RECV] O
[17:02:58:454]	[SEND] STATUS
[17:02:58:506]	[RECV] A
[17:02:58:507]	[RECV] S7350142B
[17:02:58:507]	[OPER] ----- Result : Completed, Description : 
[17:02:58:989]	[OPER] ----- Load -----
[17:02:58:989]	[SEND] RESET
[17:02:59:031]	[RECV] A
[17:02:59:032]	[RECV] O
[17:02:59:035]	[SEND] CFG_SLOTS
[17:02:59:083]	[RECV] A
[17:02:59:084]	[RECV] 13
[17:02:59:088]	[SEND] LOAD O
[17:02:59:129]	[RECV] A
[17:03:11:213]	[RECV] M00000000,00000000,00000000
[17:03:11:216]	[SEND] STATUS
[17:03:11:268]	[RECV] A
[17:03:11:269]	[RECV] S33500C27
[17:03:11:270]	[OPER] ----- Result : Completed, Description : 
[17:06:30:899]	[OPER] ----- Initialize -----
[17:06:30:899]	[SEND] RESET
[17:06:30:948]	[RECV] A
[17:06:30:949]	[RECV] O
[17:06:30:951]	[SEND] HOM
[17:06:30:996]	[RECV] A
[17:06:46:273]	[RECV] O
[17:06:46:277]	[SEND] STATUS
[17:06:46:329]	[RECV] A
[17:06:46:330]	[RECV] S7350142B
[17:06:46:331]	[OPER] ----- Result : Completed, Description : 
[17:06:46:332]	[OPER] ----- ChangeToCassette -----
[17:06:46:332]	[SEND] RESET
[17:06:46:373]	[RECV] A
[17:06:46:374]	[RECV] O
[17:06:46:377]	[SEND] OC_MODE ON
[17:06:46:425]	[RECV] A
[17:06:46:427]	[RECV] O
[17:06:46:431]	[SEND] STATUS
[17:06:46:483]	[RECV] A
[17:06:46:484]	[RECV] S7350142B
[17:06:46:486]	[OPER] ----- Result : Completed, Description : 
[17:07:16:218]	[OPER] ----- Clamp -----
[17:07:16:218]	[SEND] RESET
[17:07:16:261]	[RECV] A
[17:07:16:262]	[RECV] O
[17:07:16:266]	[SEND] POD_LOCK ON
[17:07:16:318]	[RECV] A
[17:07:16:319]	[RECV] O
[17:07:16:323]	[SEND] STATUS
[17:07:16:375]	[RECV] A
[17:07:16:376]	[RECV] S7350142B
[17:07:16:377]	[OPER] ----- Result : Completed, Description : 
[17:07:16:846]	[OPER] ----- Load -----
[17:07:16:846]	[SEND] RESET
[17:07:16:890]	[RECV] A
[17:07:16:891]	[RECV] O
[17:07:16:894]	[SEND] CFG_SLOTS
[17:07:16:942]	[RECV] A
[17:07:16:943]	[RECV] 13
[17:07:16:946]	[SEND] LOAD O
[17:07:16:989]	[RECV] A
[17:07:29:070]	[RECV] M00000000,00000000,00000000
[17:07:29:074]	[SEND] STATUS
[17:07:29:126]	[RECV] A
[17:07:29:127]	[RECV] S33500C27
[17:07:29:129]	[OPER] ----- Result : Completed, Description : 
[17:07:33:139]	[OPER] ----- Unload -----
[17:07:33:139]	[SEND] RESET
[17:07:33:182]	[RECV] A
[17:07:33:183]	[RECV] O
[17:07:33:187]	[SEND] CFG_SLOTS
[17:07:33:235]	[RECV] A
[17:07:33:236]	[RECV] 13
[17:07:33:240]	[SEND] UNLOAD O
[17:07:33:285]	[RECV] A
[17:07:40:485]	[RECV] M00000000,00000000,00000000
[17:07:40:488]	[SEND] STATUS
[17:07:40:541]	[RECV] A
[17:07:40:542]	[RECV] S7350142B
[17:07:40:544]	[OPER] ----- Result : Completed, Description : 
[17:07:46:562]	[OPER] ----- Clamp -----
[17:07:46:562]	[SEND] RESET
[17:07:46:605]	[RECV] A
[17:07:46:606]	[RECV] O
[17:07:46:610]	[SEND] POD_LOCK ON
[17:07:46:662]	[RECV] A
[17:07:46:663]	[RECV] O
[17:07:46:666]	[SEND] STATUS
[17:07:46:719]	[RECV] A
[17:07:46:720]	[RECV] S7350142B
[17:07:46:721]	[OPER] ----- Result : Completed, Description : 
[17:07:46:909]	[OPER] ----- Load -----
[17:07:46:909]	[SEND] RESET
[17:07:46:951]	[RECV] A
[17:07:46:952]	[RECV] O
[17:07:46:956]	[SEND] CFG_SLOTS
[17:07:47:004]	[RECV] A
[17:07:47:006]	[RECV] 13
[17:07:47:008]	[SEND] LOAD O
[17:07:47:050]	[RECV] A
[17:07:59:110]	[RECV] M00000000,00000000,00000000
[17:07:59:113]	[SEND] STATUS
[17:07:59:165]	[RECV] A
[17:07:59:166]	[RECV] S33500C27
[17:07:59:168]	[OPER] ----- Result : Completed, Description : 
[17:08:09:188]	[OPER] ----- Unload -----
[17:08:09:188]	[SEND] RESET
[17:08:09:230]	[RECV] A
[17:08:09:231]	[RECV] O
[17:08:09:234]	[SEND] CFG_SLOTS
[17:08:09:283]	[RECV] A
[17:08:09:284]	[RECV] 13
[17:08:09:287]	[SEND] UNLOAD O
[17:08:09:331]	[RECV] A
[17:08:16:533]	[RECV] M00000000,00000000,00000000
[17:08:25:933]	[SEND] STATUS
[17:08:25:997]	[RECV] A
[17:08:25:998]	[RECV] S7350142B
[17:08:26:000]	[OPER] ----- Result : Completed, Description : 
[17:09:51:099]	[OPER] ----- Initialize -----
[17:09:51:099]	[SEND] RESET
[17:09:51:148]	[RECV] A
[17:09:51:149]	[RECV] O
[17:09:51:153]	[SEND] HOM
[17:09:51:198]	[RECV] A
[17:10:02:252]	[RECV] O
[17:10:02:255]	[SEND] STATUS
[17:10:02:307]	[RECV] A
[17:10:02:309]	[RECV] S7350142B
[17:10:02:311]	[OPER] ----- Result : Completed, Description : 
[17:10:02:315]	[OPER] ----- ChangeToCassette -----
[17:10:02:316]	[SEND] RESET
[17:10:02:359]	[RECV] A
[17:10:02:360]	[RECV] O
[17:10:02:364]	[SEND] OC_MODE ON
[17:10:02:411]	[RECV] A
[17:10:02:412]	[RECV] O
[17:10:02:415]	[SEND] STATUS
[17:10:02:467]	[RECV] A
[17:10:02:468]	[RECV] S7350142B
[17:10:02:469]	[OPER] ----- Result : Completed, Description : 
[17:13:27:343]	[OPER] ----- Initialize -----
[17:13:27:343]	[SEND] RESET
[17:13:27:390]	[RECV] A
[17:13:27:391]	[RECV] O
[17:13:27:395]	[SEND] HOM
[17:13:27:440]	[RECV] A
[17:13:38:494]	[RECV] O
[17:13:38:497]	[SEND] STATUS
[17:13:38:549]	[RECV] A
[17:13:38:550]	[RECV] S7350142B
[17:13:38:551]	[OPER] ----- Result : Completed, Description : 
[17:13:38:554]	[OPER] ----- ChangeToCassette -----
[17:13:38:554]	[SEND] RESET
[17:13:38:597]	[RECV] A
[17:13:38:598]	[RECV] O
[17:13:38:602]	[SEND] OC_MODE ON
[17:13:38:651]	[RECV] A
[17:13:38:652]	[RECV] O
[17:13:38:656]	[SEND] STATUS
[17:13:38:709]	[RECV] A
[17:13:38:710]	[RECV] S7350142B
[17:13:38:712]	[OPER] ----- Result : Completed, Description : 
[17:14:07:518]	[OPER] ----- Clamp -----
[17:14:07:518]	[SEND] RESET
[17:14:07:560]	[RECV] A
[17:14:07:561]	[RECV] O
[17:14:07:564]	[SEND] POD_LOCK ON
[17:14:07:616]	[RECV] A
[17:14:07:617]	[RECV] O
[17:14:07:620]	[SEND] STATUS
[17:14:07:671]	[RECV] A
[17:14:07:672]	[RECV] S7350142B
[17:14:07:674]	[OPER] ----- Result : Completed, Description : 
[17:14:08:145]	[OPER] ----- Load -----
[17:14:08:145]	[SEND] RESET
[17:14:08:189]	[RECV] A
[17:14:08:190]	[RECV] O
[17:14:08:193]	[SEND] CFG_SLOTS
[17:14:08:241]	[RECV] A
[17:14:08:242]	[RECV] 13
[17:14:08:245]	[SEND] LOAD O
[17:14:08:287]	[RECV] A
[17:14:20:356]	[RECV] M00000000,00000000,00000000
[17:14:20:360]	[SEND] STATUS
[17:14:20:411]	[RECV] A
[17:14:20:412]	[RECV] S33500C27
[17:14:20:413]	[OPER] ----- Result : Completed, Description : 
[17:14:21:412]	[OPER] ----- Unload -----
[17:14:21:412]	[SEND] RESET
[17:14:21:458]	[RECV] A
[17:14:21:459]	[RECV] O
[17:14:21:462]	[SEND] CFG_SLOTS
[17:14:21:510]	[RECV] A
[17:14:21:511]	[RECV] 13
[17:14:21:515]	[SEND] UNLOAD O
[17:14:21:561]	[RECV] A
[17:14:28:766]	[RECV] M00000000,00000000,00000000
[17:14:28:770]	[SEND] STATUS
[17:14:28:822]	[RECV] A
[17:14:28:823]	[RECV] S7350142B
[17:14:28:824]	[OPER] ----- Result : Completed, Description : 
[17:16:14:061]	[OPER] ----- Clamp -----
[17:16:14:061]	[SEND] RESET
[17:16:14:104]	[RECV] A
[17:16:14:105]	[RECV] O
[17:16:14:109]	[SEND] POD_LOCK ON
[17:16:14:160]	[RECV] A
[17:16:14:161]	[RECV] O
[17:16:14:164]	[SEND] STATUS
[17:16:14:217]	[RECV] A
[17:16:14:218]	[RECV] S7350142B
[17:16:14:220]	[OPER] ----- Result : Completed, Description : 
[17:16:14:406]	[OPER] ----- Load -----
[17:16:14:406]	[SEND] RESET
[17:16:14:449]	[RECV] A
[17:16:14:450]	[RECV] O
[17:16:14:454]	[SEND] CFG_SLOTS
[17:16:14:502]	[RECV] A
[17:16:14:503]	[RECV] 13
[17:16:14:507]	[SEND] LOAD O
[17:16:14:549]	[RECV] A
[17:16:26:674]	[RECV] M00000000,00000000,00000000
[17:16:26:678]	[SEND] STATUS
[17:16:26:730]	[RECV] A
[17:16:26:731]	[RECV] S33500C27
[17:16:26:732]	[OPER] ----- Result : Completed, Description : 
[17:16:37:014]	[OPER] ----- Unload -----
[17:16:37:014]	[SEND] RESET
[17:16:37:062]	[RECV] A
[17:16:37:063]	[RECV] O
[17:16:37:067]	[SEND] CFG_SLOTS
[17:16:37:118]	[RECV] A
[17:16:37:119]	[RECV] 13
[17:16:37:123]	[SEND] UNLOAD O
[17:16:37:167]	[RECV] A
[17:16:44:372]	[RECV] M00000000,00000000,00000000
[17:16:44:376]	[SEND] STATUS
[17:16:44:428]	[RECV] A
[17:16:44:429]	[RECV] S7350142B
[17:16:44:430]	[OPER] ----- Result : Completed, Description : 
[17:17:30:806]	[OPER] ----- Clamp -----
[17:17:30:806]	[SEND] RESET
[17:17:30:852]	[RECV] A
[17:17:30:853]	[RECV] O
[17:17:30:855]	[SEND] POD_LOCK ON
[17:17:30:909]	[RECV] A
[17:17:30:910]	[RECV] O
[17:17:30:913]	[SEND] STATUS
[17:17:30:965]	[RECV] A
[17:17:30:966]	[RECV] S7350142B
[17:17:30:967]	[OPER] ----- Result : Completed, Description : 
[17:17:31:154]	[OPER] ----- Load -----
[17:17:31:154]	[SEND] RESET
[17:17:31:197]	[RECV] A
[17:17:31:198]	[RECV] O
[17:17:31:200]	[SEND] CFG_SLOTS
[17:17:31:248]	[RECV] A
[17:17:31:249]	[RECV] 13
[17:17:31:251]	[SEND] LOAD O
[17:17:31:295]	[RECV] A
[17:17:43:408]	[RECV] M00000000,00000000,00000000
[17:17:43:411]	[SEND] STATUS
[17:17:43:463]	[RECV] A
[17:17:43:464]	[RECV] S33500C27
[17:17:43:465]	[OPER] ----- Result : Completed, Description : 
[17:17:43:479]	[OPER] ----- Unload -----
[17:17:43:479]	[SEND] RESET
[17:17:43:522]	[RECV] A
[17:17:43:523]	[RECV] O
[17:17:43:527]	[SEND] CFG_SLOTS
[17:17:43:575]	[RECV] A
[17:17:43:576]	[RECV] 13
[17:17:43:579]	[SEND] UNLOAD O
[17:17:43:623]	[RECV] A
[17:17:50:821]	[RECV] M00000000,00000000,00000000
[17:17:50:825]	[SEND] STATUS
[17:17:50:876]	[RECV] A
[17:17:50:877]	[RECV] S7350142B
[17:17:50:879]	[OPER] ----- Result : Completed, Description : 
[17:19:11:418]	[RECV] C00000004
[17:19:13:135]	[OPER] ----- Clamp -----
[17:19:13:135]	[SEND] RESET
[17:19:13:177]	[RECV] A
[17:19:13:178]	[RECV] O
[17:19:13:181]	[SEND] POD_LOCK ON
[17:19:13:233]	[RECV] A
[17:19:13:234]	[RECV] O
[17:19:13:237]	[SEND] STATUS
[17:19:13:289]	[RECV] A
[17:19:13:290]	[RECV] S7350142B
[17:19:13:291]	[OPER] ----- Result : Completed, Description : 
[17:19:13:476]	[OPER] ----- Load -----
[17:19:13:476]	[SEND] RESET
[17:19:13:519]	[RECV] A
[17:19:13:520]	[RECV] O
[17:19:13:524]	[SEND] CFG_SLOTS
[17:19:13:572]	[RECV] A
[17:19:13:573]	[RECV] 13
[17:19:13:576]	[SEND] LOAD O
[17:19:13:618]	[RECV] A
[17:19:25:722]	[RECV] M00000000,00000000,00000000
[17:19:25:726]	[SEND] STATUS
[17:19:25:778]	[RECV] A
[17:19:25:779]	[RECV] S33500C27
[17:19:25:780]	[OPER] ----- Result : Completed, Description : 
[17:22:50:764]	[OPER] ----- Unload -----
[17:22:50:764]	[SEND] RESET
[17:22:50:815]	[RECV] A
[17:22:50:817]	[RECV] O
[17:22:50:820]	[SEND] CFG_SLOTS
[17:22:50:870]	[RECV] A
[17:22:50:871]	[RECV] 13
[17:22:50:875]	[SEND] UNLOAD O
[17:22:50:922]	[RECV] A
[17:22:58:127]	[RECV] M00000000,00000000,00000000
[17:22:58:131]	[SEND] STATUS
[17:22:58:184]	[RECV] A
[17:22:58:185]	[RECV] S7350142B
[17:22:58:187]	[OPER] ----- Result : Completed, Description : 
[17:23:23:324]	[RECV] C00000004
[17:23:25:008]	[OPER] ----- Clamp -----
[17:23:25:008]	[SEND] RESET
[17:23:25:051]	[RECV] A
[17:23:25:052]	[RECV] O
[17:23:25:056]	[SEND] POD_LOCK ON
[17:23:25:107]	[RECV] A
[17:23:25:108]	[RECV] O
[17:23:25:112]	[SEND] STATUS
[17:23:25:164]	[RECV] A
[17:23:25:165]	[RECV] S7350142B
[17:23:25:166]	[OPER] ----- Result : Completed, Description : 
[17:23:25:354]	[OPER] ----- Load -----
[17:23:25:354]	[SEND] RESET
[17:23:25:396]	[RECV] A
[17:23:25:397]	[RECV] O
[17:23:25:401]	[SEND] CFG_SLOTS
[17:23:25:449]	[RECV] A
[17:23:25:450]	[RECV] 13
[17:23:25:453]	[SEND] LOAD O
[17:23:25:494]	[RECV] A
[17:23:37:581]	[RECV] M00000000,00000000,00000000
[17:23:37:584]	[SEND] STATUS
[17:23:37:636]	[RECV] A
[17:23:37:637]	[RECV] S33500C27
[17:23:37:638]	[OPER] ----- Result : Completed, Description : 
[17:23:44:800]	[OPER] ----- Unload -----
[17:23:44:800]	[SEND] RESET
[17:23:44:850]	[RECV] A
[17:23:44:851]	[RECV] O
[17:23:44:855]	[SEND] CFG_SLOTS
[17:23:44:906]	[RECV] A
[17:23:44:907]	[RECV] 13
[17:23:44:910]	[SEND] UNLOAD O
[17:23:44:954]	[RECV] A
[17:23:52:152]	[RECV] M00000000,00000000,00000000
[17:23:52:155]	[SEND] STATUS
[17:23:52:207]	[RECV] A
[17:23:52:208]	[RECV] S7350142B
[17:23:52:210]	[OPER] ----- Result : Completed, Description : 
[17:24:55:797]	[RECV] C00000004
[17:24:57:496]	[OPER] ----- Clamp -----
[17:24:57:496]	[SEND] RESET
[17:24:57:539]	[RECV] A
[17:24:57:540]	[RECV] O
[17:24:57:543]	[SEND] POD_LOCK ON
[17:24:57:593]	[RECV] A
[17:24:57:594]	[RECV] O
[17:24:57:598]	[SEND] STATUS
[17:24:57:650]	[RECV] A
[17:24:57:651]	[RECV] S7350142B
[17:24:57:652]	[OPER] ----- Result : Completed, Description : 
[17:24:57:839]	[OPER] ----- Load -----
[17:24:57:839]	[SEND] RESET
[17:24:57:882]	[RECV] A
[17:24:57:883]	[RECV] O
[17:24:57:887]	[SEND] CFG_SLOTS
[17:24:57:933]	[RECV] A
[17:24:57:934]	[RECV] 13
[17:24:57:937]	[SEND] LOAD O
[17:24:57:979]	[RECV] A
[17:25:10:070]	[RECV] M00000000,00000000,00000000
[17:25:15:173]	[SEND] STATUS
[17:25:15:225]	[RECV] A
[17:25:15:226]	[RECV] S33500C27
[17:25:15:227]	[OPER] ----- Result : Completed, Description : 
[17:25:25:404]	[OPER] ----- Unload -----
[17:25:25:404]	[SEND] RESET
[17:25:25:452]	[RECV] A
[17:25:25:453]	[RECV] O
[17:25:25:456]	[SEND] CFG_SLOTS
[17:25:25:508]	[RECV] A
[17:25:25:509]	[RECV] 13
[17:25:25:512]	[SEND] UNLOAD O
[17:25:25:556]	[RECV] A
[17:25:32:756]	[RECV] M00000000,00000000,00000000
[17:25:32:759]	[SEND] STATUS
[17:25:32:810]	[RECV] A
[17:25:32:811]	[RECV] S7350142B
[17:25:32:813]	[OPER] ----- Result : Completed, Description : 
[17:26:18:463]	[RECV] C00000004
[17:26:20:154]	[OPER] ----- Clamp -----
[17:26:20:154]	[SEND] RESET
[17:26:20:196]	[RECV] A
[17:26:20:197]	[RECV] O
[17:26:20:201]	[SEND] POD_LOCK ON
[17:26:20:253]	[RECV] A
[17:26:20:254]	[RECV] O
[17:26:20:257]	[SEND] STATUS
[17:26:20:309]	[RECV] A
[17:26:20:310]	[RECV] S7350142B
[17:26:20:311]	[OPER] ----- Result : Completed, Description : 
[17:26:20:496]	[OPER] ----- Load -----
[17:26:20:496]	[SEND] RESET
[17:26:20:538]	[RECV] A
[17:26:20:539]	[RECV] O
[17:26:20:542]	[SEND] CFG_SLOTS
[17:26:20:589]	[RECV] A
[17:26:20:590]	[RECV] 13
[17:26:20:594]	[SEND] LOAD O
[17:26:20:634]	[RECV] A
[17:26:32:731]	[RECV] M00000000,00000000,00000000
[17:26:41:574]	[SEND] STATUS
[17:26:41:629]	[RECV] A
[17:26:41:630]	[RECV] S33500C27
[17:26:41:632]	[OPER] ----- Result : Completed, Description : 
[17:27:23:135]	[OPER] ----- Unload -----
[17:27:23:135]	[SEND] RESET
[17:27:23:185]	[RECV] A
[17:27:23:186]	[RECV] O
[17:27:23:189]	[SEND] CFG_SLOTS
[17:27:23:239]	[RECV] A
[17:27:23:240]	[RECV] 13
[17:27:23:243]	[SEND] UNLOAD O
[17:27:23:288]	[RECV] A
[17:27:46:779]	[RECV] M00000000,00000000,00000000
[17:28:21:353]	[OPER] ----- Result : Timeout, Description : 
[17:31:58:654]	[OPER] ----- Clamp -----
[17:31:58:654]	[SEND] RESET
[17:31:58:697]	[RECV] A
[17:31:58:699]	[RECV] O
[17:31:58:702]	[SEND] POD_LOCK ON
[17:31:58:753]	[RECV] A
[17:31:58:754]	[RECV] O
[17:31:58:758]	[SEND] STATUS
[17:31:58:810]	[RECV] A
[17:31:58:811]	[RECV] S7350142B
[17:31:58:812]	[OPER] ----- Result : Completed, Description : 
[17:31:58:997]	[OPER] ----- Load -----
[17:31:58:997]	[SEND] RESET
[17:31:59:040]	[RECV] A
[17:31:59:041]	[RECV] O
[17:31:59:045]	[SEND] CFG_SLOTS
[17:31:59:096]	[RECV] A
[17:31:59:098]	[RECV] 13
[17:31:59:101]	[SEND] LOAD O
[17:31:59:150]	[RECV] A
[17:32:11:261]	[RECV] M00000000,00000000,00000000
[17:32:36:777]	[OPER] ----- Result : Timeout, Description : 
[17:32:56:618]	[OPER] ----- Unload -----
[17:32:56:618]	[SEND] RESET
[17:33:27:336]	[OPER] ----- Result : Timeout, Description : 
[17:33:27:337]	[RECV] A
[17:33:27:339]	[RECV] O
[17:34:48:847]	[OPER] ----- Initialize -----
[17:34:48:847]	[SEND] RESET
[17:34:48:895]	[RECV] A
[17:34:48:896]	[RECV] O
[17:34:48:897]	[SEND] HOM
[17:34:48:938]	[RECV] A
[17:35:04:090]	[RECV] O
[17:35:04:094]	[SEND] STATUS
[17:35:04:144]	[RECV] A
[17:35:04:145]	[RECV] S7350142B
[17:35:04:147]	[OPER] ----- Result : Completed, Description : 
[17:35:04:148]	[OPER] ----- ChangeToCassette -----
[17:35:04:148]	[SEND] RESET
[17:35:04:191]	[RECV] A
[17:35:04:192]	[RECV] O
[17:35:04:194]	[SEND] OC_MODE ON
[17:35:04:242]	[RECV] A
[17:35:04:243]	[RECV] O
[17:35:04:246]	[SEND] STATUS
[17:35:04:297]	[RECV] A
[17:35:04:298]	[RECV] S7350142B
[17:35:04:300]	[OPER] ----- Result : Completed, Description : 
[17:36:54:992]	[OPER] ----- Initialize -----
[17:36:54:992]	[SEND] RESET
[17:36:55:040]	[RECV] A
[17:36:55:041]	[RECV] O
[17:36:55:045]	[SEND] HOM
[17:36:55:091]	[RECV] A
[17:37:06:141]	[RECV] O
[17:37:06:144]	[SEND] STATUS
[17:37:06:196]	[RECV] A
[17:37:06:197]	[RECV] S7350142B
[17:37:06:198]	[OPER] ----- Result : Completed, Description : 
[17:37:06:200]	[OPER] ----- ChangeToCassette -----
[17:37:06:201]	[SEND] RESET
[17:37:06:243]	[RECV] A
[17:37:06:244]	[RECV] O
[17:37:06:247]	[SEND] OC_MODE ON
[17:37:06:295]	[RECV] A
[17:37:06:296]	[RECV] O
[17:37:06:299]	[SEND] STATUS
[17:37:06:350]	[RECV] A
[17:37:06:351]	[RECV] S7350142B
[17:37:06:352]	[OPER] ----- Result : Completed, Description : 
[17:37:24:086]	[OPER] ----- Clamp -----
[17:37:24:086]	[SEND] RESET
[17:37:24:132]	[RECV] A
[17:37:24:133]	[RECV] O
[17:37:24:136]	[SEND] POD_LOCK ON
[17:37:24:189]	[RECV] A
[17:37:24:190]	[RECV] O
[17:37:24:194]	[SEND] STATUS
[17:37:24:246]	[RECV] A
[17:37:24:247]	[RECV] S7350142B
[17:37:24:249]	[OPER] ----- Result : Completed, Description : 
[17:37:25:257]	[OPER] ----- Load -----
[17:37:25:257]	[SEND] RESET
[17:37:25:299]	[RECV] A
[17:37:25:300]	[RECV] O
[17:37:25:304]	[SEND] CFG_SLOTS
[17:37:25:351]	[RECV] A
[17:37:25:352]	[RECV] 13
[17:37:25:356]	[SEND] LOAD O
[17:37:25:396]	[RECV] A
[17:37:37:482]	[RECV] M00000000,00000000,00000000
[17:37:41:121]	[SEND] STATUS
[17:37:41:175]	[RECV] A
[17:37:41:176]	[RECV] S33500C27
[17:37:41:177]	[OPER] ----- Result : Completed, Description : 
[17:37:41:208]	[OPER] ----- Unload -----
[17:37:41:209]	[SEND] RESET
[17:37:41:252]	[RECV] A
[17:37:41:253]	[RECV] O
[17:37:41:257]	[SEND] CFG_SLOTS
[17:37:41:306]	[RECV] A
[17:37:41:307]	[RECV] 13
[17:37:41:310]	[SEND] UNLOAD O
[17:37:41:356]	[RECV] A
[17:37:48:560]	[RECV] M00000000,00000000,00000000
[17:37:50:665]	[SEND] STATUS
[17:37:50:723]	[RECV] A
[17:37:50:724]	[RECV] S7350142B
[17:37:50:726]	[OPER] ----- Result : Completed, Description : 
[17:38:03:464]	[OPER] ----- Clamp -----
[17:38:03:464]	[SEND] RESET
[17:38:03:509]	[RECV] A
[17:38:03:510]	[RECV] O
[17:38:03:513]	[SEND] POD_LOCK ON
[17:38:03:567]	[RECV] A
[17:38:03:568]	[RECV] O
[17:38:03:571]	[SEND] STATUS
[17:38:03:624]	[RECV] A
[17:38:03:625]	[RECV] S7350142B
[17:38:03:625]	[OPER] ----- Result : Completed, Description : 
[17:38:03:820]	[OPER] ----- Load -----
[17:38:03:820]	[SEND] RESET
[17:38:03:865]	[RECV] A
[17:38:03:866]	[RECV] O
[17:38:03:869]	[SEND] CFG_SLOTS
[17:38:03:917]	[RECV] A
[17:38:03:918]	[RECV] 13
[17:38:03:922]	[SEND] LOAD O
[17:38:03:964]	[RECV] A
[17:38:16:065]	[RECV] M00000000,00000000,00000000
[17:38:16:069]	[SEND] STATUS
[17:38:16:121]	[RECV] A
[17:38:16:122]	[RECV] S33500C27
[17:38:16:124]	[OPER] ----- Result : Completed, Description : 
[17:38:18:370]	[OPER] ----- Unload -----
[17:38:18:370]	[SEND] RESET
[17:38:18:420]	[RECV] A
[17:38:18:421]	[RECV] O
[17:38:18:424]	[SEND] CFG_SLOTS
[17:38:18:478]	[RECV] A
[17:38:18:479]	[RECV] 13
[17:38:18:482]	[SEND] UNLOAD O
[17:38:18:527]	[RECV] A
[17:38:25:737]	[RECV] M00000000,00000000,00000000
[17:38:25:740]	[SEND] STATUS
[17:38:25:792]	[RECV] A
[17:38:25:793]	[RECV] S7350142B
[17:38:25:794]	[OPER] ----- Result : Completed, Description : 
[17:39:30:816]	[OPER] ----- Clamp -----
[17:39:30:816]	[SEND] RESET
[17:39:30:859]	[RECV] A
[17:39:30:860]	[RECV] O
[17:39:30:864]	[SEND] POD_LOCK ON
[17:39:30:916]	[RECV] A
[17:39:30:917]	[RECV] O
[17:39:30:920]	[SEND] STATUS
[17:39:30:971]	[RECV] A
[17:39:30:972]	[RECV] S7350142B
[17:39:30:973]	[OPER] ----- Result : Completed, Description : 
[17:39:31:159]	[OPER] ----- Load -----
[17:39:31:159]	[SEND] RESET
[17:39:31:202]	[RECV] A
[17:39:31:203]	[RECV] O
[17:39:31:206]	[SEND] CFG_SLOTS
[17:39:31:254]	[RECV] A
[17:39:31:255]	[RECV] 13
[17:39:31:258]	[SEND] LOAD O
[17:39:31:300]	[RECV] A
[17:39:43:399]	[RECV] M00000000,00000000,00000000
[17:39:43:402]	[SEND] STATUS
[17:39:43:454]	[RECV] A
[17:39:43:455]	[RECV] S33500C27
[17:39:43:457]	[OPER] ----- Result : Completed, Description : 
[17:39:43:470]	[OPER] ----- Unload -----
[17:39:43:470]	[SEND] RESET
[17:39:43:513]	[RECV] A
[17:39:43:514]	[RECV] O
[17:39:43:517]	[SEND] CFG_SLOTS
[17:39:43:565]	[RECV] A
[17:39:43:566]	[RECV] 13
[17:39:43:570]	[SEND] UNLOAD O
[17:39:43:614]	[RECV] A
[17:39:50:817]	[RECV] M00000000,00000000,00000000
[17:39:50:820]	[SEND] STATUS
[17:39:50:872]	[RECV] A
[17:39:50:873]	[RECV] S7350142B
[17:39:50:874]	[OPER] ----- Result : Completed, Description : 
[17:41:20:083]	[OPER] ----- Clamp -----
[17:41:20:083]	[SEND] RESET
[17:41:20:126]	[RECV] A
[17:41:20:127]	[RECV] O
[17:41:20:130]	[SEND] POD_LOCK ON
[17:41:20:182]	[RECV] A
[17:41:20:183]	[RECV] O
[17:41:20:187]	[SEND] STATUS
[17:41:20:240]	[RECV] A
[17:41:20:241]	[RECV] S7350142B
[17:41:20:243]	[OPER] ----- Result : Completed, Description : 
[17:41:20:431]	[OPER] ----- Load -----
[17:41:20:431]	[SEND] RESET
[17:41:20:473]	[RECV] A
[17:41:20:474]	[RECV] O
[17:41:20:477]	[SEND] CFG_SLOTS
[17:41:20:524]	[RECV] A
[17:41:20:525]	[RECV] 13
[17:41:20:528]	[SEND] LOAD O
[17:41:20:570]	[RECV] A
[17:41:32:670]	[RECV] M00000000,00000000,00000000
[17:41:32:673]	[SEND] STATUS
[17:41:32:724]	[RECV] A
[17:41:32:725]	[RECV] S33500C27
[17:41:32:726]	[OPER] ----- Result : Completed, Description : 
[17:42:37:429]	[OPER] ----- Unload -----
[17:42:37:429]	[SEND] RESET
[17:42:37:482]	[RECV] A
[17:42:37:483]	[RECV] O
[17:42:37:485]	[SEND] CFG_SLOTS
[17:42:37:535]	[RECV] A
[17:42:37:536]	[RECV] 13
[17:42:37:539]	[SEND] UNLOAD O
[17:42:37:585]	[RECV] A
[17:42:44:791]	[RECV] M00000000,00000000,00000000
[17:42:44:794]	[SEND] STATUS
[17:42:44:846]	[RECV] A
[17:42:44:847]	[RECV] S7350142B
[17:42:44:848]	[OPER] ----- Result : Completed, Description : 
[17:43:31:386]	[OPER] ----- Clamp -----
[17:43:31:386]	[SEND] RESET
[17:43:31:432]	[RECV] A
[17:43:31:433]	[RECV] O
[17:43:31:436]	[SEND] POD_LOCK ON
[17:43:31:491]	[RECV] A
[17:43:31:492]	[RECV] O
[17:43:31:496]	[SEND] STATUS
[17:43:31:549]	[RECV] A
[17:43:31:550]	[RECV] S7350142B
[17:43:31:551]	[OPER] ----- Result : Completed, Description : 
[17:43:31:740]	[OPER] ----- Load -----
[17:43:31:740]	[SEND] RESET
[17:43:31:785]	[RECV] A
[17:43:31:786]	[RECV] O
[17:43:31:789]	[SEND] CFG_SLOTS
[17:43:31:838]	[RECV] A
[17:43:31:840]	[RECV] 13
[17:43:31:842]	[SEND] LOAD O
[17:43:31:884]	[RECV] A
[17:43:43:986]	[RECV] M00000000,00000000,00000000
[17:43:43:989]	[SEND] STATUS
[17:43:44:042]	[RECV] A
[17:43:44:044]	[RECV] S33500C27
[17:43:44:046]	[OPER] ----- Result : Completed, Description : 
[17:43:48:093]	[OPER] ----- Unload -----
[17:43:48:093]	[SEND] RESET
[17:43:48:136]	[RECV] A
[17:43:48:137]	[RECV] O
[17:43:48:140]	[SEND] CFG_SLOTS
[17:43:48:190]	[RECV] A
[17:43:48:191]	[RECV] 13
[17:43:48:195]	[SEND] UNLOAD O
[17:43:48:239]	[RECV] A
[17:43:55:444]	[RECV] M00000000,00000000,00000000
[17:43:56:305]	[SEND] STATUS
[17:43:56:362]	[RECV] A
[17:43:56:363]	[RECV] S7350142B
[17:43:56:364]	[OPER] ----- Result : Completed, Description : 
[17:44:10:193]	[OPER] ----- Clamp -----
[17:44:10:193]	[SEND] RESET
[17:44:10:239]	[RECV] A
[17:44:10:240]	[RECV] O
[17:44:10:243]	[SEND] POD_LOCK ON
[17:44:10:296]	[RECV] A
[17:44:10:297]	[RECV] O
[17:44:10:301]	[SEND] STATUS
[17:44:10:353]	[RECV] A
[17:44:10:354]	[RECV] S7350142B
[17:44:10:356]	[OPER] ----- Result : Completed, Description : 
[17:44:10:545]	[OPER] ----- Load -----
[17:44:10:545]	[SEND] RESET
[17:44:10:593]	[RECV] A
[17:44:10:594]	[RECV] O
[17:44:10:596]	[SEND] CFG_SLOTS
[17:44:10:645]	[RECV] A
[17:44:10:646]	[RECV] 13
[17:44:10:648]	[SEND] LOAD O
[17:44:10:690]	[RECV] A
[17:44:22:793]	[RECV] M00000000,00000000,00000000
[17:44:22:797]	[SEND] STATUS
[17:44:22:849]	[RECV] A
[17:44:22:850]	[RECV] S33500C27
[17:44:22:852]	[OPER] ----- Result : Completed, Description : 
[17:44:26:307]	[OPER] ----- Unload -----
[17:44:26:307]	[SEND] RESET
[17:44:26:351]	[RECV] A
[17:44:26:352]	[RECV] O
[17:44:26:355]	[SEND] CFG_SLOTS
[17:44:26:403]	[RECV] A
[17:44:26:404]	[RECV] 13
[17:44:26:408]	[SEND] UNLOAD O
[17:44:26:450]	[RECV] A
[17:44:33:654]	[RECV] M00000000,00000000,00000000
[17:44:33:657]	[SEND] STATUS
[17:44:33:711]	[RECV] A
[17:44:33:712]	[RECV] S7350142B
[17:44:33:714]	[OPER] ----- Result : Completed, Description : 
[17:46:01:242]	[OPER] ----- Clamp -----
[17:46:01:242]	[SEND] RESET
[17:46:01:287]	[RECV] A
[17:46:01:289]	[RECV] O
[17:46:01:293]	[SEND] POD_LOCK ON
[17:46:01:346]	[RECV] A
[17:46:01:347]	[RECV] O
[17:46:01:350]	[SEND] STATUS
[17:46:01:400]	[RECV] A
[17:46:01:402]	[RECV] S7350142B
[17:46:01:403]	[OPER] ----- Result : Completed, Description : 
[17:46:01:588]	[OPER] ----- Load -----
[17:46:01:588]	[SEND] RESET
[17:46:01:631]	[RECV] A
[17:46:01:632]	[RECV] O
[17:46:01:636]	[SEND] CFG_SLOTS
[17:46:01:684]	[RECV] A
[17:46:01:685]	[RECV] 13
[17:46:01:689]	[SEND] LOAD O
[17:46:01:731]	[RECV] A
[17:46:13:844]	[RECV] M00000000,00000000,00000000
[17:46:13:848]	[SEND] STATUS
[17:46:13:900]	[RECV] A
[17:46:13:901]	[RECV] S33500C27
[17:46:13:903]	[OPER] ----- Result : Completed, Description : 
[17:46:13:916]	[OPER] ----- Unload -----
[17:46:13:916]	[SEND] RESET
[17:46:13:959]	[RECV] A
[17:46:13:960]	[RECV] O
[17:46:13:964]	[SEND] CFG_SLOTS
[17:46:14:013]	[RECV] A
[17:46:14:014]	[RECV] 13
[17:46:14:018]	[SEND] UNLOAD O
[17:46:14:063]	[RECV] A
[17:46:21:260]	[RECV] M00000000,00000000,00000000
[17:46:21:263]	[SEND] STATUS
[17:46:21:315]	[RECV] A
[17:46:21:316]	[RECV] S7350142B
[17:46:21:318]	[OPER] ----- Result : Completed, Description : 
[17:50:02:800]	[OPER] ----- Initialize -----
[17:50:02:800]	[SEND] RESET
[17:50:02:848]	[RECV] A
[17:50:02:849]	[RECV] O
[17:50:02:852]	[SEND] HOM
[17:50:02:897]	[RECV] A
[17:50:13:950]	[RECV] O
[17:50:13:954]	[SEND] STATUS
[17:50:14:006]	[RECV] A
[17:50:14:007]	[RECV] S7350142B
[17:50:14:008]	[OPER] ----- Result : Completed, Description : 
[17:50:14:011]	[OPER] ----- ChangeToCassette -----
[17:50:14:011]	[SEND] RESET
[17:50:14:055]	[RECV] A
[17:50:14:056]	[RECV] O
[17:50:14:059]	[SEND] OC_MODE ON
[17:50:14:107]	[RECV] A
[17:50:14:108]	[RECV] O
[17:50:14:111]	[SEND] STATUS
[17:50:14:162]	[RECV] A
[17:50:14:163]	[RECV] S7350142B
[17:50:14:165]	[OPER] ----- Result : Completed, Description : 
[17:50:51:248]	[OPER] ----- Clamp -----
[17:50:51:248]	[SEND] RESET
[17:50:51:295]	[RECV] A
[17:50:51:296]	[RECV] O
[17:50:51:298]	[SEND] POD_LOCK ON
[17:50:51:352]	[RECV] A
[17:50:51:353]	[RECV] O
[17:50:51:356]	[SEND] STATUS
[17:50:51:409]	[RECV] A
[17:50:51:410]	[RECV] S7350142B
[17:50:51:411]	[OPER] ----- Result : Completed, Description : 
[17:50:52:445]	[OPER] ----- Load -----
[17:50:52:445]	[SEND] RESET
[17:50:52:487]	[RECV] A
[17:50:52:488]	[RECV] O
[17:50:52:491]	[SEND] CFG_SLOTS
[17:50:52:539]	[RECV] A
[17:50:52:540]	[RECV] 13
[17:50:52:544]	[SEND] LOAD O
[17:50:52:585]	[RECV] A
[17:51:04:657]	[RECV] M00000000,00000000,00000000
[17:51:04:664]	[SEND] STATUS
[17:51:04:716]	[RECV] A
[17:51:04:717]	[RECV] S33500C27
[17:51:04:719]	[OPER] ----- Result : Completed, Description : 
[17:51:25:077]	[OPER] ----- Unload -----
[17:51:25:077]	[SEND] RESET
[17:51:25:129]	[RECV] A
[17:51:25:130]	[RECV] O
[17:51:25:133]	[SEND] CFG_SLOTS
[17:51:25:184]	[RECV] A
[17:51:25:185]	[RECV] 13
[17:51:25:188]	[SEND] UNLOAD O
[17:51:25:233]	[RECV] A
[17:51:32:435]	[RECV] M00000000,00000000,00000000
[17:51:32:439]	[SEND] STATUS
[17:51:32:493]	[RECV] A
[17:51:32:494]	[RECV] S7350142B
[17:51:32:495]	[OPER] ----- Result : Completed, Description : 
