[10:09:45:345]	[RECV] C00000020
[10:10:24:954]	[RECV] C00000100
[10:10:30:941]	[RECV] E153 ERR_SideDoorOpend
[11:24:01:898]	[RECV] C00000010
[11:24:06:434]	[RECV] C00000001
[11:25:01:716]	[RECV] M0000154F,00000000,00000000
[11:25:22:487]	[RECV] C00020000
[11:26:20:463]	[RECV] C00000020
[11:26:23:440]	[RECV] C00000010
[11:26:30:303]	[RECV] C00000002
[11:36:20:969]	[RECV] C00000020
[11:44:59:577]	[RECV] C00000010
[11:45:10:297]	[RECV] C00000001
[11:45:27:533]	[RECV] M0000154F,00000000,00000000
[11:51:11:548]	[RECV] C00000002
[11:51:11:693]	[RECV] C00000001
[11:51:11:694]	[RECV] C00000002
[11:51:17:974]	[RECV] C00000020
[12:23:47:110]	[RECV] C00000001
[12:24:14:582]	[RECV] C00000010
[12:24:44:284]	[RECV] M00000AAA,00000000,00000000
[12:26:56:019]	[RECV] C00000002
[12:27:13:251]	[RECV] C00000020
[12:29:07:005]	[RECV] C00000100
[12:29:26:890]	[RECV] C00000200
[12:41:10:361]	[RECV] C00000001
[12:41:28:034]	[RECV] C00000002
[14:05:45:824]	[OPER] ----- Initialize -----
[14:05:45:824]	[SEND] RESET
[14:05:45:872]	[RECV] A
[14:05:45:873]	[RECV] O
[14:05:45:876]	[SEND] HOM
[14:05:45:918]	[RECV] A
[14:06:03:001]	[RECV] O
[14:06:03:004]	[SEND] STATUS
[14:06:03:055]	[RECV] A
[14:06:03:056]	[RECV] S4150142B
[14:06:03:058]	[OPER] ----- Result : Completed, Description : 
[14:06:03:059]	[OPER] ----- ChangeToFoup -----
[14:06:03:059]	[SEND] RESET
[14:06:03:100]	[RECV] A
[14:06:03:101]	[RECV] O
[14:06:03:105]	[SEND] OC_MODE OFF
[14:06:03:154]	[RECV] A
[14:06:03:155]	[RECV] O
[14:06:03:159]	[SEND] STATUS
[14:06:03:210]	[RECV] A
[14:06:03:211]	[RECV] S4150142B
[14:06:03:212]	[OPER] ----- Result : Completed, Description : 
[14:06:51:986]	[RECV] C01000000
[14:53:56:887]	[RECV] C00000001
[14:54:30:676]	[RECV] C00000010
[14:55:01:495]	[RECV] M0000154F,00000000,00000000
[15:00:53:248]	[RECV] M0000154F,00000000,00000000
[15:00:55:306]	[RECV] C00000020
[15:01:01:042]	[RECV] C00000002
[15:09:44:894]	[OPER] ----- Initialize -----
[15:09:44:894]	[SEND] RESET
[15:09:45:724]	[RECV] A
[15:09:45:725]	[RECV] O
[15:09:45:901]	[SEND] HOM
[15:09:45:939]	[RECV] A
[15:10:03:024]	[RECV] O
[15:10:03:126]	[SEND] STATUS
[15:10:03:178]	[RECV] A
[15:10:03:179]	[RECV] S4150142B
[15:10:03:227]	[OPER] ----- Result : Completed, Description : 
[15:10:20:185]	[OPER] ----- ChangeToCassette -----
[15:10:20:185]	[SEND] RESET
[15:10:20:227]	[RECV] A
[15:10:20:228]	[RECV] O
[15:10:20:231]	[SEND] OC_MODE ON
[15:10:20:277]	[RECV] A
[15:10:23:428]	[RECV] O
[15:10:23:432]	[SEND] STATUS
[15:10:23:483]	[RECV] A
[15:10:23:484]	[RECV] S4350142B
[15:10:23:486]	[OPER] ----- Result : Completed, Description : 
[15:31:54:327]	[RECV] C00000010
[15:32:03:759]	[RECV] C00000001
[15:32:19:242]	[RECV] M00000AAA,00000000,00000000
[15:42:10:106]	[RECV] M00000AAA,00000000,00000000
[15:42:11:769]	[RECV] C00000020
[15:42:18:481]	[RECV] C00000002
[17:49:09:929]	[RECV] C00000001
[17:49:22:572]	[RECV] C00000002
[17:50:29:264]	[OPER] ----- Initialize -----
[17:50:29:264]	[SEND] RESET
[17:50:29:724]	[RECV] A
[17:50:29:725]	[RECV] O
[17:50:29:869]	[SEND] HOM
[17:50:29:906]	[RECV] A
[17:50:49:760]	[RECV] O
[17:50:49:914]	[SEND] STATUS
[17:50:49:966]	[RECV] A
[17:50:49:967]	[RECV] S4150142B
[17:50:50:015]	[OPER] ----- Result : Completed, Description : 
[17:50:56:961]	[OPER] ----- ChangeToFoup -----
[17:50:56:961]	[SEND] RESET
[17:50:57:003]	[RECV] A
[17:50:57:004]	[RECV] O
[17:50:57:007]	[SEND] OC_MODE OFF
[17:50:57:055]	[RECV] A
[17:50:57:056]	[RECV] O
[17:50:57:059]	[SEND] STATUS
[17:50:57:111]	[RECV] A
[17:50:57:112]	[RECV] S4150142B
[17:50:57:114]	[OPER] ----- Result : Completed, Description : 
[17:52:16:209]	[OPER] ----- Initialize -----
[17:52:16:209]	[SEND] RESET
[17:52:16:258]	[RECV] A
[17:52:16:259]	[RECV] O
[17:52:16:263]	[SEND] HOM
[17:52:16:303]	[RECV] A
[17:52:33:366]	[RECV] O
[17:52:33:369]	[SEND] STATUS
[17:52:33:420]	[RECV] A
[17:52:33:421]	[RECV] S4150142B
[17:52:33:422]	[OPER] ----- Result : Completed, Description : 
[17:52:33:423]	[OPER] ----- ChangeToFoup -----
[17:52:33:423]	[SEND] RESET
[17:52:33:466]	[RECV] A
[17:52:33:467]	[RECV] O
[17:52:33:471]	[SEND] OC_MODE OFF
[17:52:33:519]	[RECV] A
[17:52:33:520]	[RECV] O
[17:52:33:523]	[SEND] STATUS
[17:52:33:575]	[RECV] A
[17:52:33:576]	[RECV] S4150142B
[17:52:33:577]	[OPER] ----- Result : Completed, Description : 
[17:57:44:002]	[OPER] ----- Initialize -----
[17:57:44:002]	[SEND] RESET
[17:57:44:052]	[RECV] A
[17:57:44:053]	[RECV] O
[17:57:44:056]	[SEND] HOM
[17:57:44:094]	[RECV] A
[17:58:01:163]	[RECV] O
[17:58:01:167]	[SEND] STATUS
[17:58:01:218]	[RECV] A
[17:58:01:219]	[RECV] S4150142B
[17:58:01:220]	[OPER] ----- Result : Completed, Description : 
[17:58:01:221]	[OPER] ----- ChangeToFoup -----
[17:58:01:221]	[SEND] RESET
[17:58:01:263]	[RECV] A
[17:58:01:264]	[RECV] O
[17:58:01:267]	[SEND] OC_MODE OFF
[17:58:01:315]	[RECV] A
[17:58:01:316]	[RECV] O
[17:58:01:319]	[SEND] STATUS
[17:58:01:370]	[RECV] A
[17:58:01:371]	[RECV] S4150142B
[17:58:01:373]	[OPER] ----- Result : Completed, Description : 
[18:01:31:467]	[OPER] ----- Initialize -----
[18:01:31:467]	[SEND] RESET
[18:01:31:515]	[RECV] A
[18:01:31:516]	[RECV] O
[18:01:31:520]	[SEND] HOM
[18:01:31:558]	[RECV] A
[18:01:48:625]	[RECV] O
[18:01:48:629]	[SEND] STATUS
[18:01:48:681]	[RECV] A
[18:01:48:682]	[RECV] S4150142B
[18:01:48:683]	[OPER] ----- Result : Completed, Description : 
[18:01:48:684]	[OPER] ----- ChangeToFoup -----
[18:01:48:684]	[SEND] RESET
[18:01:48:725]	[RECV] A
[18:01:48:726]	[RECV] O
[18:01:48:729]	[SEND] OC_MODE OFF
[18:01:48:777]	[RECV] A
[18:01:48:778]	[RECV] O
[18:01:48:781]	[SEND] STATUS
[18:01:48:833]	[RECV] A
[18:01:48:834]	[RECV] S4150142B
[18:01:48:835]	[OPER] ----- Result : Completed, Description : 
[18:02:25:693]	[RECV] C01000000
