[14:46:20:096]	[OPER] ----- Initialize -----
[14:46:20:096]	[SEND] RESET
[14:46:20:143]	[RECV] A
[14:46:20:144]	[RECV] O
[14:46:20:147]	[SEND] HOM
[14:46:20:192]	[RECV] A
[14:46:31:884]	[RECV] O
[14:46:31:887]	[SEND] STATUS
[14:46:31:938]	[RECV] A
[14:46:31:939]	[RECV] S7350142B
[14:46:31:941]	[OPER] ----- Result : Completed, Description : 
[14:46:31:943]	[OPER] ----- ChangeToCassette -----
[14:46:31:944]	[SEND] RESET
[14:46:31:987]	[RECV] A
[14:46:31:988]	[RECV] O
[14:46:31:992]	[SEND] OC_MODE ON
[14:46:32:040]	[RECV] A
[14:46:32:041]	[RECV] O
[14:46:32:044]	[SEND] STATUS
[14:46:32:094]	[RECV] A
[14:46:32:095]	[RECV] S7350142B
[14:46:32:096]	[OPER] ----- Result : Completed, Description : 
[14:58:35:632]	[RECV] C00000020
[14:59:04:583]	[RECV] C00000010
[14:59:32:978]	[RECV] C00000004
[15:00:35:735]	[OPER] ----- Initialize -----
[15:00:35:735]	[SEND] RESET
[15:00:35:784]	[RECV] A
[15:00:35:785]	[RECV] O
[15:00:35:789]	[SEND] HOM
[15:00:35:829]	[RECV] A
[15:00:46:976]	[RECV] O
[15:00:46:980]	[SEND] STATUS
[15:00:47:033]	[RECV] A
[15:00:47:034]	[RECV] S7350142B
[15:00:47:036]	[OPER] ----- Result : Completed, Description : 
[15:00:47:039]	[OPER] ----- ChangeToCassette -----
[15:00:47:040]	[SEND] RESET
[15:00:47:082]	[RECV] A
[15:00:47:083]	[RECV] O
[15:00:47:087]	[SEND] OC_MODE ON
[15:00:47:134]	[RECV] A
[15:00:47:135]	[RECV] O
[15:00:47:139]	[SEND] STATUS
[15:00:47:191]	[RECV] A
[15:00:47:192]	[RECV] S7350142B
[15:00:47:193]	[OPER] ----- Result : Completed, Description : 
[15:00:59:267]	[RECV] C00000004
[15:01:23:883]	[RECV] C00000004
[15:03:19:310]	[RECV] C00000004
[15:03:21:003]	[OPER] ----- Clamp -----
[15:03:21:003]	[SEND] RESET
[15:03:21:047]	[RECV] A
[15:03:21:048]	[RECV] O
[15:03:21:052]	[SEND] POD_LOCK ON
[15:03:21:103]	[RECV] A
[15:03:21:104]	[RECV] O
[15:03:21:107]	[SEND] STATUS
[15:03:21:158]	[RECV] A
[15:03:21:159]	[RECV] S7350142B
[15:03:21:161]	[OPER] ----- Result : Completed, Description : 
[15:03:21:629]	[OPER] ----- Load -----
[15:03:21:630]	[SEND] RESET
[15:03:21:673]	[RECV] A
[15:03:21:674]	[RECV] O
[15:03:21:678]	[SEND] CFG_SLOTS
[15:03:21:725]	[RECV] A
[15:03:21:726]	[RECV] 13
[15:03:21:730]	[SEND] LOAD O
[15:03:21:772]	[RECV] A
[15:03:34:102]	[RECV] M00000002,00000000,00000000
[15:03:34:115]	[SEND] STATUS
[15:03:34:167]	[RECV] A
[15:03:34:168]	[RECV] S33500C27
[15:03:34:170]	[OPER] ----- Result : Completed, Description : 
[15:27:04:063]	[RECV] C00010000
[15:27:04:064]	[RECV] C00000010
[15:27:24:523]	[OPER] ----- Initialize -----
[15:27:24:523]	[SEND] RESET
[15:27:24:573]	[RECV] A
[15:27:24:574]	[RECV] O
[15:27:24:577]	[SEND] HOM
[15:27:24:618]	[RECV] A
[15:27:40:411]	[RECV] O
[15:27:40:414]	[SEND] STATUS
[15:27:40:466]	[RECV] A
[15:27:40:467]	[RECV] S7350142B
[15:27:40:468]	[OPER] ----- Result : Completed, Description : 
[15:27:40:469]	[OPER] ----- ChangeToCassette -----
[15:27:40:469]	[SEND] RESET
[15:27:40:512]	[RECV] A
[15:27:40:513]	[RECV] O
[15:27:40:517]	[SEND] OC_MODE ON
[15:27:40:565]	[RECV] A
[15:27:40:566]	[RECV] O
[15:27:40:569]	[SEND] STATUS
[15:27:40:621]	[RECV] A
[15:27:40:622]	[RECV] S7350142B
[15:27:40:624]	[OPER] ----- Result : Completed, Description : 
[15:29:15:767]	[RECV] C00000004
[15:29:17:478]	[OPER] ----- Clamp -----
[15:29:17:478]	[SEND] RESET
[15:29:17:521]	[RECV] A
[15:29:17:522]	[RECV] O
[15:29:17:526]	[SEND] POD_LOCK ON
[15:29:17:577]	[RECV] A
[15:29:17:578]	[RECV] O
[15:29:17:581]	[SEND] STATUS
[15:29:17:633]	[RECV] A
[15:29:17:634]	[RECV] S7350142B
[15:29:17:635]	[OPER] ----- Result : Completed, Description : 
[15:29:17:821]	[OPER] ----- Load -----
[15:29:17:821]	[SEND] RESET
[15:29:17:863]	[RECV] A
[15:29:17:864]	[RECV] O
[15:29:17:867]	[SEND] CFG_SLOTS
[15:29:17:915]	[RECV] A
[15:29:17:916]	[RECV] 13
[15:29:17:919]	[SEND] LOAD O
[15:29:17:960]	[RECV] A
[15:29:30:258]	[RECV] M00000000,00000000,00000000
[15:29:30:262]	[SEND] STATUS
[15:29:30:314]	[RECV] A
[15:29:30:315]	[RECV] S33500C27
[15:29:30:316]	[OPER] ----- Result : Completed, Description : 
[15:30:00:810]	[OPER] ----- Initialize -----
[15:30:00:810]	[SEND] RESET
[15:30:00:860]	[RECV] A
[15:30:00:861]	[RECV] O
[15:30:00:864]	[SEND] HOM
[15:30:00:905]	[RECV] A
[15:30:16:180]	[RECV] O
[15:30:16:184]	[SEND] STATUS
[15:30:16:236]	[RECV] A
[15:30:16:237]	[RECV] S7350142B
[15:30:16:239]	[OPER] ----- Result : Completed, Description : 
[15:30:16:240]	[OPER] ----- ChangeToCassette -----
[15:30:16:240]	[SEND] RESET
[15:30:16:282]	[RECV] A
[15:30:16:283]	[RECV] O
[15:30:16:286]	[SEND] OC_MODE ON
[15:30:16:333]	[RECV] A
[15:30:16:334]	[RECV] O
[15:30:16:338]	[SEND] STATUS
[15:30:16:389]	[RECV] A
[15:30:16:390]	[RECV] S7350142B
[15:30:16:392]	[OPER] ----- Result : Completed, Description : 
[15:30:59:521]	[RECV] C00000004
[15:31:02:507]	[OPER] ----- Clamp -----
[15:31:02:507]	[SEND] RESET
[15:31:02:548]	[RECV] A
[15:31:02:549]	[RECV] O
[15:31:02:553]	[SEND] POD_LOCK ON
[15:31:02:603]	[RECV] A
[15:31:02:604]	[RECV] O
[15:31:02:608]	[SEND] STATUS
[15:31:02:660]	[RECV] A
[15:31:02:661]	[RECV] S7350142B
[15:31:02:662]	[OPER] ----- Result : Completed, Description : 
[15:31:02:846]	[OPER] ----- Load -----
[15:31:02:846]	[SEND] RESET
[15:31:02:888]	[RECV] A
[15:31:02:889]	[RECV] O
[15:31:02:892]	[SEND] CFG_SLOTS
[15:31:02:940]	[RECV] A
[15:31:02:941]	[RECV] 13
[15:31:02:944]	[SEND] LOAD O
[15:31:02:983]	[RECV] A
[15:31:15:269]	[RECV] M00000000,00000000,00000000
[15:31:15:272]	[SEND] STATUS
[15:31:15:322]	[RECV] A
[15:31:15:323]	[RECV] S33500C27
[15:31:15:325]	[OPER] ----- Result : Completed, Description : 
