[16:15:53:565]	[OPER] Start> Initialize
[16:15:53:565]	[SEND] RESET
[16:15:53:613]	[RECV] A
[16:15:53:614]	[RECV] O
[16:15:53:616]	[SEND] HOM
[16:15:53:662]	[RECV] A
[16:16:04:715]	[RECV] O
[16:16:04:718]	[SEND] STATUS
[16:16:04:770]	[RECV] A
[16:16:04:771]	[RECV] S7350142B
[16:16:04:772]	[OPER] End> Initialize, Result : Completed
[16:16:04:774]	[OPER] Start> ChangeToCassette
[16:16:04:775]	[SEND] RESET
[16:16:04:817]	[RECV] A
[16:16:04:818]	[RECV] O
[16:16:04:821]	[SEND] OC_MODE ON
[16:16:04:869]	[RECV] A
[16:16:04:870]	[RECV] O
[16:16:04:873]	[SEND] STATUS
[16:16:04:925]	[RECV] A
[16:16:04:926]	[RECV] S7350142B
[16:16:04:927]	[OPER] End> ChangeToCassette, Result : Completed
[16:16:17:989]	[OPER] Start> Clamp
[16:16:17:989]	[SEND] RESET
[16:16:18:036]	[RECV] A
[16:16:18:037]	[RECV] O
[16:16:18:039]	[SEND] POD_LOCK ON
[16:16:18:095]	[RECV] A
[16:16:18:096]	[RECV] O
[16:16:18:099]	[SEND] STATUS
[16:16:18:150]	[RECV] A
[16:16:18:151]	[RECV] S7350142B
[16:16:18:152]	[OPER] End> Clamp, Result : Completed
[16:16:19:188]	[OPER] Start> Load
[16:16:19:188]	[SEND] RESET
[16:16:19:234]	[RECV] A
[16:16:19:235]	[RECV] O
[16:16:19:238]	[SEND] CFG_SLOTS
[16:16:19:288]	[RECV] A
[16:16:19:289]	[RECV] 13
[16:16:19:293]	[SEND] LOAD O
[16:16:19:336]	[RECV] A
[16:16:31:455]	[RECV] M00000000,00000000,00000000
[16:16:31:458]	[SEND] STATUS
[16:16:31:510]	[RECV] A
[16:16:31:511]	[RECV] S33500C27
[16:16:31:512]	[OPER] End> Load, Result : Completed
[16:28:38:089]	[OPER] Start> Unload
[16:28:38:089]	[SEND] RESET
[16:28:38:133]	[RECV] A
[16:28:38:134]	[RECV] O
[16:28:38:137]	[SEND] CFG_SLOTS
[16:28:38:186]	[RECV] A
[16:28:38:187]	[RECV] 13
[16:28:38:191]	[SEND] UNLOAD O
[16:28:38:235]	[RECV] A
[16:28:45:475]	[RECV] M00000000,00000000,00000000
[16:28:45:479]	[SEND] STATUS
[16:28:45:531]	[RECV] A
[16:28:45:532]	[RECV] S7350142B
[16:28:45:533]	[OPER] End> Unload, Result : Completed
[16:28:47:551]	[OPER] Start> Clamp
[16:28:47:551]	[SEND] RESET
[16:28:47:594]	[RECV] A
[16:28:47:595]	[RECV] O
[16:28:47:599]	[SEND] POD_LOCK ON
[16:28:47:651]	[RECV] A
[16:28:47:652]	[RECV] O
[16:28:47:655]	[SEND] STATUS
[16:28:47:707]	[RECV] A
[16:28:47:708]	[RECV] S7350142B
[16:28:47:710]	[OPER] End> Clamp, Result : Completed
[16:28:47:895]	[OPER] Start> Load
[16:28:47:895]	[SEND] RESET
[16:28:47:939]	[RECV] A
[16:28:47:940]	[RECV] O
[16:28:47:943]	[SEND] CFG_SLOTS
[16:28:47:991]	[RECV] A
[16:28:47:992]	[RECV] 13
[16:28:47:995]	[SEND] LOAD O
[16:28:48:037]	[RECV] A
[16:29:00:111]	[RECV] M00000000,00000000,00000000
[16:29:00:115]	[SEND] STATUS
[16:29:00:167]	[RECV] A
[16:29:00:168]	[RECV] S33500C27
[16:29:00:169]	[OPER] End> Load, Result : Completed
[16:41:18:686]	[OPER] Start> Unload
[16:41:18:686]	[SEND] RESET
[16:41:18:729]	[RECV] A
[16:41:18:730]	[RECV] O
[16:41:18:733]	[SEND] CFG_SLOTS
[16:41:18:781]	[RECV] A
[16:41:18:782]	[RECV] 13
[16:41:18:785]	[SEND] UNLOAD O
[16:41:18:829]	[RECV] A
[16:41:26:069]	[RECV] M00000000,00000000,00000000
[16:41:26:073]	[SEND] STATUS
[16:41:26:125]	[RECV] A
[16:41:26:126]	[RECV] S7350142B
[16:41:26:127]	[OPER] End> Unload, Result : Completed
[16:41:28:143]	[OPER] Start> Clamp
[16:41:28:143]	[SEND] RESET
[16:41:28:185]	[RECV] A
[16:41:28:186]	[RECV] O
[16:41:28:189]	[SEND] POD_LOCK ON
[16:41:28:241]	[RECV] A
[16:41:28:242]	[RECV] O
[16:41:28:245]	[SEND] STATUS
[16:41:28:298]	[RECV] A
[16:41:28:299]	[RECV] S7350142B
[16:41:28:301]	[OPER] End> Clamp, Result : Completed
[16:41:28:486]	[OPER] Start> Load
[16:41:28:486]	[SEND] RESET
[16:41:28:529]	[RECV] A
[16:41:28:530]	[RECV] O
[16:41:28:532]	[SEND] CFG_SLOTS
[16:41:28:581]	[RECV] A
[16:41:28:582]	[RECV] 13
[16:41:28:585]	[SEND] LOAD O
[16:41:28:627]	[RECV] A
[16:41:40:703]	[RECV] M00000000,00000000,00000000
[16:41:40:707]	[SEND] STATUS
[16:41:40:760]	[RECV] A
[16:41:40:761]	[RECV] S33500C27
[16:41:40:763]	[OPER] End> Load, Result : Completed
[16:42:36:233]	[OPER] Start> Unload
[16:42:36:233]	[SEND] RESET
[16:42:36:283]	[RECV] A
[16:42:36:284]	[RECV] O
[16:42:36:287]	[SEND] CFG_SLOTS
[16:42:36:339]	[RECV] A
[16:42:36:340]	[RECV] 13
[16:42:36:343]	[SEND] UNLOAD O
[16:42:36:388]	[RECV] A
[16:42:43:648]	[RECV] M00000000,00000000,00000000
[16:42:43:652]	[SEND] STATUS
[16:42:43:703]	[RECV] A
[16:42:43:704]	[RECV] S7350142B
[16:42:43:706]	[OPER] End> Unload, Result : Completed
[16:45:06:328]	[OPER] Start> Initialize
[16:45:06:328]	[SEND] RESET
[16:45:06:377]	[RECV] A
[16:45:06:378]	[RECV] O
[16:45:06:381]	[SEND] HOM
[16:45:06:424]	[RECV] A
[16:45:17:477]	[RECV] O
[16:45:17:480]	[SEND] STATUS
[16:45:17:531]	[RECV] A
[16:45:17:532]	[RECV] S7350142B
[16:45:17:534]	[OPER] End> Initialize, Result : Completed
[16:45:17:537]	[OPER] Start> ChangeToCassette
[16:45:17:537]	[SEND] RESET
[16:45:17:580]	[RECV] A
[16:45:17:581]	[RECV] O
[16:45:17:585]	[SEND] OC_MODE ON
[16:45:17:632]	[RECV] A
[16:45:17:633]	[RECV] O
[16:45:17:636]	[SEND] STATUS
[16:45:17:687]	[RECV] A
[16:45:17:688]	[RECV] S7350142B
[16:45:17:689]	[OPER] End> ChangeToCassette, Result : Completed
[16:45:45:485]	[OPER] Start> Clamp
[16:45:45:485]	[SEND] RESET
[16:45:45:537]	[RECV] A
[16:45:45:539]	[RECV] O
[16:45:45:543]	[SEND] POD_LOCK ON
[16:45:45:607]	[RECV] A
[16:45:45:608]	[RECV] O
[16:45:45:612]	[SEND] STATUS
[16:45:45:941]	[RECV] A
[16:45:45:943]	[RECV] S7350142B
[16:45:45:945]	[OPER] End> Clamp, Result : Completed
[16:45:46:672]	[OPER] Start> Load
[16:45:46:672]	[SEND] RESET
[16:45:46:715]	[RECV] A
[16:45:46:716]	[RECV] O
[16:45:46:720]	[SEND] CFG_SLOTS
[16:45:46:768]	[RECV] A
[16:45:46:769]	[RECV] 13
[16:45:46:773]	[SEND] LOAD O
[16:45:46:815]	[RECV] A
[16:45:58:940]	[RECV] M00000000,00000000,00000000
[16:45:58:944]	[SEND] STATUS
[16:45:58:996]	[RECV] A
[16:45:58:997]	[RECV] S33500C27
[16:45:58:997]	[OPER] End> Load, Result : Completed
[16:58:03:096]	[OPER] Start> Unload
[16:58:03:096]	[SEND] RESET
[16:58:03:140]	[RECV] A
[16:58:03:141]	[RECV] O
[16:58:03:145]	[SEND] CFG_SLOTS
[16:58:03:193]	[RECV] A
[16:58:03:194]	[RECV] 13
[16:58:03:198]	[SEND] UNLOAD O
[16:58:03:241]	[RECV] A
[16:58:10:478]	[RECV] M00000000,00000000,00000000
[16:58:10:481]	[SEND] STATUS
[16:58:10:533]	[RECV] A
[16:58:10:534]	[RECV] S7350142B
[16:58:10:535]	[OPER] End> Unload, Result : Completed
[16:58:12:553]	[OPER] Start> Clamp
[16:58:12:553]	[SEND] RESET
[16:58:12:595]	[RECV] A
[16:58:12:596]	[RECV] O
[16:58:12:600]	[SEND] POD_LOCK ON
[16:58:12:652]	[RECV] A
[16:58:12:653]	[RECV] O
[16:58:12:656]	[SEND] STATUS
[16:58:12:708]	[RECV] A
[16:58:12:709]	[RECV] S7350142B
[16:58:12:711]	[OPER] End> Clamp, Result : Completed
[16:58:12:896]	[OPER] Start> Load
[16:58:12:896]	[SEND] RESET
[16:58:12:938]	[RECV] A
[16:58:12:939]	[RECV] O
[16:58:12:941]	[SEND] CFG_SLOTS
[16:58:12:987]	[RECV] A
[16:58:12:988]	[RECV] 13
[16:58:12:992]	[SEND] LOAD O
[16:58:13:034]	[RECV] A
[16:58:25:104]	[RECV] M00000000,00000000,00000000
[16:58:25:107]	[SEND] STATUS
[16:58:25:158]	[RECV] A
[16:58:25:159]	[RECV] S33500C27
[16:58:25:162]	[OPER] End> Load, Result : Completed
[17:10:39:103]	[OPER] Start> Unload
[17:10:39:103]	[SEND] RESET
[17:10:39:146]	[RECV] A
[17:10:39:147]	[RECV] O
[17:10:39:149]	[SEND] CFG_SLOTS
[17:10:39:197]	[RECV] A
[17:10:39:198]	[RECV] 13
[17:10:39:201]	[SEND] UNLOAD O
[17:10:39:245]	[RECV] A
[17:10:46:481]	[RECV] M00000000,00000000,00000000
[17:10:46:485]	[SEND] STATUS
[17:10:46:537]	[RECV] A
[17:10:46:538]	[RECV] S7350142B
[17:10:46:539]	[OPER] End> Unload, Result : Completed
[17:10:48:554]	[OPER] Start> Clamp
[17:10:48:554]	[SEND] RESET
[17:10:48:597]	[RECV] A
[17:10:48:598]	[RECV] O
[17:10:48:600]	[SEND] POD_LOCK ON
[17:10:48:651]	[RECV] A
[17:10:48:652]	[RECV] O
[17:10:48:656]	[SEND] STATUS
[17:10:48:707]	[RECV] A
[17:10:48:708]	[RECV] S7350142B
[17:10:48:708]	[OPER] End> Clamp, Result : Completed
[17:10:48:891]	[OPER] Start> Load
[17:10:48:891]	[SEND] RESET
[17:10:48:934]	[RECV] A
[17:10:48:935]	[RECV] O
[17:10:48:939]	[SEND] CFG_SLOTS
[17:10:48:987]	[RECV] A
[17:10:48:988]	[RECV] 13
[17:10:48:991]	[SEND] LOAD O
[17:10:49:032]	[RECV] A
[17:11:01:103]	[RECV] M00000000,00000000,00000000
[17:11:01:106]	[SEND] STATUS
[17:11:01:156]	[RECV] A
[17:11:01:157]	[RECV] S33500C27
[17:11:01:158]	[OPER] End> Load, Result : Completed
[17:23:21:055]	[OPER] Start> Unload
[17:23:21:055]	[SEND] RESET
[17:23:21:098]	[RECV] A
[17:23:21:099]	[RECV] O
[17:23:21:101]	[SEND] CFG_SLOTS
[17:23:21:149]	[RECV] A
[17:23:21:150]	[RECV] 13
[17:23:21:153]	[SEND] UNLOAD O
[17:23:21:195]	[RECV] A
[17:23:28:435]	[RECV] M00000000,00000000,00000000
[17:23:28:439]	[SEND] STATUS
[17:23:28:491]	[RECV] A
[17:23:28:492]	[RECV] S7350142B
[17:23:28:493]	[OPER] End> Unload, Result : Completed
[17:23:30:509]	[OPER] Start> Clamp
[17:23:30:509]	[SEND] RESET
[17:23:30:552]	[RECV] A
[17:23:30:553]	[RECV] O
[17:23:30:556]	[SEND] POD_LOCK ON
[17:23:30:607]	[RECV] A
[17:23:30:608]	[RECV] O
[17:23:30:611]	[SEND] STATUS
[17:23:30:661]	[RECV] A
[17:23:30:662]	[RECV] S7350142B
[17:23:30:664]	[OPER] End> Clamp, Result : Completed
[17:23:30:849]	[OPER] Start> Load
[17:23:30:849]	[SEND] RESET
[17:23:30:892]	[RECV] A
[17:23:30:893]	[RECV] O
[17:23:30:896]	[SEND] CFG_SLOTS
[17:23:30:943]	[RECV] A
[17:23:30:944]	[RECV] 13
[17:23:30:947]	[SEND] LOAD O
[17:23:30:988]	[RECV] A
[17:23:43:074]	[RECV] M00000000,00000000,00000000
[17:23:43:078]	[SEND] STATUS
[17:23:43:130]	[RECV] A
[17:23:43:131]	[RECV] S33500C27
[17:23:43:132]	[OPER] End> Load, Result : Completed
[17:35:40:718]	[OPER] Start> Unload
[17:35:40:718]	[SEND] RESET
[17:35:40:761]	[RECV] A
[17:35:40:762]	[RECV] O
[17:35:40:765]	[SEND] CFG_SLOTS
[17:35:40:814]	[RECV] A
[17:35:40:815]	[RECV] 13
[17:35:40:817]	[SEND] UNLOAD O
[17:35:40:861]	[RECV] A
[17:35:48:108]	[RECV] M00000000,00000000,00000000
[17:35:48:112]	[SEND] STATUS
[17:35:48:163]	[RECV] A
[17:35:48:164]	[RECV] S7350142B
[17:35:48:164]	[OPER] End> Unload, Result : Completed
[17:35:50:180]	[OPER] Start> Clamp
[17:35:50:180]	[SEND] RESET
[17:35:50:222]	[RECV] A
[17:35:50:223]	[RECV] O
[17:35:50:227]	[SEND] POD_LOCK ON
[17:35:50:279]	[RECV] A
[17:35:50:280]	[RECV] O
[17:35:50:284]	[SEND] STATUS
[17:35:50:336]	[RECV] A
[17:35:50:337]	[RECV] S7350142B
[17:35:50:338]	[OPER] End> Clamp, Result : Completed
[17:35:50:522]	[OPER] Start> Load
[17:35:50:522]	[SEND] RESET
[17:35:50:564]	[RECV] A
[17:35:50:565]	[RECV] O
[17:35:50:569]	[SEND] CFG_SLOTS
[17:35:50:617]	[RECV] A
[17:35:50:618]	[RECV] 13
[17:35:50:621]	[SEND] LOAD O
[17:35:50:662]	[RECV] A
[17:36:02:752]	[RECV] M00000000,00000000,00000000
[17:36:02:756]	[SEND] STATUS
[17:36:02:808]	[RECV] A
[17:36:02:809]	[RECV] S33500C27
[17:36:02:810]	[OPER] End> Load, Result : Completed
[17:48:23:642]	[OPER] Start> Unload
[17:48:23:642]	[SEND] RESET
[17:48:23:684]	[RECV] A
[17:48:23:685]	[RECV] O
[17:48:23:689]	[SEND] CFG_SLOTS
[17:48:23:737]	[RECV] A
[17:48:23:738]	[RECV] 13
[17:48:23:741]	[SEND] UNLOAD O
[17:48:23:785]	[RECV] A
[17:48:31:025]	[RECV] M00000000,00000000,00000000
[17:48:31:028]	[SEND] STATUS
[17:48:31:080]	[RECV] A
[17:48:31:081]	[RECV] S7350142B
[17:48:31:081]	[OPER] End> Unload, Result : Completed
[17:48:33:096]	[OPER] Start> Clamp
[17:48:33:096]	[SEND] RESET
[17:48:33:139]	[RECV] A
[17:48:33:140]	[RECV] O
[17:48:33:143]	[SEND] POD_LOCK ON
[17:48:33:196]	[RECV] A
[17:48:33:197]	[RECV] O
[17:48:33:199]	[SEND] STATUS
[17:48:33:252]	[RECV] A
[17:48:33:253]	[RECV] S7350142B
[17:48:33:255]	[OPER] End> Clamp, Result : Completed
[17:48:33:439]	[OPER] Start> Load
[17:48:33:439]	[SEND] RESET
[17:48:33:481]	[RECV] A
[17:48:33:482]	[RECV] O
[17:48:33:485]	[SEND] CFG_SLOTS
[17:48:33:533]	[RECV] A
[17:48:33:534]	[RECV] 13
[17:48:33:537]	[SEND] LOAD O
[17:48:33:578]	[RECV] A
[17:48:45:672]	[RECV] M00000000,00000000,00000000
[17:48:45:675]	[SEND] STATUS
[17:48:45:727]	[RECV] A
[17:48:45:728]	[RECV] S33500C27
[17:48:45:728]	[OPER] End> Load, Result : Completed
[18:00:40:105]	[OPER] Start> Unload
[18:00:40:105]	[SEND] RESET
[18:00:40:149]	[RECV] A
[18:00:40:150]	[RECV] O
[18:00:40:154]	[SEND] CFG_SLOTS
[18:00:40:202]	[RECV] A
[18:00:40:203]	[RECV] 13
[18:00:40:206]	[SEND] UNLOAD O
[18:00:40:250]	[RECV] A
[18:00:47:487]	[RECV] M00000000,00000000,00000000
[18:00:47:490]	[SEND] STATUS
[18:00:47:541]	[RECV] A
[18:00:47:542]	[RECV] S7350142B
[18:00:47:543]	[OPER] End> Unload, Result : Completed
[18:00:49:560]	[OPER] Start> Clamp
[18:00:49:560]	[SEND] RESET
[18:00:49:602]	[RECV] A
[18:00:49:603]	[RECV] O
[18:00:49:606]	[SEND] POD_LOCK ON
[18:00:49:657]	[RECV] A
[18:00:49:658]	[RECV] O
[18:00:49:662]	[SEND] STATUS
[18:00:49:714]	[RECV] A
[18:00:49:715]	[RECV] S7350142B
[18:00:49:717]	[OPER] End> Clamp, Result : Completed
[18:00:49:900]	[OPER] Start> Load
[18:00:49:900]	[SEND] RESET
[18:00:49:943]	[RECV] A
[18:00:49:944]	[RECV] O
[18:00:49:948]	[SEND] CFG_SLOTS
[18:00:49:995]	[RECV] A
[18:00:49:996]	[RECV] 13
[18:00:49:998]	[SEND] LOAD O
[18:00:50:039]	[RECV] A
[18:01:02:117]	[RECV] M00000000,00000000,00000000
[18:01:02:121]	[SEND] STATUS
[18:01:02:173]	[RECV] A
[18:01:02:174]	[RECV] S33500C27
[18:01:02:175]	[OPER] End> Load, Result : Completed
[18:13:16:627]	[OPER] Start> Unload
[18:13:16:627]	[SEND] RESET
[18:13:16:669]	[RECV] A
[18:13:16:670]	[RECV] O
[18:13:16:674]	[SEND] CFG_SLOTS
[18:13:16:722]	[RECV] A
[18:13:16:723]	[RECV] 13
[18:13:16:726]	[SEND] UNLOAD O
[18:13:16:769]	[RECV] A
[18:13:24:008]	[RECV] M00000000,00000000,00000000
[18:13:24:011]	[SEND] STATUS
[18:13:24:064]	[RECV] A
[18:13:24:065]	[RECV] S7350142B
[18:13:24:066]	[OPER] End> Unload, Result : Completed
[18:13:26:082]	[OPER] Start> Clamp
[18:13:26:082]	[SEND] RESET
[18:13:26:124]	[RECV] A
[18:13:26:125]	[RECV] O
[18:13:26:127]	[SEND] POD_LOCK ON
[18:13:26:178]	[RECV] A
[18:13:26:179]	[RECV] O
[18:13:26:181]	[SEND] STATUS
[18:13:26:233]	[RECV] A
[18:13:26:234]	[RECV] S7350142B
[18:13:26:235]	[OPER] End> Clamp, Result : Completed
[18:13:26:419]	[OPER] Start> Load
[18:13:26:419]	[SEND] RESET
[18:13:26:462]	[RECV] A
[18:13:26:463]	[RECV] O
[18:13:26:465]	[SEND] CFG_SLOTS
[18:13:26:512]	[RECV] A
[18:13:26:513]	[RECV] 13
[18:13:26:515]	[SEND] LOAD O
[18:13:26:556]	[RECV] A
[18:13:38:637]	[RECV] M00000000,00000000,00000000
[18:13:38:640]	[SEND] STATUS
[18:13:38:692]	[RECV] A
[18:13:38:693]	[RECV] S33500C27
[18:13:38:693]	[OPER] End> Load, Result : Completed
[18:25:33:202]	[OPER] Start> Unload
[18:25:33:202]	[SEND] RESET
[18:25:33:244]	[RECV] A
[18:25:33:245]	[RECV] O
[18:25:33:249]	[SEND] CFG_SLOTS
[18:25:33:296]	[RECV] A
[18:25:33:297]	[RECV] 13
[18:25:33:300]	[SEND] UNLOAD O
[18:25:33:343]	[RECV] A
[18:25:40:582]	[RECV] M00000000,00000000,00000000
[18:25:40:586]	[SEND] STATUS
[18:25:40:638]	[RECV] A
[18:25:40:639]	[RECV] S7350142B
[18:25:40:640]	[OPER] End> Unload, Result : Completed
[18:25:42:657]	[OPER] Start> Clamp
[18:25:42:657]	[SEND] RESET
[18:25:42:699]	[RECV] A
[18:25:42:700]	[RECV] O
[18:25:42:704]	[SEND] POD_LOCK ON
[18:25:42:754]	[RECV] A
[18:25:42:755]	[RECV] O
[18:25:42:758]	[SEND] STATUS
[18:25:42:811]	[RECV] A
[18:25:42:812]	[RECV] S7350142B
[18:25:42:813]	[OPER] End> Clamp, Result : Completed
[18:25:42:997]	[OPER] Start> Load
[18:25:42:997]	[SEND] RESET
[18:25:43:039]	[RECV] A
[18:25:43:040]	[RECV] O
[18:25:43:043]	[SEND] CFG_SLOTS
[18:25:43:091]	[RECV] A
[18:25:43:092]	[RECV] 13
[18:25:43:095]	[SEND] LOAD O
[18:25:43:135]	[RECV] A
[18:25:55:207]	[RECV] M00000000,00000000,00000000
[18:25:55:211]	[SEND] STATUS
[18:25:55:263]	[RECV] A
[18:25:55:264]	[RECV] S33500C27
[18:25:55:265]	[OPER] End> Load, Result : Completed
[18:38:15:003]	[OPER] Start> Unload
[18:38:15:003]	[SEND] RESET
[18:38:15:045]	[RECV] A
[18:38:15:046]	[RECV] O
[18:38:15:049]	[SEND] CFG_SLOTS
[18:38:15:096]	[RECV] A
[18:38:15:097]	[RECV] 13
[18:38:15:100]	[SEND] UNLOAD O
[18:38:15:144]	[RECV] A
[18:38:22:383]	[RECV] M00000000,00000000,00000000
[18:38:22:386]	[SEND] STATUS
[18:38:22:438]	[RECV] A
[18:38:22:439]	[RECV] S7350142B
[18:38:22:440]	[OPER] End> Unload, Result : Completed
[18:38:24:457]	[OPER] Start> Clamp
[18:38:24:457]	[SEND] RESET
[18:38:24:500]	[RECV] A
[18:38:24:501]	[RECV] O
[18:38:24:505]	[SEND] POD_LOCK ON
[18:38:24:555]	[RECV] A
[18:38:24:556]	[RECV] O
[18:38:24:560]	[SEND] STATUS
[18:38:24:611]	[RECV] A
[18:38:24:612]	[RECV] S7350142B
[18:38:24:612]	[OPER] End> Clamp, Result : Completed
[18:38:24:797]	[OPER] Start> Load
[18:38:24:797]	[SEND] RESET
[18:38:24:840]	[RECV] A
[18:38:24:841]	[RECV] O
[18:38:24:845]	[SEND] CFG_SLOTS
[18:38:24:892]	[RECV] A
[18:38:24:893]	[RECV] 13
[18:38:24:896]	[SEND] LOAD O
[18:38:24:938]	[RECV] A
[18:38:37:021]	[RECV] M00000000,00000000,00000000
[18:38:37:025]	[SEND] STATUS
[18:38:37:078]	[RECV] A
[18:38:37:079]	[RECV] S33500C27
[18:38:37:079]	[OPER] End> Load, Result : Completed
[18:50:37:208]	[OPER] Start> Unload
[18:50:37:208]	[SEND] RESET
[18:50:37:250]	[RECV] A
[18:50:37:251]	[RECV] O
[18:50:37:254]	[SEND] CFG_SLOTS
[18:50:37:303]	[RECV] A
[18:50:37:304]	[RECV] 13
[18:50:37:308]	[SEND] UNLOAD O
[18:50:37:352]	[RECV] A
[18:50:44:591]	[RECV] M00000000,00000000,00000000
[18:50:44:594]	[SEND] STATUS
[18:50:44:646]	[RECV] A
[18:50:44:647]	[RECV] S7350142B
[18:50:44:648]	[OPER] End> Unload, Result : Completed
[18:50:46:663]	[OPER] Start> Clamp
[18:50:46:663]	[SEND] RESET
[18:50:46:705]	[RECV] A
[18:50:46:706]	[RECV] O
[18:50:46:709]	[SEND] POD_LOCK ON
[18:50:46:760]	[RECV] A
[18:50:46:761]	[RECV] O
[18:50:46:763]	[SEND] STATUS
[18:50:46:817]	[RECV] A
[18:50:46:818]	[RECV] S7350142B
[18:50:46:819]	[OPER] End> Clamp, Result : Completed
[18:50:47:002]	[OPER] Start> Load
[18:50:47:002]	[SEND] RESET
[18:50:47:045]	[RECV] A
[18:50:47:046]	[RECV] O
[18:50:47:048]	[SEND] CFG_SLOTS
[18:50:47:096]	[RECV] A
[18:50:47:097]	[RECV] 13
[18:50:47:100]	[SEND] LOAD O
[18:50:47:141]	[RECV] A
[18:50:59:210]	[RECV] M00000000,00000000,00000000
[18:50:59:214]	[SEND] STATUS
[18:50:59:266]	[RECV] A
[18:50:59:267]	[RECV] S33500C27
[18:50:59:268]	[OPER] End> Load, Result : Completed
[19:03:23:360]	[OPER] Start> Unload
[19:03:23:360]	[SEND] RESET
[19:03:23:403]	[RECV] A
[19:03:23:404]	[RECV] O
[19:03:23:407]	[SEND] CFG_SLOTS
[19:03:23:456]	[RECV] A
[19:03:23:457]	[RECV] 13
[19:03:23:460]	[SEND] UNLOAD O
[19:03:23:504]	[RECV] A
[19:03:30:740]	[RECV] M00000000,00000000,00000000
[19:03:30:744]	[SEND] STATUS
[19:03:30:797]	[RECV] A
[19:03:30:798]	[RECV] S7350142B
[19:03:30:798]	[OPER] End> Unload, Result : Completed
[19:03:32:815]	[OPER] Start> Clamp
[19:03:32:815]	[SEND] RESET
[19:03:32:859]	[RECV] A
[19:03:32:860]	[RECV] O
[19:03:32:863]	[SEND] POD_LOCK ON
[19:03:32:915]	[RECV] A
[19:03:32:916]	[RECV] O
[19:03:32:919]	[SEND] STATUS
[19:03:32:970]	[RECV] A
[19:03:32:971]	[RECV] S7350142B
[19:03:32:971]	[OPER] End> Clamp, Result : Completed
[19:03:33:156]	[OPER] Start> Load
[19:03:33:156]	[SEND] RESET
[19:03:33:200]	[RECV] A
[19:03:33:201]	[RECV] O
[19:03:33:205]	[SEND] CFG_SLOTS
[19:03:33:252]	[RECV] A
[19:03:33:253]	[RECV] 13
[19:03:33:256]	[SEND] LOAD O
[19:03:33:298]	[RECV] A
[19:03:45:380]	[RECV] M00000000,00000000,00000000
[19:03:45:383]	[SEND] STATUS
[19:03:45:435]	[RECV] A
[19:03:45:436]	[RECV] S33500C27
[19:03:45:437]	[OPER] End> Load, Result : Completed
[19:15:46:592]	[OPER] Start> Unload
[19:15:46:592]	[SEND] RESET
[19:15:46:635]	[RECV] A
[19:15:46:636]	[RECV] O
[19:15:46:639]	[SEND] CFG_SLOTS
[19:15:46:686]	[RECV] A
[19:15:46:687]	[RECV] 13
[19:15:46:690]	[SEND] UNLOAD O
[19:15:46:735]	[RECV] A
[19:15:53:975]	[RECV] M00000000,00000000,00000000
[19:15:53:979]	[SEND] STATUS
[19:15:54:031]	[RECV] A
[19:15:54:032]	[RECV] S7350142B
[19:15:54:034]	[OPER] End> Unload, Result : Completed
[19:15:56:049]	[OPER] Start> Clamp
[19:15:56:049]	[SEND] RESET
[19:15:56:092]	[RECV] A
[19:15:56:093]	[RECV] O
[19:15:56:096]	[SEND] POD_LOCK ON
[19:15:56:149]	[RECV] A
[19:15:56:150]	[RECV] O
[19:15:56:154]	[SEND] STATUS
[19:15:56:207]	[RECV] A
[19:15:56:208]	[RECV] S7350142B
[19:15:56:208]	[OPER] End> Clamp, Result : Completed
[19:15:56:392]	[OPER] Start> Load
[19:15:56:392]	[SEND] RESET
[19:15:56:434]	[RECV] A
[19:15:56:435]	[RECV] O
[19:15:56:437]	[SEND] CFG_SLOTS
[19:15:56:485]	[RECV] A
[19:15:56:486]	[RECV] 13
[19:15:56:489]	[SEND] LOAD O
[19:15:56:530]	[RECV] A
[19:16:08:601]	[RECV] M00000000,00000000,00000000
[19:16:08:605]	[SEND] STATUS
[19:16:08:658]	[RECV] A
[19:16:08:659]	[RECV] S33500C27
[19:16:08:660]	[OPER] End> Load, Result : Completed
[19:28:31:498]	[OPER] Start> Unload
[19:28:31:498]	[SEND] RESET
[19:28:31:540]	[RECV] A
[19:28:31:541]	[RECV] O
[19:28:31:545]	[SEND] CFG_SLOTS
[19:28:31:592]	[RECV] A
[19:28:31:593]	[RECV] 13
[19:28:31:597]	[SEND] UNLOAD O
[19:28:31:641]	[RECV] A
[19:28:38:880]	[RECV] M00000000,00000000,00000000
[19:28:38:884]	[SEND] STATUS
[19:28:38:936]	[RECV] A
[19:28:38:937]	[RECV] S7350142B
[19:28:38:937]	[OPER] End> Unload, Result : Completed
[19:28:40:952]	[OPER] Start> Clamp
[19:28:40:952]	[SEND] RESET
[19:28:40:995]	[RECV] A
[19:28:40:996]	[RECV] O
[19:28:40:999]	[SEND] POD_LOCK ON
[19:28:41:052]	[RECV] A
[19:28:41:053]	[RECV] O
[19:28:41:056]	[SEND] STATUS
[19:28:41:107]	[RECV] A
[19:28:41:108]	[RECV] S7350142B
[19:28:41:110]	[OPER] End> Clamp, Result : Completed
[19:28:41:295]	[OPER] Start> Load
[19:28:41:295]	[SEND] RESET
[19:28:41:338]	[RECV] A
[19:28:41:339]	[RECV] O
[19:28:41:342]	[SEND] CFG_SLOTS
[19:28:41:390]	[RECV] A
[19:28:41:391]	[RECV] 13
[19:28:41:394]	[SEND] LOAD O
[19:28:41:436]	[RECV] A
[19:28:53:527]	[RECV] M00000000,00000000,00000000
[19:28:53:531]	[SEND] STATUS
[19:28:53:583]	[RECV] A
[19:28:53:584]	[RECV] S33500C27
[19:28:53:584]	[OPER] End> Load, Result : Completed
[19:40:50:892]	[OPER] Start> Unload
[19:40:50:892]	[SEND] RESET
[19:40:50:933]	[RECV] A
[19:40:50:934]	[RECV] O
[19:40:50:938]	[SEND] CFG_SLOTS
[19:40:50:986]	[RECV] A
[19:40:50:987]	[RECV] 13
[19:40:50:989]	[SEND] UNLOAD O
[19:40:51:033]	[RECV] A
[19:40:58:275]	[RECV] M00000000,00000000,00000000
[19:40:58:279]	[SEND] STATUS
[19:40:58:331]	[RECV] A
[19:40:58:332]	[RECV] S7350142B
[19:40:58:333]	[OPER] End> Unload, Result : Completed
[19:41:00:350]	[OPER] Start> Clamp
[19:41:00:350]	[SEND] RESET
[19:41:00:393]	[RECV] A
[19:41:00:394]	[RECV] O
[19:41:00:398]	[SEND] POD_LOCK ON
[19:41:00:450]	[RECV] A
[19:41:00:451]	[RECV] O
[19:41:00:453]	[SEND] STATUS
[19:41:00:504]	[RECV] A
[19:41:00:505]	[RECV] S7350142B
[19:41:00:506]	[OPER] End> Clamp, Result : Completed
[19:41:00:691]	[OPER] Start> Load
[19:41:00:691]	[SEND] RESET
[19:41:00:733]	[RECV] A
[19:41:00:734]	[RECV] O
[19:41:00:737]	[SEND] CFG_SLOTS
[19:41:00:785]	[RECV] A
[19:41:00:786]	[RECV] 13
[19:41:00:790]	[SEND] LOAD O
[19:41:00:831]	[RECV] A
[19:41:12:896]	[RECV] M00000000,00000000,00000000
[19:41:12:900]	[SEND] STATUS
[19:41:12:951]	[RECV] A
[19:41:12:952]	[RECV] S33500C27
[19:41:12:953]	[OPER] End> Load, Result : Completed
[19:53:25:357]	[OPER] Start> Unload
[19:53:25:357]	[SEND] RESET
[19:53:25:400]	[RECV] A
[19:53:25:401]	[RECV] O
[19:53:25:404]	[SEND] CFG_SLOTS
[19:53:25:453]	[RECV] A
[19:53:25:454]	[RECV] 13
[19:53:25:458]	[SEND] UNLOAD O
[19:53:25:501]	[RECV] A
[19:53:32:742]	[RECV] M00000000,00000000,00000000
[19:53:32:745]	[SEND] STATUS
[19:53:32:796]	[RECV] A
[19:53:32:797]	[RECV] S7350142B
[19:53:32:799]	[OPER] End> Unload, Result : Completed
[19:53:34:815]	[OPER] Start> Clamp
[19:53:34:815]	[SEND] RESET
[19:53:34:858]	[RECV] A
[19:53:34:859]	[RECV] O
[19:53:34:862]	[SEND] POD_LOCK ON
[19:53:34:913]	[RECV] A
[19:53:34:914]	[RECV] O
[19:53:34:916]	[SEND] STATUS
[19:53:34:968]	[RECV] A
[19:53:34:969]	[RECV] S7350142B
[19:53:34:970]	[OPER] End> Clamp, Result : Completed
[19:53:35:153]	[OPER] Start> Load
[19:53:35:153]	[SEND] RESET
[19:53:35:196]	[RECV] A
[19:53:35:197]	[RECV] O
[19:53:35:201]	[SEND] CFG_SLOTS
[19:53:35:250]	[RECV] A
[19:53:35:251]	[RECV] 13
[19:53:35:254]	[SEND] LOAD O
[19:53:35:296]	[RECV] A
[19:53:47:377]	[RECV] M00000000,00000000,00000000
[19:53:47:381]	[SEND] STATUS
[19:53:47:432]	[RECV] A
[19:53:47:433]	[RECV] S33500C27
[19:53:47:435]	[OPER] End> Load, Result : Completed
[20:05:33:039]	[OPER] Start> Unload
[20:05:33:039]	[SEND] RESET
[20:05:33:081]	[RECV] A
[20:05:33:082]	[RECV] O
[20:05:33:085]	[SEND] CFG_SLOTS
[20:05:33:133]	[RECV] A
[20:05:33:134]	[RECV] 13
[20:05:33:137]	[SEND] UNLOAD O
[20:05:33:182]	[RECV] A
[20:05:40:422]	[RECV] M00000000,00000000,00000000
[20:05:40:426]	[SEND] STATUS
[20:05:40:478]	[RECV] A
[20:05:40:479]	[RECV] S7350142B
[20:05:40:481]	[OPER] End> Unload, Result : Completed
[20:05:42:496]	[OPER] Start> Clamp
[20:05:42:496]	[SEND] RESET
[20:05:42:538]	[RECV] A
[20:05:42:539]	[RECV] O
[20:05:42:542]	[SEND] POD_LOCK ON
[20:05:42:594]	[RECV] A
[20:05:42:595]	[RECV] O
[20:05:42:597]	[SEND] STATUS
[20:05:42:649]	[RECV] A
[20:05:42:650]	[RECV] S7350142B
[20:05:42:651]	[OPER] End> Clamp, Result : Completed
[20:05:42:836]	[OPER] Start> Load
[20:05:42:836]	[SEND] RESET
[20:05:42:878]	[RECV] A
[20:05:42:879]	[RECV] O
[20:05:42:882]	[SEND] CFG_SLOTS
[20:05:42:931]	[RECV] A
[20:05:42:932]	[RECV] 13
[20:05:42:935]	[SEND] LOAD O
[20:05:42:976]	[RECV] A
[20:05:55:044]	[RECV] M00000000,00000000,00000000
[20:05:55:047]	[SEND] STATUS
[20:05:55:098]	[RECV] A
[20:05:55:099]	[RECV] S33500C27
[20:05:55:100]	[OPER] End> Load, Result : Completed
[20:18:03:238]	[OPER] Start> Unload
[20:18:03:238]	[SEND] RESET
[20:18:03:279]	[RECV] A
[20:18:03:280]	[RECV] O
[20:18:03:284]	[SEND] CFG_SLOTS
[20:18:03:332]	[RECV] A
[20:18:03:333]	[RECV] 13
[20:18:03:337]	[SEND] UNLOAD O
[20:18:03:380]	[RECV] A
[20:18:10:621]	[RECV] M00000000,00000000,00000000
[20:18:10:624]	[SEND] STATUS
[20:18:10:675]	[RECV] A
[20:18:10:677]	[RECV] S7350142B
[20:18:10:678]	[OPER] End> Unload, Result : Completed
[20:18:12:693]	[OPER] Start> Clamp
[20:18:12:693]	[SEND] RESET
[20:18:12:736]	[RECV] A
[20:18:12:737]	[RECV] O
[20:18:12:739]	[SEND] POD_LOCK ON
[20:18:12:791]	[RECV] A
[20:18:12:793]	[RECV] O
[20:18:12:796]	[SEND] STATUS
[20:18:12:849]	[RECV] A
[20:18:12:850]	[RECV] S7350142B
[20:18:12:850]	[OPER] End> Clamp, Result : Completed
[20:18:13:034]	[OPER] Start> Load
[20:18:13:034]	[SEND] RESET
[20:18:13:077]	[RECV] A
[20:18:13:078]	[RECV] O
[20:18:13:080]	[SEND] CFG_SLOTS
[20:18:13:128]	[RECV] A
[20:18:13:129]	[RECV] 13
[20:18:13:132]	[SEND] LOAD O
[20:18:13:173]	[RECV] A
[20:18:25:249]	[RECV] M00000000,00000000,00000000
[20:18:25:252]	[SEND] STATUS
[20:18:25:304]	[RECV] A
[20:18:25:305]	[RECV] S33500C27
[20:18:25:305]	[OPER] End> Load, Result : Completed
[20:30:12:970]	[OPER] Start> Unload
[20:30:12:970]	[SEND] RESET
[20:30:13:012]	[RECV] A
[20:30:13:013]	[RECV] O
[20:30:13:015]	[SEND] CFG_SLOTS
[20:30:13:062]	[RECV] A
[20:30:13:063]	[RECV] 13
[20:30:13:067]	[SEND] UNLOAD O
[20:30:13:110]	[RECV] A
[20:30:20:353]	[RECV] M00000000,00000000,00000000
[20:30:20:355]	[SEND] STATUS
[20:30:20:408]	[RECV] A
[20:30:20:409]	[RECV] S7350142B
[20:30:20:410]	[OPER] End> Unload, Result : Completed
[20:30:22:426]	[OPER] Start> Clamp
[20:30:22:426]	[SEND] RESET
[20:30:22:468]	[RECV] A
[20:30:22:469]	[RECV] O
[20:30:22:472]	[SEND] POD_LOCK ON
[20:30:22:524]	[RECV] A
[20:30:22:525]	[RECV] O
[20:30:22:528]	[SEND] STATUS
[20:30:22:580]	[RECV] A
[20:30:22:581]	[RECV] S7350142B
[20:30:22:581]	[OPER] End> Clamp, Result : Completed
[20:30:22:766]	[OPER] Start> Load
[20:30:22:766]	[SEND] RESET
[20:30:22:809]	[RECV] A
[20:30:22:810]	[RECV] O
[20:30:22:813]	[SEND] CFG_SLOTS
[20:30:22:861]	[RECV] A
[20:30:22:862]	[RECV] 13
[20:30:22:865]	[SEND] LOAD O
[20:30:22:907]	[RECV] A
[20:30:34:980]	[RECV] M00000000,00000000,00000000
[20:30:34:983]	[SEND] STATUS
[20:30:35:035]	[RECV] A
[20:30:35:036]	[RECV] S33500C27
[20:30:35:037]	[OPER] End> Load, Result : Completed
[20:42:44:815]	[OPER] Start> Unload
[20:42:44:815]	[SEND] RESET
[20:42:44:858]	[RECV] A
[20:42:44:859]	[RECV] O
[20:42:44:861]	[SEND] CFG_SLOTS
[20:42:44:909]	[RECV] A
[20:42:44:910]	[RECV] 13
[20:42:44:913]	[SEND] UNLOAD O
[20:42:44:957]	[RECV] A
[20:42:52:195]	[RECV] M00000000,00000000,00000000
[20:42:52:199]	[SEND] STATUS
[20:42:52:251]	[RECV] A
[20:42:52:252]	[RECV] S7350142B
[20:42:52:253]	[OPER] End> Unload, Result : Completed
[20:42:54:269]	[OPER] Start> Clamp
[20:42:54:269]	[SEND] RESET
[20:42:54:312]	[RECV] A
[20:42:54:313]	[RECV] O
[20:42:54:315]	[SEND] POD_LOCK ON
[20:42:54:366]	[RECV] A
[20:42:54:367]	[RECV] O
[20:42:54:370]	[SEND] STATUS
[20:42:54:421]	[RECV] A
[20:42:54:422]	[RECV] S7350142B
[20:42:54:424]	[OPER] End> Clamp, Result : Completed
[20:42:54:610]	[OPER] Start> Load
[20:42:54:610]	[SEND] RESET
[20:42:54:653]	[RECV] A
[20:42:54:654]	[RECV] O
[20:42:54:656]	[SEND] CFG_SLOTS
[20:42:54:704]	[RECV] A
[20:42:54:705]	[RECV] 13
[20:42:54:708]	[SEND] LOAD O
[20:42:54:749]	[RECV] A
[20:43:06:830]	[RECV] M00000000,00000000,00000000
[20:43:06:834]	[SEND] STATUS
[20:43:06:886]	[RECV] A
[20:43:06:887]	[RECV] S33500C27
[20:43:06:887]	[OPER] End> Load, Result : Completed
[20:54:59:947]	[OPER] Start> Unload
[20:54:59:947]	[SEND] RESET
[20:54:59:990]	[RECV] A
[20:54:59:991]	[RECV] O
[20:54:59:994]	[SEND] CFG_SLOTS
[20:55:00:043]	[RECV] A
[20:55:00:044]	[RECV] 13
[20:55:00:047]	[SEND] UNLOAD O
[20:55:00:090]	[RECV] A
[20:55:07:335]	[RECV] M00000000,00000000,00000000
[20:55:07:338]	[SEND] STATUS
[20:55:07:390]	[RECV] A
[20:55:07:391]	[RECV] S7350142B
[20:55:07:392]	[OPER] End> Unload, Result : Completed
[20:55:09:407]	[OPER] Start> Clamp
[20:55:09:407]	[SEND] RESET
[20:55:09:451]	[RECV] A
[20:55:09:452]	[RECV] O
[20:55:09:454]	[SEND] POD_LOCK ON
[20:55:09:506]	[RECV] A
[20:55:09:507]	[RECV] O
[20:55:09:510]	[SEND] STATUS
[20:55:09:563]	[RECV] A
[20:55:09:564]	[RECV] S7350142B
[20:55:09:565]	[OPER] End> Clamp, Result : Completed
[20:55:09:749]	[OPER] Start> Load
[20:55:09:749]	[SEND] RESET
[20:55:09:793]	[RECV] A
[20:55:09:794]	[RECV] O
[20:55:09:796]	[SEND] CFG_SLOTS
[20:55:09:844]	[RECV] A
[20:55:09:845]	[RECV] 13
[20:55:09:847]	[SEND] LOAD O
[20:55:09:888]	[RECV] A
[20:55:21:967]	[RECV] M00000000,00000000,00000000
[20:55:21:971]	[SEND] STATUS
[20:55:22:024]	[RECV] A
[20:55:22:025]	[RECV] S33500C27
[20:55:22:026]	[OPER] End> Load, Result : Completed
[21:07:44:135]	[OPER] Start> Unload
[21:07:44:135]	[SEND] RESET
[21:07:44:178]	[RECV] A
[21:07:44:179]	[RECV] O
[21:07:44:183]	[SEND] CFG_SLOTS
[21:07:44:232]	[RECV] A
[21:07:44:233]	[RECV] 13
[21:07:44:237]	[SEND] UNLOAD O
[21:07:44:280]	[RECV] A
[21:07:51:522]	[RECV] M00000000,00000000,00000000
[21:07:51:525]	[SEND] STATUS
[21:07:51:576]	[RECV] A
[21:07:51:577]	[RECV] S7350142B
[21:07:51:577]	[OPER] End> Unload, Result : Completed
[21:07:53:594]	[OPER] Start> Clamp
[21:07:53:594]	[SEND] RESET
[21:07:53:637]	[RECV] A
[21:07:53:638]	[RECV] O
[21:07:53:641]	[SEND] POD_LOCK ON
[21:07:53:694]	[RECV] A
[21:07:53:695]	[RECV] O
[21:07:53:697]	[SEND] STATUS
[21:07:53:748]	[RECV] A
[21:07:53:749]	[RECV] S7350142B
[21:07:53:750]	[OPER] End> Clamp, Result : Completed
[21:07:53:937]	[OPER] Start> Load
[21:07:53:937]	[SEND] RESET
[21:07:53:980]	[RECV] A
[21:07:53:981]	[RECV] O
[21:07:53:983]	[SEND] CFG_SLOTS
[21:07:54:032]	[RECV] A
[21:07:54:033]	[RECV] 13
[21:07:54:037]	[SEND] LOAD O
[21:07:54:080]	[RECV] A
[21:08:06:160]	[RECV] M00000000,00000000,00000000
[21:08:06:164]	[SEND] STATUS
[21:08:06:216]	[RECV] A
[21:08:06:217]	[RECV] S33500C27
[21:08:06:217]	[OPER] End> Load, Result : Completed
[21:19:59:897]	[OPER] Start> Unload
[21:19:59:897]	[SEND] RESET
[21:19:59:940]	[RECV] A
[21:19:59:941]	[RECV] O
[21:19:59:945]	[SEND] CFG_SLOTS
[21:19:59:993]	[RECV] A
[21:19:59:994]	[RECV] 13
[21:19:59:998]	[SEND] UNLOAD O
[21:20:00:041]	[RECV] A
[21:20:07:283]	[RECV] M00000000,00000000,00000000
[21:20:07:287]	[SEND] STATUS
[21:20:07:339]	[RECV] A
[21:20:07:340]	[RECV] S7350142B
[21:20:07:342]	[OPER] End> Unload, Result : Completed
[21:20:09:360]	[OPER] Start> Clamp
[21:20:09:360]	[SEND] RESET
[21:20:09:402]	[RECV] A
[21:20:09:403]	[RECV] O
[21:20:09:405]	[SEND] POD_LOCK ON
[21:20:09:457]	[RECV] A
[21:20:09:458]	[RECV] O
[21:20:09:461]	[SEND] STATUS
[21:20:09:513]	[RECV] A
[21:20:09:514]	[RECV] S7350142B
[21:20:09:515]	[OPER] End> Clamp, Result : Completed
[21:20:09:700]	[OPER] Start> Load
[21:20:09:700]	[SEND] RESET
[21:20:09:744]	[RECV] A
[21:20:09:745]	[RECV] O
[21:20:09:748]	[SEND] CFG_SLOTS
[21:20:09:795]	[RECV] A
[21:20:09:796]	[RECV] 13
[21:20:09:799]	[SEND] LOAD O
[21:20:09:841]	[RECV] A
[21:20:21:917]	[RECV] M00000000,00000000,00000000
[21:20:21:920]	[SEND] STATUS
[21:20:21:972]	[RECV] A
[21:20:21:973]	[RECV] S33500C27
[21:20:21:974]	[OPER] End> Load, Result : Completed
[21:32:43:536]	[OPER] Start> Unload
[21:32:43:536]	[SEND] RESET
[21:32:43:579]	[RECV] A
[21:32:43:580]	[RECV] O
[21:32:43:584]	[SEND] CFG_SLOTS
[21:32:43:631]	[RECV] A
[21:32:43:632]	[RECV] 13
[21:32:43:635]	[SEND] UNLOAD O
[21:32:43:679]	[RECV] A
[21:32:50:923]	[RECV] M00000000,00000000,00000000
[21:32:50:927]	[SEND] STATUS
[21:32:50:979]	[RECV] A
[21:32:50:980]	[RECV] S7350142B
[21:32:50:981]	[OPER] End> Unload, Result : Completed
[21:32:52:997]	[OPER] Start> Clamp
[21:32:52:997]	[SEND] RESET
[21:32:53:040]	[RECV] A
[21:32:53:041]	[RECV] O
[21:32:53:044]	[SEND] POD_LOCK ON
[21:32:53:097]	[RECV] A
[21:32:53:098]	[RECV] O
[21:32:53:100]	[SEND] STATUS
[21:32:53:151]	[RECV] A
[21:32:53:152]	[RECV] S7350142B
[21:32:53:154]	[OPER] End> Clamp, Result : Completed
[21:32:53:341]	[OPER] Start> Load
[21:32:53:341]	[SEND] RESET
[21:32:53:383]	[RECV] A
[21:32:53:384]	[RECV] O
[21:32:53:386]	[SEND] CFG_SLOTS
[21:32:53:435]	[RECV] A
[21:32:53:436]	[RECV] 13
[21:32:53:439]	[SEND] LOAD O
[21:32:53:480]	[RECV] A
[21:33:05:560]	[RECV] M00000000,00000000,00000000
[21:33:05:562]	[SEND] STATUS
[21:33:05:614]	[RECV] A
[21:33:05:615]	[RECV] S33500C27
[21:33:05:616]	[OPER] End> Load, Result : Completed
[21:45:05:956]	[OPER] Start> Unload
[21:45:05:956]	[SEND] RESET
[21:45:05:998]	[RECV] A
[21:45:05:999]	[RECV] O
[21:45:06:002]	[SEND] CFG_SLOTS
[21:45:06:050]	[RECV] A
[21:45:06:051]	[RECV] 13
[21:45:06:054]	[SEND] UNLOAD O
[21:45:06:098]	[RECV] A
[21:45:13:340]	[RECV] M00000000,00000000,00000000
[21:45:13:344]	[SEND] STATUS
[21:45:13:396]	[RECV] A
[21:45:13:397]	[RECV] S7350142B
[21:45:13:398]	[OPER] End> Unload, Result : Completed
[21:45:15:414]	[OPER] Start> Clamp
[21:45:15:414]	[SEND] RESET
[21:45:15:457]	[RECV] A
[21:45:15:458]	[RECV] O
[21:45:15:461]	[SEND] POD_LOCK ON
[21:45:15:512]	[RECV] A
[21:45:15:513]	[RECV] O
[21:45:15:516]	[SEND] STATUS
[21:45:15:569]	[RECV] A
[21:45:15:570]	[RECV] S7350142B
[21:45:15:570]	[OPER] End> Clamp, Result : Completed
[21:45:15:753]	[OPER] Start> Load
[21:45:15:753]	[SEND] RESET
[21:45:15:796]	[RECV] A
[21:45:15:797]	[RECV] O
[21:45:15:799]	[SEND] CFG_SLOTS
[21:45:15:847]	[RECV] A
[21:45:15:848]	[RECV] 13
[21:45:15:853]	[SEND] LOAD O
[21:45:15:894]	[RECV] A
[21:45:27:974]	[RECV] M00000000,00000000,00000000
[21:45:27:978]	[SEND] STATUS
[21:45:28:031]	[RECV] A
[21:45:28:032]	[RECV] S33500C27
[21:45:28:033]	[OPER] End> Load, Result : Completed
[21:57:48:676]	[OPER] Start> Unload
[21:57:48:676]	[SEND] RESET
[21:57:48:717]	[RECV] A
[21:57:48:718]	[RECV] O
[21:57:48:722]	[SEND] CFG_SLOTS
[21:57:48:770]	[RECV] A
[21:57:48:771]	[RECV] 13
[21:57:48:774]	[SEND] UNLOAD O
[21:57:48:818]	[RECV] A
[21:57:56:061]	[RECV] M00000000,00000000,00000000
[21:57:56:063]	[SEND] STATUS
[21:57:56:116]	[RECV] A
[21:57:56:117]	[RECV] S7350142B
[21:57:56:117]	[OPER] End> Unload, Result : Completed
[21:57:58:133]	[OPER] Start> Clamp
[21:57:58:133]	[SEND] RESET
[21:57:58:177]	[RECV] A
[21:57:58:178]	[RECV] O
[21:57:58:182]	[SEND] POD_LOCK ON
[21:57:58:234]	[RECV] A
[21:57:58:235]	[RECV] O
[21:57:58:238]	[SEND] STATUS
[21:57:58:290]	[RECV] A
[21:57:58:291]	[RECV] S7350142B
[21:57:58:291]	[OPER] End> Clamp, Result : Completed
[21:57:58:474]	[OPER] Start> Load
[21:57:58:474]	[SEND] RESET
[21:57:58:517]	[RECV] A
[21:57:58:518]	[RECV] O
[21:57:58:522]	[SEND] CFG_SLOTS
[21:57:58:570]	[RECV] A
[21:57:58:571]	[RECV] 13
[21:57:58:575]	[SEND] LOAD O
[21:57:58:616]	[RECV] A
[21:58:10:709]	[RECV] M00000000,00000000,00000000
[21:58:10:713]	[SEND] STATUS
[21:58:10:765]	[RECV] A
[21:58:10:766]	[RECV] S33500C27
[21:58:10:768]	[OPER] End> Load, Result : Completed
[22:10:03:081]	[OPER] Start> Unload
[22:10:03:081]	[SEND] RESET
[22:10:03:124]	[RECV] A
[22:10:03:125]	[RECV] O
[22:10:03:127]	[SEND] CFG_SLOTS
[22:10:03:175]	[RECV] A
[22:10:03:176]	[RECV] 13
[22:10:03:179]	[SEND] UNLOAD O
[22:10:03:224]	[RECV] A
[22:10:10:467]	[RECV] M00000000,00000000,00000000
[22:10:10:471]	[SEND] STATUS
[22:10:10:523]	[RECV] A
[22:10:10:524]	[RECV] S7350142B
[22:10:10:524]	[OPER] End> Unload, Result : Completed
[22:10:12:542]	[OPER] Start> Clamp
[22:10:12:542]	[SEND] RESET
[22:10:12:585]	[RECV] A
[22:10:12:585]	[RECV] O
[22:10:12:588]	[SEND] POD_LOCK ON
[22:10:12:640]	[RECV] A
[22:10:12:641]	[RECV] O
[22:10:12:645]	[SEND] STATUS
[22:10:12:698]	[RECV] A
[22:10:12:699]	[RECV] S7350142B
[22:10:12:701]	[OPER] End> Clamp, Result : Completed
[22:10:12:886]	[OPER] Start> Load
[22:10:12:886]	[SEND] RESET
[22:10:12:929]	[RECV] A
[22:10:12:931]	[RECV] O
[22:10:12:934]	[SEND] CFG_SLOTS
[22:10:12:981]	[RECV] A
[22:10:12:982]	[RECV] 13
[22:10:12:984]	[SEND] LOAD O
[22:10:13:026]	[RECV] A
[22:10:25:112]	[RECV] M00000000,00000000,00000000
[22:10:25:115]	[SEND] STATUS
[22:10:25:167]	[RECV] A
[22:10:25:168]	[RECV] S33500C27
[22:10:25:169]	[OPER] End> Load, Result : Completed
[22:22:33:743]	[OPER] Start> Unload
[22:22:33:743]	[SEND] RESET
[22:22:33:786]	[RECV] A
[22:22:33:787]	[RECV] O
[22:22:33:790]	[SEND] CFG_SLOTS
[22:22:33:838]	[RECV] A
[22:22:33:839]	[RECV] 13
[22:22:33:841]	[SEND] UNLOAD O
[22:22:33:884]	[RECV] A
[22:22:41:129]	[RECV] M00000000,00000000,00000000
[22:22:41:132]	[SEND] STATUS
[22:22:41:185]	[RECV] A
[22:22:41:186]	[RECV] S7350142B
[22:22:41:187]	[OPER] End> Unload, Result : Completed
[22:22:43:202]	[OPER] Start> Clamp
[22:22:43:202]	[SEND] RESET
[22:22:43:246]	[RECV] A
[22:22:43:247]	[RECV] O
[22:22:43:250]	[SEND] POD_LOCK ON
[22:22:43:301]	[RECV] A
[22:22:43:302]	[RECV] O
[22:22:43:305]	[SEND] STATUS
[22:22:43:357]	[RECV] A
[22:22:43:358]	[RECV] S7350142B
[22:22:43:359]	[OPER] End> Clamp, Result : Completed
[22:22:43:543]	[OPER] Start> Load
[22:22:43:543]	[SEND] RESET
[22:22:43:586]	[RECV] A
[22:22:43:587]	[RECV] O
[22:22:43:590]	[SEND] CFG_SLOTS
[22:22:43:638]	[RECV] A
[22:22:43:639]	[RECV] 13
[22:22:43:643]	[SEND] LOAD O
[22:22:43:685]	[RECV] A
[22:22:55:769]	[RECV] M00000000,00000000,00000000
[22:22:55:773]	[SEND] STATUS
[22:22:55:825]	[RECV] A
[22:22:55:826]	[RECV] S33500C27
[22:22:55:827]	[OPER] End> Load, Result : Completed
[22:34:43:471]	[OPER] Start> Unload
[22:34:43:471]	[SEND] RESET
[22:34:43:513]	[RECV] A
[22:34:43:514]	[RECV] O
[22:34:43:517]	[SEND] CFG_SLOTS
[22:34:43:565]	[RECV] A
[22:34:43:566]	[RECV] 13
[22:34:43:569]	[SEND] UNLOAD O
[22:34:43:614]	[RECV] A
[22:34:50:856]	[RECV] M00000000,00000000,00000000
[22:34:50:859]	[SEND] STATUS
[22:34:50:912]	[RECV] A
[22:34:50:913]	[RECV] S7350142B
[22:34:50:915]	[OPER] End> Unload, Result : Completed
[22:34:52:931]	[OPER] Start> Clamp
[22:34:52:931]	[SEND] RESET
[22:34:52:974]	[RECV] A
[22:34:52:975]	[RECV] O
[22:34:52:978]	[SEND] POD_LOCK ON
[22:34:53:030]	[RECV] A
[22:34:53:031]	[RECV] O
[22:34:53:033]	[SEND] STATUS
[22:34:53:085]	[RECV] A
[22:34:53:086]	[RECV] S7350142B
[22:34:53:087]	[OPER] End> Clamp, Result : Completed
[22:34:53:272]	[OPER] Start> Load
[22:34:53:272]	[SEND] RESET
[22:34:53:316]	[RECV] A
[22:34:53:317]	[RECV] O
[22:34:53:320]	[SEND] CFG_SLOTS
[22:34:53:368]	[RECV] A
[22:34:53:369]	[RECV] 13
[22:34:53:372]	[SEND] LOAD O
[22:34:53:413]	[RECV] A
[22:35:05:500]	[RECV] M00000000,00000000,00000000
[22:35:05:504]	[SEND] STATUS
[22:35:05:555]	[RECV] A
[22:35:05:556]	[RECV] S33500C27
[22:35:05:557]	[OPER] End> Load, Result : Completed
[22:47:10:513]	[OPER] Start> Unload
[22:47:10:513]	[SEND] RESET
[22:47:10:556]	[RECV] A
[22:47:10:557]	[RECV] O
[22:47:10:560]	[SEND] CFG_SLOTS
[22:47:10:607]	[RECV] A
[22:47:10:608]	[RECV] 13
[22:47:10:611]	[SEND] UNLOAD O
[22:47:10:655]	[RECV] A
[22:47:17:896]	[RECV] M00000000,00000000,00000000
[22:47:17:899]	[SEND] STATUS
[22:47:17:952]	[RECV] A
[22:47:17:953]	[RECV] S7350142B
[22:47:17:955]	[OPER] End> Unload, Result : Completed
[22:47:19:971]	[OPER] Start> Clamp
[22:47:19:971]	[SEND] RESET
[22:47:20:014]	[RECV] A
[22:47:20:015]	[RECV] O
[22:47:20:019]	[SEND] POD_LOCK ON
[22:47:20:072]	[RECV] A
[22:47:20:073]	[RECV] O
[22:47:20:076]	[SEND] STATUS
[22:47:20:127]	[RECV] A
[22:47:20:128]	[RECV] S7350142B
[22:47:20:129]	[OPER] End> Clamp, Result : Completed
[22:47:20:314]	[OPER] Start> Load
[22:47:20:314]	[SEND] RESET
[22:47:20:356]	[RECV] A
[22:47:20:357]	[RECV] O
[22:47:20:361]	[SEND] CFG_SLOTS
[22:47:20:409]	[RECV] A
[22:47:20:410]	[RECV] 13
[22:47:20:412]	[SEND] LOAD O
[22:47:20:455]	[RECV] A
[22:47:32:532]	[RECV] M00000000,00000000,00000000
[22:47:32:536]	[SEND] STATUS
[22:47:32:588]	[RECV] A
[22:47:32:589]	[RECV] S33500C27
[22:47:32:590]	[OPER] End> Load, Result : Completed
[22:59:15:635]	[OPER] Start> Unload
[22:59:15:635]	[SEND] RESET
[22:59:15:679]	[RECV] A
[22:59:15:680]	[RECV] O
[22:59:15:683]	[SEND] CFG_SLOTS
[22:59:15:731]	[RECV] A
[22:59:15:732]	[RECV] 13
[22:59:15:735]	[SEND] UNLOAD O
[22:59:15:779]	[RECV] A
[22:59:23:022]	[RECV] M00000000,00000000,00000000
[22:59:23:025]	[SEND] STATUS
[22:59:23:076]	[RECV] A
[22:59:23:077]	[RECV] S7350142B
[22:59:23:079]	[OPER] End> Unload, Result : Completed
[22:59:25:096]	[OPER] Start> Clamp
[22:59:25:096]	[SEND] RESET
[22:59:25:139]	[RECV] A
[22:59:25:140]	[RECV] O
[22:59:25:143]	[SEND] POD_LOCK ON
[22:59:25:195]	[RECV] A
[22:59:25:196]	[RECV] O
[22:59:25:199]	[SEND] STATUS
[22:59:25:250]	[RECV] A
[22:59:25:251]	[RECV] S7350142B
[22:59:25:252]	[OPER] End> Clamp, Result : Completed
[22:59:25:437]	[OPER] Start> Load
[22:59:25:437]	[SEND] RESET
[22:59:25:480]	[RECV] A
[22:59:25:481]	[RECV] O
[22:59:25:485]	[SEND] CFG_SLOTS
[22:59:25:533]	[RECV] A
[22:59:25:534]	[RECV] 13
[22:59:25:536]	[SEND] LOAD O
[22:59:25:577]	[RECV] A
[22:59:37:647]	[RECV] M00000000,00000000,00000000
[22:59:37:650]	[SEND] STATUS
[22:59:37:702]	[RECV] A
[22:59:37:703]	[RECV] S33500C27
[22:59:37:706]	[OPER] End> Load, Result : Completed
[23:11:43:363]	[OPER] Start> Unload
[23:11:43:363]	[SEND] RESET
[23:11:43:406]	[RECV] A
[23:11:43:407]	[RECV] O
[23:11:43:410]	[SEND] CFG_SLOTS
[23:11:43:459]	[RECV] A
[23:11:43:460]	[RECV] 13
[23:11:43:462]	[SEND] UNLOAD O
[23:11:43:506]	[RECV] A
[23:11:50:747]	[RECV] M00000000,00000000,00000000
[23:11:50:750]	[SEND] STATUS
[23:11:50:802]	[RECV] A
[23:11:50:803]	[RECV] S7350142B
[23:11:50:805]	[OPER] End> Unload, Result : Completed
[23:11:52:822]	[OPER] Start> Clamp
[23:11:52:822]	[SEND] RESET
[23:11:52:864]	[RECV] A
[23:11:52:865]	[RECV] O
[23:11:52:868]	[SEND] POD_LOCK ON
[23:11:52:919]	[RECV] A
[23:11:52:920]	[RECV] O
[23:11:52:923]	[SEND] STATUS
[23:11:52:976]	[RECV] A
[23:11:52:977]	[RECV] S7350142B
[23:11:52:978]	[OPER] End> Clamp, Result : Completed
[23:11:53:166]	[OPER] Start> Load
[23:11:53:166]	[SEND] RESET
[23:11:53:210]	[RECV] A
[23:11:53:211]	[RECV] O
[23:11:53:215]	[SEND] CFG_SLOTS
[23:11:53:262]	[RECV] A
[23:11:53:263]	[RECV] 13
[23:11:53:267]	[SEND] LOAD O
[23:11:53:308]	[RECV] A
[23:12:05:389]	[RECV] M00000000,00000000,00000000
[23:12:05:393]	[SEND] STATUS
[23:12:05:445]	[RECV] A
[23:12:05:446]	[RECV] S33500C27
[23:12:05:447]	[OPER] End> Load, Result : Completed
[23:23:51:978]	[OPER] Start> Unload
[23:23:51:978]	[SEND] RESET
[23:23:52:020]	[RECV] A
[23:23:52:021]	[RECV] O
[23:23:52:025]	[SEND] CFG_SLOTS
[23:23:52:072]	[RECV] A
[23:23:52:073]	[RECV] 13
[23:23:52:076]	[SEND] UNLOAD O
[23:23:52:120]	[RECV] A
[23:23:59:361]	[RECV] M00000000,00000000,00000000
[23:23:59:364]	[SEND] STATUS
[23:23:59:415]	[RECV] A
[23:23:59:416]	[RECV] S7350142B
[23:23:59:417]	[OPER] End> Unload, Result : Completed
[23:24:01:432]	[OPER] Start> Clamp
[23:24:01:432]	[SEND] RESET
[23:24:01:475]	[RECV] A
[23:24:01:476]	[RECV] O
[23:24:01:479]	[SEND] POD_LOCK ON
[23:24:01:531]	[RECV] A
[23:24:01:532]	[RECV] O
[23:24:01:535]	[SEND] STATUS
[23:24:01:586]	[RECV] A
[23:24:01:587]	[RECV] S7350142B
[23:24:01:587]	[OPER] End> Clamp, Result : Completed
[23:24:01:774]	[OPER] Start> Load
[23:24:01:774]	[SEND] RESET
[23:24:01:815]	[RECV] A
[23:24:01:816]	[RECV] O
[23:24:01:819]	[SEND] CFG_SLOTS
[23:24:01:866]	[RECV] A
[23:24:01:867]	[RECV] 13
[23:24:01:871]	[SEND] LOAD O
[23:24:01:912]	[RECV] A
[23:24:13:985]	[RECV] M00000000,00000000,00000000
[23:24:13:989]	[SEND] STATUS
[23:24:14:041]	[RECV] A
[23:24:14:042]	[RECV] S33500C27
[23:24:14:043]	[OPER] End> Load, Result : Completed
[23:36:28:460]	[OPER] Start> Unload
[23:36:28:460]	[SEND] RESET
[23:36:28:503]	[RECV] A
[23:36:28:504]	[RECV] O
[23:36:28:506]	[SEND] CFG_SLOTS
[23:36:28:554]	[RECV] A
[23:36:28:555]	[RECV] 13
[23:36:28:558]	[SEND] UNLOAD O
[23:36:28:601]	[RECV] A
[23:36:35:843]	[RECV] M00000000,00000000,00000000
[23:36:35:846]	[SEND] STATUS
[23:36:35:898]	[RECV] A
[23:36:35:899]	[RECV] S7350142B
[23:36:35:900]	[OPER] End> Unload, Result : Completed
[23:36:37:916]	[OPER] Start> Clamp
[23:36:37:916]	[SEND] RESET
[23:36:37:958]	[RECV] A
[23:36:37:959]	[RECV] O
[23:36:37:961]	[SEND] POD_LOCK ON
[23:36:38:013]	[RECV] A
[23:36:38:013]	[RECV] O
[23:36:38:015]	[SEND] STATUS
[23:36:38:068]	[RECV] A
[23:36:38:069]	[RECV] S7350142B
[23:36:38:071]	[OPER] End> Clamp, Result : Completed
[23:36:38:256]	[OPER] Start> Load
[23:36:38:256]	[SEND] RESET
[23:36:38:298]	[RECV] A
[23:36:38:299]	[RECV] O
[23:36:38:303]	[SEND] CFG_SLOTS
[23:36:38:350]	[RECV] A
[23:36:38:351]	[RECV] 13
[23:36:38:354]	[SEND] LOAD O
[23:36:38:395]	[RECV] A
[23:36:50:475]	[RECV] M00000000,00000000,00000000
[23:36:50:478]	[SEND] STATUS
[23:36:50:530]	[RECV] A
[23:36:50:531]	[RECV] S33500C27
[23:36:50:532]	[OPER] End> Load, Result : Completed
[23:48:40:541]	[OPER] Start> Unload
[23:48:40:541]	[SEND] RESET
[23:48:40:583]	[RECV] A
[23:48:40:585]	[RECV] O
[23:48:40:587]	[SEND] CFG_SLOTS
[23:48:40:635]	[RECV] A
[23:48:40:636]	[RECV] 13
[23:48:40:639]	[SEND] UNLOAD O
[23:48:40:684]	[RECV] A
[23:48:47:927]	[RECV] M00000000,00000000,00000000
[23:48:47:931]	[SEND] STATUS
[23:48:47:983]	[RECV] A
[23:48:47:984]	[RECV] S7350142B
[23:48:47:986]	[OPER] End> Unload, Result : Completed
[23:48:50:001]	[OPER] Start> Clamp
[23:48:50:001]	[SEND] RESET
[23:48:50:045]	[RECV] A
[23:48:50:046]	[RECV] O
[23:48:50:048]	[SEND] POD_LOCK ON
[23:48:50:100]	[RECV] A
[23:48:50:101]	[RECV] O
[23:48:50:104]	[SEND] STATUS
[23:48:50:157]	[RECV] A
[23:48:50:158]	[RECV] S7350142B
[23:48:50:158]	[OPER] End> Clamp, Result : Completed
[23:48:50:343]	[OPER] Start> Load
[23:48:50:343]	[SEND] RESET
[23:48:50:386]	[RECV] A
[23:48:50:387]	[RECV] O
[23:48:50:391]	[SEND] CFG_SLOTS
[23:48:50:439]	[RECV] A
[23:48:50:440]	[RECV] 13
[23:48:50:445]	[SEND] LOAD O
[23:48:50:486]	[RECV] A
[23:49:02:563]	[RECV] M00000000,00000000,00000000
[23:49:02:567]	[SEND] STATUS
[23:49:02:620]	[RECV] A
[23:49:02:621]	[RECV] S33500C27
[23:49:02:622]	[OPER] End> Load, Result : Completed
