[09:47:59:804]	[RECV] C01000000
[10:36:28:687]	[OPER] ----- Initialize -----
[10:36:28:687]	[SEND] RESET
[10:36:28:735]	[RECV] A
[10:36:28:736]	[RECV] O
[10:36:28:738]	[SEND] HOM
[10:36:28:783]	[RECV] A
[10:36:39:891]	[RECV] O
[10:36:39:894]	[SEND] STATUS
[10:36:39:945]	[RECV] A
[10:36:39:946]	[RECV] S7350142B
[10:36:39:949]	[OPER] ----- Result : Completed, Description : 
[10:36:39:953]	[OPER] ----- ChangeToCassette -----
[10:36:39:954]	[SEND] RESET
[10:36:39:997]	[RECV] A
[10:36:39:998]	[RECV] O
[10:36:40:002]	[SEND] OC_MODE ON
[10:36:40:050]	[RECV] A
[10:36:40:051]	[RECV] O
[10:36:40:055]	[SEND] STATUS
[10:36:40:106]	[RECV] A
[10:36:40:107]	[RECV] S7350142B
[10:36:40:109]	[OPER] ----- Result : Completed, Description : 
[10:36:55:421]	[RECV] C00000004
[10:36:57:155]	[OPER] ----- Clamp -----
[10:36:57:155]	[SEND] RESET
[10:36:57:197]	[RECV] A
[10:36:57:198]	[RECV] O
[10:36:57:201]	[SEND] POD_LOCK ON
[10:36:57:253]	[RECV] A
[10:36:57:254]	[RECV] O
[10:36:57:257]	[SEND] STATUS
[10:36:57:308]	[RECV] A
[10:36:57:309]	[RECV] S7350142B
[10:36:57:311]	[OPER] ----- Result : Completed, Description : 
[10:36:57:895]	[OPER] ----- Load -----
[10:36:57:896]	[SEND] RESET
[10:36:57:938]	[RECV] A
[10:36:57:939]	[RECV] O
[10:36:57:942]	[SEND] CFG_SLOTS
[10:36:57:990]	[RECV] A
[10:36:57:991]	[RECV] 13
[10:36:57:994]	[SEND] LOAD O
[10:36:58:035]	[RECV] A
[10:37:10:250]	[RECV] M00000000,00000000,00000000
[10:37:10:261]	[SEND] STATUS
[10:37:10:313]	[RECV] A
[10:37:10:314]	[RECV] S33500C27
[10:37:10:315]	[OPER] ----- Result : Completed, Description : 
[10:37:41:998]	[RECV] C00000008
[10:37:43:686]	[OPER] ----- Unload -----
[10:37:43:686]	[SEND] RESET
[10:37:43:729]	[RECV] A
[10:37:43:730]	[RECV] O
[10:37:43:733]	[SEND] CFG_SLOTS
[10:37:43:780]	[RECV] A
[10:37:43:781]	[RECV] 13
[10:37:43:785]	[SEND] UNLOAD O
[10:37:43:828]	[RECV] A
[10:37:51:068]	[RECV] M00000000,00000000,00000000
[10:37:51:072]	[SEND] STATUS
[10:37:51:123]	[RECV] A
[10:37:51:124]	[RECV] S7350142B
[10:37:51:126]	[OPER] ----- Result : Completed, Description : 
[10:42:11:011]	[RECV] C01000000
[10:49:27:915]	[OPER] ----- Initialize -----
[10:49:27:915]	[SEND] RESET
[10:49:27:962]	[RECV] A
[10:49:27:963]	[RECV] O
[10:49:27:966]	[SEND] HOM
[10:49:28:005]	[RECV] A
[10:49:39:089]	[RECV] O
[10:49:39:092]	[SEND] STATUS
[10:49:39:145]	[RECV] A
[10:49:39:146]	[RECV] S7350142B
[10:49:39:148]	[OPER] ----- Result : Completed, Description : 
[10:49:39:149]	[OPER] ----- ChangeToCassette -----
[10:49:39:149]	[SEND] RESET
[10:49:39:190]	[RECV] A
[10:49:39:191]	[RECV] O
[10:49:39:195]	[SEND] OC_MODE ON
[10:49:39:242]	[RECV] A
[10:49:39:243]	[RECV] O
[10:49:39:247]	[SEND] STATUS
[10:49:39:300]	[RECV] A
[10:49:39:301]	[RECV] S7350142B
[10:49:39:301]	[OPER] ----- Result : Completed, Description : 
[10:51:40:003]	[RECV] C01000000
[11:46:38:809]	[RECV] C00010000
[11:46:38:810]	[RECV] C00000010
[11:58:22:314]	[OPER] ----- Initialize -----
[11:58:22:314]	[SEND] RESET
[11:58:22:362]	[RECV] A
[11:58:22:363]	[RECV] O
[11:58:22:366]	[SEND] HOM
[11:58:22:407]	[RECV] A
[11:58:34:018]	[RECV] O
[11:58:34:021]	[SEND] STATUS
[11:58:34:071]	[RECV] A
[11:58:34:072]	[RECV] S7350142B
[11:58:34:073]	[OPER] ----- Result : Completed, Description : 
[11:58:34:075]	[OPER] ----- ChangeToCassette -----
[11:58:34:076]	[SEND] RESET
[11:58:34:118]	[RECV] A
[11:58:34:119]	[RECV] O
[11:58:34:122]	[SEND] OC_MODE ON
[11:58:34:168]	[RECV] A
[11:58:34:169]	[RECV] O
[11:58:34:172]	[SEND] STATUS
[11:58:34:224]	[RECV] A
[11:58:34:225]	[RECV] S7350142B
[11:58:34:226]	[OPER] ----- Result : Completed, Description : 
[13:47:52:792]	[RECV] C01000000
[14:13:43:199]	[OPER] ----- Initialize -----
[14:13:43:199]	[SEND] RESET
[14:13:43:248]	[RECV] A
[14:13:43:249]	[RECV] O
[14:13:43:252]	[SEND] HOM
[14:13:43:291]	[RECV] A
[14:13:54:379]	[RECV] O
[14:13:54:383]	[SEND] STATUS
[14:13:54:434]	[RECV] A
[14:13:54:435]	[RECV] S7350142B
[14:13:54:437]	[OPER] ----- Result : Completed, Description : 
[14:13:54:438]	[OPER] ----- ChangeToCassette -----
[14:13:54:438]	[SEND] RESET
[14:13:54:479]	[RECV] A
[14:13:54:480]	[RECV] O
[14:13:54:483]	[SEND] OC_MODE ON
[14:13:54:531]	[RECV] A
[14:13:54:532]	[RECV] O
[14:13:54:536]	[SEND] STATUS
[14:13:54:587]	[RECV] A
[14:13:54:588]	[RECV] S7350142B
[14:13:54:590]	[OPER] ----- Result : Completed, Description : 
[14:16:23:757]	[OPER] ----- Initialize -----
[14:16:23:757]	[SEND] RESET
[14:16:23:805]	[RECV] A
[14:16:23:806]	[RECV] O
[14:16:23:809]	[SEND] HOM
[14:16:23:850]	[RECV] A
[14:16:34:923]	[RECV] O
[14:16:34:926]	[SEND] STATUS
[14:16:34:977]	[RECV] A
[14:16:34:978]	[RECV] S7350142B
[14:16:34:979]	[OPER] ----- Result : Completed, Description : 
[14:16:34:980]	[OPER] ----- ChangeToCassette -----
[14:16:34:980]	[SEND] RESET
[14:16:35:022]	[RECV] A
[14:16:35:023]	[RECV] O
[14:16:35:026]	[SEND] OC_MODE ON
[14:16:35:074]	[RECV] A
[14:16:35:075]	[RECV] O
[14:16:35:078]	[SEND] STATUS
[14:16:35:130]	[RECV] A
[14:16:35:131]	[RECV] S7350142B
[14:16:35:132]	[OPER] ----- Result : Completed, Description : 
[14:45:45:423]	[OPER] ----- Initialize -----
[14:45:45:423]	[SEND] RESET
[14:45:45:471]	[RECV] A
[14:45:45:472]	[RECV] O
[14:45:45:476]	[SEND] HOM
[14:45:45:516]	[RECV] A
[14:45:56:596]	[RECV] O
[14:45:56:599]	[SEND] STATUS
[14:45:56:651]	[RECV] A
[14:45:56:652]	[RECV] S7350142B
[14:45:56:653]	[OPER] ----- Result : Completed, Description : 
[14:45:56:655]	[OPER] ----- ChangeToCassette -----
[14:45:56:656]	[SEND] RESET
[14:45:56:699]	[RECV] A
[14:45:56:700]	[RECV] O
[14:45:56:704]	[SEND] OC_MODE ON
[14:45:56:753]	[RECV] A
[14:45:56:754]	[RECV] O
[14:45:56:758]	[SEND] STATUS
[14:45:56:809]	[RECV] A
[14:45:56:810]	[RECV] S7350142B
[14:45:56:812]	[OPER] ----- Result : Completed, Description : 
[15:18:33:137]	[RECV] C00000020
[15:18:54:151]	[RECV] C00000010
[15:19:27:712]	[OPER] ----- Initialize -----
[15:19:27:712]	[SEND] RESET
[15:19:27:760]	[RECV] A
[15:19:27:761]	[RECV] O
[15:19:27:764]	[SEND] HOM
[15:19:27:804]	[RECV] A
[15:19:38:910]	[RECV] O
[15:19:38:913]	[SEND] STATUS
[15:19:38:965]	[RECV] A
[15:19:38:966]	[RECV] S7350142B
[15:19:38:967]	[OPER] ----- Result : Completed, Description : 
[15:19:38:969]	[OPER] ----- ChangeToCassette -----
[15:19:38:970]	[SEND] RESET
[15:19:39:014]	[RECV] A
[15:19:39:015]	[RECV] O
[15:19:39:018]	[SEND] OC_MODE ON
[15:19:39:066]	[RECV] A
[15:19:39:067]	[RECV] O
[15:19:39:070]	[SEND] STATUS
[15:19:39:122]	[RECV] A
[15:19:39:123]	[RECV] S7350142B
[15:19:39:124]	[OPER] ----- Result : Completed, Description : 
[15:20:29:978]	[OPER] ----- Initialize -----
[15:20:29:978]	[SEND] RESET
[15:20:30:024]	[RECV] A
[15:20:30:025]	[RECV] O
[15:20:30:027]	[SEND] HOM
[15:20:30:073]	[RECV] A
[15:20:41:164]	[RECV] O
[15:20:41:167]	[SEND] STATUS
[15:20:41:218]	[RECV] A
[15:20:41:219]	[RECV] S7350142B
[15:20:41:220]	[OPER] ----- Result : Completed, Description : 
[15:20:41:222]	[OPER] ----- ChangeToCassette -----
[15:20:41:223]	[SEND] RESET
[15:20:41:265]	[RECV] A
[15:20:41:266]	[RECV] O
[15:20:41:269]	[SEND] OC_MODE ON
[15:20:41:317]	[RECV] A
[15:20:41:318]	[RECV] O
[15:20:41:321]	[SEND] STATUS
[15:20:41:372]	[RECV] A
[15:20:41:374]	[RECV] S7350142B
[15:20:41:376]	[OPER] ----- Result : Completed, Description : 
[15:20:50:516]	[RECV] C00000004
[15:20:52:227]	[OPER] ----- Clamp -----
[15:20:52:227]	[SEND] RESET
[15:20:52:270]	[RECV] A
[15:20:52:271]	[RECV] O
[15:20:52:275]	[SEND] POD_LOCK ON
[15:20:52:326]	[RECV] A
[15:20:52:327]	[RECV] O
[15:20:52:330]	[SEND] STATUS
[15:20:52:381]	[RECV] A
[15:20:52:382]	[RECV] S7350142B
[15:20:52:384]	[OPER] ----- Result : Completed, Description : 
[15:20:52:857]	[OPER] ----- Load -----
[15:20:52:858]	[SEND] RESET
[15:20:52:902]	[RECV] A
[15:20:52:903]	[RECV] O
[15:20:52:906]	[SEND] CFG_SLOTS
[15:20:52:953]	[RECV] A
[15:20:52:954]	[RECV] 13
[15:20:52:958]	[SEND] LOAD O
[15:20:52:999]	[RECV] A
[15:21:05:208]	[RECV] M00000004,00000000,00000000
[15:21:05:217]	[SEND] STATUS
[15:21:05:268]	[RECV] A
[15:21:05:269]	[RECV] S33500C27
[15:21:05:271]	[OPER] ----- Result : Completed, Description : 
[15:25:44:814]	[RECV] C00000020
[15:25:48:335]	[RECV] C00000010
[15:33:53:326]	[RECV] C00000020
[15:34:23:690]	[OPER] ----- Initialize -----
[15:34:23:690]	[SEND] RESET
[15:34:23:742]	[RECV] A
[15:34:23:744]	[RECV] O
[15:34:23:746]	[SEND] HOM
[15:34:23:784]	[RECV] A
[15:34:47:812]	[RECV] O
[15:34:47:816]	[SEND] STATUS
[15:34:47:868]	[RECV] A
[15:34:47:869]	[RECV] S4150142B
[15:34:47:870]	[OPER] ----- Result : Completed, Description : 
[15:34:47:871]	[OPER] ----- ChangeToFoup -----
[15:34:47:871]	[SEND] RESET
[15:34:47:914]	[RECV] A
[15:34:47:915]	[RECV] O
[15:34:47:919]	[SEND] OC_MODE OFF
[15:34:47:968]	[RECV] A
[15:34:47:969]	[RECV] O
[15:34:47:972]	[SEND] STATUS
[15:34:48:024]	[RECV] A
[15:34:48:025]	[RECV] S4150142B
[15:34:48:026]	[OPER] ----- Result : Completed, Description : 
[15:34:56:533]	[OPER] ----- ChangeToCassette -----
[15:34:56:533]	[SEND] RESET
[15:34:56:576]	[RECV] A
[15:34:56:577]	[RECV] O
[15:34:56:580]	[SEND] OC_MODE ON
[15:34:56:627]	[RECV] A
[15:34:59:897]	[RECV] O
[15:34:59:901]	[SEND] STATUS
[15:34:59:954]	[RECV] A
[15:34:59:955]	[RECV] S4350142B
[15:34:59:956]	[OPER] ----- Result : Completed, Description : 
[15:35:05:111]	[RECV] C00000010
[15:35:12:353]	[RECV] C00000004
[15:35:14:052]	[OPER] ----- Clamp -----
[15:35:14:052]	[SEND] RESET
[15:35:14:095]	[RECV] A
[15:35:14:096]	[RECV] O
[15:35:14:100]	[SEND] POD_LOCK ON
[15:35:14:153]	[RECV] A
[15:35:14:154]	[RECV] O
[15:35:14:157]	[SEND] STATUS
[15:35:14:208]	[RECV] A
[15:35:14:209]	[RECV] S7350142B
[15:35:14:211]	[OPER] ----- Result : Completed, Description : 
[15:35:14:397]	[OPER] ----- Load -----
[15:35:14:397]	[SEND] RESET
[15:35:14:440]	[RECV] A
[15:35:14:441]	[RECV] O
[15:35:14:445]	[SEND] CFG_SLOTS
[15:35:14:494]	[RECV] A
[15:35:14:495]	[RECV] 13
[15:35:14:499]	[SEND] LOAD O
[15:35:14:540]	[RECV] A
[15:35:26:767]	[RECV] M00000008,00000000,00000000
[15:35:26:771]	[SEND] STATUS
[15:35:26:822]	[RECV] A
[15:35:26:823]	[RECV] S33500C27
[15:35:26:825]	[OPER] ----- Result : Completed, Description : 
[15:48:00:258]	[OPER] ----- Initialize -----
[15:48:00:258]	[SEND] RESET
[15:48:00:306]	[RECV] A
[15:48:00:307]	[RECV] O
[15:48:00:310]	[SEND] HOM
[15:48:00:352]	[RECV] A
[15:48:15:575]	[RECV] O
[15:48:15:579]	[SEND] STATUS
[15:48:15:630]	[RECV] A
[15:48:15:631]	[RECV] S7350142B
[15:48:15:633]	[OPER] ----- Result : Completed, Description : 
[15:48:15:634]	[OPER] ----- ChangeToCassette -----
[15:48:15:634]	[SEND] RESET
[15:48:15:676]	[RECV] A
[15:48:15:677]	[RECV] O
[15:48:15:680]	[SEND] OC_MODE ON
[15:48:15:728]	[RECV] A
[15:48:15:729]	[RECV] O
[15:48:15:733]	[SEND] STATUS
[15:48:15:784]	[RECV] A
[15:48:15:785]	[RECV] S7350142B
[15:48:15:787]	[OPER] ----- Result : Completed, Description : 
[17:34:06:677]	[OPER] ----- Initialize -----
[17:34:06:677]	[SEND] RESET
[17:34:06:725]	[RECV] A
[17:34:06:726]	[RECV] O
[17:34:06:729]	[SEND] HOM
[17:34:06:773]	[RECV] A
[17:34:17:821]	[RECV] O
[17:34:17:825]	[SEND] STATUS
[17:34:17:877]	[RECV] A
[17:34:17:878]	[RECV] S7350142B
[17:34:17:880]	[OPER] ----- Result : Completed, Description : 
[17:34:17:883]	[OPER] ----- ChangeToCassette -----
[17:34:17:883]	[SEND] RESET
[17:34:17:925]	[RECV] A
[17:34:17:926]	[RECV] O
[17:34:17:929]	[SEND] OC_MODE ON
[17:34:17:976]	[RECV] A
[17:34:17:977]	[RECV] O
[17:34:17:981]	[SEND] STATUS
[17:34:18:033]	[RECV] A
[17:34:18:034]	[RECV] S7350142B
[17:34:18:035]	[OPER] ----- Result : Completed, Description : 
[17:34:50:448]	[RECV] C00000020
[17:35:21:401]	[RECV] C00000010
[17:35:31:339]	[RECV] C00000004
[17:35:33:053]	[OPER] ----- Clamp -----
[17:35:33:053]	[SEND] RESET
[17:35:33:097]	[RECV] A
[17:35:33:098]	[RECV] O
[17:35:33:101]	[SEND] POD_LOCK ON
[17:35:33:153]	[RECV] A
[17:35:33:154]	[RECV] O
[17:35:33:157]	[SEND] STATUS
[17:35:33:209]	[RECV] A
[17:35:33:210]	[RECV] S7350142B
[17:35:33:212]	[OPER] ----- Result : Completed, Description : 
[17:35:33:687]	[OPER] ----- Load -----
[17:35:33:689]	[SEND] RESET
[17:35:33:733]	[RECV] A
[17:35:33:734]	[RECV] O
[17:35:33:737]	[SEND] CFG_SLOTS
[17:35:33:784]	[RECV] A
[17:35:33:785]	[RECV] 13
[17:35:33:788]	[SEND] LOAD O
[17:35:33:830]	[RECV] A
[17:35:45:890]	[RECV] M00000004,00000000,00000000
[17:35:45:902]	[SEND] STATUS
[17:35:45:953]	[RECV] A
[17:35:45:954]	[RECV] S33500C27
[17:35:45:955]	[OPER] ----- Result : Completed, Description : 
[17:40:09:691]	[OPER] ----- Initialize -----
[17:40:09:691]	[SEND] RESET
[17:40:09:739]	[RECV] A
[17:40:09:740]	[RECV] O
[17:40:09:743]	[SEND] HOM
[17:40:09:786]	[RECV] A
[17:40:24:982]	[RECV] O
[17:40:24:985]	[SEND] STATUS
[17:40:25:036]	[RECV] A
[17:40:25:037]	[RECV] S7350142B
[17:40:25:038]	[OPER] ----- Result : Completed, Description : 
[17:40:25:039]	[OPER] ----- ChangeToCassette -----
[17:40:25:039]	[SEND] RESET
[17:40:25:081]	[RECV] A
[17:40:25:082]	[RECV] O
[17:40:25:085]	[SEND] OC_MODE ON
[17:40:25:133]	[RECV] A
[17:40:25:134]	[RECV] O
[17:40:25:137]	[SEND] STATUS
[17:40:25:188]	[RECV] A
[17:40:25:189]	[RECV] S7350142B
[17:40:25:191]	[OPER] ----- Result : Completed, Description : 
[17:40:31:519]	[RECV] C00000004
[17:40:33:241]	[OPER] ----- Clamp -----
[17:40:33:241]	[SEND] RESET
[17:40:33:284]	[RECV] A
[17:40:33:285]	[RECV] O
[17:40:33:288]	[SEND] POD_LOCK ON
[17:40:33:339]	[RECV] A
[17:40:33:340]	[RECV] O
[17:40:33:344]	[SEND] STATUS
[17:40:33:396]	[RECV] A
[17:40:33:397]	[RECV] S7350142B
[17:40:33:398]	[OPER] ----- Result : Completed, Description : 
[17:40:33:876]	[OPER] ----- Load -----
[17:40:33:877]	[SEND] RESET
[17:40:33:920]	[RECV] A
[17:40:33:921]	[RECV] O
[17:40:33:924]	[SEND] CFG_SLOTS
[17:40:33:972]	[RECV] A
[17:40:33:973]	[RECV] 13
[17:40:33:976]	[SEND] LOAD O
[17:40:34:017]	[RECV] A
[17:40:46:101]	[RECV] M00000004,00000000,00000000
[17:40:46:111]	[SEND] STATUS
[17:40:46:162]	[RECV] A
[17:40:46:163]	[RECV] S33500C27
[17:40:46:165]	[OPER] ----- Result : Completed, Description : 
[17:43:20:940]	[OPER] ----- Initialize -----
[17:43:20:940]	[SEND] RESET
[17:43:20:988]	[RECV] A
[17:43:20:989]	[RECV] O
[17:43:20:992]	[SEND] HOM
[17:43:21:037]	[RECV] A
[17:43:36:151]	[RECV] O
[17:43:36:154]	[SEND] STATUS
[17:43:36:205]	[RECV] A
[17:43:36:206]	[RECV] S7350142B
[17:43:36:208]	[OPER] ----- Result : Completed, Description : 
[17:43:36:209]	[OPER] ----- ChangeToCassette -----
[17:43:36:209]	[SEND] RESET
[17:43:36:251]	[RECV] A
[17:43:36:252]	[RECV] O
[17:43:36:256]	[SEND] OC_MODE ON
[17:43:36:304]	[RECV] A
[17:43:36:305]	[RECV] O
[17:43:36:308]	[SEND] STATUS
[17:43:36:360]	[RECV] A
[17:43:36:361]	[RECV] S7350142B
[17:43:36:362]	[OPER] ----- Result : Completed, Description : 
[17:43:42:011]	[RECV] C00000004
[17:43:43:722]	[OPER] ----- Clamp -----
[17:43:43:722]	[SEND] RESET
[17:43:43:766]	[RECV] A
[17:43:43:767]	[RECV] O
[17:43:43:770]	[SEND] POD_LOCK ON
[17:43:43:822]	[RECV] A
[17:43:43:823]	[RECV] O
[17:43:43:826]	[SEND] STATUS
[17:43:43:878]	[RECV] A
[17:43:43:879]	[RECV] S7350142B
[17:43:43:880]	[OPER] ----- Result : Completed, Description : 
[17:43:44:363]	[OPER] ----- Load -----
[17:43:44:364]	[SEND] RESET
[17:43:44:407]	[RECV] A
[17:43:44:408]	[RECV] O
[17:43:44:411]	[SEND] CFG_SLOTS
[17:43:44:459]	[RECV] A
[17:43:44:460]	[RECV] 13
[17:43:44:463]	[SEND] LOAD O
[17:43:44:505]	[RECV] A
[17:43:56:564]	[RECV] M00000004,00000000,00000000
[17:43:56:572]	[SEND] STATUS
[17:43:56:624]	[RECV] A
[17:43:56:625]	[RECV] S33500C27
[17:43:56:626]	[OPER] ----- Result : Completed, Description : 
[18:40:33:193]	[RECV] C00000020
[18:41:10:975]	[OPER] ----- Initialize -----
[18:41:10:975]	[SEND] RESET
[18:41:11:026]	[RECV] A
[18:41:11:027]	[RECV] O
[18:41:11:030]	[SEND] HOM
[18:41:11:070]	[RECV] A
[18:41:35:194]	[RECV] O
[18:41:35:198]	[SEND] STATUS
[18:41:35:250]	[RECV] A
[18:41:35:251]	[RECV] S4150142B
[18:41:35:253]	[OPER] ----- Result : Completed, Description : 
[18:41:35:254]	[OPER] ----- ChangeToFoup -----
[18:41:35:254]	[SEND] RESET
[18:41:35:296]	[RECV] A
[18:41:35:297]	[RECV] O
[18:41:35:300]	[SEND] OC_MODE OFF
[18:41:35:350]	[RECV] A
[18:41:35:351]	[RECV] O
[18:41:35:354]	[SEND] STATUS
[18:41:35:406]	[RECV] A
[18:41:35:407]	[RECV] S4150142B
[18:41:35:408]	[OPER] ----- Result : Completed, Description : 
[18:43:27:384]	[OPER] ----- ChangeToFoup -----
[18:43:27:384]	[SEND] RESET
[18:43:27:427]	[RECV] A
[18:43:27:428]	[RECV] O
[18:43:27:433]	[SEND] OC_MODE OFF
[18:43:27:482]	[RECV] A
[18:43:27:483]	[RECV] O
[18:43:27:487]	[SEND] STATUS
[18:43:27:538]	[RECV] A
[18:43:27:539]	[RECV] S4150142B
[18:43:27:541]	[OPER] ----- Result : Completed, Description : 
[18:43:28:740]	[OPER] ----- ChangeToCassette -----
[18:43:28:740]	[SEND] RESET
[18:43:28:783]	[RECV] A
[18:43:28:784]	[RECV] O
[18:43:28:788]	[SEND] OC_MODE ON
[18:43:28:835]	[RECV] A
[18:43:31:995]	[RECV] O
[18:43:31:998]	[SEND] STATUS
[18:43:32:050]	[RECV] A
[18:43:32:051]	[RECV] S4350142B
[18:43:32:052]	[OPER] ----- Result : Completed, Description : 
[18:43:42:484]	[RECV] C00000010
[18:44:27:768]	[RECV] C00000004
[18:44:29:469]	[OPER] ----- Clamp -----
[18:44:29:469]	[SEND] RESET
[18:44:29:511]	[RECV] A
[18:44:29:512]	[RECV] O
[18:44:29:515]	[SEND] POD_LOCK ON
[18:44:29:567]	[RECV] A
[18:44:29:568]	[RECV] O
[18:44:29:572]	[SEND] STATUS
[18:44:29:625]	[RECV] A
[18:44:29:626]	[RECV] S7350142B
[18:44:29:628]	[OPER] ----- Result : Completed, Description : 
[18:44:29:814]	[OPER] ----- Load -----
[18:44:29:814]	[SEND] RESET
[18:44:29:855]	[RECV] A
[18:44:29:856]	[RECV] O
[18:44:29:860]	[SEND] CFG_SLOTS
[18:44:29:907]	[RECV] A
[18:44:29:908]	[RECV] 13
[18:44:29:911]	[SEND] LOAD O
[18:44:29:952]	[RECV] A
[18:44:42:198]	[RECV] M00000004,00000000,00000000
[18:44:42:202]	[SEND] STATUS
[18:44:42:254]	[RECV] A
[18:44:42:255]	[RECV] S33500C27
[18:44:42:257]	[OPER] ----- Result : Completed, Description : 
[18:55:16:624]	[RECV] C01000000
[18:57:26:845]	[OPER] ----- Initialize -----
[18:57:26:845]	[SEND] RESET
[18:57:26:894]	[RECV] A
[18:57:26:895]	[RECV] O
[18:57:26:899]	[SEND] HOM
[18:57:26:937]	[RECV] A
[18:57:42:211]	[RECV] O
[18:57:42:214]	[SEND] STATUS
[18:57:42:267]	[RECV] A
[18:57:42:267]	[RECV] S7350142B
[18:57:42:269]	[OPER] ----- Result : Completed, Description : 
[18:57:42:270]	[OPER] ----- ChangeToCassette -----
[18:57:42:270]	[SEND] RESET
[18:57:42:312]	[RECV] A
[18:57:42:313]	[RECV] O
[18:57:42:316]	[SEND] OC_MODE ON
[18:57:42:363]	[RECV] A
[18:57:42:364]	[RECV] O
[18:57:42:367]	[SEND] STATUS
[18:57:42:420]	[RECV] A
[18:57:42:421]	[RECV] S7350142B
[18:57:42:423]	[OPER] ----- Result : Completed, Description : 
[18:57:50:244]	[RECV] C00000004
[18:58:11:443]	[RECV] C00000004
[18:58:13:148]	[OPER] ----- Clamp -----
[18:58:13:148]	[SEND] RESET
[18:58:13:191]	[RECV] A
[18:58:13:192]	[RECV] O
[18:58:13:196]	[SEND] POD_LOCK ON
[18:58:13:247]	[RECV] A
[18:58:13:248]	[RECV] O
[18:58:13:252]	[SEND] STATUS
[18:58:13:304]	[RECV] A
[18:58:13:305]	[RECV] S7350142B
[18:58:13:306]	[OPER] ----- Result : Completed, Description : 
[18:58:13:492]	[OPER] ----- Load -----
[18:58:13:492]	[SEND] RESET
[18:58:13:534]	[RECV] A
[18:58:13:535]	[RECV] O
[18:58:13:538]	[SEND] CFG_SLOTS
[18:58:13:586]	[RECV] A
[18:58:13:587]	[RECV] 13
[18:58:13:590]	[SEND] LOAD O
[18:58:13:632]	[RECV] A
[18:58:25:832]	[RECV] M00000004,00000000,00000000
[18:58:25:835]	[SEND] STATUS
[18:58:25:887]	[RECV] A
[18:58:25:888]	[RECV] S33500C27
[18:58:25:889]	[OPER] ----- Result : Completed, Description : 
[19:30:14:504]	[RECV] C00000008
[19:30:16:187]	[OPER] ----- Unload -----
[19:30:16:187]	[SEND] RESET
[19:30:16:230]	[RECV] A
[19:30:16:231]	[RECV] O
[19:30:16:235]	[SEND] CFG_SLOTS
[19:30:16:283]	[RECV] A
[19:30:16:284]	[RECV] 13
[19:30:16:287]	[SEND] UNLOAD O
[19:30:16:330]	[RECV] A
[19:30:23:601]	[RECV] M00000004,00000000,00000000
[19:30:23:604]	[SEND] STATUS
[19:30:23:656]	[RECV] A
[19:30:23:657]	[RECV] S7350142B
[19:30:23:659]	[OPER] ----- Result : Completed, Description : 
[19:30:33:197]	[RECV] C00000020
[19:30:54:182]	[RECV] C00000010
[19:31:28:216]	[RECV] C00000004
[19:31:29:910]	[OPER] ----- Clamp -----
[19:31:29:910]	[SEND] RESET
[19:31:29:954]	[RECV] A
[19:31:29:955]	[RECV] O
[19:31:29:958]	[SEND] POD_LOCK ON
[19:31:30:010]	[RECV] A
[19:31:30:011]	[RECV] O
[19:31:30:014]	[SEND] STATUS
[19:31:30:065]	[RECV] A
[19:31:30:066]	[RECV] S7350142B
[19:31:30:068]	[OPER] ----- Result : Completed, Description : 
[19:31:30:253]	[OPER] ----- Load -----
[19:31:30:253]	[SEND] RESET
[19:31:30:295]	[RECV] A
[19:31:30:296]	[RECV] O
[19:31:30:299]	[SEND] CFG_SLOTS
[19:31:30:347]	[RECV] A
[19:31:30:348]	[RECV] 13
[19:31:30:351]	[SEND] LOAD O
[19:31:30:393]	[RECV] A
[19:31:42:627]	[RECV] M00000020,00000000,00000000
[19:31:42:631]	[SEND] STATUS
[19:31:42:683]	[RECV] A
[19:31:42:684]	[RECV] S33500C27
[19:31:42:685]	[OPER] ----- Result : Completed, Description : 
[19:32:40:034]	[RECV] C00000008
[19:32:41:742]	[OPER] ----- Unload -----
[19:32:41:742]	[SEND] RESET
[19:32:41:784]	[RECV] A
[19:32:41:785]	[RECV] O
[19:32:41:788]	[SEND] CFG_SLOTS
[19:32:41:835]	[RECV] A
[19:32:41:836]	[RECV] 13
[19:32:41:840]	[SEND] UNLOAD O
[19:32:41:883]	[RECV] A
[19:32:49:147]	[RECV] M00000020,00000000,00000000
[19:32:49:151]	[SEND] STATUS
[19:32:49:204]	[RECV] A
[19:32:49:205]	[RECV] S7350142B
[19:32:49:207]	[OPER] ----- Result : Completed, Description : 
[19:33:25:016]	[RECV] C00000020
