[17:11:50:978]	[RECV] C01000000
[20:51:44:434]	[OPER] ----- Initialize -----
[20:51:44:434]	[SEND] RESET
[20:51:44:484]	[RECV] A
[20:51:44:485]	[RECV] O
[20:51:44:488]	[SEND] HOM
[20:51:44:529]	[RECV] A
[20:52:02:183]	[RECV] O
[20:52:02:187]	[SEND] STATUS
[20:52:02:238]	[RECV] A
[20:52:02:239]	[RECV] S4150142B
[20:52:02:241]	[OPER] ----- Result : Completed, Description : 
[20:52:02:242]	[OPER] ----- ChangeToFoup -----
[20:52:02:242]	[SEND] RESET
[20:52:02:284]	[RECV] A
[20:52:02:285]	[RECV] O
[20:52:02:289]	[SEND] OC_MODE OFF
[20:52:02:337]	[RECV] A
[20:52:02:338]	[RECV] O
[20:52:02:342]	[SEND] STATUS
[20:52:02:394]	[RECV] A
[20:52:02:395]	[RECV] S4150142B
[20:52:02:396]	[OPER] ----- Result : Completed, Description : 
[20:56:07:304]	[RECV] C01000000
[21:01:49:152]	[OPER] ----- Initialize -----
[21:01:49:152]	[SEND] RESET
[21:01:49:201]	[RECV] A
[21:01:49:202]	[RECV] O
[21:01:49:204]	[SEND] HOM
[21:01:49:246]	[RECV] A
[21:02:06:341]	[RECV] O
[21:02:06:345]	[SEND] STATUS
[21:02:06:397]	[RECV] A
[21:02:06:398]	[RECV] S4150142B
[21:02:06:399]	[OPER] ----- Result : Completed, Description : 
[21:02:06:400]	[OPER] ----- ChangeToFoup -----
[21:02:06:400]	[SEND] RESET
[21:02:06:443]	[RECV] A
[21:02:06:444]	[RECV] O
[21:02:06:448]	[SEND] OC_MODE OFF
[21:02:06:497]	[RECV] A
[21:02:06:498]	[RECV] O
[21:02:06:501]	[SEND] STATUS
[21:02:06:553]	[RECV] A
[21:02:06:554]	[RECV] S4150142B
[21:02:06:555]	[OPER] ----- Result : Completed, Description : 
[21:02:54:767]	[OPER] ----- ChangeToCassette -----
[21:02:54:767]	[SEND] RESET
[21:02:54:809]	[RECV] A
[21:02:54:810]	[RECV] O
[21:02:54:814]	[SEND] OC_MODE ON
[21:02:54:859]	[RECV] A
[21:02:57:921]	[RECV] O
[21:02:57:924]	[SEND] STATUS
[21:02:57:976]	[RECV] A
[21:02:57:977]	[RECV] S4350142B
[21:02:57:979]	[OPER] ----- Result : Completed, Description : 
[21:06:15:370]	[RECV] C00000010
[21:06:17:300]	[RECV] C00000004
[21:06:18:994]	[OPER] ----- Clamp -----
[21:06:18:994]	[SEND] RESET
[21:06:19:036]	[RECV] A
[21:06:19:037]	[RECV] O
[21:06:19:040]	[SEND] POD_LOCK ON
[21:06:19:091]	[RECV] A
[21:06:19:092]	[RECV] O
[21:06:19:096]	[SEND] STATUS
[21:06:19:148]	[RECV] A
[21:06:19:149]	[RECV] S7350142B
[21:06:19:151]	[OPER] ----- Result : Completed, Description : 
[21:06:19:744]	[OPER] ----- Load -----
[21:06:19:744]	[SEND] RESET
[21:06:19:786]	[RECV] A
[21:06:19:787]	[RECV] O
[21:06:19:790]	[SEND] CFG_SLOTS
[21:06:19:838]	[RECV] A
[21:06:19:839]	[RECV] 13
[21:06:19:842]	[SEND] LOAD O
[21:06:19:883]	[RECV] A
[21:06:31:997]	[RECV] M00000000,00000000,00000000
[21:06:32:000]	[SEND] STATUS
[21:06:32:051]	[RECV] A
[21:06:32:052]	[RECV] S33500C27
[21:06:32:054]	[OPER] ----- Result : Completed, Description : 
[21:08:52:851]	[OPER] ----- Initialize -----
[21:08:52:851]	[SEND] RESET
[21:08:52:898]	[RECV] A
[21:08:52:899]	[RECV] O
[21:08:52:902]	[SEND] HOM
[21:08:52:947]	[RECV] A
[21:09:08:164]	[RECV] O
[21:09:08:168]	[SEND] STATUS
[21:09:08:218]	[RECV] A
[21:09:08:219]	[RECV] S7350142B
[21:09:08:223]	[OPER] ----- Result : Completed, Description : 
[21:09:08:226]	[OPER] ----- ChangeToCassette -----
[21:09:08:226]	[SEND] RESET
[21:09:08:269]	[RECV] A
[21:09:08:270]	[RECV] O
[21:09:08:273]	[SEND] OC_MODE ON
[21:09:08:321]	[RECV] A
[21:09:08:322]	[RECV] O
[21:09:08:325]	[SEND] STATUS
[21:09:08:377]	[RECV] A
[21:09:08:378]	[RECV] S7350142B
[21:09:08:379]	[OPER] ----- Result : Completed, Description : 
[21:12:15:575]	[OPER] ----- Clamp -----
[21:12:15:575]	[SEND] RESET
[21:12:15:621]	[RECV] A
[21:12:15:622]	[RECV] O
[21:12:15:625]	[SEND] POD_LOCK ON
[21:12:15:678]	[RECV] A
[21:12:15:679]	[RECV] O
[21:12:15:683]	[SEND] STATUS
[21:12:15:733]	[RECV] A
[21:12:15:734]	[RECV] S7350142B
[21:12:15:734]	[OPER] ----- Result : Completed, Description : 
[21:12:16:754]	[OPER] ----- Load -----
[21:12:16:754]	[SEND] RESET
[21:12:16:797]	[RECV] A
[21:12:16:798]	[RECV] O
[21:12:16:803]	[SEND] CFG_SLOTS
[21:12:16:850]	[RECV] A
[21:12:16:851]	[RECV] 13
[21:12:16:855]	[SEND] LOAD O
[21:12:16:896]	[RECV] A
[21:12:29:006]	[RECV] M00000000,00000000,00000000
[21:12:29:022]	[SEND] STATUS
[21:12:29:074]	[RECV] A
[21:12:29:079]	[RECV] S33500C27
[21:12:29:081]	[OPER] ----- Result : Completed, Description : 
[21:12:39:248]	[OPER] ----- Unload -----
[21:12:39:249]	[SEND] RESET
[21:12:39:297]	[RECV] A
[21:12:39:298]	[RECV] O
[21:12:39:301]	[SEND] CFG_SLOTS
[21:12:39:357]	[RECV] A
[21:12:39:358]	[RECV] 13
[21:12:39:361]	[SEND] UNLOAD O
[21:12:39:406]	[RECV] A
[21:12:46:624]	[RECV] M00000000,00000000,00000000
[21:12:46:628]	[SEND] STATUS
[21:12:46:680]	[RECV] A
[21:12:46:681]	[RECV] S7350142B
[21:12:46:682]	[OPER] ----- Result : Completed, Description : 
[21:15:52:293]	[OPER] ----- Initialize -----
[21:15:52:293]	[SEND] RESET
[21:15:52:342]	[RECV] A
[21:15:52:343]	[RECV] O
[21:15:52:347]	[SEND] HOM
[21:15:52:388]	[RECV] A
[21:16:03:452]	[RECV] O
[21:16:03:456]	[SEND] STATUS
[21:16:03:506]	[RECV] A
[21:16:03:507]	[RECV] S7350142B
[21:16:03:509]	[OPER] ----- Result : Completed, Description : 
[21:16:03:512]	[OPER] ----- ChangeToCassette -----
[21:16:03:513]	[SEND] RESET
[21:16:03:558]	[RECV] A
[21:16:03:559]	[RECV] O
[21:16:03:563]	[SEND] OC_MODE ON
[21:16:03:617]	[RECV] A
[21:16:03:618]	[RECV] O
[21:16:03:621]	[SEND] STATUS
[21:16:03:673]	[RECV] A
[21:16:03:674]	[RECV] S7350142B
[21:16:03:675]	[OPER] ----- Result : Completed, Description : 
[21:16:26:918]	[OPER] ----- Clamp -----
[21:16:26:918]	[SEND] RESET
[21:16:26:965]	[RECV] A
[21:16:26:966]	[RECV] O
[21:16:26:968]	[SEND] POD_LOCK ON
[21:16:27:023]	[RECV] A
[21:16:27:024]	[RECV] O
[21:16:27:027]	[SEND] STATUS
[21:16:27:080]	[RECV] A
[21:16:27:081]	[RECV] S7350142B
[21:16:27:083]	[OPER] ----- Result : Completed, Description : 
[21:16:28:110]	[OPER] ----- Load -----
[21:16:28:110]	[SEND] RESET
[21:16:28:154]	[RECV] A
[21:16:28:155]	[RECV] O
[21:16:28:159]	[SEND] CFG_SLOTS
[21:16:28:207]	[RECV] A
[21:16:28:208]	[RECV] 13
[21:16:28:212]	[SEND] LOAD O
[21:16:28:255]	[RECV] A
[21:16:40:363]	[RECV] M00000000,00000000,00000000
[21:16:40:373]	[SEND] STATUS
[21:16:40:426]	[RECV] A
[21:16:40:427]	[RECV] S33500C27
[21:16:40:429]	[OPER] ----- Result : Completed, Description : 
[21:17:39:657]	[OPER] ----- Unload -----
[21:17:39:657]	[SEND] RESET
[21:17:39:707]	[RECV] A
[21:17:39:708]	[RECV] O
[21:17:39:712]	[SEND] CFG_SLOTS
[21:17:39:762]	[RECV] A
[21:17:39:763]	[RECV] 13
[21:17:39:767]	[SEND] UNLOAD O
[21:17:39:811]	[RECV] A
[21:17:47:045]	[RECV] M00000000,00000000,00000000
[21:17:47:049]	[SEND] STATUS
[21:17:47:101]	[RECV] A
[21:17:47:102]	[RECV] S7350142B
[21:17:47:103]	[OPER] ----- Result : Completed, Description : 
