[09:19:59:101]	[OPER] ----- Initialize -----
[09:19:59:101]	[SEND] RESET
[09:19:59:154]	[RECV] A
[09:19:59:155]	[RECV] O
[09:19:59:159]	[SEND] HOM
[09:19:59:197]	[RECV] A
[09:20:19:200]	[RECV] O
[09:20:19:204]	[SEND] STATUS
[09:20:19:255]	[RECV] A
[09:20:19:256]	[RECV] S4150142B
[09:20:19:258]	[OPER] ----- Result : Completed, Description : 
[09:20:19:259]	[OPER] ----- ChangeToFoup -----
[09:20:19:259]	[SEND] RESET
[09:20:19:301]	[RECV] A
[09:20:19:302]	[RECV] O
[09:20:19:305]	[SEND] OC_MODE OFF
[09:20:19:354]	[RECV] A
[09:20:19:355]	[RECV] O
[09:20:19:358]	[SEND] STATUS
[09:20:19:409]	[RECV] A
[09:20:19:410]	[RECV] S4150142B
[09:20:19:412]	[OPER] ----- Result : Completed, Description : 
[14:10:50:668]	[RECV] C01000000
[14:54:32:336]	[OPER] ----- Initialize -----
[14:54:32:336]	[SEND] RESET
[14:54:32:386]	[RECV] A
[14:54:32:387]	[RECV] O
[14:54:32:390]	[SEND] HOM
[14:54:32:428]	[RECV] A
[14:54:49:569]	[RECV] O
[14:54:49:573]	[SEND] STATUS
[14:54:49:625]	[RECV] A
[14:54:49:626]	[RECV] S4150142B
[14:54:49:627]	[OPER] ----- Result : Completed, Description : 
[14:54:49:628]	[OPER] ----- ChangeToFoup -----
[14:54:49:628]	[SEND] RESET
[14:54:49:670]	[RECV] A
[14:54:49:671]	[RECV] O
[14:54:49:674]	[SEND] OC_MODE OFF
[14:54:49:723]	[RECV] A
[14:54:49:724]	[RECV] O
[14:54:49:728]	[SEND] STATUS
[14:54:49:780]	[RECV] A
[14:54:49:781]	[RECV] S4150142B
[14:54:49:782]	[OPER] ----- Result : Completed, Description : 
[14:54:54:346]	[OPER] ----- ChangeToCassette -----
[14:54:54:346]	[SEND] RESET
[14:54:54:389]	[RECV] A
[14:54:54:390]	[RECV] O
[14:54:54:394]	[SEND] OC_MODE ON
[14:54:54:438]	[RECV] A
[14:54:57:680]	[RECV] O
[14:54:57:683]	[SEND] STATUS
[14:54:57:735]	[RECV] A
[14:54:57:736]	[RECV] S4350142B
[14:54:57:737]	[OPER] ----- Result : Completed, Description : 
[14:55:03:657]	[RECV] C00000010
[14:57:07:740]	[RECV] C01000000
[14:59:36:005]	[OPER] ----- Initialize -----
[14:59:36:005]	[SEND] RESET
[14:59:36:054]	[RECV] A
[14:59:36:055]	[RECV] O
[14:59:36:059]	[SEND] HOM
[14:59:36:099]	[RECV] A
[14:59:47:195]	[RECV] O
[14:59:47:198]	[SEND] STATUS
[14:59:47:250]	[RECV] A
[14:59:47:251]	[RECV] S7350142B
[14:59:47:252]	[OPER] ----- Result : Completed, Description : 
[14:59:47:255]	[OPER] ----- ChangeToCassette -----
[14:59:47:255]	[SEND] RESET
[14:59:47:298]	[RECV] A
[14:59:47:299]	[RECV] O
[14:59:47:302]	[SEND] OC_MODE ON
[14:59:47:350]	[RECV] A
[14:59:47:351]	[RECV] O
[14:59:47:354]	[SEND] STATUS
[14:59:47:406]	[RECV] A
[14:59:47:407]	[RECV] S7350142B
[14:59:47:408]	[OPER] ----- Result : Completed, Description : 
[15:00:25:001]	[RECV] C01000000
[15:01:15:139]	[OPER] ----- Initialize -----
[15:01:15:139]	[SEND] RESET
[15:01:15:189]	[RECV] A
[15:01:15:190]	[RECV] O
[15:01:15:193]	[SEND] HOM
[15:01:15:234]	[RECV] A
[15:01:26:329]	[RECV] O
[15:01:26:333]	[SEND] STATUS
[15:01:26:383]	[RECV] A
[15:01:26:384]	[RECV] S7350142B
[15:01:26:386]	[OPER] ----- Result : Completed, Description : 
[15:01:26:387]	[OPER] ----- ChangeToCassette -----
[15:01:26:387]	[SEND] RESET
[15:01:26:429]	[RECV] A
[15:01:26:430]	[RECV] O
[15:01:26:433]	[SEND] OC_MODE ON
[15:01:26:481]	[RECV] A
[15:01:26:482]	[RECV] O
[15:01:26:485]	[SEND] STATUS
[15:01:26:537]	[RECV] A
[15:01:26:539]	[RECV] S7350142B
[15:01:26:541]	[OPER] ----- Result : Completed, Description : 
[15:03:01:536]	[RECV] C00000020
[15:03:39:561]	[RECV] C00000010
[15:04:45:930]	[OPER] ----- Clamp -----
[15:04:45:930]	[SEND] RESET
[15:04:45:979]	[RECV] A
[15:04:45:981]	[RECV] O
[15:04:45:984]	[SEND] POD_LOCK ON
[15:04:46:036]	[RECV] A
[15:04:46:037]	[RECV] O
[15:04:46:040]	[SEND] STATUS
[15:04:46:093]	[RECV] A
[15:04:46:094]	[RECV] S7350142B
[15:04:46:096]	[OPER] ----- Result : Completed, Description : 
[15:04:47:157]	[OPER] ----- Load -----
[15:04:47:157]	[SEND] RESET
[15:04:47:198]	[RECV] A
[15:04:47:199]	[RECV] O
[15:04:47:203]	[SEND] CFG_SLOTS
[15:04:47:251]	[RECV] A
[15:04:47:252]	[RECV] 13
[15:04:47:254]	[SEND] LOAD O
[15:04:47:296]	[RECV] A
[15:04:59:539]	[RECV] M00000402,00000000,00000000
[15:04:59:543]	[SEND] STATUS
[15:04:59:595]	[RECV] A
[15:04:59:596]	[RECV] S33500C27
[15:04:59:596]	[OPER] ----- Result : Completed, Description : 
[15:42:23:397]	[OPER] ----- Initialize -----
[15:42:23:397]	[SEND] RESET
[15:42:23:444]	[RECV] A
[15:42:23:445]	[RECV] O
[15:42:23:449]	[SEND] HOM
[15:42:23:493]	[RECV] A
[15:42:38:665]	[RECV] O
[15:42:38:669]	[SEND] STATUS
[15:42:38:721]	[RECV] A
[15:42:38:722]	[RECV] S7350142B
[15:42:38:723]	[OPER] ----- Result : Completed, Description : 
[15:42:38:724]	[OPER] ----- ChangeToCassette -----
[15:42:38:724]	[SEND] RESET
[15:42:38:767]	[RECV] A
[15:42:38:768]	[RECV] O
[15:42:38:772]	[SEND] OC_MODE ON
[15:42:38:820]	[RECV] A
[15:42:38:821]	[RECV] O
[15:42:38:824]	[SEND] STATUS
[15:42:38:875]	[RECV] A
[15:42:38:876]	[RECV] S7350142B
[15:42:38:877]	[OPER] ----- Result : Completed, Description : 
[15:44:35:868]	[RECV] C01000000
[15:48:17:243]	[OPER] ----- Initialize -----
[15:48:17:243]	[SEND] RESET
[15:48:17:292]	[RECV] A
[15:48:17:293]	[RECV] O
[15:48:17:297]	[SEND] HOM
[15:48:17:337]	[RECV] A
[15:48:28:418]	[RECV] O
[15:48:28:422]	[SEND] STATUS
[15:48:28:473]	[RECV] A
[15:48:28:474]	[RECV] S7350142B
[15:48:28:475]	[OPER] ----- Result : Completed, Description : 
[15:48:28:476]	[OPER] ----- ChangeToCassette -----
[15:48:28:476]	[SEND] RESET
[15:48:28:519]	[RECV] A
[15:48:28:520]	[RECV] O
[15:48:28:524]	[SEND] OC_MODE ON
[15:48:28:571]	[RECV] A
[15:48:28:572]	[RECV] O
[15:48:28:575]	[SEND] STATUS
[15:48:28:628]	[RECV] A
[15:48:28:629]	[RECV] S7350142B
[15:48:28:631]	[OPER] ----- Result : Completed, Description : 
[16:05:49:328]	[RECV] C01000000
[16:06:56:038]	[OPER] ----- Initialize -----
[16:06:56:038]	[SEND] RESET
[16:06:56:088]	[RECV] A
[16:06:56:089]	[RECV] O
[16:06:56:092]	[SEND] HOM
[16:06:56:131]	[RECV] A
[16:07:07:182]	[RECV] O
[16:07:07:185]	[SEND] STATUS
[16:07:07:235]	[RECV] A
[16:07:07:236]	[RECV] S7350142B
[16:07:07:238]	[OPER] ----- Result : Completed, Description : 
[16:07:07:239]	[OPER] ----- ChangeToCassette -----
[16:07:07:239]	[SEND] RESET
[16:07:07:282]	[RECV] A
[16:07:07:283]	[RECV] O
[16:07:07:287]	[SEND] OC_MODE ON
[16:07:07:335]	[RECV] A
[16:07:07:336]	[RECV] O
[16:07:07:339]	[SEND] STATUS
[16:07:07:391]	[RECV] A
[16:07:07:392]	[RECV] S7350142B
[16:07:07:393]	[OPER] ----- Result : Completed, Description : 
[16:11:52:133]	[OPER] ----- Clamp -----
[16:11:52:133]	[SEND] RESET
[16:11:52:179]	[RECV] A
[16:11:52:180]	[RECV] O
[16:11:52:182]	[SEND] POD_LOCK ON
[16:11:52:234]	[RECV] A
[16:11:52:235]	[RECV] O
[16:11:52:238]	[SEND] STATUS
[16:11:52:289]	[RECV] A
[16:11:52:290]	[RECV] S7350142B
[16:11:52:291]	[OPER] ----- Result : Completed, Description : 
[16:11:53:331]	[OPER] ----- Load -----
[16:11:53:331]	[SEND] RESET
[16:11:53:373]	[RECV] A
[16:11:53:374]	[RECV] O
[16:11:53:379]	[SEND] CFG_SLOTS
[16:11:53:428]	[RECV] A
[16:11:53:429]	[RECV] 13
[16:11:53:433]	[SEND] LOAD O
[16:11:53:474]	[RECV] A
[16:12:05:549]	[RECV] M00000024,00000000,00000000
[16:12:05:554]	[SEND] STATUS
[16:12:05:605]	[RECV] A
[16:12:05:606]	[RECV] S33500C27
[16:12:05:608]	[OPER] ----- Result : Completed, Description : 
[17:02:27:749]	[OPER] ----- Initialize -----
[17:02:27:749]	[SEND] RESET
[17:02:27:796]	[RECV] A
[17:02:27:797]	[RECV] O
[17:02:27:800]	[SEND] HOM
[17:02:27:840]	[RECV] A
[17:02:43:066]	[RECV] O
[17:02:43:070]	[SEND] STATUS
[17:02:43:120]	[RECV] A
[17:02:43:121]	[RECV] S7350142B
[17:02:43:123]	[OPER] ----- Result : Completed, Description : 
[17:02:43:124]	[OPER] ----- ChangeToCassette -----
[17:02:43:124]	[SEND] RESET
[17:02:43:167]	[RECV] A
[17:02:43:168]	[RECV] O
[17:02:43:172]	[SEND] OC_MODE ON
[17:02:43:219]	[RECV] A
[17:02:43:220]	[RECV] O
[17:02:43:224]	[SEND] STATUS
[17:02:43:276]	[RECV] A
[17:02:43:277]	[RECV] S7350142B
[17:02:43:278]	[OPER] ----- Result : Completed, Description : 
[17:03:01:025]	[OPER] ----- Clamp -----
[17:03:01:025]	[SEND] RESET
[17:03:01:070]	[RECV] A
[17:03:01:071]	[RECV] O
[17:03:01:074]	[SEND] POD_LOCK ON
[17:03:01:128]	[RECV] A
[17:03:01:129]	[RECV] O
[17:03:01:131]	[SEND] STATUS
[17:03:01:758]	[RECV] A
[17:03:01:760]	[RECV] S7350142B
[17:03:01:762]	[OPER] ----- Result : Completed, Description : 
[17:03:02:233]	[OPER] ----- Load -----
[17:03:02:233]	[SEND] RESET
[17:03:02:276]	[RECV] A
[17:03:02:277]	[RECV] O
[17:03:02:280]	[SEND] CFG_SLOTS
[17:03:02:328]	[RECV] A
[17:03:02:329]	[RECV] 13
[17:03:02:332]	[SEND] LOAD O
[17:03:02:374]	[RECV] A
[17:03:14:548]	[RECV] M00000220,00000000,00000000
[17:03:14:553]	[SEND] STATUS
[17:03:14:605]	[RECV] A
[17:03:14:606]	[RECV] S33500C27
[17:03:14:607]	[OPER] ----- Result : Completed, Description : 
[17:42:56:178]	[RECV] C00000010
[17:43:22:855]	[OPER] ----- Initialize -----
[17:43:22:855]	[SEND] RESET
[17:43:22:904]	[RECV] A
[17:43:22:905]	[RECV] O
[17:43:22:909]	[SEND] HOM
[17:43:22:950]	[RECV] A
[17:43:38:119]	[RECV] O
[17:43:38:124]	[SEND] STATUS
[17:43:38:176]	[RECV] A
[17:43:38:177]	[RECV] S7350142B
[17:43:38:178]	[OPER] ----- Result : Completed, Description : 
[17:43:38:179]	[OPER] ----- ChangeToCassette -----
[17:43:38:179]	[SEND] RESET
[17:43:38:221]	[RECV] A
[17:43:38:222]	[RECV] O
[17:43:38:225]	[SEND] OC_MODE ON
[17:43:38:273]	[RECV] A
[17:43:38:274]	[RECV] O
[17:43:38:277]	[SEND] STATUS
[17:43:38:329]	[RECV] A
[17:43:38:330]	[RECV] S7350142B
[17:43:38:331]	[OPER] ----- Result : Completed, Description : 
[17:43:45:977]	[OPER] ----- Clamp -----
[17:43:45:977]	[SEND] RESET
[17:43:46:024]	[RECV] A
[17:43:46:025]	[RECV] O
[17:43:46:028]	[SEND] POD_LOCK ON
[17:43:46:083]	[RECV] A
[17:43:46:084]	[RECV] O
[17:43:46:086]	[SEND] STATUS
[17:43:46:137]	[RECV] A
[17:43:46:138]	[RECV] S7350142B
[17:43:46:139]	[OPER] ----- Result : Completed, Description : 
[17:43:47:178]	[OPER] ----- Load -----
[17:43:47:178]	[SEND] RESET
[17:43:47:221]	[RECV] A
[17:43:47:222]	[RECV] O
[17:43:47:225]	[SEND] CFG_SLOTS
[17:43:47:273]	[RECV] A
[17:43:47:274]	[RECV] 13
[17:43:47:277]	[SEND] LOAD O
[17:43:47:319]	[RECV] A
[17:43:59:446]	[RECV] M00000202,00000000,00000000
[17:43:59:450]	[SEND] STATUS
[17:43:59:504]	[RECV] A
[17:43:59:505]	[RECV] S33500C27
[17:43:59:506]	[OPER] ----- Result : Completed, Description : 
[17:54:05:245]	[RECV] C00000008
[17:54:06:943]	[OPER] ----- Unload -----
[17:54:06:943]	[SEND] RESET
[17:54:06:986]	[RECV] A
[17:54:06:987]	[RECV] O
[17:54:06:991]	[SEND] CFG_SLOTS
[17:54:07:040]	[RECV] A
[17:54:07:041]	[RECV] 13
[17:54:07:045]	[SEND] UNLOAD O
[17:54:07:087]	[RECV] A
[17:54:14:304]	[RECV] M00000202,00000000,00000000
[17:54:14:307]	[SEND] STATUS
[17:54:14:359]	[RECV] A
[17:54:14:360]	[RECV] S7350142B
[17:54:14:361]	[OPER] ----- Result : Completed, Description : 
[17:54:37:836]	[RECV] C00000020
[17:55:16:570]	[OPER] ----- Initialize -----
[17:55:16:570]	[SEND] RESET
[17:55:16:620]	[RECV] A
[17:55:16:621]	[RECV] O
[17:55:16:624]	[SEND] HOM
[17:55:16:667]	[RECV] A
[17:55:36:538]	[RECV] O
[17:55:36:541]	[SEND] STATUS
[17:55:36:593]	[RECV] A
[17:55:36:594]	[RECV] S4150142B
[17:55:36:595]	[OPER] ----- Result : Completed, Description : 
[17:55:36:596]	[OPER] ----- ChangeToFoup -----
[17:55:36:596]	[SEND] RESET
[17:55:36:638]	[RECV] A
[17:55:36:639]	[RECV] O
[17:55:36:642]	[SEND] OC_MODE OFF
[17:55:36:691]	[RECV] A
[17:55:36:692]	[RECV] O
[17:55:36:696]	[SEND] STATUS
[17:55:36:749]	[RECV] A
[17:55:36:750]	[RECV] S4150142B
[17:55:36:752]	[OPER] ----- Result : Completed, Description : 
[17:55:39:116]	[OPER] ----- ChangeToCassette -----
[17:55:39:116]	[SEND] RESET
[17:55:39:158]	[RECV] A
[17:55:39:159]	[RECV] O
[17:55:39:163]	[SEND] OC_MODE ON
[17:55:39:208]	[RECV] A
[17:55:42:270]	[RECV] O
[17:55:42:273]	[SEND] STATUS
[17:55:42:324]	[RECV] A
[17:55:42:325]	[RECV] S4350142B
[17:55:42:327]	[OPER] ----- Result : Completed, Description : 
[17:55:46:964]	[RECV] C00000010
[17:56:12:473]	[OPER] ----- Clamp -----
[17:56:12:473]	[SEND] RESET
[17:56:12:515]	[RECV] A
[17:56:12:516]	[RECV] O
[17:56:12:520]	[SEND] POD_LOCK ON
[17:56:12:573]	[RECV] A
[17:56:12:574]	[RECV] O
[17:56:12:578]	[SEND] STATUS
[17:56:12:629]	[RECV] A
[17:56:12:630]	[RECV] S7350142B
[17:56:12:631]	[OPER] ----- Result : Completed, Description : 
[17:56:12:813]	[OPER] ----- Load -----
[17:56:12:813]	[SEND] RESET
[17:56:12:856]	[RECV] A
[17:56:12:857]	[RECV] O
[17:56:12:861]	[SEND] CFG_SLOTS
[17:56:12:908]	[RECV] A
[17:56:12:909]	[RECV] 13
[17:56:12:912]	[SEND] LOAD O
[17:56:12:953]	[RECV] A
[17:56:25:004]	[RECV] M00000280,00000000,00000000
[17:56:25:008]	[SEND] STATUS
[17:56:25:060]	[RECV] A
[17:56:25:061]	[RECV] S33500C27
[17:56:25:062]	[OPER] ----- Result : Completed, Description : 
[18:01:51:005]	[OPER] ----- Initialize -----
[18:01:51:005]	[SEND] RESET
[18:01:51:053]	[RECV] A
[18:01:51:054]	[RECV] O
[18:01:51:057]	[SEND] HOM
[18:01:51:100]	[RECV] A
[18:02:06:382]	[RECV] O
[18:02:06:385]	[SEND] STATUS
[18:02:06:437]	[RECV] A
[18:02:06:438]	[RECV] S7350142B
[18:02:06:439]	[OPER] ----- Result : Completed, Description : 
[18:02:06:440]	[OPER] ----- ChangeToCassette -----
[18:02:06:440]	[SEND] RESET
[18:02:06:482]	[RECV] A
[18:02:06:483]	[RECV] O
[18:02:06:486]	[SEND] OC_MODE ON
[18:02:06:534]	[RECV] A
[18:02:06:535]	[RECV] O
[18:02:06:538]	[SEND] STATUS
[18:02:06:589]	[RECV] A
[18:02:06:590]	[RECV] S7350142B
[18:02:06:591]	[OPER] ----- Result : Completed, Description : 
