[10:00:16:374]	[OPER] ----- Initialize -----
[10:00:16:374]	[SEND] RESET
[10:00:16:430]	[RECV] A
[10:00:16:431]	[RECV] O
[10:00:16:434]	[SEND] HOM
[10:00:16:477]	[RECV] A
[10:00:28:155]	[RECV] O
[10:00:28:158]	[SEND] STATUS
[10:00:28:209]	[RECV] A
[10:00:28:210]	[RECV] S7350142B
[10:00:28:212]	[OPER] ----- Result : Completed, Description : 
[10:00:28:215]	[OPER] ----- ChangeToCassette -----
[10:00:28:216]	[SEND] RESET
[10:00:28:258]	[RECV] A
[10:00:28:259]	[RECV] O
[10:00:28:262]	[SEND] OC_MODE ON
[10:00:28:310]	[RECV] A
[10:00:28:311]	[RECV] O
[10:00:28:314]	[SEND] STATUS
[10:00:28:365]	[RECV] A
[10:00:28:366]	[RECV] S7350142B
[10:00:28:367]	[OPER] ----- Result : Completed, Description : 
[10:00:56:756]	[OPER] ----- Clamp -----
[10:00:56:756]	[SEND] RESET
[10:00:56:800]	[RECV] A
[10:00:56:801]	[RECV] O
[10:00:56:804]	[SEND] POD_LOCK ON
[10:00:56:858]	[RECV] A
[10:00:56:859]	[RECV] O
[10:00:56:862]	[SEND] STATUS
[10:00:56:915]	[RECV] A
[10:00:57:727]	[RECV] S7350142B
[10:00:57:729]	[OPER] ----- Result : Completed, Description : 
[10:00:58:318]	[OPER] ----- Load -----
[10:00:58:318]	[SEND] RESET
[10:00:58:361]	[RECV] A
[10:00:58:362]	[RECV] O
[10:00:58:367]	[SEND] CFG_SLOTS
[10:00:58:415]	[RECV] A
[10:00:58:416]	[RECV] 13
[10:00:58:419]	[SEND] LOAD O
[10:00:58:460]	[RECV] A
[10:01:10:767]	[RECV] M00000000,00000000,00000000
[10:01:10:774]	[SEND] STATUS
[10:01:10:825]	[RECV] A
[10:01:10:826]	[RECV] S33500C27
[10:01:10:826]	[OPER] ----- Result : Completed, Description : 
[10:10:51:668]	[OPER] ----- Unload -----
[10:10:51:668]	[SEND] RESET
[10:10:51:712]	[RECV] A
[10:10:51:713]	[RECV] O
[10:10:51:716]	[SEND] CFG_SLOTS
[10:10:51:764]	[RECV] A
[10:10:51:765]	[RECV] 13
[10:10:51:770]	[SEND] UNLOAD O
[10:10:51:813]	[RECV] A
[10:10:59:183]	[RECV] M00000000,00000000,00000000
[10:10:59:187]	[SEND] STATUS
[10:10:59:240]	[RECV] A
[10:10:59:241]	[RECV] S7350142B
[10:10:59:243]	[OPER] ----- Result : Completed, Description : 
[10:11:01:260]	[OPER] ----- Clamp -----
[10:11:01:260]	[SEND] RESET
[10:11:01:302]	[RECV] A
[10:11:01:303]	[RECV] O
[10:11:01:305]	[SEND] POD_LOCK ON
[10:11:01:357]	[RECV] A
[10:11:01:358]	[RECV] O
[10:11:01:363]	[SEND] STATUS
[10:11:01:416]	[RECV] A
[10:11:01:417]	[RECV] S7350142B
[10:11:01:420]	[OPER] ----- Result : Completed, Description : 
[10:11:01:604]	[OPER] ----- Load -----
[10:11:01:604]	[SEND] RESET
[10:11:01:646]	[RECV] A
[10:11:01:647]	[RECV] O
[10:11:01:651]	[SEND] CFG_SLOTS
[10:11:01:700]	[RECV] A
[10:11:01:701]	[RECV] 13
[10:11:01:705]	[SEND] LOAD O
[10:11:01:746]	[RECV] A
[10:11:14:006]	[RECV] M00000000,00000000,00000000
[10:11:14:010]	[SEND] STATUS
[10:11:14:063]	[RECV] A
[10:11:14:064]	[RECV] S33500C27
[10:11:14:065]	[OPER] ----- Result : Completed, Description : 
[10:11:14:076]	[OPER] ----- Unload -----
[10:11:14:076]	[SEND] RESET
[10:11:14:120]	[RECV] A
[10:11:14:121]	[RECV] O
[10:11:14:123]	[SEND] CFG_SLOTS
[10:11:14:172]	[RECV] A
[10:11:14:173]	[RECV] 13
[10:11:14:175]	[SEND] UNLOAD O
[10:11:14:219]	[RECV] A
[10:11:21:541]	[RECV] M00000000,00000000,00000000
[10:11:21:545]	[SEND] STATUS
[10:11:21:597]	[RECV] A
[10:11:21:598]	[RECV] S7350142B
[10:11:21:600]	[OPER] ----- Result : Completed, Description : 
[10:11:23:617]	[OPER] ----- Clamp -----
[10:11:23:617]	[SEND] RESET
[10:11:23:661]	[RECV] A
[10:11:23:662]	[RECV] O
[10:11:23:666]	[SEND] POD_LOCK ON
[10:11:23:717]	[RECV] A
[10:11:23:718]	[RECV] O
[10:11:23:721]	[SEND] STATUS
[10:11:23:773]	[RECV] A
[10:11:23:774]	[RECV] S7350142B
[10:11:23:776]	[OPER] ----- Result : Completed, Description : 
[10:11:23:962]	[OPER] ----- Load -----
[10:11:23:962]	[SEND] RESET
[10:11:24:004]	[RECV] A
[10:11:24:005]	[RECV] O
[10:11:24:008]	[SEND] CFG_SLOTS
[10:11:24:058]	[RECV] A
[10:11:24:059]	[RECV] 13
[10:11:24:063]	[SEND] LOAD O
[10:11:24:105]	[RECV] A
[10:11:36:358]	[RECV] M00000000,00000000,00000000
[10:11:36:362]	[SEND] STATUS
[10:11:36:414]	[RECV] A
[10:11:36:415]	[RECV] S33500C27
[10:11:36:416]	[OPER] ----- Result : Completed, Description : 
[10:20:28:713]	[OPER] ----- Unload -----
[10:20:28:713]	[SEND] RESET
[10:20:28:756]	[RECV] A
[10:20:28:757]	[RECV] O
[10:20:28:761]	[SEND] CFG_SLOTS
[10:20:28:809]	[RECV] A
[10:20:28:810]	[RECV] 13
[10:20:28:812]	[SEND] UNLOAD O
[10:20:28:857]	[RECV] A
[10:20:36:224]	[RECV] M00000000,00000000,00000000
[10:20:36:228]	[SEND] STATUS
[10:20:36:280]	[RECV] A
[10:20:36:281]	[RECV] S7350142B
[10:20:36:282]	[OPER] ----- Result : Completed, Description : 
[10:20:38:298]	[OPER] ----- Clamp -----
[10:20:38:298]	[SEND] RESET
[10:20:38:342]	[RECV] A
[10:20:38:343]	[RECV] O
[10:20:38:345]	[SEND] POD_LOCK ON
[10:20:38:397]	[RECV] A
[10:20:38:398]	[RECV] O
[10:20:38:401]	[SEND] STATUS
[10:20:38:453]	[RECV] A
[10:20:38:454]	[RECV] S7350142B
[10:20:38:455]	[OPER] ----- Result : Completed, Description : 
[10:20:38:641]	[OPER] ----- Load -----
[10:20:38:641]	[SEND] RESET
[10:20:38:683]	[RECV] A
[10:20:38:684]	[RECV] O
[10:20:38:688]	[SEND] CFG_SLOTS
[10:20:38:737]	[RECV] A
[10:20:38:738]	[RECV] 13
[10:20:38:741]	[SEND] LOAD O
[10:20:38:783]	[RECV] A
[10:20:51:042]	[RECV] M00000000,00000000,00000000
[10:20:51:046]	[SEND] STATUS
[10:20:51:098]	[RECV] A
[10:20:51:099]	[RECV] S33500C27
[10:20:51:100]	[OPER] ----- Result : Completed, Description : 
[10:20:51:111]	[OPER] ----- Unload -----
[10:20:51:111]	[SEND] RESET
[10:20:51:155]	[RECV] A
[10:20:51:156]	[RECV] O
[10:20:51:160]	[SEND] CFG_SLOTS
[10:20:51:208]	[RECV] A
[10:20:51:209]	[RECV] 13
[10:20:51:212]	[SEND] UNLOAD O
[10:20:51:256]	[RECV] A
[10:20:58:581]	[RECV] M00000000,00000000,00000000
[10:20:58:584]	[SEND] STATUS
[10:20:58:636]	[RECV] A
[10:20:58:637]	[RECV] S7350142B
[10:20:58:637]	[OPER] ----- Result : Completed, Description : 
[10:21:00:654]	[OPER] ----- Clamp -----
[10:21:00:654]	[SEND] RESET
[10:21:00:697]	[RECV] A
[10:21:00:698]	[RECV] O
[10:21:00:700]	[SEND] POD_LOCK ON
[10:21:00:751]	[RECV] A
[10:21:00:752]	[RECV] O
[10:21:00:755]	[SEND] STATUS
[10:21:00:807]	[RECV] A
[10:21:00:808]	[RECV] S7350142B
[10:21:00:809]	[OPER] ----- Result : Completed, Description : 
[10:21:00:994]	[OPER] ----- Load -----
[10:21:00:994]	[SEND] RESET
[10:21:01:038]	[RECV] A
[10:21:01:039]	[RECV] O
[10:21:01:043]	[SEND] CFG_SLOTS
[10:21:01:090]	[RECV] A
[10:21:01:092]	[RECV] 13
[10:21:01:096]	[SEND] LOAD O
[10:21:01:138]	[RECV] A
[10:21:13:400]	[RECV] M00000000,00000000,00000000
[10:21:13:403]	[SEND] STATUS
[10:21:13:454]	[RECV] A
[10:21:13:455]	[RECV] S33500C27
[10:21:13:455]	[OPER] ----- Result : Completed, Description : 
[10:22:19:941]	[OPER] ----- Unload -----
[10:22:19:941]	[SEND] RESET
[10:22:19:989]	[RECV] A
[10:22:19:990]	[RECV] O
[10:22:19:992]	[SEND] CFG_SLOTS
[10:22:20:045]	[RECV] A
[10:22:20:046]	[RECV] 13
[10:22:20:049]	[SEND] UNLOAD O
[10:22:20:096]	[RECV] A
[10:22:27:446]	[RECV] M00000000,00000000,00000000
[10:22:27:450]	[SEND] STATUS
[10:22:27:501]	[RECV] A
[10:22:27:502]	[RECV] S7350142B
[10:22:27:504]	[OPER] ----- Result : Completed, Description : 
[10:24:17:394]	[RECV] C00000020
[10:24:31:731]	[RECV] C00000010
[10:29:03:618]	[RECV] C01000000
[17:17:23:445]	[RECV] C00010000
[17:17:23:446]	[RECV] C00000010
[20:54:15:471]	[OPER] ----- Initialize -----
[20:54:15:471]	[SEND] RESET
[20:54:15:518]	[RECV] A
[20:54:15:519]	[RECV] O
[20:54:15:523]	[SEND] HOM
[20:54:15:569]	[RECV] A
[20:54:29:661]	[RECV] O
[20:56:32:825]	[OPER] ----- Initialize -----
[20:56:32:825]	[SEND] RESET
[20:56:32:874]	[RECV] A
[20:56:32:875]	[RECV] O
[20:56:32:877]	[SEND] HOM
[20:56:32:921]	[RECV] A
[20:56:44:062]	[RECV] O
[20:56:44:065]	[SEND] STATUS
[20:56:44:115]	[RECV] A
[20:56:44:116]	[RECV] S7350142B
[20:56:44:118]	[OPER] ----- Result : Completed, Description : 
[20:56:44:120]	[OPER] ----- ChangeToCassette -----
[20:56:44:121]	[SEND] RESET
[20:56:44:164]	[RECV] A
[20:56:44:165]	[RECV] O
[20:56:44:169]	[SEND] OC_MODE ON
[20:56:44:217]	[RECV] A
[20:56:44:218]	[RECV] O
[20:56:44:222]	[SEND] STATUS
[20:56:44:274]	[RECV] A
[20:56:44:275]	[RECV] S7350142B
[20:56:44:276]	[OPER] ----- Result : Completed, Description : 
[20:57:24:759]	[RECV] C01000000
[21:06:07:231]	[OPER] ----- Initialize -----
[21:06:07:231]	[SEND] RESET
[21:06:07:281]	[RECV] A
[21:06:07:282]	[RECV] O
[21:06:07:285]	[SEND] HOM
[21:06:07:330]	[RECV] A
[21:06:18:482]	[RECV] O
[21:06:18:486]	[SEND] STATUS
[21:06:18:537]	[RECV] A
[21:06:18:538]	[RECV] S7350142B
[21:06:18:539]	[OPER] ----- Result : Completed, Description : 
[21:06:18:541]	[OPER] ----- ChangeToCassette -----
[21:06:18:542]	[SEND] RESET
[21:06:18:585]	[RECV] A
[21:06:18:586]	[RECV] O
[21:06:18:589]	[SEND] OC_MODE ON
[21:06:18:635]	[RECV] A
[21:06:18:636]	[RECV] O
[21:06:18:640]	[SEND] STATUS
[21:06:18:693]	[RECV] A
[21:06:18:694]	[RECV] S7350142B
[21:06:18:696]	[OPER] ----- Result : Completed, Description : 
[21:06:32:189]	[RECV] C01000000
[21:07:29:614]	[OPER] ----- Initialize -----
[21:07:29:614]	[SEND] RESET
[21:07:29:664]	[RECV] A
[21:07:29:665]	[RECV] O
[21:07:29:669]	[SEND] HOM
[21:07:29:708]	[RECV] A
[21:07:40:850]	[RECV] O
[21:07:40:853]	[SEND] STATUS
[21:07:40:906]	[RECV] A
[21:07:40:907]	[RECV] S7350142B
[21:07:40:909]	[OPER] ----- Result : Completed, Description : 
[21:07:40:910]	[OPER] ----- ChangeToCassette -----
[21:07:40:910]	[SEND] RESET
[21:07:40:952]	[RECV] A
[21:07:40:953]	[RECV] O
[21:07:40:956]	[SEND] OC_MODE ON
[21:07:41:005]	[RECV] A
[21:07:41:006]	[RECV] O
[21:07:41:009]	[SEND] STATUS
[21:07:41:061]	[RECV] A
[21:07:41:062]	[RECV] S7350142B
[21:07:41:063]	[OPER] ----- Result : Completed, Description : 
[21:08:59:678]	[RECV] C01000000
[21:09:27:124]	[OPER] ----- Initialize -----
[21:09:27:124]	[SEND] RESET
[21:09:27:173]	[RECV] A
[21:09:27:174]	[RECV] O
[21:09:27:178]	[SEND] HOM
[21:09:27:216]	[RECV] A
[21:09:38:364]	[RECV] O
[21:09:38:367]	[SEND] STATUS
[21:09:38:417]	[RECV] A
[21:09:38:418]	[RECV] S7350142B
[21:09:38:420]	[OPER] ----- Result : Completed, Description : 
[21:09:38:421]	[OPER] ----- ChangeToCassette -----
[21:09:38:421]	[SEND] RESET
[21:09:38:464]	[RECV] A
[21:09:38:465]	[RECV] O
[21:09:38:469]	[SEND] OC_MODE ON
[21:09:38:517]	[RECV] A
[21:09:38:518]	[RECV] O
[21:09:38:521]	[SEND] STATUS
[21:09:38:573]	[RECV] A
[21:09:38:574]	[RECV] S7350142B
[21:09:38:575]	[OPER] ----- Result : Completed, Description : 
