[23:44:04:829]	[OPER] ----- Initialize -----
[23:44:04:829]	[SEND] RESET
[23:44:04:878]	[RECV] A
[23:44:04:879]	[RECV] O
[23:44:04:882]	[SEND] HOM
[23:44:04:926]	[RECV] A
[23:44:20:294]	[RECV] O
[23:44:20:297]	[SEND] STATUS
[23:44:20:347]	[RECV] A
[23:44:20:348]	[RECV] S7350142B
[23:44:20:350]	[OPER] ----- Result : Completed, Description : 
[23:44:20:351]	[OPER] ----- ChangeToCassette -----
[23:44:20:351]	[SEND] RESET
[23:44:20:393]	[RECV] A
[23:44:20:394]	[RECV] O
[23:44:20:397]	[SEND] OC_MODE ON
[23:44:20:444]	[RECV] A
[23:44:20:445]	[RECV] O
[23:44:20:449]	[SEND] STATUS
[23:44:20:501]	[RECV] A
[23:44:20:502]	[RECV] S7350142B
[23:44:20:503]	[OPER] ----- Result : Completed, Description : 
[23:55:10:802]	[RECV] C00000020
[23:55:25:825]	[RECV] C00000010
[23:55:29:026]	[RECV] C00000004
[23:55:30:752]	[OPER] ----- Clamp -----
[23:55:30:752]	[SEND] RESET
[23:55:30:796]	[RECV] A
[23:55:30:797]	[RECV] O
[23:55:30:800]	[SEND] POD_LOCK ON
[23:55:30:852]	[RECV] A
[23:55:30:853]	[RECV] O
[23:55:30:857]	[SEND] STATUS
[23:55:30:908]	[RECV] A
[23:55:30:909]	[RECV] S7350142B
[23:55:30:910]	[OPER] ----- Result : Completed, Description : 
[23:55:31:390]	[OPER] ----- Load -----
[23:55:31:391]	[SEND] RESET
[23:55:31:434]	[RECV] A
[23:55:31:435]	[RECV] O
[23:55:31:439]	[SEND] CFG_SLOTS
[23:55:31:487]	[RECV] A
[23:55:31:488]	[RECV] 13
[23:55:31:491]	[SEND] LOAD O
[23:55:31:533]	[RECV] A
[23:55:43:830]	[RECV] M00000200,00000000,00000000
[23:55:43:843]	[SEND] STATUS
[23:55:43:894]	[RECV] A
[23:55:43:895]	[RECV] S33500C27
[23:55:43:897]	[OPER] ----- Result : Completed, Description : 
