[11:25:48:424]	[OPER] ----- Initialize -----
[11:25:48:424]	[SEND] RESET
[11:25:48:471]	[RECV] A
[11:25:48:472]	[RECV] O
[11:25:48:475]	[SEND] HOM
[11:25:48:514]	[RECV] A
[11:25:59:723]	[RECV] O
[11:25:59:728]	[SEND] STATUS
[11:25:59:780]	[RECV] A
[11:25:59:781]	[RECV] S7350142B
[11:25:59:782]	[OPER] ----- Result : Completed, Description : 
[11:25:59:783]	[OPER] ----- ChangeToCassette -----
[11:25:59:783]	[SEND] RESET
[11:25:59:825]	[RECV] A
[11:25:59:826]	[RECV] O
[11:25:59:829]	[SEND] OC_MODE ON
[11:25:59:875]	[RECV] A
[11:25:59:876]	[RECV] O
[11:25:59:879]	[SEND] STATUS
[11:25:59:931]	[RECV] A
[11:25:59:932]	[RECV] S7350142B
[11:25:59:933]	[OPER] ----- Result : Completed, Description : 
[11:26:26:547]	[OPER] ----- Clamp -----
[11:26:26:547]	[SEND] RESET
[11:26:26:590]	[RECV] A
[11:26:26:591]	[RECV] O
[11:26:26:595]	[SEND] POD_LOCK ON
[11:26:26:645]	[RECV] A
[11:26:26:646]	[RECV] O
[11:26:26:650]	[SEND] STATUS
[11:26:26:703]	[RECV] A
[11:26:26:704]	[RECV] S7350142B
[11:26:26:705]	[OPER] ----- Result : Completed, Description : 
[11:26:27:671]	[OPER] ----- Load -----
[11:26:27:672]	[SEND] RESET
[11:26:27:715]	[RECV] A
[11:26:27:716]	[RECV] O
[11:26:27:719]	[SEND] CFG_SLOTS
[11:26:27:766]	[RECV] A
[11:26:27:767]	[RECV] 13
[11:26:27:770]	[SEND] LOAD O
[11:26:27:811]	[RECV] A
[11:26:39:832]	[RECV] M00000000,00000000,00000000
[11:26:39:840]	[SEND] STATUS
[11:26:39:893]	[RECV] A
[11:26:39:894]	[RECV] S33500C27
[11:26:39:895]	[OPER] ----- Result : Completed, Description : 
[11:29:00:288]	[OPER] ----- Initialize -----
[11:29:00:288]	[SEND] RESET
[11:29:00:333]	[RECV] A
[11:29:00:334]	[RECV] O
[11:29:00:337]	[SEND] HOM
[11:29:00:377]	[RECV] A
[11:29:15:596]	[RECV] O
[11:29:15:599]	[SEND] STATUS
[11:29:15:650]	[RECV] A
[11:29:15:651]	[RECV] S7350142B
[11:29:15:653]	[OPER] ----- Result : Completed, Description : 
[11:29:15:654]	[OPER] ----- ChangeToCassette -----
[11:29:15:654]	[SEND] RESET
[11:29:15:696]	[RECV] A
[11:29:15:697]	[RECV] O
[11:29:15:702]	[SEND] OC_MODE ON
[11:29:15:749]	[RECV] A
[11:29:15:750]	[RECV] O
[11:29:15:754]	[SEND] STATUS
[11:29:15:806]	[RECV] A
[11:29:15:807]	[RECV] S7350142B
[11:29:15:808]	[OPER] ----- Result : Completed, Description : 
[11:35:09:675]	[OPER] ----- Initialize -----
[11:35:09:675]	[SEND] RESET
[11:35:09:722]	[RECV] A
[11:35:09:723]	[RECV] O
[11:35:09:726]	[SEND] HOM
[11:35:09:767]	[RECV] A
[11:35:20:954]	[RECV] O
[11:35:20:957]	[SEND] STATUS
[11:35:21:007]	[RECV] A
[11:35:21:008]	[RECV] S7350142B
[11:35:21:009]	[OPER] ----- Result : Completed, Description : 
[11:35:21:010]	[OPER] ----- ChangeToCassette -----
[11:35:21:010]	[SEND] RESET
[11:35:21:052]	[RECV] A
[11:35:21:053]	[RECV] O
[11:35:21:056]	[SEND] OC_MODE ON
[11:35:21:103]	[RECV] A
[11:35:21:104]	[RECV] O
[11:35:21:108]	[SEND] STATUS
[11:35:21:160]	[RECV] A
[11:35:21:161]	[RECV] S7350142B
[11:35:21:162]	[OPER] ----- Result : Completed, Description : 
