[10:09:26:866]	[RECV] C00000020
[10:18:31:729]	[RECV] C00000100
[10:18:37:415]	[RECV] E153 ERR_SideDoorOpend
[10:56:44:814]	[RECV] C00000010
[10:56:54:878]	[RECV] C00000001
[10:57:57:471]	[RECV] M00000000,00000000,00000000
[10:58:02:866]	[RECV] C00020000
[11:07:14:023]	[RECV] C00000002
[11:10:40:393]	[RECV] C00000020
[11:52:20:420]	[RECV] C00000001
[11:52:59:851]	[RECV] C00000010
[11:54:01:791]	[RECV] M0000154F,00000000,00000000
[11:58:08:707]	[RECV] C00000020
[11:58:14:506]	[RECV] C00000002
[12:16:53:365]	[RECV] C00000001
[12:18:16:917]	[RECV] C00000010
[12:19:00:664]	[RECV] M00000AAA,00000000,00000000
[12:21:24:514]	[RECV] C00000020
[12:21:34:841]	[RECV] C00000002
[12:29:09:367]	[RECV] C00000100
[12:29:29:095]	[RECV] C00000200
[12:40:31:549]	[RECV] C00000001
[12:40:48:140]	[RECV] C00000002
[14:05:45:824]	[OPER] ----- Initialize -----
[14:05:45:824]	[SEND] RESET
[14:05:45:871]	[RECV] A
[14:05:45:872]	[RECV] O
[14:05:45:876]	[SEND] HOM
[14:05:45:915]	[RECV] A
[14:06:03:121]	[RECV] O
[14:06:03:124]	[SEND] STATUS
[14:06:03:175]	[RECV] A
[14:06:03:176]	[RECV] S4150142B
[14:06:03:178]	[OPER] ----- Result : Completed, Description : 
[14:06:03:179]	[OPER] ----- ChangeToFoup -----
[14:06:03:179]	[SEND] RESET
[14:06:03:223]	[RECV] A
[14:06:03:224]	[RECV] O
[14:06:03:228]	[SEND] OC_MODE OFF
[14:06:03:278]	[RECV] A
[14:06:03:279]	[RECV] O
[14:06:03:282]	[SEND] STATUS
[14:06:03:334]	[RECV] A
[14:06:03:335]	[RECV] S4150142B
[14:06:03:335]	[OPER] ----- Result : Completed, Description : 
[14:06:51:988]	[RECV] C01000000
[14:33:45:978]	[RECV] C00000001
[14:34:15:760]	[RECV] C00000010
[14:34:38:054]	[RECV] M0000154F,00000000,00000000
[14:40:19:849]	[RECV] M0000154F,00000000,00000000
[14:40:21:724]	[RECV] C00000002
[14:40:24:059]	[RECV] C00000020
[15:09:42:366]	[OPER] ----- Initialize -----
[15:09:42:366]	[SEND] RESET
[15:09:42:409]	[RECV] A
[15:09:42:410]	[RECV] O
[15:09:42:567]	[SEND] HOM
[15:09:42:605]	[RECV] A
[15:09:59:833]	[RECV] O
[15:09:59:993]	[SEND] STATUS
[15:10:00:045]	[RECV] A
[15:10:00:046]	[RECV] S4150142B
[15:10:00:094]	[OPER] ----- Result : Completed, Description : 
[15:10:11:338]	[OPER] ----- ChangeToCassette -----
[15:10:11:338]	[SEND] RESET
[15:10:11:381]	[RECV] A
[15:10:11:382]	[RECV] O
[15:10:11:386]	[SEND] OC_MODE ON
[15:10:11:431]	[RECV] A
[15:10:14:422]	[RECV] O
[15:10:14:427]	[SEND] STATUS
[15:10:14:480]	[RECV] A
[15:10:14:481]	[RECV] S4350142B
[15:10:14:483]	[OPER] ----- Result : Completed, Description : 
[15:50:07:272]	[RECV] C00000010
[15:50:13:329]	[RECV] C00000001
[15:50:27:517]	[RECV] M00000AAA,00000000,00000000
[15:56:19:188]	[RECV] M00000AAA,00000000,00000000
[15:56:29:460]	[RECV] C00000020
[15:56:38:644]	[RECV] C00000002
[17:48:27:665]	[RECV] C00000001
[17:48:40:728]	[RECV] C00000002
[17:50:27:014]	[OPER] ----- Initialize -----
[17:50:27:014]	[SEND] RESET
[17:50:27:056]	[RECV] A
[17:50:27:057]	[RECV] O
[17:50:27:216]	[SEND] HOM
[17:50:27:255]	[RECV] A
[17:50:47:005]	[RECV] O
[17:50:47:161]	[SEND] STATUS
[17:50:47:213]	[RECV] A
[17:50:47:214]	[RECV] S4150142B
[17:50:47:262]	[OPER] ----- Result : Completed, Description : 
[17:50:54:231]	[OPER] ----- ChangeToFoup -----
[17:50:54:231]	[SEND] RESET
[17:50:54:274]	[RECV] A
[17:50:54:275]	[RECV] O
[17:50:54:279]	[SEND] OC_MODE OFF
[17:50:54:328]	[RECV] A
[17:50:54:329]	[RECV] O
[17:50:54:333]	[SEND] STATUS
[17:50:54:384]	[RECV] A
[17:50:54:385]	[RECV] S4150142B
[17:50:54:387]	[OPER] ----- Result : Completed, Description : 
[17:52:16:209]	[OPER] ----- Initialize -----
[17:52:16:209]	[SEND] RESET
[17:52:16:255]	[RECV] A
[17:52:16:256]	[RECV] O
[17:52:16:259]	[SEND] HOM
[17:52:16:298]	[RECV] A
[17:52:33:493]	[RECV] O
[17:52:33:496]	[SEND] STATUS
[17:52:33:548]	[RECV] A
[17:52:33:549]	[RECV] S4150142B
[17:52:33:550]	[OPER] ----- Result : Completed, Description : 
[17:52:33:551]	[OPER] ----- ChangeToFoup -----
[17:52:33:551]	[SEND] RESET
[17:52:33:593]	[RECV] A
[17:52:33:594]	[RECV] O
[17:52:33:597]	[SEND] OC_MODE OFF
[17:52:33:645]	[RECV] A
[17:52:33:646]	[RECV] O
[17:52:33:650]	[SEND] STATUS
[17:52:33:702]	[RECV] A
[17:52:33:703]	[RECV] S4150142B
[17:52:33:704]	[OPER] ----- Result : Completed, Description : 
[17:57:44:002]	[OPER] ----- Initialize -----
[17:57:44:002]	[SEND] RESET
[17:57:44:047]	[RECV] A
[17:57:44:048]	[RECV] O
[17:57:44:052]	[SEND] HOM
[17:57:44:090]	[RECV] A
[17:58:01:280]	[RECV] O
[17:58:01:284]	[SEND] STATUS
[17:58:01:336]	[RECV] A
[17:58:01:337]	[RECV] S4150142B
[17:58:01:338]	[OPER] ----- Result : Completed, Description : 
[17:58:01:339]	[OPER] ----- ChangeToFoup -----
[17:58:01:339]	[SEND] RESET
[17:58:01:381]	[RECV] A
[17:58:01:382]	[RECV] O
[17:58:01:385]	[SEND] OC_MODE OFF
[17:58:01:435]	[RECV] A
[17:58:01:436]	[RECV] O
[17:58:01:440]	[SEND] STATUS
[17:58:01:491]	[RECV] A
[17:58:01:492]	[RECV] S4150142B
[17:58:01:494]	[OPER] ----- Result : Completed, Description : 
[18:01:31:467]	[OPER] ----- Initialize -----
[18:01:31:467]	[SEND] RESET
[18:01:31:511]	[RECV] A
[18:01:31:512]	[RECV] O
[18:01:31:516]	[SEND] HOM
[18:01:31:556]	[RECV] A
[18:01:48:748]	[RECV] O
[18:01:48:752]	[SEND] STATUS
[18:01:48:804]	[RECV] A
[18:01:48:805]	[RECV] S4150142B
[18:01:48:806]	[OPER] ----- Result : Completed, Description : 
[18:01:48:807]	[OPER] ----- ChangeToFoup -----
[18:01:48:807]	[SEND] RESET
[18:01:48:850]	[RECV] A
[18:01:48:851]	[RECV] O
[18:01:48:855]	[SEND] OC_MODE OFF
[18:01:48:904]	[RECV] A
[18:01:48:905]	[RECV] O
[18:01:48:909]	[SEND] STATUS
[18:01:48:960]	[RECV] A
[18:01:48:961]	[RECV] S4150142B
[18:01:48:962]	[OPER] ----- Result : Completed, Description : 
[18:02:25:693]	[RECV] C01000000
