[17:11:50:974]	[RECV] C01000000
[20:51:44:434]	[OPER] ----- Initialize -----
[20:51:44:434]	[SEND] RESET
[20:51:44:481]	[RECV] A
[20:51:44:482]	[RECV] O
[20:51:44:484]	[SEND] HOM
[20:51:44:525]	[RECV] A
[20:52:02:308]	[RECV] O
[20:52:02:310]	[SEND] STATUS
[20:52:02:363]	[RECV] A
[20:52:02:364]	[RECV] S4150142B
[20:52:02:367]	[OPER] ----- Result : Completed, Description : 
[20:52:02:368]	[OPER] ----- ChangeToFoup -----
[20:52:02:368]	[SEND] RESET
[20:52:02:414]	[RECV] A
[20:52:02:415]	[RECV] O
[20:52:02:419]	[SEND] OC_MODE OFF
[20:52:02:468]	[RECV] A
[20:52:02:469]	[RECV] O
[20:52:02:473]	[SEND] STATUS
[20:52:02:526]	[RECV] A
[20:52:02:527]	[RECV] S4150142B
[20:52:02:528]	[OPER] ----- Result : Completed, Description : 
[20:56:07:303]	[RECV] C01000000
[21:01:49:152]	[OPER] ----- Initialize -----
[21:01:49:152]	[SEND] RESET
[21:01:49:199]	[RECV] A
[21:01:49:200]	[RECV] O
[21:01:49:202]	[SEND] HOM
[21:01:49:242]	[RECV] A
[21:02:06:486]	[RECV] O
[21:02:06:489]	[SEND] STATUS
[21:02:06:541]	[RECV] A
[21:02:06:542]	[RECV] S4150142B
[21:02:06:544]	[OPER] ----- Result : Completed, Description : 
[21:02:06:545]	[OPER] ----- ChangeToFoup -----
[21:02:06:545]	[SEND] RESET
[21:02:06:587]	[RECV] A
[21:02:06:588]	[RECV] O
[21:02:06:591]	[SEND] OC_MODE OFF
[21:02:06:639]	[RECV] A
[21:02:06:640]	[RECV] O
[21:02:06:645]	[SEND] STATUS
[21:02:06:696]	[RECV] A
[21:02:06:697]	[RECV] S4150142B
[21:02:06:699]	[OPER] ----- Result : Completed, Description : 
[21:03:50:906]	[RECV] C00000010
[21:03:52:685]	[RECV] C00000004
[21:03:54:393]	[OPER] ----- Clamp -----
[21:03:54:393]	[SEND] RESET
[21:03:54:436]	[RECV] A
[21:03:54:437]	[RECV] O
[21:03:54:440]	[SEND] POD_LOCK ON
[21:03:54:495]	[RECV] A
[21:03:54:496]	[RECV] O
[21:03:54:500]	[SEND] STATUS
[21:03:54:551]	[RECV] A
[21:03:54:552]	[RECV] S7150122B
[21:03:54:554]	[OPER] ----- Result : Completed, Description : 
[21:03:55:232]	[OPER] ----- Load -----
[21:03:55:232]	[SEND] RESET
[21:03:55:274]	[RECV] A
[21:03:55:275]	[RECV] O
[21:03:55:278]	[SEND] CFG_SLOTS
[21:03:55:326]	[RECV] A
[21:03:55:327]	[RECV] 13
[21:03:55:330]	[SEND] LOAD M
[21:03:55:372]	[RECV] A
[21:04:09:074]	[RECV] M00000000,00000000,00000000
[21:04:09:077]	[SEND] STATUS
[21:04:09:128]	[RECV] A
[21:04:09:129]	[RECV] S31500A27
[21:04:09:131]	[OPER] ----- Result : Completed, Description : 
[21:08:52:851]	[OPER] ----- Initialize -----
[21:08:52:851]	[SEND] RESET
[21:08:52:896]	[RECV] A
[21:08:52:897]	[RECV] O
[21:08:52:900]	[SEND] HOM
[21:08:52:943]	[RECV] A
[21:09:15:152]	[RECV] O
[21:09:15:156]	[SEND] STATUS
[21:09:15:207]	[RECV] A
[21:09:15:208]	[RECV] S7150142B
[21:09:15:210]	[OPER] ----- Result : Completed, Description : 
[21:09:15:211]	[OPER] ----- ChangeToFoup -----
[21:09:15:211]	[SEND] RESET
[21:09:15:253]	[RECV] A
[21:09:15:254]	[RECV] O
[21:09:15:257]	[SEND] OC_MODE OFF
[21:09:15:305]	[RECV] A
[21:09:15:306]	[RECV] O
[21:09:15:309]	[SEND] STATUS
[21:09:15:359]	[RECV] A
[21:09:15:360]	[RECV] S7150142B
[21:09:15:362]	[OPER] ----- Result : Completed, Description : 
[21:12:15:575]	[OPER] ----- Clamp -----
[21:12:15:575]	[SEND] RESET
[21:12:15:618]	[RECV] A
[21:12:15:619]	[RECV] O
[21:12:15:623]	[SEND] POD_LOCK ON
[21:12:15:671]	[RECV] A
[21:12:16:314]	[RECV] O
[21:12:16:318]	[SEND] STATUS
[21:12:16:370]	[RECV] A
[21:12:16:371]	[RECV] S7150122B
[21:12:16:373]	[OPER] ----- Result : Completed, Description : 
[21:12:16:930]	[OPER] ----- Load -----
[21:12:16:930]	[SEND] RESET
[21:12:16:974]	[RECV] A
[21:12:16:975]	[RECV] O
[21:12:16:980]	[SEND] CFG_SLOTS
[21:12:17:028]	[RECV] A
[21:12:17:029]	[RECV] 13
[21:12:17:032]	[SEND] LOAD M
[21:12:17:074]	[RECV] A
[21:12:30:720]	[RECV] M00000000,00000000,00000000
[21:12:30:723]	[SEND] STATUS
[21:12:30:775]	[RECV] A
[21:12:30:776]	[RECV] S31500A27
[21:12:30:778]	[OPER] ----- Result : Completed, Description : 
[21:12:39:248]	[OPER] ----- Unload -----
[21:12:39:248]	[SEND] RESET
[21:12:39:296]	[RECV] A
[21:12:39:297]	[RECV] O
[21:12:39:301]	[SEND] CFG_SLOTS
[21:12:39:353]	[RECV] A
[21:12:39:354]	[RECV] 13
[21:12:39:357]	[SEND] UNLOAD M
[21:12:39:400]	[RECV] A
[21:12:48:814]	[RECV] M00000000,00000000,00000000
[21:12:48:818]	[SEND] STATUS
[21:12:48:871]	[RECV] A
[21:12:48:872]	[RECV] S7150142B
[21:12:48:874]	[OPER] ----- Result : Completed, Description : 
[21:12:58:248]	[RECV] C00000020
[21:13:04:280]	[RECV] C00000010
[21:15:01:355]	[RECV] C00000020
[21:15:14:481]	[RECV] C00000010
[21:15:52:293]	[OPER] ----- Initialize -----
[21:15:52:293]	[SEND] RESET
[21:15:52:340]	[RECV] A
[21:15:52:341]	[RECV] O
[21:15:52:343]	[SEND] HOM
[21:15:52:385]	[RECV] A
[21:16:09:625]	[RECV] O
[21:16:09:629]	[SEND] STATUS
[21:16:09:683]	[RECV] A
[21:16:09:684]	[RECV] S7150142B
[21:16:09:685]	[OPER] ----- Result : Completed, Description : 
[21:16:09:686]	[OPER] ----- ChangeToFoup -----
[21:16:09:686]	[SEND] RESET
[21:16:09:729]	[RECV] A
[21:16:09:730]	[RECV] O
[21:16:09:740]	[SEND] OC_MODE OFF
[21:16:09:791]	[RECV] A
[21:16:09:792]	[RECV] O
[21:16:09:796]	[SEND] STATUS
[21:16:09:847]	[RECV] A
[21:16:09:848]	[RECV] S7150142B
[21:16:09:849]	[OPER] ----- Result : Completed, Description : 
[21:16:26:918]	[OPER] ----- Clamp -----
[21:16:26:918]	[SEND] RESET
[21:16:26:962]	[RECV] A
[21:16:26:963]	[RECV] O
[21:16:26:966]	[SEND] POD_LOCK ON
[21:16:27:013]	[RECV] A
[21:16:27:659]	[RECV] O
[21:16:27:662]	[SEND] STATUS
[21:16:27:721]	[RECV] A
[21:16:27:724]	[RECV] S7150122B
[21:16:27:725]	[OPER] ----- Result : Completed, Description : 
[21:16:28:287]	[OPER] ----- Load -----
[21:16:28:287]	[SEND] RESET
[21:16:28:332]	[RECV] A
[21:16:28:333]	[RECV] O
[21:16:28:338]	[SEND] CFG_SLOTS
[21:16:28:386]	[RECV] A
[21:16:28:387]	[RECV] 13
[21:16:28:391]	[SEND] LOAD M
[21:16:28:432]	[RECV] A
[21:16:42:243]	[RECV] M00000000,00000000,00000000
[21:16:42:247]	[SEND] STATUS
[21:16:42:300]	[RECV] A
[21:16:42:301]	[RECV] S31500A27
[21:16:42:303]	[OPER] ----- Result : Completed, Description : 
[21:17:39:657]	[OPER] ----- Unload -----
[21:17:39:657]	[SEND] RESET
[21:17:39:704]	[RECV] A
[21:17:39:705]	[RECV] O
[21:17:39:708]	[SEND] CFG_SLOTS
[21:17:39:759]	[RECV] A
[21:17:39:760]	[RECV] 13
[21:17:39:763]	[SEND] UNLOAD M
[21:17:39:809]	[RECV] A
[21:17:48:999]	[RECV] M00000000,00000000,00000000
[21:17:49:002]	[SEND] STATUS
[21:17:49:054]	[RECV] A
[21:17:49:055]	[RECV] S7150142B
[21:17:49:056]	[OPER] ----- Result : Completed, Description : 
