[14:46:20:096]	[OPER] ----- Initialize -----
[14:46:20:096]	[SEND] RESET
[14:46:20:143]	[RECV] A
[14:46:20:144]	[RECV] O
[14:46:20:147]	[SEND] HOM
[14:46:20:189]	[RECV] A
[14:46:32:042]	[RECV] O
[14:46:32:045]	[SEND] STATUS
[14:46:32:096]	[RECV] A
[14:46:32:097]	[RECV] S7350142B
[14:46:32:099]	[OPER] ----- Result : Completed, Description : 
[14:46:32:100]	[OPER] ----- ChangeToCassette -----
[14:46:32:100]	[SEND] RESET
[14:46:32:142]	[RECV] A
[14:46:32:143]	[RECV] O
[14:46:32:146]	[SEND] OC_MODE ON
[14:46:32:193]	[RECV] A
[14:46:32:194]	[RECV] O
[14:46:32:198]	[SEND] STATUS
[14:46:32:249]	[RECV] A
[14:46:32:250]	[RECV] S7350142B
[14:46:32:252]	[OPER] ----- Result : Completed, Description : 
[15:00:35:735]	[OPER] ----- Initialize -----
[15:00:35:735]	[SEND] RESET
[15:00:35:781]	[RECV] A
[15:00:35:782]	[RECV] O
[15:00:35:785]	[SEND] HOM
[15:00:35:828]	[RECV] A
[15:00:47:121]	[RECV] O
[15:00:47:124]	[SEND] STATUS
[15:00:47:177]	[RECV] A
[15:00:47:178]	[RECV] S7350142B
[15:00:47:180]	[OPER] ----- Result : Completed, Description : 
[15:00:47:181]	[OPER] ----- ChangeToCassette -----
[15:00:47:181]	[SEND] RESET
[15:00:47:223]	[RECV] A
[15:00:47:224]	[RECV] O
[15:00:47:228]	[SEND] OC_MODE ON
[15:00:47:277]	[RECV] A
[15:00:47:278]	[RECV] O
[15:00:47:282]	[SEND] STATUS
[15:00:47:334]	[RECV] A
[15:00:47:335]	[RECV] S7350142B
[15:00:47:336]	[OPER] ----- Result : Completed, Description : 
[15:27:04:063]	[RECV] C00010000
[15:27:04:064]	[RECV] C00000010
[15:27:24:523]	[OPER] ----- Initialize -----
[15:27:24:523]	[SEND] RESET
[15:27:24:569]	[RECV] A
[15:27:24:570]	[RECV] O
[15:27:24:573]	[SEND] HOM
[15:27:24:613]	[RECV] A
[15:27:36:414]	[RECV] O
[15:27:36:418]	[SEND] STATUS
[15:27:36:471]	[RECV] A
[15:27:36:472]	[RECV] S7350142B
[15:27:36:474]	[OPER] ----- Result : Completed, Description : 
[15:27:36:475]	[OPER] ----- ChangeToCassette -----
[15:27:36:475]	[SEND] RESET
[15:27:36:518]	[RECV] A
[15:27:36:519]	[RECV] O
[15:27:36:522]	[SEND] OC_MODE ON
[15:27:36:569]	[RECV] A
[15:27:36:570]	[RECV] O
[15:27:36:574]	[SEND] STATUS
[15:27:36:626]	[RECV] A
[15:27:36:627]	[RECV] S7350142B
[15:27:36:628]	[OPER] ----- Result : Completed, Description : 
[15:30:00:810]	[OPER] ----- Initialize -----
[15:30:00:810]	[SEND] RESET
[15:30:00:856]	[RECV] A
[15:30:00:857]	[RECV] O
[15:30:00:860]	[SEND] HOM
[15:30:00:904]	[RECV] A
[15:30:12:179]	[RECV] O
[15:30:12:183]	[SEND] STATUS
[15:30:12:235]	[RECV] A
[15:30:12:236]	[RECV] S7350142B
[15:30:12:237]	[OPER] ----- Result : Completed, Description : 
[15:30:12:238]	[OPER] ----- ChangeToCassette -----
[15:30:12:238]	[SEND] RESET
[15:30:12:281]	[RECV] A
[15:30:12:282]	[RECV] O
[15:30:12:286]	[SEND] OC_MODE ON
[15:30:12:334]	[RECV] A
[15:30:12:335]	[RECV] O
[15:30:12:339]	[SEND] STATUS
[15:30:12:391]	[RECV] A
[15:30:12:392]	[RECV] S7350142B
[15:30:12:393]	[OPER] ----- Result : Completed, Description : 
