[05:10:21:148]	[OPER] ----- Initialize -----
[05:10:21:148]	[SEND] RESET
[05:10:21:190]	[RECV] A
[05:10:21:191]	[RECV] O
[05:10:21:350]	[SEND] HOM
[05:10:21:388]	[RECV] A
[05:10:32:671]	[RECV] O
[05:10:32:833]	[SEND] STATUS
[05:10:32:885]	[RECV] A
[05:10:32:886]	[RECV] S7350142B
[05:10:32:934]	[OPER] ----- Result : Completed, Description : 
[05:10:39:938]	[RECV] C00000004
[05:10:41:637]	[OPER] ----- Clamp -----
[05:10:41:637]	[SEND] RESET
[05:10:41:679]	[RECV] A
[05:10:41:680]	[RECV] O
[05:10:41:683]	[SEND] POD_LOCK ON
[05:10:41:734]	[RECV] A
[05:10:41:735]	[RECV] O
[05:10:41:738]	[SEND] STATUS
[05:10:41:789]	[RECV] A
[05:10:41:790]	[RECV] S7350142B
[05:10:41:792]	[OPER] ----- Result : Completed, Description : 
[05:10:42:265]	[OPER] ----- Load -----
[05:10:42:265]	[SEND] RESET
[05:10:42:308]	[RECV] A
[05:10:42:309]	[RECV] O
[05:10:42:313]	[SEND] CFG_SLOTS
[05:10:42:362]	[RECV] A
[05:10:42:363]	[RECV] 13
[05:10:42:367]	[SEND] LOAD O
[05:10:42:408]	[RECV] A
[05:10:54:566]	[RECV] M00000000,00000000,00000000
[05:10:54:569]	[SEND] STATUS
[05:10:54:622]	[RECV] A
[05:10:54:623]	[RECV] S33500C27
[05:10:54:624]	[OPER] ----- Result : Completed, Description : 
[05:14:27:056]	[OPER] ----- Initialize -----
[05:14:27:056]	[SEND] RESET
[05:14:27:099]	[RECV] A
[05:14:27:100]	[RECV] O
[05:14:27:103]	[SEND] HOM
[05:14:27:143]	[RECV] A
[05:14:42:423]	[RECV] O
[05:14:42:426]	[SEND] STATUS
[05:14:42:479]	[RECV] A
[05:14:42:480]	[RECV] S7350142B
[05:14:42:482]	[OPER] ----- Result : Completed, Description : 
[05:14:42:483]	[OPER] ----- ChangeToCassette -----
[05:14:42:483]	[SEND] RESET
[05:14:42:525]	[RECV] A
[05:14:42:526]	[RECV] O
[05:14:42:530]	[SEND] OC_MODE ON
[05:14:42:578]	[RECV] A
[05:14:42:579]	[RECV] O
[05:14:42:582]	[SEND] STATUS
[05:14:42:634]	[RECV] A
[05:14:42:635]	[RECV] S7350142B
[05:14:42:636]	[OPER] ----- Result : Completed, Description : 
[05:22:51:424]	[OPER] ----- Initialize -----
[05:22:51:426]	[SEND] RESET
[05:22:51:469]	[RECV] A
[05:22:51:471]	[RECV] O
[05:22:51:478]	[SEND] HOM
[05:22:51:516]	[RECV] A
[05:23:02:796]	[RECV] O
[05:23:02:800]	[SEND] STATUS
[05:23:02:851]	[RECV] A
[05:23:02:852]	[RECV] S7350142B
[05:23:02:854]	[OPER] ----- Result : Completed, Description : 
[05:23:02:855]	[OPER] ----- ChangeToCassette -----
[05:23:02:855]	[SEND] RESET
[05:23:02:897]	[RECV] A
[05:23:02:898]	[RECV] O
[05:23:02:901]	[SEND] OC_MODE ON
[05:23:02:949]	[RECV] A
[05:23:02:950]	[RECV] O
[05:23:02:953]	[SEND] STATUS
[05:23:03:004]	[RECV] A
[05:23:03:005]	[RECV] S7350142B
[05:23:03:007]	[OPER] ----- Result : Completed, Description : 
[06:16:34:199]	[OPER] ----- Initialize -----
[06:16:34:199]	[SEND] RESET
[06:16:34:243]	[RECV] A
[06:16:34:244]	[RECV] O
[06:16:34:247]	[SEND] HOM
[06:16:34:286]	[RECV] A
[06:16:45:556]	[RECV] O
[06:16:45:559]	[SEND] STATUS
[06:16:45:611]	[RECV] A
[06:16:45:611]	[RECV] S7350142B
[06:16:45:612]	[OPER] ----- Result : Completed, Description : 
[06:16:45:613]	[OPER] ----- ChangeToCassette -----
[06:16:45:613]	[SEND] RESET
[06:16:45:656]	[RECV] A
[06:16:45:657]	[RECV] O
[06:16:45:660]	[SEND] OC_MODE ON
[06:16:45:708]	[RECV] A
[06:16:45:709]	[RECV] O
[06:16:45:712]	[SEND] STATUS
[06:16:45:764]	[RECV] A
[06:16:45:765]	[RECV] S7350142B
[06:16:45:766]	[OPER] ----- Result : Completed, Description : 
[10:29:38:245]	[RECV] C00000020
[10:29:46:692]	[RECV] C00000010
