[15:53:37:815]	[OPER] ----- Initialize -----
[15:53:38:816]	[OPER] ----- Result : Completed, Description : 
[15:53:38:819]	[OPER] ----- ChangeToFoup -----
[15:53:39:819]	[OPER] ----- Result : Completed, Description : 
[15:55:42:257]	[OPER] ----- Clamp -----
[15:55:43:257]	[OPER] ----- Result : Completed, Description : 
[15:55:43:265]	[OPER] ----- Load -----
[15:55:50:918]	[OPER] ----- Result : Completed, Description : 
[15:56:44:390]	[OPER] ----- Initialize -----
[15:56:45:390]	[OPER] ----- Result : Completed, Description : 
[15:56:45:393]	[OPER] ----- ChangeToFoup -----
[15:56:46:394]	[OPER] ----- Result : Completed, Description : 
[15:57:59:554]	[OPER] ----- Initialize -----
[15:58:00:555]	[OPER] ----- Result : Completed, Description : 
[15:58:00:556]	[OPER] ----- ChangeToFoup -----
[15:58:01:557]	[OPER] ----- Result : Completed, Description : 
[15:58:37:683]	[OPER] ----- Clamp -----
[15:58:38:684]	[OPER] ----- Result : Completed, Description : 
[15:58:38:691]	[OPER] ----- Load -----
[15:58:46:352]	[OPER] ----- Result : Completed, Description : 
[16:00:35:230]	[OPER] ----- Initialize -----
[16:00:36:232]	[OPER] ----- Result : Completed, Description : 
[16:00:36:234]	[OPER] ----- ChangeToFoup -----
[16:00:37:235]	[OPER] ----- Result : Completed, Description : 
[16:00:50:828]	[OPER] ----- Clamp -----
[16:00:51:828]	[OPER] ----- Result : Completed, Description : 
[16:00:51:835]	[OPER] ----- Load -----
[16:00:59:494]	[OPER] ----- Result : Completed, Description : 
[16:37:53:004]	[OPER] ----- Initialize -----
[16:37:54:006]	[OPER] ----- Result : Completed, Description : 
[16:37:54:009]	[OPER] ----- ChangeToFoup -----
[16:37:55:009]	[OPER] ----- Result : Completed, Description : 
[16:38:00:238]	[OPER] ----- Clamp -----
[16:38:01:239]	[OPER] ----- Result : Completed, Description : 
[16:38:01:246]	[OPER] ----- Load -----
[16:38:08:904]	[OPER] ----- Result : Completed, Description : 
[16:42:48:431]	[OPER] ----- Unload -----
[16:42:55:935]	[OPER] ----- Result : Completed, Description : 
[16:43:07:005]	[OPER] ----- Clamp -----
[16:43:08:005]	[OPER] ----- Result : Completed, Description : 
[16:43:08:012]	[OPER] ----- Load -----
[16:43:15:665]	[OPER] ----- Result : Completed, Description : 
[16:43:15:773]	[OPER] ----- Unload -----
[16:43:23:276]	[OPER] ----- Result : Completed, Description : 
[16:54:21:069]	[OPER] ----- Clamp -----
[16:54:22:070]	[OPER] ----- Result : Completed, Description : 
[16:54:22:077]	[OPER] ----- Load -----
[16:54:29:729]	[OPER] ----- Result : Completed, Description : 
[16:54:29:839]	[OPER] ----- Unload -----
[16:54:37:343]	[OPER] ----- Result : Completed, Description : 
[16:55:10:462]	[OPER] ----- Clamp -----
[16:55:11:464]	[OPER] ----- Result : Completed, Description : 
[16:55:11:471]	[OPER] ----- Load -----
[16:55:19:124]	[OPER] ----- Result : Completed, Description : 
[18:37:26:072]	[OPER] ----- Initialize -----
[18:37:27:073]	[OPER] ----- Result : Completed, Description : 
[18:37:27:077]	[OPER] ----- ChangeToFoup -----
[18:37:28:078]	[OPER] ----- Result : Completed, Description : 
[18:37:42:165]	[OPER] ----- Clamp -----
[18:37:43:167]	[OPER] ----- Result : Completed, Description : 
[18:37:43:174]	[OPER] ----- Load -----
[18:37:50:833]	[OPER] ----- Result : Completed, Description : 
[19:20:15:202]	[OPER] ----- Initialize -----
[19:20:16:205]	[OPER] ----- Result : Completed, Description : 
[19:20:16:208]	[OPER] ----- ChangeToFoup -----
[19:20:17:208]	[OPER] ----- Result : Completed, Description : 
[19:20:21:355]	[OPER] ----- Clamp -----
[19:20:22:356]	[OPER] ----- Result : Completed, Description : 
[19:20:22:363]	[OPER] ----- Load -----
[19:20:30:022]	[OPER] ----- Result : Completed, Description : 
[20:44:27:053]	[RECV] C00010000
[20:44:27:054]	[RECV] C00000010
[20:44:27:055]	[RECV] C01000000
[20:48:53:887]	[OPER] ----- Initialize -----
[20:48:53:889]	[SEND] RESET
[20:48:53:932]	[RECV] A
[20:48:53:934]	[RECV] O
[20:48:53:941]	[SEND] HOM
[20:48:53:980]	[RECV] A
[20:49:11:734]	[RECV] O
[20:49:11:738]	[SEND] STATUS
[20:49:11:790]	[RECV] A
[20:49:11:791]	[RECV] S7150142B
[20:49:11:792]	[OPER] ----- Result : Completed, Description : 
[20:49:11:793]	[OPER] ----- ChangeToFoup -----
[20:49:11:793]	[SEND] RESET
[20:49:11:835]	[RECV] A
[20:49:11:836]	[RECV] O
[20:49:11:839]	[SEND] OC_MODE OFF
[20:49:11:886]	[RECV] A
[20:49:11:887]	[RECV] O
[20:49:11:891]	[SEND] STATUS
[20:49:11:943]	[RECV] A
[20:49:11:943]	[RECV] S7150142B
[20:49:11:944]	[OPER] ----- Result : Completed, Description : 
[20:51:44:673]	[OPER] ----- Initialize -----
[20:51:44:673]	[SEND] RESET
[20:51:44:720]	[RECV] A
[20:51:44:721]	[RECV] O
[20:51:44:725]	[SEND] HOM
[20:51:44:768]	[RECV] A
[20:52:01:989]	[RECV] O
[20:52:01:993]	[SEND] STATUS
[20:52:02:044]	[RECV] A
[20:52:02:045]	[RECV] S7150142B
[20:52:02:047]	[OPER] ----- Result : Completed, Description : 
[20:52:02:048]	[OPER] ----- ChangeToFoup -----
[20:52:02:048]	[SEND] RESET
[20:52:02:091]	[RECV] A
[20:52:02:092]	[RECV] O
[20:52:02:096]	[SEND] OC_MODE OFF
[20:52:02:144]	[RECV] A
[20:52:02:145]	[RECV] O
[20:52:02:149]	[SEND] STATUS
[20:52:02:199]	[RECV] A
[20:52:02:200]	[RECV] S7150142B
[20:52:02:201]	[OPER] ----- Result : Completed, Description : 
