[16:15:53:565]	[OPER] Start> Initialize
[16:15:53:565]	[SEND] RESET
[16:15:53:612]	[RECV] A
[16:15:53:613]	[RECV] O
[16:15:53:616]	[SEND] HOM
[16:15:53:657]	[RECV] A
[16:16:04:844]	[RECV] O
[16:16:04:848]	[SEND] STATUS
[16:16:04:901]	[RECV] A
[16:16:04:902]	[RECV] S7350142B
[16:16:04:904]	[OPER] End> Initialize, Result : Completed
[16:16:04:905]	[OPER] Start> ChangeToCassette
[16:16:04:905]	[SEND] RESET
[16:16:04:948]	[RECV] A
[16:16:04:949]	[RECV] O
[16:16:04:953]	[SEND] OC_MODE ON
[16:16:05:001]	[RECV] A
[16:16:05:002]	[RECV] O
[16:16:05:005]	[SEND] STATUS
[16:16:05:057]	[RECV] A
[16:16:05:058]	[RECV] S7350142B
[16:16:05:059]	[OPER] End> ChangeToCassette, Result : Completed
[16:16:17:988]	[OPER] Start> Clamp
[16:16:17:989]	[SEND] RESET
[16:16:18:033]	[RECV] A
[16:16:18:034]	[RECV] O
[16:16:18:037]	[SEND] POD_LOCK ON
[16:16:18:090]	[RECV] A
[16:16:18:091]	[RECV] O
[16:16:18:095]	[SEND] STATUS
[16:16:18:146]	[RECV] A
[16:16:18:147]	[RECV] S7350142B
[16:16:18:149]	[OPER] End> Clamp, Result : Completed
[16:16:19:089]	[OPER] Start> Load
[16:16:19:090]	[SEND] RESET
[16:16:19:134]	[RECV] A
[16:16:19:135]	[RECV] O
[16:16:19:139]	[SEND] CFG_SLOTS
[16:16:19:188]	[RECV] A
[16:16:19:189]	[RECV] 13
[16:16:19:192]	[SEND] LOAD O
[16:16:19:234]	[RECV] A
[16:16:31:112]	[RECV] M00000000,00000000,00000000
[16:16:31:120]	[SEND] STATUS
[16:16:31:172]	[RECV] A
[16:16:31:173]	[RECV] S33500C27
[16:16:31:174]	[OPER] End> Load, Result : Completed
[16:28:53:417]	[OPER] Start> Unload
[16:28:53:417]	[SEND] RESET
[16:28:53:461]	[RECV] A
[16:28:53:462]	[RECV] O
[16:28:53:465]	[SEND] CFG_SLOTS
[16:28:53:514]	[RECV] A
[16:28:53:515]	[RECV] 13
[16:28:53:519]	[SEND] UNLOAD O
[16:28:53:563]	[RECV] A
[16:29:00:719]	[RECV] M00000000,00000000,00000000
[16:29:00:722]	[SEND] STATUS
[16:29:00:774]	[RECV] A
[16:29:00:775]	[RECV] S7350142B
[16:29:00:776]	[OPER] End> Unload, Result : Completed
[16:29:02:792]	[OPER] Start> Clamp
[16:29:02:792]	[SEND] RESET
[16:29:02:836]	[RECV] A
[16:29:02:837]	[RECV] O
[16:29:02:841]	[SEND] POD_LOCK ON
[16:29:02:894]	[RECV] A
[16:29:02:895]	[RECV] O
[16:29:02:899]	[SEND] STATUS
[16:29:02:950]	[RECV] A
[16:29:02:951]	[RECV] S7350142B
[16:29:02:953]	[OPER] End> Clamp, Result : Completed
[16:29:03:141]	[OPER] Start> Load
[16:29:03:141]	[SEND] RESET
[16:29:03:184]	[RECV] A
[16:29:03:185]	[RECV] O
[16:29:03:189]	[SEND] CFG_SLOTS
[16:29:03:238]	[RECV] A
[16:29:03:239]	[RECV] 13
[16:29:03:243]	[SEND] LOAD O
[16:29:03:285]	[RECV] A
[16:29:15:095]	[RECV] M00000000,00000000,00000000
[16:29:15:099]	[SEND] STATUS
[16:29:15:151]	[RECV] A
[16:29:15:152]	[RECV] S33500C27
[16:29:15:154]	[OPER] End> Load, Result : Completed
[16:40:49:532]	[OPER] Start> Unload
[16:40:49:532]	[SEND] RESET
[16:40:49:574]	[RECV] A
[16:40:49:575]	[RECV] O
[16:40:49:578]	[SEND] CFG_SLOTS
[16:40:49:626]	[RECV] A
[16:40:49:627]	[RECV] 13
[16:40:49:630]	[SEND] UNLOAD O
[16:40:49:674]	[RECV] A
[16:40:56:832]	[RECV] M00000000,00000000,00000000
[16:40:56:835]	[SEND] STATUS
[16:40:56:887]	[RECV] A
[16:40:56:888]	[RECV] S7350142B
[16:40:56:890]	[OPER] End> Unload, Result : Completed
[16:40:58:906]	[OPER] Start> Clamp
[16:40:58:906]	[SEND] RESET
[16:40:58:949]	[RECV] A
[16:40:58:950]	[RECV] O
[16:40:58:953]	[SEND] POD_LOCK ON
[16:40:59:005]	[RECV] A
[16:40:59:006]	[RECV] O
[16:40:59:009]	[SEND] STATUS
[16:40:59:061]	[RECV] A
[16:40:59:062]	[RECV] S7350142B
[16:40:59:063]	[OPER] End> Clamp, Result : Completed
[16:40:59:264]	[OPER] Start> Load
[16:40:59:264]	[SEND] RESET
[16:40:59:306]	[RECV] A
[16:40:59:307]	[RECV] O
[16:40:59:310]	[SEND] CFG_SLOTS
[16:40:59:358]	[RECV] A
[16:40:59:359]	[RECV] 13
[16:40:59:362]	[SEND] LOAD O
[16:40:59:404]	[RECV] A
[16:41:11:208]	[RECV] M00000000,00000000,00000000
[16:41:11:212]	[SEND] STATUS
[16:41:11:264]	[RECV] A
[16:41:11:265]	[RECV] S33500C27
[16:41:11:267]	[OPER] End> Load, Result : Completed
[16:42:36:233]	[OPER] Start> Unload
[16:42:36:233]	[SEND] RESET
[16:42:36:282]	[RECV] A
[16:42:36:283]	[RECV] O
[16:42:36:287]	[SEND] CFG_SLOTS
[16:42:36:335]	[RECV] A
[16:42:36:336]	[RECV] 13
[16:42:36:339]	[SEND] UNLOAD O
[16:42:36:383]	[RECV] A
[16:42:43:565]	[RECV] M00000000,00000000,00000000
[16:42:43:568]	[SEND] STATUS
[16:42:43:620]	[RECV] A
[16:42:43:621]	[RECV] S7350142B
[16:42:43:622]	[OPER] End> Unload, Result : Completed
[16:45:06:328]	[OPER] Start> Initialize
[16:45:06:328]	[SEND] RESET
[16:45:06:373]	[RECV] A
[16:45:06:376]	[RECV] O
[16:45:06:381]	[SEND] HOM
[16:45:06:422]	[RECV] A
[16:45:17:607]	[RECV] O
[16:45:17:611]	[SEND] STATUS
[16:45:17:662]	[RECV] A
[16:45:17:663]	[RECV] S7350142B
[16:45:17:664]	[OPER] End> Initialize, Result : Completed
[16:45:17:665]	[OPER] Start> ChangeToCassette
[16:45:17:665]	[SEND] RESET
[16:45:17:707]	[RECV] A
[16:45:17:708]	[RECV] O
[16:45:17:711]	[SEND] OC_MODE ON
[16:45:17:758]	[RECV] A
[16:45:17:759]	[RECV] O
[16:45:17:763]	[SEND] STATUS
[16:45:17:815]	[RECV] A
[16:45:17:816]	[RECV] S7350142B
[16:45:17:817]	[OPER] End> ChangeToCassette, Result : Completed
[16:45:45:485]	[OPER] Start> Clamp
[16:45:45:485]	[SEND] RESET
[16:45:45:530]	[RECV] A
[16:45:45:531]	[RECV] O
[16:45:45:534]	[SEND] POD_LOCK ON
[16:45:45:587]	[RECV] A
[16:45:45:588]	[RECV] O
[16:45:45:591]	[SEND] STATUS
[16:45:45:644]	[RECV] A
[16:45:45:645]	[RECV] S7350142B
[16:45:45:647]	[OPER] End> Clamp, Result : Completed
[16:45:46:577]	[OPER] Start> Load
[16:45:46:578]	[SEND] RESET
[16:45:46:622]	[RECV] A
[16:45:46:623]	[RECV] O
[16:45:46:627]	[SEND] CFG_SLOTS
[16:45:46:677]	[RECV] A
[16:45:46:678]	[RECV] 13
[16:45:46:682]	[SEND] LOAD O
[16:45:46:724]	[RECV] A
[16:45:58:590]	[RECV] M00000000,00000000,00000000
[16:45:58:598]	[SEND] STATUS
[16:45:58:650]	[RECV] A
[16:45:58:651]	[RECV] S33500C27
[16:45:58:652]	[OPER] End> Load, Result : Completed
[16:58:18:011]	[OPER] Start> Unload
[16:58:18:011]	[SEND] RESET
[16:58:18:055]	[RECV] A
[16:58:18:056]	[RECV] O
[16:58:18:059]	[SEND] CFG_SLOTS
[16:58:18:107]	[RECV] A
[16:58:18:108]	[RECV] 13
[16:58:18:111]	[SEND] UNLOAD O
[16:58:18:155]	[RECV] A
[16:58:25:304]	[RECV] M00000000,00000000,00000000
[16:58:25:307]	[SEND] STATUS
[16:58:25:359]	[RECV] A
[16:58:25:360]	[RECV] S7350142B
[16:58:25:361]	[OPER] End> Unload, Result : Completed
[16:58:27:378]	[OPER] Start> Clamp
[16:58:27:378]	[SEND] RESET
[16:58:27:420]	[RECV] A
[16:58:27:421]	[RECV] O
[16:58:27:424]	[SEND] POD_LOCK ON
[16:58:27:476]	[RECV] A
[16:58:27:477]	[RECV] O
[16:58:27:481]	[SEND] STATUS
[16:58:27:533]	[RECV] A
[16:58:27:534]	[RECV] S7350142B
[16:58:27:536]	[OPER] End> Clamp, Result : Completed
[16:58:27:722]	[OPER] Start> Load
[16:58:27:722]	[SEND] RESET
[16:58:27:764]	[RECV] A
[16:58:27:765]	[RECV] O
[16:58:27:768]	[SEND] CFG_SLOTS
[16:58:27:815]	[RECV] A
[16:58:27:816]	[RECV] 13
[16:58:27:820]	[SEND] LOAD O
[16:58:27:862]	[RECV] A
[16:58:39:669]	[RECV] M00000000,00000000,00000000
[16:58:39:672]	[SEND] STATUS
[16:58:39:723]	[RECV] A
[16:58:39:724]	[RECV] S33500C27
[16:58:39:725]	[OPER] End> Load, Result : Completed
[17:10:09:967]	[OPER] Start> Unload
[17:10:09:967]	[SEND] RESET
[17:10:10:011]	[RECV] A
[17:10:10:012]	[RECV] O
[17:10:10:016]	[SEND] CFG_SLOTS
[17:10:10:064]	[RECV] A
[17:10:10:065]	[RECV] 13
[17:10:10:069]	[SEND] UNLOAD O
[17:10:10:113]	[RECV] A
[17:10:17:274]	[RECV] M00000000,00000000,00000000
[17:10:17:278]	[SEND] STATUS
[17:10:17:330]	[RECV] A
[17:10:17:331]	[RECV] S7350142B
[17:10:17:332]	[OPER] End> Unload, Result : Completed
[17:10:19:348]	[OPER] Start> Clamp
[17:10:19:348]	[SEND] RESET
[17:10:19:390]	[RECV] A
[17:10:19:391]	[RECV] O
[17:10:19:395]	[SEND] POD_LOCK ON
[17:10:19:447]	[RECV] A
[17:10:19:448]	[RECV] O
[17:10:19:452]	[SEND] STATUS
[17:10:19:504]	[RECV] A
[17:10:19:505]	[RECV] S7350142B
[17:10:19:506]	[OPER] End> Clamp, Result : Completed
[17:10:19:692]	[OPER] Start> Load
[17:10:19:692]	[SEND] RESET
[17:10:19:735]	[RECV] A
[17:10:19:736]	[RECV] O
[17:10:19:739]	[SEND] CFG_SLOTS
[17:10:19:787]	[RECV] A
[17:10:19:788]	[RECV] 13
[17:10:19:792]	[SEND] LOAD O
[17:10:19:833]	[RECV] A
[17:10:31:633]	[RECV] M00000000,00000000,00000000
[17:10:31:637]	[SEND] STATUS
[17:10:31:688]	[RECV] A
[17:10:31:689]	[RECV] S33500C27
[17:10:31:691]	[OPER] End> Load, Result : Completed
[17:21:52:739]	[OPER] Start> Unload
[17:21:52:739]	[SEND] RESET
[17:21:52:783]	[RECV] A
[17:21:52:784]	[RECV] O
[17:21:52:787]	[SEND] CFG_SLOTS
[17:21:52:835]	[RECV] A
[17:21:52:836]	[RECV] 13
[17:21:52:839]	[SEND] UNLOAD O
[17:21:52:882]	[RECV] A
[17:22:00:028]	[RECV] M00000000,00000000,00000000
[17:22:00:032]	[SEND] STATUS
[17:22:00:085]	[RECV] A
[17:22:00:086]	[RECV] S7350142B
[17:22:00:087]	[OPER] End> Unload, Result : Completed
[17:22:02:102]	[OPER] Start> Clamp
[17:22:02:102]	[SEND] RESET
[17:22:02:144]	[RECV] A
[17:22:02:145]	[RECV] O
[17:22:02:149]	[SEND] POD_LOCK ON
[17:22:02:201]	[RECV] A
[17:22:02:202]	[RECV] O
[17:22:02:205]	[SEND] STATUS
[17:22:02:258]	[RECV] A
[17:22:02:259]	[RECV] S7350142B
[17:22:02:261]	[OPER] End> Clamp, Result : Completed
[17:22:02:446]	[OPER] Start> Load
[17:22:02:446]	[SEND] RESET
[17:22:02:489]	[RECV] A
[17:22:02:490]	[RECV] O
[17:22:02:494]	[SEND] CFG_SLOTS
[17:22:02:541]	[RECV] A
[17:22:02:542]	[RECV] 13
[17:22:02:546]	[SEND] LOAD O
[17:22:02:587]	[RECV] A
[17:22:14:406]	[RECV] M00000000,00000000,00000000
[17:22:14:410]	[SEND] STATUS
[17:22:14:462]	[RECV] A
[17:22:14:463]	[RECV] S33500C27
[17:22:14:465]	[OPER] End> Load, Result : Completed
[17:33:56:432]	[OPER] Start> Unload
[17:33:56:432]	[SEND] RESET
[17:33:56:475]	[RECV] A
[17:33:56:476]	[RECV] O
[17:33:56:480]	[SEND] CFG_SLOTS
[17:33:56:528]	[RECV] A
[17:33:56:529]	[RECV] 13
[17:33:56:533]	[SEND] UNLOAD O
[17:33:56:576]	[RECV] A
[17:34:03:725]	[RECV] M00000000,00000000,00000000
[17:34:03:729]	[SEND] STATUS
[17:34:03:781]	[RECV] A
[17:34:03:782]	[RECV] S7350142B
[17:34:03:784]	[OPER] End> Unload, Result : Completed
[17:34:05:800]	[OPER] Start> Clamp
[17:34:05:800]	[SEND] RESET
[17:34:05:842]	[RECV] A
[17:34:05:843]	[RECV] O
[17:34:05:847]	[SEND] POD_LOCK ON
[17:34:05:898]	[RECV] A
[17:34:05:899]	[RECV] O
[17:34:05:903]	[SEND] STATUS
[17:34:05:956]	[RECV] A
[17:34:05:957]	[RECV] S7350142B
[17:34:05:958]	[OPER] End> Clamp, Result : Completed
[17:34:06:143]	[OPER] Start> Load
[17:34:06:143]	[SEND] RESET
[17:34:06:185]	[RECV] A
[17:34:06:186]	[RECV] O
[17:34:06:190]	[SEND] CFG_SLOTS
[17:34:06:238]	[RECV] A
[17:34:06:239]	[RECV] 13
[17:34:06:242]	[SEND] LOAD O
[17:34:06:283]	[RECV] A
[17:34:18:102]	[RECV] M00000000,00000000,00000000
[17:34:18:106]	[SEND] STATUS
[17:34:18:159]	[RECV] A
[17:34:18:160]	[RECV] S33500C27
[17:34:18:162]	[OPER] End> Load, Result : Completed
[17:44:55:775]	[OPER] Start> Unload
[17:44:55:775]	[SEND] RESET
[17:44:55:817]	[RECV] A
[17:44:55:818]	[RECV] O
[17:44:55:822]	[SEND] CFG_SLOTS
[17:44:55:871]	[RECV] A
[17:44:55:872]	[RECV] 13
[17:44:55:875]	[SEND] UNLOAD O
[17:44:55:919]	[RECV] A
[17:45:03:068]	[RECV] M00000000,00000000,00000000
[17:45:03:072]	[SEND] STATUS
[17:45:03:124]	[RECV] A
[17:45:03:125]	[RECV] S7350142B
[17:45:03:126]	[OPER] End> Unload, Result : Completed
[17:45:05:143]	[OPER] Start> Clamp
[17:45:05:143]	[SEND] RESET
[17:45:05:186]	[RECV] A
[17:45:05:187]	[RECV] O
[17:45:05:190]	[SEND] POD_LOCK ON
[17:45:05:242]	[RECV] A
[17:45:05:243]	[RECV] O
[17:45:05:246]	[SEND] STATUS
[17:45:05:298]	[RECV] A
[17:45:05:299]	[RECV] S7350142B
[17:45:05:300]	[OPER] End> Clamp, Result : Completed
[17:45:05:485]	[OPER] Start> Load
[17:45:05:485]	[SEND] RESET
[17:45:05:528]	[RECV] A
[17:45:05:529]	[RECV] O
[17:45:05:533]	[SEND] CFG_SLOTS
[17:45:05:582]	[RECV] A
[17:45:05:583]	[RECV] 13
[17:45:05:587]	[SEND] LOAD O
[17:45:05:629]	[RECV] A
[17:45:17:449]	[RECV] M00000000,00000000,00000000
[17:45:17:452]	[SEND] STATUS
[17:45:17:504]	[RECV] A
[17:45:17:505]	[RECV] S33500C27
[17:45:17:506]	[OPER] End> Load, Result : Completed
[17:56:58:449]	[OPER] Start> Unload
[17:56:58:449]	[SEND] RESET
[17:56:58:492]	[RECV] A
[17:56:58:493]	[RECV] O
[17:56:58:497]	[SEND] CFG_SLOTS
[17:56:58:544]	[RECV] A
[17:56:58:545]	[RECV] 13
[17:56:58:548]	[SEND] UNLOAD O
[17:56:58:592]	[RECV] A
[17:57:05:749]	[RECV] M00000000,00000000,00000000
[17:57:05:752]	[SEND] STATUS
[17:57:05:804]	[RECV] A
[17:57:05:805]	[RECV] S7350142B
[17:57:05:806]	[OPER] End> Unload, Result : Completed
[17:57:07:824]	[OPER] Start> Clamp
[17:57:07:824]	[SEND] RESET
[17:57:07:866]	[RECV] A
[17:57:07:867]	[RECV] O
[17:57:07:869]	[SEND] POD_LOCK ON
[17:57:07:921]	[RECV] A
[17:57:07:922]	[RECV] O
[17:57:07:926]	[SEND] STATUS
[17:57:07:978]	[RECV] A
[17:57:07:979]	[RECV] S7350142B
[17:57:07:980]	[OPER] End> Clamp, Result : Completed
[17:57:08:168]	[OPER] Start> Load
[17:57:08:168]	[SEND] RESET
[17:57:08:211]	[RECV] A
[17:57:08:212]	[RECV] O
[17:57:08:217]	[SEND] CFG_SLOTS
[17:57:08:264]	[RECV] A
[17:57:08:265]	[RECV] 13
[17:57:08:269]	[SEND] LOAD O
[17:57:08:312]	[RECV] A
[17:57:20:107]	[RECV] M00000000,00000000,00000000
[17:57:20:110]	[SEND] STATUS
[17:57:20:162]	[RECV] A
[17:57:20:163]	[RECV] S33500C27
[17:57:20:164]	[OPER] End> Load, Result : Completed
[18:07:51:267]	[OPER] Start> Unload
[18:07:51:267]	[SEND] RESET
[18:07:51:309]	[RECV] A
[18:07:51:310]	[RECV] O
[18:07:51:314]	[SEND] CFG_SLOTS
[18:07:51:362]	[RECV] A
[18:07:51:363]	[RECV] 13
[18:07:51:365]	[SEND] UNLOAD O
[18:07:51:408]	[RECV] A
[18:07:58:558]	[RECV] M00000000,00000000,00000000
[18:07:58:561]	[SEND] STATUS
[18:07:58:612]	[RECV] A
[18:07:58:613]	[RECV] S7350142B
[18:07:58:615]	[OPER] End> Unload, Result : Completed
[18:08:00:632]	[OPER] Start> Clamp
[18:08:00:632]	[SEND] RESET
[18:08:00:674]	[RECV] A
[18:08:00:675]	[RECV] O
[18:08:00:679]	[SEND] POD_LOCK ON
[18:08:00:730]	[RECV] A
[18:08:00:731]	[RECV] O
[18:08:00:734]	[SEND] STATUS
[18:08:00:785]	[RECV] A
[18:08:00:786]	[RECV] S7350142B
[18:08:00:787]	[OPER] End> Clamp, Result : Completed
[18:08:00:972]	[OPER] Start> Load
[18:08:00:972]	[SEND] RESET
[18:08:01:014]	[RECV] A
[18:08:01:016]	[RECV] O
[18:08:01:019]	[SEND] CFG_SLOTS
[18:08:01:067]	[RECV] A
[18:08:01:068]	[RECV] 13
[18:08:01:072]	[SEND] LOAD O
[18:08:01:114]	[RECV] A
[18:08:12:938]	[RECV] M00000000,00000000,00000000
[18:08:12:941]	[SEND] STATUS
[18:08:12:993]	[RECV] A
[18:08:12:994]	[RECV] S33500C27
[18:08:12:995]	[OPER] End> Load, Result : Completed
[18:19:50:359]	[OPER] Start> Unload
[18:19:50:359]	[SEND] RESET
[18:19:50:402]	[RECV] A
[18:19:50:403]	[RECV] O
[18:19:50:406]	[SEND] CFG_SLOTS
[18:19:50:454]	[RECV] A
[18:19:50:455]	[RECV] 13
[18:19:50:458]	[SEND] UNLOAD O
[18:19:50:501]	[RECV] A
[18:19:57:652]	[RECV] M00000000,00000000,00000000
[18:19:57:655]	[SEND] STATUS
[18:19:57:707]	[RECV] A
[18:19:57:708]	[RECV] S7350142B
[18:19:57:710]	[OPER] End> Unload, Result : Completed
[18:19:59:725]	[OPER] Start> Clamp
[18:19:59:725]	[SEND] RESET
[18:19:59:767]	[RECV] A
[18:19:59:768]	[RECV] O
[18:19:59:771]	[SEND] POD_LOCK ON
[18:19:59:823]	[RECV] A
[18:19:59:824]	[RECV] O
[18:19:59:827]	[SEND] STATUS
[18:19:59:880]	[RECV] A
[18:19:59:881]	[RECV] S7350142B
[18:19:59:883]	[OPER] End> Clamp, Result : Completed
[18:20:00:069]	[OPER] Start> Load
[18:20:00:069]	[SEND] RESET
[18:20:00:112]	[RECV] A
[18:20:00:113]	[RECV] O
[18:20:00:116]	[SEND] CFG_SLOTS
[18:20:00:164]	[RECV] A
[18:20:00:165]	[RECV] 13
[18:20:00:168]	[SEND] LOAD O
[18:20:00:210]	[RECV] A
[18:20:12:033]	[RECV] M00000000,00000000,00000000
[18:20:12:037]	[SEND] STATUS
[18:20:12:089]	[RECV] A
[18:20:12:090]	[RECV] S33500C27
[18:20:12:091]	[OPER] End> Load, Result : Completed
[18:30:51:913]	[OPER] Start> Unload
[18:30:51:913]	[SEND] RESET
[18:30:51:955]	[RECV] A
[18:30:51:956]	[RECV] O
[18:30:51:959]	[SEND] CFG_SLOTS
[18:30:52:006]	[RECV] A
[18:30:52:007]	[RECV] 13
[18:30:52:011]	[SEND] UNLOAD O
[18:30:52:054]	[RECV] A
[18:30:59:213]	[RECV] M00000000,00000000,00000000
[18:30:59:216]	[SEND] STATUS
[18:30:59:267]	[RECV] A
[18:30:59:268]	[RECV] S7350142B
[18:30:59:269]	[OPER] End> Unload, Result : Completed
[18:31:01:286]	[OPER] Start> Clamp
[18:31:01:286]	[SEND] RESET
[18:31:01:328]	[RECV] A
[18:31:01:329]	[RECV] O
[18:31:01:332]	[SEND] POD_LOCK ON
[18:31:01:383]	[RECV] A
[18:31:01:384]	[RECV] O
[18:31:01:388]	[SEND] STATUS
[18:31:01:441]	[RECV] A
[18:31:01:442]	[RECV] S7350142B
[18:31:01:443]	[OPER] End> Clamp, Result : Completed
[18:31:01:630]	[OPER] Start> Load
[18:31:01:630]	[SEND] RESET
[18:31:01:672]	[RECV] A
[18:31:01:673]	[RECV] O
[18:31:01:677]	[SEND] CFG_SLOTS
[18:31:01:725]	[RECV] A
[18:31:01:726]	[RECV] 13
[18:31:01:730]	[SEND] LOAD O
[18:31:01:772]	[RECV] A
[18:31:13:571]	[RECV] M00000000,00000000,00000000
[18:31:13:575]	[SEND] STATUS
[18:31:13:627]	[RECV] A
[18:31:13:628]	[RECV] S33500C27
[18:31:13:629]	[OPER] End> Load, Result : Completed
[18:42:55:398]	[OPER] Start> Unload
[18:42:55:398]	[SEND] RESET
[18:42:55:441]	[RECV] A
[18:42:55:442]	[RECV] O
[18:42:55:447]	[SEND] CFG_SLOTS
[18:42:55:493]	[RECV] A
[18:42:55:495]	[RECV] 13
[18:42:55:499]	[SEND] UNLOAD O
[18:42:55:543]	[RECV] A
[18:43:02:693]	[RECV] M00000000,00000000,00000000
[18:43:02:696]	[SEND] STATUS
[18:43:02:749]	[RECV] A
[18:43:02:750]	[RECV] S7350142B
[18:43:02:751]	[OPER] End> Unload, Result : Completed
[18:43:04:768]	[OPER] Start> Clamp
[18:43:04:768]	[SEND] RESET
[18:43:04:811]	[RECV] A
[18:43:04:812]	[RECV] O
[18:43:04:815]	[SEND] POD_LOCK ON
[18:43:04:867]	[RECV] A
[18:43:04:868]	[RECV] O
[18:43:04:872]	[SEND] STATUS
[18:43:04:925]	[RECV] A
[18:43:04:926]	[RECV] S7350142B
[18:43:04:927]	[OPER] End> Clamp, Result : Completed
[18:43:05:114]	[OPER] Start> Load
[18:43:05:114]	[SEND] RESET
[18:43:05:156]	[RECV] A
[18:43:05:157]	[RECV] O
[18:43:05:161]	[SEND] CFG_SLOTS
[18:43:05:209]	[RECV] A
[18:43:05:210]	[RECV] 13
[18:43:05:214]	[SEND] LOAD O
[18:43:05:254]	[RECV] A
[18:43:17:079]	[RECV] M00000000,00000000,00000000
[18:43:17:083]	[SEND] STATUS
[18:43:17:136]	[RECV] A
[18:43:17:138]	[RECV] S33500C27
[18:43:17:139]	[OPER] End> Load, Result : Completed
[18:53:58:252]	[OPER] Start> Unload
[18:53:58:252]	[SEND] RESET
[18:53:58:295]	[RECV] A
[18:53:58:296]	[RECV] O
[18:53:58:300]	[SEND] CFG_SLOTS
[18:53:58:348]	[RECV] A
[18:53:58:349]	[RECV] 13
[18:53:58:352]	[SEND] UNLOAD O
[18:53:58:396]	[RECV] A
[18:54:05:551]	[RECV] M00000000,00000000,00000000
[18:54:05:555]	[SEND] STATUS
[18:54:05:607]	[RECV] A
[18:54:05:608]	[RECV] S7350142B
[18:54:05:610]	[OPER] End> Unload, Result : Completed
[18:54:07:625]	[OPER] Start> Clamp
[18:54:07:625]	[SEND] RESET
[18:54:07:669]	[RECV] A
[18:54:07:670]	[RECV] O
[18:54:07:674]	[SEND] POD_LOCK ON
[18:54:07:727]	[RECV] A
[18:54:07:728]	[RECV] O
[18:54:07:732]	[SEND] STATUS
[18:54:07:785]	[RECV] A
[18:54:07:786]	[RECV] S7350142B
[18:54:07:788]	[OPER] End> Clamp, Result : Completed
[18:54:07:974]	[OPER] Start> Load
[18:54:07:974]	[SEND] RESET
[18:54:08:017]	[RECV] A
[18:54:08:018]	[RECV] O
[18:54:08:022]	[SEND] CFG_SLOTS
[18:54:08:070]	[RECV] A
[18:54:08:071]	[RECV] 13
[18:54:08:074]	[SEND] LOAD O
[18:54:08:116]	[RECV] A
[18:54:19:939]	[RECV] M00000000,00000000,00000000
[18:54:19:943]	[SEND] STATUS
[18:54:19:995]	[RECV] A
[18:54:19:996]	[RECV] S33500C27
[18:54:19:998]	[OPER] End> Load, Result : Completed
[19:06:06:546]	[OPER] Start> Unload
[19:06:06:546]	[SEND] RESET
[19:06:06:590]	[RECV] A
[19:06:06:591]	[RECV] O
[19:06:06:594]	[SEND] CFG_SLOTS
[19:06:06:642]	[RECV] A
[19:06:06:643]	[RECV] 13
[19:06:06:647]	[SEND] UNLOAD O
[19:06:06:691]	[RECV] A
[19:06:13:842]	[RECV] M00000000,00000000,00000000
[19:06:13:846]	[SEND] STATUS
[19:06:13:899]	[RECV] A
[19:06:13:900]	[RECV] S7350142B
[19:06:13:902]	[OPER] End> Unload, Result : Completed
[19:06:15:918]	[OPER] Start> Clamp
[19:06:15:918]	[SEND] RESET
[19:06:15:961]	[RECV] A
[19:06:15:962]	[RECV] O
[19:06:15:966]	[SEND] POD_LOCK ON
[19:06:16:019]	[RECV] A
[19:06:16:020]	[RECV] O
[19:06:16:023]	[SEND] STATUS
[19:06:16:073]	[RECV] A
[19:06:16:074]	[RECV] S7350142B
[19:06:16:076]	[OPER] End> Clamp, Result : Completed
[19:06:16:262]	[OPER] Start> Load
[19:06:16:262]	[SEND] RESET
[19:06:16:305]	[RECV] A
[19:06:16:306]	[RECV] O
[19:06:16:309]	[SEND] CFG_SLOTS
[19:06:16:358]	[RECV] A
[19:06:16:359]	[RECV] 13
[19:06:16:362]	[SEND] LOAD O
[19:06:16:404]	[RECV] A
[19:06:28:222]	[RECV] M00000000,00000000,00000000
[19:06:28:226]	[SEND] STATUS
[19:06:28:279]	[RECV] A
[19:06:28:280]	[RECV] S33500C27
[19:06:28:281]	[OPER] End> Load, Result : Completed
[19:16:15:970]	[OPER] Start> Unload
[19:16:15:970]	[SEND] RESET
[19:16:16:013]	[RECV] A
[19:16:16:014]	[RECV] O
[19:16:16:017]	[SEND] CFG_SLOTS
[19:16:16:066]	[RECV] A
[19:16:16:067]	[RECV] 13
[19:16:16:071]	[SEND] UNLOAD O
[19:16:16:115]	[RECV] A
[19:16:23:300]	[RECV] M00000000,00000000,00000000
[19:16:23:303]	[SEND] STATUS
[19:16:23:356]	[RECV] A
[19:16:23:357]	[RECV] S7350142B
[19:16:23:359]	[OPER] End> Unload, Result : Completed
[19:16:25:375]	[OPER] Start> Clamp
[19:16:25:375]	[SEND] RESET
[19:16:25:418]	[RECV] A
[19:16:25:419]	[RECV] O
[19:16:25:423]	[SEND] POD_LOCK ON
[19:16:25:475]	[RECV] A
[19:16:25:476]	[RECV] O
[19:16:25:479]	[SEND] STATUS
[19:16:25:531]	[RECV] A
[19:16:25:532]	[RECV] S7350142B
[19:16:25:534]	[OPER] End> Clamp, Result : Completed
[19:16:25:719]	[OPER] Start> Load
[19:16:25:719]	[SEND] RESET
[19:16:25:761]	[RECV] A
[19:16:25:762]	[RECV] O
[19:16:25:765]	[SEND] CFG_SLOTS
[19:16:25:813]	[RECV] A
[19:16:25:814]	[RECV] 13
[19:16:25:818]	[SEND] LOAD O
[19:16:25:859]	[RECV] A
[19:16:37:686]	[RECV] M00000000,00000000,00000000
[19:16:37:689]	[SEND] STATUS
[19:16:37:741]	[RECV] A
[19:16:37:743]	[RECV] S33500C27
[19:16:37:745]	[OPER] End> Load, Result : Completed
[19:28:17:035]	[OPER] Start> Unload
[19:28:17:035]	[SEND] RESET
[19:28:17:078]	[RECV] A
[19:28:17:079]	[RECV] O
[19:28:17:083]	[SEND] CFG_SLOTS
[19:28:17:131]	[RECV] A
[19:28:17:132]	[RECV] 13
[19:28:17:136]	[SEND] UNLOAD O
[19:28:17:180]	[RECV] A
[19:28:24:346]	[RECV] M00000000,00000000,00000000
[19:28:24:349]	[SEND] STATUS
[19:28:24:401]	[RECV] A
[19:28:24:402]	[RECV] S7350142B
[19:28:24:404]	[OPER] End> Unload, Result : Completed
[19:28:26:419]	[OPER] Start> Clamp
[19:28:26:419]	[SEND] RESET
[19:28:26:462]	[RECV] A
[19:28:26:463]	[RECV] O
[19:28:26:467]	[SEND] POD_LOCK ON
[19:28:26:519]	[RECV] A
[19:28:26:520]	[RECV] O
[19:28:26:523]	[SEND] STATUS
[19:28:26:575]	[RECV] A
[19:28:26:576]	[RECV] S7350142B
[19:28:26:578]	[OPER] End> Clamp, Result : Completed
[19:28:26:764]	[OPER] Start> Load
[19:28:26:764]	[SEND] RESET
[19:28:26:807]	[RECV] A
[19:28:26:808]	[RECV] O
[19:28:26:812]	[SEND] CFG_SLOTS
[19:28:26:860]	[RECV] A
[19:28:26:861]	[RECV] 13
[19:28:26:864]	[SEND] LOAD O
[19:28:26:907]	[RECV] A
[19:28:38:712]	[RECV] M00000000,00000000,00000000
[19:28:38:715]	[SEND] STATUS
[19:28:38:768]	[RECV] A
[19:28:38:769]	[RECV] S33500C27
[19:28:38:771]	[OPER] End> Load, Result : Completed
[19:40:21:881]	[OPER] Start> Unload
[19:40:21:881]	[SEND] RESET
[19:40:21:924]	[RECV] A
[19:40:21:925]	[RECV] O
[19:40:21:928]	[SEND] CFG_SLOTS
[19:40:21:976]	[RECV] A
[19:40:21:977]	[RECV] 13
[19:40:21:981]	[SEND] UNLOAD O
[19:40:22:024]	[RECV] A
[19:40:29:188]	[RECV] M00000000,00000000,00000000
[19:40:29:191]	[SEND] STATUS
[19:40:29:243]	[RECV] A
[19:40:29:244]	[RECV] S7350142B
[19:40:29:245]	[OPER] End> Unload, Result : Completed
[19:40:31:262]	[OPER] Start> Clamp
[19:40:31:262]	[SEND] RESET
[19:40:31:305]	[RECV] A
[19:40:31:306]	[RECV] O
[19:40:31:310]	[SEND] POD_LOCK ON
[19:40:31:361]	[RECV] A
[19:40:31:362]	[RECV] O
[19:40:31:366]	[SEND] STATUS
[19:40:31:418]	[RECV] A
[19:40:31:419]	[RECV] S7350142B
[19:40:31:421]	[OPER] End> Clamp, Result : Completed
[19:40:31:607]	[OPER] Start> Load
[19:40:31:607]	[SEND] RESET
[19:40:31:650]	[RECV] A
[19:40:31:651]	[RECV] O
[19:40:31:655]	[SEND] CFG_SLOTS
[19:40:31:702]	[RECV] A
[19:40:31:703]	[RECV] 13
[19:40:31:707]	[SEND] LOAD O
[19:40:31:748]	[RECV] A
[19:40:43:561]	[RECV] M00000000,00000000,00000000
[19:40:43:564]	[SEND] STATUS
[19:40:43:616]	[RECV] A
[19:40:43:617]	[RECV] S33500C27
[19:40:43:618]	[OPER] End> Load, Result : Completed
[19:51:59:394]	[OPER] Start> Unload
[19:51:59:394]	[SEND] RESET
[19:51:59:438]	[RECV] A
[19:51:59:439]	[RECV] O
[19:51:59:442]	[SEND] CFG_SLOTS
[19:51:59:491]	[RECV] A
[19:51:59:493]	[RECV] 13
[19:51:59:497]	[SEND] UNLOAD O
[19:51:59:540]	[RECV] A
[19:52:06:704]	[RECV] M00000000,00000000,00000000
[19:52:06:709]	[SEND] STATUS
[19:52:06:761]	[RECV] A
[19:52:06:763]	[RECV] S7350142B
[19:52:06:764]	[OPER] End> Unload, Result : Completed
[19:52:08:782]	[OPER] Start> Clamp
[19:52:08:782]	[SEND] RESET
[19:52:08:825]	[RECV] A
[19:52:08:826]	[RECV] O
[19:52:08:829]	[SEND] POD_LOCK ON
[19:52:08:882]	[RECV] A
[19:52:08:883]	[RECV] O
[19:52:08:886]	[SEND] STATUS
[19:52:08:937]	[RECV] A
[19:52:08:938]	[RECV] S7350142B
[19:52:08:939]	[OPER] End> Clamp, Result : Completed
[19:52:09:125]	[OPER] Start> Load
[19:52:09:125]	[SEND] RESET
[19:52:09:168]	[RECV] A
[19:52:09:169]	[RECV] O
[19:52:09:172]	[SEND] CFG_SLOTS
[19:52:09:221]	[RECV] A
[19:52:09:222]	[RECV] 13
[19:52:09:226]	[SEND] LOAD O
[19:52:09:267]	[RECV] A
[19:52:21:075]	[RECV] M00000000,00000000,00000000
[19:52:21:079]	[SEND] STATUS
[19:52:21:132]	[RECV] A
[19:52:21:133]	[RECV] S33500C27
[19:52:21:135]	[OPER] End> Load, Result : Completed
[20:03:49:762]	[OPER] Start> Unload
[20:03:49:762]	[SEND] RESET
[20:03:49:804]	[RECV] A
[20:03:49:805]	[RECV] O
[20:03:49:808]	[SEND] CFG_SLOTS
[20:03:49:856]	[RECV] A
[20:03:49:857]	[RECV] 13
[20:03:49:860]	[SEND] UNLOAD O
[20:03:49:904]	[RECV] A
[20:03:57:070]	[RECV] M00000000,00000000,00000000
[20:03:57:073]	[SEND] STATUS
[20:03:57:125]	[RECV] A
[20:03:57:126]	[RECV] S7350142B
[20:03:57:128]	[OPER] End> Unload, Result : Completed
[20:03:59:143]	[OPER] Start> Clamp
[20:03:59:143]	[SEND] RESET
[20:03:59:186]	[RECV] A
[20:03:59:187]	[RECV] O
[20:03:59:191]	[SEND] POD_LOCK ON
[20:03:59:243]	[RECV] A
[20:03:59:244]	[RECV] O
[20:03:59:247]	[SEND] STATUS
[20:03:59:298]	[RECV] A
[20:03:59:299]	[RECV] S7350142B
[20:03:59:301]	[OPER] End> Clamp, Result : Completed
[20:03:59:488]	[OPER] Start> Load
[20:03:59:488]	[SEND] RESET
[20:03:59:530]	[RECV] A
[20:03:59:531]	[RECV] O
[20:03:59:534]	[SEND] CFG_SLOTS
[20:03:59:582]	[RECV] A
[20:03:59:583]	[RECV] 13
[20:03:59:586]	[SEND] LOAD O
[20:03:59:628]	[RECV] A
[20:04:11:434]	[RECV] M00000000,00000000,00000000
[20:04:11:437]	[SEND] STATUS
[20:04:11:490]	[RECV] A
[20:04:11:491]	[RECV] S33500C27
[20:04:11:492]	[OPER] End> Load, Result : Completed
[20:14:37:435]	[OPER] Start> Unload
[20:14:37:435]	[SEND] RESET
[20:14:37:477]	[RECV] A
[20:14:37:478]	[RECV] O
[20:14:37:482]	[SEND] CFG_SLOTS
[20:14:37:530]	[RECV] A
[20:14:37:531]	[RECV] 13
[20:14:37:534]	[SEND] UNLOAD O
[20:14:37:578]	[RECV] A
[20:14:44:740]	[RECV] M00000000,00000000,00000000
[20:14:44:744]	[SEND] STATUS
[20:14:44:796]	[RECV] A
[20:14:44:797]	[RECV] S7350142B
[20:14:44:799]	[OPER] End> Unload, Result : Completed
[20:14:46:815]	[OPER] Start> Clamp
[20:14:46:815]	[SEND] RESET
[20:14:46:856]	[RECV] A
[20:14:46:857]	[RECV] O
[20:14:46:860]	[SEND] POD_LOCK ON
[20:14:46:911]	[RECV] A
[20:14:46:912]	[RECV] O
[20:14:46:915]	[SEND] STATUS
[20:14:46:968]	[RECV] A
[20:14:46:969]	[RECV] S7350142B
[20:14:46:971]	[OPER] End> Clamp, Result : Completed
[20:14:47:160]	[OPER] Start> Load
[20:14:47:160]	[SEND] RESET
[20:14:47:203]	[RECV] A
[20:14:47:204]	[RECV] O
[20:14:47:206]	[SEND] CFG_SLOTS
[20:14:47:254]	[RECV] A
[20:14:47:255]	[RECV] 13
[20:14:47:259]	[SEND] LOAD O
[20:14:47:301]	[RECV] A
[20:14:59:103]	[RECV] M00000000,00000000,00000000
[20:14:59:106]	[SEND] STATUS
[20:14:59:158]	[RECV] A
[20:14:59:159]	[RECV] S33500C27
[20:14:59:161]	[OPER] End> Load, Result : Completed
[20:26:31:921]	[OPER] Start> Unload
[20:26:31:921]	[SEND] RESET
[20:26:31:963]	[RECV] A
[20:26:31:964]	[RECV] O
[20:26:31:967]	[SEND] CFG_SLOTS
[20:26:32:014]	[RECV] A
[20:26:32:015]	[RECV] 13
[20:26:32:019]	[SEND] UNLOAD O
[20:26:32:063]	[RECV] A
[20:26:39:228]	[RECV] M00000000,00000000,00000000
[20:26:39:233]	[SEND] STATUS
[20:26:39:285]	[RECV] A
[20:26:39:286]	[RECV] S7350142B
[20:26:39:288]	[OPER] End> Unload, Result : Completed
[20:26:41:305]	[OPER] Start> Clamp
[20:26:41:305]	[SEND] RESET
[20:26:41:348]	[RECV] A
[20:26:41:349]	[RECV] O
[20:26:41:353]	[SEND] POD_LOCK ON
[20:26:41:405]	[RECV] A
[20:26:41:406]	[RECV] O
[20:26:41:409]	[SEND] STATUS
[20:26:41:461]	[RECV] A
[20:26:41:462]	[RECV] S7350142B
[20:26:41:463]	[OPER] End> Clamp, Result : Completed
[20:26:41:651]	[OPER] Start> Load
[20:26:41:651]	[SEND] RESET
[20:26:41:693]	[RECV] A
[20:26:41:694]	[RECV] O
[20:26:41:697]	[SEND] CFG_SLOTS
[20:26:41:744]	[RECV] A
[20:26:41:745]	[RECV] 13
[20:26:41:748]	[SEND] LOAD O
[20:26:41:790]	[RECV] A
[20:26:53:597]	[RECV] M00000000,00000000,00000000
[20:26:53:600]	[SEND] STATUS
[20:26:53:654]	[RECV] A
[20:26:53:655]	[RECV] S33500C27
[20:26:53:656]	[OPER] End> Load, Result : Completed
[20:37:21:401]	[OPER] Start> Unload
[20:37:21:401]	[SEND] RESET
[20:37:21:446]	[RECV] A
[20:37:21:447]	[RECV] O
[20:37:21:450]	[SEND] CFG_SLOTS
[20:37:21:499]	[RECV] A
[20:37:21:500]	[RECV] 13
[20:37:21:504]	[SEND] UNLOAD O
[20:37:21:549]	[RECV] A
[20:37:28:709]	[RECV] M00000000,00000000,00000000
[20:37:28:712]	[SEND] STATUS
[20:37:28:764]	[RECV] A
[20:37:28:765]	[RECV] S7350142B
[20:37:28:766]	[OPER] End> Unload, Result : Completed
[20:37:30:781]	[OPER] Start> Clamp
[20:37:30:781]	[SEND] RESET
[20:37:30:825]	[RECV] A
[20:37:30:826]	[RECV] O
[20:37:30:830]	[SEND] POD_LOCK ON
[20:37:30:882]	[RECV] A
[20:37:30:883]	[RECV] O
[20:37:30:887]	[SEND] STATUS
[20:37:30:940]	[RECV] A
[20:37:30:941]	[RECV] S7350142B
[20:37:30:942]	[OPER] End> Clamp, Result : Completed
[20:37:31:126]	[OPER] Start> Load
[20:37:31:126]	[SEND] RESET
[20:37:31:169]	[RECV] A
[20:37:31:170]	[RECV] O
[20:37:31:174]	[SEND] CFG_SLOTS
[20:37:31:223]	[RECV] A
[20:37:31:224]	[RECV] 13
[20:37:31:228]	[SEND] LOAD O
[20:37:31:269]	[RECV] A
[20:37:43:074]	[RECV] M00000000,00000000,00000000
[20:37:43:077]	[SEND] STATUS
[20:37:43:129]	[RECV] A
[20:37:43:130]	[RECV] S33500C27
[20:37:43:132]	[OPER] End> Load, Result : Completed
[20:49:19:340]	[OPER] Start> Unload
[20:49:19:340]	[SEND] RESET
[20:49:19:383]	[RECV] A
[20:49:19:384]	[RECV] O
[20:49:19:388]	[SEND] CFG_SLOTS
[20:49:19:435]	[RECV] A
[20:49:19:436]	[RECV] 13
[20:49:19:439]	[SEND] UNLOAD O
[20:49:19:484]	[RECV] A
[20:49:26:644]	[RECV] M00000000,00000000,00000000
[20:49:26:648]	[SEND] STATUS
[20:49:26:700]	[RECV] A
[20:49:26:701]	[RECV] S7350142B
[20:49:26:703]	[OPER] End> Unload, Result : Completed
[20:49:28:719]	[OPER] Start> Clamp
[20:49:28:719]	[SEND] RESET
[20:49:28:763]	[RECV] A
[20:49:28:764]	[RECV] O
[20:49:28:768]	[SEND] POD_LOCK ON
[20:49:28:820]	[RECV] A
[20:49:28:821]	[RECV] O
[20:49:28:824]	[SEND] STATUS
[20:49:28:876]	[RECV] A
[20:49:28:877]	[RECV] S7350142B
[20:49:28:878]	[OPER] End> Clamp, Result : Completed
[20:49:29:065]	[OPER] Start> Load
[20:49:29:065]	[SEND] RESET
[20:49:29:107]	[RECV] A
[20:49:29:108]	[RECV] O
[20:49:29:111]	[SEND] CFG_SLOTS
[20:49:29:160]	[RECV] A
[20:49:29:162]	[RECV] 13
[20:49:29:166]	[SEND] LOAD O
[20:49:29:208]	[RECV] A
[20:49:41:016]	[RECV] M00000000,00000000,00000000
[20:49:41:019]	[SEND] STATUS
[20:49:41:071]	[RECV] A
[20:49:41:072]	[RECV] S33500C27
[20:49:41:074]	[OPER] End> Load, Result : Completed
[21:00:18:744]	[OPER] Start> Unload
[21:00:18:744]	[SEND] RESET
[21:00:18:789]	[RECV] A
[21:00:18:790]	[RECV] O
[21:00:18:793]	[SEND] CFG_SLOTS
[21:00:18:841]	[RECV] A
[21:00:18:842]	[RECV] 13
[21:00:18:845]	[SEND] UNLOAD O
[21:00:18:889]	[RECV] A
[21:00:26:042]	[RECV] M00000000,00000000,00000000
[21:00:26:046]	[SEND] STATUS
[21:00:26:098]	[RECV] A
[21:00:26:099]	[RECV] S7350142B
[21:00:26:100]	[OPER] End> Unload, Result : Completed
[21:00:28:116]	[OPER] Start> Clamp
[21:00:28:116]	[SEND] RESET
[21:00:28:159]	[RECV] A
[21:00:28:160]	[RECV] O
[21:00:28:164]	[SEND] POD_LOCK ON
[21:00:28:218]	[RECV] A
[21:00:28:219]	[RECV] O
[21:00:28:222]	[SEND] STATUS
[21:00:28:274]	[RECV] A
[21:00:28:275]	[RECV] S7350142B
[21:00:28:276]	[OPER] End> Clamp, Result : Completed
[21:00:28:463]	[OPER] Start> Load
[21:00:28:463]	[SEND] RESET
[21:00:28:505]	[RECV] A
[21:00:28:507]	[RECV] O
[21:00:28:510]	[SEND] CFG_SLOTS
[21:00:28:558]	[RECV] A
[21:00:28:559]	[RECV] 13
[21:00:28:562]	[SEND] LOAD O
[21:00:28:604]	[RECV] A
[21:00:40:434]	[RECV] M00000000,00000000,00000000
[21:00:40:438]	[SEND] STATUS
[21:00:40:489]	[RECV] A
[21:00:40:490]	[RECV] S33500C27
[21:00:40:491]	[OPER] End> Load, Result : Completed
[21:12:21:384]	[OPER] Start> Unload
[21:12:21:384]	[SEND] RESET
[21:12:21:427]	[RECV] A
[21:12:21:428]	[RECV] O
[21:12:21:432]	[SEND] CFG_SLOTS
[21:12:21:480]	[RECV] A
[21:12:21:481]	[RECV] 13
[21:12:21:485]	[SEND] UNLOAD O
[21:12:21:529]	[RECV] A
[21:12:28:691]	[RECV] M00000000,00000000,00000000
[21:12:28:695]	[SEND] STATUS
[21:12:28:747]	[RECV] A
[21:12:28:748]	[RECV] S7350142B
[21:12:28:749]	[OPER] End> Unload, Result : Completed
[21:12:30:765]	[OPER] Start> Clamp
[21:12:30:765]	[SEND] RESET
[21:12:30:807]	[RECV] A
[21:12:30:808]	[RECV] O
[21:12:30:811]	[SEND] POD_LOCK ON
[21:12:30:862]	[RECV] A
[21:12:30:863]	[RECV] O
[21:12:30:867]	[SEND] STATUS
[21:12:30:919]	[RECV] A
[21:12:30:920]	[RECV] S7350142B
[21:12:30:921]	[OPER] End> Clamp, Result : Completed
[21:12:31:109]	[OPER] Start> Load
[21:12:31:109]	[SEND] RESET
[21:12:31:153]	[RECV] A
[21:12:31:154]	[RECV] O
[21:12:31:158]	[SEND] CFG_SLOTS
[21:12:31:205]	[RECV] A
[21:12:31:206]	[RECV] 13
[21:12:31:209]	[SEND] LOAD O
[21:12:31:252]	[RECV] A
[21:12:43:050]	[RECV] M00000000,00000000,00000000
[21:12:43:053]	[SEND] STATUS
[21:12:43:104]	[RECV] A
[21:12:43:105]	[RECV] S33500C27
[21:12:43:107]	[OPER] End> Load, Result : Completed
[21:23:19:979]	[OPER] Start> Unload
[21:23:19:979]	[SEND] RESET
[21:23:20:021]	[RECV] A
[21:23:20:022]	[RECV] O
[21:23:20:026]	[SEND] CFG_SLOTS
[21:23:20:073]	[RECV] A
[21:23:20:074]	[RECV] 13
[21:23:20:077]	[SEND] UNLOAD O
[21:23:20:120]	[RECV] A
[21:23:27:271]	[RECV] M00000000,00000000,00000000
[21:23:27:275]	[SEND] STATUS
[21:23:27:328]	[RECV] A
[21:23:27:329]	[RECV] S7350142B
[21:23:27:331]	[OPER] End> Unload, Result : Completed
[21:23:29:347]	[OPER] Start> Clamp
[21:23:29:347]	[SEND] RESET
[21:23:29:389]	[RECV] A
[21:23:29:390]	[RECV] O
[21:23:29:393]	[SEND] POD_LOCK ON
[21:23:29:445]	[RECV] A
[21:23:29:446]	[RECV] O
[21:23:29:449]	[SEND] STATUS
[21:23:29:501]	[RECV] A
[21:23:29:502]	[RECV] S7350142B
[21:23:29:504]	[OPER] End> Clamp, Result : Completed
[21:23:29:688]	[OPER] Start> Load
[21:23:29:688]	[SEND] RESET
[21:23:29:730]	[RECV] A
[21:23:29:731]	[RECV] O
[21:23:29:734]	[SEND] CFG_SLOTS
[21:23:29:781]	[RECV] A
[21:23:29:782]	[RECV] 13
[21:23:29:786]	[SEND] LOAD O
[21:23:29:828]	[RECV] A
[21:23:41:644]	[RECV] M00000000,00000000,00000000
[21:23:41:647]	[SEND] STATUS
[21:23:41:699]	[RECV] A
[21:23:41:700]	[RECV] S33500C27
[21:23:41:701]	[OPER] End> Load, Result : Completed
[21:35:27:064]	[OPER] Start> Unload
[21:35:27:064]	[SEND] RESET
[21:35:27:107]	[RECV] A
[21:35:27:108]	[RECV] O
[21:35:27:111]	[SEND] CFG_SLOTS
[21:35:27:161]	[RECV] A
[21:35:27:162]	[RECV] 13
[21:35:27:166]	[SEND] UNLOAD O
[21:35:27:210]	[RECV] A
[21:35:34:365]	[RECV] M00000000,00000000,00000000
[21:35:34:368]	[SEND] STATUS
[21:35:34:419]	[RECV] A
[21:35:34:420]	[RECV] S7350142B
[21:35:34:421]	[OPER] End> Unload, Result : Completed
[21:35:36:438]	[OPER] Start> Clamp
[21:35:36:438]	[SEND] RESET
[21:35:36:482]	[RECV] A
[21:35:36:483]	[RECV] O
[21:35:36:487]	[SEND] POD_LOCK ON
[21:35:36:538]	[RECV] A
[21:35:36:539]	[RECV] O
[21:35:36:542]	[SEND] STATUS
[21:35:36:594]	[RECV] A
[21:35:36:595]	[RECV] S7350142B
[21:35:36:597]	[OPER] End> Clamp, Result : Completed
[21:35:36:782]	[OPER] Start> Load
[21:35:36:782]	[SEND] RESET
[21:35:36:824]	[RECV] A
[21:35:36:825]	[RECV] O
[21:35:36:828]	[SEND] CFG_SLOTS
[21:35:36:877]	[RECV] A
[21:35:36:878]	[RECV] 13
[21:35:36:882]	[SEND] LOAD O
[21:35:36:923]	[RECV] A
[21:35:48:746]	[RECV] M00000000,00000000,00000000
[21:35:48:749]	[SEND] STATUS
[21:35:48:801]	[RECV] A
[21:35:48:802]	[RECV] S33500C27
[21:35:48:803]	[OPER] End> Load, Result : Completed
[21:45:35:228]	[OPER] Start> Unload
[21:45:35:228]	[SEND] RESET
[21:45:35:271]	[RECV] A
[21:45:35:272]	[RECV] O
[21:45:35:275]	[SEND] CFG_SLOTS
[21:45:35:322]	[RECV] A
[21:45:35:323]	[RECV] 13
[21:45:35:326]	[SEND] UNLOAD O
[21:45:35:370]	[RECV] A
[21:45:42:558]	[RECV] M00000000,00000000,00000000
[21:45:42:561]	[SEND] STATUS
[21:45:42:614]	[RECV] A
[21:45:42:615]	[RECV] S7350142B
[21:45:42:617]	[OPER] End> Unload, Result : Completed
[21:45:44:634]	[OPER] Start> Clamp
[21:45:44:634]	[SEND] RESET
[21:45:44:676]	[RECV] A
[21:45:44:677]	[RECV] O
[21:45:44:680]	[SEND] POD_LOCK ON
[21:45:44:732]	[RECV] A
[21:45:44:733]	[RECV] O
[21:45:44:736]	[SEND] STATUS
[21:45:44:787]	[RECV] A
[21:45:44:788]	[RECV] S7350142B
[21:45:44:790]	[OPER] End> Clamp, Result : Completed
[21:45:44:978]	[OPER] Start> Load
[21:45:44:978]	[SEND] RESET
[21:45:45:021]	[RECV] A
[21:45:45:022]	[RECV] O
[21:45:45:025]	[SEND] CFG_SLOTS
[21:45:45:072]	[RECV] A
[21:45:45:073]	[RECV] 13
[21:45:45:077]	[SEND] LOAD O
[21:45:45:120]	[RECV] A
[21:45:56:945]	[RECV] M00000000,00000000,00000000
[21:45:56:949]	[SEND] STATUS
[21:45:57:000]	[RECV] A
[21:45:57:001]	[RECV] S33500C27
[21:45:57:002]	[OPER] End> Load, Result : Completed
[21:57:34:299]	[OPER] Start> Unload
[21:57:34:299]	[SEND] RESET
[21:57:34:342]	[RECV] A
[21:57:34:343]	[RECV] O
[21:57:34:347]	[SEND] CFG_SLOTS
[21:57:34:394]	[RECV] A
[21:57:34:395]	[RECV] 13
[21:57:34:399]	[SEND] UNLOAD O
[21:57:34:443]	[RECV] A
[21:57:41:606]	[RECV] M00000000,00000000,00000000
[21:57:41:609]	[SEND] STATUS
[21:57:41:661]	[RECV] A
[21:57:41:662]	[RECV] S7350142B
[21:57:41:663]	[OPER] End> Unload, Result : Completed
[21:57:43:679]	[OPER] Start> Clamp
[21:57:43:679]	[SEND] RESET
[21:57:43:721]	[RECV] A
[21:57:43:722]	[RECV] O
[21:57:43:725]	[SEND] POD_LOCK ON
[21:57:43:776]	[RECV] A
[21:57:43:777]	[RECV] O
[21:57:43:781]	[SEND] STATUS
[21:57:43:834]	[RECV] A
[21:57:43:835]	[RECV] S7350142B
[21:57:43:836]	[OPER] End> Clamp, Result : Completed
[21:57:44:022]	[OPER] Start> Load
[21:57:44:022]	[SEND] RESET
[21:57:44:065]	[RECV] A
[21:57:44:066]	[RECV] O
[21:57:44:070]	[SEND] CFG_SLOTS
[21:57:44:117]	[RECV] A
[21:57:44:118]	[RECV] 13
[21:57:44:122]	[SEND] LOAD O
[21:57:44:165]	[RECV] A
[21:57:55:973]	[RECV] M00000000,00000000,00000000
[21:57:55:976]	[SEND] STATUS
[21:57:56:028]	[RECV] A
[21:57:56:029]	[RECV] S33500C27
[21:57:56:030]	[OPER] End> Load, Result : Completed
[22:09:34:197]	[OPER] Start> Unload
[22:09:34:197]	[SEND] RESET
[22:09:34:239]	[RECV] A
[22:09:34:240]	[RECV] O
[22:09:34:244]	[SEND] CFG_SLOTS
[22:09:34:291]	[RECV] A
[22:09:34:292]	[RECV] 13
[22:09:34:295]	[SEND] UNLOAD O
[22:09:34:341]	[RECV] A
[22:09:41:506]	[RECV] M00000000,00000000,00000000
[22:09:41:509]	[SEND] STATUS
[22:09:41:560]	[RECV] A
[22:09:41:561]	[RECV] S7350142B
[22:09:41:563]	[OPER] End> Unload, Result : Completed
[22:09:43:579]	[OPER] Start> Clamp
[22:09:43:579]	[SEND] RESET
[22:09:43:621]	[RECV] A
[22:09:43:622]	[RECV] O
[22:09:43:626]	[SEND] POD_LOCK ON
[22:09:43:677]	[RECV] A
[22:09:43:678]	[RECV] O
[22:09:43:682]	[SEND] STATUS
[22:09:43:734]	[RECV] A
[22:09:43:735]	[RECV] S7350142B
[22:09:43:736]	[OPER] End> Clamp, Result : Completed
[22:09:43:921]	[OPER] Start> Load
[22:09:43:921]	[SEND] RESET
[22:09:43:964]	[RECV] A
[22:09:43:965]	[RECV] O
[22:09:43:968]	[SEND] CFG_SLOTS
[22:09:44:016]	[RECV] A
[22:09:44:017]	[RECV] 13
[22:09:44:020]	[SEND] LOAD O
[22:09:44:061]	[RECV] A
[22:09:55:867]	[RECV] M00000000,00000000,00000000
[22:09:55:871]	[SEND] STATUS
[22:09:55:923]	[RECV] A
[22:09:55:924]	[RECV] S33500C27
[22:09:55:926]	[OPER] End> Load, Result : Completed
[22:21:07:672]	[OPER] Start> Unload
[22:21:07:672]	[SEND] RESET
[22:21:07:714]	[RECV] A
[22:21:07:715]	[RECV] O
[22:21:07:719]	[SEND] CFG_SLOTS
[22:21:07:768]	[RECV] A
[22:21:07:769]	[RECV] 13
[22:21:07:772]	[SEND] UNLOAD O
[22:21:07:814]	[RECV] A
[22:21:14:970]	[RECV] M00000000,00000000,00000000
[22:21:14:973]	[SEND] STATUS
[22:21:15:025]	[RECV] A
[22:21:15:027]	[RECV] S7350142B
[22:21:15:029]	[OPER] End> Unload, Result : Completed
[22:21:17:046]	[OPER] Start> Clamp
[22:21:17:046]	[SEND] RESET
[22:21:17:088]	[RECV] A
[22:21:17:089]	[RECV] O
[22:21:17:092]	[SEND] POD_LOCK ON
[22:21:17:143]	[RECV] A
[22:21:17:144]	[RECV] O
[22:21:17:148]	[SEND] STATUS
[22:21:17:200]	[RECV] A
[22:21:17:201]	[RECV] S7350142B
[22:21:17:203]	[OPER] End> Clamp, Result : Completed
[22:21:17:388]	[OPER] Start> Load
[22:21:17:388]	[SEND] RESET
[22:21:17:431]	[RECV] A
[22:21:17:432]	[RECV] O
[22:21:17:436]	[SEND] CFG_SLOTS
[22:21:17:483]	[RECV] A
[22:21:17:484]	[RECV] 13
[22:21:17:488]	[SEND] LOAD O
[22:21:17:528]	[RECV] A
[22:21:29:355]	[RECV] M00000000,00000000,00000000
[22:21:29:359]	[SEND] STATUS
[22:21:29:412]	[RECV] A
[22:21:29:413]	[RECV] S33500C27
[22:21:29:415]	[OPER] End> Load, Result : Completed
[22:33:01:205]	[OPER] Start> Unload
[22:33:01:205]	[SEND] RESET
[22:33:01:248]	[RECV] A
[22:33:01:249]	[RECV] O
[22:33:01:252]	[SEND] CFG_SLOTS
[22:33:01:300]	[RECV] A
[22:33:01:301]	[RECV] 13
[22:33:01:305]	[SEND] UNLOAD O
[22:33:01:347]	[RECV] A
[22:33:08:507]	[RECV] M00000000,00000000,00000000
[22:33:08:511]	[SEND] STATUS
[22:33:08:563]	[RECV] A
[22:33:08:564]	[RECV] S7350142B
[22:33:08:566]	[OPER] End> Unload, Result : Completed
[22:33:10:583]	[OPER] Start> Clamp
[22:33:10:583]	[SEND] RESET
[22:33:10:627]	[RECV] A
[22:33:10:628]	[RECV] O
[22:33:10:631]	[SEND] POD_LOCK ON
[22:33:10:682]	[RECV] A
[22:33:10:683]	[RECV] O
[22:33:10:687]	[SEND] STATUS
[22:33:10:739]	[RECV] A
[22:33:10:740]	[RECV] S7350142B
[22:33:10:742]	[OPER] End> Clamp, Result : Completed
[22:33:10:927]	[OPER] Start> Load
[22:33:10:927]	[SEND] RESET
[22:33:10:971]	[RECV] A
[22:33:10:972]	[RECV] O
[22:33:10:975]	[SEND] CFG_SLOTS
[22:33:11:023]	[RECV] A
[22:33:11:024]	[RECV] 13
[22:33:11:027]	[SEND] LOAD O
[22:33:11:068]	[RECV] A
[22:33:22:894]	[RECV] M00000000,00000000,00000000
[22:33:22:898]	[SEND] STATUS
[22:33:22:950]	[RECV] A
[22:33:22:951]	[RECV] S33500C27
[22:33:22:952]	[OPER] End> Load, Result : Completed
[22:43:46:045]	[OPER] Start> Unload
[22:43:46:045]	[SEND] RESET
[22:43:46:087]	[RECV] A
[22:43:46:088]	[RECV] O
[22:43:46:091]	[SEND] CFG_SLOTS
[22:43:46:140]	[RECV] A
[22:43:46:141]	[RECV] 13
[22:43:46:145]	[SEND] UNLOAD O
[22:43:46:189]	[RECV] A
[22:43:53:346]	[RECV] M00000000,00000000,00000000
[22:43:53:350]	[SEND] STATUS
[22:43:53:402]	[RECV] A
[22:43:53:403]	[RECV] S7350142B
[22:43:53:404]	[OPER] End> Unload, Result : Completed
[22:43:55:419]	[OPER] Start> Clamp
[22:43:55:419]	[SEND] RESET
[22:43:55:462]	[RECV] A
[22:43:55:463]	[RECV] O
[22:43:55:467]	[SEND] POD_LOCK ON
[22:43:55:519]	[RECV] A
[22:43:55:520]	[RECV] O
[22:43:55:524]	[SEND] STATUS
[22:43:55:576]	[RECV] A
[22:43:55:577]	[RECV] S7350142B
[22:43:55:578]	[OPER] End> Clamp, Result : Completed
[22:43:55:764]	[OPER] Start> Load
[22:43:55:764]	[SEND] RESET
[22:43:55:806]	[RECV] A
[22:43:55:807]	[RECV] O
[22:43:55:811]	[SEND] CFG_SLOTS
[22:43:55:859]	[RECV] A
[22:43:55:860]	[RECV] 13
[22:43:55:863]	[SEND] LOAD O
[22:43:55:905]	[RECV] A
[22:44:07:725]	[RECV] M00000000,00000000,00000000
[22:44:07:728]	[SEND] STATUS
[22:44:07:780]	[RECV] A
[22:44:07:781]	[RECV] S33500C27
[22:44:07:782]	[OPER] End> Load, Result : Completed
[22:55:36:844]	[OPER] Start> Unload
[22:55:36:844]	[SEND] RESET
[22:55:36:887]	[RECV] A
[22:55:36:888]	[RECV] O
[22:55:36:892]	[SEND] CFG_SLOTS
[22:55:36:942]	[RECV] A
[22:55:36:943]	[RECV] 13
[22:55:36:946]	[SEND] UNLOAD O
[22:55:36:990]	[RECV] A
[22:55:44:155]	[RECV] M00000000,00000000,00000000
[22:55:44:159]	[SEND] STATUS
[22:55:44:210]	[RECV] A
[22:55:44:211]	[RECV] S7350142B
[22:55:44:214]	[OPER] End> Unload, Result : Completed
[22:55:46:230]	[OPER] Start> Clamp
[22:55:46:230]	[SEND] RESET
[22:55:46:272]	[RECV] A
[22:55:46:273]	[RECV] O
[22:55:46:276]	[SEND] POD_LOCK ON
[22:55:46:328]	[RECV] A
[22:55:46:329]	[RECV] O
[22:55:46:333]	[SEND] STATUS
[22:55:46:384]	[RECV] A
[22:55:46:385]	[RECV] S7350142B
[22:55:46:387]	[OPER] End> Clamp, Result : Completed
[22:55:46:575]	[OPER] Start> Load
[22:55:46:575]	[SEND] RESET
[22:55:46:618]	[RECV] A
[22:55:46:619]	[RECV] O
[22:55:46:623]	[SEND] CFG_SLOTS
[22:55:46:671]	[RECV] A
[22:55:46:672]	[RECV] 13
[22:55:46:675]	[SEND] LOAD O
[22:55:46:717]	[RECV] A
[22:55:58:528]	[RECV] M00000000,00000000,00000000
[22:55:58:532]	[SEND] STATUS
[22:55:58:585]	[RECV] A
[22:55:58:586]	[RECV] S33500C27
[22:55:58:588]	[OPER] End> Load, Result : Completed
[23:06:23:598]	[OPER] Start> Unload
[23:06:23:598]	[SEND] RESET
[23:06:23:640]	[RECV] A
[23:06:23:641]	[RECV] O
[23:06:23:645]	[SEND] CFG_SLOTS
[23:06:23:693]	[RECV] A
[23:06:23:694]	[RECV] 13
[23:06:23:697]	[SEND] UNLOAD O
[23:06:23:740]	[RECV] A
[23:06:30:910]	[RECV] M00000000,00000000,00000000
[23:06:30:914]	[SEND] STATUS
[23:06:30:967]	[RECV] A
[23:06:30:968]	[RECV] S7350142B
[23:06:30:970]	[OPER] End> Unload, Result : Completed
[23:06:32:985]	[OPER] Start> Clamp
[23:06:32:985]	[SEND] RESET
[23:06:33:028]	[RECV] A
[23:06:33:029]	[RECV] O
[23:06:33:032]	[SEND] POD_LOCK ON
[23:06:33:083]	[RECV] A
[23:06:33:084]	[RECV] O
[23:06:33:088]	[SEND] STATUS
[23:06:33:140]	[RECV] A
[23:06:33:141]	[RECV] S7350142B
[23:06:33:143]	[OPER] End> Clamp, Result : Completed
[23:06:33:329]	[OPER] Start> Load
[23:06:33:329]	[SEND] RESET
[23:06:33:371]	[RECV] A
[23:06:33:372]	[RECV] O
[23:06:33:375]	[SEND] CFG_SLOTS
[23:06:33:423]	[RECV] A
[23:06:33:424]	[RECV] 13
[23:06:33:427]	[SEND] LOAD O
[23:06:33:468]	[RECV] A
[23:06:45:270]	[RECV] M00000000,00000000,00000000
[23:06:45:273]	[SEND] STATUS
[23:06:45:324]	[RECV] A
[23:06:45:325]	[RECV] S33500C27
[23:06:45:326]	[OPER] End> Load, Result : Completed
[23:18:14:325]	[OPER] Start> Unload
[23:18:14:325]	[SEND] RESET
[23:18:14:368]	[RECV] A
[23:18:14:369]	[RECV] O
[23:18:14:373]	[SEND] CFG_SLOTS
[23:18:14:422]	[RECV] A
[23:18:14:423]	[RECV] 13
[23:18:14:426]	[SEND] UNLOAD O
[23:18:14:470]	[RECV] A
[23:18:21:637]	[RECV] M00000000,00000000,00000000
[23:18:21:641]	[SEND] STATUS
[23:18:21:692]	[RECV] A
[23:18:21:693]	[RECV] S7350142B
[23:18:21:694]	[OPER] End> Unload, Result : Completed
[23:18:23:711]	[OPER] Start> Clamp
[23:18:23:711]	[SEND] RESET
[23:18:23:755]	[RECV] A
[23:18:23:756]	[RECV] O
[23:18:23:759]	[SEND] POD_LOCK ON
[23:18:23:811]	[RECV] A
[23:18:23:812]	[RECV] O
[23:18:23:816]	[SEND] STATUS
[23:18:23:868]	[RECV] A
[23:18:23:869]	[RECV] S7350142B
[23:18:23:871]	[OPER] End> Clamp, Result : Completed
[23:18:24:056]	[OPER] Start> Load
[23:18:24:056]	[SEND] RESET
[23:18:24:099]	[RECV] A
[23:18:24:100]	[RECV] O
[23:18:24:103]	[SEND] CFG_SLOTS
[23:18:24:151]	[RECV] A
[23:18:24:152]	[RECV] 13
[23:18:24:156]	[SEND] LOAD O
[23:18:24:199]	[RECV] A
[23:18:35:998]	[RECV] M00000000,00000000,00000000
[23:18:36:001]	[SEND] STATUS
[23:18:36:055]	[RECV] A
[23:18:36:056]	[RECV] S33500C27
[23:18:36:057]	[OPER] End> Load, Result : Completed
[23:29:07:341]	[OPER] Start> Unload
[23:29:07:341]	[SEND] RESET
[23:29:07:383]	[RECV] A
[23:29:07:384]	[RECV] O
[23:29:07:387]	[SEND] CFG_SLOTS
[23:29:07:435]	[RECV] A
[23:29:07:436]	[RECV] 13
[23:29:07:439]	[SEND] UNLOAD O
[23:29:07:483]	[RECV] A
[23:29:14:648]	[RECV] M00000000,00000000,00000000
[23:29:14:652]	[SEND] STATUS
[23:29:14:703]	[RECV] A
[23:29:14:704]	[RECV] S7350142B
[23:29:14:706]	[OPER] End> Unload, Result : Completed
[23:29:16:722]	[OPER] Start> Clamp
[23:29:16:722]	[SEND] RESET
[23:29:16:764]	[RECV] A
[23:29:16:765]	[RECV] O
[23:29:16:768]	[SEND] POD_LOCK ON
[23:29:16:820]	[RECV] A
[23:29:16:821]	[RECV] O
[23:29:16:825]	[SEND] STATUS
[23:29:16:875]	[RECV] A
[23:29:16:876]	[RECV] S7350142B
[23:29:16:878]	[OPER] End> Clamp, Result : Completed
[23:29:17:065]	[OPER] Start> Load
[23:29:17:065]	[SEND] RESET
[23:29:17:108]	[RECV] A
[23:29:17:109]	[RECV] O
[23:29:17:112]	[SEND] CFG_SLOTS
[23:29:17:159]	[RECV] A
[23:29:17:160]	[RECV] 13
[23:29:17:164]	[SEND] LOAD O
[23:29:17:205]	[RECV] A
[23:29:29:007]	[RECV] M00000000,00000000,00000000
[23:29:29:012]	[SEND] STATUS
[23:29:29:063]	[RECV] A
[23:29:29:064]	[RECV] S33500C27
[23:29:29:066]	[OPER] End> Load, Result : Completed
[23:41:05:442]	[OPER] Start> Unload
[23:41:05:442]	[SEND] RESET
[23:41:05:484]	[RECV] A
[23:41:05:485]	[RECV] O
[23:41:05:489]	[SEND] CFG_SLOTS
[23:41:05:536]	[RECV] A
[23:41:05:537]	[RECV] 13
[23:41:05:540]	[SEND] UNLOAD O
[23:41:05:582]	[RECV] A
[23:41:12:744]	[RECV] M00000000,00000000,00000000
[23:41:12:748]	[SEND] STATUS
[23:41:12:800]	[RECV] A
[23:41:12:801]	[RECV] S7350142B
[23:41:12:802]	[OPER] End> Unload, Result : Completed
[23:41:14:818]	[OPER] Start> Clamp
[23:41:14:818]	[SEND] RESET
[23:41:14:861]	[RECV] A
[23:41:14:862]	[RECV] O
[23:41:14:867]	[SEND] POD_LOCK ON
[23:41:14:919]	[RECV] A
[23:41:14:920]	[RECV] O
[23:41:14:923]	[SEND] STATUS
[23:41:14:975]	[RECV] A
[23:41:14:976]	[RECV] S7350142B
[23:41:14:977]	[OPER] End> Clamp, Result : Completed
[23:41:15:165]	[OPER] Start> Load
[23:41:15:165]	[SEND] RESET
[23:41:15:208]	[RECV] A
[23:41:15:209]	[RECV] O
[23:41:15:213]	[SEND] CFG_SLOTS
[23:41:15:262]	[RECV] A
[23:41:15:263]	[RECV] 13
[23:41:15:266]	[SEND] LOAD O
[23:41:15:308]	[RECV] A
[23:41:27:108]	[RECV] M00000000,00000000,00000000
[23:41:27:112]	[SEND] STATUS
[23:41:27:164]	[RECV] A
[23:41:27:165]	[RECV] S33500C27
[23:41:27:166]	[OPER] End> Load, Result : Completed
[23:51:57:449]	[OPER] Start> Unload
[23:51:57:449]	[SEND] RESET
[23:51:57:491]	[RECV] A
[23:51:57:492]	[RECV] O
[23:51:57:495]	[SEND] CFG_SLOTS
[23:51:57:543]	[RECV] A
[23:51:57:544]	[RECV] 13
[23:51:57:549]	[SEND] UNLOAD O
[23:51:57:593]	[RECV] A
[23:52:04:759]	[RECV] M00000000,00000000,00000000
[23:52:04:762]	[SEND] STATUS
[23:52:04:814]	[RECV] A
[23:52:04:815]	[RECV] S7350142B
[23:52:04:817]	[OPER] End> Unload, Result : Completed
[23:52:06:834]	[OPER] Start> Clamp
[23:52:06:834]	[SEND] RESET
[23:52:06:876]	[RECV] A
[23:52:06:877]	[RECV] O
[23:52:06:880]	[SEND] POD_LOCK ON
[23:52:06:932]	[RECV] A
[23:52:06:933]	[RECV] O
[23:52:06:937]	[SEND] STATUS
[23:52:06:989]	[RECV] A
[23:52:06:990]	[RECV] S7350142B
[23:52:06:991]	[OPER] End> Clamp, Result : Completed
[23:52:07:176]	[OPER] Start> Load
[23:52:07:176]	[SEND] RESET
[23:52:07:219]	[RECV] A
[23:52:07:220]	[RECV] O
[23:52:07:224]	[SEND] CFG_SLOTS
[23:52:07:271]	[RECV] A
[23:52:07:272]	[RECV] 13
[23:52:07:276]	[SEND] LOAD O
[23:52:07:317]	[RECV] A
[23:52:19:116]	[RECV] M00000000,00000000,00000000
[23:52:19:120]	[SEND] STATUS
[23:52:19:171]	[RECV] A
[23:52:19:172]	[RECV] S33500C27
[23:52:19:173]	[OPER] End> Load, Result : Completed
