[00:29:10:511]	[OPER] ----- Initialize -----
[00:29:10:512]	[SEND] RESET
[00:29:10:560]	[RECV] A
[00:29:10:561]	[RECV] O
[00:29:10:564]	[SEND] HOM
[00:29:10:606]	[RECV] A
[00:29:21:897]	[RECV] O
[00:29:21:901]	[SEND] STATUS
[00:29:21:953]	[RECV] A
[00:29:21:954]	[RECV] S7350142B
[00:29:21:957]	[OPER] ----- Result : Completed, Description : 
[00:29:21:960]	[OPER] ----- ChangeToCassette -----
[00:29:21:961]	[SEND] RESET
[00:29:22:004]	[RECV] A
[00:29:22:005]	[RECV] O
[00:29:22:008]	[SEND] OC_MODE ON
[00:29:22:056]	[RECV] A
[00:29:22:057]	[RECV] O
[00:29:22:060]	[SEND] STATUS
[00:29:22:112]	[RECV] A
[00:29:22:113]	[RECV] S7350142B
[00:29:22:114]	[OPER] ----- Result : Completed, Description : 
[00:39:55:714]	[OPER] ----- Clamp -----
[00:39:55:714]	[SEND] RESET
[00:39:55:757]	[RECV] A
[00:39:55:758]	[RECV] O
[00:39:55:762]	[SEND] POD_LOCK ON
[00:39:55:815]	[RECV] A
[00:39:55:816]	[RECV] O
[00:39:55:820]	[SEND] STATUS
[00:39:55:872]	[RECV] A
[00:39:55:873]	[RECV] S7350142B
[00:39:55:874]	[OPER] ----- Result : Completed, Description : 
[00:39:57:189]	[OPER] ----- Load -----
[00:39:57:190]	[SEND] RESET
[00:39:57:234]	[RECV] A
[00:39:57:235]	[RECV] O
[00:39:57:238]	[SEND] CFG_SLOTS
[00:39:57:285]	[RECV] A
[00:39:57:286]	[RECV] 13
[00:39:57:290]	[SEND] LOAD O
[00:39:57:332]	[RECV] A
[00:40:09:547]	[RECV] M00000000,00000000,00000000
[00:40:09:577]	[SEND] STATUS
[00:43:25:154]	[OPER] ----- Initialize -----
[00:43:25:154]	[SEND] RESET
[00:43:25:200]	[RECV] A
[00:43:25:203]	[RECV] O
[00:43:25:208]	[SEND] HOM
[00:43:25:249]	[RECV] A
[00:43:40:537]	[RECV] O
[00:43:40:540]	[SEND] STATUS
[00:43:40:592]	[RECV] A
[00:43:40:593]	[RECV] S7350142B
[00:43:40:594]	[OPER] ----- Result : Completed, Description : 
[00:43:40:597]	[OPER] ----- ChangeToCassette -----
[00:43:40:597]	[SEND] RESET
[00:43:40:639]	[RECV] A
[00:43:40:640]	[RECV] O
[00:43:40:643]	[SEND] OC_MODE ON
[00:43:40:690]	[RECV] A
[00:43:40:691]	[RECV] O
[00:43:40:695]	[SEND] STATUS
[00:43:40:749]	[RECV] A
[00:43:40:750]	[RECV] S7350142B
[00:43:40:752]	[OPER] ----- Result : Completed, Description : 
[00:43:44:856]	[OPER] ----- Clamp -----
[00:43:44:856]	[SEND] RESET
[00:43:44:899]	[RECV] A
[00:43:44:900]	[RECV] O
[00:43:44:904]	[SEND] POD_LOCK ON
[00:43:44:955]	[RECV] A
[00:43:44:956]	[RECV] O
[00:43:44:959]	[SEND] STATUS
[00:43:45:011]	[RECV] A
[00:43:45:012]	[RECV] S7350142B
[00:43:45:013]	[OPER] ----- Result : Completed, Description : 
[00:43:45:885]	[OPER] ----- Load -----
[00:43:45:886]	[SEND] RESET
[00:43:45:929]	[RECV] A
[00:43:45:930]	[RECV] O
[00:43:45:934]	[SEND] CFG_SLOTS
[00:43:45:982]	[RECV] A
[00:43:45:983]	[RECV] 13
[00:43:45:986]	[SEND] LOAD O
[00:43:46:028]	[RECV] A
[00:43:58:140]	[RECV] M00000000,00000000,00000000
[00:43:58:148]	[SEND] STATUS
[00:43:58:200]	[RECV] A
[00:43:58:201]	[RECV] S33500C27
[00:43:58:203]	[OPER] ----- Result : Completed, Description : 
[00:47:38:412]	[OPER] ----- Initialize -----
[00:47:38:412]	[SEND] RESET
[00:47:38:458]	[RECV] A
[00:47:38:460]	[RECV] O
[00:47:38:463]	[SEND] HOM
[00:47:38:505]	[RECV] A
[00:47:53:804]	[RECV] O
[00:47:53:808]	[SEND] STATUS
[00:47:53:860]	[RECV] A
[00:47:53:861]	[RECV] S7350142B
[00:47:53:862]	[OPER] ----- Result : Completed, Description : 
[00:47:53:863]	[OPER] ----- ChangeToCassette -----
[00:47:53:863]	[SEND] RESET
[00:47:53:905]	[RECV] A
[00:47:53:906]	[RECV] O
[00:47:53:909]	[SEND] OC_MODE ON
[00:47:53:957]	[RECV] A
[00:47:53:958]	[RECV] O
[00:47:53:961]	[SEND] STATUS
[00:47:54:012]	[RECV] A
[00:47:54:013]	[RECV] S7350142B
[00:47:54:014]	[OPER] ----- Result : Completed, Description : 
[00:55:31:772]	[OPER] ----- Clamp -----
[00:55:31:772]	[SEND] RESET
[00:55:31:815]	[RECV] A
[00:55:31:816]	[RECV] O
[00:55:31:819]	[SEND] POD_LOCK ON
[00:55:31:872]	[RECV] A
[00:55:31:873]	[RECV] O
[00:55:31:877]	[SEND] STATUS
[00:55:31:929]	[RECV] A
[00:55:31:930]	[RECV] S7350142B
[00:55:31:932]	[OPER] ----- Result : Completed, Description : 
[00:55:32:914]	[OPER] ----- Load -----
[00:55:32:916]	[SEND] RESET
[00:55:32:958]	[RECV] A
[00:55:32:959]	[RECV] O
[00:55:32:963]	[SEND] CFG_SLOTS
[00:55:33:011]	[RECV] A
[00:55:33:012]	[RECV] 13
[00:55:33:014]	[SEND] LOAD O
[00:55:33:055]	[RECV] A
[00:55:45:218]	[RECV] M00000000,00000000,00000000
[00:55:45:225]	[SEND] STATUS
[00:55:45:277]	[RECV] A
[00:55:45:278]	[RECV] S33500C27
[00:55:45:279]	[OPER] ----- Result : Completed, Description : 
[00:59:43:485]	[OPER] ----- Initialize -----
[00:59:43:485]	[SEND] RESET
[00:59:43:532]	[RECV] A
[00:59:43:533]	[RECV] O
[00:59:43:537]	[SEND] HOM
[00:59:43:580]	[RECV] A
[00:59:58:927]	[RECV] O
[00:59:58:931]	[SEND] STATUS
[00:59:58:983]	[RECV] A
[00:59:58:984]	[RECV] S7350142B
[00:59:58:985]	[OPER] ----- Result : Completed, Description : 
[00:59:58:986]	[OPER] ----- ChangeToCassette -----
[00:59:58:986]	[SEND] RESET
[00:59:59:030]	[RECV] A
[00:59:59:031]	[RECV] O
[00:59:59:034]	[SEND] OC_MODE ON
[00:59:59:081]	[RECV] A
[00:59:59:082]	[RECV] O
[00:59:59:086]	[SEND] STATUS
[00:59:59:138]	[RECV] A
[00:59:59:139]	[RECV] S7350142B
[00:59:59:141]	[OPER] ----- Result : Completed, Description : 
[01:00:40:887]	[OPER] ----- Clamp -----
[01:00:40:887]	[SEND] RESET
[01:00:40:929]	[RECV] A
[01:00:40:930]	[RECV] O
[01:00:40:933]	[SEND] POD_LOCK ON
[01:00:40:985]	[RECV] A
[01:00:40:986]	[RECV] O
[01:00:40:988]	[SEND] STATUS
[01:00:41:040]	[RECV] A
[01:00:41:041]	[RECV] S7350142B
[01:00:41:042]	[OPER] ----- Result : Completed, Description : 
[01:00:41:917]	[OPER] ----- Load -----
[01:00:41:918]	[SEND] RESET
[01:00:41:962]	[RECV] A
[01:00:41:963]	[RECV] O
[01:00:41:967]	[SEND] CFG_SLOTS
[01:00:42:016]	[RECV] A
[01:00:42:017]	[RECV] 13
[01:00:42:020]	[SEND] LOAD O
[01:00:42:061]	[RECV] A
[01:00:54:193]	[RECV] M00000000,00000000,00000000
[01:00:54:200]	[SEND] STATUS
[01:00:54:252]	[RECV] A
[01:00:54:253]	[RECV] S33500C27
[01:00:54:254]	[OPER] ----- Result : Completed, Description : 
[01:06:56:386]	[RECV] C01000000
[01:55:20:665]	[OPER] ----- Initialize -----
[01:55:20:665]	[SEND] RESET
[01:55:20:713]	[RECV] A
[01:55:20:714]	[RECV] O
[01:55:20:717]	[SEND] HOM
[01:55:20:760]	[RECV] A
[01:55:36:049]	[RECV] O
[01:55:36:053]	[SEND] STATUS
[01:55:36:104]	[RECV] A
[01:55:36:105]	[RECV] S7350142B
[01:55:36:107]	[OPER] ----- Result : Completed, Description : 
[01:55:36:108]	[OPER] ----- ChangeToCassette -----
[01:55:36:108]	[SEND] RESET
[01:55:36:151]	[RECV] A
[01:55:36:152]	[RECV] O
[01:55:36:156]	[SEND] OC_MODE ON
[01:55:36:204]	[RECV] A
[01:55:36:205]	[RECV] O
[01:55:36:209]	[SEND] STATUS
[01:55:36:260]	[RECV] A
[01:55:36:261]	[RECV] S7350142B
[01:55:36:262]	[OPER] ----- Result : Completed, Description : 
[01:56:26:074]	[OPER] ----- Clamp -----
[01:56:26:074]	[SEND] RESET
[01:56:26:119]	[RECV] A
[01:56:26:120]	[RECV] O
[01:56:26:124]	[SEND] POD_LOCK ON
[01:56:26:176]	[RECV] A
[01:56:26:177]	[RECV] O
[01:56:26:180]	[SEND] STATUS
[01:56:26:232]	[RECV] A
[01:56:26:233]	[RECV] S7350142B
[01:56:26:234]	[OPER] ----- Result : Completed, Description : 
[01:56:27:201]	[OPER] ----- Load -----
[01:56:27:202]	[SEND] RESET
[01:56:27:246]	[RECV] A
[01:56:27:247]	[RECV] O
[01:56:27:252]	[SEND] CFG_SLOTS
[01:56:27:301]	[RECV] A
[01:56:27:302]	[RECV] 13
[01:56:27:305]	[SEND] LOAD O
[01:56:27:347]	[RECV] A
[01:56:39:485]	[RECV] M00000000,00000000,00000000
[01:56:39:493]	[SEND] STATUS
[01:56:39:544]	[RECV] A
[01:56:39:545]	[RECV] S33500C27
[01:56:39:546]	[OPER] ----- Result : Completed, Description : 
[10:19:36:415]	[RECV] C01000000
[12:00:51:624]	[RECV] C00000020
[12:01:02:113]	[RECV] C00000010
[19:56:57:824]	[OPER] ----- Initialize -----
[19:56:57:824]	[SEND] RESET
[19:56:57:872]	[RECV] A
[19:56:57:873]	[RECV] O
[19:56:57:875]	[SEND] HOM
[19:56:57:916]	[RECV] A
[19:57:13:817]	[RECV] O
[19:57:13:821]	[SEND] STATUS
[19:57:13:872]	[RECV] A
[19:57:13:873]	[RECV] S7350142B
[19:57:13:875]	[OPER] ----- Result : Completed, Description : 
[19:57:13:876]	[OPER] ----- ChangeToCassette -----
[19:57:13:876]	[SEND] RESET
[19:57:13:919]	[RECV] A
[19:57:13:920]	[RECV] O
[19:57:13:924]	[SEND] OC_MODE ON
[19:57:13:972]	[RECV] A
[19:57:13:973]	[RECV] O
[19:57:13:977]	[SEND] STATUS
[19:57:14:029]	[RECV] A
[19:57:14:030]	[RECV] S7350142B
[19:57:14:032]	[OPER] ----- Result : Completed, Description : 
[19:57:29:998]	[OPER] ----- Clamp -----
[19:57:29:998]	[SEND] RESET
[19:57:30:042]	[RECV] A
[19:57:30:043]	[RECV] O
[19:57:30:047]	[SEND] POD_LOCK ON
[19:57:30:098]	[RECV] A
[19:57:30:099]	[RECV] O
[19:57:30:102]	[SEND] STATUS
[19:57:30:154]	[RECV] A
[19:57:30:155]	[RECV] S7350142B
[19:57:30:157]	[OPER] ----- Result : Completed, Description : 
[19:57:31:471]	[OPER] ----- Load -----
[19:57:31:472]	[SEND] RESET
[19:57:31:515]	[RECV] A
[19:57:31:516]	[RECV] O
[19:57:31:519]	[SEND] CFG_SLOTS
[19:57:31:567]	[RECV] A
[19:57:31:568]	[RECV] 13
[19:57:31:571]	[SEND] LOAD O
[19:57:31:612]	[RECV] A
[19:57:43:733]	[RECV] M00000000,00000000,00000000
[19:57:43:745]	[SEND] STATUS
[19:57:43:797]	[RECV] A
[19:57:43:798]	[RECV] S33500C27
[19:57:43:800]	[OPER] ----- Result : Completed, Description : 
[19:58:30:825]	[OPER] ----- Unload -----
[19:58:30:825]	[SEND] RESET
[19:58:30:872]	[RECV] A
[19:58:30:873]	[RECV] O
[19:58:30:878]	[SEND] CFG_SLOTS
[19:58:30:929]	[RECV] A
[19:58:30:930]	[RECV] 13
[19:58:30:933]	[SEND] UNLOAD O
[19:58:30:976]	[RECV] A
[19:58:38:274]	[RECV] M00000000,00000000,00000000
[19:58:38:278]	[SEND] STATUS
[19:58:38:331]	[RECV] A
[19:58:38:332]	[RECV] S7350142B
[19:58:38:334]	[OPER] ----- Result : Completed, Description : 
