[09:19:59:101]	[OPER] ----- Initialize -----
[09:19:59:101]	[SEND] RESET
[09:19:59:148]	[RECV] A
[09:19:59:149]	[RECV] O
[09:19:59:153]	[SEND] HOM
[09:19:59:195]	[RECV] A
[09:20:10:395]	[RECV] O
[09:20:10:399]	[SEND] STATUS
[09:20:10:451]	[RECV] A
[09:20:10:452]	[RECV] S7350142B
[09:20:10:453]	[OPER] ----- Result : Completed, Description : 
[09:20:10:455]	[OPER] ----- ChangeToCassette -----
[09:20:10:456]	[SEND] RESET
[09:20:10:497]	[RECV] A
[09:20:10:498]	[RECV] O
[09:20:10:501]	[SEND] OC_MODE ON
[09:20:10:549]	[RECV] A
[09:20:10:550]	[RECV] O
[09:20:10:553]	[SEND] STATUS
[09:20:10:605]	[RECV] A
[09:20:10:606]	[RECV] S7350142B
[09:20:10:607]	[OPER] ----- Result : Completed, Description : 
[14:10:50:663]	[RECV] C01000000
[14:54:32:336]	[OPER] ----- Initialize -----
[14:54:32:336]	[SEND] RESET
[14:54:32:381]	[RECV] A
[14:54:32:382]	[RECV] O
[14:54:32:386]	[SEND] HOM
[14:54:32:425]	[RECV] A
[14:54:43:676]	[RECV] O
[14:54:43:680]	[SEND] STATUS
[14:54:43:732]	[RECV] A
[14:54:43:733]	[RECV] S7350142B
[14:54:43:734]	[OPER] ----- Result : Completed, Description : 
[14:54:43:735]	[OPER] ----- ChangeToCassette -----
[14:54:43:735]	[SEND] RESET
[14:54:43:777]	[RECV] A
[14:54:43:778]	[RECV] O
[14:54:43:781]	[SEND] OC_MODE ON
[14:54:43:828]	[RECV] A
[14:54:43:829]	[RECV] O
[14:54:43:833]	[SEND] STATUS
[14:54:43:884]	[RECV] A
[14:54:43:885]	[RECV] S7350142B
[14:54:43:886]	[OPER] ----- Result : Completed, Description : 
[14:57:07:742]	[RECV] C01000000
[14:59:36:005]	[OPER] ----- Initialize -----
[14:59:36:005]	[SEND] RESET
[14:59:36:050]	[RECV] A
[14:59:36:051]	[RECV] O
[14:59:36:055]	[SEND] HOM
[14:59:36:096]	[RECV] A
[14:59:47:338]	[RECV] O
[14:59:47:341]	[SEND] STATUS
[14:59:47:393]	[RECV] A
[14:59:47:394]	[RECV] S7350142B
[14:59:47:395]	[OPER] ----- Result : Completed, Description : 
[14:59:47:396]	[OPER] ----- ChangeToCassette -----
[14:59:47:396]	[SEND] RESET
[14:59:47:438]	[RECV] A
[14:59:47:439]	[RECV] O
[14:59:47:442]	[SEND] OC_MODE ON
[14:59:47:490]	[RECV] A
[14:59:47:491]	[RECV] O
[14:59:47:494]	[SEND] STATUS
[14:59:47:547]	[RECV] A
[14:59:47:548]	[RECV] S7350142B
[14:59:47:550]	[OPER] ----- Result : Completed, Description : 
[15:00:25:001]	[RECV] C01000000
[15:01:15:139]	[OPER] ----- Initialize -----
[15:01:15:139]	[SEND] RESET
[15:01:15:187]	[RECV] A
[15:01:15:188]	[RECV] O
[15:01:15:191]	[SEND] HOM
[15:01:15:230]	[RECV] A
[15:01:26:470]	[RECV] O
[15:01:26:474]	[SEND] STATUS
[15:01:26:525]	[RECV] A
[15:01:26:526]	[RECV] S7350142B
[15:01:26:528]	[OPER] ----- Result : Completed, Description : 
[15:01:26:529]	[OPER] ----- ChangeToCassette -----
[15:01:26:529]	[SEND] RESET
[15:01:26:572]	[RECV] A
[15:01:26:573]	[RECV] O
[15:01:26:577]	[SEND] OC_MODE ON
[15:01:26:625]	[RECV] A
[15:01:26:626]	[RECV] O
[15:01:26:629]	[SEND] STATUS
[15:01:26:680]	[RECV] A
[15:01:26:681]	[RECV] S7350142B
[15:01:26:682]	[OPER] ----- Result : Completed, Description : 
[15:04:45:930]	[OPER] ----- Clamp -----
[15:04:45:930]	[SEND] RESET
[15:04:45:975]	[RECV] A
[15:04:45:976]	[RECV] O
[15:04:45:982]	[SEND] POD_LOCK ON
[15:04:46:035]	[RECV] A
[15:04:46:036]	[RECV] O
[15:04:46:039]	[SEND] STATUS
[15:04:46:090]	[RECV] A
[15:04:46:091]	[RECV] S7350142B
[15:04:46:092]	[OPER] ----- Result : Completed, Description : 
[15:04:47:071]	[OPER] ----- Load -----
[15:04:47:072]	[SEND] RESET
[15:04:47:117]	[RECV] A
[15:04:47:118]	[RECV] O
[15:04:47:121]	[SEND] CFG_SLOTS
[15:04:47:169]	[RECV] A
[15:04:47:170]	[RECV] 13
[15:04:47:173]	[SEND] LOAD O
[15:04:47:214]	[RECV] A
[15:04:59:442]	[RECV] M00000000,00000000,00000000
[15:04:59:449]	[SEND] STATUS
[15:04:59:501]	[RECV] A
[15:04:59:502]	[RECV] S33500C27
[15:04:59:503]	[OPER] ----- Result : Completed, Description : 
[15:42:23:397]	[OPER] ----- Initialize -----
[15:42:23:397]	[SEND] RESET
[15:42:23:444]	[RECV] A
[15:42:23:445]	[RECV] O
[15:42:23:449]	[SEND] HOM
[15:42:23:492]	[RECV] A
[15:42:38:700]	[RECV] O
[15:42:38:703]	[SEND] STATUS
[15:42:38:755]	[RECV] A
[15:42:38:756]	[RECV] S7350142B
[15:42:38:757]	[OPER] ----- Result : Completed, Description : 
[15:42:38:758]	[OPER] ----- ChangeToCassette -----
[15:42:38:758]	[SEND] RESET
[15:42:38:800]	[RECV] A
[15:42:38:801]	[RECV] O
[15:42:38:804]	[SEND] OC_MODE ON
[15:42:38:852]	[RECV] A
[15:42:38:853]	[RECV] O
[15:42:38:856]	[SEND] STATUS
[15:42:38:907]	[RECV] A
[15:42:38:908]	[RECV] S7350142B
[15:42:38:909]	[OPER] ----- Result : Completed, Description : 
[15:44:35:874]	[RECV] C01000000
[15:48:17:243]	[OPER] ----- Initialize -----
[15:48:17:243]	[SEND] RESET
[15:48:17:290]	[RECV] A
[15:48:17:291]	[RECV] O
[15:48:17:295]	[SEND] HOM
[15:48:17:333]	[RECV] A
[15:48:28:564]	[RECV] O
[15:48:28:568]	[SEND] STATUS
[15:48:28:620]	[RECV] A
[15:48:28:621]	[RECV] S7350142B
[15:48:28:622]	[OPER] ----- Result : Completed, Description : 
[15:48:28:623]	[OPER] ----- ChangeToCassette -----
[15:48:28:623]	[SEND] RESET
[15:48:28:665]	[RECV] A
[15:48:28:666]	[RECV] O
[15:48:28:669]	[SEND] OC_MODE ON
[15:48:28:716]	[RECV] A
[15:48:28:717]	[RECV] O
[15:48:28:721]	[SEND] STATUS
[15:48:28:772]	[RECV] A
[15:48:28:773]	[RECV] S7350142B
[15:48:28:775]	[OPER] ----- Result : Completed, Description : 
[16:05:49:332]	[RECV] C01000000
[16:06:56:038]	[OPER] ----- Initialize -----
[16:06:56:038]	[SEND] RESET
[16:06:56:083]	[RECV] A
[16:06:56:084]	[RECV] O
[16:06:56:086]	[SEND] HOM
[16:06:56:127]	[RECV] A
[16:07:07:315]	[RECV] O
[16:07:07:318]	[SEND] STATUS
[16:07:07:370]	[RECV] A
[16:07:07:371]	[RECV] S7350142B
[16:07:07:372]	[OPER] ----- Result : Completed, Description : 
[16:07:07:373]	[OPER] ----- ChangeToCassette -----
[16:07:07:373]	[SEND] RESET
[16:07:07:415]	[RECV] A
[16:07:07:416]	[RECV] O
[16:07:07:419]	[SEND] OC_MODE ON
[16:07:07:467]	[RECV] A
[16:07:07:468]	[RECV] O
[16:07:07:471]	[SEND] STATUS
[16:07:07:523]	[RECV] A
[16:07:07:524]	[RECV] S7350142B
[16:07:07:526]	[OPER] ----- Result : Completed, Description : 
[16:11:52:133]	[OPER] ----- Clamp -----
[16:11:52:133]	[SEND] RESET
[16:11:52:176]	[RECV] A
[16:11:52:177]	[RECV] O
[16:11:52:180]	[SEND] POD_LOCK ON
[16:11:52:230]	[RECV] A
[16:11:52:231]	[RECV] O
[16:11:52:234]	[SEND] STATUS
[16:11:52:285]	[RECV] A
[16:11:52:286]	[RECV] S7350142B
[16:11:52:288]	[OPER] ----- Result : Completed, Description : 
[16:11:53:250]	[OPER] ----- Load -----
[16:11:53:251]	[SEND] RESET
[16:11:53:296]	[RECV] A
[16:11:53:297]	[RECV] O
[16:11:53:301]	[SEND] CFG_SLOTS
[16:11:53:347]	[RECV] A
[16:11:53:348]	[RECV] 13
[16:11:53:352]	[SEND] LOAD O
[16:11:53:393]	[RECV] A
[16:12:05:384]	[RECV] M00000000,00000000,00000000
[16:12:05:392]	[SEND] STATUS
[16:12:05:444]	[RECV] A
[16:12:05:445]	[RECV] S33500C27
[16:12:05:446]	[OPER] ----- Result : Completed, Description : 
[17:02:27:749]	[OPER] ----- Initialize -----
[17:02:27:749]	[SEND] RESET
[17:02:27:794]	[RECV] A
[17:02:27:795]	[RECV] O
[17:02:27:798]	[SEND] HOM
[17:02:27:840]	[RECV] A
[17:02:43:055]	[RECV] O
[17:02:43:058]	[SEND] STATUS
[17:02:43:109]	[RECV] A
[17:02:43:109]	[RECV] S7350142B
[17:02:43:111]	[OPER] ----- Result : Completed, Description : 
[17:02:43:112]	[OPER] ----- ChangeToCassette -----
[17:02:43:112]	[SEND] RESET
[17:02:43:154]	[RECV] A
[17:02:43:155]	[RECV] O
[17:02:43:158]	[SEND] OC_MODE ON
[17:02:43:205]	[RECV] A
[17:02:43:206]	[RECV] O
[17:02:43:210]	[SEND] STATUS
[17:02:43:261]	[RECV] A
[17:02:43:262]	[RECV] S7350142B
[17:02:43:264]	[OPER] ----- Result : Completed, Description : 
[17:03:01:025]	[OPER] ----- Clamp -----
[17:03:01:025]	[SEND] RESET
[17:03:01:067]	[RECV] A
[17:03:01:068]	[RECV] O
[17:03:01:072]	[SEND] POD_LOCK ON
[17:03:01:124]	[RECV] A
[17:03:01:125]	[RECV] O
[17:03:01:129]	[SEND] STATUS
[17:03:01:179]	[RECV] A
[17:03:01:180]	[RECV] S7350142B
[17:03:01:181]	[OPER] ----- Result : Completed, Description : 
[17:03:02:054]	[OPER] ----- Load -----
[17:03:02:056]	[SEND] RESET
[17:03:02:098]	[RECV] A
[17:03:02:099]	[RECV] O
[17:03:02:102]	[SEND] CFG_SLOTS
[17:03:02:150]	[RECV] A
[17:03:02:152]	[RECV] 13
[17:03:02:155]	[SEND] LOAD O
[17:03:02:196]	[RECV] A
[17:03:14:250]	[RECV] M00000000,00000000,00000000
[17:03:14:257]	[SEND] STATUS
[17:03:14:308]	[RECV] A
[17:03:14:309]	[RECV] S33500C27
[17:03:14:311]	[OPER] ----- Result : Completed, Description : 
[17:43:22:855]	[OPER] ----- Initialize -----
[17:43:22:855]	[SEND] RESET
[17:43:22:902]	[RECV] A
[17:43:22:903]	[RECV] O
[17:43:22:905]	[SEND] HOM
[17:43:22:946]	[RECV] A
[17:43:38:205]	[RECV] O
[17:43:38:208]	[SEND] STATUS
[17:43:38:261]	[RECV] A
[17:43:38:262]	[RECV] S7350142B
[17:43:38:264]	[OPER] ----- Result : Completed, Description : 
[17:43:38:265]	[OPER] ----- ChangeToCassette -----
[17:43:38:265]	[SEND] RESET
[17:43:38:307]	[RECV] A
[17:43:38:308]	[RECV] O
[17:43:38:311]	[SEND] OC_MODE ON
[17:43:38:360]	[RECV] A
[17:43:38:361]	[RECV] O
[17:43:38:364]	[SEND] STATUS
[17:43:38:416]	[RECV] A
[17:43:38:417]	[RECV] S7350142B
[17:43:38:418]	[OPER] ----- Result : Completed, Description : 
[17:43:45:977]	[OPER] ----- Clamp -----
[17:43:45:977]	[SEND] RESET
[17:43:46:020]	[RECV] A
[17:43:46:021]	[RECV] O
[17:43:46:024]	[SEND] POD_LOCK ON
[17:43:46:075]	[RECV] A
[17:43:46:076]	[RECV] O
[17:43:46:080]	[SEND] STATUS
[17:43:46:133]	[RECV] A
[17:43:46:134]	[RECV] S7350142B
[17:43:46:136]	[OPER] ----- Result : Completed, Description : 
[17:43:47:095]	[OPER] ----- Load -----
[17:43:47:096]	[SEND] RESET
[17:43:47:140]	[RECV] A
[17:43:47:141]	[RECV] O
[17:43:47:144]	[SEND] CFG_SLOTS
[17:43:47:193]	[RECV] A
[17:43:47:194]	[RECV] 13
[17:43:47:197]	[SEND] LOAD O
[17:43:47:239]	[RECV] A
[17:43:59:245]	[RECV] M00000000,00000000,00000000
[17:43:59:254]	[SEND] STATUS
[17:43:59:307]	[RECV] A
[17:43:59:308]	[RECV] S33500C27
[17:43:59:309]	[OPER] ----- Result : Completed, Description : 
[17:55:16:570]	[OPER] ----- Initialize -----
[17:55:16:570]	[SEND] RESET
[17:55:16:618]	[RECV] A
[17:55:16:619]	[RECV] O
[17:55:16:622]	[SEND] HOM
[17:55:16:663]	[RECV] A
[17:55:31:827]	[RECV] O
[17:55:31:830]	[SEND] STATUS
[17:55:31:882]	[RECV] A
[17:55:31:883]	[RECV] S7350142B
[17:55:31:884]	[OPER] ----- Result : Completed, Description : 
[17:55:31:885]	[OPER] ----- ChangeToCassette -----
[17:55:31:885]	[SEND] RESET
[17:55:31:928]	[RECV] A
[17:55:31:929]	[RECV] O
[17:55:31:933]	[SEND] OC_MODE ON
[17:55:31:982]	[RECV] A
[17:55:31:983]	[RECV] O
[17:55:31:987]	[SEND] STATUS
[17:55:32:039]	[RECV] A
[17:55:32:041]	[RECV] S7350142B
[17:55:32:043]	[OPER] ----- Result : Completed, Description : 
[18:01:51:005]	[OPER] ----- Initialize -----
[18:01:51:005]	[SEND] RESET
[18:01:51:050]	[RECV] A
[18:01:51:051]	[RECV] O
[18:01:51:055]	[SEND] HOM
[18:01:51:097]	[RECV] A
[18:02:02:274]	[RECV] O
[18:02:02:277]	[SEND] STATUS
[18:02:02:329]	[RECV] A
[18:02:02:330]	[RECV] S7350142B
[18:02:02:331]	[OPER] ----- Result : Completed, Description : 
[18:02:02:333]	[OPER] ----- ChangeToCassette -----
[18:02:02:334]	[SEND] RESET
[18:02:02:376]	[RECV] A
[18:02:02:377]	[RECV] O
[18:02:02:380]	[SEND] OC_MODE ON
[18:02:02:427]	[RECV] A
[18:02:02:428]	[RECV] O
[18:02:02:432]	[SEND] STATUS
[18:02:02:483]	[RECV] A
[18:02:02:484]	[RECV] S7350142B
[18:02:02:485]	[OPER] ----- Result : Completed, Description : 
