[09:47:59:802]	[RECV] C01000000
[10:36:28:687]	[OPER] ----- Initialize -----
[10:36:28:687]	[SEND] RESET
[10:36:28:733]	[RECV] A
[10:36:28:734]	[RECV] O
[10:36:28:738]	[SEND] HOM
[10:36:28:779]	[RECV] A
[10:36:46:052]	[RECV] O
[10:36:46:056]	[SEND] STATUS
[10:36:46:107]	[RECV] A
[10:36:46:108]	[RECV] S7150142B
[10:36:46:109]	[OPER] ----- Result : Completed, Description : 
[10:36:46:110]	[OPER] ----- ChangeToFoup -----
[10:36:46:110]	[SEND] RESET
[10:36:46:152]	[RECV] A
[10:36:46:153]	[RECV] O
[10:36:46:156]	[SEND] OC_MODE OFF
[10:36:46:204]	[RECV] A
[10:36:46:205]	[RECV] O
[10:36:46:208]	[SEND] STATUS
[10:36:46:260]	[RECV] A
[10:36:46:261]	[RECV] S7150142B
[10:36:46:262]	[OPER] ----- Result : Completed, Description : 
[10:42:11:012]	[RECV] C01000000
[10:49:27:915]	[OPER] ----- Initialize -----
[10:49:27:915]	[SEND] RESET
[10:49:27:960]	[RECV] A
[10:49:27:961]	[RECV] O
[10:49:27:964]	[SEND] HOM
[10:49:28:003]	[RECV] A
[10:49:45:921]	[RECV] O
[10:49:45:925]	[SEND] STATUS
[10:49:45:979]	[RECV] A
[10:49:45:980]	[RECV] S7150142B
[10:49:45:981]	[OPER] ----- Result : Completed, Description : 
[10:49:45:982]	[OPER] ----- ChangeToFoup -----
[10:49:45:982]	[SEND] RESET
[10:49:46:027]	[RECV] A
[10:49:46:028]	[RECV] O
[10:49:46:032]	[SEND] OC_MODE OFF
[10:49:46:082]	[RECV] A
[10:49:46:083]	[RECV] O
[10:49:46:086]	[SEND] STATUS
[10:49:46:138]	[RECV] A
[10:49:46:139]	[RECV] S7150142B
[10:49:46:141]	[OPER] ----- Result : Completed, Description : 
[10:51:40:000]	[RECV] C01000000
[11:46:38:809]	[RECV] C00010000
[11:46:38:810]	[RECV] C00000010
[11:58:22:314]	[OPER] ----- Initialize -----
[11:58:22:314]	[SEND] RESET
[11:58:22:359]	[RECV] A
[11:58:22:360]	[RECV] O
[11:58:22:362]	[SEND] HOM
[11:58:22:402]	[RECV] A
[11:58:40:147]	[RECV] O
[11:58:40:150]	[SEND] STATUS
[11:58:40:202]	[RECV] A
[11:58:40:203]	[RECV] S7150142B
[11:58:40:204]	[OPER] ----- Result : Completed, Description : 
[11:58:40:205]	[OPER] ----- ChangeToFoup -----
[11:58:40:205]	[SEND] RESET
[11:58:40:247]	[RECV] A
[11:58:40:248]	[RECV] O
[11:58:40:250]	[SEND] OC_MODE OFF
[11:58:40:299]	[RECV] A
[11:58:40:300]	[RECV] O
[11:58:40:303]	[SEND] STATUS
[11:58:40:355]	[RECV] A
[11:58:40:356]	[RECV] S7150142B
[11:58:40:357]	[OPER] ----- Result : Completed, Description : 
[13:47:52:794]	[RECV] C01000000
[14:13:43:199]	[OPER] ----- Initialize -----
[14:13:43:199]	[SEND] RESET
[14:13:43:245]	[RECV] A
[14:13:43:246]	[RECV] O
[14:13:43:248]	[SEND] HOM
[14:13:43:287]	[RECV] A
[14:14:00:521]	[RECV] O
[14:14:00:524]	[SEND] STATUS
[14:14:00:575]	[RECV] A
[14:14:00:576]	[RECV] S7150142B
[14:14:00:578]	[OPER] ----- Result : Completed, Description : 
[14:14:00:579]	[OPER] ----- ChangeToFoup -----
[14:14:00:579]	[SEND] RESET
[14:14:00:622]	[RECV] A
[14:14:00:624]	[RECV] O
[14:14:00:628]	[SEND] OC_MODE OFF
[14:14:00:676]	[RECV] A
[14:14:00:677]	[RECV] O
[14:14:00:680]	[SEND] STATUS
[14:14:00:731]	[RECV] A
[14:14:00:732]	[RECV] S7150142B
[14:14:00:734]	[OPER] ----- Result : Completed, Description : 
[14:16:23:757]	[OPER] ----- Initialize -----
[14:16:23:757]	[SEND] RESET
[14:16:23:803]	[RECV] A
[14:16:23:804]	[RECV] O
[14:16:23:807]	[SEND] HOM
[14:16:23:846]	[RECV] A
[14:16:41:072]	[RECV] O
[14:16:41:075]	[SEND] STATUS
[14:16:41:128]	[RECV] A
[14:16:41:129]	[RECV] S7150142B
[14:16:41:131]	[OPER] ----- Result : Completed, Description : 
[14:16:41:132]	[OPER] ----- ChangeToFoup -----
[14:16:41:132]	[SEND] RESET
[14:16:41:174]	[RECV] A
[14:16:41:175]	[RECV] O
[14:16:41:178]	[SEND] OC_MODE OFF
[14:16:41:229]	[RECV] A
[14:16:41:230]	[RECV] O
[14:16:41:234]	[SEND] STATUS
[14:16:41:284]	[RECV] A
[14:16:41:285]	[RECV] S7150142B
[14:16:41:288]	[OPER] ----- Result : Completed, Description : 
[14:45:45:423]	[OPER] ----- Initialize -----
[14:45:45:423]	[SEND] RESET
[14:45:45:469]	[RECV] A
[14:45:45:470]	[RECV] O
[14:45:45:472]	[SEND] HOM
[14:45:45:514]	[RECV] A
[14:46:02:742]	[RECV] O
[14:46:02:746]	[SEND] STATUS
[14:46:02:799]	[RECV] A
[14:46:02:800]	[RECV] S7150142B
[14:46:02:802]	[OPER] ----- Result : Completed, Description : 
[14:46:02:803]	[OPER] ----- ChangeToFoup -----
[14:46:02:803]	[SEND] RESET
[14:46:02:845]	[RECV] A
[14:46:02:846]	[RECV] O
[14:46:02:849]	[SEND] OC_MODE OFF
[14:46:02:899]	[RECV] A
[14:46:02:900]	[RECV] O
[14:46:02:903]	[SEND] STATUS
[14:46:02:954]	[RECV] A
[14:46:02:955]	[RECV] S7150142B
[14:46:02:957]	[OPER] ----- Result : Completed, Description : 
[15:19:27:712]	[OPER] ----- Initialize -----
[15:19:27:712]	[SEND] RESET
[15:19:27:759]	[RECV] A
[15:19:27:760]	[RECV] O
[15:19:27:764]	[SEND] HOM
[15:19:27:801]	[RECV] A
[15:19:45:098]	[RECV] O
[15:19:45:102]	[SEND] STATUS
[15:19:45:154]	[RECV] A
[15:19:45:155]	[RECV] S7150142B
[15:19:45:156]	[OPER] ----- Result : Completed, Description : 
[15:19:45:157]	[OPER] ----- ChangeToFoup -----
[15:19:45:157]	[SEND] RESET
[15:19:45:198]	[RECV] A
[15:19:45:199]	[RECV] O
[15:19:45:203]	[SEND] OC_MODE OFF
[15:19:45:251]	[RECV] A
[15:19:45:252]	[RECV] O
[15:19:45:255]	[SEND] STATUS
[15:19:45:307]	[RECV] A
[15:19:45:308]	[RECV] S7150142B
[15:19:45:309]	[OPER] ----- Result : Completed, Description : 
[15:20:29:978]	[OPER] ----- Initialize -----
[15:20:29:978]	[SEND] RESET
[15:20:30:023]	[RECV] A
[15:20:30:024]	[RECV] O
[15:20:30:027]	[SEND] HOM
[15:20:30:070]	[RECV] A
[15:20:47:361]	[RECV] O
[15:20:47:365]	[SEND] STATUS
[15:20:47:418]	[RECV] A
[15:20:47:419]	[RECV] S7150142B
[15:20:47:421]	[OPER] ----- Result : Completed, Description : 
[15:20:47:422]	[OPER] ----- ChangeToFoup -----
[15:20:47:422]	[SEND] RESET
[15:20:47:464]	[RECV] A
[15:20:47:465]	[RECV] O
[15:20:47:469]	[SEND] OC_MODE OFF
[15:20:47:517]	[RECV] A
[15:20:47:518]	[RECV] O
[15:20:47:521]	[SEND] STATUS
[15:20:47:572]	[RECV] A
[15:20:47:573]	[RECV] S7150142B
[15:20:47:574]	[OPER] ----- Result : Completed, Description : 
[15:34:23:690]	[OPER] ----- Initialize -----
[15:34:23:690]	[SEND] RESET
[15:34:23:735]	[RECV] A
[15:34:23:736]	[RECV] O
[15:34:23:741]	[SEND] HOM
[15:34:23:780]	[RECV] A
[15:34:41:086]	[RECV] O
[15:34:41:089]	[SEND] STATUS
[15:34:41:142]	[RECV] A
[15:34:41:143]	[RECV] S7150142B
[15:34:41:145]	[OPER] ----- Result : Completed, Description : 
[15:34:41:146]	[OPER] ----- ChangeToFoup -----
[15:34:41:146]	[SEND] RESET
[15:34:41:188]	[RECV] A
[15:34:41:189]	[RECV] O
[15:34:41:193]	[SEND] OC_MODE OFF
[15:34:41:242]	[RECV] A
[15:34:41:243]	[RECV] O
[15:34:41:247]	[SEND] STATUS
[15:34:41:300]	[RECV] A
[15:34:41:301]	[RECV] S7150142B
[15:34:41:303]	[OPER] ----- Result : Completed, Description : 
[15:48:00:258]	[OPER] ----- Initialize -----
[15:48:00:258]	[SEND] RESET
[15:48:00:304]	[RECV] A
[15:48:00:305]	[RECV] O
[15:48:00:308]	[SEND] HOM
[15:48:00:350]	[RECV] A
[15:48:17:682]	[RECV] O
[15:48:17:685]	[SEND] STATUS
[15:48:17:738]	[RECV] A
[15:48:17:739]	[RECV] S7150142B
[15:48:17:741]	[OPER] ----- Result : Completed, Description : 
[15:48:17:742]	[OPER] ----- ChangeToFoup -----
[15:48:17:742]	[SEND] RESET
[15:48:17:784]	[RECV] A
[15:48:17:785]	[RECV] O
[15:48:17:788]	[SEND] OC_MODE OFF
[15:48:17:836]	[RECV] A
[15:48:17:837]	[RECV] O
[15:48:17:840]	[SEND] STATUS
[15:48:17:892]	[RECV] A
[15:48:17:893]	[RECV] S7150142B
[15:48:17:894]	[OPER] ----- Result : Completed, Description : 
[17:34:06:677]	[OPER] ----- Initialize -----
[17:34:06:677]	[SEND] RESET
[17:34:06:725]	[RECV] A
[17:34:06:726]	[RECV] O
[17:34:06:729]	[SEND] HOM
[17:34:06:772]	[RECV] A
[17:34:23:996]	[RECV] O
[17:34:23:999]	[SEND] STATUS
[17:34:24:051]	[RECV] A
[17:34:24:052]	[RECV] S7150142B
[17:34:24:054]	[OPER] ----- Result : Completed, Description : 
[17:34:24:055]	[OPER] ----- ChangeToFoup -----
[17:34:24:055]	[SEND] RESET
[17:34:24:098]	[RECV] A
[17:34:24:099]	[RECV] O
[17:34:24:103]	[SEND] OC_MODE OFF
[17:34:24:152]	[RECV] A
[17:34:24:153]	[RECV] O
[17:34:24:157]	[SEND] STATUS
[17:34:24:208]	[RECV] A
[17:34:24:209]	[RECV] S7150142B
[17:34:24:210]	[OPER] ----- Result : Completed, Description : 
[17:40:09:691]	[OPER] ----- Initialize -----
[17:40:09:691]	[SEND] RESET
[17:40:09:737]	[RECV] A
[17:40:09:738]	[RECV] O
[17:40:09:741]	[SEND] HOM
[17:40:09:783]	[RECV] A
[17:40:26:996]	[RECV] O
[17:40:27:000]	[SEND] STATUS
[17:40:27:051]	[RECV] A
[17:40:27:052]	[RECV] S7150142B
[17:40:27:054]	[OPER] ----- Result : Completed, Description : 
[17:40:27:055]	[OPER] ----- ChangeToFoup -----
[17:40:27:055]	[SEND] RESET
[17:40:27:097]	[RECV] A
[17:40:27:098]	[RECV] O
[17:40:27:101]	[SEND] OC_MODE OFF
[17:40:27:149]	[RECV] A
[17:40:27:150]	[RECV] O
[17:40:27:153]	[SEND] STATUS
[17:40:27:203]	[RECV] A
[17:40:27:204]	[RECV] S7150142B
[17:40:27:206]	[OPER] ----- Result : Completed, Description : 
[17:43:20:940]	[OPER] ----- Initialize -----
[17:43:20:940]	[SEND] RESET
[17:43:20:987]	[RECV] A
[17:43:20:988]	[RECV] O
[17:43:20:992]	[SEND] HOM
[17:43:21:036]	[RECV] A
[17:43:38:247]	[RECV] O
[17:43:38:251]	[SEND] STATUS
[17:43:38:302]	[RECV] A
[17:43:38:303]	[RECV] S7150142B
[17:43:38:305]	[OPER] ----- Result : Completed, Description : 
[17:43:38:306]	[OPER] ----- ChangeToFoup -----
[17:43:38:306]	[SEND] RESET
[17:43:38:349]	[RECV] A
[17:43:38:350]	[RECV] O
[17:43:38:354]	[SEND] OC_MODE OFF
[17:43:38:405]	[RECV] A
[17:43:38:406]	[RECV] O
[17:43:38:409]	[SEND] STATUS
[17:43:38:462]	[RECV] A
[17:43:38:463]	[RECV] S7150142B
[17:43:38:465]	[OPER] ----- Result : Completed, Description : 
[18:41:10:975]	[OPER] ----- Initialize -----
[18:41:10:975]	[SEND] RESET
[18:41:11:021]	[RECV] A
[18:41:11:022]	[RECV] O
[18:41:11:026]	[SEND] HOM
[18:41:11:067]	[RECV] A
[18:41:28:289]	[RECV] O
[18:41:28:292]	[SEND] STATUS
[18:41:28:343]	[RECV] A
[18:41:28:345]	[RECV] S7150142B
[18:41:28:347]	[OPER] ----- Result : Completed, Description : 
[18:41:28:348]	[OPER] ----- ChangeToFoup -----
[18:41:28:348]	[SEND] RESET
[18:41:28:391]	[RECV] A
[18:41:28:392]	[RECV] O
[18:41:28:396]	[SEND] OC_MODE OFF
[18:41:28:445]	[RECV] A
[18:41:28:446]	[RECV] O
[18:41:28:449]	[SEND] STATUS
[18:41:28:501]	[RECV] A
[18:41:28:502]	[RECV] S7150142B
[18:41:28:504]	[OPER] ----- Result : Completed, Description : 
[18:55:16:624]	[RECV] C01000000
[18:57:26:845]	[OPER] ----- Initialize -----
[18:57:26:845]	[SEND] RESET
[18:57:26:891]	[RECV] A
[18:57:26:892]	[RECV] O
[18:57:26:895]	[SEND] HOM
[18:57:26:935]	[RECV] A
[18:57:44:141]	[RECV] O
[18:57:44:145]	[SEND] STATUS
[18:57:44:197]	[RECV] A
[18:57:44:198]	[RECV] S7150142B
[18:57:44:199]	[OPER] ----- Result : Completed, Description : 
[18:57:44:200]	[OPER] ----- ChangeToFoup -----
[18:57:44:200]	[SEND] RESET
[18:57:44:242]	[RECV] A
[18:57:44:243]	[RECV] O
[18:57:44:247]	[SEND] OC_MODE OFF
[18:57:44:297]	[RECV] A
[18:57:44:298]	[RECV] O
[18:57:44:301]	[SEND] STATUS
[18:57:44:353]	[RECV] A
[18:57:44:354]	[RECV] S7150142B
[18:57:44:355]	[OPER] ----- Result : Completed, Description : 
[19:32:58:910]	[RECV] C00000020
[19:33:12:737]	[OPER] ----- ChangeToCassette -----
[19:33:12:737]	[SEND] RESET
[19:33:12:780]	[RECV] A
[19:33:12:781]	[RECV] O
[19:33:12:785]	[SEND] OC_MODE ON
[19:33:12:831]	[RECV] A
[19:33:15:692]	[RECV] O
[19:33:15:697]	[SEND] STATUS
[19:33:15:749]	[RECV] A
[19:33:15:750]	[RECV] S4350142B
[19:33:15:751]	[OPER] ----- Result : Completed, Description : 
[19:33:23:071]	[RECV] C00000010
[19:39:23:250]	[RECV] C00000004
[19:39:24:931]	[OPER] ----- Clamp -----
[19:39:24:931]	[SEND] RESET
[19:39:24:974]	[RECV] A
[19:39:24:975]	[RECV] O
[19:39:24:979]	[SEND] POD_LOCK ON
[19:39:25:031]	[RECV] A
[19:39:25:032]	[RECV] O
[19:39:25:035]	[SEND] STATUS
[19:39:25:086]	[RECV] A
[19:39:25:087]	[RECV] S7350142B
[19:39:25:089]	[OPER] ----- Result : Completed, Description : 
[19:39:25:677]	[OPER] ----- Load -----
[19:39:25:677]	[SEND] RESET
[19:39:25:720]	[RECV] A
[19:39:25:721]	[RECV] O
[19:39:25:724]	[SEND] CFG_SLOTS
[19:39:25:772]	[RECV] A
[19:39:25:773]	[RECV] 13
[19:39:25:776]	[SEND] LOAD O
[19:39:25:818]	[RECV] A
[19:39:37:829]	[RECV] M00000000,00000000,00000000
[19:39:37:832]	[SEND] STATUS
[19:39:37:884]	[RECV] A
[19:39:37:885]	[RECV] S33500C27
[19:39:37:886]	[OPER] ----- Result : Completed, Description : 
[20:13:04:731]	[RECV] C00000008
[20:13:06:419]	[OPER] ----- Unload -----
[20:13:06:419]	[SEND] RESET
[20:13:06:462]	[RECV] A
[20:13:06:463]	[RECV] O
[20:13:06:467]	[SEND] CFG_SLOTS
[20:13:06:515]	[RECV] A
[20:13:06:516]	[RECV] 13
[20:13:06:519]	[SEND] UNLOAD O
[20:13:06:562]	[RECV] A
[20:13:13:679]	[RECV] M00000000,00000000,00000000
[20:13:13:683]	[SEND] STATUS
[20:13:13:734]	[RECV] A
[20:13:13:735]	[RECV] S7350142B
[20:13:13:737]	[OPER] ----- Result : Completed, Description : 
