[10:00:16:374]	[OPER] ----- Initialize -----
[10:00:16:374]	[SEND] RESET
[10:00:16:429]	[RECV] A
[10:00:16:430]	[RECV] O
[10:00:16:434]	[SEND] HOM
[10:00:16:476]	[RECV] A
[10:00:28:291]	[RECV] O
[10:00:28:295]	[SEND] STATUS
[10:00:28:348]	[RECV] A
[10:00:28:349]	[RECV] S7350142B
[10:00:28:350]	[OPER] ----- Result : Completed, Description : 
[10:00:28:351]	[OPER] ----- ChangeToCassette -----
[10:00:28:351]	[SEND] RESET
[10:00:28:393]	[RECV] A
[10:00:28:394]	[RECV] O
[10:00:28:397]	[SEND] OC_MODE ON
[10:00:28:446]	[RECV] A
[10:00:28:447]	[RECV] O
[10:00:28:450]	[SEND] STATUS
[10:00:28:502]	[RECV] A
[10:00:28:503]	[RECV] S7350142B
[10:00:28:504]	[OPER] ----- Result : Completed, Description : 
[10:00:56:756]	[OPER] ----- Clamp -----
[10:00:56:756]	[SEND] RESET
[10:00:56:798]	[RECV] A
[10:00:56:799]	[RECV] O
[10:00:56:802]	[SEND] POD_LOCK ON
[10:00:56:853]	[RECV] A
[10:00:56:854]	[RECV] O
[10:00:56:858]	[SEND] STATUS
[10:00:56:910]	[RECV] A
[10:00:56:911]	[RECV] S7350142B
[10:00:56:912]	[OPER] ----- Result : Completed, Description : 
[10:00:58:139]	[OPER] ----- Load -----
[10:00:58:140]	[SEND] RESET
[10:00:58:182]	[RECV] A
[10:00:58:183]	[RECV] O
[10:00:58:186]	[SEND] CFG_SLOTS
[10:00:58:234]	[RECV] A
[10:00:58:235]	[RECV] 13
[10:00:58:239]	[SEND] LOAD O
[10:00:58:280]	[RECV] A
[10:01:10:418]	[RECV] M00000000,00000000,00000000
[10:01:10:431]	[SEND] STATUS
[10:01:10:483]	[RECV] A
[10:01:10:484]	[RECV] S33500C27
[10:01:10:485]	[OPER] ----- Result : Completed, Description : 
[10:10:05:717]	[OPER] ----- Unload -----
[10:10:05:717]	[SEND] RESET
[10:10:05:761]	[RECV] A
[10:10:05:762]	[RECV] O
[10:10:05:764]	[SEND] CFG_SLOTS
[10:10:05:813]	[RECV] A
[10:10:05:814]	[RECV] 13
[10:10:05:818]	[SEND] UNLOAD O
[10:10:05:863]	[RECV] A
[10:10:13:132]	[RECV] M00000000,00000000,00000000
[10:10:13:135]	[SEND] STATUS
[10:10:13:186]	[RECV] A
[10:10:13:187]	[RECV] S7350142B
[10:10:13:188]	[OPER] ----- Result : Completed, Description : 
[10:10:15:208]	[OPER] ----- Clamp -----
[10:10:15:208]	[SEND] RESET
[10:10:15:250]	[RECV] A
[10:10:15:251]	[RECV] O
[10:10:15:255]	[SEND] POD_LOCK ON
[10:10:15:307]	[RECV] A
[10:10:15:308]	[RECV] O
[10:10:15:311]	[SEND] STATUS
[10:10:15:363]	[RECV] A
[10:10:15:364]	[RECV] S7350142B
[10:10:15:366]	[OPER] ----- Result : Completed, Description : 
[10:10:15:553]	[OPER] ----- Load -----
[10:10:15:553]	[SEND] RESET
[10:10:15:595]	[RECV] A
[10:10:15:596]	[RECV] O
[10:10:15:598]	[SEND] CFG_SLOTS
[10:10:15:646]	[RECV] A
[10:10:15:647]	[RECV] 13
[10:10:15:650]	[SEND] LOAD O
[10:10:15:692]	[RECV] A
[10:10:27:747]	[RECV] M00000000,00000000,00000000
[10:10:27:750]	[SEND] STATUS
[10:10:27:802]	[RECV] A
[10:10:27:803]	[RECV] S33500C27
[10:10:27:804]	[OPER] ----- Result : Completed, Description : 
[10:19:42:775]	[OPER] ----- Unload -----
[10:19:42:775]	[SEND] RESET
[10:19:42:819]	[RECV] A
[10:19:42:820]	[RECV] O
[10:19:42:825]	[SEND] CFG_SLOTS
[10:19:42:872]	[RECV] A
[10:19:42:873]	[RECV] 13
[10:19:42:875]	[SEND] UNLOAD O
[10:19:42:919]	[RECV] A
[10:19:50:173]	[RECV] M00000000,00000000,00000000
[10:19:50:177]	[SEND] STATUS
[10:19:50:230]	[RECV] A
[10:19:50:231]	[RECV] S7350142B
[10:19:50:232]	[OPER] ----- Result : Completed, Description : 
[10:19:52:248]	[OPER] ----- Clamp -----
[10:19:52:248]	[SEND] RESET
[10:19:52:290]	[RECV] A
[10:19:52:291]	[RECV] O
[10:19:52:294]	[SEND] POD_LOCK ON
[10:19:52:346]	[RECV] A
[10:19:52:347]	[RECV] O
[10:19:52:350]	[SEND] STATUS
[10:19:52:402]	[RECV] A
[10:19:52:403]	[RECV] S7350142B
[10:19:52:404]	[OPER] ----- Result : Completed, Description : 
[10:19:52:591]	[OPER] ----- Load -----
[10:19:52:591]	[SEND] RESET
[10:19:52:633]	[RECV] A
[10:19:52:634]	[RECV] O
[10:19:52:636]	[SEND] CFG_SLOTS
[10:19:52:684]	[RECV] A
[10:19:52:685]	[RECV] 13
[10:19:52:689]	[SEND] LOAD O
[10:19:52:730]	[RECV] A
[10:20:04:799]	[RECV] M00000000,00000000,00000000
[10:20:04:802]	[SEND] STATUS
[10:20:04:854]	[RECV] A
[10:20:04:855]	[RECV] S33500C27
[10:20:04:857]	[OPER] ----- Result : Completed, Description : 
[10:22:19:941]	[OPER] ----- Unload -----
[10:22:19:941]	[SEND] RESET
[10:22:19:987]	[RECV] A
[10:22:19:988]	[RECV] O
[10:22:19:990]	[SEND] CFG_SLOTS
[10:22:20:043]	[RECV] A
[10:22:20:045]	[RECV] 13
[10:22:20:049]	[SEND] UNLOAD O
[10:22:20:092]	[RECV] A
[10:22:27:361]	[RECV] M00000000,00000000,00000000
[10:22:27:365]	[SEND] STATUS
[10:22:27:416]	[RECV] A
[10:22:27:417]	[RECV] S7350142B
[10:22:27:419]	[OPER] ----- Result : Completed, Description : 
[10:29:03:618]	[RECV] C01000000
[17:17:23:445]	[RECV] C00010000
[17:17:23:446]	[RECV] C00000010
[20:54:15:471]	[OPER] ----- Initialize -----
[20:54:15:471]	[SEND] RESET
[20:54:15:518]	[RECV] A
[20:54:15:519]	[RECV] O
[20:54:15:523]	[SEND] HOM
[20:54:15:567]	[RECV] A
[20:54:29:663]	[RECV] O
[20:56:32:825]	[OPER] ----- Initialize -----
[20:56:32:825]	[SEND] RESET
[20:56:32:872]	[RECV] A
[20:56:32:873]	[RECV] O
[20:56:32:876]	[SEND] HOM
[20:56:32:918]	[RECV] A
[20:56:44:185]	[RECV] O
[20:56:44:189]	[SEND] STATUS
[20:56:44:240]	[RECV] A
[20:56:44:241]	[RECV] S7350142B
[20:56:44:243]	[OPER] ----- Result : Completed, Description : 
[20:56:44:244]	[OPER] ----- ChangeToCassette -----
[20:56:44:244]	[SEND] RESET
[20:56:44:287]	[RECV] A
[20:56:44:288]	[RECV] O
[20:56:44:292]	[SEND] OC_MODE ON
[20:56:44:340]	[RECV] A
[20:56:44:341]	[RECV] O
[20:56:44:345]	[SEND] STATUS
[20:56:44:397]	[RECV] A
[20:56:44:398]	[RECV] S7350142B
[20:56:44:399]	[OPER] ----- Result : Completed, Description : 
[20:57:24:758]	[RECV] C01000000
[21:06:07:231]	[OPER] ----- Initialize -----
[21:06:07:231]	[SEND] RESET
[21:06:07:278]	[RECV] A
[21:06:07:281]	[RECV] O
[21:06:07:285]	[SEND] HOM
[21:06:07:326]	[RECV] A
[21:06:18:606]	[RECV] O
[21:06:18:610]	[SEND] STATUS
[21:06:18:660]	[RECV] A
[21:06:18:661]	[RECV] S7350142B
[21:06:18:663]	[OPER] ----- Result : Completed, Description : 
[21:06:18:664]	[OPER] ----- ChangeToCassette -----
[21:06:18:664]	[SEND] RESET
[21:06:18:706]	[RECV] A
[21:06:18:707]	[RECV] O
[21:06:18:710]	[SEND] OC_MODE ON
[21:06:18:757]	[RECV] A
[21:06:18:758]	[RECV] O
[21:06:18:762]	[SEND] STATUS
[21:06:18:814]	[RECV] A
[21:06:18:815]	[RECV] S7350142B
[21:06:18:816]	[OPER] ----- Result : Completed, Description : 
[21:06:32:191]	[RECV] C01000000
[21:07:29:614]	[OPER] ----- Initialize -----
[21:07:29:614]	[SEND] RESET
[21:07:29:660]	[RECV] A
[21:07:29:661]	[RECV] O
[21:07:29:665]	[SEND] HOM
[21:07:29:703]	[RECV] A
[21:07:40:964]	[RECV] O
[21:07:40:967]	[SEND] STATUS
[21:07:41:020]	[RECV] A
[21:07:41:021]	[RECV] S7350142B
[21:07:41:022]	[OPER] ----- Result : Completed, Description : 
[21:07:41:023]	[OPER] ----- ChangeToCassette -----
[21:07:41:023]	[SEND] RESET
[21:07:41:067]	[RECV] A
[21:07:41:068]	[RECV] O
[21:07:41:071]	[SEND] OC_MODE ON
[21:07:41:117]	[RECV] A
[21:07:41:118]	[RECV] O
[21:07:41:122]	[SEND] STATUS
[21:07:41:173]	[RECV] A
[21:07:41:174]	[RECV] S7350142B
[21:07:41:176]	[OPER] ----- Result : Completed, Description : 
[21:08:59:681]	[RECV] C01000000
[21:09:27:124]	[OPER] ----- Initialize -----
[21:09:27:124]	[SEND] RESET
[21:09:27:170]	[RECV] A
[21:09:27:171]	[RECV] O
[21:09:27:174]	[SEND] HOM
[21:09:27:212]	[RECV] A
[21:09:38:485]	[RECV] O
[21:09:38:488]	[SEND] STATUS
[21:09:38:539]	[RECV] A
[21:09:38:540]	[RECV] S7350142B
[21:09:38:542]	[OPER] ----- Result : Completed, Description : 
[21:09:38:543]	[OPER] ----- ChangeToCassette -----
[21:09:38:543]	[SEND] RESET
[21:09:38:586]	[RECV] A
[21:09:38:587]	[RECV] O
[21:09:38:591]	[SEND] OC_MODE ON
[21:09:38:638]	[RECV] A
[21:09:38:639]	[RECV] O
[21:09:38:643]	[SEND] STATUS
[21:09:38:694]	[RECV] A
[21:09:38:695]	[RECV] S7350142B
[21:09:38:696]	[OPER] ----- Result : Completed, Description : 
