[00:11:38:958]	[RECV] C00000004
[00:11:40:664]	[OPER] ----- Clamp -----
[00:11:40:664]	[SEND] RESET
[00:11:40:707]	[RECV] A
[00:11:40:708]	[RECV] O
[00:11:40:712]	[SEND] POD_LOCK ON
[00:11:40:764]	[RECV] A
[00:11:40:765]	[RECV] O
[00:11:40:769]	[SEND] STATUS
[00:11:40:820]	[RECV] A
[00:11:40:821]	[RECV] S7350142B
[00:11:40:822]	[OPER] ----- Result : Completed, Description : 
[00:11:41:300]	[OPER] ----- Load -----
[00:11:41:300]	[SEND] RESET
[00:11:41:342]	[RECV] A
[00:11:41:343]	[RECV] O
[00:11:41:346]	[SEND] CFG_SLOTS
[00:11:41:394]	[RECV] A
[00:11:41:395]	[RECV] 13
[00:11:41:398]	[SEND] LOAD O
[00:11:41:440]	[RECV] A
[00:11:53:628]	[RECV] M00000000,00000000,00000000
[00:11:53:632]	[SEND] STATUS
[00:11:53:683]	[RECV] A
[00:11:53:684]	[RECV] S33500C27
[00:11:53:686]	[OPER] ----- Result : Completed, Description : 
[01:01:59:872]	[RECV] C00000008
[01:02:01:561]	[OPER] ----- Unload -----
[01:02:01:561]	[SEND] RESET
[01:02:01:604]	[RECV] A
[01:02:01:605]	[RECV] O
[01:02:01:608]	[SEND] CFG_SLOTS
[01:02:01:655]	[RECV] A
[01:02:01:656]	[RECV] 13
[01:02:01:659]	[SEND] UNLOAD O
[01:02:01:702]	[RECV] A
[01:02:08:967]	[RECV] M00000000,00000000,00000000
[01:02:08:970]	[SEND] STATUS
[01:02:09:022]	[RECV] A
[01:02:09:023]	[RECV] S7350142B
[01:02:09:024]	[OPER] ----- Result : Completed, Description : 
[01:02:11:350]	[RECV] C00000020
[01:02:26:047]	[RECV] C00000010
[01:14:15:603]	[RECV] C00000020
[01:14:17:931]	[RECV] C00000010
[01:14:20:404]	[RECV] C00000004
[01:14:22:111]	[OPER] ----- Clamp -----
[01:14:22:111]	[SEND] RESET
[01:14:22:154]	[RECV] A
[01:14:22:155]	[RECV] O
[01:14:22:159]	[SEND] POD_LOCK ON
[01:14:22:211]	[RECV] A
[01:14:22:212]	[RECV] O
[01:14:22:215]	[SEND] STATUS
[01:14:22:267]	[RECV] A
[01:14:22:268]	[RECV] S7350142B
[01:14:22:269]	[OPER] ----- Result : Completed, Description : 
[01:14:22:454]	[OPER] ----- Load -----
[01:14:22:454]	[SEND] RESET
[01:14:22:497]	[RECV] A
[01:14:22:498]	[RECV] O
[01:14:22:502]	[SEND] CFG_SLOTS
[01:14:22:550]	[RECV] A
[01:14:22:551]	[RECV] 13
[01:14:22:554]	[SEND] LOAD O
[01:14:22:595]	[RECV] A
[01:14:34:740]	[RECV] M00000000,00000000,00000000
[01:14:34:743]	[SEND] STATUS
[01:14:34:793]	[RECV] A
[01:14:34:794]	[RECV] S33500C27
[01:14:34:796]	[OPER] ----- Result : Completed, Description : 
[01:51:52:588]	[OPER] ----- Initialize -----
[01:51:52:588]	[SEND] RESET
[01:51:52:635]	[RECV] A
[01:51:52:636]	[RECV] O
[01:51:52:640]	[SEND] HOM
[01:51:52:680]	[RECV] A
[01:52:08:009]	[RECV] O
[01:52:08:013]	[SEND] STATUS
[01:52:08:064]	[RECV] A
[01:52:08:065]	[RECV] S7350142B
[01:52:08:067]	[OPER] ----- Result : Completed, Description : 
[01:52:08:068]	[OPER] ----- ChangeToCassette -----
[01:52:08:068]	[SEND] RESET
[01:52:08:111]	[RECV] A
[01:52:08:112]	[RECV] O
[01:52:08:116]	[SEND] OC_MODE ON
[01:52:08:165]	[RECV] A
[01:52:08:166]	[RECV] O
[01:52:08:169]	[SEND] STATUS
[01:52:08:220]	[RECV] A
[01:52:08:221]	[RECV] S7350142B
[01:52:08:222]	[OPER] ----- Result : Completed, Description : 
[01:59:50:468]	[RECV] C00000004
[01:59:52:165]	[OPER] ----- Clamp -----
[01:59:52:165]	[SEND] RESET
[01:59:52:207]	[RECV] A
[01:59:52:208]	[RECV] O
[01:59:52:211]	[SEND] POD_LOCK ON
[01:59:52:261]	[RECV] A
[01:59:52:262]	[RECV] O
[01:59:52:265]	[SEND] STATUS
[01:59:52:317]	[RECV] A
[01:59:52:318]	[RECV] S7350142B
[01:59:52:319]	[OPER] ----- Result : Completed, Description : 
[01:59:52:504]	[OPER] ----- Load -----
[01:59:52:504]	[SEND] RESET
[01:59:52:546]	[RECV] A
[01:59:52:547]	[RECV] O
[01:59:52:550]	[SEND] CFG_SLOTS
[01:59:52:597]	[RECV] A
[01:59:52:598]	[RECV] 13
[01:59:52:601]	[SEND] LOAD O
[01:59:52:641]	[RECV] A
[02:00:04:779]	[RECV] M00000000,00000000,00000000
[02:00:04:783]	[SEND] STATUS
[02:00:04:835]	[RECV] A
[02:00:04:836]	[RECV] S33500C27
[02:00:04:837]	[OPER] ----- Result : Completed, Description : 
[02:12:49:593]	[RECV] C00000008
[02:12:51:293]	[OPER] ----- Unload -----
[02:12:51:293]	[SEND] RESET
[02:12:51:335]	[RECV] A
[02:12:51:336]	[RECV] O
[02:12:51:339]	[SEND] CFG_SLOTS
[02:12:51:386]	[RECV] A
[02:12:51:387]	[RECV] 13
[02:12:51:391]	[SEND] UNLOAD O
[02:12:51:435]	[RECV] A
[02:12:58:706]	[RECV] M00000000,00000000,00000000
[02:12:58:709]	[SEND] STATUS
[02:12:58:761]	[RECV] A
[02:12:58:762]	[RECV] S7350142B
[02:12:58:763]	[OPER] ----- Result : Completed, Description : 
[02:13:02:463]	[RECV] C00000020
[02:13:17:567]	[RECV] C00000010
[02:14:05:854]	[OPER] ----- Clamp -----
[02:14:05:854]	[SEND] RESET
[02:14:05:897]	[RECV] A
[02:14:05:898]	[RECV] O
[02:14:05:901]	[SEND] POD_LOCK ON
[02:14:05:955]	[RECV] A
[02:14:05:956]	[RECV] O
[02:14:05:959]	[SEND] STATUS
[02:14:06:011]	[RECV] A
[02:14:06:012]	[RECV] S7350142B
[02:14:06:013]	[OPER] ----- Result : Completed, Description : 
[02:14:06:199]	[OPER] ----- Load -----
[02:14:06:199]	[SEND] RESET
[02:14:06:242]	[RECV] A
[02:14:06:243]	[RECV] O
[02:14:06:247]	[SEND] CFG_SLOTS
[02:14:06:296]	[RECV] A
[02:14:06:297]	[RECV] 13
[02:14:06:301]	[SEND] LOAD O
[02:14:06:344]	[RECV] A
[02:14:18:463]	[RECV] M00000000,00000000,00000000
[02:14:18:465]	[SEND] STATUS
[02:14:18:516]	[RECV] A
[02:14:18:517]	[RECV] S33500C27
[02:14:18:519]	[OPER] ----- Result : Completed, Description : 
[15:59:46:562]	[RECV] C01000000
[16:14:25:931]	[OPER] ----- Initialize -----
[16:14:25:931]	[SEND] RESET
[16:14:25:976]	[RECV] A
[16:14:25:979]	[RECV] O
[16:14:25:984]	[SEND] HOM
[16:14:26:025]	[RECV] A
[16:14:41:388]	[RECV] O
[16:14:41:391]	[SEND] STATUS
[16:14:41:443]	[RECV] A
[16:14:41:444]	[RECV] S7350142B
[16:14:41:445]	[OPER] ----- Result : Completed, Description : 
[16:14:41:446]	[OPER] ----- ChangeToCassette -----
[16:14:41:446]	[SEND] RESET
[16:14:41:487]	[RECV] A
[16:14:41:488]	[RECV] O
[16:14:41:492]	[SEND] OC_MODE ON
[16:14:41:539]	[RECV] A
[16:14:41:540]	[RECV] O
[16:14:41:544]	[SEND] STATUS
[16:14:41:596]	[RECV] A
[16:14:41:597]	[RECV] S7350142B
[16:14:41:598]	[OPER] ----- Result : Completed, Description : 
[16:28:56:541]	[RECV] C00000020
[16:29:08:213]	[RECV] C00000010
