[11:01:09:503]	[OPER] ----- Initialize -----
[11:01:09:503]	[SEND] RESET
[11:01:09:551]	[RECV] A
[11:01:09:552]	[RECV] O
[11:01:09:556]	[SEND] HOM
[11:01:09:598]	[RECV] A
[11:01:26:853]	[RECV] O
[11:01:26:856]	[SEND] STATUS
[11:01:26:908]	[RECV] A
[11:01:26:909]	[RECV] S7150142B
[11:01:26:910]	[OPER] ----- Result : Completed, Description : 
[11:01:26:911]	[OPER] ----- ChangeToFoup -----
[11:01:26:911]	[SEND] RESET
[11:01:26:953]	[RECV] A
[11:01:26:954]	[RECV] O
[11:01:26:957]	[SEND] OC_MODE OFF
[11:01:27:006]	[RECV] A
[11:01:27:007]	[RECV] O
[11:01:27:011]	[SEND] STATUS
[11:01:27:062]	[RECV] A
[11:01:27:063]	[RECV] S7150142B
[11:01:27:064]	[OPER] ----- Result : Completed, Description : 
[11:01:32:785]	[OPER] ----- Clamp -----
[11:01:32:785]	[SEND] RESET
[11:01:32:828]	[RECV] A
[11:01:32:829]	[RECV] O
[11:01:32:833]	[SEND] POD_LOCK ON
[11:01:32:880]	[RECV] A
[11:01:33:526]	[RECV] O
[11:01:33:530]	[SEND] STATUS
[11:01:33:583]	[RECV] A
[11:01:33:584]	[RECV] S7150122B
[11:01:33:586]	[OPER] ----- Result : Completed, Description : 
[11:01:34:145]	[OPER] ----- Load -----
[11:01:34:145]	[SEND] RESET
[11:01:34:188]	[RECV] A
[11:01:34:189]	[RECV] O
[11:01:34:193]	[SEND] CFG_SLOTS
[11:01:34:241]	[RECV] A
[11:01:34:242]	[RECV] 13
[11:01:34:245]	[SEND] LOAD M
[11:01:34:287]	[RECV] A
[11:01:47:918]	[RECV] M00000000,00000000,00000000
[11:01:47:921]	[SEND] STATUS
[11:01:47:973]	[RECV] A
[11:01:47:974]	[RECV] S31500A27
[11:01:47:975]	[OPER] ----- Result : Completed, Description : 
[11:08:02:240]	[OPER] ----- Unload -----
[11:08:02:240]	[SEND] RESET
[11:08:02:283]	[RECV] A
[11:08:02:285]	[RECV] O
[11:08:02:289]	[SEND] CFG_SLOTS
[11:08:02:337]	[RECV] A
[11:08:02:338]	[RECV] 13
[11:08:02:341]	[SEND] UNLOAD M
[11:08:02:384]	[RECV] A
[11:08:11:559]	[RECV] M00000000,00000000,00000000
[11:08:11:562]	[SEND] STATUS
[11:08:11:614]	[RECV] A
[11:08:11:615]	[RECV] S7150142B
[11:08:11:616]	[OPER] ----- Result : Completed, Description : 
[11:08:13:633]	[OPER] ----- Clamp -----
[11:08:13:633]	[SEND] RESET
[11:08:13:676]	[RECV] A
[11:08:13:677]	[RECV] O
[11:08:13:681]	[SEND] POD_LOCK ON
[11:08:13:728]	[RECV] A
[11:08:14:203]	[RECV] O
[11:08:14:206]	[SEND] STATUS
[11:08:14:259]	[RECV] A
[11:08:14:260]	[RECV] S7150122B
[11:08:14:263]	[OPER] ----- Result : Completed, Description : 
[11:08:14:538]	[OPER] ----- Load -----
[11:08:14:538]	[SEND] RESET
[11:08:14:580]	[RECV] A
[11:08:14:581]	[RECV] O
[11:08:14:585]	[SEND] CFG_SLOTS
[11:08:14:634]	[RECV] A
[11:08:14:635]	[RECV] 13
[11:08:14:640]	[SEND] LOAD M
[11:08:14:681]	[RECV] A
[11:08:28:241]	[RECV] M00000000,00000000,00000000
[11:08:28:244]	[SEND] STATUS
[11:08:28:297]	[RECV] A
[11:08:28:298]	[RECV] S31500A27
[11:08:28:300]	[OPER] ----- Result : Completed, Description : 
[11:13:25:844]	[OPER] ----- Unload -----
[11:13:25:844]	[SEND] RESET
[11:13:25:886]	[RECV] A
[11:13:25:887]	[RECV] O
[11:13:25:891]	[SEND] CFG_SLOTS
[11:13:25:939]	[RECV] A
[11:13:25:940]	[RECV] 13
[11:13:25:943]	[SEND] UNLOAD M
[11:13:25:987]	[RECV] A
[11:13:35:165]	[RECV] M00000000,00000000,00000000
[11:13:35:168]	[SEND] STATUS
[11:13:35:220]	[RECV] A
[11:13:35:221]	[RECV] S7150142B
[11:13:35:222]	[OPER] ----- Result : Completed, Description : 
[11:13:37:237]	[OPER] ----- Clamp -----
[11:13:37:237]	[SEND] RESET
[11:13:37:279]	[RECV] A
[11:13:37:280]	[RECV] O
[11:13:37:283]	[SEND] POD_LOCK ON
[11:13:37:330]	[RECV] A
[11:13:37:815]	[RECV] O
[11:13:37:819]	[SEND] STATUS
[11:13:37:870]	[RECV] A
[11:13:37:871]	[RECV] S7150122B
[11:13:37:872]	[OPER] ----- Result : Completed, Description : 
[11:13:38:146]	[OPER] ----- Load -----
[11:13:38:146]	[SEND] RESET
[11:13:38:190]	[RECV] A
[11:13:38:191]	[RECV] O
[11:13:38:194]	[SEND] CFG_SLOTS
[11:13:38:241]	[RECV] A
[11:13:38:242]	[RECV] 13
[11:13:38:245]	[SEND] LOAD M
[11:13:38:288]	[RECV] A
[11:13:51:833]	[RECV] M00000000,00000000,00000000
[11:13:51:837]	[SEND] STATUS
[11:13:51:889]	[RECV] A
[11:13:51:890]	[RECV] S31500A27
[11:13:51:891]	[OPER] ----- Result : Completed, Description : 
[16:30:45:260]	[OPER] ----- Initialize -----
[16:30:45:260]	[SEND] RESET
[16:30:45:307]	[RECV] A
[16:30:45:308]	[RECV] O
[16:30:45:312]	[SEND] HOM
[16:30:45:354]	[RECV] A
[16:30:57:886]	[RECV] E22 Wafer Protude
[16:30:57:887]	[OPER] ----- Result : Error, Description : E22 Wafer Protude
[16:32:41:785]	[RECV] A
[16:32:41:786]	[RECV] O
[16:32:46:684]	[RECV] A
[16:32:46:685]	[RECV] E9 Error Not Cleared
[16:32:51:520]	[RECV] A
[16:32:51:521]	[RECV] O
[16:32:55:862]	[RECV] A
[16:32:56:345]	[RECV] O
[16:33:01:100]	[RECV] C00000020
[16:34:04:392]	[RECV] A
[16:34:04:897]	[RECV] O
[16:34:39:482]	[RECV] A
[16:34:39:994]	[RECV] O
[16:36:31:948]	[RECV] A
[16:36:31:949]	[RECV] ON
[16:37:35:295]	[RECV] A
[16:37:35:801]	[RECV] O
[16:38:08:912]	[RECV] C01000000
[16:39:02:613]	[RECV] A
[16:39:02:614]	[RECV] E9 Error Not Cleared
[16:39:07:852]	[RECV] A
[16:39:07:853]	[RECV] O
[16:39:07:854]	[RECV] C01000000
[16:39:11:774]	[RECV] A
[16:39:11:775]	[RECV] E9 Error Not Cleared
[16:39:16:090]	[RECV] A
[16:39:16:091]	[RECV] O
[16:39:16:092]	[RECV] C01000000
[16:39:46:201]	[RECV] A
[16:39:46:202]	[RECV] O
[16:39:49:712]	[RECV] A
[16:39:51:457]	[RECV] O
[16:40:17:579]	[RECV] A
[16:40:18:712]	[RECV] O
[16:40:32:581]	[RECV] A
[16:40:33:615]	[RECV] O
[16:40:39:012]	[RECV] A
[16:40:59:876]	[RECV] O
[16:41:28:081]	[RECV] A
[16:41:28:082]	[RECV] O
[16:42:04:266]	[OPER] ----- Initialize -----
[16:42:04:266]	[SEND] RESET
[16:42:04:312]	[RECV] A
[16:42:04:313]	[RECV] O
[16:42:04:317]	[SEND] HOM
[16:42:04:357]	[RECV] A
[16:42:21:580]	[RECV] O
[16:42:21:583]	[SEND] STATUS
[16:42:21:636]	[RECV] A
[16:42:21:637]	[RECV] S4150142B
[16:42:21:639]	[OPER] ----- Result : Completed, Description : 
[16:42:21:640]	[OPER] ----- ChangeToFoup -----
[16:42:21:640]	[SEND] RESET
[16:42:21:683]	[RECV] A
[16:42:21:684]	[RECV] O
[16:42:21:688]	[SEND] OC_MODE OFF
[16:42:21:736]	[RECV] A
[16:42:21:737]	[RECV] O
[16:42:21:740]	[SEND] STATUS
[16:42:21:792]	[RECV] A
[16:42:21:793]	[RECV] S4150142B
[16:42:21:795]	[OPER] ----- Result : Completed, Description : 
[16:42:29:888]	[RECV] C00000010
[16:42:32:082]	[RECV] C00000004
[16:42:33:782]	[OPER] ----- Clamp -----
[16:42:33:782]	[SEND] RESET
[16:42:33:825]	[RECV] A
[16:42:33:826]	[RECV] O
[16:42:33:830]	[SEND] POD_LOCK ON
[16:42:33:883]	[RECV] A
[16:42:33:884]	[RECV] O
[16:42:33:887]	[SEND] STATUS
[16:42:33:939]	[RECV] A
[16:42:33:940]	[RECV] S7150122B
[16:42:33:941]	[OPER] ----- Result : Completed, Description : 
[16:42:34:613]	[OPER] ----- Load -----
[16:42:34:614]	[SEND] RESET
[16:42:34:656]	[RECV] A
[16:42:34:657]	[RECV] O
[16:42:34:660]	[SEND] CFG_SLOTS
[16:42:34:708]	[RECV] A
[16:42:34:709]	[RECV] 13
[16:42:34:712]	[SEND] LOAD M
[16:42:34:754]	[RECV] A
[16:42:48:434]	[RECV] M00000000,00000000,00000000
[16:42:48:441]	[SEND] STATUS
[16:42:48:492]	[RECV] A
[16:42:48:493]	[RECV] S31500A27
[16:42:48:494]	[OPER] ----- Result : Completed, Description : 
[16:42:51:787]	[RECV] C00000008
[16:42:53:475]	[OPER] ----- Unload -----
[16:42:53:475]	[SEND] RESET
[16:42:53:518]	[RECV] A
[16:42:53:519]	[RECV] O
[16:42:53:523]	[SEND] CFG_SLOTS
[16:42:53:571]	[RECV] A
[16:42:53:572]	[RECV] 13
[16:42:53:575]	[SEND] UNLOAD M
[16:42:53:618]	[RECV] A
[16:43:02:840]	[RECV] M00000000,00000000,00000000
[16:43:02:843]	[SEND] STATUS
[16:43:02:894]	[RECV] A
[16:43:02:895]	[RECV] S7150142B
[16:43:02:897]	[OPER] ----- Result : Completed, Description : 
[16:43:14:707]	[OPER] ----- Clamp -----
[16:43:14:707]	[SEND] RESET
[16:43:14:753]	[RECV] A
[16:43:14:754]	[RECV] O
[16:43:14:758]	[SEND] POD_LOCK ON
[16:43:14:806]	[RECV] A
[16:43:15:282]	[RECV] O
[16:43:15:286]	[SEND] STATUS
[16:43:15:338]	[RECV] A
[16:43:15:339]	[RECV] S7150122B
[16:43:15:340]	[OPER] ----- Result : Completed, Description : 
[16:43:15:616]	[OPER] ----- Load -----
[16:43:15:616]	[SEND] RESET
[16:43:15:658]	[RECV] A
[16:43:15:660]	[RECV] O
[16:43:15:664]	[SEND] CFG_SLOTS
[16:43:15:712]	[RECV] A
[16:43:15:713]	[RECV] 13
[16:43:15:716]	[SEND] LOAD M
[16:43:15:757]	[RECV] A
[16:43:29:383]	[RECV] M00000000,00000000,00000000
[16:43:29:386]	[SEND] STATUS
[16:43:29:439]	[RECV] A
[16:43:29:440]	[RECV] S31500A27
[16:43:29:442]	[OPER] ----- Result : Completed, Description : 
[16:43:29:460]	[OPER] ----- Unload -----
[16:43:29:460]	[SEND] RESET
[16:43:29:503]	[RECV] A
[16:43:29:504]	[RECV] O
[16:43:29:507]	[SEND] CFG_SLOTS
[16:43:29:556]	[RECV] A
[16:43:29:557]	[RECV] 13
[16:43:29:561]	[SEND] UNLOAD M
[16:43:29:604]	[RECV] A
[16:45:36:186]	[OPER] ----- Initialize -----
[16:45:36:186]	[SEND] RESET
[16:45:36:234]	[RECV] A
[16:45:36:235]	[RECV] O
[16:45:36:238]	[SEND] HOM
[16:45:36:280]	[RECV] A
[16:45:53:510]	[RECV] O
[16:45:53:513]	[SEND] STATUS
[16:45:53:565]	[RECV] A
[16:45:53:566]	[RECV] S7150142B
[16:45:53:567]	[OPER] ----- Result : Completed, Description : 
[16:45:53:568]	[OPER] ----- ChangeToFoup -----
[16:45:53:568]	[SEND] RESET
[16:45:53:612]	[RECV] A
[16:45:53:613]	[RECV] O
[16:45:53:616]	[SEND] OC_MODE OFF
[16:45:53:667]	[RECV] A
[16:45:53:668]	[RECV] O
[16:45:53:672]	[SEND] STATUS
[16:45:53:724]	[RECV] A
[16:45:53:725]	[RECV] S7150142B
[16:45:53:725]	[OPER] ----- Result : Completed, Description : 
[16:46:09:401]	[OPER] ----- Clamp -----
[16:46:09:401]	[SEND] RESET
[16:46:09:444]	[RECV] A
[16:46:09:445]	[RECV] O
[16:46:09:449]	[SEND] POD_LOCK ON
[16:46:09:495]	[RECV] A
[16:46:09:982]	[RECV] O
[16:46:09:986]	[SEND] STATUS
[16:46:10:038]	[RECV] A
[16:46:10:039]	[RECV] S7150122B
[16:46:10:040]	[OPER] ----- Result : Completed, Description : 
[16:46:10:601]	[OPER] ----- Load -----
[16:46:10:601]	[SEND] RESET
[16:46:10:644]	[RECV] A
[16:46:10:645]	[RECV] O
[16:46:10:649]	[SEND] CFG_SLOTS
[16:46:10:697]	[RECV] A
[16:46:10:698]	[RECV] 13
[16:46:10:701]	[SEND] LOAD M
[16:46:10:747]	[RECV] A
[16:46:24:387]	[RECV] M00000000,00000000,00000000
[16:46:24:390]	[SEND] STATUS
[16:46:24:442]	[RECV] A
[16:46:24:443]	[RECV] S31500A27
[16:46:24:444]	[OPER] ----- Result : Completed, Description : 
[16:46:24:461]	[OPER] ----- Unload -----
[16:46:24:461]	[SEND] RESET
[16:46:24:503]	[RECV] A
[16:46:24:504]	[RECV] O
[16:46:24:507]	[SEND] CFG_SLOTS
[16:46:24:555]	[RECV] A
[16:46:24:556]	[RECV] 13
[16:46:24:560]	[SEND] UNLOAD M
[16:46:24:603]	[RECV] A
[16:46:33:821]	[RECV] M00000000,00000000,00000000
[16:46:33:825]	[SEND] STATUS
[16:46:33:876]	[RECV] A
[16:46:33:877]	[RECV] S7150142B
[16:46:33:879]	[OPER] ----- Result : Completed, Description : 
[16:46:56:023]	[OPER] ----- Clamp -----
[16:46:56:023]	[SEND] RESET
[16:46:56:065]	[RECV] A
[16:46:56:066]	[RECV] O
[16:46:56:070]	[SEND] POD_LOCK ON
[16:46:56:117]	[RECV] A
[16:46:56:594]	[RECV] O
[16:46:56:597]	[SEND] STATUS
[16:46:56:650]	[RECV] A
[16:46:56:652]	[RECV] S7150122B
[16:46:56:654]	[OPER] ----- Result : Completed, Description : 
[16:46:56:929]	[OPER] ----- Load -----
[16:46:56:929]	[SEND] RESET
[16:46:56:972]	[RECV] A
[16:46:56:973]	[RECV] O
[16:46:56:977]	[SEND] CFG_SLOTS
[16:46:57:026]	[RECV] A
[16:46:57:027]	[RECV] 13
[16:46:57:030]	[SEND] LOAD M
[16:46:57:073]	[RECV] A
[16:47:10:714]	[RECV] M00000000,00000000,00000000
[16:47:10:718]	[SEND] STATUS
[16:47:10:770]	[RECV] A
[16:47:10:771]	[RECV] S31500A27
[16:47:10:772]	[OPER] ----- Result : Completed, Description : 
[16:47:10:785]	[OPER] ----- Unload -----
[16:47:10:785]	[SEND] RESET
[16:47:10:828]	[RECV] A
[16:47:10:829]	[RECV] O
[16:47:10:833]	[SEND] CFG_SLOTS
[16:47:10:881]	[RECV] A
[16:47:10:882]	[RECV] 13
[16:47:10:885]	[SEND] UNLOAD M
[16:47:10:930]	[RECV] A
[16:47:20:147]	[RECV] M00000000,00000000,00000000
[16:47:20:248]	[SEND] STATUS
[16:47:20:311]	[RECV] A
[16:47:20:313]	[RECV] S7150142B
[16:47:20:314]	[OPER] ----- Result : Completed, Description : 
[16:49:34:935]	[OPER] ----- Clamp -----
[16:49:34:935]	[SEND] RESET
[16:49:34:977]	[RECV] A
[16:49:34:978]	[RECV] O
[16:49:34:982]	[SEND] POD_LOCK ON
[16:49:35:030]	[RECV] A
[16:49:35:533]	[RECV] O
[16:49:35:536]	[SEND] STATUS
[16:49:35:589]	[RECV] A
[16:49:35:590]	[RECV] S7150122B
[16:49:35:592]	[OPER] ----- Result : Completed, Description : 
[16:49:35:865]	[OPER] ----- Load -----
[16:49:35:865]	[SEND] RESET
[16:49:35:908]	[RECV] A
[16:49:35:909]	[RECV] O
[16:49:35:913]	[SEND] CFG_SLOTS
[16:49:35:962]	[RECV] A
[16:49:35:963]	[RECV] 13
[16:49:35:966]	[SEND] LOAD M
[16:49:36:008]	[RECV] A
[16:49:49:662]	[RECV] M00000000,00000000,00000000
[16:49:49:665]	[SEND] STATUS
[16:49:49:717]	[RECV] A
[16:49:49:718]	[RECV] S31500A27
[16:49:49:719]	[OPER] ----- Result : Completed, Description : 
[16:49:49:733]	[OPER] ----- Unload -----
[16:49:49:733]	[SEND] RESET
[16:49:49:776]	[RECV] A
[16:49:49:777]	[RECV] O
[16:49:49:780]	[SEND] CFG_SLOTS
[16:49:49:827]	[RECV] A
[16:49:49:828]	[RECV] 13
[16:49:49:832]	[SEND] UNLOAD M
[16:49:49:877]	[RECV] A
[16:50:00:452]	[RECV] M00000000,00000000,00000000
[16:51:27:835]	[SEND] STATUS
[16:51:27:837]	[OPER] ----- Result : Timeout, Description : 
[16:51:27:897]	[RECV] A
[16:51:27:898]	[RECV] S7150142B
[16:53:47:682]	[OPER] ----- Initialize -----
[16:53:47:682]	[SEND] RESET
[16:53:47:728]	[RECV] A
[16:53:47:729]	[RECV] O
[16:53:47:732]	[SEND] HOM
[16:53:47:772]	[RECV] A
[16:54:05:008]	[RECV] O
[16:54:05:011]	[SEND] STATUS
[16:54:05:063]	[RECV] A
[16:54:05:064]	[RECV] S7150142B
[16:54:05:065]	[OPER] ----- Result : Completed, Description : 
[16:54:05:066]	[OPER] ----- ChangeToFoup -----
[16:54:05:066]	[SEND] RESET
[16:54:05:108]	[RECV] A
[16:54:05:109]	[RECV] O
[16:54:05:113]	[SEND] OC_MODE OFF
[16:54:05:161]	[RECV] A
[16:54:05:162]	[RECV] O
[16:54:05:165]	[SEND] STATUS
[16:54:05:217]	[RECV] A
[16:54:05:218]	[RECV] S7150142B
[16:54:05:219]	[OPER] ----- Result : Completed, Description : 
[16:54:30:692]	[OPER] ----- Clamp -----
[16:54:30:692]	[SEND] RESET
[16:54:30:737]	[RECV] A
[16:54:30:738]	[RECV] O
[16:54:30:742]	[SEND] POD_LOCK ON
[16:54:30:788]	[RECV] A
[16:54:31:276]	[RECV] O
[16:54:31:279]	[SEND] STATUS
[16:54:31:332]	[RECV] A
[16:54:31:333]	[RECV] S7150122B
[16:54:31:335]	[OPER] ----- Result : Completed, Description : 
[16:54:31:894]	[OPER] ----- Load -----
[16:54:31:894]	[SEND] RESET
[16:54:31:937]	[RECV] A
[16:54:31:939]	[RECV] O
[16:54:31:942]	[SEND] CFG_SLOTS
[16:54:31:989]	[RECV] A
[16:54:31:992]	[RECV] 13
[16:54:31:996]	[SEND] LOAD M
[16:54:32:037]	[RECV] A
[16:55:29:197]	[OPER] ----- Result : Timeout, Description : 
[16:55:29:371]	[RECV] M00000000,00000000,00000000
[16:55:35:452]	[OPER] ----- Unload -----
[16:55:35:452]	[SEND] RESET
[16:55:35:502]	[RECV] A
[16:55:35:503]	[RECV] O
[16:55:35:505]	[SEND] CFG_SLOTS
[16:55:35:554]	[RECV] A
[16:55:35:555]	[RECV] 13
[16:55:35:558]	[SEND] UNLOAD M
[16:55:35:605]	[RECV] A
[16:55:44:846]	[RECV] M00000000,00000000,00000000
[16:55:44:850]	[SEND] STATUS
[16:55:44:903]	[RECV] A
[16:55:44:904]	[RECV] S7150142B
[16:55:44:906]	[OPER] ----- Result : Completed, Description : 
[16:55:58:898]	[OPER] ----- Clamp -----
[16:55:58:898]	[SEND] RESET
[16:55:58:941]	[RECV] A
[16:55:58:942]	[RECV] O
[16:55:58:946]	[SEND] POD_LOCK ON
[16:55:58:992]	[RECV] A
[16:55:59:471]	[RECV] O
[16:55:59:474]	[SEND] STATUS
[16:55:59:526]	[RECV] A
[16:55:59:527]	[RECV] S7150122B
[16:55:59:528]	[OPER] ----- Result : Completed, Description : 
[16:55:59:803]	[OPER] ----- Load -----
[16:55:59:803]	[SEND] RESET
[16:55:59:846]	[RECV] A
[16:55:59:847]	[RECV] O
[16:55:59:850]	[SEND] CFG_SLOTS
[16:55:59:897]	[RECV] A
[16:55:59:899]	[RECV] 13
[16:55:59:902]	[SEND] LOAD M
[16:55:59:944]	[RECV] A
[16:56:13:596]	[RECV] M00000000,00000000,00000000
[16:56:13:600]	[SEND] STATUS
[16:56:13:654]	[RECV] A
[16:56:13:655]	[RECV] S31500A27
[16:56:13:658]	[OPER] ----- Result : Completed, Description : 
[16:56:13:671]	[OPER] ----- Unload -----
[16:56:13:671]	[SEND] RESET
[16:56:13:713]	[RECV] A
[16:56:13:714]	[RECV] O
[16:56:13:717]	[SEND] CFG_SLOTS
[16:56:13:764]	[RECV] A
[16:56:13:765]	[RECV] 13
[16:56:13:768]	[SEND] UNLOAD M
[16:56:13:811]	[RECV] A
[16:56:23:030]	[RECV] M00000000,00000000,00000000
[16:56:25:978]	[SEND] STATUS
[16:56:26:042]	[RECV] A
[16:56:26:043]	[RECV] S7150142B
[16:56:26:045]	[OPER] ----- Result : Completed, Description : 
[16:56:48:310]	[OPER] ----- Clamp -----
[16:56:48:310]	[SEND] RESET
[16:56:48:353]	[RECV] A
[16:56:48:354]	[RECV] O
[16:56:48:357]	[SEND] POD_LOCK ON
[16:56:48:404]	[RECV] A
[16:56:48:911]	[RECV] O
[16:56:48:915]	[SEND] STATUS
[16:56:48:966]	[RECV] A
[16:56:48:967]	[RECV] S7150122B
[16:56:48:968]	[OPER] ----- Result : Completed, Description : 
[16:56:49:246]	[OPER] ----- Load -----
[16:56:49:246]	[SEND] RESET
[16:56:49:289]	[RECV] A
[16:56:49:290]	[RECV] O
[16:56:49:294]	[SEND] CFG_SLOTS
[16:56:49:342]	[RECV] A
[16:56:49:343]	[RECV] 13
[16:56:49:347]	[SEND] LOAD M
[16:56:49:389]	[RECV] A
[16:57:03:039]	[RECV] M00000000,00000000,00000000
[16:57:03:042]	[SEND] STATUS
[16:57:03:094]	[RECV] A
[16:57:03:095]	[RECV] S31500A27
[16:57:03:096]	[OPER] ----- Result : Completed, Description : 
[16:57:03:110]	[OPER] ----- Unload -----
[16:57:03:110]	[SEND] RESET
[16:57:03:152]	[RECV] A
[16:57:03:153]	[RECV] O
[16:57:03:157]	[SEND] CFG_SLOTS
[16:57:03:206]	[RECV] A
[16:57:03:207]	[RECV] 13
[16:57:03:211]	[SEND] UNLOAD M
[16:57:03:254]	[RECV] A
[16:57:12:470]	[RECV] M00000000,00000000,00000000
[16:57:19:538]	[SEND] STATUS
[16:57:19:599]	[RECV] A
[16:57:19:600]	[RECV] S7150142B
[16:57:19:602]	[OPER] ----- Result : Completed, Description : 
[16:57:58:520]	[OPER] ----- Clamp -----
[16:57:58:520]	[SEND] RESET
[16:57:58:564]	[RECV] A
[16:57:58:565]	[RECV] O
[16:57:58:568]	[SEND] POD_LOCK ON
[16:57:58:617]	[RECV] A
[16:57:59:109]	[RECV] O
[16:57:59:113]	[SEND] STATUS
[16:57:59:166]	[RECV] A
[16:57:59:167]	[RECV] S7150122B
[16:57:59:169]	[OPER] ----- Result : Completed, Description : 
[16:57:59:446]	[OPER] ----- Load -----
[16:57:59:446]	[SEND] RESET
[16:57:59:490]	[RECV] A
[16:57:59:491]	[RECV] O
[16:57:59:494]	[SEND] CFG_SLOTS
[16:57:59:543]	[RECV] A
[16:57:59:544]	[RECV] 13
[16:57:59:548]	[SEND] LOAD M
[16:57:59:590]	[RECV] A
[16:58:13:244]	[RECV] M00000000,00000000,00000000
[16:58:13:248]	[SEND] STATUS
[16:58:13:300]	[RECV] A
[16:58:13:301]	[RECV] S31500A27
[16:58:13:302]	[OPER] ----- Result : Completed, Description : 
[16:58:13:315]	[OPER] ----- Unload -----
[16:58:13:315]	[SEND] RESET
[16:58:13:358]	[RECV] A
[16:58:13:359]	[RECV] O
[16:58:13:363]	[SEND] CFG_SLOTS
[16:58:13:411]	[RECV] A
[16:58:13:412]	[RECV] 13
[16:58:13:415]	[SEND] UNLOAD M
[16:58:13:458]	[RECV] A
[16:58:22:686]	[RECV] M00000000,00000000,00000000
[16:58:33:471]	[SEND] STATUS
[16:58:33:533]	[RECV] A
[16:58:33:534]	[RECV] S7150142B
[16:58:33:535]	[OPER] ----- Result : Completed, Description : 
[17:02:16:322]	[OPER] ----- Initialize -----
[17:02:16:322]	[SEND] RESET
[17:02:16:369]	[RECV] A
[17:02:16:370]	[RECV] O
[17:02:16:374]	[SEND] HOM
[17:02:16:417]	[RECV] A
[17:02:33:640]	[RECV] O
[17:02:33:643]	[SEND] STATUS
[17:02:33:695]	[RECV] A
[17:02:33:696]	[RECV] S7150142B
[17:02:33:697]	[OPER] ----- Result : Completed, Description : 
[17:02:33:698]	[OPER] ----- ChangeToFoup -----
[17:02:33:698]	[SEND] RESET
[17:02:33:740]	[RECV] A
[17:02:33:741]	[RECV] O
[17:02:33:744]	[SEND] OC_MODE OFF
[17:02:33:793]	[RECV] A
[17:02:33:794]	[RECV] O
[17:02:33:798]	[SEND] STATUS
[17:02:33:850]	[RECV] A
[17:02:33:851]	[RECV] S7150142B
[17:02:33:852]	[OPER] ----- Result : Completed, Description : 
[17:02:54:354]	[OPER] ----- Clamp -----
[17:02:54:354]	[SEND] RESET
[17:02:54:397]	[RECV] A
[17:02:54:398]	[RECV] O
[17:02:54:401]	[SEND] POD_LOCK ON
[17:02:54:447]	[RECV] A
[17:02:54:939]	[RECV] O
[17:02:54:942]	[SEND] STATUS
[17:02:54:995]	[RECV] A
[17:02:54:996]	[RECV] S7150122B
[17:02:54:997]	[OPER] ----- Result : Completed, Description : 
[17:02:55:561]	[OPER] ----- Load -----
[17:02:55:561]	[SEND] RESET
[17:02:55:603]	[RECV] A
[17:02:55:604]	[RECV] O
[17:02:55:607]	[SEND] CFG_SLOTS
[17:02:55:655]	[RECV] A
[17:02:55:656]	[RECV] 13
[17:02:55:659]	[SEND] LOAD M
[17:02:55:700]	[RECV] A
[17:03:09:377]	[RECV] M00000000,00000000,00000000
[17:03:09:381]	[SEND] STATUS
[17:03:09:434]	[RECV] A
[17:03:09:435]	[RECV] S31500A27
[17:03:09:437]	[OPER] ----- Result : Completed, Description : 
[17:03:09:454]	[OPER] ----- Unload -----
[17:03:09:454]	[SEND] RESET
[17:03:09:495]	[RECV] A
[17:03:09:496]	[RECV] O
[17:03:09:499]	[SEND] CFG_SLOTS
[17:03:09:547]	[RECV] A
[17:03:09:549]	[RECV] 13
[17:03:09:552]	[SEND] UNLOAD M
[17:03:09:596]	[RECV] A
[17:06:30:899]	[OPER] ----- Initialize -----
[17:06:30:899]	[SEND] RESET
[17:06:30:946]	[RECV] A
[17:06:30:947]	[RECV] O
[17:06:30:951]	[SEND] HOM
[17:06:30:993]	[RECV] A
[17:06:48:224]	[RECV] O
[17:06:48:227]	[SEND] STATUS
[17:06:48:278]	[RECV] A
[17:06:48:279]	[RECV] S7150142B
[17:06:48:280]	[OPER] ----- Result : Completed, Description : 
[17:06:48:281]	[OPER] ----- ChangeToFoup -----
[17:06:48:281]	[SEND] RESET
[17:06:48:323]	[RECV] A
[17:06:48:324]	[RECV] O
[17:06:48:327]	[SEND] OC_MODE OFF
[17:06:48:377]	[RECV] A
[17:06:48:378]	[RECV] O
[17:06:48:382]	[SEND] STATUS
[17:06:48:433]	[RECV] A
[17:06:48:434]	[RECV] S7150142B
[17:06:48:436]	[OPER] ----- Result : Completed, Description : 
[17:07:12:225]	[OPER] ----- Clamp -----
[17:07:12:225]	[SEND] RESET
[17:07:12:270]	[RECV] A
[17:07:12:271]	[RECV] O
[17:07:12:274]	[SEND] POD_LOCK ON
[17:07:12:322]	[RECV] A
[17:07:12:814]	[RECV] O
[17:07:12:817]	[SEND] STATUS
[17:07:12:870]	[RECV] A
[17:07:12:871]	[RECV] S7150122B
[17:07:12:872]	[OPER] ----- Result : Completed, Description : 
[17:07:13:430]	[OPER] ----- Load -----
[17:07:13:430]	[SEND] RESET
[17:07:13:473]	[RECV] A
[17:07:13:474]	[RECV] O
[17:07:13:478]	[SEND] CFG_SLOTS
[17:07:13:527]	[RECV] A
[17:07:13:528]	[RECV] 13
[17:07:13:532]	[SEND] LOAD M
[17:07:13:574]	[RECV] A
[17:07:27:247]	[RECV] M00000000,00000000,00000000
[17:07:27:250]	[SEND] STATUS
[17:07:27:303]	[RECV] A
[17:07:27:304]	[RECV] S31500A27
[17:07:27:305]	[OPER] ----- Result : Completed, Description : 
[17:07:27:322]	[OPER] ----- Unload -----
[17:07:27:322]	[SEND] RESET
[17:07:27:365]	[RECV] A
[17:07:27:366]	[RECV] O
[17:07:27:370]	[SEND] CFG_SLOTS
[17:07:27:418]	[RECV] A
[17:07:27:420]	[RECV] 13
[17:07:27:424]	[SEND] UNLOAD M
[17:07:27:469]	[RECV] A
[17:07:36:690]	[RECV] M00000000,00000000,00000000
[17:07:36:694]	[SEND] STATUS
[17:07:36:746]	[RECV] A
[17:07:36:747]	[RECV] S7150142B
[17:07:36:748]	[OPER] ----- Result : Completed, Description : 
[17:07:38:769]	[OPER] ----- Clamp -----
[17:07:38:769]	[SEND] RESET
[17:07:38:812]	[RECV] A
[17:07:38:813]	[RECV] O
[17:07:38:817]	[SEND] POD_LOCK ON
[17:07:38:865]	[RECV] A
[17:07:39:356]	[RECV] O
[17:07:39:359]	[SEND] STATUS
[17:07:39:412]	[RECV] A
[17:07:39:413]	[RECV] S7150122B
[17:07:39:414]	[OPER] ----- Result : Completed, Description : 
[17:07:39:690]	[OPER] ----- Load -----
[17:07:39:690]	[SEND] RESET
[17:07:39:733]	[RECV] A
[17:07:39:734]	[RECV] O
[17:07:39:738]	[SEND] CFG_SLOTS
[17:07:39:787]	[RECV] A
[17:07:39:788]	[RECV] 13
[17:07:39:792]	[SEND] LOAD M
[17:07:39:833]	[RECV] A
[17:07:53:473]	[RECV] M00000000,00000000,00000000
[17:07:53:476]	[SEND] STATUS
[17:07:53:530]	[RECV] A
[17:07:53:531]	[RECV] S31500A27
[17:07:53:533]	[OPER] ----- Result : Completed, Description : 
[17:07:55:559]	[OPER] ----- Unload -----
[17:07:55:559]	[SEND] RESET
[17:07:55:602]	[RECV] A
[17:07:55:603]	[RECV] O
[17:07:55:606]	[SEND] CFG_SLOTS
[17:07:55:655]	[RECV] A
[17:07:55:656]	[RECV] 13
[17:07:55:660]	[SEND] UNLOAD M
[17:07:55:704]	[RECV] A
[17:08:04:932]	[RECV] M00000000,00000000,00000000
[17:08:04:936]	[SEND] STATUS
[17:08:04:989]	[RECV] A
[17:08:04:990]	[RECV] S7150142B
[17:08:04:991]	[OPER] ----- Result : Completed, Description : 
[17:08:07:014]	[OPER] ----- Clamp -----
[17:08:07:014]	[SEND] RESET
[17:08:07:057]	[RECV] A
[17:08:07:058]	[RECV] O
[17:08:07:062]	[SEND] POD_LOCK ON
[17:08:07:110]	[RECV] A
[17:08:07:603]	[RECV] O
[17:08:07:607]	[SEND] STATUS
[17:08:07:660]	[RECV] A
[17:08:07:662]	[RECV] S7150122B
[17:08:07:664]	[OPER] ----- Result : Completed, Description : 
[17:08:07:938]	[OPER] ----- Load -----
[17:08:07:938]	[SEND] RESET
[17:08:07:982]	[RECV] A
[17:08:07:983]	[RECV] O
[17:08:07:987]	[SEND] CFG_SLOTS
[17:08:08:036]	[RECV] A
[17:08:08:037]	[RECV] 13
[17:08:08:042]	[SEND] LOAD M
[17:08:08:085]	[RECV] A
[17:08:21:716]	[RECV] M00000000,00000000,00000000
[17:08:21:720]	[SEND] STATUS
[17:08:21:772]	[RECV] A
[17:08:21:773]	[RECV] S31500A27
[17:08:21:774]	[OPER] ----- Result : Completed, Description : 
[17:08:25:930]	[OPER] ----- Unload -----
[17:08:25:930]	[SEND] RESET
[17:08:25:984]	[RECV] A
[17:08:25:986]	[RECV] O
[17:08:25:990]	[SEND] CFG_SLOTS
[17:08:26:045]	[RECV] A
[17:08:26:046]	[RECV] 13
[17:08:26:049]	[SEND] UNLOAD M
[17:08:26:096]	[RECV] A
[17:08:35:315]	[RECV] M00000000,00000000,00000000
[17:08:35:318]	[SEND] STATUS
[17:08:35:371]	[RECV] A
[17:08:35:372]	[RECV] S7150142B
[17:08:35:374]	[OPER] ----- Result : Completed, Description : 
[17:09:51:099]	[OPER] ----- Initialize -----
[17:09:51:099]	[SEND] RESET
[17:09:51:148]	[RECV] A
[17:09:51:149]	[RECV] O
[17:09:51:153]	[SEND] HOM
[17:09:51:194]	[RECV] A
[17:10:08:425]	[RECV] O
[17:10:08:428]	[SEND] STATUS
[17:10:08:480]	[RECV] A
[17:10:08:481]	[RECV] S7150142B
[17:10:08:482]	[OPER] ----- Result : Completed, Description : 
[17:10:08:483]	[OPER] ----- ChangeToFoup -----
[17:10:08:483]	[SEND] RESET
[17:10:08:525]	[RECV] A
[17:10:08:526]	[RECV] O
[17:10:08:529]	[SEND] OC_MODE OFF
[17:10:08:577]	[RECV] A
[17:10:08:578]	[RECV] O
[17:10:08:583]	[SEND] STATUS
[17:10:08:635]	[RECV] A
[17:10:08:636]	[RECV] S7150142B
[17:10:08:637]	[OPER] ----- Result : Completed, Description : 
[17:13:27:343]	[OPER] ----- Initialize -----
[17:13:27:343]	[SEND] RESET
[17:13:27:390]	[RECV] A
[17:13:27:391]	[RECV] O
[17:13:27:395]	[SEND] HOM
[17:13:27:436]	[RECV] A
[17:13:44:664]	[RECV] O
[17:13:44:667]	[SEND] STATUS
[17:13:44:719]	[RECV] A
[17:13:44:720]	[RECV] S7150142B
[17:13:44:721]	[OPER] ----- Result : Completed, Description : 
[17:13:44:722]	[OPER] ----- ChangeToFoup -----
[17:13:44:722]	[SEND] RESET
[17:13:44:764]	[RECV] A
[17:13:44:765]	[RECV] O
[17:13:44:768]	[SEND] OC_MODE OFF
[17:13:44:817]	[RECV] A
[17:13:44:818]	[RECV] O
[17:13:44:822]	[SEND] STATUS
[17:13:44:872]	[RECV] A
[17:13:44:873]	[RECV] S7150142B
[17:13:44:875]	[OPER] ----- Result : Completed, Description : 
[17:14:03:525]	[OPER] ----- Clamp -----
[17:14:03:525]	[SEND] RESET
[17:14:03:569]	[RECV] A
[17:14:03:570]	[RECV] O
[17:14:03:573]	[SEND] POD_LOCK ON
[17:14:03:620]	[RECV] A
[17:14:04:114]	[RECV] O
[17:14:04:118]	[SEND] STATUS
[17:14:04:169]	[RECV] A
[17:14:04:170]	[RECV] S7150122B
[17:14:04:171]	[OPER] ----- Result : Completed, Description : 
[17:14:04:731]	[OPER] ----- Load -----
[17:14:04:731]	[SEND] RESET
[17:14:04:774]	[RECV] A
[17:14:04:775]	[RECV] O
[17:14:04:779]	[SEND] CFG_SLOTS
[17:14:04:827]	[RECV] A
[17:14:04:828]	[RECV] 13
[17:14:04:831]	[SEND] LOAD M
[17:14:04:873]	[RECV] A
[17:14:18:582]	[RECV] M00000000,00000000,00000000
[17:14:18:585]	[SEND] STATUS
[17:14:18:638]	[RECV] A
[17:14:18:639]	[RECV] S31500A27
[17:14:18:641]	[OPER] ----- Result : Completed, Description : 
[17:14:18:657]	[OPER] ----- Unload -----
[17:14:18:657]	[SEND] RESET
[17:14:18:699]	[RECV] A
[17:14:18:700]	[RECV] O
[17:14:18:704]	[SEND] CFG_SLOTS
[17:14:18:751]	[RECV] A
[17:14:18:752]	[RECV] 13
[17:14:18:756]	[SEND] UNLOAD M
[17:14:18:800]	[RECV] A
[17:14:28:025]	[RECV] M00000000,00000000,00000000
[17:14:28:028]	[SEND] STATUS
[17:14:28:080]	[RECV] A
[17:14:28:081]	[RECV] S7150142B
[17:14:28:082]	[OPER] ----- Result : Completed, Description : 
[17:16:10:064]	[OPER] ----- Clamp -----
[17:16:10:064]	[SEND] RESET
[17:16:10:107]	[RECV] A
[17:16:10:108]	[RECV] O
[17:16:10:111]	[SEND] POD_LOCK ON
[17:16:10:158]	[RECV] A
[17:16:10:658]	[RECV] O
[17:16:10:661]	[SEND] STATUS
[17:16:10:713]	[RECV] A
[17:16:10:714]	[RECV] S7150122B
[17:16:10:715]	[OPER] ----- Result : Completed, Description : 
[17:16:10:990]	[OPER] ----- Load -----
[17:16:10:990]	[SEND] RESET
[17:16:11:032]	[RECV] A
[17:16:11:033]	[RECV] O
[17:16:11:036]	[SEND] CFG_SLOTS
[17:16:11:084]	[RECV] A
[17:16:11:085]	[RECV] 13
[17:16:11:089]	[SEND] LOAD M
[17:16:11:131]	[RECV] A
[17:16:24:827]	[RECV] M00000000,00000000,00000000
[17:16:24:831]	[SEND] STATUS
[17:16:24:882]	[RECV] A
[17:16:24:883]	[RECV] S31500A27
[17:16:24:883]	[OPER] ----- Result : Completed, Description : 
[17:16:24:896]	[OPER] ----- Unload -----
[17:16:24:896]	[SEND] RESET
[17:16:24:939]	[RECV] A
[17:16:24:940]	[RECV] O
[17:16:24:944]	[SEND] CFG_SLOTS
[17:16:24:993]	[RECV] A
[17:16:24:994]	[RECV] 13
[17:16:24:999]	[SEND] UNLOAD M
[17:16:25:043]	[RECV] A
[17:16:34:264]	[RECV] M00000000,00000000,00000000
[17:16:37:016]	[SEND] STATUS
[17:16:37:074]	[RECV] A
[17:16:37:075]	[RECV] S7150142B
[17:16:37:077]	[OPER] ----- Result : Completed, Description : 
[17:17:30:806]	[OPER] ----- Clamp -----
[17:17:30:806]	[SEND] RESET
[17:17:30:849]	[RECV] A
[17:17:30:850]	[RECV] O
[17:17:30:853]	[SEND] POD_LOCK ON
[17:17:30:899]	[RECV] A
[17:17:31:393]	[RECV] O
[17:17:31:397]	[SEND] STATUS
[17:17:31:449]	[RECV] A
[17:17:31:450]	[RECV] S7150122B
[17:17:31:452]	[OPER] ----- Result : Completed, Description : 
[17:17:31:726]	[OPER] ----- Load -----
[17:17:31:726]	[SEND] RESET
[17:17:31:769]	[RECV] A
[17:17:31:770]	[RECV] O
[17:17:31:774]	[SEND] CFG_SLOTS
[17:17:31:821]	[RECV] A
[17:17:31:822]	[RECV] 13
[17:17:31:826]	[SEND] LOAD M
[17:17:31:867]	[RECV] A
[17:17:45:550]	[RECV] M00000000,00000000,00000000
[17:17:45:553]	[SEND] STATUS
[17:17:45:606]	[RECV] A
[17:17:45:607]	[RECV] S31500A27
[17:17:45:609]	[OPER] ----- Result : Completed, Description : 
[17:17:45:622]	[OPER] ----- Unload -----
[17:17:45:622]	[SEND] RESET
[17:17:45:665]	[RECV] A
[17:17:45:666]	[RECV] O
[17:17:45:671]	[SEND] CFG_SLOTS
[17:17:45:720]	[RECV] A
[17:17:45:721]	[RECV] 13
[17:17:45:724]	[SEND] UNLOAD M
[17:17:45:768]	[RECV] A
[17:17:54:985]	[RECV] M00000000,00000000,00000000
[17:17:54:989]	[SEND] STATUS
[17:17:55:041]	[RECV] A
[17:17:55:042]	[RECV] S7150142B
[17:17:55:043]	[OPER] ----- Result : Completed, Description : 
[17:22:50:764]	[OPER] ----- Unload -----
[17:22:50:764]	[SEND] RESET
[17:22:50:812]	[RECV] A
[17:22:50:813]	[RECV] O
[17:22:50:815]	[SEND] CFG_SLOTS
[17:22:50:865]	[RECV] A
[17:22:50:866]	[RECV] 13
[17:22:50:869]	[SEND] UNLOAD M
[17:22:50:945]	[RECV] A
[17:22:50:946]	[RECV] M00000000,00000000,00000000
[17:22:50:949]	[SEND] STATUS
[17:22:51:003]	[RECV] A
[17:22:51:004]	[RECV] S7150142B
[17:22:51:005]	[OPER] ----- Result : Completed, Description : 
[17:23:44:800]	[OPER] ----- Unload -----
[17:23:44:800]	[SEND] RESET
[17:23:44:846]	[RECV] A
[17:23:44:847]	[RECV] O
[17:23:44:851]	[SEND] CFG_SLOTS
[17:23:44:901]	[RECV] A
[17:23:44:902]	[RECV] 13
[17:23:44:906]	[SEND] UNLOAD M
[17:23:44:984]	[RECV] A
[17:23:44:985]	[RECV] M00000000,00000000,00000000
[17:23:44:988]	[SEND] STATUS
[17:23:45:040]	[RECV] A
[17:23:45:041]	[RECV] S7150142B
[17:23:45:042]	[OPER] ----- Result : Completed, Description : 
[17:25:25:404]	[OPER] ----- Unload -----
[17:25:25:404]	[SEND] RESET
[17:25:25:450]	[RECV] A
[17:25:25:451]	[RECV] O
[17:25:25:454]	[SEND] CFG_SLOTS
[17:25:25:504]	[RECV] A
[17:25:25:505]	[RECV] 13
[17:25:25:508]	[SEND] UNLOAD M
[17:25:25:582]	[RECV] A
[17:25:25:583]	[RECV] M00000000,00000000,00000000
[17:25:30:805]	[SEND] STATUS
[17:25:30:858]	[RECV] A
[17:25:30:859]	[RECV] S7150142B
[17:25:30:860]	[OPER] ----- Result : Completed, Description : 
[17:27:23:135]	[OPER] ----- Unload -----
[17:27:23:135]	[SEND] RESET
[17:27:23:183]	[RECV] A
[17:27:23:184]	[RECV] O
[17:27:23:187]	[SEND] CFG_SLOTS
[17:27:23:235]	[RECV] A
[17:27:23:236]	[RECV] 13
[17:27:23:239]	[SEND] UNLOAD M
[17:27:46:779]	[RECV] A
[17:28:21:353]	[OPER] ----- Result : Timeout, Description : 
[17:28:21:355]	[RECV] M00000000,00000000,00000000
[17:32:56:618]	[OPER] ----- Unload -----
[17:32:56:618]	[SEND] RESET
[17:33:27:336]	[OPER] ----- Result : Timeout, Description : 
[17:33:27:337]	[RECV] A
[17:33:27:339]	[RECV] O
[17:34:48:847]	[OPER] ----- Initialize -----
[17:34:48:847]	[SEND] RESET
[17:34:48:893]	[RECV] A
[17:34:48:894]	[RECV] O
[17:34:48:897]	[SEND] HOM
[17:34:48:935]	[RECV] A
[17:35:06:166]	[RECV] O
[17:35:06:169]	[SEND] STATUS
[17:35:06:221]	[RECV] A
[17:35:06:222]	[RECV] S7150142B
[17:35:06:223]	[OPER] ----- Result : Completed, Description : 
[17:35:06:224]	[OPER] ----- ChangeToFoup -----
[17:35:06:224]	[SEND] RESET
[17:35:06:267]	[RECV] A
[17:35:06:268]	[RECV] O
[17:35:06:272]	[SEND] OC_MODE OFF
[17:35:06:321]	[RECV] A
[17:35:06:322]	[RECV] O
[17:35:06:326]	[SEND] STATUS
[17:35:06:378]	[RECV] A
[17:35:06:379]	[RECV] S7150142B
[17:35:06:380]	[OPER] ----- Result : Completed, Description : 
[17:36:54:992]	[OPER] ----- Initialize -----
[17:36:54:992]	[SEND] RESET
[17:36:55:039]	[RECV] A
[17:36:55:040]	[RECV] O
[17:36:55:045]	[SEND] HOM
[17:36:55:088]	[RECV] A
[17:37:12:313]	[RECV] O
[17:37:12:317]	[SEND] STATUS
[17:37:12:369]	[RECV] A
[17:37:12:370]	[RECV] S7150142B
[17:37:12:371]	[OPER] ----- Result : Completed, Description : 
[17:37:12:372]	[OPER] ----- ChangeToFoup -----
[17:37:12:372]	[SEND] RESET
[17:37:12:415]	[RECV] A
[17:37:12:416]	[RECV] O
[17:37:12:418]	[SEND] OC_MODE OFF
[17:37:12:468]	[RECV] A
[17:37:12:469]	[RECV] O
[17:37:12:472]	[SEND] STATUS
[17:37:12:524]	[RECV] A
[17:37:12:525]	[RECV] S7150142B
[17:37:12:527]	[OPER] ----- Result : Completed, Description : 
[17:37:24:086]	[OPER] ----- Clamp -----
[17:37:24:086]	[SEND] RESET
[17:37:24:129]	[RECV] A
[17:37:24:130]	[RECV] O
[17:37:24:134]	[SEND] POD_LOCK ON
[17:37:24:181]	[RECV] A
[17:37:24:809]	[RECV] O
[17:37:24:812]	[SEND] STATUS
[17:37:24:864]	[RECV] A
[17:37:24:865]	[RECV] S7150122B
[17:37:24:868]	[OPER] ----- Result : Completed, Description : 
[17:37:25:431]	[OPER] ----- Load -----
[17:37:25:431]	[SEND] RESET
[17:37:25:475]	[RECV] A
[17:37:25:476]	[RECV] O
[17:37:25:479]	[SEND] CFG_SLOTS
[17:37:25:528]	[RECV] A
[17:37:25:529]	[RECV] 13
[17:37:25:532]	[SEND] LOAD M
[17:37:25:575]	[RECV] A
[17:37:41:119]	[RECV] M00000000,00000000,00000000
[17:37:41:124]	[SEND] STATUS
[17:37:41:177]	[RECV] A
[17:37:41:178]	[RECV] S31500A27
[17:37:41:182]	[OPER] ----- Result : Completed, Description : 
[17:37:41:211]	[OPER] ----- Unload -----
[17:37:41:211]	[SEND] RESET
[17:37:41:256]	[RECV] A
[17:37:41:257]	[RECV] O
[17:37:41:261]	[SEND] CFG_SLOTS
[17:37:41:311]	[RECV] A
[17:37:41:312]	[RECV] 13
[17:37:41:316]	[SEND] UNLOAD M
[17:37:41:359]	[RECV] A
[17:37:50:590]	[RECV] M00000000,00000000,00000000
[17:37:50:665]	[SEND] STATUS
[17:37:50:721]	[RECV] A
[17:37:50:722]	[RECV] S7150142B
[17:37:50:724]	[OPER] ----- Result : Completed, Description : 
[17:38:03:464]	[OPER] ----- Clamp -----
[17:38:03:464]	[SEND] RESET
[17:38:03:506]	[RECV] A
[17:38:03:507]	[RECV] O
[17:38:03:511]	[SEND] POD_LOCK ON
[17:38:03:558]	[RECV] A
[17:38:04:046]	[RECV] O
[17:38:04:050]	[SEND] STATUS
[17:38:04:102]	[RECV] A
[17:38:04:103]	[RECV] S7150122B
[17:38:04:104]	[OPER] ----- Result : Completed, Description : 
[17:38:04:379]	[OPER] ----- Load -----
[17:38:04:379]	[SEND] RESET
[17:38:04:421]	[RECV] A
[17:38:04:422]	[RECV] O
[17:38:04:426]	[SEND] CFG_SLOTS
[17:38:04:579]	[RECV] A
[17:38:04:580]	[RECV] 13
[17:38:04:585]	[SEND] LOAD M
[17:38:04:628]	[RECV] A
[17:38:18:307]	[RECV] M00000000,00000000,00000000
[17:38:18:310]	[SEND] STATUS
[17:38:18:362]	[RECV] A
[17:38:18:363]	[RECV] S31500A27
[17:38:18:365]	[OPER] ----- Result : Completed, Description : 
[17:38:18:370]	[OPER] ----- Unload -----
[17:38:18:370]	[SEND] RESET
[17:38:18:417]	[RECV] A
[17:38:18:418]	[RECV] O
[17:38:18:420]	[SEND] CFG_SLOTS
[17:38:18:471]	[RECV] A
[17:38:18:472]	[RECV] 13
[17:38:18:476]	[SEND] UNLOAD M
[17:38:18:520]	[RECV] A
[17:38:27:750]	[RECV] M00000000,00000000,00000000
[17:38:27:754]	[SEND] STATUS
[17:38:27:806]	[RECV] A
[17:38:27:807]	[RECV] S7150142B
[17:38:27:808]	[OPER] ----- Result : Completed, Description : 
[17:39:28:808]	[OPER] ----- Clamp -----
[17:39:28:808]	[SEND] RESET
[17:39:28:851]	[RECV] A
[17:39:28:852]	[RECV] O
[17:39:28:856]	[SEND] POD_LOCK ON
[17:39:28:903]	[RECV] A
[17:39:29:411]	[RECV] O
[17:39:29:414]	[SEND] STATUS
[17:39:29:467]	[RECV] A
[17:39:29:468]	[RECV] S7150122B
[17:39:29:469]	[OPER] ----- Result : Completed, Description : 
[17:39:29:745]	[OPER] ----- Load -----
[17:39:29:745]	[SEND] RESET
[17:39:29:786]	[RECV] A
[17:39:29:787]	[RECV] O
[17:39:29:790]	[SEND] CFG_SLOTS
[17:39:29:839]	[RECV] A
[17:39:29:840]	[RECV] 13
[17:39:29:845]	[SEND] LOAD M
[17:39:29:888]	[RECV] A
[17:39:43:578]	[RECV] M00000000,00000000,00000000
[17:39:43:581]	[SEND] STATUS
[17:39:43:633]	[RECV] A
[17:39:43:634]	[RECV] S31500A27
[17:39:43:635]	[OPER] ----- Result : Completed, Description : 
[17:39:43:648]	[OPER] ----- Unload -----
[17:39:43:648]	[SEND] RESET
[17:39:43:690]	[RECV] A
[17:39:43:691]	[RECV] O
[17:39:43:694]	[SEND] CFG_SLOTS
[17:39:43:743]	[RECV] A
[17:39:43:744]	[RECV] 13
[17:39:43:748]	[SEND] UNLOAD M
[17:39:43:791]	[RECV] A
[17:39:53:589]	[RECV] M00000000,00000000,00000000
[17:40:44:118]	[OPER] ----- Result : Timeout, Description : 
[17:42:37:429]	[OPER] ----- Unload -----
[17:42:37:429]	[SEND] RESET
[17:42:37:479]	[RECV] A
[17:42:37:480]	[RECV] O
[17:42:37:483]	[SEND] CFG_SLOTS
[17:42:37:533]	[RECV] A
[17:42:37:534]	[RECV] 13
[17:42:37:537]	[SEND] UNLOAD M
[17:42:37:614]	[RECV] A
[17:42:37:615]	[RECV] M00000000,00000000,00000000
[17:42:37:616]	[SEND] STATUS
[17:42:37:670]	[RECV] A
[17:42:37:671]	[RECV] S7150142B
[17:42:37:672]	[OPER] ----- Result : Completed, Description : 
[17:43:31:386]	[OPER] ----- Clamp -----
[17:43:31:386]	[SEND] RESET
[17:43:31:430]	[RECV] A
[17:43:31:431]	[RECV] O
[17:43:31:434]	[SEND] POD_LOCK ON
[17:43:31:481]	[RECV] A
[17:43:31:984]	[RECV] O
[17:43:31:988]	[SEND] STATUS
[17:43:32:040]	[RECV] A
[17:43:32:041]	[RECV] S7150122B
[17:43:32:043]	[OPER] ----- Result : Completed, Description : 
[17:43:32:318]	[OPER] ----- Load -----
[17:43:32:318]	[SEND] RESET
[17:43:32:362]	[RECV] A
[17:43:32:363]	[RECV] O
[17:43:32:367]	[SEND] CFG_SLOTS
[17:43:32:415]	[RECV] A
[17:43:32:416]	[RECV] 13
[17:43:32:420]	[SEND] LOAD M
[17:43:32:463]	[RECV] A
[17:43:48:060]	[RECV] M00000000,00000000,00000000
[17:43:48:080]	[SEND] STATUS
[17:43:48:133]	[RECV] A
[17:43:48:134]	[RECV] S31500A27
[17:43:48:135]	[OPER] ----- Result : Completed, Description : 
[17:43:48:149]	[OPER] ----- Unload -----
[17:43:48:149]	[SEND] RESET
[17:43:48:192]	[RECV] A
[17:43:48:193]	[RECV] O
[17:43:48:197]	[SEND] CFG_SLOTS
[17:43:48:246]	[RECV] A
[17:43:48:247]	[RECV] 13
[17:43:48:250]	[SEND] UNLOAD M
[17:43:48:292]	[RECV] A
[17:43:57:511]	[RECV] M00000000,00000000,00000000
[17:43:57:512]	[SEND] STATUS
[17:43:57:564]	[RECV] A
[17:43:57:565]	[RECV] S7150142B
[17:43:57:566]	[OPER] ----- Result : Completed, Description : 
[17:44:10:193]	[OPER] ----- Clamp -----
[17:44:10:193]	[SEND] RESET
[17:44:10:237]	[RECV] A
[17:44:10:238]	[RECV] O
[17:44:10:241]	[SEND] POD_LOCK ON
[17:44:10:288]	[RECV] A
[17:44:10:772]	[RECV] O
[17:44:10:775]	[SEND] STATUS
[17:44:10:828]	[RECV] A
[17:44:10:829]	[RECV] S7150122B
[17:44:10:830]	[OPER] ----- Result : Completed, Description : 
[17:44:11:105]	[OPER] ----- Load -----
[17:44:11:105]	[SEND] RESET
[17:44:11:149]	[RECV] A
[17:44:11:150]	[RECV] O
[17:44:11:153]	[SEND] CFG_SLOTS
[17:44:11:201]	[RECV] A
[17:44:11:202]	[RECV] 13
[17:44:11:205]	[SEND] LOAD M
[17:44:11:247]	[RECV] A
[17:44:26:292]	[RECV] M00000000,00000000,00000000
[17:44:26:296]	[SEND] STATUS
[17:44:26:349]	[RECV] A
[17:44:26:350]	[RECV] S31500A27
[17:44:26:352]	[OPER] ----- Result : Completed, Description : 
[17:44:26:366]	[OPER] ----- Unload -----
[17:44:26:366]	[SEND] RESET
[17:44:26:410]	[RECV] A
[17:44:26:411]	[RECV] O
[17:44:26:414]	[SEND] CFG_SLOTS
[17:44:26:462]	[RECV] A
[17:44:26:463]	[RECV] 13
[17:44:26:467]	[SEND] UNLOAD M
[17:44:26:510]	[RECV] A
[17:44:35:727]	[RECV] M00000000,00000000,00000000
[17:44:35:729]	[SEND] STATUS
[17:44:35:783]	[RECV] A
[17:44:35:784]	[RECV] S7150142B
[17:44:35:786]	[OPER] ----- Result : Completed, Description : 
[17:46:01:242]	[OPER] ----- Clamp -----
[17:46:01:242]	[SEND] RESET
[17:46:01:285]	[RECV] A
[17:46:01:286]	[RECV] O
[17:46:01:289]	[SEND] POD_LOCK ON
[17:46:01:336]	[RECV] A
[17:46:01:826]	[RECV] O
[17:46:01:829]	[SEND] STATUS
[17:46:01:881]	[RECV] A
[17:46:01:882]	[RECV] S7150122B
[17:46:01:883]	[OPER] ----- Result : Completed, Description : 
[17:46:02:156]	[OPER] ----- Load -----
[17:46:02:156]	[SEND] RESET
[17:46:02:198]	[RECV] A
[17:46:02:199]	[RECV] O
[17:46:02:203]	[SEND] CFG_SLOTS
[17:46:02:250]	[RECV] A
[17:46:02:251]	[RECV] 13
[17:46:02:254]	[SEND] LOAD M
[17:46:02:297]	[RECV] A
[17:46:15:996]	[RECV] M00000000,00000000,00000000
[17:46:15:999]	[SEND] STATUS
[17:46:16:051]	[RECV] A
[17:46:16:052]	[RECV] S31500A27
[17:46:16:054]	[OPER] ----- Result : Completed, Description : 
[17:46:16:067]	[OPER] ----- Unload -----
[17:46:16:067]	[SEND] RESET
[17:46:16:110]	[RECV] A
[17:46:16:111]	[RECV] O
[17:46:16:115]	[SEND] CFG_SLOTS
[17:46:16:163]	[RECV] A
[17:46:16:164]	[RECV] 13
[17:46:16:168]	[SEND] UNLOAD M
[17:46:16:211]	[RECV] A
[17:46:25:418]	[RECV] M00000000,00000000,00000000
[17:46:25:420]	[SEND] STATUS
[17:46:25:473]	[RECV] A
[17:46:25:474]	[RECV] S7150142B
[17:46:25:476]	[OPER] ----- Result : Completed, Description : 
[17:50:02:800]	[OPER] ----- Initialize -----
[17:50:02:800]	[SEND] RESET
[17:50:02:844]	[RECV] A
[17:50:02:848]	[RECV] O
[17:50:02:852]	[SEND] HOM
[17:50:02:894]	[RECV] A
[17:50:20:125]	[RECV] O
[17:50:20:128]	[SEND] STATUS
[17:50:20:179]	[RECV] A
[17:50:20:180]	[RECV] S7150142B
[17:50:20:181]	[OPER] ----- Result : Completed, Description : 
[17:50:20:182]	[OPER] ----- ChangeToFoup -----
[17:50:20:182]	[SEND] RESET
[17:50:20:224]	[RECV] A
[17:50:20:225]	[RECV] O
[17:50:20:229]	[SEND] OC_MODE OFF
[17:50:20:279]	[RECV] A
[17:50:20:280]	[RECV] O
[17:50:20:283]	[SEND] STATUS
[17:50:20:334]	[RECV] A
[17:50:20:335]	[RECV] S7150142B
[17:50:20:337]	[OPER] ----- Result : Completed, Description : 
[17:50:51:248]	[OPER] ----- Clamp -----
[17:50:51:248]	[SEND] RESET
[17:50:51:292]	[RECV] A
[17:50:51:293]	[RECV] O
[17:50:51:296]	[SEND] POD_LOCK ON
[17:50:51:343]	[RECV] A
[17:50:51:990]	[RECV] O
[17:50:51:994]	[SEND] STATUS
[17:50:52:046]	[RECV] A
[17:50:52:047]	[RECV] S7150122B
[17:50:52:049]	[OPER] ----- Result : Completed, Description : 
[17:50:52:623]	[OPER] ----- Load -----
[17:50:52:623]	[SEND] RESET
[17:50:52:667]	[RECV] A
[17:50:52:668]	[RECV] O
[17:50:52:672]	[SEND] CFG_SLOTS
[17:50:52:718]	[RECV] A
[17:50:52:719]	[RECV] 13
[17:50:52:722]	[SEND] LOAD M
[17:50:52:764]	[RECV] A
[17:51:07:583]	[RECV] M00000000,00000000,00000000
[17:51:07:588]	[SEND] STATUS
[17:51:07:642]	[RECV] A
[17:51:07:643]	[RECV] S31500A27
[17:51:07:644]	[OPER] ----- Result : Completed, Description : 
[17:51:25:077]	[OPER] ----- Unload -----
[17:51:25:077]	[SEND] RESET
[17:51:25:125]	[RECV] A
[17:51:25:126]	[RECV] O
[17:51:25:129]	[SEND] CFG_SLOTS
[17:51:25:179]	[RECV] A
[17:51:25:180]	[RECV] 13
[17:51:25:184]	[SEND] UNLOAD M
[17:51:25:228]	[RECV] A
[17:51:34:441]	[RECV] M00000000,00000000,00000000
[17:51:34:445]	[SEND] STATUS
[17:51:34:499]	[RECV] A
[17:51:34:500]	[RECV] S7150142B
[17:51:34:501]	[OPER] ----- Result : Completed, Description : 
