[23:44:04:829]	[OPER] ----- Initialize -----
[23:44:04:829]	[SEND] RESET
[23:44:04:875]	[RECV] A
[23:44:04:878]	[RECV] O
[23:44:04:882]	[SEND] HOM
[23:44:04:924]	[RECV] A
[23:44:16:214]	[RECV] O
[23:44:16:217]	[SEND] STATUS
[23:44:16:267]	[RECV] A
[23:44:16:268]	[RECV] S7350142B
[23:44:16:269]	[OPER] ----- Result : Completed, Description : 
[23:44:16:272]	[OPER] ----- ChangeToCassette -----
[23:44:16:272]	[SEND] RESET
[23:44:16:316]	[RECV] A
[23:44:16:317]	[RECV] O
[23:44:16:320]	[SEND] OC_MODE ON
[23:44:16:368]	[RECV] A
[23:44:16:369]	[RECV] O
[23:44:16:372]	[SEND] STATUS
[23:44:16:423]	[RECV] A
[23:44:16:424]	[RECV] S7350142B
[23:44:16:426]	[OPER] ----- Result : Completed, Description : 
