[12:26:15:395]	[RECV] C01000000
[13:40:51:922]	[OPER] ----- Initialize -----
[13:40:51:922]	[SEND] RESET
[13:40:51:969]	[RECV] A
[13:40:51:970]	[RECV] O
[13:40:51:974]	[SEND] HOM
[13:40:52:012]	[RECV] A
[13:41:03:325]	[RECV] O
[13:41:03:329]	[SEND] STATUS
[13:41:03:382]	[RECV] A
[13:41:03:383]	[RECV] S7350142B
[13:41:03:385]	[OPER] ----- Result : Completed, Description : 
[13:41:03:386]	[OPER] ----- ChangeToCassette -----
[13:41:03:386]	[SEND] RESET
[13:41:03:428]	[RECV] A
[13:41:03:429]	[RECV] O
[13:41:03:432]	[SEND] OC_MODE ON
[13:41:03:479]	[RECV] A
[13:41:03:480]	[RECV] O
[13:41:03:483]	[SEND] STATUS
[13:41:03:535]	[RECV] A
[13:41:03:536]	[RECV] S7350142B
[13:41:03:537]	[OPER] ----- Result : Completed, Description : 
[14:45:21:375]	[RECV] C01000000
[14:56:50:866]	[OPER] ----- Initialize -----
[14:56:50:866]	[SEND] RESET
[14:56:50:913]	[RECV] A
[14:56:50:914]	[RECV] O
[14:56:50:918]	[SEND] HOM
[14:56:50:959]	[RECV] A
[14:57:02:275]	[RECV] O
[14:57:02:279]	[SEND] STATUS
[14:57:02:331]	[RECV] A
[14:57:02:332]	[RECV] S7350142B
[14:57:02:333]	[OPER] ----- Result : Completed, Description : 
[14:57:02:334]	[OPER] ----- ChangeToCassette -----
[14:57:02:334]	[SEND] RESET
[14:57:02:377]	[RECV] A
[14:57:02:378]	[RECV] O
[14:57:02:382]	[SEND] OC_MODE ON
[14:57:02:431]	[RECV] A
[14:57:02:432]	[RECV] O
[14:57:02:436]	[SEND] STATUS
[14:57:02:487]	[RECV] A
[14:57:02:489]	[RECV] S7350142B
[14:57:02:491]	[OPER] ----- Result : Completed, Description : 
[22:30:03:260]	[OPER] ----- Initialize -----
[22:30:03:260]	[SEND] RESET
[22:30:03:305]	[RECV] A
[22:30:03:306]	[RECV] O
[22:30:03:310]	[SEND] HOM
[22:30:03:353]	[RECV] A
[22:30:15:178]	[RECV] O
[22:30:15:182]	[SEND] STATUS
[22:30:15:234]	[RECV] A
[22:30:15:235]	[RECV] S7350142B
[22:30:15:236]	[OPER] ----- Result : Completed, Description : 
[22:30:15:237]	[OPER] ----- ChangeToCassette -----
[22:30:15:237]	[SEND] RESET
[22:30:15:280]	[RECV] A
[22:30:15:281]	[RECV] O
[22:30:15:285]	[SEND] OC_MODE ON
[22:30:15:332]	[RECV] A
[22:30:15:333]	[RECV] O
[22:30:15:337]	[SEND] STATUS
[22:30:15:388]	[RECV] A
[22:30:15:389]	[RECV] S7350142B
[22:30:15:391]	[OPER] ----- Result : Completed, Description : 
[22:47:06:392]	[RECV] C01000000
