[00:03:55:851]	[OPER] Start> Unload
[00:03:55:851]	[SEND] RESET
[00:03:55:893]	[RECV] A
[00:03:55:894]	[RECV] O
[00:03:55:898]	[SEND] CFG_SLOTS
[00:03:55:946]	[RECV] A
[00:03:55:947]	[RECV] 13
[00:03:55:950]	[SEND] UNLOAD O
[00:03:55:993]	[RECV] A
[00:04:03:161]	[RECV] M00000000,00000000,00000000
[00:04:03:164]	[SEND] STATUS
[00:04:03:217]	[RECV] A
[00:04:03:218]	[RECV] S7350142B
[00:04:03:220]	[OPER] End> Unload, Result : Completed
[00:04:05:236]	[OPER] Start> Clamp
[00:04:05:236]	[SEND] RESET
[00:04:05:278]	[RECV] A
[00:04:05:279]	[RECV] O
[00:04:05:282]	[SEND] POD_LOCK ON
[00:04:05:334]	[RECV] A
[00:04:05:335]	[RECV] O
[00:04:05:338]	[SEND] STATUS
[00:04:05:390]	[RECV] A
[00:04:05:391]	[RECV] S7350142B
[00:04:05:393]	[OPER] End> Clamp, Result : Completed
[00:04:05:578]	[OPER] Start> Load
[00:04:05:578]	[SEND] RESET
[00:04:05:621]	[RECV] A
[00:04:05:622]	[RECV] O
[00:04:05:626]	[SEND] CFG_SLOTS
[00:04:05:673]	[RECV] A
[00:04:05:674]	[RECV] 13
[00:04:05:677]	[SEND] LOAD O
[00:04:05:719]	[RECV] A
[00:04:17:519]	[RECV] M00000000,00000000,00000000
[00:04:17:523]	[SEND] STATUS
[00:04:17:576]	[RECV] A
[00:04:17:577]	[RECV] S33500C27
[00:04:17:579]	[OPER] End> Load, Result : Completed
[00:13:58:971]	[OPER] Start> Unload
[00:13:58:971]	[SEND] RESET
[00:13:59:014]	[RECV] A
[00:13:59:015]	[RECV] O
[00:13:59:019]	[SEND] CFG_SLOTS
[00:13:59:067]	[RECV] A
[00:13:59:068]	[RECV] 13
[00:13:59:071]	[SEND] UNLOAD O
[00:13:59:115]	[RECV] A
[00:14:06:297]	[RECV] M00000000,00000000,00000000
[00:14:06:301]	[SEND] STATUS
[00:14:06:353]	[RECV] A
[00:14:06:354]	[RECV] S7350142B
[00:14:06:357]	[OPER] End> Unload, Result : Completed
[00:14:08:373]	[OPER] Start> Clamp
[00:14:08:373]	[SEND] RESET
[00:14:08:415]	[RECV] A
[00:14:08:416]	[RECV] O
[00:14:08:420]	[SEND] POD_LOCK ON
[00:14:08:472]	[RECV] A
[00:14:08:473]	[RECV] O
[00:14:08:476]	[SEND] STATUS
[00:14:08:528]	[RECV] A
[00:14:08:529]	[RECV] S7350142B
[00:14:08:530]	[OPER] End> Clamp, Result : Completed
[00:14:08:717]	[OPER] Start> Load
[00:14:08:717]	[SEND] RESET
[00:14:08:760]	[RECV] A
[00:14:08:761]	[RECV] O
[00:14:08:764]	[SEND] CFG_SLOTS
[00:14:08:814]	[RECV] A
[00:14:08:815]	[RECV] 13
[00:14:08:819]	[SEND] LOAD O
[00:14:08:862]	[RECV] A
[00:14:20:692]	[RECV] M00000000,00000000,00000000
[00:14:20:696]	[SEND] STATUS
[00:14:20:747]	[RECV] A
[00:14:20:748]	[RECV] S33500C27
[00:14:20:749]	[OPER] End> Load, Result : Completed
[00:25:51:089]	[OPER] Start> Unload
[00:25:51:089]	[SEND] RESET
[00:25:51:132]	[RECV] A
[00:25:51:133]	[RECV] O
[00:25:51:137]	[SEND] CFG_SLOTS
[00:25:51:185]	[RECV] A
[00:25:51:186]	[RECV] 13
[00:25:51:189]	[SEND] UNLOAD O
[00:25:51:233]	[RECV] A
[00:25:58:406]	[RECV] M00000000,00000000,00000000
[00:25:58:409]	[SEND] STATUS
[00:25:58:461]	[RECV] A
[00:25:58:462]	[RECV] S7350142B
[00:25:58:463]	[OPER] End> Unload, Result : Completed
[00:26:00:479]	[OPER] Start> Clamp
[00:26:00:479]	[SEND] RESET
[00:26:00:522]	[RECV] A
[00:26:00:523]	[RECV] O
[00:26:00:526]	[SEND] POD_LOCK ON
[00:26:00:578]	[RECV] A
[00:26:00:579]	[RECV] O
[00:26:00:582]	[SEND] STATUS
[00:26:00:633]	[RECV] A
[00:26:00:634]	[RECV] S7350142B
[00:26:00:636]	[OPER] End> Clamp, Result : Completed
[00:26:00:820]	[OPER] Start> Load
[00:26:00:820]	[SEND] RESET
[00:26:00:863]	[RECV] A
[00:26:00:864]	[RECV] O
[00:26:00:868]	[SEND] CFG_SLOTS
[00:26:00:916]	[RECV] A
[00:26:00:917]	[RECV] 13
[00:26:00:920]	[SEND] LOAD O
[00:26:00:962]	[RECV] A
[00:26:12:769]	[RECV] M00000000,00000000,00000000
[00:26:12:773]	[SEND] STATUS
[00:26:12:825]	[RECV] A
[00:26:12:826]	[RECV] S33500C27
[00:26:12:827]	[OPER] End> Load, Result : Completed
[00:37:45:825]	[OPER] Start> Unload
[00:37:45:825]	[SEND] RESET
[00:37:45:868]	[RECV] A
[00:37:45:869]	[RECV] O
[00:37:45:872]	[SEND] CFG_SLOTS
[00:37:45:920]	[RECV] A
[00:37:45:921]	[RECV] 13
[00:37:45:924]	[SEND] UNLOAD O
[00:37:45:967]	[RECV] A
[00:37:53:137]	[RECV] M00000000,00000000,00000000
[00:37:53:141]	[SEND] STATUS
[00:37:53:193]	[RECV] A
[00:37:53:194]	[RECV] S7350142B
[00:37:53:195]	[OPER] End> Unload, Result : Completed
[00:37:55:210]	[OPER] Start> Clamp
[00:37:55:210]	[SEND] RESET
[00:37:55:253]	[RECV] A
[00:37:55:254]	[RECV] O
[00:37:55:258]	[SEND] POD_LOCK ON
[00:37:55:310]	[RECV] A
[00:37:55:311]	[RECV] O
[00:37:55:314]	[SEND] STATUS
[00:37:55:367]	[RECV] A
[00:37:55:368]	[RECV] S7350142B
[00:37:55:370]	[OPER] End> Clamp, Result : Completed
[00:37:55:557]	[OPER] Start> Load
[00:37:55:557]	[SEND] RESET
[00:37:55:599]	[RECV] A
[00:37:55:600]	[RECV] O
[00:37:55:603]	[SEND] CFG_SLOTS
[00:37:55:651]	[RECV] A
[00:37:55:652]	[RECV] 13
[00:37:55:656]	[SEND] LOAD O
[00:37:55:697]	[RECV] A
[00:38:07:498]	[RECV] M00000000,00000000,00000000
[00:38:07:501]	[SEND] STATUS
[00:38:07:553]	[RECV] A
[00:38:07:554]	[RECV] S33500C27
[00:38:07:555]	[OPER] End> Load, Result : Completed
[00:49:17:735]	[OPER] Start> Unload
[00:49:17:735]	[SEND] RESET
[00:49:17:779]	[RECV] A
[00:49:17:780]	[RECV] O
[00:49:17:784]	[SEND] CFG_SLOTS
[00:49:17:833]	[RECV] A
[00:49:17:834]	[RECV] 13
[00:49:17:838]	[SEND] UNLOAD O
[00:49:17:882]	[RECV] A
[00:49:25:048]	[RECV] M00000000,00000000,00000000
[00:49:25:051]	[SEND] STATUS
[00:49:25:103]	[RECV] A
[00:49:25:104]	[RECV] S7350142B
[00:49:25:105]	[OPER] End> Unload, Result : Completed
[00:49:27:122]	[OPER] Start> Clamp
[00:49:27:122]	[SEND] RESET
[00:49:27:165]	[RECV] A
[00:49:27:166]	[RECV] O
[00:49:27:169]	[SEND] POD_LOCK ON
[00:49:27:222]	[RECV] A
[00:49:27:223]	[RECV] O
[00:49:27:227]	[SEND] STATUS
[00:49:27:278]	[RECV] A
[00:49:27:279]	[RECV] S7350142B
[00:49:27:280]	[OPER] End> Clamp, Result : Completed
[00:49:27:466]	[OPER] Start> Load
[00:49:27:466]	[SEND] RESET
[00:49:27:509]	[RECV] A
[00:49:27:510]	[RECV] O
[00:49:27:513]	[SEND] CFG_SLOTS
[00:49:27:562]	[RECV] A
[00:49:27:563]	[RECV] 13
[00:49:27:567]	[SEND] LOAD O
[00:49:27:608]	[RECV] A
[00:49:39:407]	[RECV] M00000000,00000000,00000000
[00:49:39:410]	[SEND] STATUS
[00:49:39:462]	[RECV] A
[00:49:39:463]	[RECV] S33500C27
[00:49:39:464]	[OPER] End> Load, Result : Completed
[01:01:10:534]	[OPER] Start> Unload
[01:01:10:534]	[SEND] RESET
[01:01:10:577]	[RECV] A
[01:01:10:578]	[RECV] O
[01:01:10:581]	[SEND] CFG_SLOTS
[01:01:10:629]	[RECV] A
[01:01:10:630]	[RECV] 13
[01:01:10:633]	[SEND] UNLOAD O
[01:01:10:677]	[RECV] A
[01:01:17:839]	[RECV] M00000000,00000000,00000000
[01:01:17:843]	[SEND] STATUS
[01:01:17:895]	[RECV] A
[01:01:17:896]	[RECV] S7350142B
[01:01:17:898]	[OPER] End> Unload, Result : Completed
[01:01:19:915]	[OPER] Start> Clamp
[01:01:19:915]	[SEND] RESET
[01:01:19:958]	[RECV] A
[01:01:19:959]	[RECV] O
[01:01:19:962]	[SEND] POD_LOCK ON
[01:01:20:014]	[RECV] A
[01:01:20:015]	[RECV] O
[01:01:20:018]	[SEND] STATUS
[01:01:20:070]	[RECV] A
[01:01:20:071]	[RECV] S7350142B
[01:01:20:072]	[OPER] End> Clamp, Result : Completed
[01:01:20:258]	[OPER] Start> Load
[01:01:20:258]	[SEND] RESET
[01:01:20:301]	[RECV] A
[01:01:20:302]	[RECV] O
[01:01:20:306]	[SEND] CFG_SLOTS
[01:01:20:355]	[RECV] A
[01:01:20:356]	[RECV] 13
[01:01:20:360]	[SEND] LOAD O
[01:01:20:402]	[RECV] A
[01:01:32:200]	[RECV] M00000000,00000000,00000000
[01:01:32:204]	[SEND] STATUS
[01:01:32:256]	[RECV] A
[01:01:32:257]	[RECV] S33500C27
[01:01:32:258]	[OPER] End> Load, Result : Completed
[01:11:59:992]	[OPER] Start> Unload
[01:11:59:992]	[SEND] RESET
[01:12:00:033]	[RECV] A
[01:12:00:034]	[RECV] O
[01:12:00:039]	[SEND] CFG_SLOTS
[01:12:00:086]	[RECV] A
[01:12:00:087]	[RECV] 13
[01:12:00:091]	[SEND] UNLOAD O
[01:12:00:135]	[RECV] A
[01:12:07:300]	[RECV] M00000000,00000000,00000000
[01:12:07:303]	[SEND] STATUS
[01:12:07:354]	[RECV] A
[01:12:07:355]	[RECV] S7350142B
[01:12:07:356]	[OPER] End> Unload, Result : Completed
[01:12:09:373]	[OPER] Start> Clamp
[01:12:09:373]	[SEND] RESET
[01:12:09:415]	[RECV] A
[01:12:09:416]	[RECV] O
[01:12:09:419]	[SEND] POD_LOCK ON
[01:12:09:471]	[RECV] A
[01:12:09:472]	[RECV] O
[01:12:09:476]	[SEND] STATUS
[01:12:09:528]	[RECV] A
[01:12:09:529]	[RECV] S7350142B
[01:12:09:530]	[OPER] End> Clamp, Result : Completed
[01:12:09:716]	[OPER] Start> Load
[01:12:09:716]	[SEND] RESET
[01:12:09:760]	[RECV] A
[01:12:09:761]	[RECV] O
[01:12:09:765]	[SEND] CFG_SLOTS
[01:12:09:813]	[RECV] A
[01:12:09:815]	[RECV] 13
[01:12:09:819]	[SEND] LOAD O
[01:12:09:861]	[RECV] A
[01:12:21:662]	[RECV] M00000000,00000000,00000000
[01:12:21:666]	[SEND] STATUS
[01:12:21:718]	[RECV] A
[01:12:21:719]	[RECV] S33500C27
[01:12:21:720]	[OPER] End> Load, Result : Completed
[01:23:49:431]	[OPER] Start> Unload
[01:23:49:431]	[SEND] RESET
[01:23:49:472]	[RECV] A
[01:23:49:473]	[RECV] O
[01:23:49:476]	[SEND] CFG_SLOTS
[01:23:49:523]	[RECV] A
[01:23:49:524]	[RECV] 13
[01:23:49:528]	[SEND] UNLOAD O
[01:23:49:571]	[RECV] A
[01:23:56:739]	[RECV] M00000000,00000000,00000000
[01:23:56:742]	[SEND] STATUS
[01:23:56:794]	[RECV] A
[01:23:56:795]	[RECV] S7350142B
[01:23:56:797]	[OPER] End> Unload, Result : Completed
[01:23:58:814]	[OPER] Start> Clamp
[01:23:58:814]	[SEND] RESET
[01:23:58:856]	[RECV] A
[01:23:58:857]	[RECV] O
[01:23:58:860]	[SEND] POD_LOCK ON
[01:23:58:912]	[RECV] A
[01:23:58:913]	[RECV] O
[01:23:58:916]	[SEND] STATUS
[01:23:58:968]	[RECV] A
[01:23:58:969]	[RECV] S7350142B
[01:23:58:970]	[OPER] End> Clamp, Result : Completed
[01:23:59:160]	[OPER] Start> Load
[01:23:59:160]	[SEND] RESET
[01:23:59:205]	[RECV] A
[01:23:59:206]	[RECV] O
[01:23:59:209]	[SEND] CFG_SLOTS
[01:23:59:256]	[RECV] A
[01:23:59:257]	[RECV] 13
[01:23:59:261]	[SEND] LOAD O
[01:23:59:303]	[RECV] A
[01:24:11:101]	[RECV] M00000000,00000000,00000000
[01:24:11:105]	[SEND] STATUS
[01:24:11:157]	[RECV] A
[01:24:11:158]	[RECV] S33500C27
[01:24:11:160]	[OPER] End> Load, Result : Completed
[01:34:31:540]	[OPER] Start> Unload
[01:34:31:540]	[SEND] RESET
[01:34:31:582]	[RECV] A
[01:34:31:583]	[RECV] O
[01:34:31:586]	[SEND] CFG_SLOTS
[01:34:31:634]	[RECV] A
[01:34:31:635]	[RECV] 13
[01:34:31:638]	[SEND] UNLOAD O
[01:34:31:681]	[RECV] A
[01:34:38:852]	[RECV] M00000000,00000000,00000000
[01:34:38:855]	[SEND] STATUS
[01:34:38:907]	[RECV] A
[01:34:38:908]	[RECV] S7350142B
[01:34:38:910]	[OPER] End> Unload, Result : Completed
[01:34:40:927]	[OPER] Start> Clamp
[01:34:40:927]	[SEND] RESET
[01:34:40:969]	[RECV] A
[01:34:40:970]	[RECV] O
[01:34:40:973]	[SEND] POD_LOCK ON
[01:34:41:024]	[RECV] A
[01:34:41:025]	[RECV] O
[01:34:41:029]	[SEND] STATUS
[01:34:41:081]	[RECV] A
[01:34:41:082]	[RECV] S7350142B
[01:34:41:083]	[OPER] End> Clamp, Result : Completed
[01:34:41:268]	[OPER] Start> Load
[01:34:41:268]	[SEND] RESET
[01:34:41:309]	[RECV] A
[01:34:41:310]	[RECV] O
[01:34:41:313]	[SEND] CFG_SLOTS
[01:34:41:362]	[RECV] A
[01:34:41:363]	[RECV] 13
[01:34:41:366]	[SEND] LOAD O
[01:34:41:409]	[RECV] A
[01:34:53:207]	[RECV] M00000000,00000000,00000000
[01:34:53:210]	[SEND] STATUS
[01:34:53:262]	[RECV] A
[01:34:53:263]	[RECV] S33500C27
[01:34:53:266]	[OPER] End> Load, Result : Completed
[01:46:21:127]	[OPER] Start> Unload
[01:46:21:127]	[SEND] RESET
[01:46:21:170]	[RECV] A
[01:46:21:172]	[RECV] O
[01:46:21:175]	[SEND] CFG_SLOTS
[01:46:21:224]	[RECV] A
[01:46:21:225]	[RECV] 13
[01:46:21:230]	[SEND] UNLOAD O
[01:46:21:274]	[RECV] A
[01:46:28:437]	[RECV] M00000000,00000000,00000000
[01:46:28:440]	[SEND] STATUS
[01:46:28:491]	[RECV] A
[01:46:28:492]	[RECV] S7350142B
[01:46:28:493]	[OPER] End> Unload, Result : Completed
[01:46:30:509]	[OPER] Start> Clamp
[01:46:30:509]	[SEND] RESET
[01:46:30:552]	[RECV] A
[01:46:30:553]	[RECV] O
[01:46:30:556]	[SEND] POD_LOCK ON
[01:46:30:608]	[RECV] A
[01:46:30:610]	[RECV] O
[01:46:30:613]	[SEND] STATUS
[01:46:30:665]	[RECV] A
[01:46:30:666]	[RECV] S7350142B
[01:46:30:668]	[OPER] End> Clamp, Result : Completed
[01:46:30:854]	[OPER] Start> Load
[01:46:30:854]	[SEND] RESET
[01:46:30:899]	[RECV] A
[01:46:30:900]	[RECV] O
[01:46:30:903]	[SEND] CFG_SLOTS
[01:46:30:952]	[RECV] A
[01:46:30:953]	[RECV] 13
[01:46:30:956]	[SEND] LOAD O
[01:46:30:997]	[RECV] A
[01:46:42:815]	[RECV] M00000000,00000000,00000000
[01:46:42:819]	[SEND] STATUS
[01:46:42:871]	[RECV] A
[01:46:42:872]	[RECV] S33500C27
[01:46:42:873]	[OPER] End> Load, Result : Completed
[01:57:06:323]	[OPER] Start> Unload
[01:57:06:323]	[SEND] RESET
[01:57:06:365]	[RECV] A
[01:57:06:366]	[RECV] O
[01:57:06:370]	[SEND] CFG_SLOTS
[01:57:06:417]	[RECV] A
[01:57:06:418]	[RECV] 13
[01:57:06:422]	[SEND] UNLOAD O
[01:57:06:466]	[RECV] A
[01:57:13:634]	[RECV] M00000000,00000000,00000000
[01:57:13:638]	[SEND] STATUS
[01:57:13:691]	[RECV] A
[01:57:13:692]	[RECV] S7350142B
[01:57:13:694]	[OPER] End> Unload, Result : Completed
[01:57:15:710]	[OPER] Start> Clamp
[01:57:15:710]	[SEND] RESET
[01:57:15:753]	[RECV] A
[01:57:15:754]	[RECV] O
[01:57:15:758]	[SEND] POD_LOCK ON
[01:57:15:811]	[RECV] A
[01:57:15:812]	[RECV] O
[01:57:15:815]	[SEND] STATUS
[01:57:15:867]	[RECV] A
[01:57:15:868]	[RECV] S7350142B
[01:57:15:869]	[OPER] End> Clamp, Result : Completed
[01:57:16:057]	[OPER] Start> Load
[01:57:16:057]	[SEND] RESET
[01:57:16:100]	[RECV] A
[01:57:16:101]	[RECV] O
[01:57:16:104]	[SEND] CFG_SLOTS
[01:57:16:152]	[RECV] A
[01:57:16:153]	[RECV] 13
[01:57:16:157]	[SEND] LOAD O
[01:57:16:199]	[RECV] A
[01:57:27:996]	[RECV] M00000000,00000000,00000000
[01:57:28:000]	[SEND] STATUS
[01:57:28:052]	[RECV] A
[01:57:28:053]	[RECV] S33500C27
[01:57:28:054]	[OPER] End> Load, Result : Completed
[02:08:58:596]	[OPER] Start> Unload
[02:08:58:596]	[SEND] RESET
[02:08:58:639]	[RECV] A
[02:08:58:640]	[RECV] O
[02:08:58:644]	[SEND] CFG_SLOTS
[02:08:58:692]	[RECV] A
[02:08:58:693]	[RECV] 13
[02:08:58:697]	[SEND] UNLOAD O
[02:08:58:741]	[RECV] A
[02:09:05:909]	[RECV] M00000000,00000000,00000000
[02:09:05:912]	[SEND] STATUS
[02:09:05:964]	[RECV] A
[02:09:05:965]	[RECV] S7350142B
[02:09:05:967]	[OPER] End> Unload, Result : Completed
[02:09:07:982]	[OPER] Start> Clamp
[02:09:07:982]	[SEND] RESET
[02:09:08:025]	[RECV] A
[02:09:08:026]	[RECV] O
[02:09:08:030]	[SEND] POD_LOCK ON
[02:09:08:082]	[RECV] A
[02:09:08:083]	[RECV] O
[02:09:08:086]	[SEND] STATUS
[02:09:08:138]	[RECV] A
[02:09:08:139]	[RECV] S7350142B
[02:09:08:140]	[OPER] End> Clamp, Result : Completed
[02:09:08:325]	[OPER] Start> Load
[02:09:08:325]	[SEND] RESET
[02:09:08:368]	[RECV] A
[02:09:08:369]	[RECV] O
[02:09:08:372]	[SEND] CFG_SLOTS
[02:09:08:418]	[RECV] A
[02:09:08:419]	[RECV] 13
[02:09:08:423]	[SEND] LOAD O
[02:09:08:464]	[RECV] A
[02:09:20:262]	[RECV] M00000000,00000000,00000000
[02:09:20:266]	[SEND] STATUS
[02:09:20:318]	[RECV] A
[02:09:20:319]	[RECV] S33500C27
[02:09:20:320]	[OPER] End> Load, Result : Completed
[02:19:51:399]	[OPER] Start> Unload
[02:19:51:399]	[SEND] RESET
[02:19:51:442]	[RECV] A
[02:19:51:443]	[RECV] O
[02:19:51:446]	[SEND] CFG_SLOTS
[02:19:51:494]	[RECV] A
[02:19:51:495]	[RECV] 13
[02:19:51:498]	[SEND] UNLOAD O
[02:19:51:542]	[RECV] A
[02:19:58:713]	[RECV] M00000000,00000000,00000000
[02:19:58:717]	[SEND] STATUS
[02:19:58:769]	[RECV] A
[02:19:58:770]	[RECV] S7350142B
[02:19:58:771]	[OPER] End> Unload, Result : Completed
[02:20:00:788]	[OPER] Start> Clamp
[02:20:00:788]	[SEND] RESET
[02:20:00:830]	[RECV] A
[02:20:00:831]	[RECV] O
[02:20:00:835]	[SEND] POD_LOCK ON
[02:20:00:887]	[RECV] A
[02:20:00:888]	[RECV] O
[02:20:00:891]	[SEND] STATUS
[02:20:00:944]	[RECV] A
[02:20:00:945]	[RECV] S7350142B
[02:20:00:947]	[OPER] End> Clamp, Result : Completed
[02:20:01:136]	[OPER] Start> Load
[02:20:01:136]	[SEND] RESET
[02:20:01:179]	[RECV] A
[02:20:01:180]	[RECV] O
[02:20:01:184]	[SEND] CFG_SLOTS
[02:20:01:232]	[RECV] A
[02:20:01:233]	[RECV] 13
[02:20:01:234]	[SEND] LOAD O
[02:20:01:277]	[RECV] A
[02:20:13:077]	[RECV] M00000000,00000000,00000000
[02:20:13:080]	[SEND] STATUS
[02:20:13:132]	[RECV] A
[02:20:13:133]	[RECV] S33500C27
[02:20:13:134]	[OPER] End> Load, Result : Completed
[02:31:46:601]	[OPER] Start> Unload
[02:31:46:601]	[SEND] RESET
[02:31:46:644]	[RECV] A
[02:31:46:645]	[RECV] O
[02:31:46:648]	[SEND] CFG_SLOTS
[02:31:46:696]	[RECV] A
[02:31:46:697]	[RECV] 13
[02:31:46:701]	[SEND] UNLOAD O
[02:31:46:745]	[RECV] A
[02:31:53:917]	[RECV] M00000000,00000000,00000000
[02:31:53:920]	[SEND] STATUS
[02:31:53:972]	[RECV] A
[02:31:53:973]	[RECV] S7350142B
[02:31:53:974]	[OPER] End> Unload, Result : Completed
[02:31:55:989]	[OPER] Start> Clamp
[02:31:55:989]	[SEND] RESET
[02:31:56:031]	[RECV] A
[02:31:56:032]	[RECV] O
[02:31:56:036]	[SEND] POD_LOCK ON
[02:31:56:088]	[RECV] A
[02:31:56:089]	[RECV] O
[02:31:56:093]	[SEND] STATUS
[02:31:56:144]	[RECV] A
[02:31:56:145]	[RECV] S7350142B
[02:31:56:146]	[OPER] End> Clamp, Result : Completed
[02:31:56:332]	[OPER] Start> Load
[02:31:56:332]	[SEND] RESET
[02:31:56:374]	[RECV] A
[02:31:56:375]	[RECV] O
[02:31:56:379]	[SEND] CFG_SLOTS
[02:31:56:426]	[RECV] A
[02:31:56:427]	[RECV] 13
[02:31:56:430]	[SEND] LOAD O
[02:31:56:472]	[RECV] A
[02:32:08:272]	[RECV] M00000000,00000000,00000000
[02:32:08:276]	[SEND] STATUS
[02:32:08:329]	[RECV] A
[02:32:08:330]	[RECV] S33500C27
[02:32:08:332]	[OPER] End> Load, Result : Completed
[02:41:53:266]	[OPER] Start> Unload
[02:41:53:266]	[SEND] RESET
[02:41:53:309]	[RECV] A
[02:41:53:310]	[RECV] O
[02:41:53:312]	[SEND] CFG_SLOTS
[02:41:53:361]	[RECV] A
[02:41:53:362]	[RECV] 13
[02:41:53:365]	[SEND] UNLOAD O
[02:41:53:409]	[RECV] A
[02:42:00:601]	[RECV] M00000000,00000000,00000000
[02:42:00:603]	[SEND] STATUS
[02:42:00:656]	[RECV] A
[02:42:00:657]	[RECV] S7350142B
[02:42:00:659]	[OPER] End> Unload, Result : Completed
[02:42:02:676]	[OPER] Start> Clamp
[02:42:02:676]	[SEND] RESET
[02:42:02:718]	[RECV] A
[02:42:02:719]	[RECV] O
[02:42:02:723]	[SEND] POD_LOCK ON
[02:42:02:774]	[RECV] A
[02:42:02:775]	[RECV] O
[02:42:02:779]	[SEND] STATUS
[02:42:02:832]	[RECV] A
[02:42:02:833]	[RECV] S7350142B
[02:42:02:835]	[OPER] End> Clamp, Result : Completed
[02:42:03:022]	[OPER] Start> Load
[02:42:03:022]	[SEND] RESET
[02:42:03:064]	[RECV] A
[02:42:03:065]	[RECV] O
[02:42:03:068]	[SEND] CFG_SLOTS
[02:42:03:117]	[RECV] A
[02:42:03:118]	[RECV] 13
[02:42:03:122]	[SEND] LOAD O
[02:42:03:163]	[RECV] A
[02:42:14:994]	[RECV] M00000000,00000000,00000000
[02:42:14:998]	[SEND] STATUS
[02:42:15:050]	[RECV] A
[02:42:15:051]	[RECV] S33500C27
[02:42:15:053]	[OPER] End> Load, Result : Completed
[02:53:51:307]	[OPER] Start> Unload
[02:53:51:307]	[SEND] RESET
[02:53:51:350]	[RECV] A
[02:53:51:351]	[RECV] O
[02:53:51:355]	[SEND] CFG_SLOTS
[02:53:51:403]	[RECV] A
[02:53:51:404]	[RECV] 13
[02:53:51:407]	[SEND] UNLOAD O
[02:53:51:450]	[RECV] A
[02:53:58:620]	[RECV] M00000000,00000000,00000000
[02:53:58:624]	[SEND] STATUS
[02:53:58:675]	[RECV] A
[02:53:58:676]	[RECV] S7350142B
[02:53:58:677]	[OPER] End> Unload, Result : Completed
[02:54:00:693]	[OPER] Start> Clamp
[02:54:00:693]	[SEND] RESET
[02:54:00:735]	[RECV] A
[02:54:00:736]	[RECV] O
[02:54:00:739]	[SEND] POD_LOCK ON
[02:54:00:790]	[RECV] A
[02:54:00:791]	[RECV] O
[02:54:00:795]	[SEND] STATUS
[02:54:00:847]	[RECV] A
[02:54:00:848]	[RECV] S7350142B
[02:54:00:849]	[OPER] End> Clamp, Result : Completed
[02:54:01:035]	[OPER] Start> Load
[02:54:01:035]	[SEND] RESET
[02:54:01:077]	[RECV] A
[02:54:01:078]	[RECV] O
[02:54:01:082]	[SEND] CFG_SLOTS
[02:54:01:129]	[RECV] A
[02:54:01:130]	[RECV] 13
[02:54:01:133]	[SEND] LOAD O
[02:54:01:174]	[RECV] A
[02:54:12:981]	[RECV] M00000000,00000000,00000000
[02:54:12:985]	[SEND] STATUS
[02:54:13:037]	[RECV] A
[02:54:13:038]	[RECV] S33500C27
[02:54:13:039]	[OPER] End> Load, Result : Completed
[03:05:54:812]	[OPER] Start> Unload
[03:05:54:812]	[SEND] RESET
[03:05:54:856]	[RECV] A
[03:05:54:857]	[RECV] O
[03:05:54:861]	[SEND] CFG_SLOTS
[03:05:54:909]	[RECV] A
[03:05:54:910]	[RECV] 13
[03:05:54:914]	[SEND] UNLOAD O
[03:05:54:957]	[RECV] A
[03:06:02:125]	[RECV] M00000000,00000000,00000000
[03:06:02:129]	[SEND] STATUS
[03:06:02:182]	[RECV] A
[03:06:02:183]	[RECV] S7350142B
[03:06:02:185]	[OPER] End> Unload, Result : Completed
[03:06:04:201]	[OPER] Start> Clamp
[03:06:04:201]	[SEND] RESET
[03:06:04:243]	[RECV] A
[03:06:04:244]	[RECV] O
[03:06:04:247]	[SEND] POD_LOCK ON
[03:06:04:299]	[RECV] A
[03:06:04:300]	[RECV] O
[03:06:04:303]	[SEND] STATUS
[03:06:04:356]	[RECV] A
[03:06:04:357]	[RECV] S7350142B
[03:06:04:358]	[OPER] End> Clamp, Result : Completed
[03:06:04:546]	[OPER] Start> Load
[03:06:04:546]	[SEND] RESET
[03:06:04:587]	[RECV] A
[03:06:04:588]	[RECV] O
[03:06:04:591]	[SEND] CFG_SLOTS
[03:06:04:640]	[RECV] A
[03:06:04:641]	[RECV] 13
[03:06:04:644]	[SEND] LOAD O
[03:06:04:685]	[RECV] A
[03:06:16:485]	[RECV] M00000000,00000000,00000000
[03:06:16:489]	[SEND] STATUS
[03:06:16:541]	[RECV] A
[03:06:16:542]	[RECV] S33500C27
[03:06:16:544]	[OPER] End> Load, Result : Completed
[03:17:35:755]	[OPER] Start> Unload
[03:17:35:755]	[SEND] RESET
[03:17:35:798]	[RECV] A
[03:17:35:799]	[RECV] O
[03:17:35:802]	[SEND] CFG_SLOTS
[03:17:35:851]	[RECV] A
[03:17:35:852]	[RECV] 13
[03:17:35:855]	[SEND] UNLOAD O
[03:17:35:899]	[RECV] A
[03:17:43:057]	[RECV] M00000000,00000000,00000000
[03:17:43:061]	[SEND] STATUS
[03:17:43:114]	[RECV] A
[03:17:43:115]	[RECV] S7350142B
[03:17:43:117]	[OPER] End> Unload, Result : Completed
[03:17:45:132]	[OPER] Start> Clamp
[03:17:45:132]	[SEND] RESET
[03:17:45:176]	[RECV] A
[03:17:45:177]	[RECV] O
[03:17:45:181]	[SEND] POD_LOCK ON
[03:17:45:233]	[RECV] A
[03:17:45:234]	[RECV] O
[03:17:45:238]	[SEND] STATUS
[03:17:45:291]	[RECV] A
[03:17:45:292]	[RECV] S7350142B
[03:17:45:293]	[OPER] End> Clamp, Result : Completed
[03:17:45:480]	[OPER] Start> Load
[03:17:45:480]	[SEND] RESET
[03:17:45:524]	[RECV] A
[03:17:45:525]	[RECV] O
[03:17:45:528]	[SEND] CFG_SLOTS
[03:17:45:576]	[RECV] A
[03:17:45:577]	[RECV] 13
[03:17:45:581]	[SEND] LOAD O
[03:17:45:624]	[RECV] A
[03:17:57:444]	[RECV] M00000000,00000000,00000000
[03:17:57:447]	[SEND] STATUS
[03:17:57:499]	[RECV] A
[03:17:57:500]	[RECV] S33500C27
[03:17:57:502]	[OPER] End> Load, Result : Completed
[03:29:40:737]	[OPER] Start> Unload
[03:29:40:737]	[SEND] RESET
[03:29:40:780]	[RECV] A
[03:29:40:781]	[RECV] O
[03:29:40:785]	[SEND] CFG_SLOTS
[03:29:40:833]	[RECV] A
[03:29:40:834]	[RECV] 13
[03:29:40:838]	[SEND] UNLOAD O
[03:29:40:880]	[RECV] A
[03:29:48:041]	[RECV] M00000000,00000000,00000000
[03:29:48:044]	[SEND] STATUS
[03:29:48:096]	[RECV] A
[03:29:48:097]	[RECV] S7350142B
[03:29:48:098]	[OPER] End> Unload, Result : Completed
[03:29:50:114]	[OPER] Start> Clamp
[03:29:50:114]	[SEND] RESET
[03:29:50:157]	[RECV] A
[03:29:50:158]	[RECV] O
[03:29:50:162]	[SEND] POD_LOCK ON
[03:29:50:214]	[RECV] A
[03:29:50:215]	[RECV] O
[03:29:50:218]	[SEND] STATUS
[03:29:50:270]	[RECV] A
[03:29:50:271]	[RECV] S7350142B
[03:29:50:273]	[OPER] End> Clamp, Result : Completed
[03:29:50:460]	[OPER] Start> Load
[03:29:50:460]	[SEND] RESET
[03:29:50:503]	[RECV] A
[03:29:50:504]	[RECV] O
[03:29:50:508]	[SEND] CFG_SLOTS
[03:29:50:557]	[RECV] A
[03:29:50:558]	[RECV] 13
[03:29:50:561]	[SEND] LOAD O
[03:29:50:602]	[RECV] A
[03:30:02:423]	[RECV] M00000000,00000000,00000000
[03:30:02:427]	[SEND] STATUS
[03:30:02:480]	[RECV] A
[03:30:02:481]	[RECV] S33500C27
[03:30:02:483]	[OPER] End> Load, Result : Completed
[03:40:40:098]	[OPER] Start> Unload
[03:40:40:098]	[SEND] RESET
[03:40:40:141]	[RECV] A
[03:40:40:142]	[RECV] O
[03:40:40:145]	[SEND] CFG_SLOTS
[03:40:40:191]	[RECV] A
[03:40:40:192]	[RECV] 13
[03:40:40:196]	[SEND] UNLOAD O
[03:40:40:240]	[RECV] A
[03:40:47:400]	[RECV] M00000000,00000000,00000000
[03:40:47:404]	[SEND] STATUS
[03:40:47:457]	[RECV] A
[03:40:47:458]	[RECV] S7350142B
[03:40:47:460]	[OPER] End> Unload, Result : Completed
[03:40:49:476]	[OPER] Start> Clamp
[03:40:49:476]	[SEND] RESET
[03:40:49:519]	[RECV] A
[03:40:49:520]	[RECV] O
[03:40:49:523]	[SEND] POD_LOCK ON
[03:40:49:574]	[RECV] A
[03:40:49:575]	[RECV] O
[03:40:49:579]	[SEND] STATUS
[03:40:49:632]	[RECV] A
[03:40:49:633]	[RECV] S7350142B
[03:40:49:635]	[OPER] End> Clamp, Result : Completed
[03:40:49:822]	[OPER] Start> Load
[03:40:49:822]	[SEND] RESET
[03:40:49:865]	[RECV] A
[03:40:49:866]	[RECV] O
[03:40:49:869]	[SEND] CFG_SLOTS
[03:40:49:916]	[RECV] A
[03:40:49:917]	[RECV] 13
[03:40:49:920]	[SEND] LOAD O
[03:40:49:962]	[RECV] A
[03:41:01:782]	[RECV] M00000000,00000000,00000000
[03:41:01:785]	[SEND] STATUS
[03:41:01:839]	[RECV] A
[03:41:01:840]	[RECV] S33500C27
[03:41:01:842]	[OPER] End> Load, Result : Completed
[03:52:46:315]	[OPER] Start> Unload
[03:52:46:315]	[SEND] RESET
[03:52:46:360]	[RECV] A
[03:52:46:361]	[RECV] O
[03:52:46:364]	[SEND] CFG_SLOTS
[03:52:46:412]	[RECV] A
[03:52:46:414]	[RECV] 13
[03:52:46:417]	[SEND] UNLOAD O
[03:52:46:459]	[RECV] A
[03:52:53:621]	[RECV] M00000000,00000000,00000000
[03:52:53:625]	[SEND] STATUS
[03:52:53:678]	[RECV] A
[03:52:53:679]	[RECV] S7350142B
[03:52:53:680]	[OPER] End> Unload, Result : Completed
[03:52:55:697]	[OPER] Start> Clamp
[03:52:55:697]	[SEND] RESET
[03:52:55:739]	[RECV] A
[03:52:55:740]	[RECV] O
[03:52:55:744]	[SEND] POD_LOCK ON
[03:52:55:795]	[RECV] A
[03:52:55:796]	[RECV] O
[03:52:55:800]	[SEND] STATUS
[03:52:55:851]	[RECV] A
[03:52:55:852]	[RECV] S7350142B
[03:52:55:854]	[OPER] End> Clamp, Result : Completed
[03:52:56:040]	[OPER] Start> Load
[03:52:56:040]	[SEND] RESET
[03:52:56:082]	[RECV] A
[03:52:56:083]	[RECV] O
[03:52:56:086]	[SEND] CFG_SLOTS
[03:52:56:134]	[RECV] A
[03:52:56:135]	[RECV] 13
[03:52:56:139]	[SEND] LOAD O
[03:52:56:181]	[RECV] A
[03:53:07:999]	[RECV] M00000000,00000000,00000000
[03:53:08:003]	[SEND] STATUS
[03:53:08:055]	[RECV] A
[03:53:08:057]	[RECV] S33500C27
[03:53:08:058]	[OPER] End> Load, Result : Completed
[04:03:46:794]	[OPER] Start> Unload
[04:03:46:794]	[SEND] RESET
[04:03:46:837]	[RECV] A
[04:03:46:838]	[RECV] O
[04:03:46:842]	[SEND] CFG_SLOTS
[04:03:46:890]	[RECV] A
[04:03:46:891]	[RECV] 13
[04:03:46:894]	[SEND] UNLOAD O
[04:03:46:939]	[RECV] A
[04:03:54:100]	[RECV] M00000000,00000000,00000000
[04:03:54:104]	[SEND] STATUS
[04:03:54:156]	[RECV] A
[04:03:54:157]	[RECV] S7350142B
[04:03:54:158]	[OPER] End> Unload, Result : Completed
[04:03:56:174]	[OPER] Start> Clamp
[04:03:56:174]	[SEND] RESET
[04:03:56:217]	[RECV] A
[04:03:56:218]	[RECV] O
[04:03:56:221]	[SEND] POD_LOCK ON
[04:03:56:272]	[RECV] A
[04:03:56:273]	[RECV] O
[04:03:56:277]	[SEND] STATUS
[04:03:56:328]	[RECV] A
[04:03:56:329]	[RECV] S7350142B
[04:03:56:331]	[OPER] End> Clamp, Result : Completed
[04:03:56:517]	[OPER] Start> Load
[04:03:56:517]	[SEND] RESET
[04:03:56:561]	[RECV] A
[04:03:56:562]	[RECV] O
[04:03:56:565]	[SEND] CFG_SLOTS
[04:03:56:612]	[RECV] A
[04:03:56:613]	[RECV] 13
[04:03:56:616]	[SEND] LOAD O
[04:03:56:657]	[RECV] A
[04:04:08:480]	[RECV] M00000000,00000000,00000000
[04:04:08:484]	[SEND] STATUS
[04:04:08:537]	[RECV] A
[04:04:08:538]	[RECV] S33500C27
[04:04:08:539]	[OPER] End> Load, Result : Completed
[04:15:46:838]	[OPER] Start> Unload
[04:15:46:838]	[SEND] RESET
[04:15:46:880]	[RECV] A
[04:15:46:881]	[RECV] O
[04:15:46:884]	[SEND] CFG_SLOTS
[04:15:46:932]	[RECV] A
[04:15:46:933]	[RECV] 13
[04:15:46:937]	[SEND] UNLOAD O
[04:15:46:981]	[RECV] A
[04:15:54:149]	[RECV] M00000000,00000000,00000000
[04:15:54:153]	[SEND] STATUS
[04:15:54:205]	[RECV] A
[04:15:54:206]	[RECV] S7350142B
[04:15:54:207]	[OPER] End> Unload, Result : Completed
[04:15:56:222]	[OPER] Start> Clamp
[04:15:56:222]	[SEND] RESET
[04:15:56:265]	[RECV] A
[04:15:56:266]	[RECV] O
[04:15:56:270]	[SEND] POD_LOCK ON
[04:15:56:323]	[RECV] A
[04:15:56:324]	[RECV] O
[04:15:56:328]	[SEND] STATUS
[04:15:56:380]	[RECV] A
[04:15:56:381]	[RECV] S7350142B
[04:15:56:383]	[OPER] End> Clamp, Result : Completed
[04:15:56:568]	[OPER] Start> Load
[04:15:56:568]	[SEND] RESET
[04:15:56:610]	[RECV] A
[04:15:56:611]	[RECV] O
[04:15:56:614]	[SEND] CFG_SLOTS
[04:15:56:663]	[RECV] A
[04:15:56:664]	[RECV] 13
[04:15:56:668]	[SEND] LOAD O
[04:15:56:710]	[RECV] A
[04:16:08:509]	[RECV] M00000000,00000000,00000000
[04:16:08:513]	[SEND] STATUS
[04:16:08:564]	[RECV] A
[04:16:08:565]	[RECV] S33500C27
[04:16:08:566]	[OPER] End> Load, Result : Completed
[04:26:39:810]	[OPER] Start> Unload
[04:26:39:810]	[SEND] RESET
[04:26:39:853]	[RECV] A
[04:26:39:855]	[RECV] O
[04:26:39:859]	[SEND] CFG_SLOTS
[04:26:39:906]	[RECV] A
[04:26:39:907]	[RECV] 13
[04:26:39:909]	[SEND] UNLOAD O
[04:26:39:953]	[RECV] A
[04:26:47:119]	[RECV] M00000000,00000000,00000000
[04:26:47:122]	[SEND] STATUS
[04:26:47:174]	[RECV] A
[04:26:47:175]	[RECV] S7350142B
[04:26:47:177]	[OPER] End> Unload, Result : Completed
[04:26:49:193]	[OPER] Start> Clamp
[04:26:49:193]	[SEND] RESET
[04:26:49:235]	[RECV] A
[04:26:49:236]	[RECV] O
[04:26:49:239]	[SEND] POD_LOCK ON
[04:26:49:291]	[RECV] A
[04:26:49:292]	[RECV] O
[04:26:49:295]	[SEND] STATUS
[04:26:49:348]	[RECV] A
[04:26:49:349]	[RECV] S7350142B
[04:26:49:350]	[OPER] End> Clamp, Result : Completed
[04:26:49:537]	[OPER] Start> Load
[04:26:49:537]	[SEND] RESET
[04:26:49:580]	[RECV] A
[04:26:49:581]	[RECV] O
[04:26:49:584]	[SEND] CFG_SLOTS
[04:26:49:634]	[RECV] A
[04:26:49:635]	[RECV] 13
[04:26:49:638]	[SEND] LOAD O
[04:26:49:680]	[RECV] A
[04:27:01:490]	[RECV] M00000000,00000000,00000000
[04:27:01:493]	[SEND] STATUS
[04:27:01:545]	[RECV] A
[04:27:01:546]	[RECV] S33500C27
[04:27:01:547]	[OPER] End> Load, Result : Completed
[04:38:36:669]	[OPER] Start> Unload
[04:38:36:669]	[SEND] RESET
[04:38:36:711]	[RECV] A
[04:38:36:713]	[RECV] O
[04:38:36:717]	[SEND] CFG_SLOTS
[04:38:36:765]	[RECV] A
[04:38:36:766]	[RECV] 13
[04:38:36:771]	[SEND] UNLOAD O
[04:38:36:814]	[RECV] A
[04:38:43:983]	[RECV] M00000000,00000000,00000000
[04:38:43:987]	[SEND] STATUS
[04:38:44:039]	[RECV] A
[04:38:44:040]	[RECV] S7350142B
[04:38:44:041]	[OPER] End> Unload, Result : Completed
[04:38:46:057]	[OPER] Start> Clamp
[04:38:46:057]	[SEND] RESET
[04:38:46:100]	[RECV] A
[04:38:46:101]	[RECV] O
[04:38:46:104]	[SEND] POD_LOCK ON
[04:38:46:155]	[RECV] A
[04:38:46:156]	[RECV] O
[04:38:46:160]	[SEND] STATUS
[04:38:46:212]	[RECV] A
[04:38:46:213]	[RECV] S7350142B
[04:38:46:214]	[OPER] End> Clamp, Result : Completed
[04:38:46:401]	[OPER] Start> Load
[04:38:46:401]	[SEND] RESET
[04:38:46:443]	[RECV] A
[04:38:46:444]	[RECV] O
[04:38:46:448]	[SEND] CFG_SLOTS
[04:38:46:496]	[RECV] A
[04:38:46:497]	[RECV] 13
[04:38:46:500]	[SEND] LOAD O
[04:38:46:543]	[RECV] A
[04:38:58:350]	[RECV] M00000000,00000000,00000000
[04:38:58:353]	[SEND] STATUS
[04:38:58:405]	[RECV] A
[04:38:58:405]	[RECV] S33500C27
[04:38:58:406]	[OPER] End> Load, Result : Completed
[04:49:29:163]	[OPER] Start> Unload
[04:49:29:163]	[SEND] RESET
[04:49:29:207]	[RECV] A
[04:49:29:208]	[RECV] O
[04:49:29:212]	[SEND] CFG_SLOTS
[04:49:29:261]	[RECV] A
[04:49:29:262]	[RECV] 13
[04:49:29:266]	[SEND] UNLOAD O
[04:49:29:309]	[RECV] A
[04:49:36:480]	[RECV] M00000000,00000000,00000000
[04:49:36:484]	[SEND] STATUS
[04:49:36:536]	[RECV] A
[04:49:36:537]	[RECV] S7350142B
[04:49:36:539]	[OPER] End> Unload, Result : Completed
[04:49:38:557]	[OPER] Start> Clamp
[04:49:38:557]	[SEND] RESET
[04:49:38:599]	[RECV] A
[04:49:38:600]	[RECV] O
[04:49:38:603]	[SEND] POD_LOCK ON
[04:49:38:653]	[RECV] A
[04:49:38:654]	[RECV] O
[04:49:38:657]	[SEND] STATUS
[04:49:38:709]	[RECV] A
[04:49:38:710]	[RECV] S7350142B
[04:49:38:711]	[OPER] End> Clamp, Result : Completed
[04:49:38:896]	[OPER] Start> Load
[04:49:38:896]	[SEND] RESET
[04:49:38:938]	[RECV] A
[04:49:38:939]	[RECV] O
[04:49:38:942]	[SEND] CFG_SLOTS
[04:49:38:990]	[RECV] A
[04:49:38:991]	[RECV] 13
[04:49:38:994]	[SEND] LOAD O
[04:49:39:034]	[RECV] A
[04:49:50:840]	[RECV] M00000000,00000000,00000000
[04:49:50:843]	[SEND] STATUS
[04:49:50:896]	[RECV] A
[04:49:50:897]	[RECV] S33500C27
[04:49:50:899]	[OPER] End> Load, Result : Completed
[05:01:26:097]	[OPER] Start> Unload
[05:01:26:097]	[SEND] RESET
[05:01:26:141]	[RECV] A
[05:01:26:142]	[RECV] O
[05:01:26:145]	[SEND] CFG_SLOTS
[05:01:26:194]	[RECV] A
[05:01:26:195]	[RECV] 13
[05:01:26:198]	[SEND] UNLOAD O
[05:01:26:242]	[RECV] A
[05:01:33:413]	[RECV] M00000000,00000000,00000000
[05:01:33:417]	[SEND] STATUS
[05:01:33:469]	[RECV] A
[05:01:33:470]	[RECV] S7350142B
[05:01:33:471]	[OPER] End> Unload, Result : Completed
[05:01:35:488]	[OPER] Start> Clamp
[05:01:35:488]	[SEND] RESET
[05:01:35:530]	[RECV] A
[05:01:35:531]	[RECV] O
[05:01:35:534]	[SEND] POD_LOCK ON
[05:01:35:585]	[RECV] A
[05:01:35:586]	[RECV] O
[05:01:35:589]	[SEND] STATUS
[05:01:35:641]	[RECV] A
[05:01:35:642]	[RECV] S7350142B
[05:01:35:643]	[OPER] End> Clamp, Result : Completed
[05:01:35:830]	[OPER] Start> Load
[05:01:35:830]	[SEND] RESET
[05:01:35:874]	[RECV] A
[05:01:35:875]	[RECV] O
[05:01:35:878]	[SEND] CFG_SLOTS
[05:01:35:928]	[RECV] A
[05:01:35:929]	[RECV] 13
[05:01:35:932]	[SEND] LOAD O
[05:01:35:973]	[RECV] A
[05:01:47:771]	[RECV] M00000000,00000000,00000000
[05:01:47:775]	[SEND] STATUS
[05:01:47:828]	[RECV] A
[05:01:47:829]	[RECV] S33500C27
[05:01:47:831]	[OPER] End> Load, Result : Completed
[05:11:25:769]	[OPER] Start> Unload
[05:11:25:769]	[SEND] RESET
[05:11:25:811]	[RECV] A
[05:11:25:812]	[RECV] O
[05:11:25:815]	[SEND] CFG_SLOTS
[05:11:25:863]	[RECV] A
[05:11:25:864]	[RECV] 13
[05:11:25:867]	[SEND] UNLOAD O
[05:11:25:912]	[RECV] A
[05:11:33:095]	[RECV] M00000000,00000000,00000000
[05:11:33:098]	[SEND] STATUS
[05:11:33:148]	[RECV] A
[05:11:33:149]	[RECV] S7350142B
[05:11:33:150]	[OPER] End> Unload, Result : Completed
[05:11:35:167]	[OPER] Start> Clamp
[05:11:35:167]	[SEND] RESET
[05:11:35:210]	[RECV] A
[05:11:35:211]	[RECV] O
[05:11:35:214]	[SEND] POD_LOCK ON
[05:11:35:266]	[RECV] A
[05:11:35:267]	[RECV] O
[05:11:35:271]	[SEND] STATUS
[05:11:35:323]	[RECV] A
[05:11:35:324]	[RECV] S7350142B
[05:11:35:325]	[OPER] End> Clamp, Result : Completed
[05:11:35:510]	[OPER] Start> Load
[05:11:35:510]	[SEND] RESET
[05:11:35:553]	[RECV] A
[05:11:35:554]	[RECV] O
[05:11:35:558]	[SEND] CFG_SLOTS
[05:11:35:607]	[RECV] A
[05:11:35:608]	[RECV] 13
[05:11:35:611]	[SEND] LOAD O
[05:11:35:654]	[RECV] A
[05:11:47:482]	[RECV] M00000000,00000000,00000000
[05:11:47:486]	[SEND] STATUS
[05:11:47:538]	[RECV] A
[05:11:47:539]	[RECV] S33500C27
[05:11:47:540]	[OPER] End> Load, Result : Completed
[05:23:17:914]	[OPER] Start> Unload
[05:23:17:914]	[SEND] RESET
[05:23:17:957]	[RECV] A
[05:23:17:958]	[RECV] O
[05:23:17:961]	[SEND] CFG_SLOTS
[05:23:18:009]	[RECV] A
[05:23:18:010]	[RECV] 13
[05:23:18:013]	[SEND] UNLOAD O
[05:23:18:058]	[RECV] A
[05:23:25:229]	[RECV] M00000000,00000000,00000000
[05:23:25:233]	[SEND] STATUS
[05:23:25:285]	[RECV] A
[05:23:25:286]	[RECV] S7350142B
[05:23:25:287]	[OPER] End> Unload, Result : Completed
[05:23:27:303]	[OPER] Start> Clamp
[05:23:27:303]	[SEND] RESET
[05:23:27:345]	[RECV] A
[05:23:27:346]	[RECV] O
[05:23:27:349]	[SEND] POD_LOCK ON
[05:23:27:402]	[RECV] A
[05:23:27:403]	[RECV] O
[05:23:27:406]	[SEND] STATUS
[05:23:27:457]	[RECV] A
[05:23:27:458]	[RECV] S7350142B
[05:23:27:460]	[OPER] End> Clamp, Result : Completed
[05:23:27:647]	[OPER] Start> Load
[05:23:27:647]	[SEND] RESET
[05:23:27:691]	[RECV] A
[05:23:27:692]	[RECV] O
[05:23:27:695]	[SEND] CFG_SLOTS
[05:23:27:743]	[RECV] A
[05:23:27:744]	[RECV] 13
[05:23:27:749]	[SEND] LOAD O
[05:23:27:791]	[RECV] A
[05:23:39:599]	[RECV] M00000000,00000000,00000000
[05:23:39:602]	[SEND] STATUS
[05:23:39:655]	[RECV] A
[05:23:39:656]	[RECV] S33500C27
[05:23:39:658]	[OPER] End> Load, Result : Completed
[05:35:16:913]	[OPER] Start> Unload
[05:35:16:913]	[SEND] RESET
[05:35:16:956]	[RECV] A
[05:35:16:957]	[RECV] O
[05:35:16:961]	[SEND] CFG_SLOTS
[05:35:17:014]	[RECV] A
[05:35:17:015]	[RECV] 13
[05:35:17:019]	[SEND] UNLOAD O
[05:35:17:063]	[RECV] A
[05:35:24:232]	[RECV] M00000000,00000000,00000000
[05:35:24:236]	[SEND] STATUS
[05:35:24:289]	[RECV] A
[05:35:24:291]	[RECV] S7350142B
[05:35:24:293]	[OPER] End> Unload, Result : Completed
[05:35:26:308]	[OPER] Start> Clamp
[05:35:26:308]	[SEND] RESET
[05:35:26:351]	[RECV] A
[05:35:26:352]	[RECV] O
[05:35:26:356]	[SEND] POD_LOCK ON
[05:35:26:408]	[RECV] A
[05:35:26:409]	[RECV] O
[05:35:26:413]	[SEND] STATUS
[05:35:26:466]	[RECV] A
[05:35:26:467]	[RECV] S7350142B
[05:35:26:469]	[OPER] End> Clamp, Result : Completed
[05:35:26:654]	[OPER] Start> Load
[05:35:26:654]	[SEND] RESET
[05:35:26:696]	[RECV] A
[05:35:26:697]	[RECV] O
[05:35:26:700]	[SEND] CFG_SLOTS
[05:35:26:749]	[RECV] A
[05:35:26:750]	[RECV] 13
[05:35:26:754]	[SEND] LOAD O
[05:35:26:795]	[RECV] A
[05:35:38:601]	[RECV] M00000000,00000000,00000000
[05:35:38:605]	[SEND] STATUS
[05:35:38:657]	[RECV] A
[05:35:38:658]	[RECV] S33500C27
[05:35:38:660]	[OPER] End> Load, Result : Completed
[05:46:55:582]	[OPER] Start> Unload
[05:46:55:582]	[SEND] RESET
[05:46:55:626]	[RECV] A
[05:46:55:627]	[RECV] O
[05:46:55:631]	[SEND] CFG_SLOTS
[05:46:55:681]	[RECV] A
[05:46:55:682]	[RECV] 13
[05:46:55:685]	[SEND] UNLOAD O
[05:46:55:729]	[RECV] A
[05:47:02:899]	[RECV] M00000000,00000000,00000000
[05:47:02:902]	[SEND] STATUS
[05:47:02:954]	[RECV] A
[05:47:02:955]	[RECV] S7350142B
[05:47:02:957]	[OPER] End> Unload, Result : Completed
[05:47:04:973]	[OPER] Start> Clamp
[05:47:04:973]	[SEND] RESET
[05:47:05:017]	[RECV] A
[05:47:05:018]	[RECV] O
[05:47:05:021]	[SEND] POD_LOCK ON
[05:47:05:074]	[RECV] A
[05:47:05:075]	[RECV] O
[05:47:05:079]	[SEND] STATUS
[05:47:05:131]	[RECV] A
[05:47:05:132]	[RECV] S7350142B
[05:47:05:133]	[OPER] End> Clamp, Result : Completed
[05:47:05:318]	[OPER] Start> Load
[05:47:05:318]	[SEND] RESET
[05:47:05:362]	[RECV] A
[05:47:05:363]	[RECV] O
[05:47:05:367]	[SEND] CFG_SLOTS
[05:47:05:415]	[RECV] A
[05:47:05:416]	[RECV] 13
[05:47:05:420]	[SEND] LOAD O
[05:47:05:462]	[RECV] A
[05:47:17:263]	[RECV] M00000000,00000000,00000000
[05:47:17:266]	[SEND] STATUS
[05:47:17:319]	[RECV] A
[05:47:17:320]	[RECV] S33500C27
[05:47:17:321]	[OPER] End> Load, Result : Completed
[05:58:49:783]	[OPER] Start> Unload
[05:58:49:783]	[SEND] RESET
[05:58:49:826]	[RECV] A
[05:58:49:827]	[RECV] O
[05:58:49:830]	[SEND] CFG_SLOTS
[05:58:49:879]	[RECV] A
[05:58:49:880]	[RECV] 13
[05:58:49:883]	[SEND] UNLOAD O
[05:58:49:927]	[RECV] A
[05:58:57:086]	[RECV] M00000000,00000000,00000000
[05:58:57:089]	[SEND] STATUS
[05:58:57:141]	[RECV] A
[05:58:57:142]	[RECV] S7350142B
[05:58:57:143]	[OPER] End> Unload, Result : Completed
[05:58:59:161]	[OPER] Start> Clamp
[05:58:59:161]	[SEND] RESET
[05:58:59:204]	[RECV] A
[05:58:59:205]	[RECV] O
[05:58:59:209]	[SEND] POD_LOCK ON
[05:58:59:261]	[RECV] A
[05:58:59:262]	[RECV] O
[05:58:59:266]	[SEND] STATUS
[05:58:59:318]	[RECV] A
[05:58:59:319]	[RECV] S7350142B
[05:58:59:320]	[OPER] End> Clamp, Result : Completed
[05:58:59:505]	[OPER] Start> Load
[05:58:59:505]	[SEND] RESET
[05:58:59:548]	[RECV] A
[05:58:59:548]	[RECV] O
[05:58:59:552]	[SEND] CFG_SLOTS
[05:58:59:600]	[RECV] A
[05:58:59:601]	[RECV] 13
[05:58:59:604]	[SEND] LOAD O
[05:58:59:646]	[RECV] A
[05:59:11:464]	[RECV] M00000000,00000000,00000000
[05:59:11:467]	[SEND] STATUS
[05:59:11:519]	[RECV] A
[05:59:11:520]	[RECV] S33500C27
[05:59:11:522]	[OPER] End> Load, Result : Completed
[06:09:40:579]	[OPER] Start> Unload
[06:09:40:579]	[SEND] RESET
[06:09:40:623]	[RECV] A
[06:09:40:624]	[RECV] O
[06:09:40:628]	[SEND] CFG_SLOTS
[06:09:40:676]	[RECV] A
[06:09:40:677]	[RECV] 13
[06:09:40:682]	[SEND] UNLOAD O
[06:09:40:726]	[RECV] A
[06:09:47:893]	[RECV] M00000000,00000000,00000000
[06:09:47:896]	[SEND] STATUS
[06:09:47:947]	[RECV] A
[06:09:47:948]	[RECV] S7350142B
[06:09:47:949]	[OPER] End> Unload, Result : Completed
[06:09:49:964]	[OPER] Start> Clamp
[06:09:49:964]	[SEND] RESET
[06:09:50:006]	[RECV] A
[06:09:50:007]	[RECV] O
[06:09:50:010]	[SEND] POD_LOCK ON
[06:09:50:063]	[RECV] A
[06:09:50:064]	[RECV] O
[06:09:50:068]	[SEND] STATUS
[06:09:50:121]	[RECV] A
[06:09:50:123]	[RECV] S7350142B
[06:09:50:124]	[OPER] End> Clamp, Result : Completed
[06:09:50:308]	[OPER] Start> Load
[06:09:50:308]	[SEND] RESET
[06:09:50:352]	[RECV] A
[06:09:50:353]	[RECV] O
[06:09:50:356]	[SEND] CFG_SLOTS
[06:09:50:404]	[RECV] A
[06:09:50:405]	[RECV] 13
[06:09:50:408]	[SEND] LOAD O
[06:09:50:451]	[RECV] A
[06:10:02:247]	[RECV] M00000000,00000000,00000000
[06:10:02:251]	[SEND] STATUS
[06:10:02:302]	[RECV] A
[06:10:02:303]	[RECV] S33500C27
[06:10:02:305]	[OPER] End> Load, Result : Completed
[06:21:33:032]	[OPER] Start> Unload
[06:21:33:032]	[SEND] RESET
[06:21:33:075]	[RECV] A
[06:21:33:076]	[RECV] O
[06:21:33:078]	[SEND] CFG_SLOTS
[06:21:33:126]	[RECV] A
[06:21:33:127]	[RECV] 13
[06:21:33:130]	[SEND] UNLOAD O
[06:21:33:174]	[RECV] A
[06:21:40:340]	[RECV] M00000000,00000000,00000000
[06:21:40:344]	[SEND] STATUS
[06:21:40:395]	[RECV] A
[06:21:40:396]	[RECV] S7350142B
[06:21:40:397]	[OPER] End> Unload, Result : Completed
[06:21:42:414]	[OPER] Start> Clamp
[06:21:42:414]	[SEND] RESET
[06:21:42:457]	[RECV] A
[06:21:42:458]	[RECV] O
[06:21:42:461]	[SEND] POD_LOCK ON
[06:21:42:513]	[RECV] A
[06:21:42:514]	[RECV] O
[06:21:42:518]	[SEND] STATUS
[06:21:42:569]	[RECV] A
[06:21:42:570]	[RECV] S7350142B
[06:21:42:572]	[OPER] End> Clamp, Result : Completed
[06:21:42:757]	[OPER] Start> Load
[06:21:42:757]	[SEND] RESET
[06:21:42:800]	[RECV] A
[06:21:42:801]	[RECV] O
[06:21:42:804]	[SEND] CFG_SLOTS
[06:21:42:852]	[RECV] A
[06:21:42:853]	[RECV] 13
[06:21:42:856]	[SEND] LOAD O
[06:21:42:898]	[RECV] A
[06:21:54:692]	[RECV] M00000000,00000000,00000000
[06:21:54:695]	[SEND] STATUS
[06:21:54:747]	[RECV] A
[06:21:54:748]	[RECV] S33500C27
[06:21:54:749]	[OPER] End> Load, Result : Completed
[06:32:28:445]	[OPER] Start> Unload
[06:32:28:445]	[SEND] RESET
[06:32:28:487]	[RECV] A
[06:32:28:488]	[RECV] O
[06:32:28:492]	[SEND] CFG_SLOTS
[06:32:28:538]	[RECV] A
[06:32:28:539]	[RECV] 13
[06:32:28:542]	[SEND] UNLOAD O
[06:32:28:586]	[RECV] A
[06:32:35:753]	[RECV] M00000000,00000000,00000000
[06:32:35:757]	[SEND] STATUS
[06:32:35:809]	[RECV] A
[06:32:35:810]	[RECV] S7350142B
[06:32:35:811]	[OPER] End> Unload, Result : Completed
[06:32:37:827]	[OPER] Start> Clamp
[06:32:37:827]	[SEND] RESET
[06:32:37:870]	[RECV] A
[06:32:37:871]	[RECV] O
[06:32:37:876]	[SEND] POD_LOCK ON
[06:32:37:927]	[RECV] A
[06:32:37:928]	[RECV] O
[06:32:37:932]	[SEND] STATUS
[06:32:37:984]	[RECV] A
[06:32:37:985]	[RECV] S7350142B
[06:32:37:988]	[OPER] End> Clamp, Result : Completed
[06:32:38:176]	[OPER] Start> Load
[06:32:38:176]	[SEND] RESET
[06:32:38:218]	[RECV] A
[06:32:38:219]	[RECV] O
[06:32:38:225]	[SEND] CFG_SLOTS
[06:32:38:272]	[RECV] A
[06:32:38:273]	[RECV] 13
[06:32:38:276]	[SEND] LOAD O
[06:32:38:318]	[RECV] A
[06:32:50:109]	[RECV] M00000000,00000000,00000000
[06:32:50:113]	[SEND] STATUS
[06:32:50:164]	[RECV] A
[06:32:50:165]	[RECV] S33500C27
[06:32:50:167]	[OPER] End> Load, Result : Completed
[06:44:28:173]	[OPER] Start> Unload
[06:44:28:173]	[SEND] RESET
[06:44:28:217]	[RECV] A
[06:44:28:218]	[RECV] O
[06:44:28:221]	[SEND] CFG_SLOTS
[06:44:28:268]	[RECV] A
[06:44:28:269]	[RECV] 13
[06:44:28:273]	[SEND] UNLOAD O
[06:44:28:317]	[RECV] A
[06:44:35:484]	[RECV] M00000000,00000000,00000000
[06:44:35:488]	[SEND] STATUS
[06:44:35:540]	[RECV] A
[06:44:35:541]	[RECV] S7350142B
[06:44:35:543]	[OPER] End> Unload, Result : Completed
[06:44:37:559]	[OPER] Start> Clamp
[06:44:37:559]	[SEND] RESET
[06:44:37:601]	[RECV] A
[06:44:37:602]	[RECV] O
[06:44:37:605]	[SEND] POD_LOCK ON
[06:44:37:657]	[RECV] A
[06:44:37:658]	[RECV] O
[06:44:37:662]	[SEND] STATUS
[06:44:37:714]	[RECV] A
[06:44:37:715]	[RECV] S7350142B
[06:44:37:716]	[OPER] End> Clamp, Result : Completed
[06:44:37:902]	[OPER] Start> Load
[06:44:37:902]	[SEND] RESET
[06:44:37:945]	[RECV] A
[06:44:37:946]	[RECV] O
[06:44:37:950]	[SEND] CFG_SLOTS
[06:44:37:997]	[RECV] A
[06:44:37:998]	[RECV] 13
[06:44:38:002]	[SEND] LOAD O
[06:44:38:044]	[RECV] A
[06:44:49:839]	[RECV] M00000000,00000000,00000000
[06:44:49:842]	[SEND] STATUS
[06:44:49:895]	[RECV] A
[06:44:49:896]	[RECV] S33500C27
[06:44:49:898]	[OPER] End> Load, Result : Completed
[06:55:19:170]	[OPER] Start> Unload
[06:55:19:170]	[SEND] RESET
[06:55:19:213]	[RECV] A
[06:55:19:214]	[RECV] O
[06:55:19:217]	[SEND] CFG_SLOTS
[06:55:19:266]	[RECV] A
[06:55:19:267]	[RECV] 13
[06:55:19:271]	[SEND] UNLOAD O
[06:55:19:314]	[RECV] A
[06:55:26:483]	[RECV] M00000000,00000000,00000000
[06:55:26:487]	[SEND] STATUS
[06:55:26:540]	[RECV] A
[06:55:26:541]	[RECV] S7350142B
[06:55:26:542]	[OPER] End> Unload, Result : Completed
[06:55:28:558]	[OPER] Start> Clamp
[06:55:28:558]	[SEND] RESET
[06:55:28:601]	[RECV] A
[06:55:28:602]	[RECV] O
[06:55:28:606]	[SEND] POD_LOCK ON
[06:55:28:659]	[RECV] A
[06:55:28:660]	[RECV] O
[06:55:28:663]	[SEND] STATUS
[06:55:28:715]	[RECV] A
[06:55:28:716]	[RECV] S7350142B
[06:55:28:718]	[OPER] End> Clamp, Result : Completed
[06:55:28:903]	[OPER] Start> Load
[06:55:28:903]	[SEND] RESET
[06:55:28:946]	[RECV] A
[06:55:28:947]	[RECV] O
[06:55:28:951]	[SEND] CFG_SLOTS
[06:55:29:000]	[RECV] A
[06:55:29:001]	[RECV] 13
[06:55:29:004]	[SEND] LOAD O
[06:55:29:046]	[RECV] A
[06:55:40:843]	[RECV] M00000000,00000000,00000000
[06:55:40:846]	[SEND] STATUS
[06:55:40:898]	[RECV] A
[06:55:40:899]	[RECV] S33500C27
[06:55:40:901]	[OPER] End> Load, Result : Completed
[07:07:12:997]	[OPER] Start> Unload
[07:07:12:997]	[SEND] RESET
[07:07:13:040]	[RECV] A
[07:07:13:041]	[RECV] O
[07:07:13:044]	[SEND] CFG_SLOTS
[07:07:13:092]	[RECV] A
[07:07:13:093]	[RECV] 13
[07:07:13:096]	[SEND] UNLOAD O
[07:07:13:140]	[RECV] A
[07:07:20:307]	[RECV] M00000000,00000000,00000000
[07:07:20:311]	[SEND] STATUS
[07:07:20:363]	[RECV] A
[07:07:20:364]	[RECV] S7350142B
[07:07:20:365]	[OPER] End> Unload, Result : Completed
[07:07:22:382]	[OPER] Start> Clamp
[07:07:22:382]	[SEND] RESET
[07:07:22:425]	[RECV] A
[07:07:22:426]	[RECV] O
[07:07:22:429]	[SEND] POD_LOCK ON
[07:07:22:480]	[RECV] A
[07:07:22:481]	[RECV] O
[07:07:22:484]	[SEND] STATUS
[07:07:22:536]	[RECV] A
[07:07:22:537]	[RECV] S7350142B
[07:07:22:538]	[OPER] End> Clamp, Result : Completed
[07:07:22:727]	[OPER] Start> Load
[07:07:22:727]	[SEND] RESET
[07:07:22:770]	[RECV] A
[07:07:22:771]	[RECV] O
[07:07:22:775]	[SEND] CFG_SLOTS
[07:07:22:823]	[RECV] A
[07:07:22:824]	[RECV] 13
[07:07:22:827]	[SEND] LOAD O
[07:07:22:869]	[RECV] A
[07:07:34:665]	[RECV] M00000000,00000000,00000000
[07:07:34:669]	[SEND] STATUS
[07:07:34:722]	[RECV] A
[07:07:34:723]	[RECV] S33500C27
[07:07:34:725]	[OPER] End> Load, Result : Completed
[07:18:00:467]	[OPER] Start> Unload
[07:18:00:467]	[SEND] RESET
[07:18:00:510]	[RECV] A
[07:18:00:511]	[RECV] O
[07:18:00:514]	[SEND] CFG_SLOTS
[07:18:00:562]	[RECV] A
[07:18:00:563]	[RECV] 13
[07:18:00:566]	[SEND] UNLOAD O
[07:18:00:609]	[RECV] A
[07:18:07:776]	[RECV] M00000000,00000000,00000000
[07:18:07:780]	[SEND] STATUS
[07:18:07:832]	[RECV] A
[07:18:07:833]	[RECV] S7350142B
[07:18:07:835]	[OPER] End> Unload, Result : Completed
[07:18:09:850]	[OPER] Start> Clamp
[07:18:09:850]	[SEND] RESET
[07:18:09:893]	[RECV] A
[07:18:09:895]	[RECV] O
[07:18:09:898]	[SEND] POD_LOCK ON
[07:18:09:950]	[RECV] A
[07:18:09:952]	[RECV] O
[07:18:09:956]	[SEND] STATUS
[07:18:10:007]	[RECV] A
[07:18:10:008]	[RECV] S7350142B
[07:18:10:009]	[OPER] End> Clamp, Result : Completed
[07:18:10:195]	[OPER] Start> Load
[07:18:10:195]	[SEND] RESET
[07:18:10:238]	[RECV] A
[07:18:10:239]	[RECV] O
[07:18:10:242]	[SEND] CFG_SLOTS
[07:18:10:290]	[RECV] A
[07:18:10:291]	[RECV] 13
[07:18:10:295]	[SEND] LOAD O
[07:18:10:337]	[RECV] A
[07:18:22:135]	[RECV] M00000000,00000000,00000000
[07:18:22:138]	[SEND] STATUS
[07:18:22:189]	[RECV] A
[07:18:22:190]	[RECV] S33500C27
[07:18:22:191]	[OPER] End> Load, Result : Completed
[07:29:56:012]	[OPER] Start> Unload
[07:29:56:012]	[SEND] RESET
[07:29:56:056]	[RECV] A
[07:29:56:057]	[RECV] O
[07:29:56:060]	[SEND] CFG_SLOTS
[07:29:56:109]	[RECV] A
[07:29:56:110]	[RECV] 13
[07:29:56:113]	[SEND] UNLOAD O
[07:29:56:157]	[RECV] A
[07:30:03:314]	[RECV] M00000000,00000000,00000000
[07:30:03:318]	[SEND] STATUS
[07:30:03:368]	[RECV] A
[07:30:03:369]	[RECV] S7350142B
[07:30:03:370]	[OPER] End> Unload, Result : Completed
[07:30:05:386]	[OPER] Start> Clamp
[07:30:05:386]	[SEND] RESET
[07:30:05:428]	[RECV] A
[07:30:05:429]	[RECV] O
[07:30:05:432]	[SEND] POD_LOCK ON
[07:30:05:485]	[RECV] A
[07:30:05:486]	[RECV] O
[07:30:05:490]	[SEND] STATUS
[07:30:05:543]	[RECV] A
[07:30:05:544]	[RECV] S7350142B
[07:30:05:546]	[OPER] End> Clamp, Result : Completed
[07:30:05:732]	[OPER] Start> Load
[07:30:05:732]	[SEND] RESET
[07:30:05:775]	[RECV] A
[07:30:05:776]	[RECV] O
[07:30:05:779]	[SEND] CFG_SLOTS
[07:30:05:827]	[RECV] A
[07:30:05:828]	[RECV] 13
[07:30:05:831]	[SEND] LOAD O
[07:30:05:874]	[RECV] A
[07:30:17:684]	[RECV] M00000000,00000000,00000000
[07:30:17:687]	[SEND] STATUS
[07:30:17:738]	[RECV] A
[07:30:17:739]	[RECV] S33500C27
[07:30:17:741]	[OPER] End> Load, Result : Completed
[07:39:54:197]	[OPER] Start> Unload
[07:39:54:197]	[SEND] RESET
[07:39:54:240]	[RECV] A
[07:39:54:241]	[RECV] O
[07:39:54:244]	[SEND] CFG_SLOTS
[07:39:54:292]	[RECV] A
[07:39:54:293]	[RECV] 13
[07:39:54:297]	[SEND] UNLOAD O
[07:39:54:341]	[RECV] A
[07:40:01:532]	[RECV] M00000000,00000000,00000000
[07:40:01:536]	[SEND] STATUS
[07:40:01:588]	[RECV] A
[07:40:01:589]	[RECV] S7350142B
[07:40:01:590]	[OPER] End> Unload, Result : Completed
[07:40:03:605]	[OPER] Start> Clamp
[07:40:03:605]	[SEND] RESET
[07:40:03:648]	[RECV] A
[07:40:03:649]	[RECV] O
[07:40:03:653]	[SEND] POD_LOCK ON
[07:40:03:705]	[RECV] A
[07:40:03:706]	[RECV] O
[07:40:03:709]	[SEND] STATUS
[07:40:03:762]	[RECV] A
[07:40:03:763]	[RECV] S7350142B
[07:40:03:763]	[OPER] End> Clamp, Result : Completed
[07:40:03:950]	[OPER] Start> Load
[07:40:03:950]	[SEND] RESET
[07:40:03:992]	[RECV] A
[07:40:03:993]	[RECV] O
[07:40:03:996]	[SEND] CFG_SLOTS
[07:40:04:043]	[RECV] A
[07:40:04:044]	[RECV] 13
[07:40:04:048]	[SEND] LOAD O
[07:40:04:090]	[RECV] A
[07:40:15:920]	[RECV] M00000000,00000000,00000000
[07:40:15:924]	[SEND] STATUS
[07:40:15:976]	[RECV] A
[07:40:15:977]	[RECV] S33500C27
[07:40:15:978]	[OPER] End> Load, Result : Completed
[07:51:43:644]	[OPER] Start> Unload
[07:51:43:644]	[SEND] RESET
[07:51:43:686]	[RECV] A
[07:51:43:687]	[RECV] O
[07:51:43:692]	[SEND] CFG_SLOTS
[07:51:43:741]	[RECV] A
[07:51:43:742]	[RECV] 13
[07:51:43:745]	[SEND] UNLOAD O
[07:51:43:788]	[RECV] A
[07:51:50:957]	[RECV] M00000000,00000000,00000000
[07:51:50:961]	[SEND] STATUS
[07:51:51:014]	[RECV] A
[07:51:51:015]	[RECV] S7350142B
[07:51:51:017]	[OPER] End> Unload, Result : Completed
[07:51:53:032]	[OPER] Start> Clamp
[07:51:53:032]	[SEND] RESET
[07:51:53:074]	[RECV] A
[07:51:53:075]	[RECV] O
[07:51:53:078]	[SEND] POD_LOCK ON
[07:51:53:130]	[RECV] A
[07:51:53:131]	[RECV] O
[07:51:53:135]	[SEND] STATUS
[07:51:53:188]	[RECV] A
[07:51:53:189]	[RECV] S7350142B
[07:51:53:191]	[OPER] End> Clamp, Result : Completed
[07:51:53:379]	[OPER] Start> Load
[07:51:53:379]	[SEND] RESET
[07:51:53:421]	[RECV] A
[07:51:53:422]	[RECV] O
[07:51:53:427]	[SEND] CFG_SLOTS
[07:51:53:474]	[RECV] A
[07:51:53:475]	[RECV] 13
[07:51:53:478]	[SEND] LOAD O
[07:51:53:519]	[RECV] A
[07:52:05:328]	[RECV] M00000000,00000000,00000000
[07:52:05:331]	[SEND] STATUS
[07:52:05:382]	[RECV] A
[07:52:05:383]	[RECV] S33500C27
[07:52:05:384]	[OPER] End> Load, Result : Completed
[08:03:44:774]	[OPER] Start> Unload
[08:03:44:774]	[SEND] RESET
[08:03:44:816]	[RECV] A
[08:03:44:817]	[RECV] O
[08:03:44:820]	[SEND] CFG_SLOTS
[08:03:44:868]	[RECV] A
[08:03:44:869]	[RECV] 13
[08:03:44:872]	[SEND] UNLOAD O
[08:03:44:915]	[RECV] A
[08:03:52:083]	[RECV] M00000000,00000000,00000000
[08:03:52:087]	[SEND] STATUS
[08:03:52:140]	[RECV] A
[08:03:52:141]	[RECV] S7350142B
[08:03:52:142]	[OPER] End> Unload, Result : Completed
[08:03:54:158]	[OPER] Start> Clamp
[08:03:54:158]	[SEND] RESET
[08:03:54:200]	[RECV] A
[08:03:54:201]	[RECV] O
[08:03:54:204]	[SEND] POD_LOCK ON
[08:03:54:255]	[RECV] A
[08:03:54:256]	[RECV] O
[08:03:54:260]	[SEND] STATUS
[08:03:54:312]	[RECV] A
[08:03:54:313]	[RECV] S7350142B
[08:03:54:315]	[OPER] End> Clamp, Result : Completed
[08:03:54:503]	[OPER] Start> Load
[08:03:54:503]	[SEND] RESET
[08:03:54:545]	[RECV] A
[08:03:54:546]	[RECV] O
[08:03:54:549]	[SEND] CFG_SLOTS
[08:03:54:596]	[RECV] A
[08:03:54:597]	[RECV] 13
[08:03:54:601]	[SEND] LOAD O
[08:03:54:642]	[RECV] A
[08:04:06:447]	[RECV] M00000000,00000000,00000000
[08:04:06:450]	[SEND] STATUS
[08:04:06:502]	[RECV] A
[08:04:06:503]	[RECV] S33500C27
[08:04:06:504]	[OPER] End> Load, Result : Completed
[08:15:01:830]	[OPER] Start> Unload
[08:15:01:830]	[SEND] RESET
[08:15:01:874]	[RECV] A
[08:15:01:875]	[RECV] O
[08:15:01:878]	[SEND] CFG_SLOTS
[08:15:01:926]	[RECV] A
[08:15:01:927]	[RECV] 13
[08:15:01:930]	[SEND] UNLOAD O
[08:15:01:974]	[RECV] A
[08:15:09:136]	[RECV] M00000000,00000000,00000000
[08:15:09:140]	[SEND] STATUS
[08:15:09:192]	[RECV] A
[08:15:09:193]	[RECV] S7350142B
[08:15:09:195]	[OPER] End> Unload, Result : Completed
[08:15:11:212]	[OPER] Start> Clamp
[08:15:11:212]	[SEND] RESET
[08:15:11:255]	[RECV] A
[08:15:11:256]	[RECV] O
[08:15:11:260]	[SEND] POD_LOCK ON
[08:15:11:313]	[RECV] A
[08:15:11:314]	[RECV] O
[08:15:11:317]	[SEND] STATUS
[08:15:11:368]	[RECV] A
[08:15:11:369]	[RECV] S7350142B
[08:15:11:371]	[OPER] End> Clamp, Result : Completed
[08:15:11:557]	[OPER] Start> Load
[08:15:11:557]	[SEND] RESET
[08:15:11:601]	[RECV] A
[08:15:11:602]	[RECV] O
[08:15:11:605]	[SEND] CFG_SLOTS
[08:15:11:653]	[RECV] A
[08:15:11:655]	[RECV] 13
[08:15:11:658]	[SEND] LOAD O
[08:15:11:699]	[RECV] A
[08:15:23:495]	[RECV] M00000000,00000000,00000000
[08:15:23:499]	[SEND] STATUS
[08:15:23:552]	[RECV] A
[08:15:23:553]	[RECV] S33500C27
[08:15:23:555]	[OPER] End> Load, Result : Completed
[08:26:45:798]	[OPER] Start> Unload
[08:26:45:798]	[SEND] RESET
[08:26:45:840]	[RECV] A
[08:26:45:841]	[RECV] O
[08:26:45:844]	[SEND] CFG_SLOTS
[08:26:45:891]	[RECV] A
[08:26:45:892]	[RECV] 13
[08:26:45:895]	[SEND] UNLOAD O
[08:26:45:939]	[RECV] A
[08:26:53:105]	[RECV] M00000000,00000000,00000000
[08:26:53:108]	[SEND] STATUS
[08:26:53:160]	[RECV] A
[08:26:53:161]	[RECV] S7350142B
[08:26:53:162]	[OPER] End> Unload, Result : Completed
[08:26:55:177]	[OPER] Start> Clamp
[08:26:55:177]	[SEND] RESET
[08:26:55:220]	[RECV] A
[08:26:55:221]	[RECV] O
[08:26:55:224]	[SEND] POD_LOCK ON
[08:26:55:277]	[RECV] A
[08:26:55:278]	[RECV] O
[08:26:55:282]	[SEND] STATUS
[08:26:55:335]	[RECV] A
[08:26:55:336]	[RECV] S7350142B
[08:26:55:338]	[OPER] End> Clamp, Result : Completed
[08:26:55:523]	[OPER] Start> Load
[08:26:55:523]	[SEND] RESET
[08:26:55:566]	[RECV] A
[08:26:55:567]	[RECV] O
[08:26:55:569]	[SEND] CFG_SLOTS
[08:26:55:617]	[RECV] A
[08:26:55:618]	[RECV] 13
[08:26:55:621]	[SEND] LOAD O
[08:26:55:663]	[RECV] A
[08:27:07:460]	[RECV] M00000000,00000000,00000000
[08:27:07:463]	[SEND] STATUS
[08:27:07:515]	[RECV] A
[08:27:07:516]	[RECV] S33500C27
[08:27:07:517]	[OPER] End> Load, Result : Completed
[08:35:32:164]	[OPER] Start> Unload
[08:35:32:164]	[SEND] RESET
[08:35:32:210]	[RECV] A
[08:35:32:211]	[RECV] O
[08:35:32:215]	[SEND] CFG_SLOTS
[08:35:32:265]	[RECV] A
[08:35:32:266]	[RECV] 13
[08:35:32:270]	[SEND] UNLOAD O
[08:35:32:313]	[RECV] A
[08:35:39:507]	[RECV] M00000000,00000000,00000000
[08:35:39:511]	[SEND] STATUS
[08:35:39:563]	[RECV] A
[08:35:39:564]	[RECV] S7350142B
[08:35:39:565]	[OPER] End> Unload, Result : Completed
[15:58:24:930]	[RECV] C01000000
[16:00:14:523]	[OPER] ----- Initialize -----
[16:00:14:523]	[SEND] RESET
[16:00:14:569]	[RECV] A
[16:00:14:570]	[RECV] O
[16:00:14:572]	[SEND] HOM
[16:00:14:612]	[RECV] A
[16:00:26:444]	[RECV] O
[16:00:26:447]	[SEND] STATUS
[16:00:26:499]	[RECV] A
[16:00:26:500]	[RECV] S7350142B
[16:00:26:501]	[OPER] ----- Result : Completed, Description : 
[16:00:26:502]	[OPER] ----- ChangeToCassette -----
[16:00:26:502]	[SEND] RESET
[16:00:26:544]	[RECV] A
[16:00:26:545]	[RECV] O
[16:00:26:548]	[SEND] OC_MODE ON
[16:00:26:596]	[RECV] A
[16:00:26:597]	[RECV] O
[16:00:26:600]	[SEND] STATUS
[16:00:26:652]	[RECV] A
[16:00:26:653]	[RECV] S7350142B
[16:00:26:654]	[OPER] ----- Result : Completed, Description : 
[16:06:53:016]	[RECV] C01000000
[16:10:54:918]	[RECV] C00010000
[16:10:54:919]	[RECV] C00000010
[16:17:07:216]	[RECV] C01000000
[16:18:00:108]	[RECV] C00010000
[16:18:00:109]	[RECV] C00000010
[16:18:43:611]	[RECV] C00010000
[16:18:43:612]	[RECV] C00000010
